========================================================================= 
Log Path: output/12/no2/log/pulvirus_no2_12_IT0885A.log 
Working Directory: /home/rmorelli/R/pulvirus/analisi/GAM/scelta 
User Name: rmorelli 
R Version: 4.0.5 (2021-03-31) 
Machine: pasqualino x86_64 
Operating System: Linux 4.19.0-13-amd64 #1 SMP Debian 4.19.160-2 (2020-11-28) 
Log Start Time: 2021-05-11 11:32:44 
========================================================================= 

Stazione: IT0885A 

---------- START ---------- 

                                            IT0885A
gam(log(value) ~ s(t2m), data = .)         2559.262
gam(log(value) ~ s(tmin2m), data = .)      2572.706
gam(log(value) ~ s(tmax2m), data = .)      2592.839
gam(log(value) ~ s(tp), data = .)          2541.460
gam(log(value) ~ s(ptp), data = .)         2621.582
gam(log(value) ~ s(rh), data = .)          2611.442
gam(log(value) ~ s(u10m), data = .)        2550.030
gam(log(value) ~ s(v10m), data = .)        1967.215
gam(log(value) ~ s(sp), data = .)          2370.862
gam(log(value) ~ s(nirradiance), data = .) 2573.691
gam(log(value) ~ s(pbl00), data = .)       2485.849
gam(log(value) ~ s(pbl12), data = .)       2362.821
gam(log(value) ~ s(pblmin), data = .)      2390.930
gam(log(value) ~ s(pblmax), data = .)      2435.333
gam(log(value) ~ s(wdir), data = .)        2343.219
gam(log(value) ~ s(wspeed), data = .)      2262.650
gam(log(value) ~ s(pwspeed), data = .)     2628.119
gam(log(value) ~ s(jd), data = .)          2481.416

Modello migliore: v10m 

Variabile scelta v10m con AIC 1967.21532687125  

---------- START ---------- 

                                                      IT0885A
gam(log(value) ~ s(t2m) + s(v10m), data = .)         1871.749
gam(log(value) ~ s(tmin2m) + s(v10m), data = .)      1875.767
gam(log(value) ~ s(tmax2m) + s(v10m), data = .)      1869.761
gam(log(value) ~ s(tp) + s(v10m), data = .)          1955.681
gam(log(value) ~ s(ptp) + s(v10m), data = .)         1966.553
gam(log(value) ~ s(rh) + s(v10m), data = .)          1965.213
gam(log(value) ~ s(u10m) + s(v10m), data = .)        1946.751
gam(log(value) ~ s(v10m) + s(v10m), data = .)        1967.215
gam(log(value) ~ s(sp) + s(v10m), data = .)          1765.665
gam(log(value) ~ s(nirradiance) + s(v10m), data = .) 1751.032
gam(log(value) ~ s(pbl00) + s(v10m), data = .)       1956.322
gam(log(value) ~ s(pbl12) + s(v10m), data = .)       1960.450
gam(log(value) ~ s(pblmin) + s(v10m), data = .)      1965.778
gam(log(value) ~ s(pblmax) + s(v10m), data = .)      1966.295
gam(log(value) ~ s(wdir) + s(v10m), data = .)        1941.832
gam(log(value) ~ s(wspeed) + s(v10m), data = .)      1954.930
gam(log(value) ~ s(pwspeed) + s(v10m), data = .)     1961.858
gam(log(value) ~ s(jd) + s(v10m), data = .)          1602.120

Modello migliore: jd - v10m 

Variabile scelta jd con AIC 1602.11960913415  

Modelli BACKWARD 

                                                    IT0885A
gam(log(value) ~ s(t2m) + s(jd), data = .)         2405.473
gam(log(value) ~ s(tmin2m) + s(jd), data = .)      2429.350
gam(log(value) ~ s(tmax2m) + s(jd), data = .)      2411.619
gam(log(value) ~ s(tp) + s(jd), data = .)          2330.423
gam(log(value) ~ s(ptp) + s(jd), data = .)         2439.767
gam(log(value) ~ s(rh) + s(jd), data = .)          2429.496
gam(log(value) ~ s(u10m) + s(jd), data = .)        2270.386
gam(log(value) ~ s(sp) + s(jd), data = .)          2226.298
gam(log(value) ~ s(nirradiance) + s(jd), data = .) 2400.575
gam(log(value) ~ s(pbl00) + s(jd), data = .)       2163.768
gam(log(value) ~ s(pbl12) + s(jd), data = .)       1936.406
gam(log(value) ~ s(pblmin) + s(jd), data = .)      1953.437
gam(log(value) ~ s(pblmax) + s(jd), data = .)      2011.913
gam(log(value) ~ s(wdir) + s(jd), data = .)        2157.745
gam(log(value) ~ s(wspeed) + s(jd), data = .)      1858.280
gam(log(value) ~ s(pwspeed) + s(jd), data = .)     2430.453

Modello migliore: wspeed - jd 

Dati backward:  1858.27971059561::wspeed::jd 

Scelgo il modello N 

---------- START ---------- 

                                                              IT0885A
gam(log(value) ~ s(t2m) + s(v10m) + s(jd), data = .)         1593.152
gam(log(value) ~ s(tmin2m) + s(v10m) + s(jd), data = .)      1593.924
gam(log(value) ~ s(tmax2m) + s(v10m) + s(jd), data = .)      1586.380
gam(log(value) ~ s(tp) + s(v10m) + s(jd), data = .)          1563.095
gam(log(value) ~ s(ptp) + s(v10m) + s(jd), data = .)         1592.399
gam(log(value) ~ s(rh) + s(v10m) + s(jd), data = .)          1589.108
gam(log(value) ~ s(u10m) + s(v10m) + s(jd), data = .)        1556.266
gam(log(value) ~ s(sp) + s(v10m) + s(jd), data = .)          1476.289
gam(log(value) ~ s(nirradiance) + s(v10m) + s(jd), data = .) 1540.493
gam(log(value) ~ s(pbl00) + s(v10m) + s(jd), data = .)       1546.193
gam(log(value) ~ s(pbl12) + s(v10m) + s(jd), data = .)       1520.442
gam(log(value) ~ s(pblmin) + s(v10m) + s(jd), data = .)      1521.609
gam(log(value) ~ s(pblmax) + s(v10m) + s(jd), data = .)      1513.486
gam(log(value) ~ s(wdir) + s(v10m) + s(jd), data = .)        1585.423
gam(log(value) ~ s(wspeed) + s(v10m) + s(jd), data = .)      1554.167
gam(log(value) ~ s(pwspeed) + s(v10m) + s(jd), data = .)     1604.023

Modello migliore: sp - v10m - jd 

Variabile scelta sp con AIC 1476.28855841273  

Modelli BACKWARD 

                                                              IT0885A
gam(log(value) ~ s(t2m) + s(v10m) + s(sp), data = .)         1724.725
gam(log(value) ~ s(tmin2m) + s(v10m) + s(sp), data = .)      1734.729
gam(log(value) ~ s(tmax2m) + s(v10m) + s(sp), data = .)      1713.887
gam(log(value) ~ s(tp) + s(v10m) + s(sp), data = .)          1767.342
gam(log(value) ~ s(ptp) + s(v10m) + s(sp), data = .)         1764.480
gam(log(value) ~ s(rh) + s(v10m) + s(sp), data = .)          1759.838
gam(log(value) ~ s(u10m) + s(v10m) + s(sp), data = .)        1762.007
gam(log(value) ~ s(nirradiance) + s(v10m) + s(sp), data = .) 1628.501
gam(log(value) ~ s(pbl00) + s(v10m) + s(sp), data = .)       1748.399
gam(log(value) ~ s(pbl12) + s(v10m) + s(sp), data = .)       1765.516
gam(log(value) ~ s(pblmin) + s(v10m) + s(sp), data = .)      1763.562
gam(log(value) ~ s(pblmax) + s(v10m) + s(sp), data = .)      1754.970
gam(log(value) ~ s(wdir) + s(v10m) + s(sp), data = .)        1761.557
gam(log(value) ~ s(wspeed) + s(v10m) + s(sp), data = .)      1756.426
gam(log(value) ~ s(pwspeed) + s(v10m) + s(sp), data = .)     1752.580

Modello migliore: nirradiance - v10m - sp 

Dati backward:  1628.50084590256::nirradiance::v10m::sp 

Scelgo il modello N 

---------- START ---------- 

                                                                      IT0885A
gam(log(value) ~ s(t2m) + s(v10m) + s(jd) + s(sp), data = .)         1473.957
gam(log(value) ~ s(tmin2m) + s(v10m) + s(jd) + s(sp), data = .)      1476.183
gam(log(value) ~ s(tmax2m) + s(v10m) + s(jd) + s(sp), data = .)      1466.005
gam(log(value) ~ s(tp) + s(v10m) + s(jd) + s(sp), data = .)          1474.239
gam(log(value) ~ s(ptp) + s(v10m) + s(jd) + s(sp), data = .)         1477.679
gam(log(value) ~ s(rh) + s(v10m) + s(jd) + s(sp), data = .)          1466.941
gam(log(value) ~ s(u10m) + s(v10m) + s(jd) + s(sp), data = .)        1449.676
gam(log(value) ~ s(nirradiance) + s(v10m) + s(jd) + s(sp), data = .) 1420.219
gam(log(value) ~ s(pbl00) + s(v10m) + s(jd) + s(sp), data = .)       1442.882
gam(log(value) ~ s(pbl12) + s(v10m) + s(jd) + s(sp), data = .)       1434.042
gam(log(value) ~ s(pblmin) + s(v10m) + s(jd) + s(sp), data = .)      1429.269
gam(log(value) ~ s(pblmax) + s(v10m) + s(jd) + s(sp), data = .)      1432.265
gam(log(value) ~ s(wdir) + s(v10m) + s(jd) + s(sp), data = .)        1465.601
gam(log(value) ~ s(wspeed) + s(v10m) + s(jd) + s(sp), data = .)      1453.392
gam(log(value) ~ s(pwspeed) + s(v10m) + s(jd) + s(sp), data = .)     1474.672

Modello migliore: nirradiance - v10m - jd - sp 

Variabile scelta nirradiance con AIC 1420.21940631504  

Modelli BACKWARD 

                                                                           IT0885A
gam(log(value) ~ s(t2m) + s(v10m) + s(jd) + s(nirradiance), data = .)     1536.326
gam(log(value) ~ s(tmin2m) + s(v10m) + s(jd) + s(nirradiance), data = .)  1537.213
gam(log(value) ~ s(tmax2m) + s(v10m) + s(jd) + s(nirradiance), data = .)  1528.089
gam(log(value) ~ s(tp) + s(v10m) + s(jd) + s(nirradiance), data = .)      1483.708
gam(log(value) ~ s(ptp) + s(v10m) + s(jd) + s(nirradiance), data = .)     1529.941
gam(log(value) ~ s(rh) + s(v10m) + s(jd) + s(nirradiance), data = .)      1526.969
gam(log(value) ~ s(u10m) + s(v10m) + s(jd) + s(nirradiance), data = .)    1491.898
gam(log(value) ~ s(pbl00) + s(v10m) + s(jd) + s(nirradiance), data = .)   1477.963
gam(log(value) ~ s(pbl12) + s(v10m) + s(jd) + s(nirradiance), data = .)   1450.730
gam(log(value) ~ s(pblmin) + s(v10m) + s(jd) + s(nirradiance), data = .)  1448.451
gam(log(value) ~ s(pblmax) + s(v10m) + s(jd) + s(nirradiance), data = .)  1432.117
gam(log(value) ~ s(wdir) + s(v10m) + s(jd) + s(nirradiance), data = .)    1517.055
gam(log(value) ~ s(wspeed) + s(v10m) + s(jd) + s(nirradiance), data = .)  1488.360
gam(log(value) ~ s(pwspeed) + s(v10m) + s(jd) + s(nirradiance), data = .) 1541.729

Modello migliore: pblmax - v10m - jd - nirradiance 

Dati backward:  1432.11692107044::pblmax::v10m::jd::nirradiance 

Scelgo il modello N 

---------- START ---------- 

                                                                                   IT0885A
gam(log(value) ~ s(t2m) + s(v10m) + s(jd) + s(sp) + s(nirradiance), data = .)     1416.972
gam(log(value) ~ s(tmin2m) + s(v10m) + s(jd) + s(sp) + s(nirradiance), data = .)  1419.157
gam(log(value) ~ s(tmax2m) + s(v10m) + s(jd) + s(sp) + s(nirradiance), data = .)  1410.055
gam(log(value) ~ s(tp) + s(v10m) + s(jd) + s(sp) + s(nirradiance), data = .)      1405.032
gam(log(value) ~ s(ptp) + s(v10m) + s(jd) + s(sp) + s(nirradiance), data = .)     1422.187
gam(log(value) ~ s(rh) + s(v10m) + s(jd) + s(sp) + s(nirradiance), data = .)      1406.436
gam(log(value) ~ s(u10m) + s(v10m) + s(jd) + s(sp) + s(nirradiance), data = .)    1382.676
gam(log(value) ~ s(pbl00) + s(v10m) + s(jd) + s(sp) + s(nirradiance), data = .)   1377.174
gam(log(value) ~ s(pbl12) + s(v10m) + s(jd) + s(sp) + s(nirradiance), data = .)   1364.076
gam(log(value) ~ s(pblmin) + s(v10m) + s(jd) + s(sp) + s(nirradiance), data = .)  1355.730
gam(log(value) ~ s(pblmax) + s(v10m) + s(jd) + s(sp) + s(nirradiance), data = .)  1352.622
gam(log(value) ~ s(wdir) + s(v10m) + s(jd) + s(sp) + s(nirradiance), data = .)    1401.404
gam(log(value) ~ s(wspeed) + s(v10m) + s(jd) + s(sp) + s(nirradiance), data = .)  1392.194
gam(log(value) ~ s(pwspeed) + s(v10m) + s(jd) + s(sp) + s(nirradiance), data = .) 1420.765

Modello migliore: pblmax - v10m - jd - sp - nirradiance 

Variabile scelta pblmax con AIC 1352.62224506247  

Modelli BACKWARD 

                                                                              IT0885A
gam(log(value) ~ s(t2m) + s(v10m) + s(jd) + s(sp) + s(pblmax), data = .)     1423.115
gam(log(value) ~ s(tmin2m) + s(v10m) + s(jd) + s(sp) + s(pblmax), data = .)  1428.220
gam(log(value) ~ s(tmax2m) + s(v10m) + s(jd) + s(sp) + s(pblmax), data = .)  1416.628
gam(log(value) ~ s(tp) + s(v10m) + s(jd) + s(sp) + s(pblmax), data = .)      1433.422
gam(log(value) ~ s(ptp) + s(v10m) + s(jd) + s(sp) + s(pblmax), data = .)     1432.983
gam(log(value) ~ s(rh) + s(v10m) + s(jd) + s(sp) + s(pblmax), data = .)      1421.874
gam(log(value) ~ s(u10m) + s(v10m) + s(jd) + s(sp) + s(pblmax), data = .)    1409.132
gam(log(value) ~ s(pbl00) + s(v10m) + s(jd) + s(sp) + s(pblmax), data = .)   1419.539
gam(log(value) ~ s(pbl12) + s(v10m) + s(jd) + s(sp) + s(pblmax), data = .)   1422.512
gam(log(value) ~ s(pblmin) + s(v10m) + s(jd) + s(sp) + s(pblmax), data = .)  1420.641
gam(log(value) ~ s(wdir) + s(v10m) + s(jd) + s(sp) + s(pblmax), data = .)    1424.702
gam(log(value) ~ s(wspeed) + s(v10m) + s(jd) + s(sp) + s(pblmax), data = .)  1407.766
gam(log(value) ~ s(pwspeed) + s(v10m) + s(jd) + s(sp) + s(pblmax), data = .) 1428.327

Modello migliore: wspeed - v10m - jd - sp - pblmax 

Dati backward:  1407.76609208284::wspeed::v10m::jd::sp::pblmax 

Scelgo il modello N 

---------- START ---------- 

                                                                                               IT0885A
gam(log(value) ~ s(t2m) + s(v10m) + s(jd) + s(sp) + s(nirradiance) + s(pblmax), data = .)     1348.873
gam(log(value) ~ s(tmin2m) + s(v10m) + s(jd) + s(sp) + s(nirradiance) + s(pblmax), data = .)  1347.689
gam(log(value) ~ s(tmax2m) + s(v10m) + s(jd) + s(sp) + s(nirradiance) + s(pblmax), data = .)  1345.955
gam(log(value) ~ s(tp) + s(v10m) + s(jd) + s(sp) + s(nirradiance) + s(pblmax), data = .)      1340.746
gam(log(value) ~ s(ptp) + s(v10m) + s(jd) + s(sp) + s(nirradiance) + s(pblmax), data = .)     1354.444
gam(log(value) ~ s(rh) + s(v10m) + s(jd) + s(sp) + s(nirradiance) + s(pblmax), data = .)      1315.904
gam(log(value) ~ s(u10m) + s(v10m) + s(jd) + s(sp) + s(nirradiance) + s(pblmax), data = .)    1318.544
gam(log(value) ~ s(pbl00) + s(v10m) + s(jd) + s(sp) + s(nirradiance) + s(pblmax), data = .)   1339.411
gam(log(value) ~ s(pbl12) + s(v10m) + s(jd) + s(sp) + s(nirradiance) + s(pblmax), data = .)   1347.399
gam(log(value) ~ s(pblmin) + s(v10m) + s(jd) + s(sp) + s(nirradiance) + s(pblmax), data = .)  1336.258
gam(log(value) ~ s(wdir) + s(v10m) + s(jd) + s(sp) + s(nirradiance) + s(pblmax), data = .)    1338.462
gam(log(value) ~ s(wspeed) + s(v10m) + s(jd) + s(sp) + s(nirradiance) + s(pblmax), data = .)  1325.228
gam(log(value) ~ s(pwspeed) + s(v10m) + s(jd) + s(sp) + s(nirradiance) + s(pblmax), data = .) 1351.310

Modello migliore: rh - v10m - jd - sp - nirradiance - pblmax 

Variabile scelta rh con AIC 1315.90396354987  

Modelli BACKWARD 

                                                                                           IT0885A
gam(log(value) ~ s(t2m) + s(v10m) + s(jd) + s(sp) + s(nirradiance) + s(rh), data = .)     1401.243
gam(log(value) ~ s(tmin2m) + s(v10m) + s(jd) + s(sp) + s(nirradiance) + s(rh), data = .)  1401.958
gam(log(value) ~ s(tmax2m) + s(v10m) + s(jd) + s(sp) + s(nirradiance) + s(rh), data = .)  1396.353
gam(log(value) ~ s(tp) + s(v10m) + s(jd) + s(sp) + s(nirradiance) + s(rh), data = .)      1393.657
gam(log(value) ~ s(ptp) + s(v10m) + s(jd) + s(sp) + s(nirradiance) + s(rh), data = .)     1408.318
gam(log(value) ~ s(u10m) + s(v10m) + s(jd) + s(sp) + s(nirradiance) + s(rh), data = .)    1352.290
gam(log(value) ~ s(pbl00) + s(v10m) + s(jd) + s(sp) + s(nirradiance) + s(rh), data = .)   1354.684
gam(log(value) ~ s(pbl12) + s(v10m) + s(jd) + s(sp) + s(nirradiance) + s(rh), data = .)   1332.847
gam(log(value) ~ s(pblmin) + s(v10m) + s(jd) + s(sp) + s(nirradiance) + s(rh), data = .)  1315.372
gam(log(value) ~ s(wdir) + s(v10m) + s(jd) + s(sp) + s(nirradiance) + s(rh), data = .)    1384.253
gam(log(value) ~ s(wspeed) + s(v10m) + s(jd) + s(sp) + s(nirradiance) + s(rh), data = .)  1360.976
gam(log(value) ~ s(pwspeed) + s(v10m) + s(jd) + s(sp) + s(nirradiance) + s(rh), data = .) 1408.391

Modello migliore: pblmin - v10m - jd - sp - nirradiance - rh 

Dati backward:  1315.37155119413::pblmin::v10m::jd::sp::nirradiance::rh 

Scelgo il modello N 

---------- START ---------- 

                                                                                                       IT0885A
gam(log(value) ~ s(t2m) + s(v10m) + s(jd) + s(sp) + s(nirradiance) + s(pblmax) + s(rh), data = .)     1300.844
gam(log(value) ~ s(tmin2m) + s(v10m) + s(jd) + s(sp) + s(nirradiance) + s(pblmax) + s(rh), data = .)  1297.767
gam(log(value) ~ s(tmax2m) + s(v10m) + s(jd) + s(sp) + s(nirradiance) + s(pblmax) + s(rh), data = .)  1299.831
gam(log(value) ~ s(tp) + s(v10m) + s(jd) + s(sp) + s(nirradiance) + s(pblmax) + s(rh), data = .)      1307.874
gam(log(value) ~ s(ptp) + s(v10m) + s(jd) + s(sp) + s(nirradiance) + s(pblmax) + s(rh), data = .)     1317.104
gam(log(value) ~ s(u10m) + s(v10m) + s(jd) + s(sp) + s(nirradiance) + s(pblmax) + s(rh), data = .)    1262.609
gam(log(value) ~ s(pbl00) + s(v10m) + s(jd) + s(sp) + s(nirradiance) + s(pblmax) + s(rh), data = .)   1300.992
gam(log(value) ~ s(pbl12) + s(v10m) + s(jd) + s(sp) + s(nirradiance) + s(pblmax) + s(rh), data = .)   1309.973
gam(log(value) ~ s(pblmin) + s(v10m) + s(jd) + s(sp) + s(nirradiance) + s(pblmax) + s(rh), data = .)  1286.952
gam(log(value) ~ s(wdir) + s(v10m) + s(jd) + s(sp) + s(nirradiance) + s(pblmax) + s(rh), data = .)    1299.386
gam(log(value) ~ s(wspeed) + s(v10m) + s(jd) + s(sp) + s(nirradiance) + s(pblmax) + s(rh), data = .)  1274.715
gam(log(value) ~ s(pwspeed) + s(v10m) + s(jd) + s(sp) + s(nirradiance) + s(pblmax) + s(rh), data = .) 1317.951

Modello migliore: u10m - v10m - jd - sp - nirradiance - pblmax - rh 

Variabile scelta u10m con AIC 1262.60871498724  

Modelli BACKWARD 

                                                                                                         IT0885A
gam(log(value) ~ s(t2m) + s(v10m) + s(jd) + s(sp) + s(nirradiance) + s(pblmax) + s(u10m), data = .)     1314.216
gam(log(value) ~ s(tmin2m) + s(v10m) + s(jd) + s(sp) + s(nirradiance) + s(pblmax) + s(u10m), data = .)  1312.722
gam(log(value) ~ s(tmax2m) + s(v10m) + s(jd) + s(sp) + s(nirradiance) + s(pblmax) + s(u10m), data = .)  1312.299
gam(log(value) ~ s(tp) + s(v10m) + s(jd) + s(sp) + s(nirradiance) + s(pblmax) + s(u10m), data = .)      1304.787
gam(log(value) ~ s(ptp) + s(v10m) + s(jd) + s(sp) + s(nirradiance) + s(pblmax) + s(u10m), data = .)     1320.520
gam(log(value) ~ s(pbl00) + s(v10m) + s(jd) + s(sp) + s(nirradiance) + s(pblmax) + s(u10m), data = .)   1310.429
gam(log(value) ~ s(pbl12) + s(v10m) + s(jd) + s(sp) + s(nirradiance) + s(pblmax) + s(u10m), data = .)   1317.006
gam(log(value) ~ s(pblmin) + s(v10m) + s(jd) + s(sp) + s(nirradiance) + s(pblmax) + s(u10m), data = .)  1304.877
gam(log(value) ~ s(wdir) + s(v10m) + s(jd) + s(sp) + s(nirradiance) + s(pblmax) + s(u10m), data = .)    1303.550
gam(log(value) ~ s(wspeed) + s(v10m) + s(jd) + s(sp) + s(nirradiance) + s(pblmax) + s(u10m), data = .)  1317.282
gam(log(value) ~ s(pwspeed) + s(v10m) + s(jd) + s(sp) + s(nirradiance) + s(pblmax) + s(u10m), data = .) 1313.772

Modello migliore: wdir - v10m - jd - sp - nirradiance - pblmax - u10m 

Dati backward:  1303.54954693875::wdir::v10m::jd::sp::nirradiance::pblmax::u10m 

Scelgo il modello N 

---------- START ---------- 

                                                                                                                 IT0885A
gam(log(value) ~ s(t2m) + s(v10m) + s(jd) + s(sp) + s(nirradiance) + s(pblmax) + s(rh) + s(u10m), data = .)     1243.194
gam(log(value) ~ s(tmin2m) + s(v10m) + s(jd) + s(sp) + s(nirradiance) + s(pblmax) + s(rh) + s(u10m), data = .)  1237.954
gam(log(value) ~ s(tmax2m) + s(v10m) + s(jd) + s(sp) + s(nirradiance) + s(pblmax) + s(rh) + s(u10m), data = .)  1245.821
gam(log(value) ~ s(tp) + s(v10m) + s(jd) + s(sp) + s(nirradiance) + s(pblmax) + s(rh) + s(u10m), data = .)      1254.589
gam(log(value) ~ s(ptp) + s(v10m) + s(jd) + s(sp) + s(nirradiance) + s(pblmax) + s(rh) + s(u10m), data = .)     1264.248
gam(log(value) ~ s(pbl00) + s(v10m) + s(jd) + s(sp) + s(nirradiance) + s(pblmax) + s(rh) + s(u10m), data = .)   1249.276
gam(log(value) ~ s(pbl12) + s(v10m) + s(jd) + s(sp) + s(nirradiance) + s(pblmax) + s(rh) + s(u10m), data = .)   1256.057
gam(log(value) ~ s(pblmin) + s(v10m) + s(jd) + s(sp) + s(nirradiance) + s(pblmax) + s(rh) + s(u10m), data = .)  1236.033
gam(log(value) ~ s(wdir) + s(v10m) + s(jd) + s(sp) + s(nirradiance) + s(pblmax) + s(rh) + s(u10m), data = .)    1249.273
gam(log(value) ~ s(wspeed) + s(v10m) + s(jd) + s(sp) + s(nirradiance) + s(pblmax) + s(rh) + s(u10m), data = .)  1257.530
gam(log(value) ~ s(pwspeed) + s(v10m) + s(jd) + s(sp) + s(nirradiance) + s(pblmax) + s(rh) + s(u10m), data = .) 1262.837

Modello migliore: pblmin - v10m - jd - sp - nirradiance - pblmax - rh - u10m 

Variabile scelta pblmin con AIC 1236.03316237125  

Modelli BACKWARD 

                                                                                                                   IT0885A
gam(log(value) ~ s(t2m) + s(v10m) + s(jd) + s(sp) + s(nirradiance) + s(pblmax) + s(rh) + s(pblmin), data = .)     1272.777
gam(log(value) ~ s(tmin2m) + s(v10m) + s(jd) + s(sp) + s(nirradiance) + s(pblmax) + s(rh) + s(pblmin), data = .)  1271.107
gam(log(value) ~ s(tmax2m) + s(v10m) + s(jd) + s(sp) + s(nirradiance) + s(pblmax) + s(rh) + s(pblmin), data = .)  1272.079
gam(log(value) ~ s(tp) + s(v10m) + s(jd) + s(sp) + s(nirradiance) + s(pblmax) + s(rh) + s(pblmin), data = .)      1281.428
gam(log(value) ~ s(ptp) + s(v10m) + s(jd) + s(sp) + s(nirradiance) + s(pblmax) + s(rh) + s(pblmin), data = .)     1286.685
gam(log(value) ~ s(pbl00) + s(v10m) + s(jd) + s(sp) + s(nirradiance) + s(pblmax) + s(rh) + s(pblmin), data = .)   1278.977
gam(log(value) ~ s(pbl12) + s(v10m) + s(jd) + s(sp) + s(nirradiance) + s(pblmax) + s(rh) + s(pblmin), data = .)   1285.575
gam(log(value) ~ s(wdir) + s(v10m) + s(jd) + s(sp) + s(nirradiance) + s(pblmax) + s(rh) + s(pblmin), data = .)    1265.297
gam(log(value) ~ s(wspeed) + s(v10m) + s(jd) + s(sp) + s(nirradiance) + s(pblmax) + s(rh) + s(pblmin), data = .)  1247.838
gam(log(value) ~ s(pwspeed) + s(v10m) + s(jd) + s(sp) + s(nirradiance) + s(pblmax) + s(rh) + s(pblmin), data = .) 1287.448

Modello migliore: wspeed - v10m - jd - sp - nirradiance - pblmax - rh - pblmin 

Dati backward:  1247.83846027956::wspeed::v10m::jd::sp::nirradiance::pblmax::rh::pblmin 

Scelgo il modello N-1 

---------- START ---------- 

                                                                                                                 IT0885A
gam(log(value) ~ s(t2m) + s(v10m) + s(jd) + s(sp) + s(nirradiance) + s(pblmax) + s(rh) + s(u10m), data = .)     1243.194
gam(log(value) ~ s(tmin2m) + s(v10m) + s(jd) + s(sp) + s(nirradiance) + s(pblmax) + s(rh) + s(u10m), data = .)  1237.954
gam(log(value) ~ s(tmax2m) + s(v10m) + s(jd) + s(sp) + s(nirradiance) + s(pblmax) + s(rh) + s(u10m), data = .)  1245.821
gam(log(value) ~ s(tp) + s(v10m) + s(jd) + s(sp) + s(nirradiance) + s(pblmax) + s(rh) + s(u10m), data = .)      1254.589
gam(log(value) ~ s(ptp) + s(v10m) + s(jd) + s(sp) + s(nirradiance) + s(pblmax) + s(rh) + s(u10m), data = .)     1264.248
gam(log(value) ~ s(pbl00) + s(v10m) + s(jd) + s(sp) + s(nirradiance) + s(pblmax) + s(rh) + s(u10m), data = .)   1249.276
gam(log(value) ~ s(pbl12) + s(v10m) + s(jd) + s(sp) + s(nirradiance) + s(pblmax) + s(rh) + s(u10m), data = .)   1256.057
gam(log(value) ~ s(wdir) + s(v10m) + s(jd) + s(sp) + s(nirradiance) + s(pblmax) + s(rh) + s(u10m), data = .)    1249.273
gam(log(value) ~ s(wspeed) + s(v10m) + s(jd) + s(sp) + s(nirradiance) + s(pblmax) + s(rh) + s(u10m), data = .)  1257.530
gam(log(value) ~ s(pwspeed) + s(v10m) + s(jd) + s(sp) + s(nirradiance) + s(pblmax) + s(rh) + s(u10m), data = .) 1262.837

Modello migliore: tmin2m - v10m - jd - sp - nirradiance - pblmax - rh - u10m 

Variabile scelta tmin2m con AIC 1237.95356074528  

Fine per scelta MODELLO 

v10m + jd + sp + nirradiance + pblmax + rh + u10m 

---------------------- 

NOTE: Log Print Time:  2021-05-11 11:34:33 
NOTE: Elapsed Time in seconds: 1.82550277709961 

Fine per scelta MODELLO 

v10m + jd + sp + nirradiance + pblmax + rh + u10m 

---------------------- 

NOTE: Log Print Time:  2021-05-11 11:34:33 
NOTE: Elapsed Time in seconds: 0.00110864639282227 

Fine per scelta MODELLO 

v10m + jd + sp + nirradiance + pblmax + rh + u10m 

---------------------- 

NOTE: Log Print Time:  2021-05-11 11:34:33 
NOTE: Elapsed Time in seconds: 0.00100970268249512 

Fine per scelta MODELLO 

v10m + jd + sp + nirradiance + pblmax + rh + u10m 

---------------------- 

NOTE: Log Print Time:  2021-05-11 11:34:33 
NOTE: Elapsed Time in seconds: 0.00100922584533691 

Fine per scelta MODELLO 

v10m + jd + sp + nirradiance + pblmax + rh + u10m 

---------------------- 

NOTE: Log Print Time:  2021-05-11 11:34:33 
NOTE: Elapsed Time in seconds: 0.0010221004486084 

Fine per scelta MODELLO 

v10m + jd + sp + nirradiance + pblmax + rh + u10m 

---------------------- 

NOTE: Log Print Time:  2021-05-11 11:34:33 
NOTE: Elapsed Time in seconds: 0.00101280212402344 

Fine per scelta MODELLO 

v10m + jd + sp + nirradiance + pblmax + rh + u10m 

---------------------- 

NOTE: Log Print Time:  2021-05-11 11:34:33 
NOTE: Elapsed Time in seconds: 0.0010068416595459 

Fine per scelta MODELLO 

v10m + jd + sp + nirradiance + pblmax + rh + u10m 

---------------------- 

NOTE: Log Print Time:  2021-05-11 11:34:33 
NOTE: Elapsed Time in seconds: 0.00103330612182617 

========================================================================= 
Log End Time: 2021-05-11 11:34:33 
Log Elapsed Time: 0 00:00:01 
========================================================================= 
