========================================================================= 
Log Path: output/12/no2/log/pulvirus_no2_12_IT0884A.log 
Working Directory: /home/rmorelli/R/pulvirus/analisi/GAM/scelta 
User Name: rmorelli 
R Version: 4.0.5 (2021-03-31) 
Machine: pasqualino x86_64 
Operating System: Linux 4.19.0-13-amd64 #1 SMP Debian 4.19.160-2 (2020-11-28) 
Log Start Time: 2021-05-11 11:26:44 
========================================================================= 

Stazione: IT0884A 

---------- START ---------- 

                                            IT0884A
gam(log(value) ~ s(t2m), data = .)         2926.087
gam(log(value) ~ s(tmin2m), data = .)      2949.346
gam(log(value) ~ s(tmax2m), data = .)      2901.417
gam(log(value) ~ s(tp), data = .)          3015.635
gam(log(value) ~ s(ptp), data = .)         3019.322
gam(log(value) ~ s(rh), data = .)          2958.163
gam(log(value) ~ s(u10m), data = .)        2984.759
gam(log(value) ~ s(v10m), data = .)        2733.205
gam(log(value) ~ s(sp), data = .)          2977.686
gam(log(value) ~ s(nirradiance), data = .) 3018.450
gam(log(value) ~ s(pbl00), data = .)       2928.229
gam(log(value) ~ s(pbl12), data = .)       2975.122
gam(log(value) ~ s(pblmin), data = .)      2932.923
gam(log(value) ~ s(pblmax), data = .)      2965.935
gam(log(value) ~ s(wdir), data = .)        2876.398
gam(log(value) ~ s(wspeed), data = .)      2870.400
gam(log(value) ~ s(pwspeed), data = .)     2964.418
gam(log(value) ~ s(jd), data = .)          2683.493

Modello migliore: jd 

Variabile scelta jd con AIC 2683.49343479162  

---------- START ---------- 

                                                    IT0884A
gam(log(value) ~ s(t2m) + s(jd), data = .)         2556.793
gam(log(value) ~ s(tmin2m) + s(jd), data = .)      2591.097
gam(log(value) ~ s(tmax2m) + s(jd), data = .)      2536.023
gam(log(value) ~ s(tp) + s(jd), data = .)          2667.428
gam(log(value) ~ s(ptp) + s(jd), data = .)         2670.161
gam(log(value) ~ s(rh) + s(jd), data = .)          2590.420
gam(log(value) ~ s(u10m) + s(jd), data = .)        2601.825
gam(log(value) ~ s(v10m) + s(jd), data = .)        2350.836
gam(log(value) ~ s(sp) + s(jd), data = .)          2596.746
gam(log(value) ~ s(nirradiance) + s(jd), data = .) 2661.534
gam(log(value) ~ s(pbl00) + s(jd), data = .)       2554.997
gam(log(value) ~ s(pbl12) + s(jd), data = .)       2603.004
gam(log(value) ~ s(pblmin) + s(jd), data = .)      2552.768
gam(log(value) ~ s(pblmax) + s(jd), data = .)      2592.475
gam(log(value) ~ s(wdir) + s(jd), data = .)        2512.943
gam(log(value) ~ s(wspeed) + s(jd), data = .)      2480.856
gam(log(value) ~ s(pwspeed) + s(jd), data = .)     2604.021
gam(log(value) ~ s(jd) + s(jd), data = .)          2683.493

Modello migliore: v10m - jd 

Variabile scelta v10m con AIC 2350.83627117972  

Modelli BACKWARD 

                                                      IT0884A
gam(log(value) ~ s(t2m) + s(v10m), data = .)         2717.820
gam(log(value) ~ s(tmin2m) + s(v10m), data = .)      2718.342
gam(log(value) ~ s(tmax2m) + s(v10m), data = .)      2702.157
gam(log(value) ~ s(tp) + s(v10m), data = .)          2715.819
gam(log(value) ~ s(ptp) + s(v10m), data = .)         2731.384
gam(log(value) ~ s(rh) + s(v10m), data = .)          2733.295
gam(log(value) ~ s(u10m) + s(v10m), data = .)        2668.497
gam(log(value) ~ s(sp) + s(v10m), data = .)          2681.858
gam(log(value) ~ s(nirradiance) + s(v10m), data = .) 2686.306
gam(log(value) ~ s(pbl00) + s(v10m), data = .)       2719.292
gam(log(value) ~ s(pbl12) + s(v10m), data = .)       2710.697
gam(log(value) ~ s(pblmin) + s(v10m), data = .)      2729.702
gam(log(value) ~ s(pblmax) + s(v10m), data = .)      2719.573
gam(log(value) ~ s(wdir) + s(v10m), data = .)        2674.659
gam(log(value) ~ s(wspeed) + s(v10m), data = .)      2731.765
gam(log(value) ~ s(pwspeed) + s(v10m), data = .)     2730.826

Modello migliore: u10m - v10m 

Dati backward:  2668.4973965977::u10m::v10m 

Scelgo il modello N 

---------- START ---------- 

                                                              IT0884A
gam(log(value) ~ s(t2m) + s(jd) + s(v10m), data = .)         2321.548
gam(log(value) ~ s(tmin2m) + s(jd) + s(v10m), data = .)      2315.636
gam(log(value) ~ s(tmax2m) + s(jd) + s(v10m), data = .)      2311.417
gam(log(value) ~ s(tp) + s(jd) + s(v10m), data = .)          2323.631
gam(log(value) ~ s(ptp) + s(jd) + s(v10m), data = .)         2340.844
gam(log(value) ~ s(rh) + s(jd) + s(v10m), data = .)          2352.736
gam(log(value) ~ s(u10m) + s(jd) + s(v10m), data = .)        2245.396
gam(log(value) ~ s(sp) + s(jd) + s(v10m), data = .)          2266.206
gam(log(value) ~ s(nirradiance) + s(jd) + s(v10m), data = .) 2327.474
gam(log(value) ~ s(pbl00) + s(jd) + s(v10m), data = .)       2325.248
gam(log(value) ~ s(pbl12) + s(jd) + s(v10m), data = .)       2333.570
gam(log(value) ~ s(pblmin) + s(jd) + s(v10m), data = .)      2340.211
gam(log(value) ~ s(pblmax) + s(jd) + s(v10m), data = .)      2341.922
gam(log(value) ~ s(wdir) + s(jd) + s(v10m), data = .)        2270.579
gam(log(value) ~ s(wspeed) + s(jd) + s(v10m), data = .)      2333.172
gam(log(value) ~ s(pwspeed) + s(jd) + s(v10m), data = .)     2340.819

Modello migliore: u10m - jd - v10m 

Variabile scelta u10m con AIC 2245.39600884268  

Modelli BACKWARD 

                                                              IT0884A
gam(log(value) ~ s(t2m) + s(jd) + s(u10m), data = .)         2456.515
gam(log(value) ~ s(tmin2m) + s(jd) + s(u10m), data = .)      2483.897
gam(log(value) ~ s(tmax2m) + s(jd) + s(u10m), data = .)      2451.867
gam(log(value) ~ s(tp) + s(jd) + s(u10m), data = .)          2585.429
gam(log(value) ~ s(ptp) + s(jd) + s(u10m), data = .)         2597.350
gam(log(value) ~ s(rh) + s(jd) + s(u10m), data = .)          2514.031
gam(log(value) ~ s(sp) + s(jd) + s(u10m), data = .)          2549.773
gam(log(value) ~ s(nirradiance) + s(jd) + s(u10m), data = .) 2566.238
gam(log(value) ~ s(pbl00) + s(jd) + s(u10m), data = .)       2516.111
gam(log(value) ~ s(pbl12) + s(jd) + s(u10m), data = .)       2542.748
gam(log(value) ~ s(pblmin) + s(jd) + s(u10m), data = .)      2504.401
gam(log(value) ~ s(pblmax) + s(jd) + s(u10m), data = .)      2531.290
gam(log(value) ~ s(wdir) + s(jd) + s(u10m), data = .)        2386.850
gam(log(value) ~ s(wspeed) + s(jd) + s(u10m), data = .)      2400.888
gam(log(value) ~ s(pwspeed) + s(jd) + s(u10m), data = .)     2544.858

Modello migliore: wdir - jd - u10m 

Dati backward:  2386.8499626005::wdir::jd::u10m 

Scelgo il modello N 

---------- START ---------- 

                                                                        IT0884A
gam(log(value) ~ s(t2m) + s(jd) + s(v10m) + s(u10m), data = .)         2195.079
gam(log(value) ~ s(tmin2m) + s(jd) + s(v10m) + s(u10m), data = .)      2190.275
gam(log(value) ~ s(tmax2m) + s(jd) + s(v10m) + s(u10m), data = .)      2191.041
gam(log(value) ~ s(tp) + s(jd) + s(v10m) + s(u10m), data = .)          2222.861
gam(log(value) ~ s(ptp) + s(jd) + s(v10m) + s(u10m), data = .)         2241.412
gam(log(value) ~ s(rh) + s(jd) + s(v10m) + s(u10m), data = .)          2246.963
gam(log(value) ~ s(sp) + s(jd) + s(v10m) + s(u10m), data = .)          2199.115
gam(log(value) ~ s(nirradiance) + s(jd) + s(v10m) + s(u10m), data = .) 2232.526
gam(log(value) ~ s(pbl00) + s(jd) + s(v10m) + s(u10m), data = .)       2241.713
gam(log(value) ~ s(pbl12) + s(jd) + s(v10m) + s(u10m), data = .)       2244.666
gam(log(value) ~ s(pblmin) + s(jd) + s(v10m) + s(u10m), data = .)      2237.632
gam(log(value) ~ s(pblmax) + s(jd) + s(v10m) + s(u10m), data = .)      2247.073
gam(log(value) ~ s(wdir) + s(jd) + s(v10m) + s(u10m), data = .)        2235.900
gam(log(value) ~ s(wspeed) + s(jd) + s(v10m) + s(u10m), data = .)      2242.372
gam(log(value) ~ s(pwspeed) + s(jd) + s(v10m) + s(u10m), data = .)     2242.370

Modello migliore: tmin2m - jd - v10m - u10m 

Variabile scelta tmin2m con AIC 2190.27450105727  

Modelli BACKWARD 

                                                                          IT0884A
gam(log(value) ~ s(t2m) + s(jd) + s(v10m) + s(tmin2m), data = .)         2314.917
gam(log(value) ~ s(tmax2m) + s(jd) + s(v10m) + s(tmin2m), data = .)      2310.526
gam(log(value) ~ s(tp) + s(jd) + s(v10m) + s(tmin2m), data = .)          2287.288
gam(log(value) ~ s(ptp) + s(jd) + s(v10m) + s(tmin2m), data = .)         2302.533
gam(log(value) ~ s(rh) + s(jd) + s(v10m) + s(tmin2m), data = .)          2317.589
gam(log(value) ~ s(sp) + s(jd) + s(v10m) + s(tmin2m), data = .)          2230.507
gam(log(value) ~ s(nirradiance) + s(jd) + s(v10m) + s(tmin2m), data = .) 2285.327
gam(log(value) ~ s(pbl00) + s(jd) + s(v10m) + s(tmin2m), data = .)       2287.555
gam(log(value) ~ s(pbl12) + s(jd) + s(v10m) + s(tmin2m), data = .)       2285.182
gam(log(value) ~ s(pblmin) + s(jd) + s(v10m) + s(tmin2m), data = .)      2308.364
gam(log(value) ~ s(pblmax) + s(jd) + s(v10m) + s(tmin2m), data = .)      2298.898
gam(log(value) ~ s(wdir) + s(jd) + s(v10m) + s(tmin2m), data = .)        2219.853
gam(log(value) ~ s(wspeed) + s(jd) + s(v10m) + s(tmin2m), data = .)      2294.034
gam(log(value) ~ s(pwspeed) + s(jd) + s(v10m) + s(tmin2m), data = .)     2312.472

Modello migliore: wdir - jd - v10m - tmin2m 

Dati backward:  2219.85316706074::wdir::jd::v10m::tmin2m 

Scelgo il modello N 

---------- START ---------- 

                                                                                    IT0884A
gam(log(value) ~ s(t2m) + s(jd) + s(v10m) + s(u10m) + s(tmin2m), data = .)         2184.952
gam(log(value) ~ s(tmax2m) + s(jd) + s(v10m) + s(u10m) + s(tmin2m), data = .)      2177.950
gam(log(value) ~ s(tp) + s(jd) + s(v10m) + s(u10m) + s(tmin2m), data = .)          2166.892
gam(log(value) ~ s(ptp) + s(jd) + s(v10m) + s(u10m) + s(tmin2m), data = .)         2187.515
gam(log(value) ~ s(rh) + s(jd) + s(v10m) + s(u10m) + s(tmin2m), data = .)          2191.396
gam(log(value) ~ s(sp) + s(jd) + s(v10m) + s(u10m) + s(tmin2m), data = .)          2148.424
gam(log(value) ~ s(nirradiance) + s(jd) + s(v10m) + s(u10m) + s(tmin2m), data = .) 2169.800
gam(log(value) ~ s(pbl00) + s(jd) + s(v10m) + s(u10m) + s(tmin2m), data = .)       2187.546
gam(log(value) ~ s(pbl12) + s(jd) + s(v10m) + s(u10m) + s(tmin2m), data = .)       2183.951
gam(log(value) ~ s(pblmin) + s(jd) + s(v10m) + s(u10m) + s(tmin2m), data = .)      2190.648
gam(log(value) ~ s(pblmax) + s(jd) + s(v10m) + s(u10m) + s(tmin2m), data = .)      2189.923
gam(log(value) ~ s(wdir) + s(jd) + s(v10m) + s(u10m) + s(tmin2m), data = .)        2178.152
gam(log(value) ~ s(wspeed) + s(jd) + s(v10m) + s(u10m) + s(tmin2m), data = .)      2187.410
gam(log(value) ~ s(pwspeed) + s(jd) + s(v10m) + s(u10m) + s(tmin2m), data = .)     2191.897

Modello migliore: sp - jd - v10m - u10m - tmin2m 

Variabile scelta sp con AIC 2148.42355202353  

Modelli BACKWARD 

                                                                                IT0884A
gam(log(value) ~ s(t2m) + s(jd) + s(v10m) + s(u10m) + s(sp), data = .)         2156.550
gam(log(value) ~ s(tmax2m) + s(jd) + s(v10m) + s(u10m) + s(sp), data = .)      2157.810
gam(log(value) ~ s(tp) + s(jd) + s(v10m) + s(u10m) + s(sp), data = .)          2190.440
gam(log(value) ~ s(ptp) + s(jd) + s(v10m) + s(u10m) + s(sp), data = .)         2191.592
gam(log(value) ~ s(rh) + s(jd) + s(v10m) + s(u10m) + s(sp), data = .)          2199.327
gam(log(value) ~ s(nirradiance) + s(jd) + s(v10m) + s(u10m) + s(sp), data = .) 2174.616
gam(log(value) ~ s(pbl00) + s(jd) + s(v10m) + s(u10m) + s(sp), data = .)       2198.987
gam(log(value) ~ s(pbl12) + s(jd) + s(v10m) + s(u10m) + s(sp), data = .)       2197.748
gam(log(value) ~ s(pblmin) + s(jd) + s(v10m) + s(u10m) + s(sp), data = .)      2186.089
gam(log(value) ~ s(pblmax) + s(jd) + s(v10m) + s(u10m) + s(sp), data = .)      2200.929
gam(log(value) ~ s(wdir) + s(jd) + s(v10m) + s(u10m) + s(sp), data = .)        2186.161
gam(log(value) ~ s(wspeed) + s(jd) + s(v10m) + s(u10m) + s(sp), data = .)      2198.455
gam(log(value) ~ s(pwspeed) + s(jd) + s(v10m) + s(u10m) + s(sp), data = .)     2198.097

Modello migliore: t2m - jd - v10m - u10m - sp 

Dati backward:  2156.54967453714::t2m::jd::v10m::u10m::sp 

Scelgo il modello N 

---------- START ---------- 

                                                                                            IT0884A
gam(log(value) ~ s(t2m) + s(jd) + s(v10m) + s(u10m) + s(tmin2m) + s(sp), data = .)         2134.470
gam(log(value) ~ s(tmax2m) + s(jd) + s(v10m) + s(u10m) + s(tmin2m) + s(sp), data = .)      2132.965
gam(log(value) ~ s(tp) + s(jd) + s(v10m) + s(u10m) + s(tmin2m) + s(sp), data = .)          2137.544
gam(log(value) ~ s(ptp) + s(jd) + s(v10m) + s(u10m) + s(tmin2m) + s(sp), data = .)         2143.838
gam(log(value) ~ s(rh) + s(jd) + s(v10m) + s(u10m) + s(tmin2m) + s(sp), data = .)          2148.809
gam(log(value) ~ s(nirradiance) + s(jd) + s(v10m) + s(u10m) + s(tmin2m) + s(sp), data = .) 2116.559
gam(log(value) ~ s(pbl00) + s(jd) + s(v10m) + s(u10m) + s(tmin2m) + s(sp), data = .)       2148.822
gam(log(value) ~ s(pbl12) + s(jd) + s(v10m) + s(u10m) + s(tmin2m) + s(sp), data = .)       2141.739
gam(log(value) ~ s(pblmin) + s(jd) + s(v10m) + s(u10m) + s(tmin2m) + s(sp), data = .)      2147.582
gam(log(value) ~ s(pblmax) + s(jd) + s(v10m) + s(u10m) + s(tmin2m) + s(sp), data = .)      2149.118
gam(log(value) ~ s(wdir) + s(jd) + s(v10m) + s(u10m) + s(tmin2m) + s(sp), data = .)        2132.848
gam(log(value) ~ s(wspeed) + s(jd) + s(v10m) + s(u10m) + s(tmin2m) + s(sp), data = .)      2148.016
gam(log(value) ~ s(pwspeed) + s(jd) + s(v10m) + s(u10m) + s(tmin2m) + s(sp), data = .)     2150.209

Modello migliore: nirradiance - jd - v10m - u10m - tmin2m - sp 

Variabile scelta nirradiance con AIC 2116.55929494983  

Modelli BACKWARD 

                                                                                                 IT0884A
gam(log(value) ~ s(t2m) + s(jd) + s(v10m) + s(u10m) + s(tmin2m) + s(nirradiance), data = .)     2167.654
gam(log(value) ~ s(tmax2m) + s(jd) + s(v10m) + s(u10m) + s(tmin2m) + s(nirradiance), data = .)  2162.062
gam(log(value) ~ s(tp) + s(jd) + s(v10m) + s(u10m) + s(tmin2m) + s(nirradiance), data = .)      2133.732
gam(log(value) ~ s(ptp) + s(jd) + s(v10m) + s(u10m) + s(tmin2m) + s(nirradiance), data = .)     2164.524
gam(log(value) ~ s(rh) + s(jd) + s(v10m) + s(u10m) + s(tmin2m) + s(nirradiance), data = .)      2165.444
gam(log(value) ~ s(pbl00) + s(jd) + s(v10m) + s(u10m) + s(tmin2m) + s(nirradiance), data = .)   2165.854
gam(log(value) ~ s(pbl12) + s(jd) + s(v10m) + s(u10m) + s(tmin2m) + s(nirradiance), data = .)   2166.806
gam(log(value) ~ s(pblmin) + s(jd) + s(v10m) + s(u10m) + s(tmin2m) + s(nirradiance), data = .)  2168.477
gam(log(value) ~ s(pblmax) + s(jd) + s(v10m) + s(u10m) + s(tmin2m) + s(nirradiance), data = .)  2171.268
gam(log(value) ~ s(wdir) + s(jd) + s(v10m) + s(u10m) + s(tmin2m) + s(nirradiance), data = .)    2157.815
gam(log(value) ~ s(wspeed) + s(jd) + s(v10m) + s(u10m) + s(tmin2m) + s(nirradiance), data = .)  2166.077
gam(log(value) ~ s(pwspeed) + s(jd) + s(v10m) + s(u10m) + s(tmin2m) + s(nirradiance), data = .) 2171.134

Modello migliore: tp - jd - v10m - u10m - tmin2m - nirradiance 

Dati backward:  2133.73206197479::tp::jd::v10m::u10m::tmin2m::nirradiance 

Scelgo il modello N 

---------- START ---------- 

                                                                                                         IT0884A
gam(log(value) ~ s(t2m) + s(jd) + s(v10m) + s(u10m) + s(tmin2m) + s(sp) + s(nirradiance), data = .)     2116.854
gam(log(value) ~ s(tmax2m) + s(jd) + s(v10m) + s(u10m) + s(tmin2m) + s(sp) + s(nirradiance), data = .)  2109.817
gam(log(value) ~ s(tp) + s(jd) + s(v10m) + s(u10m) + s(tmin2m) + s(sp) + s(nirradiance), data = .)      2101.905
gam(log(value) ~ s(ptp) + s(jd) + s(v10m) + s(u10m) + s(tmin2m) + s(sp) + s(nirradiance), data = .)     2115.667
gam(log(value) ~ s(rh) + s(jd) + s(v10m) + s(u10m) + s(tmin2m) + s(sp) + s(nirradiance), data = .)      2114.943
gam(log(value) ~ s(pbl00) + s(jd) + s(v10m) + s(u10m) + s(tmin2m) + s(sp) + s(nirradiance), data = .)   2115.789
gam(log(value) ~ s(pbl12) + s(jd) + s(v10m) + s(u10m) + s(tmin2m) + s(sp) + s(nirradiance), data = .)   2116.448
gam(log(value) ~ s(pblmin) + s(jd) + s(v10m) + s(u10m) + s(tmin2m) + s(sp) + s(nirradiance), data = .)  2114.658
gam(log(value) ~ s(pblmax) + s(jd) + s(v10m) + s(u10m) + s(tmin2m) + s(sp) + s(nirradiance), data = .)  2118.465
gam(log(value) ~ s(wdir) + s(jd) + s(v10m) + s(u10m) + s(tmin2m) + s(sp) + s(nirradiance), data = .)    2101.259
gam(log(value) ~ s(wspeed) + s(jd) + s(v10m) + s(u10m) + s(tmin2m) + s(sp) + s(nirradiance), data = .)  2114.769
gam(log(value) ~ s(pwspeed) + s(jd) + s(v10m) + s(u10m) + s(tmin2m) + s(sp) + s(nirradiance), data = .) 2118.531

Modello migliore: wdir - jd - v10m - u10m - tmin2m - sp - nirradiance 

Variabile scelta wdir con AIC 2101.25904339589  

Modelli BACKWARD 

                                                                                                  IT0884A
gam(log(value) ~ s(t2m) + s(jd) + s(v10m) + s(u10m) + s(tmin2m) + s(sp) + s(wdir), data = .)     2121.272
gam(log(value) ~ s(tmax2m) + s(jd) + s(v10m) + s(u10m) + s(tmin2m) + s(sp) + s(wdir), data = .)  2112.551
gam(log(value) ~ s(tp) + s(jd) + s(v10m) + s(u10m) + s(tmin2m) + s(sp) + s(wdir), data = .)      2121.540
gam(log(value) ~ s(ptp) + s(jd) + s(v10m) + s(u10m) + s(tmin2m) + s(sp) + s(wdir), data = .)     2129.720
gam(log(value) ~ s(rh) + s(jd) + s(v10m) + s(u10m) + s(tmin2m) + s(sp) + s(wdir), data = .)      2131.804
gam(log(value) ~ s(pbl00) + s(jd) + s(v10m) + s(u10m) + s(tmin2m) + s(sp) + s(wdir), data = .)   2132.816
gam(log(value) ~ s(pbl12) + s(jd) + s(v10m) + s(u10m) + s(tmin2m) + s(sp) + s(wdir), data = .)   2126.725
gam(log(value) ~ s(pblmin) + s(jd) + s(v10m) + s(u10m) + s(tmin2m) + s(sp) + s(wdir), data = .)  2131.890
gam(log(value) ~ s(pblmax) + s(jd) + s(v10m) + s(u10m) + s(tmin2m) + s(sp) + s(wdir), data = .)  2133.067
gam(log(value) ~ s(wspeed) + s(jd) + s(v10m) + s(u10m) + s(tmin2m) + s(sp) + s(wdir), data = .)  2133.644
gam(log(value) ~ s(pwspeed) + s(jd) + s(v10m) + s(u10m) + s(tmin2m) + s(sp) + s(wdir), data = .) 2134.686

Modello migliore: tmax2m - jd - v10m - u10m - tmin2m - sp - wdir 

Dati backward:  2112.55119127128::tmax2m::jd::v10m::u10m::tmin2m::sp::wdir 

Scelgo il modello N 

---------- START ---------- 

                                                                                                                   IT0884A
gam(log(value) ~ s(t2m) + s(jd) + s(v10m) + s(u10m) + s(tmin2m) + s(sp) + s(nirradiance) + s(wdir), data = .)     2101.732
gam(log(value) ~ s(tmax2m) + s(jd) + s(v10m) + s(u10m) + s(tmin2m) + s(sp) + s(nirradiance) + s(wdir), data = .)  2095.135
gam(log(value) ~ s(tp) + s(jd) + s(v10m) + s(u10m) + s(tmin2m) + s(sp) + s(nirradiance) + s(wdir), data = .)      2084.692
gam(log(value) ~ s(ptp) + s(jd) + s(v10m) + s(u10m) + s(tmin2m) + s(sp) + s(nirradiance) + s(wdir), data = .)     2101.225
gam(log(value) ~ s(rh) + s(jd) + s(v10m) + s(u10m) + s(tmin2m) + s(sp) + s(nirradiance) + s(wdir), data = .)      2101.227
gam(log(value) ~ s(pbl00) + s(jd) + s(v10m) + s(u10m) + s(tmin2m) + s(sp) + s(nirradiance) + s(wdir), data = .)   2099.839
gam(log(value) ~ s(pbl12) + s(jd) + s(v10m) + s(u10m) + s(tmin2m) + s(sp) + s(nirradiance) + s(wdir), data = .)   2102.005
gam(log(value) ~ s(pblmin) + s(jd) + s(v10m) + s(u10m) + s(tmin2m) + s(sp) + s(nirradiance) + s(wdir), data = .)  2098.973
gam(log(value) ~ s(pblmax) + s(jd) + s(v10m) + s(u10m) + s(tmin2m) + s(sp) + s(nirradiance) + s(wdir), data = .)  2103.183
gam(log(value) ~ s(wspeed) + s(jd) + s(v10m) + s(u10m) + s(tmin2m) + s(sp) + s(nirradiance) + s(wdir), data = .)  2101.216
gam(log(value) ~ s(pwspeed) + s(jd) + s(v10m) + s(u10m) + s(tmin2m) + s(sp) + s(nirradiance) + s(wdir), data = .) 2103.179

Modello migliore: tp - jd - v10m - u10m - tmin2m - sp - nirradiance - wdir 

Variabile scelta tp con AIC 2084.6923211767  

Modelli BACKWARD 

                                                                                                                 IT0884A
gam(log(value) ~ s(t2m) + s(jd) + s(v10m) + s(u10m) + s(tmin2m) + s(sp) + s(nirradiance) + s(tp), data = .)     2103.410
gam(log(value) ~ s(tmax2m) + s(jd) + s(v10m) + s(u10m) + s(tmin2m) + s(sp) + s(nirradiance) + s(tp), data = .)  2096.940
gam(log(value) ~ s(ptp) + s(jd) + s(v10m) + s(u10m) + s(tmin2m) + s(sp) + s(nirradiance) + s(tp), data = .)     2101.517
gam(log(value) ~ s(rh) + s(jd) + s(v10m) + s(u10m) + s(tmin2m) + s(sp) + s(nirradiance) + s(tp), data = .)      2102.310
gam(log(value) ~ s(pbl00) + s(jd) + s(v10m) + s(u10m) + s(tmin2m) + s(sp) + s(nirradiance) + s(tp), data = .)   2103.262
gam(log(value) ~ s(pbl12) + s(jd) + s(v10m) + s(u10m) + s(tmin2m) + s(sp) + s(nirradiance) + s(tp), data = .)   2102.923
gam(log(value) ~ s(pblmin) + s(jd) + s(v10m) + s(u10m) + s(tmin2m) + s(sp) + s(nirradiance) + s(tp), data = .)  2100.469
gam(log(value) ~ s(pblmax) + s(jd) + s(v10m) + s(u10m) + s(tmin2m) + s(sp) + s(nirradiance) + s(tp), data = .)  2103.772
gam(log(value) ~ s(wspeed) + s(jd) + s(v10m) + s(u10m) + s(tmin2m) + s(sp) + s(nirradiance) + s(tp), data = .)  2100.148
gam(log(value) ~ s(pwspeed) + s(jd) + s(v10m) + s(u10m) + s(tmin2m) + s(sp) + s(nirradiance) + s(tp), data = .) 2103.549

Modello migliore: tmax2m - jd - v10m - u10m - tmin2m - sp - nirradiance - tp 

Dati backward:  2096.93995300977::tmax2m::jd::v10m::u10m::tmin2m::sp::nirradiance::tp 

Scelgo il modello N 

---------- START ---------- 

                                                                                                                           IT0884A
gam(log(value) ~ s(t2m) + s(jd) + s(v10m) + s(u10m) + s(tmin2m) + s(sp) + s(nirradiance) + s(wdir) + s(tp), data = .)     2086.748
gam(log(value) ~ s(tmax2m) + s(jd) + s(v10m) + s(u10m) + s(tmin2m) + s(sp) + s(nirradiance) + s(wdir) + s(tp), data = .)  2079.827
gam(log(value) ~ s(ptp) + s(jd) + s(v10m) + s(u10m) + s(tmin2m) + s(sp) + s(nirradiance) + s(wdir) + s(tp), data = .)     2085.220
gam(log(value) ~ s(rh) + s(jd) + s(v10m) + s(u10m) + s(tmin2m) + s(sp) + s(nirradiance) + s(wdir) + s(tp), data = .)      2086.290
gam(log(value) ~ s(pbl00) + s(jd) + s(v10m) + s(u10m) + s(tmin2m) + s(sp) + s(nirradiance) + s(wdir) + s(tp), data = .)   2085.724
gam(log(value) ~ s(pbl12) + s(jd) + s(v10m) + s(u10m) + s(tmin2m) + s(sp) + s(nirradiance) + s(wdir) + s(tp), data = .)   2085.990
gam(log(value) ~ s(pblmin) + s(jd) + s(v10m) + s(u10m) + s(tmin2m) + s(sp) + s(nirradiance) + s(wdir) + s(tp), data = .)  2083.480
gam(log(value) ~ s(pblmax) + s(jd) + s(v10m) + s(u10m) + s(tmin2m) + s(sp) + s(nirradiance) + s(wdir) + s(tp), data = .)  2086.631
gam(log(value) ~ s(wspeed) + s(jd) + s(v10m) + s(u10m) + s(tmin2m) + s(sp) + s(nirradiance) + s(wdir) + s(tp), data = .)  2084.925
gam(log(value) ~ s(pwspeed) + s(jd) + s(v10m) + s(u10m) + s(tmin2m) + s(sp) + s(nirradiance) + s(wdir) + s(tp), data = .) 2086.601

Modello migliore: tmax2m - jd - v10m - u10m - tmin2m - sp - nirradiance - wdir - tp 

Variabile scelta tmax2m con AIC 2079.82734669204  

Modelli BACKWARD 

                                                                                                                               IT0884A
gam(log(value) ~ s(t2m) + s(jd) + s(v10m) + s(u10m) + s(tmin2m) + s(sp) + s(nirradiance) + s(wdir) + s(tmax2m), data = .)     2095.823
gam(log(value) ~ s(ptp) + s(jd) + s(v10m) + s(u10m) + s(tmin2m) + s(sp) + s(nirradiance) + s(wdir) + s(tmax2m), data = .)     2095.522
gam(log(value) ~ s(rh) + s(jd) + s(v10m) + s(u10m) + s(tmin2m) + s(sp) + s(nirradiance) + s(wdir) + s(tmax2m), data = .)      2093.828
gam(log(value) ~ s(pbl00) + s(jd) + s(v10m) + s(u10m) + s(tmin2m) + s(sp) + s(nirradiance) + s(wdir) + s(tmax2m), data = .)   2093.480
gam(log(value) ~ s(pbl12) + s(jd) + s(v10m) + s(u10m) + s(tmin2m) + s(sp) + s(nirradiance) + s(wdir) + s(tmax2m), data = .)   2097.038
gam(log(value) ~ s(pblmin) + s(jd) + s(v10m) + s(u10m) + s(tmin2m) + s(sp) + s(nirradiance) + s(wdir) + s(tmax2m), data = .)  2094.496
gam(log(value) ~ s(pblmax) + s(jd) + s(v10m) + s(u10m) + s(tmin2m) + s(sp) + s(nirradiance) + s(wdir) + s(tmax2m), data = .)  2096.927
gam(log(value) ~ s(wspeed) + s(jd) + s(v10m) + s(u10m) + s(tmin2m) + s(sp) + s(nirradiance) + s(wdir) + s(tmax2m), data = .)  2094.913
gam(log(value) ~ s(pwspeed) + s(jd) + s(v10m) + s(u10m) + s(tmin2m) + s(sp) + s(nirradiance) + s(wdir) + s(tmax2m), data = .) 2096.956

Modello migliore: pbl00 - jd - v10m - u10m - tmin2m - sp - nirradiance - wdir - tmax2m 

Dati backward:  2093.47956916993::pbl00::jd::v10m::u10m::tmin2m::sp::nirradiance::wdir::tmax2m 

Scelgo il modello N-1 

---------- START ---------- 

                                                                                                                           IT0884A
gam(log(value) ~ s(t2m) + s(jd) + s(v10m) + s(u10m) + s(tmin2m) + s(sp) + s(nirradiance) + s(wdir) + s(tp), data = .)     2086.748
gam(log(value) ~ s(ptp) + s(jd) + s(v10m) + s(u10m) + s(tmin2m) + s(sp) + s(nirradiance) + s(wdir) + s(tp), data = .)     2085.220
gam(log(value) ~ s(rh) + s(jd) + s(v10m) + s(u10m) + s(tmin2m) + s(sp) + s(nirradiance) + s(wdir) + s(tp), data = .)      2086.290
gam(log(value) ~ s(pbl00) + s(jd) + s(v10m) + s(u10m) + s(tmin2m) + s(sp) + s(nirradiance) + s(wdir) + s(tp), data = .)   2085.724
gam(log(value) ~ s(pbl12) + s(jd) + s(v10m) + s(u10m) + s(tmin2m) + s(sp) + s(nirradiance) + s(wdir) + s(tp), data = .)   2085.990
gam(log(value) ~ s(pblmin) + s(jd) + s(v10m) + s(u10m) + s(tmin2m) + s(sp) + s(nirradiance) + s(wdir) + s(tp), data = .)  2083.480
gam(log(value) ~ s(pblmax) + s(jd) + s(v10m) + s(u10m) + s(tmin2m) + s(sp) + s(nirradiance) + s(wdir) + s(tp), data = .)  2086.631
gam(log(value) ~ s(wspeed) + s(jd) + s(v10m) + s(u10m) + s(tmin2m) + s(sp) + s(nirradiance) + s(wdir) + s(tp), data = .)  2084.925
gam(log(value) ~ s(pwspeed) + s(jd) + s(v10m) + s(u10m) + s(tmin2m) + s(sp) + s(nirradiance) + s(wdir) + s(tp), data = .) 2086.601

Modello migliore: pblmin - jd - v10m - u10m - tmin2m - sp - nirradiance - wdir - tp 

Variabile scelta pblmin con AIC 2083.48013422848  

Fine per scelta MODELLO 

jd + v10m + u10m + tmin2m + sp + nirradiance + wdir + tp 

---------------------- 

NOTE: Log Print Time:  2021-05-11 11:28:54 
NOTE: Elapsed Time in seconds: 2.17728462219238 

Fine per scelta MODELLO 

jd + v10m + u10m + tmin2m + sp + nirradiance + wdir + tp 

---------------------- 

NOTE: Log Print Time:  2021-05-11 11:28:54 
NOTE: Elapsed Time in seconds: 0.0010826587677002 

Fine per scelta MODELLO 

jd + v10m + u10m + tmin2m + sp + nirradiance + wdir + tp 

---------------------- 

NOTE: Log Print Time:  2021-05-11 11:28:54 
NOTE: Elapsed Time in seconds: 0.000978946685791016 

Fine per scelta MODELLO 

jd + v10m + u10m + tmin2m + sp + nirradiance + wdir + tp 

---------------------- 

NOTE: Log Print Time:  2021-05-11 11:28:54 
NOTE: Elapsed Time in seconds: 0.00101733207702637 

Fine per scelta MODELLO 

jd + v10m + u10m + tmin2m + sp + nirradiance + wdir + tp 

---------------------- 

NOTE: Log Print Time:  2021-05-11 11:28:54 
NOTE: Elapsed Time in seconds: 0.0009765625 

Fine per scelta MODELLO 

jd + v10m + u10m + tmin2m + sp + nirradiance + wdir + tp 

---------------------- 

NOTE: Log Print Time:  2021-05-11 11:28:54 
NOTE: Elapsed Time in seconds: 0.000965118408203125 

Fine per scelta MODELLO 

jd + v10m + u10m + tmin2m + sp + nirradiance + wdir + tp 

---------------------- 

NOTE: Log Print Time:  2021-05-11 11:28:54 
NOTE: Elapsed Time in seconds: 0.000967025756835938 

Fine per scelta MODELLO 

jd + v10m + u10m + tmin2m + sp + nirradiance + wdir + tp 

---------------------- 

NOTE: Log Print Time:  2021-05-11 11:28:54 
NOTE: Elapsed Time in seconds: 0.000965118408203125 

Fine per scelta MODELLO 

jd + v10m + u10m + tmin2m + sp + nirradiance + wdir + tp 

---------------------- 

NOTE: Log Print Time:  2021-05-11 11:28:54 
NOTE: Elapsed Time in seconds: 0.000982761383056641 

========================================================================= 
Log End Time: 2021-05-11 11:28:54 
Log Elapsed Time: 0 00:00:02 
========================================================================= 
