========================================================================= 
Log Path: output/12/no2/log/pulvirus_no2_12_IT0869A.log 
Working Directory: /home/rmorelli/R/pulvirus/analisi/GAM/scelta 
User Name: rmorelli 
R Version: 4.0.5 (2021-03-31) 
Machine: pasqualino x86_64 
Operating System: Linux 4.19.0-13-amd64 #1 SMP Debian 4.19.160-2 (2020-11-28) 
Log Start Time: 2021-05-11 11:00:00 
========================================================================= 

Stazione: IT0869A 

---------- START ---------- 

                                            IT0869A
gam(log(value) ~ s(t2m), data = .)         1994.001
gam(log(value) ~ s(tmin2m), data = .)      1953.127
gam(log(value) ~ s(tmax2m), data = .)      2151.954
gam(log(value) ~ s(tp), data = .)          2630.948
gam(log(value) ~ s(ptp), data = .)         2675.438
gam(log(value) ~ s(rh), data = .)          2572.117
gam(log(value) ~ s(u10m), data = .)        2421.530
gam(log(value) ~ s(v10m), data = .)        2458.756
gam(log(value) ~ s(sp), data = .)          2121.057
gam(log(value) ~ s(nirradiance), data = .) 1981.657
gam(log(value) ~ s(pbl00), data = .)       2573.340
gam(log(value) ~ s(pbl12), data = .)       2214.421
gam(log(value) ~ s(pblmin), data = .)      2531.751
gam(log(value) ~ s(pblmax), data = .)      2347.916
gam(log(value) ~ s(wdir), data = .)        2021.405
gam(log(value) ~ s(wspeed), data = .)      2607.670
gam(log(value) ~ s(pwspeed), data = .)     2676.423
gam(log(value) ~ s(jd), data = .)          1635.021

Modello migliore: jd 

Variabile scelta jd con AIC 1635.02092723927  

---------- START ---------- 

                                                    IT0869A
gam(log(value) ~ s(t2m) + s(jd), data = .)         1486.703
gam(log(value) ~ s(tmin2m) + s(jd), data = .)      1437.476
gam(log(value) ~ s(tmax2m) + s(jd), data = .)      1574.344
gam(log(value) ~ s(tp) + s(jd), data = .)          1424.468
gam(log(value) ~ s(ptp) + s(jd), data = .)         1577.128
gam(log(value) ~ s(rh) + s(jd), data = .)          1603.896
gam(log(value) ~ s(u10m) + s(jd), data = .)        1379.023
gam(log(value) ~ s(v10m) + s(jd), data = .)        1321.326
gam(log(value) ~ s(sp) + s(jd), data = .)          1362.695
gam(log(value) ~ s(nirradiance) + s(jd), data = .) 1511.106
gam(log(value) ~ s(pbl00) + s(jd), data = .)       1338.807
gam(log(value) ~ s(pbl12) + s(jd), data = .)       1516.030
gam(log(value) ~ s(pblmin) + s(jd), data = .)      1218.505
gam(log(value) ~ s(pblmax) + s(jd), data = .)      1527.831
gam(log(value) ~ s(wdir) + s(jd), data = .)        1367.071
gam(log(value) ~ s(wspeed) + s(jd), data = .)      1282.682
gam(log(value) ~ s(pwspeed) + s(jd), data = .)     1574.402
gam(log(value) ~ s(jd) + s(jd), data = .)          1635.021

Modello migliore: pblmin - jd 

Variabile scelta pblmin con AIC 1218.50509266961  

Modelli BACKWARD 

                                                        IT0869A
gam(log(value) ~ s(t2m) + s(pblmin), data = .)         1765.701
gam(log(value) ~ s(tmin2m) + s(pblmin), data = .)      1795.151
gam(log(value) ~ s(tmax2m) + s(pblmin), data = .)      1859.665
gam(log(value) ~ s(tp) + s(pblmin), data = .)          2526.917
gam(log(value) ~ s(ptp) + s(pblmin), data = .)         2531.581
gam(log(value) ~ s(rh) + s(pblmin), data = .)          2411.531
gam(log(value) ~ s(u10m) + s(pblmin), data = .)        2316.544
gam(log(value) ~ s(v10m) + s(pblmin), data = .)        2361.650
gam(log(value) ~ s(sp) + s(pblmin), data = .)          2036.382
gam(log(value) ~ s(nirradiance) + s(pblmin), data = .) 1562.216
gam(log(value) ~ s(pbl00) + s(pblmin), data = .)       2526.098
gam(log(value) ~ s(pbl12) + s(pblmin), data = .)       2066.827
gam(log(value) ~ s(pblmax) + s(pblmin), data = .)      2224.926
gam(log(value) ~ s(wdir) + s(pblmin), data = .)        1833.790
gam(log(value) ~ s(wspeed) + s(pblmin), data = .)      2527.179
gam(log(value) ~ s(pwspeed) + s(pblmin), data = .)     2522.052

Modello migliore: nirradiance - pblmin 

Dati backward:  1562.21643181669::nirradiance::pblmin 

Scelgo il modello N 

---------- START ---------- 

                                                                 IT0869A
gam(log(value) ~ s(t2m) + s(jd) + s(pblmin), data = .)         1095.8560
gam(log(value) ~ s(tmin2m) + s(jd) + s(pblmin), data = .)      1082.5642
gam(log(value) ~ s(tmax2m) + s(jd) + s(pblmin), data = .)      1151.5672
gam(log(value) ~ s(tp) + s(jd) + s(pblmin), data = .)          1153.5187
gam(log(value) ~ s(ptp) + s(jd) + s(pblmin), data = .)         1207.3707
gam(log(value) ~ s(rh) + s(jd) + s(pblmin), data = .)          1205.7392
gam(log(value) ~ s(u10m) + s(jd) + s(pblmin), data = .)        1156.5318
gam(log(value) ~ s(v10m) + s(jd) + s(pblmin), data = .)        1090.0063
gam(log(value) ~ s(sp) + s(jd) + s(pblmin), data = .)          1069.0640
gam(log(value) ~ s(nirradiance) + s(jd) + s(pblmin), data = .) 1065.5156
gam(log(value) ~ s(pbl00) + s(jd) + s(pblmin), data = .)       1192.7804
gam(log(value) ~ s(pbl12) + s(jd) + s(pblmin), data = .)       1130.4960
gam(log(value) ~ s(pblmax) + s(jd) + s(pblmin), data = .)      1155.8609
gam(log(value) ~ s(wdir) + s(jd) + s(pblmin), data = .)         959.7596
gam(log(value) ~ s(wspeed) + s(jd) + s(pblmin), data = .)      1167.4772
gam(log(value) ~ s(pwspeed) + s(jd) + s(pblmin), data = .)     1215.5006

Modello migliore: wdir - jd - pblmin 

Variabile scelta wdir con AIC 959.75963305661  

Modelli BACKWARD 

                                                              IT0869A
gam(log(value) ~ s(t2m) + s(jd) + s(wdir), data = .)         1294.751
gam(log(value) ~ s(tmin2m) + s(jd) + s(wdir), data = .)      1283.015
gam(log(value) ~ s(tmax2m) + s(jd) + s(wdir), data = .)      1302.817
gam(log(value) ~ s(tp) + s(jd) + s(wdir), data = .)          1240.770
gam(log(value) ~ s(ptp) + s(jd) + s(wdir), data = .)         1312.342
gam(log(value) ~ s(rh) + s(jd) + s(wdir), data = .)          1345.678
gam(log(value) ~ s(u10m) + s(jd) + s(wdir), data = .)        1126.415
gam(log(value) ~ s(v10m) + s(jd) + s(wdir), data = .)        1127.848
gam(log(value) ~ s(sp) + s(jd) + s(wdir), data = .)          1189.306
gam(log(value) ~ s(nirradiance) + s(jd) + s(wdir), data = .) 1276.777
gam(log(value) ~ s(pbl00) + s(jd) + s(wdir), data = .)       1124.515
gam(log(value) ~ s(pbl12) + s(jd) + s(wdir), data = .)       1227.503
gam(log(value) ~ s(pblmax) + s(jd) + s(wdir), data = .)      1200.000
gam(log(value) ~ s(wspeed) + s(jd) + s(wdir), data = .)      1040.249
gam(log(value) ~ s(pwspeed) + s(jd) + s(wdir), data = .)     1312.760

Modello migliore: wspeed - jd - wdir 

Dati backward:  1040.24931856282::wspeed::jd::wdir 

Scelgo il modello N 

---------- START ---------- 

                                                                          IT0869A
gam(log(value) ~ s(t2m) + s(jd) + s(pblmin) + s(wdir), data = .)         903.7224
gam(log(value) ~ s(tmin2m) + s(jd) + s(pblmin) + s(wdir), data = .)      912.9139
gam(log(value) ~ s(tmax2m) + s(jd) + s(pblmin) + s(wdir), data = .)      897.9116
gam(log(value) ~ s(tp) + s(jd) + s(pblmin) + s(wdir), data = .)          937.0600
gam(log(value) ~ s(ptp) + s(jd) + s(pblmin) + s(wdir), data = .)         948.6193
gam(log(value) ~ s(rh) + s(jd) + s(pblmin) + s(wdir), data = .)          960.1357
gam(log(value) ~ s(u10m) + s(jd) + s(pblmin) + s(wdir), data = .)        918.9425
gam(log(value) ~ s(v10m) + s(jd) + s(pblmin) + s(wdir), data = .)        920.5804
gam(log(value) ~ s(sp) + s(jd) + s(pblmin) + s(wdir), data = .)          878.9971
gam(log(value) ~ s(nirradiance) + s(jd) + s(pblmin) + s(wdir), data = .) 818.0992
gam(log(value) ~ s(pbl00) + s(jd) + s(pblmin) + s(wdir), data = .)       951.2062
gam(log(value) ~ s(pbl12) + s(jd) + s(pblmin) + s(wdir), data = .)       886.2430
gam(log(value) ~ s(pblmax) + s(jd) + s(pblmin) + s(wdir), data = .)      886.9597
gam(log(value) ~ s(wspeed) + s(jd) + s(pblmin) + s(wdir), data = .)      910.1753
gam(log(value) ~ s(pwspeed) + s(jd) + s(pblmin) + s(wdir), data = .)     959.0673

Modello migliore: nirradiance - jd - pblmin - wdir 

Variabile scelta nirradiance con AIC 818.099165922111  

Modelli BACKWARD 

                                                                              IT0869A
gam(log(value) ~ s(t2m) + s(jd) + s(pblmin) + s(nirradiance), data = .)      968.6635
gam(log(value) ~ s(tmin2m) + s(jd) + s(pblmin) + s(nirradiance), data = .)   939.4542
gam(log(value) ~ s(tmax2m) + s(jd) + s(pblmin) + s(nirradiance), data = .)  1019.2068
gam(log(value) ~ s(tp) + s(jd) + s(pblmin) + s(nirradiance), data = .)       903.2347
gam(log(value) ~ s(ptp) + s(jd) + s(pblmin) + s(nirradiance), data = .)     1051.6707
gam(log(value) ~ s(rh) + s(jd) + s(pblmin) + s(nirradiance), data = .)      1014.5311
gam(log(value) ~ s(u10m) + s(jd) + s(pblmin) + s(nirradiance), data = .)    1014.5753
gam(log(value) ~ s(v10m) + s(jd) + s(pblmin) + s(nirradiance), data = .)     893.9714
gam(log(value) ~ s(sp) + s(jd) + s(pblmin) + s(nirradiance), data = .)       913.5548
gam(log(value) ~ s(pbl00) + s(jd) + s(pblmin) + s(nirradiance), data = .)   1037.7989
gam(log(value) ~ s(pbl12) + s(jd) + s(pblmin) + s(nirradiance), data = .)    984.7287
gam(log(value) ~ s(pblmax) + s(jd) + s(pblmin) + s(nirradiance), data = .)   998.9803
gam(log(value) ~ s(wspeed) + s(jd) + s(pblmin) + s(nirradiance), data = .)  1006.0344
gam(log(value) ~ s(pwspeed) + s(jd) + s(pblmin) + s(nirradiance), data = .) 1055.2813

Modello migliore: v10m - jd - pblmin - nirradiance 

Dati backward:  893.971431919827::v10m::jd::pblmin::nirradiance 

Scelgo il modello N 

---------- START ---------- 

                                                                                       IT0869A
gam(log(value) ~ s(t2m) + s(jd) + s(pblmin) + s(wdir) + s(nirradiance), data = .)     777.4497
gam(log(value) ~ s(tmin2m) + s(jd) + s(pblmin) + s(wdir) + s(nirradiance), data = .)  771.1762
gam(log(value) ~ s(tmax2m) + s(jd) + s(pblmin) + s(wdir) + s(nirradiance), data = .)  784.6966
gam(log(value) ~ s(tp) + s(jd) + s(pblmin) + s(wdir) + s(nirradiance), data = .)      726.0404
gam(log(value) ~ s(ptp) + s(jd) + s(pblmin) + s(wdir) + s(nirradiance), data = .)     801.9678
gam(log(value) ~ s(rh) + s(jd) + s(pblmin) + s(wdir) + s(nirradiance), data = .)      812.1546
gam(log(value) ~ s(u10m) + s(jd) + s(pblmin) + s(wdir) + s(nirradiance), data = .)    762.3124
gam(log(value) ~ s(v10m) + s(jd) + s(pblmin) + s(wdir) + s(nirradiance), data = .)    762.4025
gam(log(value) ~ s(sp) + s(jd) + s(pblmin) + s(wdir) + s(nirradiance), data = .)      730.4848
gam(log(value) ~ s(pbl00) + s(jd) + s(pblmin) + s(wdir) + s(nirradiance), data = .)   805.1258
gam(log(value) ~ s(pbl12) + s(jd) + s(pblmin) + s(wdir) + s(nirradiance), data = .)   772.7531
gam(log(value) ~ s(pblmax) + s(jd) + s(pblmin) + s(wdir) + s(nirradiance), data = .)  765.0390
gam(log(value) ~ s(wspeed) + s(jd) + s(pblmin) + s(wdir) + s(nirradiance), data = .)  753.5911
gam(log(value) ~ s(pwspeed) + s(jd) + s(pblmin) + s(wdir) + s(nirradiance), data = .) 807.5634

Modello migliore: tp - jd - pblmin - wdir - nirradiance 

Variabile scelta tp con AIC 726.040414435214  

Modelli BACKWARD 

                                                                              IT0869A
gam(log(value) ~ s(t2m) + s(jd) + s(pblmin) + s(wdir) + s(tp), data = .)     872.7730
gam(log(value) ~ s(tmin2m) + s(jd) + s(pblmin) + s(wdir) + s(tp), data = .)  892.6508
gam(log(value) ~ s(tmax2m) + s(jd) + s(pblmin) + s(wdir) + s(tp), data = .)  858.7315
gam(log(value) ~ s(ptp) + s(jd) + s(pblmin) + s(wdir) + s(tp), data = .)     935.5255
gam(log(value) ~ s(rh) + s(jd) + s(pblmin) + s(wdir) + s(tp), data = .)      925.5821
gam(log(value) ~ s(u10m) + s(jd) + s(pblmin) + s(wdir) + s(tp), data = .)    893.7272
gam(log(value) ~ s(v10m) + s(jd) + s(pblmin) + s(wdir) + s(tp), data = .)    893.6030
gam(log(value) ~ s(sp) + s(jd) + s(pblmin) + s(wdir) + s(tp), data = .)      866.7051
gam(log(value) ~ s(pbl00) + s(jd) + s(pblmin) + s(wdir) + s(tp), data = .)   932.9516
gam(log(value) ~ s(pbl12) + s(jd) + s(pblmin) + s(wdir) + s(tp), data = .)   851.4334
gam(log(value) ~ s(pblmax) + s(jd) + s(pblmin) + s(wdir) + s(tp), data = .)  863.7585
gam(log(value) ~ s(wspeed) + s(jd) + s(pblmin) + s(wdir) + s(tp), data = .)  884.6891
gam(log(value) ~ s(pwspeed) + s(jd) + s(pblmin) + s(wdir) + s(tp), data = .) 937.4059

Modello migliore: pbl12 - jd - pblmin - wdir - tp 

Dati backward:  851.433447092275::pbl12::jd::pblmin::wdir::tp 

Scelgo il modello N 

---------- START ---------- 

                                                                                               IT0869A
gam(log(value) ~ s(t2m) + s(jd) + s(pblmin) + s(wdir) + s(nirradiance) + s(tp), data = .)     679.6152
gam(log(value) ~ s(tmin2m) + s(jd) + s(pblmin) + s(wdir) + s(nirradiance) + s(tp), data = .)  681.0687
gam(log(value) ~ s(tmax2m) + s(jd) + s(pblmin) + s(wdir) + s(nirradiance) + s(tp), data = .)  684.9976
gam(log(value) ~ s(ptp) + s(jd) + s(pblmin) + s(wdir) + s(nirradiance) + s(tp), data = .)     725.1173
gam(log(value) ~ s(rh) + s(jd) + s(pblmin) + s(wdir) + s(nirradiance) + s(tp), data = .)      727.6764
gam(log(value) ~ s(u10m) + s(jd) + s(pblmin) + s(wdir) + s(nirradiance) + s(tp), data = .)    660.9532
gam(log(value) ~ s(v10m) + s(jd) + s(pblmin) + s(wdir) + s(nirradiance) + s(tp), data = .)    660.6990
gam(log(value) ~ s(sp) + s(jd) + s(pblmin) + s(wdir) + s(nirradiance) + s(tp), data = .)      662.6995
gam(log(value) ~ s(pbl00) + s(jd) + s(pblmin) + s(wdir) + s(nirradiance) + s(tp), data = .)   721.0962
gam(log(value) ~ s(pbl12) + s(jd) + s(pblmin) + s(wdir) + s(nirradiance) + s(tp), data = .)   687.5493
gam(log(value) ~ s(pblmax) + s(jd) + s(pblmin) + s(wdir) + s(nirradiance) + s(tp), data = .)  691.6461
gam(log(value) ~ s(wspeed) + s(jd) + s(pblmin) + s(wdir) + s(nirradiance) + s(tp), data = .)  653.6451
gam(log(value) ~ s(pwspeed) + s(jd) + s(pblmin) + s(wdir) + s(nirradiance) + s(tp), data = .) 718.8811

Modello migliore: wspeed - jd - pblmin - wdir - nirradiance - tp 

Variabile scelta wspeed con AIC 653.645074979216  

Modelli BACKWARD 

                                                                                                   IT0869A
gam(log(value) ~ s(t2m) + s(jd) + s(pblmin) + s(wdir) + s(nirradiance) + s(wspeed), data = .)     704.0385
gam(log(value) ~ s(tmin2m) + s(jd) + s(pblmin) + s(wdir) + s(nirradiance) + s(wspeed), data = .)  695.1328
gam(log(value) ~ s(tmax2m) + s(jd) + s(pblmin) + s(wdir) + s(nirradiance) + s(wspeed), data = .)  714.8321
gam(log(value) ~ s(ptp) + s(jd) + s(pblmin) + s(wdir) + s(nirradiance) + s(wspeed), data = .)     740.7116
gam(log(value) ~ s(rh) + s(jd) + s(pblmin) + s(wdir) + s(nirradiance) + s(wspeed), data = .)      723.0167
gam(log(value) ~ s(u10m) + s(jd) + s(pblmin) + s(wdir) + s(nirradiance) + s(wspeed), data = .)    723.1449
gam(log(value) ~ s(v10m) + s(jd) + s(pblmin) + s(wdir) + s(nirradiance) + s(wspeed), data = .)    745.6933
gam(log(value) ~ s(sp) + s(jd) + s(pblmin) + s(wdir) + s(nirradiance) + s(wspeed), data = .)      678.3564
gam(log(value) ~ s(pbl00) + s(jd) + s(pblmin) + s(wdir) + s(nirradiance) + s(wspeed), data = .)   742.8200
gam(log(value) ~ s(pbl12) + s(jd) + s(pblmin) + s(wdir) + s(nirradiance) + s(wspeed), data = .)   729.0772
gam(log(value) ~ s(pblmax) + s(jd) + s(pblmin) + s(wdir) + s(nirradiance) + s(wspeed), data = .)  723.3947
gam(log(value) ~ s(pwspeed) + s(jd) + s(pblmin) + s(wdir) + s(nirradiance) + s(wspeed), data = .) 749.0390

Modello migliore: sp - jd - pblmin - wdir - nirradiance - wspeed 

Dati backward:  678.35636596644::sp::jd::pblmin::wdir::nirradiance::wspeed 

Scelgo il modello N 

---------- START ---------- 

                                                                                                           IT0869A
gam(log(value) ~ s(t2m) + s(jd) + s(pblmin) + s(wdir) + s(nirradiance) + s(tp) + s(wspeed), data = .)     596.7477
gam(log(value) ~ s(tmin2m) + s(jd) + s(pblmin) + s(wdir) + s(nirradiance) + s(tp) + s(wspeed), data = .)  596.7826
gam(log(value) ~ s(tmax2m) + s(jd) + s(pblmin) + s(wdir) + s(nirradiance) + s(tp) + s(wspeed), data = .)  604.5624
gam(log(value) ~ s(ptp) + s(jd) + s(pblmin) + s(wdir) + s(nirradiance) + s(tp) + s(wspeed), data = .)     654.3496
gam(log(value) ~ s(rh) + s(jd) + s(pblmin) + s(wdir) + s(nirradiance) + s(tp) + s(wspeed), data = .)      643.8664
gam(log(value) ~ s(u10m) + s(jd) + s(pblmin) + s(wdir) + s(nirradiance) + s(tp) + s(wspeed), data = .)    611.8309
gam(log(value) ~ s(v10m) + s(jd) + s(pblmin) + s(wdir) + s(nirradiance) + s(tp) + s(wspeed), data = .)    639.8190
gam(log(value) ~ s(sp) + s(jd) + s(pblmin) + s(wdir) + s(nirradiance) + s(tp) + s(wspeed), data = .)      597.9427
gam(log(value) ~ s(pbl00) + s(jd) + s(pblmin) + s(wdir) + s(nirradiance) + s(tp) + s(wspeed), data = .)   645.8642
gam(log(value) ~ s(pbl12) + s(jd) + s(pblmin) + s(wdir) + s(nirradiance) + s(tp) + s(wspeed), data = .)   634.8546
gam(log(value) ~ s(pblmax) + s(jd) + s(pblmin) + s(wdir) + s(nirradiance) + s(tp) + s(wspeed), data = .)  639.4734
gam(log(value) ~ s(pwspeed) + s(jd) + s(pblmin) + s(wdir) + s(nirradiance) + s(tp) + s(wspeed), data = .) 653.8812

Modello migliore: t2m - jd - pblmin - wdir - nirradiance - tp - wspeed 

Variabile scelta t2m con AIC 596.747659060005  

Modelli BACKWARD 

                                                                                                        IT0869A
gam(log(value) ~ s(tmin2m) + s(jd) + s(pblmin) + s(wdir) + s(nirradiance) + s(tp) + s(t2m), data = .)  627.1793
gam(log(value) ~ s(tmax2m) + s(jd) + s(pblmin) + s(wdir) + s(nirradiance) + s(tp) + s(t2m), data = .)  613.3198
gam(log(value) ~ s(ptp) + s(jd) + s(pblmin) + s(wdir) + s(nirradiance) + s(tp) + s(t2m), data = .)     675.7811
gam(log(value) ~ s(rh) + s(jd) + s(pblmin) + s(wdir) + s(nirradiance) + s(tp) + s(t2m), data = .)      678.4141
gam(log(value) ~ s(u10m) + s(jd) + s(pblmin) + s(wdir) + s(nirradiance) + s(tp) + s(t2m), data = .)    610.6348
gam(log(value) ~ s(v10m) + s(jd) + s(pblmin) + s(wdir) + s(nirradiance) + s(tp) + s(t2m), data = .)    599.0156
gam(log(value) ~ s(sp) + s(jd) + s(pblmin) + s(wdir) + s(nirradiance) + s(tp) + s(t2m), data = .)      621.8018
gam(log(value) ~ s(pbl00) + s(jd) + s(pblmin) + s(wdir) + s(nirradiance) + s(tp) + s(t2m), data = .)   674.7926
gam(log(value) ~ s(pbl12) + s(jd) + s(pblmin) + s(wdir) + s(nirradiance) + s(tp) + s(t2m), data = .)   644.4895
gam(log(value) ~ s(pblmax) + s(jd) + s(pblmin) + s(wdir) + s(nirradiance) + s(tp) + s(t2m), data = .)  645.9184
gam(log(value) ~ s(pwspeed) + s(jd) + s(pblmin) + s(wdir) + s(nirradiance) + s(tp) + s(t2m), data = .) 669.3329

Modello migliore: v10m - jd - pblmin - wdir - nirradiance - tp - t2m 

Dati backward:  599.015550661435::v10m::jd::pblmin::wdir::nirradiance::tp::t2m 

Scelgo il modello N-1 

---------- START ---------- 

                                                                                                           IT0869A
gam(log(value) ~ s(tmin2m) + s(jd) + s(pblmin) + s(wdir) + s(nirradiance) + s(tp) + s(wspeed), data = .)  596.7826
gam(log(value) ~ s(tmax2m) + s(jd) + s(pblmin) + s(wdir) + s(nirradiance) + s(tp) + s(wspeed), data = .)  604.5624
gam(log(value) ~ s(ptp) + s(jd) + s(pblmin) + s(wdir) + s(nirradiance) + s(tp) + s(wspeed), data = .)     654.3496
gam(log(value) ~ s(rh) + s(jd) + s(pblmin) + s(wdir) + s(nirradiance) + s(tp) + s(wspeed), data = .)      643.8664
gam(log(value) ~ s(u10m) + s(jd) + s(pblmin) + s(wdir) + s(nirradiance) + s(tp) + s(wspeed), data = .)    611.8309
gam(log(value) ~ s(v10m) + s(jd) + s(pblmin) + s(wdir) + s(nirradiance) + s(tp) + s(wspeed), data = .)    639.8190
gam(log(value) ~ s(sp) + s(jd) + s(pblmin) + s(wdir) + s(nirradiance) + s(tp) + s(wspeed), data = .)      597.9427
gam(log(value) ~ s(pbl00) + s(jd) + s(pblmin) + s(wdir) + s(nirradiance) + s(tp) + s(wspeed), data = .)   645.8642
gam(log(value) ~ s(pbl12) + s(jd) + s(pblmin) + s(wdir) + s(nirradiance) + s(tp) + s(wspeed), data = .)   634.8546
gam(log(value) ~ s(pblmax) + s(jd) + s(pblmin) + s(wdir) + s(nirradiance) + s(tp) + s(wspeed), data = .)  639.4734
gam(log(value) ~ s(pwspeed) + s(jd) + s(pblmin) + s(wdir) + s(nirradiance) + s(tp) + s(wspeed), data = .) 653.8812

Modello migliore: tmin2m - jd - pblmin - wdir - nirradiance - tp - wspeed 

Variabile scelta tmin2m con AIC 596.78260170547  

Fine per scelta MODELLO 

jd + pblmin + wdir + nirradiance + tp + wspeed 

---------------------- 

NOTE: Log Print Time:  2021-05-11 11:01:33 
NOTE: Elapsed Time in seconds: 1.54797675212224 

Fine per scelta MODELLO 

jd + pblmin + wdir + nirradiance + tp + wspeed 

---------------------- 

NOTE: Log Print Time:  2021-05-11 11:01:33 
NOTE: Elapsed Time in seconds: 0.00109601020812988 

Fine per scelta MODELLO 

jd + pblmin + wdir + nirradiance + tp + wspeed 

---------------------- 

NOTE: Log Print Time:  2021-05-11 11:01:33 
NOTE: Elapsed Time in seconds: 0.000996828079223633 

Fine per scelta MODELLO 

jd + pblmin + wdir + nirradiance + tp + wspeed 

---------------------- 

NOTE: Log Print Time:  2021-05-11 11:01:33 
NOTE: Elapsed Time in seconds: 0.00098872184753418 

Fine per scelta MODELLO 

jd + pblmin + wdir + nirradiance + tp + wspeed 

---------------------- 

NOTE: Log Print Time:  2021-05-11 11:01:33 
NOTE: Elapsed Time in seconds: 0.00101184844970703 

Fine per scelta MODELLO 

jd + pblmin + wdir + nirradiance + tp + wspeed 

---------------------- 

NOTE: Log Print Time:  2021-05-11 11:01:33 
NOTE: Elapsed Time in seconds: 0.000987529754638672 

Fine per scelta MODELLO 

jd + pblmin + wdir + nirradiance + tp + wspeed 

---------------------- 

NOTE: Log Print Time:  2021-05-11 11:01:33 
NOTE: Elapsed Time in seconds: 0.000995397567749023 

========================================================================= 
Log End Time: 2021-05-11 11:01:33 
Log Elapsed Time: 0 00:00:01 
========================================================================= 
