========================================================================= 
Log Path: output/12/no2/log/pulvirus_no2_12_IT0867A.log 
Working Directory: /home/rmorelli/R/pulvirus/analisi/GAM/scelta 
User Name: rmorelli 
R Version: 4.0.5 (2021-03-31) 
Machine: pasqualino x86_64 
Operating System: Linux 4.19.0-13-amd64 #1 SMP Debian 4.19.160-2 (2020-11-28) 
Log Start Time: 2021-05-11 11:01:35 
========================================================================= 

Stazione: IT0867A 

---------- START ---------- 

                                            IT0867A
gam(log(value) ~ s(t2m), data = .)         3456.554
gam(log(value) ~ s(tmin2m), data = .)      3544.697
gam(log(value) ~ s(tmax2m), data = .)      3470.765
gam(log(value) ~ s(tp), data = .)          3858.745
gam(log(value) ~ s(ptp), data = .)         3859.484
gam(log(value) ~ s(rh), data = .)          3780.677
gam(log(value) ~ s(u10m), data = .)        3703.637
gam(log(value) ~ s(v10m), data = .)        3838.614
gam(log(value) ~ s(sp), data = .)          3756.552
gam(log(value) ~ s(nirradiance), data = .) 3381.117
gam(log(value) ~ s(pbl00), data = .)       3858.832
gam(log(value) ~ s(pbl12), data = .)       3527.517
gam(log(value) ~ s(pblmin), data = .)      3856.417
gam(log(value) ~ s(pblmax), data = .)      3517.083
gam(log(value) ~ s(wdir), data = .)        3708.242
gam(log(value) ~ s(wspeed), data = .)      3840.874
gam(log(value) ~ s(pwspeed), data = .)     3840.359
gam(log(value) ~ s(jd), data = .)          2377.296

Modello migliore: jd 

Variabile scelta jd con AIC 2377.29580705744  

---------- START ---------- 

                                                    IT0867A
gam(log(value) ~ s(t2m) + s(jd), data = .)         2266.350
gam(log(value) ~ s(tmin2m) + s(jd), data = .)      2293.228
gam(log(value) ~ s(tmax2m) + s(jd), data = .)      2290.809
gam(log(value) ~ s(tp) + s(jd), data = .)          2360.933
gam(log(value) ~ s(ptp) + s(jd), data = .)         2371.304
gam(log(value) ~ s(rh) + s(jd), data = .)          2372.800
gam(log(value) ~ s(u10m) + s(jd), data = .)        2299.003
gam(log(value) ~ s(v10m) + s(jd), data = .)        2326.084
gam(log(value) ~ s(sp) + s(jd), data = .)          2339.728
gam(log(value) ~ s(nirradiance) + s(jd), data = .) 2277.960
gam(log(value) ~ s(pbl00) + s(jd), data = .)       2343.278
gam(log(value) ~ s(pbl12) + s(jd), data = .)       2266.959
gam(log(value) ~ s(pblmin) + s(jd), data = .)      2316.962
gam(log(value) ~ s(pblmax) + s(jd), data = .)      2267.737
gam(log(value) ~ s(wdir) + s(jd), data = .)        2335.828
gam(log(value) ~ s(wspeed) + s(jd), data = .)      2316.274
gam(log(value) ~ s(pwspeed) + s(jd), data = .)     2375.736
gam(log(value) ~ s(jd) + s(jd), data = .)          2377.296

Modello migliore: t2m - jd 

Variabile scelta t2m con AIC 2266.35035462426  

Modelli BACKWARD 

                                                     IT0867A
gam(log(value) ~ s(tmin2m) + s(t2m), data = .)      3450.695
gam(log(value) ~ s(tmax2m) + s(t2m), data = .)      3435.189
gam(log(value) ~ s(tp) + s(t2m), data = .)          3454.440
gam(log(value) ~ s(ptp) + s(t2m), data = .)         3450.426
gam(log(value) ~ s(rh) + s(t2m), data = .)          3442.553
gam(log(value) ~ s(u10m) + s(t2m), data = .)        3397.403
gam(log(value) ~ s(v10m) + s(t2m), data = .)        3414.889
gam(log(value) ~ s(sp) + s(t2m), data = .)          3414.277
gam(log(value) ~ s(nirradiance) + s(t2m), data = .) 3280.754
gam(log(value) ~ s(pbl00) + s(t2m), data = .)       3435.233
gam(log(value) ~ s(pbl12) + s(t2m), data = .)       3359.188
gam(log(value) ~ s(pblmin) + s(t2m), data = .)      3434.738
gam(log(value) ~ s(pblmax) + s(t2m), data = .)      3356.807
gam(log(value) ~ s(wdir) + s(t2m), data = .)        3395.637
gam(log(value) ~ s(wspeed) + s(t2m), data = .)      3420.435
gam(log(value) ~ s(pwspeed) + s(t2m), data = .)     3455.083

Modello migliore: nirradiance - t2m 

Dati backward:  3280.75357091314::nirradiance::t2m 

Scelgo il modello N 

---------- START ---------- 

                                                             IT0867A
gam(log(value) ~ s(tmin2m) + s(jd) + s(t2m), data = .)      2241.376
gam(log(value) ~ s(tmax2m) + s(jd) + s(t2m), data = .)      2217.211
gam(log(value) ~ s(tp) + s(jd) + s(t2m), data = .)          2249.921
gam(log(value) ~ s(ptp) + s(jd) + s(t2m), data = .)         2247.807
gam(log(value) ~ s(rh) + s(jd) + s(t2m), data = .)          2263.218
gam(log(value) ~ s(u10m) + s(jd) + s(t2m), data = .)        2183.396
gam(log(value) ~ s(v10m) + s(jd) + s(t2m), data = .)        2201.653
gam(log(value) ~ s(sp) + s(jd) + s(t2m), data = .)          2205.254
gam(log(value) ~ s(nirradiance) + s(jd) + s(t2m), data = .) 2191.169
gam(log(value) ~ s(pbl00) + s(jd) + s(t2m), data = .)       2216.690
gam(log(value) ~ s(pbl12) + s(jd) + s(t2m), data = .)       2180.601
gam(log(value) ~ s(pblmin) + s(jd) + s(t2m), data = .)      2194.751
gam(log(value) ~ s(pblmax) + s(jd) + s(t2m), data = .)      2179.909
gam(log(value) ~ s(wdir) + s(jd) + s(t2m), data = .)        2223.598
gam(log(value) ~ s(wspeed) + s(jd) + s(t2m), data = .)      2187.477
gam(log(value) ~ s(pwspeed) + s(jd) + s(t2m), data = .)     2263.460

Modello migliore: pblmax - jd - t2m 

Variabile scelta pblmax con AIC 2179.90922178668  

Modelli BACKWARD 

                                                                IT0867A
gam(log(value) ~ s(tmin2m) + s(jd) + s(pblmax), data = .)      2183.926
gam(log(value) ~ s(tmax2m) + s(jd) + s(pblmax), data = .)      2211.472
gam(log(value) ~ s(tp) + s(jd) + s(pblmax), data = .)          2240.020
gam(log(value) ~ s(ptp) + s(jd) + s(pblmax), data = .)         2262.968
gam(log(value) ~ s(rh) + s(jd) + s(pblmax), data = .)          2251.491
gam(log(value) ~ s(u10m) + s(jd) + s(pblmax), data = .)        2212.188
gam(log(value) ~ s(v10m) + s(jd) + s(pblmax), data = .)        2241.660
gam(log(value) ~ s(sp) + s(jd) + s(pblmax), data = .)          2239.187
gam(log(value) ~ s(nirradiance) + s(jd) + s(pblmax), data = .) 2220.440
gam(log(value) ~ s(pbl00) + s(jd) + s(pblmax), data = .)       2248.661
gam(log(value) ~ s(pbl12) + s(jd) + s(pblmax), data = .)       2262.435
gam(log(value) ~ s(pblmin) + s(jd) + s(pblmax), data = .)      2226.325
gam(log(value) ~ s(wdir) + s(jd) + s(pblmax), data = .)        2239.426
gam(log(value) ~ s(wspeed) + s(jd) + s(pblmax), data = .)      2242.043
gam(log(value) ~ s(pwspeed) + s(jd) + s(pblmax), data = .)     2268.848

Modello migliore: tmin2m - jd - pblmax 

Dati backward:  2183.92633039359::tmin2m::jd::pblmax 

Scelgo il modello N 

---------- START ---------- 

                                                                         IT0867A
gam(log(value) ~ s(tmin2m) + s(jd) + s(t2m) + s(pblmax), data = .)      2146.928
gam(log(value) ~ s(tmax2m) + s(jd) + s(t2m) + s(pblmax), data = .)      2117.023
gam(log(value) ~ s(tp) + s(jd) + s(t2m) + s(pblmax), data = .)          2152.833
gam(log(value) ~ s(ptp) + s(jd) + s(t2m) + s(pblmax), data = .)         2165.671
gam(log(value) ~ s(rh) + s(jd) + s(t2m) + s(pblmax), data = .)          2164.084
gam(log(value) ~ s(u10m) + s(jd) + s(t2m) + s(pblmax), data = .)        2114.495
gam(log(value) ~ s(v10m) + s(jd) + s(t2m) + s(pblmax), data = .)        2147.936
gam(log(value) ~ s(sp) + s(jd) + s(t2m) + s(pblmax), data = .)          2126.775
gam(log(value) ~ s(nirradiance) + s(jd) + s(t2m) + s(pblmax), data = .) 2143.933
gam(log(value) ~ s(pbl00) + s(jd) + s(t2m) + s(pblmax), data = .)       2146.465
gam(log(value) ~ s(pbl12) + s(jd) + s(t2m) + s(pblmax), data = .)       2174.679
gam(log(value) ~ s(pblmin) + s(jd) + s(t2m) + s(pblmax), data = .)      2124.261
gam(log(value) ~ s(wdir) + s(jd) + s(t2m) + s(pblmax), data = .)        2155.286
gam(log(value) ~ s(wspeed) + s(jd) + s(t2m) + s(pblmax), data = .)      2136.496
gam(log(value) ~ s(pwspeed) + s(jd) + s(t2m) + s(pblmax), data = .)     2180.414

Modello migliore: u10m - jd - t2m - pblmax 

Variabile scelta u10m con AIC 2114.49473770998  

Modelli BACKWARD 

                                                                       IT0867A
gam(log(value) ~ s(tmin2m) + s(jd) + s(t2m) + s(u10m), data = .)      2165.716
gam(log(value) ~ s(tmax2m) + s(jd) + s(t2m) + s(u10m), data = .)      2152.855
gam(log(value) ~ s(tp) + s(jd) + s(t2m) + s(u10m), data = .)          2172.216
gam(log(value) ~ s(ptp) + s(jd) + s(t2m) + s(u10m), data = .)         2166.792
gam(log(value) ~ s(rh) + s(jd) + s(t2m) + s(u10m), data = .)          2184.456
gam(log(value) ~ s(v10m) + s(jd) + s(t2m) + s(u10m), data = .)        2134.908
gam(log(value) ~ s(sp) + s(jd) + s(t2m) + s(u10m), data = .)          2135.612
gam(log(value) ~ s(nirradiance) + s(jd) + s(t2m) + s(u10m), data = .) 2123.215
gam(log(value) ~ s(pbl00) + s(jd) + s(t2m) + s(u10m), data = .)       2158.065
gam(log(value) ~ s(pbl12) + s(jd) + s(t2m) + s(u10m), data = .)       2116.576
gam(log(value) ~ s(pblmin) + s(jd) + s(t2m) + s(u10m), data = .)      2137.361
gam(log(value) ~ s(wdir) + s(jd) + s(t2m) + s(u10m), data = .)        2166.325
gam(log(value) ~ s(wspeed) + s(jd) + s(t2m) + s(u10m), data = .)      2141.108
gam(log(value) ~ s(pwspeed) + s(jd) + s(t2m) + s(u10m), data = .)     2185.066

Modello migliore: pbl12 - jd - t2m - u10m 

Dati backward:  2116.57553683964::pbl12::jd::t2m::u10m 

Scelgo il modello N 

---------- START ---------- 

                                                                                   IT0867A
gam(log(value) ~ s(tmin2m) + s(jd) + s(t2m) + s(pblmax) + s(u10m), data = .)      2094.003
gam(log(value) ~ s(tmax2m) + s(jd) + s(t2m) + s(pblmax) + s(u10m), data = .)      2075.546
gam(log(value) ~ s(tp) + s(jd) + s(t2m) + s(pblmax) + s(u10m), data = .)          2090.072
gam(log(value) ~ s(ptp) + s(jd) + s(t2m) + s(pblmax) + s(u10m), data = .)         2100.356
gam(log(value) ~ s(rh) + s(jd) + s(t2m) + s(pblmax) + s(u10m), data = .)          2103.068
gam(log(value) ~ s(v10m) + s(jd) + s(t2m) + s(pblmax) + s(u10m), data = .)        2092.137
gam(log(value) ~ s(sp) + s(jd) + s(t2m) + s(pblmax) + s(u10m), data = .)          2068.697
gam(log(value) ~ s(nirradiance) + s(jd) + s(t2m) + s(pblmax) + s(u10m), data = .) 2088.287
gam(log(value) ~ s(pbl00) + s(jd) + s(t2m) + s(pblmax) + s(u10m), data = .)       2096.113
gam(log(value) ~ s(pbl12) + s(jd) + s(t2m) + s(pblmax) + s(u10m), data = .)       2111.615
gam(log(value) ~ s(pblmin) + s(jd) + s(t2m) + s(pblmax) + s(u10m), data = .)      2076.751
gam(log(value) ~ s(wdir) + s(jd) + s(t2m) + s(pblmax) + s(u10m), data = .)        2105.913
gam(log(value) ~ s(wspeed) + s(jd) + s(t2m) + s(pblmax) + s(u10m), data = .)      2091.897
gam(log(value) ~ s(pwspeed) + s(jd) + s(t2m) + s(pblmax) + s(u10m), data = .)     2116.469

Modello migliore: sp - jd - t2m - pblmax - u10m 

Variabile scelta sp con AIC 2068.69732568998  

Modelli BACKWARD 

                                                                                 IT0867A
gam(log(value) ~ s(tmin2m) + s(jd) + s(t2m) + s(pblmax) + s(sp), data = .)      2110.969
gam(log(value) ~ s(tmax2m) + s(jd) + s(t2m) + s(pblmax) + s(sp), data = .)      2095.924
gam(log(value) ~ s(tp) + s(jd) + s(t2m) + s(pblmax) + s(sp), data = .)          2124.396
gam(log(value) ~ s(ptp) + s(jd) + s(t2m) + s(pblmax) + s(sp), data = .)         2128.128
gam(log(value) ~ s(rh) + s(jd) + s(t2m) + s(pblmax) + s(sp), data = .)          2127.244
gam(log(value) ~ s(v10m) + s(jd) + s(t2m) + s(pblmax) + s(sp), data = .)        2112.068
gam(log(value) ~ s(nirradiance) + s(jd) + s(t2m) + s(pblmax) + s(sp), data = .) 2079.185
gam(log(value) ~ s(pbl00) + s(jd) + s(t2m) + s(pblmax) + s(sp), data = .)       2116.735
gam(log(value) ~ s(pbl12) + s(jd) + s(t2m) + s(pblmax) + s(sp), data = .)       2123.523
gam(log(value) ~ s(pblmin) + s(jd) + s(t2m) + s(pblmax) + s(sp), data = .)      2096.532
gam(log(value) ~ s(wdir) + s(jd) + s(t2m) + s(pblmax) + s(sp), data = .)        2113.570
gam(log(value) ~ s(wspeed) + s(jd) + s(t2m) + s(pblmax) + s(sp), data = .)      2097.502
gam(log(value) ~ s(pwspeed) + s(jd) + s(t2m) + s(pblmax) + s(sp), data = .)     2128.725

Modello migliore: nirradiance - jd - t2m - pblmax - sp 

Dati backward:  2079.18540098699::nirradiance::jd::t2m::pblmax::sp 

Scelgo il modello N 

---------- START ---------- 

                                                                                           IT0867A
gam(log(value) ~ s(tmin2m) + s(jd) + s(t2m) + s(pblmax) + s(u10m) + s(sp), data = .)      2057.355
gam(log(value) ~ s(tmax2m) + s(jd) + s(t2m) + s(pblmax) + s(u10m) + s(sp), data = .)      2050.926
gam(log(value) ~ s(tp) + s(jd) + s(t2m) + s(pblmax) + s(u10m) + s(sp), data = .)          2066.566
gam(log(value) ~ s(ptp) + s(jd) + s(t2m) + s(pblmax) + s(u10m) + s(sp), data = .)         2068.388
gam(log(value) ~ s(rh) + s(jd) + s(t2m) + s(pblmax) + s(u10m) + s(sp), data = .)          2070.304
gam(log(value) ~ s(v10m) + s(jd) + s(t2m) + s(pblmax) + s(u10m) + s(sp), data = .)        2059.290
gam(log(value) ~ s(nirradiance) + s(jd) + s(t2m) + s(pblmax) + s(u10m) + s(sp), data = .) 2031.815
gam(log(value) ~ s(pbl00) + s(jd) + s(t2m) + s(pblmax) + s(u10m) + s(sp), data = .)       2066.907
gam(log(value) ~ s(pbl12) + s(jd) + s(t2m) + s(pblmax) + s(u10m) + s(sp), data = .)       2066.996
gam(log(value) ~ s(pblmin) + s(jd) + s(t2m) + s(pblmax) + s(u10m) + s(sp), data = .)      2051.243
gam(log(value) ~ s(wdir) + s(jd) + s(t2m) + s(pblmax) + s(u10m) + s(sp), data = .)        2066.791
gam(log(value) ~ s(wspeed) + s(jd) + s(t2m) + s(pblmax) + s(u10m) + s(sp), data = .)      2060.698
gam(log(value) ~ s(pwspeed) + s(jd) + s(t2m) + s(pblmax) + s(u10m) + s(sp), data = .)     2069.440

Modello migliore: nirradiance - jd - t2m - pblmax - u10m - sp 

Variabile scelta nirradiance con AIC 2031.81533581081  

Modelli BACKWARD 

                                                                                                IT0867A
gam(log(value) ~ s(tmin2m) + s(jd) + s(t2m) + s(pblmax) + s(u10m) + s(nirradiance), data = .)  2048.986
gam(log(value) ~ s(tmax2m) + s(jd) + s(t2m) + s(pblmax) + s(u10m) + s(nirradiance), data = .)  2014.118
gam(log(value) ~ s(tp) + s(jd) + s(t2m) + s(pblmax) + s(u10m) + s(nirradiance), data = .)      2039.265
gam(log(value) ~ s(ptp) + s(jd) + s(t2m) + s(pblmax) + s(u10m) + s(nirradiance), data = .)     2071.642
gam(log(value) ~ s(rh) + s(jd) + s(t2m) + s(pblmax) + s(u10m) + s(nirradiance), data = .)      2056.296
gam(log(value) ~ s(v10m) + s(jd) + s(t2m) + s(pblmax) + s(u10m) + s(nirradiance), data = .)    2063.248
gam(log(value) ~ s(pbl00) + s(jd) + s(t2m) + s(pblmax) + s(u10m) + s(nirradiance), data = .)   2063.551
gam(log(value) ~ s(pbl12) + s(jd) + s(t2m) + s(pblmax) + s(u10m) + s(nirradiance), data = .)   2086.164
gam(log(value) ~ s(pblmin) + s(jd) + s(t2m) + s(pblmax) + s(u10m) + s(nirradiance), data = .)  2039.282
gam(log(value) ~ s(wdir) + s(jd) + s(t2m) + s(pblmax) + s(u10m) + s(nirradiance), data = .)    2080.046
gam(log(value) ~ s(wspeed) + s(jd) + s(t2m) + s(pblmax) + s(u10m) + s(nirradiance), data = .)  2061.601
gam(log(value) ~ s(pwspeed) + s(jd) + s(t2m) + s(pblmax) + s(u10m) + s(nirradiance), data = .) 2089.900

Modello migliore: tmax2m - jd - t2m - pblmax - u10m - nirradiance 

Dati backward:  2014.11831778528::tmax2m::jd::t2m::pblmax::u10m::nirradiance 

Scelgo il modello N-1 

---------- START ---------- 

                                                                                       IT0867A
gam(log(value) ~ s(tmin2m) + s(jd) + s(t2m) + s(pblmax) + s(u10m) + s(sp), data = .)  2057.355
gam(log(value) ~ s(tmax2m) + s(jd) + s(t2m) + s(pblmax) + s(u10m) + s(sp), data = .)  2050.926
gam(log(value) ~ s(tp) + s(jd) + s(t2m) + s(pblmax) + s(u10m) + s(sp), data = .)      2066.566
gam(log(value) ~ s(ptp) + s(jd) + s(t2m) + s(pblmax) + s(u10m) + s(sp), data = .)     2068.388
gam(log(value) ~ s(rh) + s(jd) + s(t2m) + s(pblmax) + s(u10m) + s(sp), data = .)      2070.304
gam(log(value) ~ s(v10m) + s(jd) + s(t2m) + s(pblmax) + s(u10m) + s(sp), data = .)    2059.290
gam(log(value) ~ s(pbl00) + s(jd) + s(t2m) + s(pblmax) + s(u10m) + s(sp), data = .)   2066.907
gam(log(value) ~ s(pbl12) + s(jd) + s(t2m) + s(pblmax) + s(u10m) + s(sp), data = .)   2066.996
gam(log(value) ~ s(pblmin) + s(jd) + s(t2m) + s(pblmax) + s(u10m) + s(sp), data = .)  2051.243
gam(log(value) ~ s(wdir) + s(jd) + s(t2m) + s(pblmax) + s(u10m) + s(sp), data = .)    2066.791
gam(log(value) ~ s(wspeed) + s(jd) + s(t2m) + s(pblmax) + s(u10m) + s(sp), data = .)  2060.698
gam(log(value) ~ s(pwspeed) + s(jd) + s(t2m) + s(pblmax) + s(u10m) + s(sp), data = .) 2069.440

Modello migliore: tmax2m - jd - t2m - pblmax - u10m - sp 

Variabile scelta tmax2m con AIC 2050.92633442723  

Fine per scelta MODELLO 

jd + t2m + pblmax + u10m + sp 

---------------------- 

NOTE: Log Print Time:  2021-05-11 11:02:43 
NOTE: Elapsed Time in seconds: 1.1300506512324 

Fine per scelta MODELLO 

jd + t2m + pblmax + u10m + sp 

---------------------- 

NOTE: Log Print Time:  2021-05-11 11:02:43 
NOTE: Elapsed Time in seconds: 0.00116872787475586 

Fine per scelta MODELLO 

jd + t2m + pblmax + u10m + sp 

---------------------- 

NOTE: Log Print Time:  2021-05-11 11:02:43 
NOTE: Elapsed Time in seconds: 0.00104331970214844 

Fine per scelta MODELLO 

jd + t2m + pblmax + u10m + sp 

---------------------- 

NOTE: Log Print Time:  2021-05-11 11:02:43 
NOTE: Elapsed Time in seconds: 0.0010218620300293 

Fine per scelta MODELLO 

jd + t2m + pblmax + u10m + sp 

---------------------- 

NOTE: Log Print Time:  2021-05-11 11:02:43 
NOTE: Elapsed Time in seconds: 0.00101447105407715 

Fine per scelta MODELLO 

jd + t2m + pblmax + u10m + sp 

---------------------- 

NOTE: Log Print Time:  2021-05-11 11:02:43 
NOTE: Elapsed Time in seconds: 0.00103259086608887 

========================================================================= 
Log End Time: 2021-05-11 11:02:43 
Log Elapsed Time: 0 00:00:01 
========================================================================= 
