========================================================================= 
Log Path: output/12/no2/log/pulvirus_no2_12_IT0889A.log 
Working Directory: /home/rmorelli/R/pulvirus/analisi/GAM/scelta 
User Name: rmorelli 
R Version: 4.0.5 (2021-03-31) 
Machine: pasqualino x86_64 
Operating System: Linux 4.19.0-13-amd64 #1 SMP Debian 4.19.160-2 (2020-11-28) 
Log Start Time: 2021-05-11 11:49:53 
========================================================================= 

Stazione: IT0889A 

---------- START ---------- 

                                            IT0889A
gam(log(value) ~ s(t2m), data = .)         1682.179
gam(log(value) ~ s(tmin2m), data = .)      1695.384
gam(log(value) ~ s(tmax2m), data = .)      1805.747
gam(log(value) ~ s(tp), data = .)          2150.212
gam(log(value) ~ s(ptp), data = .)         2240.132
gam(log(value) ~ s(rh), data = .)          2217.173
gam(log(value) ~ s(u10m), data = .)        2113.964
gam(log(value) ~ s(v10m), data = .)        1959.047
gam(log(value) ~ s(sp), data = .)          1954.488
gam(log(value) ~ s(nirradiance), data = .) 1858.211
gam(log(value) ~ s(pbl00), data = .)       2216.751
gam(log(value) ~ s(pbl12), data = .)       1960.704
gam(log(value) ~ s(pblmin), data = .)      2183.796
gam(log(value) ~ s(pblmax), data = .)      2001.803
gam(log(value) ~ s(wdir), data = .)        1918.149
gam(log(value) ~ s(wspeed), data = .)      2172.830
gam(log(value) ~ s(pwspeed), data = .)     2196.891
gam(log(value) ~ s(jd), data = .)          1302.702

Modello migliore: jd 

Variabile scelta jd con AIC 1302.70213322548  

---------- START ---------- 

                                                     IT0889A
gam(log(value) ~ s(t2m) + s(jd), data = .)         1145.4760
gam(log(value) ~ s(tmin2m) + s(jd), data = .)      1107.4730
gam(log(value) ~ s(tmax2m) + s(jd), data = .)      1229.7077
gam(log(value) ~ s(tp) + s(jd), data = .)          1037.6097
gam(log(value) ~ s(ptp) + s(jd), data = .)         1244.2064
gam(log(value) ~ s(rh) + s(jd), data = .)          1216.6486
gam(log(value) ~ s(u10m) + s(jd), data = .)        1135.1746
gam(log(value) ~ s(v10m) + s(jd), data = .)         981.2908
gam(log(value) ~ s(sp) + s(jd), data = .)          1086.4169
gam(log(value) ~ s(nirradiance) + s(jd), data = .) 1195.2342
gam(log(value) ~ s(pbl00) + s(jd), data = .)       1070.1867
gam(log(value) ~ s(pbl12) + s(jd), data = .)       1257.3537
gam(log(value) ~ s(pblmin) + s(jd), data = .)       981.4738
gam(log(value) ~ s(pblmax) + s(jd), data = .)      1263.5956
gam(log(value) ~ s(wdir) + s(jd), data = .)        1092.0053
gam(log(value) ~ s(wspeed) + s(jd), data = .)      1080.6222
gam(log(value) ~ s(pwspeed) + s(jd), data = .)     1266.1677
gam(log(value) ~ s(jd) + s(jd), data = .)          1302.7021

Modello migliore: v10m - jd 

Variabile scelta v10m con AIC 981.290791002672  

Modelli BACKWARD 

                                                      IT0889A
gam(log(value) ~ s(t2m) + s(v10m), data = .)         1491.521
gam(log(value) ~ s(tmin2m) + s(v10m), data = .)      1546.565
gam(log(value) ~ s(tmax2m) + s(v10m), data = .)      1530.408
gam(log(value) ~ s(tp) + s(v10m), data = .)          1928.598
gam(log(value) ~ s(ptp) + s(v10m), data = .)         1935.022
gam(log(value) ~ s(rh) + s(v10m), data = .)          1829.148
gam(log(value) ~ s(u10m) + s(v10m), data = .)        1854.271
gam(log(value) ~ s(sp) + s(v10m), data = .)          1796.097
gam(log(value) ~ s(nirradiance) + s(v10m), data = .) 1551.655
gam(log(value) ~ s(pbl00) + s(v10m), data = .)       1943.279
gam(log(value) ~ s(pbl12) + s(v10m), data = .)       1711.587
gam(log(value) ~ s(pblmin) + s(v10m), data = .)      1918.824
gam(log(value) ~ s(pblmax) + s(v10m), data = .)      1725.116
gam(log(value) ~ s(wdir) + s(v10m), data = .)        1848.617
gam(log(value) ~ s(wspeed) + s(v10m), data = .)      1940.476
gam(log(value) ~ s(pwspeed) + s(v10m), data = .)     1913.780

Modello migliore: t2m - v10m 

Dati backward:  1491.52099744664::t2m::v10m 

Scelgo il modello N 

---------- START ---------- 

                                                              IT0889A
gam(log(value) ~ s(t2m) + s(jd) + s(v10m), data = .)         870.8395
gam(log(value) ~ s(tmin2m) + s(jd) + s(v10m), data = .)      864.9628
gam(log(value) ~ s(tmax2m) + s(jd) + s(v10m), data = .)      900.3768
gam(log(value) ~ s(tp) + s(jd) + s(v10m), data = .)          869.6290
gam(log(value) ~ s(ptp) + s(jd) + s(v10m), data = .)         936.2386
gam(log(value) ~ s(rh) + s(jd) + s(v10m), data = .)          969.9462
gam(log(value) ~ s(u10m) + s(jd) + s(v10m), data = .)        896.8300
gam(log(value) ~ s(sp) + s(jd) + s(v10m), data = .)          884.3758
gam(log(value) ~ s(nirradiance) + s(jd) + s(v10m), data = .) 906.6687
gam(log(value) ~ s(pbl00) + s(jd) + s(v10m), data = .)       878.8762
gam(log(value) ~ s(pbl12) + s(jd) + s(v10m), data = .)       953.0814
gam(log(value) ~ s(pblmin) + s(jd) + s(v10m), data = .)      816.0884
gam(log(value) ~ s(pblmax) + s(jd) + s(v10m), data = .)      952.7789
gam(log(value) ~ s(wdir) + s(jd) + s(v10m), data = .)        945.6134
gam(log(value) ~ s(wspeed) + s(jd) + s(v10m), data = .)      901.4583
gam(log(value) ~ s(pwspeed) + s(jd) + s(v10m), data = .)     971.0697

Modello migliore: pblmin - jd - v10m 

Variabile scelta pblmin con AIC 816.088360917159  

Modelli BACKWARD 

                                                                IT0889A
gam(log(value) ~ s(t2m) + s(jd) + s(pblmin), data = .)         826.8956
gam(log(value) ~ s(tmin2m) + s(jd) + s(pblmin), data = .)      833.7127
gam(log(value) ~ s(tmax2m) + s(jd) + s(pblmin), data = .)      878.6671
gam(log(value) ~ s(tp) + s(jd) + s(pblmin), data = .)          869.3292
gam(log(value) ~ s(ptp) + s(jd) + s(pblmin), data = .)         960.7441
gam(log(value) ~ s(rh) + s(jd) + s(pblmin), data = .)          934.3258
gam(log(value) ~ s(u10m) + s(jd) + s(pblmin), data = .)        946.8864
gam(log(value) ~ s(sp) + s(jd) + s(pblmin), data = .)          873.1049
gam(log(value) ~ s(nirradiance) + s(jd) + s(pblmin), data = .) 896.4053
gam(log(value) ~ s(pbl00) + s(jd) + s(pblmin), data = .)       966.3482
gam(log(value) ~ s(pbl12) + s(jd) + s(pblmin), data = .)       934.6666
gam(log(value) ~ s(pblmax) + s(jd) + s(pblmin), data = .)      938.8245
gam(log(value) ~ s(wdir) + s(jd) + s(pblmin), data = .)        831.5759
gam(log(value) ~ s(wspeed) + s(jd) + s(pblmin), data = .)      954.3012
gam(log(value) ~ s(pwspeed) + s(jd) + s(pblmin), data = .)     956.8593

Modello migliore: t2m - jd - pblmin 

Dati backward:  826.895607345473::t2m::jd::pblmin 

Scelgo il modello N 

---------- START ---------- 

                                                                          IT0889A
gam(log(value) ~ s(t2m) + s(jd) + s(v10m) + s(pblmin), data = .)         716.7709
gam(log(value) ~ s(tmin2m) + s(jd) + s(v10m) + s(pblmin), data = .)      735.4263
gam(log(value) ~ s(tmax2m) + s(jd) + s(v10m) + s(pblmin), data = .)      721.8414
gam(log(value) ~ s(tp) + s(jd) + s(v10m) + s(pblmin), data = .)          762.9138
gam(log(value) ~ s(ptp) + s(jd) + s(v10m) + s(pblmin), data = .)         792.6355
gam(log(value) ~ s(rh) + s(jd) + s(v10m) + s(pblmin), data = .)          804.6698
gam(log(value) ~ s(u10m) + s(jd) + s(v10m) + s(pblmin), data = .)        792.5065
gam(log(value) ~ s(sp) + s(jd) + s(v10m) + s(pblmin), data = .)          763.7958
gam(log(value) ~ s(nirradiance) + s(jd) + s(v10m) + s(pblmin), data = .) 736.5122
gam(log(value) ~ s(pbl00) + s(jd) + s(v10m) + s(pblmin), data = .)       808.2589
gam(log(value) ~ s(pbl12) + s(jd) + s(v10m) + s(pblmin), data = .)       783.1669
gam(log(value) ~ s(pblmax) + s(jd) + s(v10m) + s(pblmin), data = .)      788.1153
gam(log(value) ~ s(wdir) + s(jd) + s(v10m) + s(pblmin), data = .)        800.5255
gam(log(value) ~ s(wspeed) + s(jd) + s(v10m) + s(pblmin), data = .)      801.3356
gam(log(value) ~ s(pwspeed) + s(jd) + s(v10m) + s(pblmin), data = .)     801.7571

Modello migliore: t2m - jd - v10m - pblmin 

Variabile scelta t2m con AIC 716.770883257703  

Modelli BACKWARD 

                                                                       IT0889A
gam(log(value) ~ s(tmin2m) + s(jd) + s(v10m) + s(t2m), data = .)      738.5620
gam(log(value) ~ s(tmax2m) + s(jd) + s(v10m) + s(t2m), data = .)      737.5878
gam(log(value) ~ s(tp) + s(jd) + s(v10m) + s(t2m), data = .)          733.0103
gam(log(value) ~ s(ptp) + s(jd) + s(v10m) + s(t2m), data = .)         816.1934
gam(log(value) ~ s(rh) + s(jd) + s(v10m) + s(t2m), data = .)          854.7083
gam(log(value) ~ s(u10m) + s(jd) + s(v10m) + s(t2m), data = .)        782.1702
gam(log(value) ~ s(sp) + s(jd) + s(v10m) + s(t2m), data = .)          750.5231
gam(log(value) ~ s(nirradiance) + s(jd) + s(v10m) + s(t2m), data = .) 800.1374
gam(log(value) ~ s(pbl00) + s(jd) + s(v10m) + s(t2m), data = .)       774.2819
gam(log(value) ~ s(pbl12) + s(jd) + s(v10m) + s(t2m), data = .)       852.2939
gam(log(value) ~ s(pblmax) + s(jd) + s(v10m) + s(t2m), data = .)      848.6628
gam(log(value) ~ s(wdir) + s(jd) + s(v10m) + s(t2m), data = .)        826.7410
gam(log(value) ~ s(wspeed) + s(jd) + s(v10m) + s(t2m), data = .)      788.9841
gam(log(value) ~ s(pwspeed) + s(jd) + s(v10m) + s(t2m), data = .)     864.0744

Modello migliore: tp - jd - v10m - t2m 

Dati backward:  733.01029391875::tp::jd::v10m::t2m 

Scelgo il modello N 

---------- START ---------- 

                                                                                   IT0889A
gam(log(value) ~ s(tmin2m) + s(jd) + s(v10m) + s(pblmin) + s(t2m), data = .)      621.7038
gam(log(value) ~ s(tmax2m) + s(jd) + s(v10m) + s(pblmin) + s(t2m), data = .)      632.8599
gam(log(value) ~ s(tp) + s(jd) + s(v10m) + s(pblmin) + s(t2m), data = .)          641.8432
gam(log(value) ~ s(ptp) + s(jd) + s(v10m) + s(pblmin) + s(t2m), data = .)         683.6070
gam(log(value) ~ s(rh) + s(jd) + s(v10m) + s(pblmin) + s(t2m), data = .)          701.1921
gam(log(value) ~ s(u10m) + s(jd) + s(v10m) + s(pblmin) + s(t2m), data = .)        690.1796
gam(log(value) ~ s(sp) + s(jd) + s(v10m) + s(pblmin) + s(t2m), data = .)          647.9166
gam(log(value) ~ s(nirradiance) + s(jd) + s(v10m) + s(pblmin) + s(t2m), data = .) 651.0708
gam(log(value) ~ s(pbl00) + s(jd) + s(v10m) + s(pblmin) + s(t2m), data = .)       708.2562
gam(log(value) ~ s(pbl12) + s(jd) + s(v10m) + s(pblmin) + s(t2m), data = .)       693.0599
gam(log(value) ~ s(pblmax) + s(jd) + s(v10m) + s(pblmin) + s(t2m), data = .)      694.4522
gam(log(value) ~ s(wdir) + s(jd) + s(v10m) + s(pblmin) + s(t2m), data = .)        695.1184
gam(log(value) ~ s(wspeed) + s(jd) + s(v10m) + s(pblmin) + s(t2m), data = .)      699.8647
gam(log(value) ~ s(pwspeed) + s(jd) + s(v10m) + s(pblmin) + s(t2m), data = .)     713.0696

Modello migliore: tmin2m - jd - v10m - pblmin - t2m 

Variabile scelta tmin2m con AIC 621.703832678432  

Modelli BACKWARD 

                                                                                      IT0889A
gam(log(value) ~ s(tmax2m) + s(jd) + s(v10m) + s(pblmin) + s(tmin2m), data = .)      621.6794
gam(log(value) ~ s(tp) + s(jd) + s(v10m) + s(pblmin) + s(tmin2m), data = .)          684.1762
gam(log(value) ~ s(ptp) + s(jd) + s(v10m) + s(pblmin) + s(tmin2m), data = .)         708.0059
gam(log(value) ~ s(rh) + s(jd) + s(v10m) + s(pblmin) + s(tmin2m), data = .)          696.6679
gam(log(value) ~ s(u10m) + s(jd) + s(v10m) + s(pblmin) + s(tmin2m), data = .)        720.1929
gam(log(value) ~ s(sp) + s(jd) + s(v10m) + s(pblmin) + s(tmin2m), data = .)          689.2902
gam(log(value) ~ s(nirradiance) + s(jd) + s(v10m) + s(pblmin) + s(tmin2m), data = .) 642.2374
gam(log(value) ~ s(pbl00) + s(jd) + s(v10m) + s(pblmin) + s(tmin2m), data = .)       730.1912
gam(log(value) ~ s(pbl12) + s(jd) + s(v10m) + s(pblmin) + s(tmin2m), data = .)       706.6093
gam(log(value) ~ s(pblmax) + s(jd) + s(v10m) + s(pblmin) + s(tmin2m), data = .)      707.3144
gam(log(value) ~ s(wdir) + s(jd) + s(v10m) + s(pblmin) + s(tmin2m), data = .)        730.7193
gam(log(value) ~ s(wspeed) + s(jd) + s(v10m) + s(pblmin) + s(tmin2m), data = .)      717.9960
gam(log(value) ~ s(pwspeed) + s(jd) + s(v10m) + s(pblmin) + s(tmin2m), data = .)     729.6837

Modello migliore: tmax2m - jd - v10m - pblmin - tmin2m 

Dati backward:  621.679363634885::tmax2m::jd::v10m::pblmin::tmin2m 

Scelgo il modello N-1 

---------- START ---------- 

                                                                                   IT0889A
gam(log(value) ~ s(tmax2m) + s(jd) + s(v10m) + s(pblmin) + s(t2m), data = .)      632.8599
gam(log(value) ~ s(tp) + s(jd) + s(v10m) + s(pblmin) + s(t2m), data = .)          641.8432
gam(log(value) ~ s(ptp) + s(jd) + s(v10m) + s(pblmin) + s(t2m), data = .)         683.6070
gam(log(value) ~ s(rh) + s(jd) + s(v10m) + s(pblmin) + s(t2m), data = .)          701.1921
gam(log(value) ~ s(u10m) + s(jd) + s(v10m) + s(pblmin) + s(t2m), data = .)        690.1796
gam(log(value) ~ s(sp) + s(jd) + s(v10m) + s(pblmin) + s(t2m), data = .)          647.9166
gam(log(value) ~ s(nirradiance) + s(jd) + s(v10m) + s(pblmin) + s(t2m), data = .) 651.0708
gam(log(value) ~ s(pbl00) + s(jd) + s(v10m) + s(pblmin) + s(t2m), data = .)       708.2562
gam(log(value) ~ s(pbl12) + s(jd) + s(v10m) + s(pblmin) + s(t2m), data = .)       693.0599
gam(log(value) ~ s(pblmax) + s(jd) + s(v10m) + s(pblmin) + s(t2m), data = .)      694.4522
gam(log(value) ~ s(wdir) + s(jd) + s(v10m) + s(pblmin) + s(t2m), data = .)        695.1184
gam(log(value) ~ s(wspeed) + s(jd) + s(v10m) + s(pblmin) + s(t2m), data = .)      699.8647
gam(log(value) ~ s(pwspeed) + s(jd) + s(v10m) + s(pblmin) + s(t2m), data = .)     713.0696

Modello migliore: tmax2m - jd - v10m - pblmin - t2m 

Variabile scelta tmax2m con AIC 632.859922431577  

Fine per scelta MODELLO 

jd + v10m + pblmin + t2m 

---------------------- 

NOTE: Log Print Time:  2021-05-11 11:50:44 
NOTE: Elapsed Time in seconds: 51.167986869812 

Fine per scelta MODELLO 

jd + v10m + pblmin + t2m 

---------------------- 

NOTE: Log Print Time:  2021-05-11 11:50:44 
NOTE: Elapsed Time in seconds: 0.00107288360595703 

Fine per scelta MODELLO 

jd + v10m + pblmin + t2m 

---------------------- 

NOTE: Log Print Time:  2021-05-11 11:50:44 
NOTE: Elapsed Time in seconds: 0.000972986221313477 

Fine per scelta MODELLO 

jd + v10m + pblmin + t2m 

---------------------- 

NOTE: Log Print Time:  2021-05-11 11:50:44 
NOTE: Elapsed Time in seconds: 0.00102853775024414 

Fine per scelta MODELLO 

jd + v10m + pblmin + t2m 

---------------------- 

NOTE: Log Print Time:  2021-05-11 11:50:44 
NOTE: Elapsed Time in seconds: 0.000974416732788086 

========================================================================= 
Log End Time: 2021-05-11 11:50:44 
Log Elapsed Time: 0 00:00:51 
========================================================================= 
