========================================================================= 
Log Path: output/12/no2/log/pulvirus_no2_12_IT2246A.log 
Working Directory: /home/rmorelli/R/pulvirus/analisi/GAM/scelta 
User Name: rmorelli 
R Version: 4.0.5 (2021-03-31) 
Machine: pasqualino x86_64 
Operating System: Linux 4.19.0-13-amd64 #1 SMP Debian 4.19.160-2 (2020-11-28) 
Log Start Time: 2021-05-11 11:06:56 
========================================================================= 

Stazione: IT2246A 

---------- START ---------- 

                                            IT2246A
gam(log(value) ~ s(t2m), data = .)         3974.803
gam(log(value) ~ s(tmin2m), data = .)      3955.380
gam(log(value) ~ s(tmax2m), data = .)      4035.359
gam(log(value) ~ s(tp), data = .)          4055.231
gam(log(value) ~ s(ptp), data = .)         4052.351
gam(log(value) ~ s(rh), data = .)          4063.766
gam(log(value) ~ s(u10m), data = .)        3674.084
gam(log(value) ~ s(v10m), data = .)        3893.559
gam(log(value) ~ s(sp), data = .)          3779.915
gam(log(value) ~ s(nirradiance), data = .) 3935.615
gam(log(value) ~ s(pbl00), data = .)       3843.158
gam(log(value) ~ s(pbl12), data = .)       3919.827
gam(log(value) ~ s(pblmin), data = .)      3762.942
gam(log(value) ~ s(pblmax), data = .)      3966.847
gam(log(value) ~ s(wdir), data = .)        3771.773
gam(log(value) ~ s(wspeed), data = .)      3807.702
gam(log(value) ~ s(pwspeed), data = .)     4032.139
gam(log(value) ~ s(jd), data = .)          3701.722

Modello migliore: u10m 

Variabile scelta u10m con AIC 3674.08412184907  

---------- START ---------- 

                                                      IT2246A
gam(log(value) ~ s(t2m) + s(u10m), data = .)         3574.496
gam(log(value) ~ s(tmin2m) + s(u10m), data = .)      3564.669
gam(log(value) ~ s(tmax2m) + s(u10m), data = .)      3599.291
gam(log(value) ~ s(tp) + s(u10m), data = .)          3642.650
gam(log(value) ~ s(ptp) + s(u10m), data = .)         3661.678
gam(log(value) ~ s(rh) + s(u10m), data = .)          3634.621
gam(log(value) ~ s(u10m) + s(u10m), data = .)        3674.084
gam(log(value) ~ s(v10m) + s(u10m), data = .)        3248.288
gam(log(value) ~ s(sp) + s(u10m), data = .)          3471.762
gam(log(value) ~ s(nirradiance) + s(u10m), data = .) 3495.859
gam(log(value) ~ s(pbl00) + s(u10m), data = .)       3516.007
gam(log(value) ~ s(pbl12) + s(u10m), data = .)       3560.385
gam(log(value) ~ s(pblmin) + s(u10m), data = .)      3399.100
gam(log(value) ~ s(pblmax) + s(u10m), data = .)      3607.981
gam(log(value) ~ s(wdir) + s(u10m), data = .)        3363.206
gam(log(value) ~ s(wspeed) + s(u10m), data = .)      3355.519
gam(log(value) ~ s(pwspeed) + s(u10m), data = .)     3637.087
gam(log(value) ~ s(jd) + s(u10m), data = .)          3188.691

Modello migliore: jd - u10m 

Variabile scelta jd con AIC 3188.69130402643  

Modelli BACKWARD 

                                                    IT2246A
gam(log(value) ~ s(t2m) + s(jd), data = .)         3633.530
gam(log(value) ~ s(tmin2m) + s(jd), data = .)      3654.408
gam(log(value) ~ s(tmax2m) + s(jd), data = .)      3632.422
gam(log(value) ~ s(tp) + s(jd), data = .)          3573.794
gam(log(value) ~ s(ptp) + s(jd), data = .)         3566.612
gam(log(value) ~ s(rh) + s(jd), data = .)          3680.947
gam(log(value) ~ s(v10m) + s(jd), data = .)        3312.002
gam(log(value) ~ s(sp) + s(jd), data = .)          3438.647
gam(log(value) ~ s(nirradiance) + s(jd), data = .) 3691.123
gam(log(value) ~ s(pbl00) + s(jd), data = .)       3158.053
gam(log(value) ~ s(pbl12) + s(jd), data = .)       3339.679
gam(log(value) ~ s(pblmin) + s(jd), data = .)      3032.821
gam(log(value) ~ s(pblmax) + s(jd), data = .)      3327.020
gam(log(value) ~ s(wdir) + s(jd), data = .)        3479.225
gam(log(value) ~ s(wspeed) + s(jd), data = .)      3056.894
gam(log(value) ~ s(pwspeed) + s(jd), data = .)     3521.482

Modello migliore: pblmin - jd 

Dati backward:  3032.82146546157::pblmin::jd 

Scelgo il modello N 

---------- START ---------- 

                                                              IT2246A
gam(log(value) ~ s(t2m) + s(u10m) + s(jd), data = .)         3115.142
gam(log(value) ~ s(tmin2m) + s(u10m) + s(jd), data = .)      3149.301
gam(log(value) ~ s(tmax2m) + s(u10m) + s(jd), data = .)      3095.971
gam(log(value) ~ s(tp) + s(u10m) + s(jd), data = .)          3115.858
gam(log(value) ~ s(ptp) + s(u10m) + s(jd), data = .)         3128.178
gam(log(value) ~ s(rh) + s(u10m) + s(jd), data = .)          3137.804
gam(log(value) ~ s(v10m) + s(u10m) + s(jd), data = .)        2573.485
gam(log(value) ~ s(sp) + s(u10m) + s(jd), data = .)          3055.858
gam(log(value) ~ s(nirradiance) + s(u10m) + s(jd), data = .) 3190.156
gam(log(value) ~ s(pbl00) + s(u10m) + s(jd), data = .)       2852.035
gam(log(value) ~ s(pbl12) + s(u10m) + s(jd), data = .)       2982.844
gam(log(value) ~ s(pblmin) + s(u10m) + s(jd), data = .)      2717.504
gam(log(value) ~ s(pblmax) + s(u10m) + s(jd), data = .)      2976.613
gam(log(value) ~ s(wdir) + s(u10m) + s(jd), data = .)        2807.514
gam(log(value) ~ s(wspeed) + s(u10m) + s(jd), data = .)      2645.518
gam(log(value) ~ s(pwspeed) + s(u10m) + s(jd), data = .)     3079.858

Modello migliore: v10m - u10m - jd 

Variabile scelta v10m con AIC 2573.48514814211  

Modelli BACKWARD 

                                                                IT2246A
gam(log(value) ~ s(t2m) + s(u10m) + s(v10m), data = .)         3144.020
gam(log(value) ~ s(tmin2m) + s(u10m) + s(v10m), data = .)      3131.758
gam(log(value) ~ s(tmax2m) + s(u10m) + s(v10m), data = .)      3142.765
gam(log(value) ~ s(tp) + s(u10m) + s(v10m), data = .)          3250.212
gam(log(value) ~ s(ptp) + s(u10m) + s(v10m), data = .)         3249.382
gam(log(value) ~ s(rh) + s(u10m) + s(v10m), data = .)          3230.822
gam(log(value) ~ s(sp) + s(u10m) + s(v10m), data = .)          3122.810
gam(log(value) ~ s(nirradiance) + s(u10m) + s(v10m), data = .) 2909.134
gam(log(value) ~ s(pbl00) + s(u10m) + s(v10m), data = .)       3216.052
gam(log(value) ~ s(pbl12) + s(u10m) + s(v10m), data = .)       3243.776
gam(log(value) ~ s(pblmin) + s(u10m) + s(v10m), data = .)      3207.923
gam(log(value) ~ s(pblmax) + s(u10m) + s(v10m), data = .)      3243.532
gam(log(value) ~ s(wdir) + s(u10m) + s(v10m), data = .)        3224.005
gam(log(value) ~ s(wspeed) + s(u10m) + s(v10m), data = .)      3250.903
gam(log(value) ~ s(pwspeed) + s(u10m) + s(v10m), data = .)     3244.774

Modello migliore: nirradiance - u10m - v10m 

Dati backward:  2909.13409912387::nirradiance::u10m::v10m 

Scelgo il modello N 

---------- START ---------- 

                                                                        IT2246A
gam(log(value) ~ s(t2m) + s(u10m) + s(jd) + s(v10m), data = .)         2529.585
gam(log(value) ~ s(tmin2m) + s(u10m) + s(jd) + s(v10m), data = .)      2543.864
gam(log(value) ~ s(tmax2m) + s(u10m) + s(jd) + s(v10m), data = .)      2509.844
gam(log(value) ~ s(tp) + s(u10m) + s(jd) + s(v10m), data = .)          2566.800
gam(log(value) ~ s(ptp) + s(u10m) + s(jd) + s(v10m), data = .)         2559.006
gam(log(value) ~ s(rh) + s(u10m) + s(jd) + s(v10m), data = .)          2566.057
gam(log(value) ~ s(sp) + s(u10m) + s(jd) + s(v10m), data = .)          2537.986
gam(log(value) ~ s(nirradiance) + s(u10m) + s(jd) + s(v10m), data = .) 2567.021
gam(log(value) ~ s(pbl00) + s(u10m) + s(jd) + s(v10m), data = .)       2482.091
gam(log(value) ~ s(pbl12) + s(u10m) + s(jd) + s(v10m), data = .)       2554.570
gam(log(value) ~ s(pblmin) + s(u10m) + s(jd) + s(v10m), data = .)      2489.299
gam(log(value) ~ s(pblmax) + s(u10m) + s(jd) + s(v10m), data = .)      2543.231
gam(log(value) ~ s(wdir) + s(u10m) + s(jd) + s(v10m), data = .)        2553.807
gam(log(value) ~ s(wspeed) + s(u10m) + s(jd) + s(v10m), data = .)      2573.823
gam(log(value) ~ s(pwspeed) + s(u10m) + s(jd) + s(v10m), data = .)     2547.222

Modello migliore: pbl00 - u10m - jd - v10m 

Variabile scelta pbl00 con AIC 2482.09070711868  

Modelli BACKWARD 

                                                                         IT2246A
gam(log(value) ~ s(t2m) + s(u10m) + s(jd) + s(pbl00), data = .)         2802.012
gam(log(value) ~ s(tmin2m) + s(u10m) + s(jd) + s(pbl00), data = .)      2824.038
gam(log(value) ~ s(tmax2m) + s(u10m) + s(jd) + s(pbl00), data = .)      2790.643
gam(log(value) ~ s(tp) + s(u10m) + s(jd) + s(pbl00), data = .)          2841.098
gam(log(value) ~ s(ptp) + s(u10m) + s(jd) + s(pbl00), data = .)         2843.049
gam(log(value) ~ s(rh) + s(u10m) + s(jd) + s(pbl00), data = .)          2829.688
gam(log(value) ~ s(sp) + s(u10m) + s(jd) + s(pbl00), data = .)          2808.461
gam(log(value) ~ s(nirradiance) + s(u10m) + s(jd) + s(pbl00), data = .) 2838.117
gam(log(value) ~ s(pbl12) + s(u10m) + s(jd) + s(pbl00), data = .)       2803.356
gam(log(value) ~ s(pblmin) + s(u10m) + s(jd) + s(pbl00), data = .)      2672.198
gam(log(value) ~ s(pblmax) + s(u10m) + s(jd) + s(pbl00), data = .)      2817.112
gam(log(value) ~ s(wdir) + s(u10m) + s(jd) + s(pbl00), data = .)        2653.907
gam(log(value) ~ s(wspeed) + s(u10m) + s(jd) + s(pbl00), data = .)      2538.681
gam(log(value) ~ s(pwspeed) + s(u10m) + s(jd) + s(pbl00), data = .)     2844.249

Modello migliore: wspeed - u10m - jd - pbl00 

Dati backward:  2538.68119191319::wspeed::u10m::jd::pbl00 

Scelgo il modello N 

---------- START ---------- 

                                                                                   IT2246A
gam(log(value) ~ s(t2m) + s(u10m) + s(jd) + s(v10m) + s(pbl00), data = .)         2436.203
gam(log(value) ~ s(tmin2m) + s(u10m) + s(jd) + s(v10m) + s(pbl00), data = .)      2447.887
gam(log(value) ~ s(tmax2m) + s(u10m) + s(jd) + s(v10m) + s(pbl00), data = .)      2423.320
gam(log(value) ~ s(tp) + s(u10m) + s(jd) + s(v10m) + s(pbl00), data = .)          2483.542
gam(log(value) ~ s(ptp) + s(u10m) + s(jd) + s(v10m) + s(pbl00), data = .)         2480.922
gam(log(value) ~ s(rh) + s(u10m) + s(jd) + s(v10m) + s(pbl00), data = .)          2465.040
gam(log(value) ~ s(sp) + s(u10m) + s(jd) + s(v10m) + s(pbl00), data = .)          2465.709
gam(log(value) ~ s(nirradiance) + s(u10m) + s(jd) + s(v10m) + s(pbl00), data = .) 2460.722
gam(log(value) ~ s(pbl12) + s(u10m) + s(jd) + s(v10m) + s(pbl00), data = .)       2478.974
gam(log(value) ~ s(pblmin) + s(u10m) + s(jd) + s(v10m) + s(pbl00), data = .)      2457.974
gam(log(value) ~ s(pblmax) + s(u10m) + s(jd) + s(v10m) + s(pbl00), data = .)      2480.822
gam(log(value) ~ s(wdir) + s(u10m) + s(jd) + s(v10m) + s(pbl00), data = .)        2471.897
gam(log(value) ~ s(wspeed) + s(u10m) + s(jd) + s(v10m) + s(pbl00), data = .)      2484.782
gam(log(value) ~ s(pwspeed) + s(u10m) + s(jd) + s(v10m) + s(pbl00), data = .)     2478.710

Modello migliore: tmax2m - u10m - jd - v10m - pbl00 

Variabile scelta tmax2m con AIC 2423.31955410158  

Modelli BACKWARD 

                                                                                    IT2246A
gam(log(value) ~ s(t2m) + s(u10m) + s(jd) + s(v10m) + s(tmax2m), data = .)         2445.634
gam(log(value) ~ s(tmin2m) + s(u10m) + s(jd) + s(v10m) + s(tmax2m), data = .)      2422.159
gam(log(value) ~ s(tp) + s(u10m) + s(jd) + s(v10m) + s(tmax2m), data = .)          2508.888
gam(log(value) ~ s(ptp) + s(u10m) + s(jd) + s(v10m) + s(tmax2m), data = .)         2504.232
gam(log(value) ~ s(rh) + s(u10m) + s(jd) + s(v10m) + s(tmax2m), data = .)          2507.653
gam(log(value) ~ s(sp) + s(u10m) + s(jd) + s(v10m) + s(tmax2m), data = .)          2479.868
gam(log(value) ~ s(nirradiance) + s(u10m) + s(jd) + s(v10m) + s(tmax2m), data = .) 2489.763
gam(log(value) ~ s(pbl12) + s(u10m) + s(jd) + s(v10m) + s(tmax2m), data = .)       2497.337
gam(log(value) ~ s(pblmin) + s(u10m) + s(jd) + s(v10m) + s(tmax2m), data = .)      2420.105
gam(log(value) ~ s(pblmax) + s(u10m) + s(jd) + s(v10m) + s(tmax2m), data = .)      2488.772
gam(log(value) ~ s(wdir) + s(u10m) + s(jd) + s(v10m) + s(tmax2m), data = .)        2492.297
gam(log(value) ~ s(wspeed) + s(u10m) + s(jd) + s(v10m) + s(tmax2m), data = .)      2509.765
gam(log(value) ~ s(pwspeed) + s(u10m) + s(jd) + s(v10m) + s(tmax2m), data = .)     2493.165

Modello migliore: pblmin - u10m - jd - v10m - tmax2m 

Dati backward:  2420.10541894415::pblmin::u10m::jd::v10m::tmax2m 

Scelgo il modello N 

---------- START ---------- 

                                                                                               IT2246A
gam(log(value) ~ s(t2m) + s(u10m) + s(jd) + s(v10m) + s(pbl00) + s(tmax2m), data = .)         2388.054
gam(log(value) ~ s(tmin2m) + s(u10m) + s(jd) + s(v10m) + s(pbl00) + s(tmax2m), data = .)      2376.588
gam(log(value) ~ s(tp) + s(u10m) + s(jd) + s(v10m) + s(pbl00) + s(tmax2m), data = .)          2425.238
gam(log(value) ~ s(ptp) + s(u10m) + s(jd) + s(v10m) + s(pbl00) + s(tmax2m), data = .)         2425.280
gam(log(value) ~ s(rh) + s(u10m) + s(jd) + s(v10m) + s(pbl00) + s(tmax2m), data = .)          2420.424
gam(log(value) ~ s(sp) + s(u10m) + s(jd) + s(v10m) + s(pbl00) + s(tmax2m), data = .)          2410.118
gam(log(value) ~ s(nirradiance) + s(u10m) + s(jd) + s(v10m) + s(pbl00) + s(tmax2m), data = .) 2380.509
gam(log(value) ~ s(pbl12) + s(u10m) + s(jd) + s(v10m) + s(pbl00) + s(tmax2m), data = .)       2421.904
gam(log(value) ~ s(pblmin) + s(u10m) + s(jd) + s(v10m) + s(pbl00) + s(tmax2m), data = .)      2393.079
gam(log(value) ~ s(pblmax) + s(u10m) + s(jd) + s(v10m) + s(pbl00) + s(tmax2m), data = .)      2423.200
gam(log(value) ~ s(wdir) + s(u10m) + s(jd) + s(v10m) + s(pbl00) + s(tmax2m), data = .)        2413.602
gam(log(value) ~ s(wspeed) + s(u10m) + s(jd) + s(v10m) + s(pbl00) + s(tmax2m), data = .)      2425.817
gam(log(value) ~ s(pwspeed) + s(u10m) + s(jd) + s(v10m) + s(pbl00) + s(tmax2m), data = .)     2423.255

Modello migliore: tmin2m - u10m - jd - v10m - pbl00 - tmax2m 

Variabile scelta tmin2m con AIC 2376.58798410798  

Modelli BACKWARD 

                                                                                               IT2246A
gam(log(value) ~ s(t2m) + s(u10m) + s(jd) + s(v10m) + s(pbl00) + s(tmin2m), data = .)         2383.847
gam(log(value) ~ s(tp) + s(u10m) + s(jd) + s(v10m) + s(pbl00) + s(tmin2m), data = .)          2449.048
gam(log(value) ~ s(ptp) + s(u10m) + s(jd) + s(v10m) + s(pbl00) + s(tmin2m), data = .)         2448.909
gam(log(value) ~ s(rh) + s(u10m) + s(jd) + s(v10m) + s(pbl00) + s(tmin2m), data = .)          2439.080
gam(log(value) ~ s(sp) + s(u10m) + s(jd) + s(v10m) + s(pbl00) + s(tmin2m), data = .)          2433.354
gam(log(value) ~ s(nirradiance) + s(u10m) + s(jd) + s(v10m) + s(pbl00) + s(tmin2m), data = .) 2420.502
gam(log(value) ~ s(pbl12) + s(u10m) + s(jd) + s(v10m) + s(pbl00) + s(tmin2m), data = .)       2442.763
gam(log(value) ~ s(pblmin) + s(u10m) + s(jd) + s(v10m) + s(pbl00) + s(tmin2m), data = .)      2416.081
gam(log(value) ~ s(pblmax) + s(u10m) + s(jd) + s(v10m) + s(pbl00) + s(tmin2m), data = .)      2445.549
gam(log(value) ~ s(wdir) + s(u10m) + s(jd) + s(v10m) + s(pbl00) + s(tmin2m), data = .)        2433.674
gam(log(value) ~ s(wspeed) + s(u10m) + s(jd) + s(v10m) + s(pbl00) + s(tmin2m), data = .)      2450.324
gam(log(value) ~ s(pwspeed) + s(u10m) + s(jd) + s(v10m) + s(pbl00) + s(tmin2m), data = .)     2445.333

Modello migliore: t2m - u10m - jd - v10m - pbl00 - tmin2m 

Dati backward:  2383.84689148608::t2m::u10m::jd::v10m::pbl00::tmin2m 

Scelgo il modello N-1 

---------- START ---------- 

                                                                                               IT2246A
gam(log(value) ~ s(t2m) + s(u10m) + s(jd) + s(v10m) + s(pbl00) + s(tmax2m), data = .)         2388.054
gam(log(value) ~ s(tp) + s(u10m) + s(jd) + s(v10m) + s(pbl00) + s(tmax2m), data = .)          2425.238
gam(log(value) ~ s(ptp) + s(u10m) + s(jd) + s(v10m) + s(pbl00) + s(tmax2m), data = .)         2425.280
gam(log(value) ~ s(rh) + s(u10m) + s(jd) + s(v10m) + s(pbl00) + s(tmax2m), data = .)          2420.424
gam(log(value) ~ s(sp) + s(u10m) + s(jd) + s(v10m) + s(pbl00) + s(tmax2m), data = .)          2410.118
gam(log(value) ~ s(nirradiance) + s(u10m) + s(jd) + s(v10m) + s(pbl00) + s(tmax2m), data = .) 2380.509
gam(log(value) ~ s(pbl12) + s(u10m) + s(jd) + s(v10m) + s(pbl00) + s(tmax2m), data = .)       2421.904
gam(log(value) ~ s(pblmin) + s(u10m) + s(jd) + s(v10m) + s(pbl00) + s(tmax2m), data = .)      2393.079
gam(log(value) ~ s(pblmax) + s(u10m) + s(jd) + s(v10m) + s(pbl00) + s(tmax2m), data = .)      2423.200
gam(log(value) ~ s(wdir) + s(u10m) + s(jd) + s(v10m) + s(pbl00) + s(tmax2m), data = .)        2413.602
gam(log(value) ~ s(wspeed) + s(u10m) + s(jd) + s(v10m) + s(pbl00) + s(tmax2m), data = .)      2425.817
gam(log(value) ~ s(pwspeed) + s(u10m) + s(jd) + s(v10m) + s(pbl00) + s(tmax2m), data = .)     2423.255

Modello migliore: nirradiance - u10m - jd - v10m - pbl00 - tmax2m 

Variabile scelta nirradiance con AIC 2380.50912449144  

Fine per scelta MODELLO 

u10m + jd + v10m + pbl00 + tmax2m 

---------------------- 

NOTE: Log Print Time:  2021-05-11 11:08:00 
NOTE: Elapsed Time in seconds: 1.05793721675873 

Fine per scelta MODELLO 

u10m + jd + v10m + pbl00 + tmax2m 

---------------------- 

NOTE: Log Print Time:  2021-05-11 11:08:00 
NOTE: Elapsed Time in seconds: 0.00114727020263672 

Fine per scelta MODELLO 

u10m + jd + v10m + pbl00 + tmax2m 

---------------------- 

NOTE: Log Print Time:  2021-05-11 11:08:00 
NOTE: Elapsed Time in seconds: 0.00110554695129395 

Fine per scelta MODELLO 

u10m + jd + v10m + pbl00 + tmax2m 

---------------------- 

NOTE: Log Print Time:  2021-05-11 11:08:00 
NOTE: Elapsed Time in seconds: 0.0010368824005127 

Fine per scelta MODELLO 

u10m + jd + v10m + pbl00 + tmax2m 

---------------------- 

NOTE: Log Print Time:  2021-05-11 11:08:00 
NOTE: Elapsed Time in seconds: 0.00103640556335449 

Fine per scelta MODELLO 

u10m + jd + v10m + pbl00 + tmax2m 

---------------------- 

NOTE: Log Print Time:  2021-05-11 11:08:00 
NOTE: Elapsed Time in seconds: 0.00103497505187988 

========================================================================= 
Log End Time: 2021-05-11 11:08:00 
Log Elapsed Time: 0 00:00:01 
========================================================================= 
