========================================================================= 
Log Path: output/12/no2/log/pulvirus_no2_12_IT0956A.log 
Working Directory: /home/rmorelli/R/pulvirus/analisi/GAM/scelta 
User Name: rmorelli 
R Version: 4.0.5 (2021-03-31) 
Machine: pasqualino x86_64 
Operating System: Linux 4.19.0-13-amd64 #1 SMP Debian 4.19.160-2 (2020-11-28) 
Log Start Time: 2021-05-11 11:19:41 
========================================================================= 

Stazione: IT0956A 

---------- START ---------- 

                                            IT0956A
gam(log(value) ~ s(t2m), data = .)         1660.175
gam(log(value) ~ s(tmin2m), data = .)      1635.691
gam(log(value) ~ s(tmax2m), data = .)      1770.935
gam(log(value) ~ s(tp), data = .)          2031.064
gam(log(value) ~ s(ptp), data = .)         2083.953
gam(log(value) ~ s(rh), data = .)          1946.110
gam(log(value) ~ s(u10m), data = .)        1836.870
gam(log(value) ~ s(v10m), data = .)        1855.190
gam(log(value) ~ s(sp), data = .)          1689.619
gam(log(value) ~ s(nirradiance), data = .) 1730.299
gam(log(value) ~ s(pbl00), data = .)       1983.657
gam(log(value) ~ s(pbl12), data = .)       1684.930
gam(log(value) ~ s(pblmin), data = .)      1920.150
gam(log(value) ~ s(pblmax), data = .)      1840.004
gam(log(value) ~ s(wdir), data = .)        1686.395
gam(log(value) ~ s(wspeed), data = .)      1934.953
gam(log(value) ~ s(pwspeed), data = .)     2083.863
gam(log(value) ~ s(jd), data = .)          1469.915

Modello migliore: jd 

Variabile scelta jd con AIC 1469.91457598834  

---------- START ---------- 

                                                     IT0956A
gam(log(value) ~ s(t2m) + s(jd), data = .)         1341.4422
gam(log(value) ~ s(tmin2m) + s(jd), data = .)      1295.1618
gam(log(value) ~ s(tmax2m) + s(jd), data = .)      1401.2097
gam(log(value) ~ s(tp) + s(jd), data = .)          1301.5635
gam(log(value) ~ s(ptp) + s(jd), data = .)         1398.7725
gam(log(value) ~ s(rh) + s(jd), data = .)          1425.4955
gam(log(value) ~ s(u10m) + s(jd), data = .)        1305.1626
gam(log(value) ~ s(v10m) + s(jd), data = .)        1004.2738
gam(log(value) ~ s(sp) + s(jd), data = .)          1186.0511
gam(log(value) ~ s(nirradiance) + s(jd), data = .) 1416.3862
gam(log(value) ~ s(pbl00) + s(jd), data = .)       1077.8033
gam(log(value) ~ s(pbl12) + s(jd), data = .)       1157.6893
gam(log(value) ~ s(pblmin) + s(jd), data = .)       946.6680
gam(log(value) ~ s(pblmax) + s(jd), data = .)      1157.0336
gam(log(value) ~ s(wdir) + s(jd), data = .)        1275.4775
gam(log(value) ~ s(wspeed) + s(jd), data = .)       986.6209
gam(log(value) ~ s(pwspeed) + s(jd), data = .)     1363.5925
gam(log(value) ~ s(jd) + s(jd), data = .)          1469.9146

Modello migliore: pblmin - jd 

Variabile scelta pblmin con AIC 946.667953793055  

Modelli BACKWARD 

                                                        IT0956A
gam(log(value) ~ s(t2m) + s(pblmin), data = .)         1330.685
gam(log(value) ~ s(tmin2m) + s(pblmin), data = .)      1377.676
gam(log(value) ~ s(tmax2m) + s(pblmin), data = .)      1363.728
gam(log(value) ~ s(tp) + s(pblmin), data = .)          1911.459
gam(log(value) ~ s(ptp) + s(pblmin), data = .)         1922.317
gam(log(value) ~ s(rh) + s(pblmin), data = .)          1702.602
gam(log(value) ~ s(u10m) + s(pblmin), data = .)        1624.777
gam(log(value) ~ s(v10m) + s(pblmin), data = .)        1817.270
gam(log(value) ~ s(sp) + s(pblmin), data = .)          1583.177
gam(log(value) ~ s(nirradiance) + s(pblmin), data = .) 1197.572
gam(log(value) ~ s(pbl00) + s(pblmin), data = .)       1921.289
gam(log(value) ~ s(pbl12) + s(pblmin), data = .)       1610.881
gam(log(value) ~ s(pblmax) + s(pblmin), data = .)      1774.336
gam(log(value) ~ s(wdir) + s(pblmin), data = .)        1498.135
gam(log(value) ~ s(wspeed) + s(pblmin), data = .)      1876.933
gam(log(value) ~ s(pwspeed) + s(pblmin), data = .)     1902.612

Modello migliore: nirradiance - pblmin 

Dati backward:  1197.57214379615::nirradiance::pblmin 

Scelgo il modello N 

---------- START ---------- 

                                                                IT0956A
gam(log(value) ~ s(t2m) + s(jd) + s(pblmin), data = .)         823.3408
gam(log(value) ~ s(tmin2m) + s(jd) + s(pblmin), data = .)      813.2284
gam(log(value) ~ s(tmax2m) + s(jd) + s(pblmin), data = .)      850.0274
gam(log(value) ~ s(tp) + s(jd) + s(pblmin), data = .)          933.0146
gam(log(value) ~ s(ptp) + s(jd) + s(pblmin), data = .)         934.5429
gam(log(value) ~ s(rh) + s(jd) + s(pblmin), data = .)          926.1413
gam(log(value) ~ s(u10m) + s(jd) + s(pblmin), data = .)        876.5493
gam(log(value) ~ s(v10m) + s(jd) + s(pblmin), data = .)        842.4486
gam(log(value) ~ s(sp) + s(jd) + s(pblmin), data = .)          849.2944
gam(log(value) ~ s(nirradiance) + s(jd) + s(pblmin), data = .) 831.9164
gam(log(value) ~ s(pbl00) + s(jd) + s(pblmin), data = .)       920.3251
gam(log(value) ~ s(pbl12) + s(jd) + s(pblmin), data = .)       831.9119
gam(log(value) ~ s(pblmax) + s(jd) + s(pblmin), data = .)      854.1754
gam(log(value) ~ s(wdir) + s(jd) + s(pblmin), data = .)        818.5941
gam(log(value) ~ s(wspeed) + s(jd) + s(pblmin), data = .)      860.5456
gam(log(value) ~ s(pwspeed) + s(jd) + s(pblmin), data = .)     946.0809

Modello migliore: tmin2m - jd - pblmin 

Variabile scelta tmin2m con AIC 813.228408753218  

Modelli BACKWARD 

                                                                 IT0956A
gam(log(value) ~ s(t2m) + s(jd) + s(tmin2m), data = .)         1097.1579
gam(log(value) ~ s(tmax2m) + s(jd) + s(tmin2m), data = .)      1034.1746
gam(log(value) ~ s(tp) + s(jd) + s(tmin2m), data = .)          1151.8465
gam(log(value) ~ s(ptp) + s(jd) + s(tmin2m), data = .)         1213.9923
gam(log(value) ~ s(rh) + s(jd) + s(tmin2m), data = .)          1289.8600
gam(log(value) ~ s(u10m) + s(jd) + s(tmin2m), data = .)        1179.2037
gam(log(value) ~ s(v10m) + s(jd) + s(tmin2m), data = .)         783.5072
gam(log(value) ~ s(sp) + s(jd) + s(tmin2m), data = .)          1043.9674
gam(log(value) ~ s(nirradiance) + s(jd) + s(tmin2m), data = .) 1258.0404
gam(log(value) ~ s(pbl00) + s(jd) + s(tmin2m), data = .)        935.9631
gam(log(value) ~ s(pbl12) + s(jd) + s(tmin2m), data = .)        972.6066
gam(log(value) ~ s(pblmax) + s(jd) + s(tmin2m), data = .)       929.8333
gam(log(value) ~ s(wdir) + s(jd) + s(tmin2m), data = .)        1124.1456
gam(log(value) ~ s(wspeed) + s(jd) + s(tmin2m), data = .)       789.5654
gam(log(value) ~ s(pwspeed) + s(jd) + s(tmin2m), data = .)     1155.2422

Modello migliore: v10m - jd - tmin2m 

Dati backward:  783.507245093587::v10m::jd::tmin2m 

Scelgo il modello N 

---------- START ---------- 

                                                                            IT0956A
gam(log(value) ~ s(t2m) + s(jd) + s(pblmin) + s(tmin2m), data = .)         768.2259
gam(log(value) ~ s(tmax2m) + s(jd) + s(pblmin) + s(tmin2m), data = .)      747.5285
gam(log(value) ~ s(tp) + s(jd) + s(pblmin) + s(tmin2m), data = .)          799.0330
gam(log(value) ~ s(ptp) + s(jd) + s(pblmin) + s(tmin2m), data = .)         791.2583
gam(log(value) ~ s(rh) + s(jd) + s(pblmin) + s(tmin2m), data = .)          812.7574
gam(log(value) ~ s(u10m) + s(jd) + s(pblmin) + s(tmin2m), data = .)        767.8130
gam(log(value) ~ s(v10m) + s(jd) + s(pblmin) + s(tmin2m), data = .)        664.0936
gam(log(value) ~ s(sp) + s(jd) + s(pblmin) + s(tmin2m), data = .)          731.4750
gam(log(value) ~ s(nirradiance) + s(jd) + s(pblmin) + s(tmin2m), data = .) 717.6460
gam(log(value) ~ s(pbl00) + s(jd) + s(pblmin) + s(tmin2m), data = .)       785.2091
gam(log(value) ~ s(pbl12) + s(jd) + s(pblmin) + s(tmin2m), data = .)       691.0823
gam(log(value) ~ s(pblmax) + s(jd) + s(pblmin) + s(tmin2m), data = .)      688.7453
gam(log(value) ~ s(wdir) + s(jd) + s(pblmin) + s(tmin2m), data = .)        707.1241
gam(log(value) ~ s(wspeed) + s(jd) + s(pblmin) + s(tmin2m), data = .)      699.4982
gam(log(value) ~ s(pwspeed) + s(jd) + s(pblmin) + s(tmin2m), data = .)     805.9111

Modello migliore: v10m - jd - pblmin - tmin2m 

Variabile scelta v10m con AIC 664.093561784281  

Modelli BACKWARD 

                                                                          IT0956A
gam(log(value) ~ s(t2m) + s(jd) + s(pblmin) + s(v10m), data = .)         669.7574
gam(log(value) ~ s(tmax2m) + s(jd) + s(pblmin) + s(v10m), data = .)      717.9418
gam(log(value) ~ s(tp) + s(jd) + s(pblmin) + s(v10m), data = .)          828.9181
gam(log(value) ~ s(ptp) + s(jd) + s(pblmin) + s(v10m), data = .)         834.5170
gam(log(value) ~ s(rh) + s(jd) + s(pblmin) + s(v10m), data = .)          831.9255
gam(log(value) ~ s(u10m) + s(jd) + s(pblmin) + s(v10m), data = .)        727.9206
gam(log(value) ~ s(sp) + s(jd) + s(pblmin) + s(v10m), data = .)          750.4666
gam(log(value) ~ s(nirradiance) + s(jd) + s(pblmin) + s(v10m), data = .) 724.8936
gam(log(value) ~ s(pbl00) + s(jd) + s(pblmin) + s(v10m), data = .)       820.2636
gam(log(value) ~ s(pbl12) + s(jd) + s(pblmin) + s(v10m), data = .)       762.5856
gam(log(value) ~ s(pblmax) + s(jd) + s(pblmin) + s(v10m), data = .)      784.4139
gam(log(value) ~ s(wdir) + s(jd) + s(pblmin) + s(v10m), data = .)        709.9876
gam(log(value) ~ s(wspeed) + s(jd) + s(pblmin) + s(v10m), data = .)      838.6496
gam(log(value) ~ s(pwspeed) + s(jd) + s(pblmin) + s(v10m), data = .)     844.4388

Modello migliore: t2m - jd - pblmin - v10m 

Dati backward:  669.75743749806::t2m::jd::pblmin::v10m 

Scelgo il modello N 

---------- START ---------- 

                                                                                      IT0956A
gam(log(value) ~ s(t2m) + s(jd) + s(pblmin) + s(tmin2m) + s(v10m), data = .)         603.8405
gam(log(value) ~ s(tmax2m) + s(jd) + s(pblmin) + s(tmin2m) + s(v10m), data = .)      594.2070
gam(log(value) ~ s(tp) + s(jd) + s(pblmin) + s(tmin2m) + s(v10m), data = .)          643.6192
gam(log(value) ~ s(ptp) + s(jd) + s(pblmin) + s(tmin2m) + s(v10m), data = .)         648.2324
gam(log(value) ~ s(rh) + s(jd) + s(pblmin) + s(tmin2m) + s(v10m), data = .)          660.9673
gam(log(value) ~ s(u10m) + s(jd) + s(pblmin) + s(tmin2m) + s(v10m), data = .)        585.3157
gam(log(value) ~ s(sp) + s(jd) + s(pblmin) + s(tmin2m) + s(v10m), data = .)          587.5875
gam(log(value) ~ s(nirradiance) + s(jd) + s(pblmin) + s(tmin2m) + s(v10m), data = .) 570.9318
gam(log(value) ~ s(pbl00) + s(jd) + s(pblmin) + s(tmin2m) + s(v10m), data = .)       642.4403
gam(log(value) ~ s(pbl12) + s(jd) + s(pblmin) + s(tmin2m) + s(v10m), data = .)       587.8449
gam(log(value) ~ s(pblmax) + s(jd) + s(pblmin) + s(tmin2m) + s(v10m), data = .)      595.8038
gam(log(value) ~ s(wdir) + s(jd) + s(pblmin) + s(tmin2m) + s(v10m), data = .)        573.3479
gam(log(value) ~ s(wspeed) + s(jd) + s(pblmin) + s(tmin2m) + s(v10m), data = .)      663.9932
gam(log(value) ~ s(pwspeed) + s(jd) + s(pblmin) + s(tmin2m) + s(v10m), data = .)     662.2595

Modello migliore: nirradiance - jd - pblmin - tmin2m - v10m 

Variabile scelta nirradiance con AIC 570.931773861783  

Modelli BACKWARD 

                                                                                         IT0956A
gam(log(value) ~ s(t2m) + s(jd) + s(pblmin) + s(tmin2m) + s(nirradiance), data = .)     590.8462
gam(log(value) ~ s(tmax2m) + s(jd) + s(pblmin) + s(tmin2m) + s(nirradiance), data = .)  521.7310
gam(log(value) ~ s(tp) + s(jd) + s(pblmin) + s(tmin2m) + s(nirradiance), data = .)      620.7558
gam(log(value) ~ s(ptp) + s(jd) + s(pblmin) + s(tmin2m) + s(nirradiance), data = .)     684.0709
gam(log(value) ~ s(rh) + s(jd) + s(pblmin) + s(tmin2m) + s(nirradiance), data = .)      704.3895
gam(log(value) ~ s(u10m) + s(jd) + s(pblmin) + s(tmin2m) + s(nirradiance), data = .)    696.6564
gam(log(value) ~ s(sp) + s(jd) + s(pblmin) + s(tmin2m) + s(nirradiance), data = .)      599.0243
gam(log(value) ~ s(pbl00) + s(jd) + s(pblmin) + s(tmin2m) + s(nirradiance), data = .)   680.6605
gam(log(value) ~ s(pbl12) + s(jd) + s(pblmin) + s(tmin2m) + s(nirradiance), data = .)   631.2139
gam(log(value) ~ s(pblmax) + s(jd) + s(pblmin) + s(tmin2m) + s(nirradiance), data = .)  613.5995
gam(log(value) ~ s(wdir) + s(jd) + s(pblmin) + s(tmin2m) + s(nirradiance), data = .)    650.4342
gam(log(value) ~ s(wspeed) + s(jd) + s(pblmin) + s(tmin2m) + s(nirradiance), data = .)  584.9443
gam(log(value) ~ s(pwspeed) + s(jd) + s(pblmin) + s(tmin2m) + s(nirradiance), data = .) 702.8836

Modello migliore: tmax2m - jd - pblmin - tmin2m - nirradiance 

Dati backward:  521.731016491518::tmax2m::jd::pblmin::tmin2m::nirradiance 

Scelgo il modello N 

---------- START ---------- 

                                                                                                   IT0956A
gam(log(value) ~ s(t2m) + s(jd) + s(pblmin) + s(tmin2m) + s(v10m) + s(nirradiance), data = .)     450.0196
gam(log(value) ~ s(tmax2m) + s(jd) + s(pblmin) + s(tmin2m) + s(v10m) + s(nirradiance), data = .)  382.8392
gam(log(value) ~ s(tp) + s(jd) + s(pblmin) + s(tmin2m) + s(v10m) + s(nirradiance), data = .)      466.2619
gam(log(value) ~ s(ptp) + s(jd) + s(pblmin) + s(tmin2m) + s(v10m) + s(nirradiance), data = .)     543.4747
gam(log(value) ~ s(rh) + s(jd) + s(pblmin) + s(tmin2m) + s(v10m) + s(nirradiance), data = .)      528.7139
gam(log(value) ~ s(u10m) + s(jd) + s(pblmin) + s(tmin2m) + s(v10m) + s(nirradiance), data = .)    513.2961
gam(log(value) ~ s(sp) + s(jd) + s(pblmin) + s(tmin2m) + s(v10m) + s(nirradiance), data = .)      465.5294
gam(log(value) ~ s(pbl00) + s(jd) + s(pblmin) + s(tmin2m) + s(v10m) + s(nirradiance), data = .)   541.9483
gam(log(value) ~ s(pbl12) + s(jd) + s(pblmin) + s(tmin2m) + s(v10m) + s(nirradiance), data = .)   520.9588
gam(log(value) ~ s(pblmax) + s(jd) + s(pblmin) + s(tmin2m) + s(v10m) + s(nirradiance), data = .)  513.9604
gam(log(value) ~ s(wdir) + s(jd) + s(pblmin) + s(tmin2m) + s(v10m) + s(nirradiance), data = .)    507.3533
gam(log(value) ~ s(wspeed) + s(jd) + s(pblmin) + s(tmin2m) + s(v10m) + s(nirradiance), data = .)  563.0039
gam(log(value) ~ s(pwspeed) + s(jd) + s(pblmin) + s(tmin2m) + s(v10m) + s(nirradiance), data = .) 563.9894

Modello migliore: tmax2m - jd - pblmin - tmin2m - v10m - nirradiance 

Variabile scelta tmax2m con AIC 382.839184118967  

Modelli BACKWARD 

                                                                                              IT0956A
gam(log(value) ~ s(t2m) + s(jd) + s(pblmin) + s(tmin2m) + s(v10m) + s(tmax2m), data = .)     533.2029
gam(log(value) ~ s(tp) + s(jd) + s(pblmin) + s(tmin2m) + s(v10m) + s(tmax2m), data = .)      584.2398
gam(log(value) ~ s(ptp) + s(jd) + s(pblmin) + s(tmin2m) + s(v10m) + s(tmax2m), data = .)     583.8982
gam(log(value) ~ s(rh) + s(jd) + s(pblmin) + s(tmin2m) + s(v10m) + s(tmax2m), data = .)      588.7496
gam(log(value) ~ s(u10m) + s(jd) + s(pblmin) + s(tmin2m) + s(v10m) + s(tmax2m), data = .)    502.8257
gam(log(value) ~ s(sp) + s(jd) + s(pblmin) + s(tmin2m) + s(v10m) + s(tmax2m), data = .)      515.1536
gam(log(value) ~ s(pbl00) + s(jd) + s(pblmin) + s(tmin2m) + s(v10m) + s(tmax2m), data = .)   579.5371
gam(log(value) ~ s(pbl12) + s(jd) + s(pblmin) + s(tmin2m) + s(v10m) + s(tmax2m), data = .)   519.7454
gam(log(value) ~ s(pblmax) + s(jd) + s(pblmin) + s(tmin2m) + s(v10m) + s(tmax2m), data = .)  533.4320
gam(log(value) ~ s(wdir) + s(jd) + s(pblmin) + s(tmin2m) + s(v10m) + s(tmax2m), data = .)    486.4306
gam(log(value) ~ s(wspeed) + s(jd) + s(pblmin) + s(tmin2m) + s(v10m) + s(tmax2m), data = .)  591.7002
gam(log(value) ~ s(pwspeed) + s(jd) + s(pblmin) + s(tmin2m) + s(v10m) + s(tmax2m), data = .) 593.1491

Modello migliore: wdir - jd - pblmin - tmin2m - v10m - tmax2m 

Dati backward:  486.430567812549::wdir::jd::pblmin::tmin2m::v10m::tmax2m 

Scelgo il modello N-1 

---------- START ---------- 

                                                                                                   IT0956A
gam(log(value) ~ s(t2m) + s(jd) + s(pblmin) + s(tmin2m) + s(v10m) + s(nirradiance), data = .)     450.0196
gam(log(value) ~ s(tp) + s(jd) + s(pblmin) + s(tmin2m) + s(v10m) + s(nirradiance), data = .)      466.2619
gam(log(value) ~ s(ptp) + s(jd) + s(pblmin) + s(tmin2m) + s(v10m) + s(nirradiance), data = .)     543.4747
gam(log(value) ~ s(rh) + s(jd) + s(pblmin) + s(tmin2m) + s(v10m) + s(nirradiance), data = .)      528.7139
gam(log(value) ~ s(u10m) + s(jd) + s(pblmin) + s(tmin2m) + s(v10m) + s(nirradiance), data = .)    513.2961
gam(log(value) ~ s(sp) + s(jd) + s(pblmin) + s(tmin2m) + s(v10m) + s(nirradiance), data = .)      465.5294
gam(log(value) ~ s(pbl00) + s(jd) + s(pblmin) + s(tmin2m) + s(v10m) + s(nirradiance), data = .)   541.9483
gam(log(value) ~ s(pbl12) + s(jd) + s(pblmin) + s(tmin2m) + s(v10m) + s(nirradiance), data = .)   520.9588
gam(log(value) ~ s(pblmax) + s(jd) + s(pblmin) + s(tmin2m) + s(v10m) + s(nirradiance), data = .)  513.9604
gam(log(value) ~ s(wdir) + s(jd) + s(pblmin) + s(tmin2m) + s(v10m) + s(nirradiance), data = .)    507.3533
gam(log(value) ~ s(wspeed) + s(jd) + s(pblmin) + s(tmin2m) + s(v10m) + s(nirradiance), data = .)  563.0039
gam(log(value) ~ s(pwspeed) + s(jd) + s(pblmin) + s(tmin2m) + s(v10m) + s(nirradiance), data = .) 563.9894

Modello migliore: t2m - jd - pblmin - tmin2m - v10m - nirradiance 

Variabile scelta t2m con AIC 450.019552486132  

Fine per scelta MODELLO 

jd + pblmin + tmin2m + v10m + nirradiance 

---------------------- 

NOTE: Log Print Time:  2021-05-11 11:20:52 
NOTE: Elapsed Time in seconds: 1.17999275525411 

Fine per scelta MODELLO 

jd + pblmin + tmin2m + v10m + nirradiance 

---------------------- 

NOTE: Log Print Time:  2021-05-11 11:20:52 
NOTE: Elapsed Time in seconds: 0.0010991096496582 

Fine per scelta MODELLO 

jd + pblmin + tmin2m + v10m + nirradiance 

---------------------- 

NOTE: Log Print Time:  2021-05-11 11:20:52 
NOTE: Elapsed Time in seconds: 0.000989437103271484 

Fine per scelta MODELLO 

jd + pblmin + tmin2m + v10m + nirradiance 

---------------------- 

NOTE: Log Print Time:  2021-05-11 11:20:52 
NOTE: Elapsed Time in seconds: 0.00097966194152832 

Fine per scelta MODELLO 

jd + pblmin + tmin2m + v10m + nirradiance 

---------------------- 

NOTE: Log Print Time:  2021-05-11 11:20:52 
NOTE: Elapsed Time in seconds: 0.000970840454101562 

Fine per scelta MODELLO 

jd + pblmin + tmin2m + v10m + nirradiance 

---------------------- 

NOTE: Log Print Time:  2021-05-11 11:20:52 
NOTE: Elapsed Time in seconds: 0.000991344451904297 

========================================================================= 
Log End Time: 2021-05-11 11:20:52 
Log Elapsed Time: 0 00:00:01 
========================================================================= 
