========================================================================= 
Log Path: output/12/no2/log/pulvirus_no2_12_IT0865A.log 
Working Directory: /home/rmorelli/R/pulvirus/analisi/GAM/scelta 
User Name: rmorelli 
R Version: 4.0.5 (2021-03-31) 
Machine: pasqualino x86_64 
Operating System: Linux 4.19.0-13-amd64 #1 SMP Debian 4.19.160-2 (2020-11-28) 
Log Start Time: 2021-05-11 11:02:47 
========================================================================= 

Stazione: IT0865A 

---------- START ---------- 

                                            IT0865A
gam(log(value) ~ s(t2m), data = .)         1968.655
gam(log(value) ~ s(tmin2m), data = .)      1973.487
gam(log(value) ~ s(tmax2m), data = .)      2036.457
gam(log(value) ~ s(tp), data = .)          2336.449
gam(log(value) ~ s(ptp), data = .)         2386.404
gam(log(value) ~ s(rh), data = .)          2386.979
gam(log(value) ~ s(u10m), data = .)        2309.419
gam(log(value) ~ s(v10m), data = .)        2153.700
gam(log(value) ~ s(sp), data = .)          2097.994
gam(log(value) ~ s(nirradiance), data = .) 2047.035
gam(log(value) ~ s(pbl00), data = .)       2376.709
gam(log(value) ~ s(pbl12), data = .)       2214.675
gam(log(value) ~ s(pblmin), data = .)      2342.096
gam(log(value) ~ s(pblmax), data = .)      2341.912
gam(log(value) ~ s(wdir), data = .)        2036.697
gam(log(value) ~ s(wspeed), data = .)      2341.660
gam(log(value) ~ s(pwspeed), data = .)     2386.704
gam(log(value) ~ s(jd), data = .)          1592.050

Modello migliore: jd 

Variabile scelta jd con AIC 1592.05041620398  

---------- START ---------- 

                                                    IT0865A
gam(log(value) ~ s(t2m) + s(jd), data = .)         1468.061
gam(log(value) ~ s(tmin2m) + s(jd), data = .)      1467.746
gam(log(value) ~ s(tmax2m) + s(jd), data = .)      1505.659
gam(log(value) ~ s(tp) + s(jd), data = .)          1433.799
gam(log(value) ~ s(ptp) + s(jd), data = .)         1563.861
gam(log(value) ~ s(rh) + s(jd), data = .)          1538.992
gam(log(value) ~ s(u10m) + s(jd), data = .)        1453.037
gam(log(value) ~ s(v10m) + s(jd), data = .)        1198.965
gam(log(value) ~ s(sp) + s(jd), data = .)          1465.065
gam(log(value) ~ s(nirradiance) + s(jd), data = .) 1564.494
gam(log(value) ~ s(pbl00) + s(jd), data = .)       1463.866
gam(log(value) ~ s(pbl12) + s(jd), data = .)       1430.303
gam(log(value) ~ s(pblmin) + s(jd), data = .)      1384.782
gam(log(value) ~ s(pblmax) + s(jd), data = .)      1449.180
gam(log(value) ~ s(wdir) + s(jd), data = .)        1343.100
gam(log(value) ~ s(wspeed) + s(jd), data = .)      1348.947
gam(log(value) ~ s(pwspeed) + s(jd), data = .)     1564.858
gam(log(value) ~ s(jd) + s(jd), data = .)          1592.050

Modello migliore: v10m - jd 

Variabile scelta v10m con AIC 1198.96463280084  

Modelli BACKWARD 

                                                      IT0865A
gam(log(value) ~ s(t2m) + s(v10m), data = .)         1774.137
gam(log(value) ~ s(tmin2m) + s(v10m), data = .)      1803.944
gam(log(value) ~ s(tmax2m) + s(v10m), data = .)      1785.886
gam(log(value) ~ s(tp) + s(v10m), data = .)          2147.244
gam(log(value) ~ s(ptp) + s(v10m), data = .)         2155.675
gam(log(value) ~ s(rh) + s(v10m), data = .)          2104.929
gam(log(value) ~ s(u10m) + s(v10m), data = .)        2001.777
gam(log(value) ~ s(sp) + s(v10m), data = .)          1942.246
gam(log(value) ~ s(nirradiance) + s(v10m), data = .) 1663.672
gam(log(value) ~ s(pbl00) + s(v10m), data = .)       2153.090
gam(log(value) ~ s(pbl12) + s(v10m), data = .)       2037.530
gam(log(value) ~ s(pblmin) + s(v10m), data = .)      2136.614
gam(log(value) ~ s(pblmax) + s(v10m), data = .)      2118.190
gam(log(value) ~ s(wdir) + s(v10m), data = .)        1977.754
gam(log(value) ~ s(wspeed) + s(v10m), data = .)      2149.415
gam(log(value) ~ s(pwspeed) + s(v10m), data = .)     2150.240

Modello migliore: nirradiance - v10m 

Dati backward:  1663.67228456068::nirradiance::v10m 

Scelgo il modello N 

---------- START ---------- 

                                                              IT0865A
gam(log(value) ~ s(t2m) + s(jd) + s(v10m), data = .)         1141.388
gam(log(value) ~ s(tmin2m) + s(jd) + s(v10m), data = .)      1151.901
gam(log(value) ~ s(tmax2m) + s(jd) + s(v10m), data = .)      1144.107
gam(log(value) ~ s(tp) + s(jd) + s(v10m), data = .)          1163.193
gam(log(value) ~ s(ptp) + s(jd) + s(v10m), data = .)         1187.905
gam(log(value) ~ s(rh) + s(jd) + s(v10m), data = .)          1195.446
gam(log(value) ~ s(u10m) + s(jd) + s(v10m), data = .)        1108.308
gam(log(value) ~ s(sp) + s(jd) + s(v10m), data = .)          1158.107
gam(log(value) ~ s(nirradiance) + s(jd) + s(v10m), data = .) 1169.926
gam(log(value) ~ s(pbl00) + s(jd) + s(v10m), data = .)       1155.291
gam(log(value) ~ s(pbl12) + s(jd) + s(v10m), data = .)       1113.238
gam(log(value) ~ s(pblmin) + s(jd) + s(v10m), data = .)      1130.768
gam(log(value) ~ s(pblmax) + s(jd) + s(v10m), data = .)      1109.033
gam(log(value) ~ s(wdir) + s(jd) + s(v10m), data = .)        1150.601
gam(log(value) ~ s(wspeed) + s(jd) + s(v10m), data = .)      1135.662
gam(log(value) ~ s(pwspeed) + s(jd) + s(v10m), data = .)     1194.725

Modello migliore: u10m - jd - v10m 

Variabile scelta u10m con AIC 1108.3076006568  

Modelli BACKWARD 

                                                              IT0865A
gam(log(value) ~ s(t2m) + s(jd) + s(u10m), data = .)         1358.206
gam(log(value) ~ s(tmin2m) + s(jd) + s(u10m), data = .)      1374.797
gam(log(value) ~ s(tmax2m) + s(jd) + s(u10m), data = .)      1368.779
gam(log(value) ~ s(tp) + s(jd) + s(u10m), data = .)          1357.033
gam(log(value) ~ s(ptp) + s(jd) + s(u10m), data = .)         1434.235
gam(log(value) ~ s(rh) + s(jd) + s(u10m), data = .)          1385.504
gam(log(value) ~ s(sp) + s(jd) + s(u10m), data = .)          1370.655
gam(log(value) ~ s(nirradiance) + s(jd) + s(u10m), data = .) 1437.033
gam(log(value) ~ s(pbl00) + s(jd) + s(u10m), data = .)       1393.963
gam(log(value) ~ s(pbl12) + s(jd) + s(u10m), data = .)       1345.422
gam(log(value) ~ s(pblmin) + s(jd) + s(u10m), data = .)      1357.496
gam(log(value) ~ s(pblmax) + s(jd) + s(u10m), data = .)      1358.924
gam(log(value) ~ s(wdir) + s(jd) + s(u10m), data = .)        1205.515
gam(log(value) ~ s(wspeed) + s(jd) + s(u10m), data = .)      1347.180
gam(log(value) ~ s(pwspeed) + s(jd) + s(u10m), data = .)     1444.496

Modello migliore: wdir - jd - u10m 

Dati backward:  1205.51454499146::wdir::jd::u10m 

Scelgo il modello N 

---------- START ---------- 

                                                                        IT0865A
gam(log(value) ~ s(t2m) + s(jd) + s(v10m) + s(u10m), data = .)         1061.260
gam(log(value) ~ s(tmin2m) + s(jd) + s(v10m) + s(u10m), data = .)      1079.820
gam(log(value) ~ s(tmax2m) + s(jd) + s(v10m) + s(u10m), data = .)      1043.324
gam(log(value) ~ s(tp) + s(jd) + s(v10m) + s(u10m), data = .)          1093.864
gam(log(value) ~ s(ptp) + s(jd) + s(v10m) + s(u10m), data = .)         1105.706
gam(log(value) ~ s(rh) + s(jd) + s(v10m) + s(u10m), data = .)          1097.836
gam(log(value) ~ s(sp) + s(jd) + s(v10m) + s(u10m), data = .)          1089.758
gam(log(value) ~ s(nirradiance) + s(jd) + s(v10m) + s(u10m), data = .) 1072.603
gam(log(value) ~ s(pbl00) + s(jd) + s(v10m) + s(u10m), data = .)       1096.429
gam(log(value) ~ s(pbl12) + s(jd) + s(v10m) + s(u10m), data = .)       1067.328
gam(log(value) ~ s(pblmin) + s(jd) + s(v10m) + s(u10m), data = .)      1092.088
gam(log(value) ~ s(pblmax) + s(jd) + s(v10m) + s(u10m), data = .)      1062.973
gam(log(value) ~ s(wdir) + s(jd) + s(v10m) + s(u10m), data = .)        1105.559
gam(log(value) ~ s(wspeed) + s(jd) + s(v10m) + s(u10m), data = .)      1109.494
gam(log(value) ~ s(pwspeed) + s(jd) + s(v10m) + s(u10m), data = .)     1108.914

Modello migliore: tmax2m - jd - v10m - u10m 

Variabile scelta tmax2m con AIC 1043.32391041265  

Modelli BACKWARD 

                                                                          IT0865A
gam(log(value) ~ s(t2m) + s(jd) + s(v10m) + s(tmax2m), data = .)         1064.491
gam(log(value) ~ s(tmin2m) + s(jd) + s(v10m) + s(tmax2m), data = .)      1061.938
gam(log(value) ~ s(tp) + s(jd) + s(v10m) + s(tmax2m), data = .)          1102.876
gam(log(value) ~ s(ptp) + s(jd) + s(v10m) + s(tmax2m), data = .)         1134.631
gam(log(value) ~ s(rh) + s(jd) + s(v10m) + s(tmax2m), data = .)          1145.266
gam(log(value) ~ s(sp) + s(jd) + s(v10m) + s(tmax2m), data = .)          1099.269
gam(log(value) ~ s(nirradiance) + s(jd) + s(v10m) + s(tmax2m), data = .) 1119.117
gam(log(value) ~ s(pbl00) + s(jd) + s(v10m) + s(tmax2m), data = .)       1103.619
gam(log(value) ~ s(pbl12) + s(jd) + s(v10m) + s(tmax2m), data = .)       1059.411
gam(log(value) ~ s(pblmin) + s(jd) + s(v10m) + s(tmax2m), data = .)      1075.362
gam(log(value) ~ s(pblmax) + s(jd) + s(v10m) + s(tmax2m), data = .)      1049.012
gam(log(value) ~ s(wdir) + s(jd) + s(v10m) + s(tmax2m), data = .)        1075.584
gam(log(value) ~ s(wspeed) + s(jd) + s(v10m) + s(tmax2m), data = .)      1073.901
gam(log(value) ~ s(pwspeed) + s(jd) + s(v10m) + s(tmax2m), data = .)     1139.393

Modello migliore: pblmax - jd - v10m - tmax2m 

Dati backward:  1049.01197197538::pblmax::jd::v10m::tmax2m 

Scelgo il modello N 

---------- START ---------- 

                                                                                     IT0865A
gam(log(value) ~ s(t2m) + s(jd) + s(v10m) + s(u10m) + s(tmax2m), data = .)         1011.9116
gam(log(value) ~ s(tmin2m) + s(jd) + s(v10m) + s(u10m) + s(tmax2m), data = .)      1001.2064
gam(log(value) ~ s(tp) + s(jd) + s(v10m) + s(u10m) + s(tmax2m), data = .)          1028.4172
gam(log(value) ~ s(ptp) + s(jd) + s(v10m) + s(u10m) + s(tmax2m), data = .)         1042.0699
gam(log(value) ~ s(rh) + s(jd) + s(v10m) + s(u10m) + s(tmax2m), data = .)          1039.5758
gam(log(value) ~ s(sp) + s(jd) + s(v10m) + s(u10m) + s(tmax2m), data = .)          1025.6276
gam(log(value) ~ s(nirradiance) + s(jd) + s(v10m) + s(u10m) + s(tmax2m), data = .) 1017.3520
gam(log(value) ~ s(pbl00) + s(jd) + s(v10m) + s(u10m) + s(tmax2m), data = .)       1037.3764
gam(log(value) ~ s(pbl12) + s(jd) + s(v10m) + s(u10m) + s(tmax2m), data = .)       1005.4704
gam(log(value) ~ s(pblmin) + s(jd) + s(v10m) + s(u10m) + s(tmax2m), data = .)      1031.4040
gam(log(value) ~ s(pblmax) + s(jd) + s(v10m) + s(u10m) + s(tmax2m), data = .)       997.9451
gam(log(value) ~ s(wdir) + s(jd) + s(v10m) + s(u10m) + s(tmax2m), data = .)        1035.0002
gam(log(value) ~ s(wspeed) + s(jd) + s(v10m) + s(u10m) + s(tmax2m), data = .)      1042.4070
gam(log(value) ~ s(pwspeed) + s(jd) + s(v10m) + s(u10m) + s(tmax2m), data = .)     1045.3376

Modello migliore: pblmax - jd - v10m - u10m - tmax2m 

Variabile scelta pblmax con AIC 997.945124059908  

Modelli BACKWARD 

                                                                                    IT0865A
gam(log(value) ~ s(t2m) + s(jd) + s(v10m) + s(u10m) + s(pblmax), data = .)         1013.612
gam(log(value) ~ s(tmin2m) + s(jd) + s(v10m) + s(u10m) + s(pblmax), data = .)      1031.110
gam(log(value) ~ s(tp) + s(jd) + s(v10m) + s(u10m) + s(pblmax), data = .)          1055.465
gam(log(value) ~ s(ptp) + s(jd) + s(v10m) + s(u10m) + s(pblmax), data = .)         1064.293
gam(log(value) ~ s(rh) + s(jd) + s(v10m) + s(u10m) + s(pblmax), data = .)          1024.515
gam(log(value) ~ s(sp) + s(jd) + s(v10m) + s(u10m) + s(pblmax), data = .)          1050.112
gam(log(value) ~ s(nirradiance) + s(jd) + s(v10m) + s(u10m) + s(pblmax), data = .) 1032.405
gam(log(value) ~ s(pbl00) + s(jd) + s(v10m) + s(u10m) + s(pblmax), data = .)       1056.515
gam(log(value) ~ s(pbl12) + s(jd) + s(v10m) + s(u10m) + s(pblmax), data = .)       1062.175
gam(log(value) ~ s(pblmin) + s(jd) + s(v10m) + s(u10m) + s(pblmax), data = .)      1056.019
gam(log(value) ~ s(wdir) + s(jd) + s(v10m) + s(u10m) + s(pblmax), data = .)        1059.711
gam(log(value) ~ s(wspeed) + s(jd) + s(v10m) + s(u10m) + s(pblmax), data = .)      1064.063
gam(log(value) ~ s(pwspeed) + s(jd) + s(v10m) + s(u10m) + s(pblmax), data = .)     1064.526

Modello migliore: t2m - jd - v10m - u10m - pblmax 

Dati backward:  1013.61167291528::t2m::jd::v10m::u10m::pblmax 

Scelgo il modello N 

---------- START ---------- 

                                                                                                IT0865A
gam(log(value) ~ s(t2m) + s(jd) + s(v10m) + s(u10m) + s(tmax2m) + s(pblmax), data = .)         972.5367
gam(log(value) ~ s(tmin2m) + s(jd) + s(v10m) + s(u10m) + s(tmax2m) + s(pblmax), data = .)      962.2650
gam(log(value) ~ s(tp) + s(jd) + s(v10m) + s(u10m) + s(tmax2m) + s(pblmax), data = .)          989.3268
gam(log(value) ~ s(ptp) + s(jd) + s(v10m) + s(u10m) + s(tmax2m) + s(pblmax), data = .)         999.4432
gam(log(value) ~ s(rh) + s(jd) + s(v10m) + s(u10m) + s(tmax2m) + s(pblmax), data = .)          967.7695
gam(log(value) ~ s(sp) + s(jd) + s(v10m) + s(u10m) + s(tmax2m) + s(pblmax), data = .)          987.4383
gam(log(value) ~ s(nirradiance) + s(jd) + s(v10m) + s(u10m) + s(tmax2m) + s(pblmax), data = .) 973.7613
gam(log(value) ~ s(pbl00) + s(jd) + s(v10m) + s(u10m) + s(tmax2m) + s(pblmax), data = .)       994.5231
gam(log(value) ~ s(pbl12) + s(jd) + s(v10m) + s(u10m) + s(tmax2m) + s(pblmax), data = .)       998.3914
gam(log(value) ~ s(pblmin) + s(jd) + s(v10m) + s(u10m) + s(tmax2m) + s(pblmax), data = .)      993.1903
gam(log(value) ~ s(wdir) + s(jd) + s(v10m) + s(u10m) + s(tmax2m) + s(pblmax), data = .)        988.1014
gam(log(value) ~ s(wspeed) + s(jd) + s(v10m) + s(u10m) + s(tmax2m) + s(pblmax), data = .)      996.9714
gam(log(value) ~ s(pwspeed) + s(jd) + s(v10m) + s(u10m) + s(tmax2m) + s(pblmax), data = .)     999.8795

Modello migliore: tmin2m - jd - v10m - u10m - tmax2m - pblmax 

Variabile scelta tmin2m con AIC 962.264953210931  

Modelli BACKWARD 

                                                                                                 IT0865A
gam(log(value) ~ s(t2m) + s(jd) + s(v10m) + s(u10m) + s(tmax2m) + s(tmin2m), data = .)         1002.8650
gam(log(value) ~ s(tp) + s(jd) + s(v10m) + s(u10m) + s(tmax2m) + s(tmin2m), data = .)          1000.4064
gam(log(value) ~ s(ptp) + s(jd) + s(v10m) + s(u10m) + s(tmax2m) + s(tmin2m), data = .)         1002.7169
gam(log(value) ~ s(rh) + s(jd) + s(v10m) + s(u10m) + s(tmax2m) + s(tmin2m), data = .)          1003.0094
gam(log(value) ~ s(sp) + s(jd) + s(v10m) + s(u10m) + s(tmax2m) + s(tmin2m), data = .)           993.2134
gam(log(value) ~ s(nirradiance) + s(jd) + s(v10m) + s(u10m) + s(tmax2m) + s(tmin2m), data = .)  896.1012
gam(log(value) ~ s(pbl00) + s(jd) + s(v10m) + s(u10m) + s(tmax2m) + s(tmin2m), data = .)       1002.4055
gam(log(value) ~ s(pbl12) + s(jd) + s(v10m) + s(u10m) + s(tmax2m) + s(tmin2m), data = .)        964.4588
gam(log(value) ~ s(pblmin) + s(jd) + s(v10m) + s(u10m) + s(tmax2m) + s(tmin2m), data = .)      1002.2760
gam(log(value) ~ s(wdir) + s(jd) + s(v10m) + s(u10m) + s(tmax2m) + s(tmin2m), data = .)         996.4156
gam(log(value) ~ s(wspeed) + s(jd) + s(v10m) + s(u10m) + s(tmax2m) + s(tmin2m), data = .)      1001.6120
gam(log(value) ~ s(pwspeed) + s(jd) + s(v10m) + s(u10m) + s(tmax2m) + s(tmin2m), data = .)     1002.7643

Modello migliore: nirradiance - jd - v10m - u10m - tmax2m - tmin2m 

Dati backward:  896.101234111273::nirradiance::jd::v10m::u10m::tmax2m::tmin2m 

Scelgo il modello N-1 

---------- START ---------- 

                                                                                                IT0865A
gam(log(value) ~ s(t2m) + s(jd) + s(v10m) + s(u10m) + s(tmax2m) + s(pblmax), data = .)         972.5367
gam(log(value) ~ s(tp) + s(jd) + s(v10m) + s(u10m) + s(tmax2m) + s(pblmax), data = .)          989.3268
gam(log(value) ~ s(ptp) + s(jd) + s(v10m) + s(u10m) + s(tmax2m) + s(pblmax), data = .)         999.4432
gam(log(value) ~ s(rh) + s(jd) + s(v10m) + s(u10m) + s(tmax2m) + s(pblmax), data = .)          967.7695
gam(log(value) ~ s(sp) + s(jd) + s(v10m) + s(u10m) + s(tmax2m) + s(pblmax), data = .)          987.4383
gam(log(value) ~ s(nirradiance) + s(jd) + s(v10m) + s(u10m) + s(tmax2m) + s(pblmax), data = .) 973.7613
gam(log(value) ~ s(pbl00) + s(jd) + s(v10m) + s(u10m) + s(tmax2m) + s(pblmax), data = .)       994.5231
gam(log(value) ~ s(pbl12) + s(jd) + s(v10m) + s(u10m) + s(tmax2m) + s(pblmax), data = .)       998.3914
gam(log(value) ~ s(pblmin) + s(jd) + s(v10m) + s(u10m) + s(tmax2m) + s(pblmax), data = .)      993.1903
gam(log(value) ~ s(wdir) + s(jd) + s(v10m) + s(u10m) + s(tmax2m) + s(pblmax), data = .)        988.1014
gam(log(value) ~ s(wspeed) + s(jd) + s(v10m) + s(u10m) + s(tmax2m) + s(pblmax), data = .)      996.9714
gam(log(value) ~ s(pwspeed) + s(jd) + s(v10m) + s(u10m) + s(tmax2m) + s(pblmax), data = .)     999.8795

Modello migliore: rh - jd - v10m - u10m - tmax2m - pblmax 

Variabile scelta rh con AIC 967.769457944456  

Fine per scelta MODELLO 

jd + v10m + u10m + tmax2m + pblmax 

---------------------- 

NOTE: Log Print Time:  2021-05-11 11:03:51 
NOTE: Elapsed Time in seconds: 1.07646969159444 

Fine per scelta MODELLO 

jd + v10m + u10m + tmax2m + pblmax 

---------------------- 

NOTE: Log Print Time:  2021-05-11 11:03:51 
NOTE: Elapsed Time in seconds: 0.00124311447143555 

Fine per scelta MODELLO 

jd + v10m + u10m + tmax2m + pblmax 

---------------------- 

NOTE: Log Print Time:  2021-05-11 11:03:51 
NOTE: Elapsed Time in seconds: 0.00111794471740723 

Fine per scelta MODELLO 

jd + v10m + u10m + tmax2m + pblmax 

---------------------- 

NOTE: Log Print Time:  2021-05-11 11:03:51 
NOTE: Elapsed Time in seconds: 0.00110554695129395 

Fine per scelta MODELLO 

jd + v10m + u10m + tmax2m + pblmax 

---------------------- 

NOTE: Log Print Time:  2021-05-11 11:03:51 
NOTE: Elapsed Time in seconds: 0.00110220909118652 

Fine per scelta MODELLO 

jd + v10m + u10m + tmax2m + pblmax 

---------------------- 

NOTE: Log Print Time:  2021-05-11 11:03:51 
NOTE: Elapsed Time in seconds: 0.00114893913269043 

========================================================================= 
Log End Time: 2021-05-11 11:03:51 
Log Elapsed Time: 0 00:00:01 
========================================================================= 
