========================================================================= 
Log Path: output/12/no2/log/pulvirus_no2_12_IT2172A.log 
Working Directory: /home/rmorelli/R/pulvirus/analisi/GAM/scelta 
User Name: rmorelli 
R Version: 4.0.5 (2021-03-31) 
Machine: pasqualino x86_64 
Operating System: Linux 4.19.0-13-amd64 #1 SMP Debian 4.19.160-2 (2020-11-28) 
Log Start Time: 2021-05-11 11:08:03 
========================================================================= 

Stazione: IT2172A 

---------- START ---------- 

                                            IT2172A
gam(log(value) ~ s(t2m), data = .)         2730.054
gam(log(value) ~ s(tmin2m), data = .)      2757.161
gam(log(value) ~ s(tmax2m), data = .)      2752.284
gam(log(value) ~ s(tp), data = .)          2726.945
gam(log(value) ~ s(ptp), data = .)         2809.599
gam(log(value) ~ s(rh), data = .)          2808.610
gam(log(value) ~ s(u10m), data = .)        2656.193
gam(log(value) ~ s(v10m), data = .)        1855.977
gam(log(value) ~ s(sp), data = .)          2582.706
gam(log(value) ~ s(nirradiance), data = .) 2789.666
gam(log(value) ~ s(pbl00), data = .)       2619.453
gam(log(value) ~ s(pbl12), data = .)       2438.414
gam(log(value) ~ s(pblmin), data = .)      2468.046
gam(log(value) ~ s(pblmax), data = .)      2535.729
gam(log(value) ~ s(wdir), data = .)        2467.588
gam(log(value) ~ s(wspeed), data = .)      2249.532
gam(log(value) ~ s(pwspeed), data = .)     2798.992
gam(log(value) ~ s(jd), data = .)          2688.127

Modello migliore: v10m 

Variabile scelta v10m con AIC 1855.97715321372  

---------- START ---------- 

                                                      IT2172A
gam(log(value) ~ s(t2m) + s(v10m), data = .)         1689.457
gam(log(value) ~ s(tmin2m) + s(v10m), data = .)      1697.701
gam(log(value) ~ s(tmax2m) + s(v10m), data = .)      1670.915
gam(log(value) ~ s(tp) + s(v10m), data = .)          1840.864
gam(log(value) ~ s(ptp) + s(v10m), data = .)         1858.418
gam(log(value) ~ s(rh) + s(v10m), data = .)          1820.980
gam(log(value) ~ s(u10m) + s(v10m), data = .)        1834.898
gam(log(value) ~ s(v10m) + s(v10m), data = .)        1855.977
gam(log(value) ~ s(sp) + s(v10m), data = .)          1658.221
gam(log(value) ~ s(nirradiance) + s(v10m), data = .) 1687.645
gam(log(value) ~ s(pbl00) + s(v10m), data = .)       1837.331
gam(log(value) ~ s(pbl12) + s(v10m), data = .)       1843.496
gam(log(value) ~ s(pblmin) + s(v10m), data = .)      1840.485
gam(log(value) ~ s(pblmax) + s(v10m), data = .)      1837.152
gam(log(value) ~ s(wdir) + s(v10m), data = .)        1835.871
gam(log(value) ~ s(wspeed) + s(v10m), data = .)      1841.434
gam(log(value) ~ s(pwspeed) + s(v10m), data = .)     1842.399
gam(log(value) ~ s(jd) + s(v10m), data = .)          1356.941

Modello migliore: jd - v10m 

Variabile scelta jd con AIC 1356.94145328784  

Modelli BACKWARD 

                                                    IT2172A
gam(log(value) ~ s(t2m) + s(jd), data = .)         2615.973
gam(log(value) ~ s(tmin2m) + s(jd), data = .)      2655.482
gam(log(value) ~ s(tmax2m) + s(jd), data = .)      2607.647
gam(log(value) ~ s(tp) + s(jd), data = .)          2542.868
gam(log(value) ~ s(ptp) + s(jd), data = .)         2656.159
gam(log(value) ~ s(rh) + s(jd), data = .)          2661.353
gam(log(value) ~ s(u10m) + s(jd), data = .)        2362.799
gam(log(value) ~ s(sp) + s(jd), data = .)          2445.978
gam(log(value) ~ s(nirradiance) + s(jd), data = .) 2607.816
gam(log(value) ~ s(pbl00) + s(jd), data = .)       2291.167
gam(log(value) ~ s(pbl12) + s(jd), data = .)       1965.624
gam(log(value) ~ s(pblmin) + s(jd), data = .)      1974.795
gam(log(value) ~ s(pblmax) + s(jd), data = .)      2077.759
gam(log(value) ~ s(wdir) + s(jd), data = .)        2275.556
gam(log(value) ~ s(wspeed) + s(jd), data = .)      1749.344
gam(log(value) ~ s(pwspeed) + s(jd), data = .)     2624.474

Modello migliore: wspeed - jd 

Dati backward:  1749.34354907691::wspeed::jd 

Scelgo il modello N 

---------- START ---------- 

                                                              IT2172A
gam(log(value) ~ s(t2m) + s(v10m) + s(jd), data = .)         1353.728
gam(log(value) ~ s(tmin2m) + s(v10m) + s(jd), data = .)      1356.756
gam(log(value) ~ s(tmax2m) + s(v10m) + s(jd), data = .)      1335.760
gam(log(value) ~ s(tp) + s(v10m) + s(jd), data = .)          1312.518
gam(log(value) ~ s(ptp) + s(v10m) + s(jd), data = .)         1353.839
gam(log(value) ~ s(rh) + s(v10m) + s(jd), data = .)          1344.394
gam(log(value) ~ s(u10m) + s(v10m) + s(jd), data = .)        1271.404
gam(log(value) ~ s(sp) + s(v10m) + s(jd), data = .)          1244.453
gam(log(value) ~ s(nirradiance) + s(v10m) + s(jd), data = .) 1336.824
gam(log(value) ~ s(pbl00) + s(v10m) + s(jd), data = .)       1276.407
gam(log(value) ~ s(pbl12) + s(v10m) + s(jd), data = .)       1217.928
gam(log(value) ~ s(pblmin) + s(v10m) + s(jd), data = .)      1215.687
gam(log(value) ~ s(pblmax) + s(v10m) + s(jd), data = .)      1211.556
gam(log(value) ~ s(wdir) + s(v10m) + s(jd), data = .)        1314.515
gam(log(value) ~ s(wspeed) + s(v10m) + s(jd), data = .)      1263.875
gam(log(value) ~ s(pwspeed) + s(v10m) + s(jd), data = .)     1352.189

Modello migliore: pblmax - v10m - jd 

Variabile scelta pblmax con AIC 1211.55632941823  

Modelli BACKWARD 

                                                                  IT2172A
gam(log(value) ~ s(t2m) + s(v10m) + s(pblmax), data = .)         1587.525
gam(log(value) ~ s(tmin2m) + s(v10m) + s(pblmax), data = .)      1611.494
gam(log(value) ~ s(tmax2m) + s(v10m) + s(pblmax), data = .)      1556.707
gam(log(value) ~ s(tp) + s(v10m) + s(pblmax), data = .)          1827.582
gam(log(value) ~ s(ptp) + s(v10m) + s(pblmax), data = .)         1839.341
gam(log(value) ~ s(rh) + s(v10m) + s(pblmax), data = .)          1784.314
gam(log(value) ~ s(u10m) + s(v10m) + s(pblmax), data = .)        1814.624
gam(log(value) ~ s(sp) + s(v10m) + s(pblmax), data = .)          1624.566
gam(log(value) ~ s(nirradiance) + s(v10m) + s(pblmax), data = .) 1540.950
gam(log(value) ~ s(pbl00) + s(v10m) + s(pblmax), data = .)       1824.460
gam(log(value) ~ s(pbl12) + s(v10m) + s(pblmax), data = .)       1828.108
gam(log(value) ~ s(pblmin) + s(v10m) + s(pblmax), data = .)      1829.812
gam(log(value) ~ s(wdir) + s(v10m) + s(pblmax), data = .)        1813.176
gam(log(value) ~ s(wspeed) + s(v10m) + s(pblmax), data = .)      1825.737
gam(log(value) ~ s(pwspeed) + s(v10m) + s(pblmax), data = .)     1818.299

Modello migliore: nirradiance - v10m - pblmax 

Dati backward:  1540.95016155492::nirradiance::v10m::pblmax 

Scelgo il modello N 

---------- START ---------- 

                                                                          IT2172A
gam(log(value) ~ s(t2m) + s(v10m) + s(jd) + s(pblmax), data = .)         1202.335
gam(log(value) ~ s(tmin2m) + s(v10m) + s(jd) + s(pblmax), data = .)      1202.457
gam(log(value) ~ s(tmax2m) + s(v10m) + s(jd) + s(pblmax), data = .)      1187.553
gam(log(value) ~ s(tp) + s(v10m) + s(jd) + s(pblmax), data = .)          1198.947
gam(log(value) ~ s(ptp) + s(v10m) + s(jd) + s(pblmax), data = .)         1213.532
gam(log(value) ~ s(rh) + s(v10m) + s(jd) + s(pblmax), data = .)          1199.141
gam(log(value) ~ s(u10m) + s(v10m) + s(jd) + s(pblmax), data = .)        1154.427
gam(log(value) ~ s(sp) + s(v10m) + s(jd) + s(pblmax), data = .)          1148.030
gam(log(value) ~ s(nirradiance) + s(v10m) + s(jd) + s(pblmax), data = .) 1178.729
gam(log(value) ~ s(pbl00) + s(v10m) + s(jd) + s(pblmax), data = .)       1195.829
gam(log(value) ~ s(pbl12) + s(v10m) + s(jd) + s(pblmax), data = .)       1192.859
gam(log(value) ~ s(pblmin) + s(v10m) + s(jd) + s(pblmax), data = .)      1175.892
gam(log(value) ~ s(wdir) + s(v10m) + s(jd) + s(pblmax), data = .)        1180.543
gam(log(value) ~ s(wspeed) + s(v10m) + s(jd) + s(pblmax), data = .)      1160.171
gam(log(value) ~ s(pwspeed) + s(v10m) + s(jd) + s(pblmax), data = .)     1208.419

Modello migliore: sp - v10m - jd - pblmax 

Variabile scelta sp con AIC 1148.02995649585  

Modelli BACKWARD 

                                                                      IT2172A
gam(log(value) ~ s(t2m) + s(v10m) + s(jd) + s(sp), data = .)         1239.533
gam(log(value) ~ s(tmin2m) + s(v10m) + s(jd) + s(sp), data = .)      1245.384
gam(log(value) ~ s(tmax2m) + s(v10m) + s(jd) + s(sp), data = .)      1223.136
gam(log(value) ~ s(tp) + s(v10m) + s(jd) + s(sp), data = .)          1229.527
gam(log(value) ~ s(ptp) + s(v10m) + s(jd) + s(sp), data = .)         1244.758
gam(log(value) ~ s(rh) + s(v10m) + s(jd) + s(sp), data = .)          1240.176
gam(log(value) ~ s(u10m) + s(v10m) + s(jd) + s(sp), data = .)        1167.619
gam(log(value) ~ s(nirradiance) + s(v10m) + s(jd) + s(sp), data = .) 1232.446
gam(log(value) ~ s(pbl00) + s(v10m) + s(jd) + s(sp), data = .)       1189.604
gam(log(value) ~ s(pbl12) + s(v10m) + s(jd) + s(sp), data = .)       1152.585
gam(log(value) ~ s(pblmin) + s(v10m) + s(jd) + s(sp), data = .)      1142.164
gam(log(value) ~ s(wdir) + s(v10m) + s(jd) + s(sp), data = .)        1195.059
gam(log(value) ~ s(wspeed) + s(v10m) + s(jd) + s(sp), data = .)      1181.306
gam(log(value) ~ s(pwspeed) + s(v10m) + s(jd) + s(sp), data = .)     1240.824

Modello migliore: pblmin - v10m - jd - sp 

Dati backward:  1142.16364449341::pblmin::v10m::jd::sp 

Scelgo il modello N 

---------- START ---------- 

                                                                                  IT2172A
gam(log(value) ~ s(t2m) + s(v10m) + s(jd) + s(pblmax) + s(sp), data = .)         1146.291
gam(log(value) ~ s(tmin2m) + s(v10m) + s(jd) + s(pblmax) + s(sp), data = .)      1144.541
gam(log(value) ~ s(tmax2m) + s(v10m) + s(jd) + s(pblmax) + s(sp), data = .)      1131.061
gam(log(value) ~ s(tp) + s(v10m) + s(jd) + s(pblmax) + s(sp), data = .)          1139.339
gam(log(value) ~ s(ptp) + s(v10m) + s(jd) + s(pblmax) + s(sp), data = .)         1145.052
gam(log(value) ~ s(rh) + s(v10m) + s(jd) + s(pblmax) + s(sp), data = .)          1143.650
gam(log(value) ~ s(u10m) + s(v10m) + s(jd) + s(pblmax) + s(sp), data = .)        1089.826
gam(log(value) ~ s(nirradiance) + s(v10m) + s(jd) + s(pblmax) + s(sp), data = .) 1117.216
gam(log(value) ~ s(pbl00) + s(v10m) + s(jd) + s(pblmax) + s(sp), data = .)       1132.535
gam(log(value) ~ s(pbl12) + s(v10m) + s(jd) + s(pblmax) + s(sp), data = .)       1130.238
gam(log(value) ~ s(pblmin) + s(v10m) + s(jd) + s(pblmax) + s(sp), data = .)      1116.425
gam(log(value) ~ s(wdir) + s(v10m) + s(jd) + s(pblmax) + s(sp), data = .)        1113.214
gam(log(value) ~ s(wspeed) + s(v10m) + s(jd) + s(pblmax) + s(sp), data = .)      1102.415
gam(log(value) ~ s(pwspeed) + s(v10m) + s(jd) + s(pblmax) + s(sp), data = .)     1143.138

Modello migliore: u10m - v10m - jd - pblmax - sp 

Variabile scelta u10m con AIC 1089.82575720204  

Modelli BACKWARD 

                                                                                    IT2172A
gam(log(value) ~ s(t2m) + s(v10m) + s(jd) + s(pblmax) + s(u10m), data = .)         1143.552
gam(log(value) ~ s(tmin2m) + s(v10m) + s(jd) + s(pblmax) + s(u10m), data = .)      1145.405
gam(log(value) ~ s(tmax2m) + s(v10m) + s(jd) + s(pblmax) + s(u10m), data = .)      1131.608
gam(log(value) ~ s(tp) + s(v10m) + s(jd) + s(pblmax) + s(u10m), data = .)          1140.114
gam(log(value) ~ s(ptp) + s(v10m) + s(jd) + s(pblmax) + s(u10m), data = .)         1156.377
gam(log(value) ~ s(rh) + s(v10m) + s(jd) + s(pblmax) + s(u10m), data = .)          1143.965
gam(log(value) ~ s(nirradiance) + s(v10m) + s(jd) + s(pblmax) + s(u10m), data = .) 1105.934
gam(log(value) ~ s(pbl00) + s(v10m) + s(jd) + s(pblmax) + s(u10m), data = .)       1143.230
gam(log(value) ~ s(pbl12) + s(v10m) + s(jd) + s(pblmax) + s(u10m), data = .)       1141.969
gam(log(value) ~ s(pblmin) + s(v10m) + s(jd) + s(pblmax) + s(u10m), data = .)      1128.731
gam(log(value) ~ s(wdir) + s(v10m) + s(jd) + s(pblmax) + s(u10m), data = .)        1142.159
gam(log(value) ~ s(wspeed) + s(v10m) + s(jd) + s(pblmax) + s(u10m), data = .)      1153.602
gam(log(value) ~ s(pwspeed) + s(v10m) + s(jd) + s(pblmax) + s(u10m), data = .)     1145.499

Modello migliore: nirradiance - v10m - jd - pblmax - u10m 

Dati backward:  1105.93387537931::nirradiance::v10m::jd::pblmax::u10m 

Scelgo il modello N 

---------- START ---------- 

                                                                                            IT2172A
gam(log(value) ~ s(t2m) + s(v10m) + s(jd) + s(pblmax) + s(sp) + s(u10m), data = .)         1085.552
gam(log(value) ~ s(tmin2m) + s(v10m) + s(jd) + s(pblmax) + s(sp) + s(u10m), data = .)      1085.644
gam(log(value) ~ s(tmax2m) + s(v10m) + s(jd) + s(pblmax) + s(sp) + s(u10m), data = .)      1072.771
gam(log(value) ~ s(tp) + s(v10m) + s(jd) + s(pblmax) + s(sp) + s(u10m), data = .)          1075.427
gam(log(value) ~ s(ptp) + s(v10m) + s(jd) + s(pblmax) + s(sp) + s(u10m), data = .)         1088.341
gam(log(value) ~ s(rh) + s(v10m) + s(jd) + s(pblmax) + s(sp) + s(u10m), data = .)          1087.448
gam(log(value) ~ s(nirradiance) + s(v10m) + s(jd) + s(pblmax) + s(sp) + s(u10m), data = .) 1037.876
gam(log(value) ~ s(pbl00) + s(v10m) + s(jd) + s(pblmax) + s(sp) + s(u10m), data = .)       1077.617
gam(log(value) ~ s(pbl12) + s(v10m) + s(jd) + s(pblmax) + s(sp) + s(u10m), data = .)       1076.514
gam(log(value) ~ s(pblmin) + s(v10m) + s(jd) + s(pblmax) + s(sp) + s(u10m), data = .)      1065.695
gam(log(value) ~ s(wdir) + s(v10m) + s(jd) + s(pblmax) + s(sp) + s(u10m), data = .)        1078.908
gam(log(value) ~ s(wspeed) + s(v10m) + s(jd) + s(pblmax) + s(sp) + s(u10m), data = .)      1089.564
gam(log(value) ~ s(pwspeed) + s(v10m) + s(jd) + s(pblmax) + s(sp) + s(u10m), data = .)     1077.942

Modello migliore: nirradiance - v10m - jd - pblmax - sp - u10m 

Variabile scelta nirradiance con AIC 1037.87613968833  

Modelli BACKWARD 

                                                                                               IT2172A
gam(log(value) ~ s(t2m) + s(v10m) + s(jd) + s(pblmax) + s(sp) + s(nirradiance), data = .)     1116.626
gam(log(value) ~ s(tmin2m) + s(v10m) + s(jd) + s(pblmax) + s(sp) + s(nirradiance), data = .)  1113.756
gam(log(value) ~ s(tmax2m) + s(v10m) + s(jd) + s(pblmax) + s(sp) + s(nirradiance), data = .)  1107.327
gam(log(value) ~ s(tp) + s(v10m) + s(jd) + s(pblmax) + s(sp) + s(nirradiance), data = .)      1105.409
gam(log(value) ~ s(ptp) + s(v10m) + s(jd) + s(pblmax) + s(sp) + s(nirradiance), data = .)     1116.350
gam(log(value) ~ s(rh) + s(v10m) + s(jd) + s(pblmax) + s(sp) + s(nirradiance), data = .)      1105.236
gam(log(value) ~ s(pbl00) + s(v10m) + s(jd) + s(pblmax) + s(sp) + s(nirradiance), data = .)   1102.258
gam(log(value) ~ s(pbl12) + s(v10m) + s(jd) + s(pblmax) + s(sp) + s(nirradiance), data = .)   1101.189
gam(log(value) ~ s(pblmin) + s(v10m) + s(jd) + s(pblmax) + s(sp) + s(nirradiance), data = .)  1080.142
gam(log(value) ~ s(wdir) + s(v10m) + s(jd) + s(pblmax) + s(sp) + s(nirradiance), data = .)    1066.829
gam(log(value) ~ s(wspeed) + s(v10m) + s(jd) + s(pblmax) + s(sp) + s(nirradiance), data = .)  1062.793
gam(log(value) ~ s(pwspeed) + s(v10m) + s(jd) + s(pblmax) + s(sp) + s(nirradiance), data = .) 1112.659

Modello migliore: wspeed - v10m - jd - pblmax - sp - nirradiance 

Dati backward:  1062.79347687266::wspeed::v10m::jd::pblmax::sp::nirradiance 

Scelgo il modello N 

---------- START ---------- 

                                                                                                         IT2172A
gam(log(value) ~ s(t2m) + s(v10m) + s(jd) + s(pblmax) + s(sp) + s(u10m) + s(nirradiance), data = .)     1035.041
gam(log(value) ~ s(tmin2m) + s(v10m) + s(jd) + s(pblmax) + s(sp) + s(u10m) + s(nirradiance), data = .)  1032.298
gam(log(value) ~ s(tmax2m) + s(v10m) + s(jd) + s(pblmax) + s(sp) + s(u10m) + s(nirradiance), data = .)  1030.200
gam(log(value) ~ s(tp) + s(v10m) + s(jd) + s(pblmax) + s(sp) + s(u10m) + s(nirradiance), data = .)      1022.411
gam(log(value) ~ s(ptp) + s(v10m) + s(jd) + s(pblmax) + s(sp) + s(u10m) + s(nirradiance), data = .)     1038.478
gam(log(value) ~ s(rh) + s(v10m) + s(jd) + s(pblmax) + s(sp) + s(u10m) + s(nirradiance), data = .)      1015.449
gam(log(value) ~ s(pbl00) + s(v10m) + s(jd) + s(pblmax) + s(sp) + s(u10m) + s(nirradiance), data = .)   1026.552
gam(log(value) ~ s(pbl12) + s(v10m) + s(jd) + s(pblmax) + s(sp) + s(u10m) + s(nirradiance), data = .)   1027.248
gam(log(value) ~ s(pblmin) + s(v10m) + s(jd) + s(pblmax) + s(sp) + s(u10m) + s(nirradiance), data = .)  1005.700
gam(log(value) ~ s(wdir) + s(v10m) + s(jd) + s(pblmax) + s(sp) + s(u10m) + s(nirradiance), data = .)    1024.288
gam(log(value) ~ s(wspeed) + s(v10m) + s(jd) + s(pblmax) + s(sp) + s(u10m) + s(nirradiance), data = .)  1035.390
gam(log(value) ~ s(pwspeed) + s(v10m) + s(jd) + s(pblmax) + s(sp) + s(u10m) + s(nirradiance), data = .) 1026.441

Modello migliore: pblmin - v10m - jd - pblmax - sp - u10m - nirradiance 

Variabile scelta pblmin con AIC 1005.70031422545  

Modelli BACKWARD 

                                                                                                    IT2172A
gam(log(value) ~ s(t2m) + s(v10m) + s(jd) + s(pblmax) + s(sp) + s(u10m) + s(pblmin), data = .)     1061.065
gam(log(value) ~ s(tmin2m) + s(v10m) + s(jd) + s(pblmax) + s(sp) + s(u10m) + s(pblmin), data = .)  1062.798
gam(log(value) ~ s(tmax2m) + s(v10m) + s(jd) + s(pblmax) + s(sp) + s(u10m) + s(pblmin), data = .)  1047.437
gam(log(value) ~ s(tp) + s(v10m) + s(jd) + s(pblmax) + s(sp) + s(u10m) + s(pblmin), data = .)      1049.819
gam(log(value) ~ s(ptp) + s(v10m) + s(jd) + s(pblmax) + s(sp) + s(u10m) + s(pblmin), data = .)     1063.234
gam(log(value) ~ s(rh) + s(v10m) + s(jd) + s(pblmax) + s(sp) + s(u10m) + s(pblmin), data = .)      1062.100
gam(log(value) ~ s(pbl00) + s(v10m) + s(jd) + s(pblmax) + s(sp) + s(u10m) + s(pblmin), data = .)   1055.566
gam(log(value) ~ s(pbl12) + s(v10m) + s(jd) + s(pblmax) + s(sp) + s(u10m) + s(pblmin), data = .)   1058.429
gam(log(value) ~ s(wdir) + s(v10m) + s(jd) + s(pblmax) + s(sp) + s(u10m) + s(pblmin), data = .)    1053.330
gam(log(value) ~ s(wspeed) + s(v10m) + s(jd) + s(pblmax) + s(sp) + s(u10m) + s(pblmin), data = .)  1064.852
gam(log(value) ~ s(pwspeed) + s(v10m) + s(jd) + s(pblmax) + s(sp) + s(u10m) + s(pblmin), data = .) 1050.013

Modello migliore: tmax2m - v10m - jd - pblmax - sp - u10m - pblmin 

Dati backward:  1047.43715387566::tmax2m::v10m::jd::pblmax::sp::u10m::pblmin 

Scelgo il modello N-1 

---------- START ---------- 

                                                                                                         IT2172A
gam(log(value) ~ s(t2m) + s(v10m) + s(jd) + s(pblmax) + s(sp) + s(u10m) + s(nirradiance), data = .)     1035.041
gam(log(value) ~ s(tmin2m) + s(v10m) + s(jd) + s(pblmax) + s(sp) + s(u10m) + s(nirradiance), data = .)  1032.298
gam(log(value) ~ s(tmax2m) + s(v10m) + s(jd) + s(pblmax) + s(sp) + s(u10m) + s(nirradiance), data = .)  1030.200
gam(log(value) ~ s(tp) + s(v10m) + s(jd) + s(pblmax) + s(sp) + s(u10m) + s(nirradiance), data = .)      1022.411
gam(log(value) ~ s(ptp) + s(v10m) + s(jd) + s(pblmax) + s(sp) + s(u10m) + s(nirradiance), data = .)     1038.478
gam(log(value) ~ s(rh) + s(v10m) + s(jd) + s(pblmax) + s(sp) + s(u10m) + s(nirradiance), data = .)      1015.449
gam(log(value) ~ s(pbl00) + s(v10m) + s(jd) + s(pblmax) + s(sp) + s(u10m) + s(nirradiance), data = .)   1026.552
gam(log(value) ~ s(pbl12) + s(v10m) + s(jd) + s(pblmax) + s(sp) + s(u10m) + s(nirradiance), data = .)   1027.248
gam(log(value) ~ s(wdir) + s(v10m) + s(jd) + s(pblmax) + s(sp) + s(u10m) + s(nirradiance), data = .)    1024.288
gam(log(value) ~ s(wspeed) + s(v10m) + s(jd) + s(pblmax) + s(sp) + s(u10m) + s(nirradiance), data = .)  1035.390
gam(log(value) ~ s(pwspeed) + s(v10m) + s(jd) + s(pblmax) + s(sp) + s(u10m) + s(nirradiance), data = .) 1026.441

Modello migliore: rh - v10m - jd - pblmax - sp - u10m - nirradiance 

Variabile scelta rh con AIC 1015.44859391531  

Fine per scelta MODELLO 

v10m + jd + pblmax + sp + u10m + nirradiance 

---------------------- 

NOTE: Log Print Time:  2021-05-11 11:09:28 
NOTE: Elapsed Time in seconds: 1.41107761859894 

Fine per scelta MODELLO 

v10m + jd + pblmax + sp + u10m + nirradiance 

---------------------- 

NOTE: Log Print Time:  2021-05-11 11:09:28 
NOTE: Elapsed Time in seconds: 0.00110363960266113 

Fine per scelta MODELLO 

v10m + jd + pblmax + sp + u10m + nirradiance 

---------------------- 

NOTE: Log Print Time:  2021-05-11 11:09:28 
NOTE: Elapsed Time in seconds: 0.00105571746826172 

Fine per scelta MODELLO 

v10m + jd + pblmax + sp + u10m + nirradiance 

---------------------- 

NOTE: Log Print Time:  2021-05-11 11:09:28 
NOTE: Elapsed Time in seconds: 0.000988006591796875 

Fine per scelta MODELLO 

v10m + jd + pblmax + sp + u10m + nirradiance 

---------------------- 

NOTE: Log Print Time:  2021-05-11 11:09:28 
NOTE: Elapsed Time in seconds: 0.00097966194152832 

Fine per scelta MODELLO 

v10m + jd + pblmax + sp + u10m + nirradiance 

---------------------- 

NOTE: Log Print Time:  2021-05-11 11:09:28 
NOTE: Elapsed Time in seconds: 0.000977993011474609 

Fine per scelta MODELLO 

v10m + jd + pblmax + sp + u10m + nirradiance 

---------------------- 

NOTE: Log Print Time:  2021-05-11 11:09:28 
NOTE: Elapsed Time in seconds: 0.000999927520751953 

========================================================================= 
Log End Time: 2021-05-11 11:09:28 
Log Elapsed Time: 0 00:00:01 
========================================================================= 
