========================================================================= 
Log Path: output/12/no2/log/pulvirus_no2_12_IT0992A.log 
Working Directory: /home/rmorelli/R/pulvirus/analisi/GAM/scelta 
User Name: rmorelli 
R Version: 4.0.5 (2021-03-31) 
Machine: pasqualino x86_64 
Operating System: Linux 4.19.0-13-amd64 #1 SMP Debian 4.19.160-2 (2020-11-28) 
Log Start Time: 2021-05-11 11:16:26 
========================================================================= 

Stazione: IT0992A 

---------- START ---------- 

                                            IT0992A
gam(log(value) ~ s(t2m), data = .)         1819.495
gam(log(value) ~ s(tmin2m), data = .)      1962.178
gam(log(value) ~ s(tmax2m), data = .)      1906.530
gam(log(value) ~ s(tp), data = .)          2579.464
gam(log(value) ~ s(ptp), data = .)         2573.535
gam(log(value) ~ s(rh), data = .)          2442.481
gam(log(value) ~ s(u10m), data = .)        2489.839
gam(log(value) ~ s(v10m), data = .)        2476.206
gam(log(value) ~ s(sp), data = .)          2395.819
gam(log(value) ~ s(nirradiance), data = .) 1984.298
gam(log(value) ~ s(pbl00), data = .)       2568.402
gam(log(value) ~ s(pbl12), data = .)       1970.334
gam(log(value) ~ s(pblmin), data = .)      2578.788
gam(log(value) ~ s(pblmax), data = .)      1955.597
gam(log(value) ~ s(wdir), data = .)        2462.410
gam(log(value) ~ s(wspeed), data = .)      2558.545
gam(log(value) ~ s(pwspeed), data = .)     2572.165
gam(log(value) ~ s(jd), data = .)          1600.920

Modello migliore: jd 

Variabile scelta jd con AIC 1600.92045611744  

---------- START ---------- 

                                                    IT0992A
gam(log(value) ~ s(t2m) + s(jd), data = .)         1448.842
gam(log(value) ~ s(tmin2m) + s(jd), data = .)      1501.313
gam(log(value) ~ s(tmax2m) + s(jd), data = .)      1479.902
gam(log(value) ~ s(tp) + s(jd), data = .)          1598.432
gam(log(value) ~ s(ptp) + s(jd), data = .)         1572.236
gam(log(value) ~ s(rh) + s(jd), data = .)          1551.015
gam(log(value) ~ s(u10m) + s(jd), data = .)        1570.843
gam(log(value) ~ s(v10m) + s(jd), data = .)        1440.551
gam(log(value) ~ s(sp) + s(jd), data = .)          1580.069
gam(log(value) ~ s(nirradiance) + s(jd), data = .) 1565.865
gam(log(value) ~ s(pbl00) + s(jd), data = .)       1428.622
gam(log(value) ~ s(pbl12) + s(jd), data = .)       1463.003
gam(log(value) ~ s(pblmin) + s(jd), data = .)      1504.000
gam(log(value) ~ s(pblmax) + s(jd), data = .)      1437.758
gam(log(value) ~ s(wdir) + s(jd), data = .)        1576.213
gam(log(value) ~ s(wspeed) + s(jd), data = .)      1473.092
gam(log(value) ~ s(pwspeed) + s(jd), data = .)     1577.508
gam(log(value) ~ s(jd) + s(jd), data = .)          1600.920

Modello migliore: pbl00 - jd 

Variabile scelta pbl00 con AIC 1428.62196239208  

Modelli BACKWARD 

                                                       IT0992A
gam(log(value) ~ s(t2m) + s(pbl00), data = .)         1664.129
gam(log(value) ~ s(tmin2m) + s(pbl00), data = .)      1880.993
gam(log(value) ~ s(tmax2m) + s(pbl00), data = .)      1699.799
gam(log(value) ~ s(tp) + s(pbl00), data = .)          2556.109
gam(log(value) ~ s(ptp) + s(pbl00), data = .)         2558.826
gam(log(value) ~ s(rh) + s(pbl00), data = .)          2381.926
gam(log(value) ~ s(u10m) + s(pbl00), data = .)        2467.002
gam(log(value) ~ s(v10m) + s(pbl00), data = .)        2468.563
gam(log(value) ~ s(sp) + s(pbl00), data = .)          2362.376
gam(log(value) ~ s(nirradiance) + s(pbl00), data = .) 1815.982
gam(log(value) ~ s(pbl12) + s(pbl00), data = .)       1940.008
gam(log(value) ~ s(pblmin) + s(pbl00), data = .)      2568.999
gam(log(value) ~ s(pblmax) + s(pbl00), data = .)      1930.003
gam(log(value) ~ s(wdir) + s(pbl00), data = .)        2443.930
gam(log(value) ~ s(wspeed) + s(pbl00), data = .)      2538.663
gam(log(value) ~ s(pwspeed) + s(pbl00), data = .)     2535.777

Modello migliore: t2m - pbl00 

Dati backward:  1664.12877491249::t2m::pbl00 

Scelgo il modello N 

---------- START ---------- 

                                                               IT0992A
gam(log(value) ~ s(t2m) + s(jd) + s(pbl00), data = .)         1284.352
gam(log(value) ~ s(tmin2m) + s(jd) + s(pbl00), data = .)      1351.646
gam(log(value) ~ s(tmax2m) + s(jd) + s(pbl00), data = .)      1296.169
gam(log(value) ~ s(tp) + s(jd) + s(pbl00), data = .)          1414.618
gam(log(value) ~ s(ptp) + s(jd) + s(pbl00), data = .)         1428.739
gam(log(value) ~ s(rh) + s(jd) + s(pbl00), data = .)          1357.685
gam(log(value) ~ s(u10m) + s(jd) + s(pbl00), data = .)        1415.907
gam(log(value) ~ s(v10m) + s(jd) + s(pbl00), data = .)        1373.774
gam(log(value) ~ s(sp) + s(jd) + s(pbl00), data = .)          1415.301
gam(log(value) ~ s(nirradiance) + s(jd) + s(pbl00), data = .) 1371.918
gam(log(value) ~ s(pbl12) + s(jd) + s(pbl00), data = .)       1315.891
gam(log(value) ~ s(pblmin) + s(jd) + s(pbl00), data = .)      1425.368
gam(log(value) ~ s(pblmax) + s(jd) + s(pbl00), data = .)      1298.447
gam(log(value) ~ s(wdir) + s(jd) + s(pbl00), data = .)        1419.925
gam(log(value) ~ s(wspeed) + s(jd) + s(pbl00), data = .)      1398.400
gam(log(value) ~ s(pwspeed) + s(jd) + s(pbl00), data = .)     1430.583

Modello migliore: t2m - jd - pbl00 

Variabile scelta t2m con AIC 1284.35220260409  

Modelli BACKWARD 

                                                             IT0992A
gam(log(value) ~ s(tmin2m) + s(jd) + s(t2m), data = .)      1428.416
gam(log(value) ~ s(tmax2m) + s(jd) + s(t2m), data = .)      1415.239
gam(log(value) ~ s(tp) + s(jd) + s(t2m), data = .)          1446.537
gam(log(value) ~ s(ptp) + s(jd) + s(t2m), data = .)         1423.409
gam(log(value) ~ s(rh) + s(jd) + s(t2m), data = .)          1443.859
gam(log(value) ~ s(u10m) + s(jd) + s(t2m), data = .)        1408.597
gam(log(value) ~ s(v10m) + s(jd) + s(t2m), data = .)        1283.248
gam(log(value) ~ s(sp) + s(jd) + s(t2m), data = .)          1431.523
gam(log(value) ~ s(nirradiance) + s(jd) + s(t2m), data = .) 1435.852
gam(log(value) ~ s(pbl12) + s(jd) + s(t2m), data = .)       1333.048
gam(log(value) ~ s(pblmin) + s(jd) + s(t2m), data = .)      1362.099
gam(log(value) ~ s(pblmax) + s(jd) + s(t2m), data = .)      1322.167
gam(log(value) ~ s(wdir) + s(jd) + s(t2m), data = .)        1411.240
gam(log(value) ~ s(wspeed) + s(jd) + s(t2m), data = .)      1316.685
gam(log(value) ~ s(pwspeed) + s(jd) + s(t2m), data = .)     1423.954

Modello migliore: v10m - jd - t2m 

Dati backward:  1283.24751961271::v10m::jd::t2m 

Scelgo il modello N 

---------- START ---------- 

                                                                        IT0992A
gam(log(value) ~ s(tmin2m) + s(jd) + s(pbl00) + s(t2m), data = .)      1280.706
gam(log(value) ~ s(tmax2m) + s(jd) + s(pbl00) + s(t2m), data = .)      1274.803
gam(log(value) ~ s(tp) + s(jd) + s(pbl00) + s(t2m), data = .)          1262.212
gam(log(value) ~ s(ptp) + s(jd) + s(pbl00) + s(t2m), data = .)         1282.731
gam(log(value) ~ s(rh) + s(jd) + s(pbl00) + s(t2m), data = .)          1251.359
gam(log(value) ~ s(u10m) + s(jd) + s(pbl00) + s(t2m), data = .)        1263.372
gam(log(value) ~ s(v10m) + s(jd) + s(pbl00) + s(t2m), data = .)        1217.844
gam(log(value) ~ s(sp) + s(jd) + s(pbl00) + s(t2m), data = .)          1278.930
gam(log(value) ~ s(nirradiance) + s(jd) + s(pbl00) + s(t2m), data = .) 1245.016
gam(log(value) ~ s(pbl12) + s(jd) + s(pbl00) + s(t2m), data = .)       1194.802
gam(log(value) ~ s(pblmin) + s(jd) + s(pbl00) + s(t2m), data = .)      1281.411
gam(log(value) ~ s(pblmax) + s(jd) + s(pbl00) + s(t2m), data = .)      1187.810
gam(log(value) ~ s(wdir) + s(jd) + s(pbl00) + s(t2m), data = .)        1261.427
gam(log(value) ~ s(wspeed) + s(jd) + s(pbl00) + s(t2m), data = .)      1248.944
gam(log(value) ~ s(pwspeed) + s(jd) + s(pbl00) + s(t2m), data = .)     1285.756

Modello migliore: pblmax - jd - pbl00 - t2m 

Variabile scelta pblmax con AIC 1187.80975320384  

Modelli BACKWARD 

                                                                           IT0992A
gam(log(value) ~ s(tmin2m) + s(jd) + s(pbl00) + s(pblmax), data = .)      1223.179
gam(log(value) ~ s(tmax2m) + s(jd) + s(pbl00) + s(pblmax), data = .)      1213.467
gam(log(value) ~ s(tp) + s(jd) + s(pbl00) + s(pblmax), data = .)          1291.441
gam(log(value) ~ s(ptp) + s(jd) + s(pbl00) + s(pblmax), data = .)         1300.499
gam(log(value) ~ s(rh) + s(jd) + s(pbl00) + s(pblmax), data = .)          1273.129
gam(log(value) ~ s(u10m) + s(jd) + s(pbl00) + s(pblmax), data = .)        1295.876
gam(log(value) ~ s(v10m) + s(jd) + s(pbl00) + s(pblmax), data = .)        1253.364
gam(log(value) ~ s(sp) + s(jd) + s(pbl00) + s(pblmax), data = .)          1289.131
gam(log(value) ~ s(nirradiance) + s(jd) + s(pbl00) + s(pblmax), data = .) 1295.659
gam(log(value) ~ s(pbl12) + s(jd) + s(pbl00) + s(pblmax), data = .)       1289.676
gam(log(value) ~ s(pblmin) + s(jd) + s(pbl00) + s(pblmax), data = .)      1295.372
gam(log(value) ~ s(wdir) + s(jd) + s(pbl00) + s(pblmax), data = .)        1296.620
gam(log(value) ~ s(wspeed) + s(jd) + s(pbl00) + s(pblmax), data = .)      1273.050
gam(log(value) ~ s(pwspeed) + s(jd) + s(pbl00) + s(pblmax), data = .)     1301.279

Modello migliore: tmax2m - jd - pbl00 - pblmax 

Dati backward:  1213.46728855496::tmax2m::jd::pbl00::pblmax 

Scelgo il modello N 

---------- START ---------- 

                                                                                    IT0992A
gam(log(value) ~ s(tmin2m) + s(jd) + s(pbl00) + s(t2m) + s(pblmax), data = .)      1177.135
gam(log(value) ~ s(tmax2m) + s(jd) + s(pbl00) + s(t2m) + s(pblmax), data = .)      1172.589
gam(log(value) ~ s(tp) + s(jd) + s(pbl00) + s(t2m) + s(pblmax), data = .)          1174.412
gam(log(value) ~ s(ptp) + s(jd) + s(pbl00) + s(t2m) + s(pblmax), data = .)         1185.134
gam(log(value) ~ s(rh) + s(jd) + s(pbl00) + s(t2m) + s(pblmax), data = .)          1175.407
gam(log(value) ~ s(u10m) + s(jd) + s(pbl00) + s(t2m) + s(pblmax), data = .)        1176.500
gam(log(value) ~ s(v10m) + s(jd) + s(pbl00) + s(t2m) + s(pblmax), data = .)        1131.514
gam(log(value) ~ s(sp) + s(jd) + s(pbl00) + s(t2m) + s(pblmax), data = .)          1183.243
gam(log(value) ~ s(nirradiance) + s(jd) + s(pbl00) + s(t2m) + s(pblmax), data = .) 1184.153
gam(log(value) ~ s(pbl12) + s(jd) + s(pbl00) + s(t2m) + s(pblmax), data = .)       1177.966
gam(log(value) ~ s(pblmin) + s(jd) + s(pbl00) + s(t2m) + s(pblmax), data = .)      1185.092
gam(log(value) ~ s(wdir) + s(jd) + s(pbl00) + s(t2m) + s(pblmax), data = .)        1173.111
gam(log(value) ~ s(wspeed) + s(jd) + s(pbl00) + s(t2m) + s(pblmax), data = .)      1161.746
gam(log(value) ~ s(pwspeed) + s(jd) + s(pbl00) + s(t2m) + s(pblmax), data = .)     1185.894

Modello migliore: v10m - jd - pbl00 - t2m - pblmax 

Variabile scelta v10m con AIC 1131.51399163532  

Modelli BACKWARD 

                                                                                  IT0992A
gam(log(value) ~ s(tmin2m) + s(jd) + s(pbl00) + s(t2m) + s(v10m), data = .)      1219.296
gam(log(value) ~ s(tmax2m) + s(jd) + s(pbl00) + s(t2m) + s(v10m), data = .)      1217.558
gam(log(value) ~ s(tp) + s(jd) + s(pbl00) + s(t2m) + s(v10m), data = .)          1199.581
gam(log(value) ~ s(ptp) + s(jd) + s(pbl00) + s(t2m) + s(v10m), data = .)         1212.978
gam(log(value) ~ s(rh) + s(jd) + s(pbl00) + s(t2m) + s(v10m), data = .)          1173.173
gam(log(value) ~ s(u10m) + s(jd) + s(pbl00) + s(t2m) + s(v10m), data = .)        1181.889
gam(log(value) ~ s(sp) + s(jd) + s(pbl00) + s(t2m) + s(v10m), data = .)          1216.233
gam(log(value) ~ s(nirradiance) + s(jd) + s(pbl00) + s(t2m) + s(v10m), data = .) 1179.305
gam(log(value) ~ s(pbl12) + s(jd) + s(pbl00) + s(t2m) + s(v10m), data = .)       1146.277
gam(log(value) ~ s(pblmin) + s(jd) + s(pbl00) + s(t2m) + s(v10m), data = .)      1219.003
gam(log(value) ~ s(wdir) + s(jd) + s(pbl00) + s(t2m) + s(v10m), data = .)        1200.379
gam(log(value) ~ s(wspeed) + s(jd) + s(pbl00) + s(t2m) + s(v10m), data = .)      1219.762
gam(log(value) ~ s(pwspeed) + s(jd) + s(pbl00) + s(t2m) + s(v10m), data = .)     1217.608

Modello migliore: pbl12 - jd - pbl00 - t2m - v10m 

Dati backward:  1146.27652047951::pbl12::jd::pbl00::t2m::v10m 

Scelgo il modello N 

---------- START ---------- 

                                                                                              IT0992A
gam(log(value) ~ s(tmin2m) + s(jd) + s(pbl00) + s(t2m) + s(pblmax) + s(v10m), data = .)      1130.303
gam(log(value) ~ s(tmax2m) + s(jd) + s(pbl00) + s(t2m) + s(pblmax) + s(v10m), data = .)      1129.110
gam(log(value) ~ s(tp) + s(jd) + s(pbl00) + s(t2m) + s(pblmax) + s(v10m), data = .)          1127.693
gam(log(value) ~ s(ptp) + s(jd) + s(pbl00) + s(t2m) + s(pblmax) + s(v10m), data = .)         1130.049
gam(log(value) ~ s(rh) + s(jd) + s(pbl00) + s(t2m) + s(pblmax) + s(v10m), data = .)          1114.951
gam(log(value) ~ s(u10m) + s(jd) + s(pbl00) + s(t2m) + s(pblmax) + s(v10m), data = .)        1116.492
gam(log(value) ~ s(sp) + s(jd) + s(pbl00) + s(t2m) + s(pblmax) + s(v10m), data = .)          1131.413
gam(log(value) ~ s(nirradiance) + s(jd) + s(pbl00) + s(t2m) + s(pblmax) + s(v10m), data = .) 1127.745
gam(log(value) ~ s(pbl12) + s(jd) + s(pbl00) + s(t2m) + s(pblmax) + s(v10m), data = .)       1130.258
gam(log(value) ~ s(pblmin) + s(jd) + s(pbl00) + s(t2m) + s(pblmax) + s(v10m), data = .)      1133.400
gam(log(value) ~ s(wdir) + s(jd) + s(pbl00) + s(t2m) + s(pblmax) + s(v10m), data = .)        1124.261
gam(log(value) ~ s(wspeed) + s(jd) + s(pbl00) + s(t2m) + s(pblmax) + s(v10m), data = .)      1133.094
gam(log(value) ~ s(pwspeed) + s(jd) + s(pbl00) + s(t2m) + s(pblmax) + s(v10m), data = .)     1130.088

Modello migliore: rh - jd - pbl00 - t2m - pblmax - v10m 

Variabile scelta rh con AIC 1114.95058205773  

Modelli BACKWARD 

                                                                                            IT0992A
gam(log(value) ~ s(tmin2m) + s(jd) + s(pbl00) + s(t2m) + s(pblmax) + s(rh), data = .)      1170.747
gam(log(value) ~ s(tmax2m) + s(jd) + s(pbl00) + s(t2m) + s(pblmax) + s(rh), data = .)      1170.129
gam(log(value) ~ s(tp) + s(jd) + s(pbl00) + s(t2m) + s(pblmax) + s(rh), data = .)          1160.861
gam(log(value) ~ s(ptp) + s(jd) + s(pbl00) + s(t2m) + s(pblmax) + s(rh), data = .)         1176.077
gam(log(value) ~ s(u10m) + s(jd) + s(pbl00) + s(t2m) + s(pblmax) + s(rh), data = .)        1169.615
gam(log(value) ~ s(sp) + s(jd) + s(pbl00) + s(t2m) + s(pblmax) + s(rh), data = .)          1173.284
gam(log(value) ~ s(nirradiance) + s(jd) + s(pbl00) + s(t2m) + s(pblmax) + s(rh), data = .) 1175.681
gam(log(value) ~ s(pbl12) + s(jd) + s(pbl00) + s(t2m) + s(pblmax) + s(rh), data = .)       1170.450
gam(log(value) ~ s(pblmin) + s(jd) + s(pbl00) + s(t2m) + s(pblmax) + s(rh), data = .)      1176.069
gam(log(value) ~ s(wdir) + s(jd) + s(pbl00) + s(t2m) + s(pblmax) + s(rh), data = .)        1160.558
gam(log(value) ~ s(wspeed) + s(jd) + s(pbl00) + s(t2m) + s(pblmax) + s(rh), data = .)      1149.921
gam(log(value) ~ s(pwspeed) + s(jd) + s(pbl00) + s(t2m) + s(pblmax) + s(rh), data = .)     1174.314

Modello migliore: wspeed - jd - pbl00 - t2m - pblmax - rh 

Dati backward:  1149.921058134::wspeed::jd::pbl00::t2m::pblmax::rh 

Scelgo il modello N 

---------- START ---------- 

                                                                                                      IT0992A
gam(log(value) ~ s(tmin2m) + s(jd) + s(pbl00) + s(t2m) + s(pblmax) + s(v10m) + s(rh), data = .)      1116.010
gam(log(value) ~ s(tmax2m) + s(jd) + s(pbl00) + s(t2m) + s(pblmax) + s(v10m) + s(rh), data = .)      1113.825
gam(log(value) ~ s(tp) + s(jd) + s(pbl00) + s(t2m) + s(pblmax) + s(v10m) + s(rh), data = .)          1110.488
gam(log(value) ~ s(ptp) + s(jd) + s(pbl00) + s(t2m) + s(pblmax) + s(v10m) + s(rh), data = .)         1114.590
gam(log(value) ~ s(u10m) + s(jd) + s(pbl00) + s(t2m) + s(pblmax) + s(v10m) + s(rh), data = .)        1104.400
gam(log(value) ~ s(sp) + s(jd) + s(pbl00) + s(t2m) + s(pblmax) + s(v10m) + s(rh), data = .)          1116.452
gam(log(value) ~ s(nirradiance) + s(jd) + s(pbl00) + s(t2m) + s(pblmax) + s(v10m) + s(rh), data = .) 1117.033
gam(log(value) ~ s(pbl12) + s(jd) + s(pbl00) + s(t2m) + s(pblmax) + s(v10m) + s(rh), data = .)       1114.538
gam(log(value) ~ s(pblmin) + s(jd) + s(pbl00) + s(t2m) + s(pblmax) + s(v10m) + s(rh), data = .)      1116.763
gam(log(value) ~ s(wdir) + s(jd) + s(pbl00) + s(t2m) + s(pblmax) + s(v10m) + s(rh), data = .)        1108.911
gam(log(value) ~ s(wspeed) + s(jd) + s(pbl00) + s(t2m) + s(pblmax) + s(v10m) + s(rh), data = .)      1116.685
gam(log(value) ~ s(pwspeed) + s(jd) + s(pbl00) + s(t2m) + s(pblmax) + s(v10m) + s(rh), data = .)     1111.518

Modello migliore: u10m - jd - pbl00 - t2m - pblmax - v10m - rh 

Variabile scelta u10m con AIC 1104.40040705661  

Modelli BACKWARD 

                                                                                                        IT0992A
gam(log(value) ~ s(tmin2m) + s(jd) + s(pbl00) + s(t2m) + s(pblmax) + s(v10m) + s(u10m), data = .)      1116.944
gam(log(value) ~ s(tmax2m) + s(jd) + s(pbl00) + s(t2m) + s(pblmax) + s(v10m) + s(u10m), data = .)      1116.147
gam(log(value) ~ s(tp) + s(jd) + s(pbl00) + s(t2m) + s(pblmax) + s(v10m) + s(u10m), data = .)          1114.792
gam(log(value) ~ s(ptp) + s(jd) + s(pbl00) + s(t2m) + s(pblmax) + s(v10m) + s(u10m), data = .)         1114.087
gam(log(value) ~ s(sp) + s(jd) + s(pbl00) + s(t2m) + s(pblmax) + s(v10m) + s(u10m), data = .)          1116.772
gam(log(value) ~ s(nirradiance) + s(jd) + s(pbl00) + s(t2m) + s(pblmax) + s(v10m) + s(u10m), data = .) 1116.929
gam(log(value) ~ s(pbl12) + s(jd) + s(pbl00) + s(t2m) + s(pblmax) + s(v10m) + s(u10m), data = .)       1115.965
gam(log(value) ~ s(pblmin) + s(jd) + s(pbl00) + s(t2m) + s(pblmax) + s(v10m) + s(u10m), data = .)      1118.338
gam(log(value) ~ s(wdir) + s(jd) + s(pbl00) + s(t2m) + s(pblmax) + s(v10m) + s(u10m), data = .)        1114.313
gam(log(value) ~ s(wspeed) + s(jd) + s(pbl00) + s(t2m) + s(pblmax) + s(v10m) + s(u10m), data = .)      1117.544
gam(log(value) ~ s(pwspeed) + s(jd) + s(pbl00) + s(t2m) + s(pblmax) + s(v10m) + s(u10m), data = .)     1115.624

Modello migliore: ptp - jd - pbl00 - t2m - pblmax - v10m - u10m 

Dati backward:  1114.08739116346::ptp::jd::pbl00::t2m::pblmax::v10m::u10m 

Scelgo il modello N 

---------- START ---------- 

                                                                                                                IT0992A
gam(log(value) ~ s(tmin2m) + s(jd) + s(pbl00) + s(t2m) + s(pblmax) + s(v10m) + s(rh) + s(u10m), data = .)      1106.086
gam(log(value) ~ s(tmax2m) + s(jd) + s(pbl00) + s(t2m) + s(pblmax) + s(v10m) + s(rh) + s(u10m), data = .)      1104.243
gam(log(value) ~ s(tp) + s(jd) + s(pbl00) + s(t2m) + s(pblmax) + s(v10m) + s(rh) + s(u10m), data = .)          1101.860
gam(log(value) ~ s(ptp) + s(jd) + s(pbl00) + s(t2m) + s(pblmax) + s(v10m) + s(rh) + s(u10m), data = .)         1103.181
gam(log(value) ~ s(sp) + s(jd) + s(pbl00) + s(t2m) + s(pblmax) + s(v10m) + s(rh) + s(u10m), data = .)          1105.931
gam(log(value) ~ s(nirradiance) + s(jd) + s(pbl00) + s(t2m) + s(pblmax) + s(v10m) + s(rh) + s(u10m), data = .) 1106.199
gam(log(value) ~ s(pbl12) + s(jd) + s(pbl00) + s(t2m) + s(pblmax) + s(v10m) + s(rh) + s(u10m), data = .)       1104.451
gam(log(value) ~ s(pblmin) + s(jd) + s(pbl00) + s(t2m) + s(pblmax) + s(v10m) + s(rh) + s(u10m), data = .)      1106.193
gam(log(value) ~ s(wdir) + s(jd) + s(pbl00) + s(t2m) + s(pblmax) + s(v10m) + s(rh) + s(u10m), data = .)        1101.087
gam(log(value) ~ s(wspeed) + s(jd) + s(pbl00) + s(t2m) + s(pblmax) + s(v10m) + s(rh) + s(u10m), data = .)      1105.663
gam(log(value) ~ s(pwspeed) + s(jd) + s(pbl00) + s(t2m) + s(pblmax) + s(v10m) + s(rh) + s(u10m), data = .)     1101.368

Modello migliore: wdir - jd - pbl00 - t2m - pblmax - v10m - rh - u10m 

Variabile scelta wdir con AIC 1101.08735736722  

Modelli BACKWARD 

                                                                                                                IT0992A
gam(log(value) ~ s(tmin2m) + s(jd) + s(pbl00) + s(t2m) + s(pblmax) + s(v10m) + s(rh) + s(wdir), data = .)      1110.402
gam(log(value) ~ s(tmax2m) + s(jd) + s(pbl00) + s(t2m) + s(pblmax) + s(v10m) + s(rh) + s(wdir), data = .)      1108.489
gam(log(value) ~ s(tp) + s(jd) + s(pbl00) + s(t2m) + s(pblmax) + s(v10m) + s(rh) + s(wdir), data = .)          1105.821
gam(log(value) ~ s(ptp) + s(jd) + s(pbl00) + s(t2m) + s(pblmax) + s(v10m) + s(rh) + s(wdir), data = .)         1108.524
gam(log(value) ~ s(sp) + s(jd) + s(pbl00) + s(t2m) + s(pblmax) + s(v10m) + s(rh) + s(wdir), data = .)          1110.607
gam(log(value) ~ s(nirradiance) + s(jd) + s(pbl00) + s(t2m) + s(pblmax) + s(v10m) + s(rh) + s(wdir), data = .) 1110.906
gam(log(value) ~ s(pbl12) + s(jd) + s(pbl00) + s(t2m) + s(pblmax) + s(v10m) + s(rh) + s(wdir), data = .)       1108.297
gam(log(value) ~ s(pblmin) + s(jd) + s(pbl00) + s(t2m) + s(pblmax) + s(v10m) + s(rh) + s(wdir), data = .)      1110.591
gam(log(value) ~ s(wspeed) + s(jd) + s(pbl00) + s(t2m) + s(pblmax) + s(v10m) + s(rh) + s(wdir), data = .)      1110.259
gam(log(value) ~ s(pwspeed) + s(jd) + s(pbl00) + s(t2m) + s(pblmax) + s(v10m) + s(rh) + s(wdir), data = .)     1105.186

Modello migliore: pwspeed - jd - pbl00 - t2m - pblmax - v10m - rh - wdir 

Dati backward:  1105.18641968109::pwspeed::jd::pbl00::t2m::pblmax::v10m::rh::wdir 

Scelgo il modello N 

---------- START ---------- 

                                                                                                                          IT0992A
gam(log(value) ~ s(tmin2m) + s(jd) + s(pbl00) + s(t2m) + s(pblmax) + s(v10m) + s(rh) + s(u10m) + s(wdir), data = .)      1102.951
gam(log(value) ~ s(tmax2m) + s(jd) + s(pbl00) + s(t2m) + s(pblmax) + s(v10m) + s(rh) + s(u10m) + s(wdir), data = .)      1101.255
gam(log(value) ~ s(tp) + s(jd) + s(pbl00) + s(t2m) + s(pblmax) + s(v10m) + s(rh) + s(u10m) + s(wdir), data = .)          1098.836
gam(log(value) ~ s(ptp) + s(jd) + s(pbl00) + s(t2m) + s(pblmax) + s(v10m) + s(rh) + s(u10m) + s(wdir), data = .)         1100.256
gam(log(value) ~ s(sp) + s(jd) + s(pbl00) + s(t2m) + s(pblmax) + s(v10m) + s(rh) + s(u10m) + s(wdir), data = .)          1102.774
gam(log(value) ~ s(nirradiance) + s(jd) + s(pbl00) + s(t2m) + s(pblmax) + s(v10m) + s(rh) + s(u10m) + s(wdir), data = .) 1102.975
gam(log(value) ~ s(pbl12) + s(jd) + s(pbl00) + s(t2m) + s(pblmax) + s(v10m) + s(rh) + s(u10m) + s(wdir), data = .)       1100.955
gam(log(value) ~ s(pblmin) + s(jd) + s(pbl00) + s(t2m) + s(pblmax) + s(v10m) + s(rh) + s(u10m) + s(wdir), data = .)      1102.836
gam(log(value) ~ s(wspeed) + s(jd) + s(pbl00) + s(t2m) + s(pblmax) + s(v10m) + s(rh) + s(u10m) + s(wdir), data = .)      1101.659
gam(log(value) ~ s(pwspeed) + s(jd) + s(pbl00) + s(t2m) + s(pblmax) + s(v10m) + s(rh) + s(u10m) + s(wdir), data = .)     1097.167

Modello migliore: pwspeed - jd - pbl00 - t2m - pblmax - v10m - rh - u10m - wdir 

Variabile scelta pwspeed con AIC 1097.16664181415  

Modelli BACKWARD 

                                                                                                                             IT0992A
gam(log(value) ~ s(tmin2m) + s(jd) + s(pbl00) + s(t2m) + s(pblmax) + s(v10m) + s(rh) + s(u10m) + s(pwspeed), data = .)      1102.797
gam(log(value) ~ s(tmax2m) + s(jd) + s(pbl00) + s(t2m) + s(pblmax) + s(v10m) + s(rh) + s(u10m) + s(pwspeed), data = .)      1099.795
gam(log(value) ~ s(tp) + s(jd) + s(pbl00) + s(t2m) + s(pblmax) + s(v10m) + s(rh) + s(u10m) + s(pwspeed), data = .)          1098.426
gam(log(value) ~ s(ptp) + s(jd) + s(pbl00) + s(t2m) + s(pblmax) + s(v10m) + s(rh) + s(u10m) + s(pwspeed), data = .)         1097.809
gam(log(value) ~ s(sp) + s(jd) + s(pbl00) + s(t2m) + s(pblmax) + s(v10m) + s(rh) + s(u10m) + s(pwspeed), data = .)          1102.443
gam(log(value) ~ s(nirradiance) + s(jd) + s(pbl00) + s(t2m) + s(pblmax) + s(v10m) + s(rh) + s(u10m) + s(pwspeed), data = .) 1103.220
gam(log(value) ~ s(pbl12) + s(jd) + s(pbl00) + s(t2m) + s(pblmax) + s(v10m) + s(rh) + s(u10m) + s(pwspeed), data = .)       1101.068
gam(log(value) ~ s(pblmin) + s(jd) + s(pbl00) + s(t2m) + s(pblmax) + s(v10m) + s(rh) + s(u10m) + s(pwspeed), data = .)      1103.252
gam(log(value) ~ s(wspeed) + s(jd) + s(pbl00) + s(t2m) + s(pblmax) + s(v10m) + s(rh) + s(u10m) + s(pwspeed), data = .)      1102.569

Modello migliore: ptp - jd - pbl00 - t2m - pblmax - v10m - rh - u10m - pwspeed 

Dati backward:  1097.80912501732::ptp::jd::pbl00::t2m::pblmax::v10m::rh::u10m::pwspeed 

Scelgo il modello N 

---------- START ---------- 

                                                                                                                                       IT0992A
gam(log(value) ~ s(tmin2m) + s(jd) + s(pbl00) + s(t2m) + s(pblmax) + s(v10m) + s(rh) + s(u10m) + s(wdir) + s(pwspeed), data = .)      1098.769
gam(log(value) ~ s(tmax2m) + s(jd) + s(pbl00) + s(t2m) + s(pblmax) + s(v10m) + s(rh) + s(u10m) + s(wdir) + s(pwspeed), data = .)      1095.819
gam(log(value) ~ s(tp) + s(jd) + s(pbl00) + s(t2m) + s(pblmax) + s(v10m) + s(rh) + s(u10m) + s(wdir) + s(pwspeed), data = .)          1093.534
gam(log(value) ~ s(ptp) + s(jd) + s(pbl00) + s(t2m) + s(pblmax) + s(v10m) + s(rh) + s(u10m) + s(wdir) + s(pwspeed), data = .)         1093.955
gam(log(value) ~ s(sp) + s(jd) + s(pbl00) + s(t2m) + s(pblmax) + s(v10m) + s(rh) + s(u10m) + s(wdir) + s(pwspeed), data = .)          1098.633
gam(log(value) ~ s(nirradiance) + s(jd) + s(pbl00) + s(t2m) + s(pblmax) + s(v10m) + s(rh) + s(u10m) + s(wdir) + s(pwspeed), data = .) 1099.089
gam(log(value) ~ s(pbl12) + s(jd) + s(pbl00) + s(t2m) + s(pblmax) + s(v10m) + s(rh) + s(u10m) + s(wdir) + s(pwspeed), data = .)       1096.634
gam(log(value) ~ s(pblmin) + s(jd) + s(pbl00) + s(t2m) + s(pblmax) + s(v10m) + s(rh) + s(u10m) + s(wdir) + s(pwspeed), data = .)      1099.055
gam(log(value) ~ s(wspeed) + s(jd) + s(pbl00) + s(t2m) + s(pblmax) + s(v10m) + s(rh) + s(u10m) + s(wdir) + s(pwspeed), data = .)      1097.683

Modello migliore: tp - jd - pbl00 - t2m - pblmax - v10m - rh - u10m - wdir - pwspeed 

Variabile scelta tp con AIC 1093.53376290907  

Modelli BACKWARD 

                                                                                                                                  IT0992A
gam(log(value) ~ s(tmin2m) + s(jd) + s(pbl00) + s(t2m) + s(pblmax) + s(v10m) + s(rh) + s(u10m) + s(wdir) + s(tp), data = .)      1100.371
gam(log(value) ~ s(tmax2m) + s(jd) + s(pbl00) + s(t2m) + s(pblmax) + s(v10m) + s(rh) + s(u10m) + s(wdir) + s(tp), data = .)      1097.581
gam(log(value) ~ s(ptp) + s(jd) + s(pbl00) + s(t2m) + s(pblmax) + s(v10m) + s(rh) + s(u10m) + s(wdir) + s(tp), data = .)         1097.567
gam(log(value) ~ s(sp) + s(jd) + s(pbl00) + s(t2m) + s(pblmax) + s(v10m) + s(rh) + s(u10m) + s(wdir) + s(tp), data = .)          1100.741
gam(log(value) ~ s(nirradiance) + s(jd) + s(pbl00) + s(t2m) + s(pblmax) + s(v10m) + s(rh) + s(u10m) + s(wdir) + s(tp), data = .) 1099.883
gam(log(value) ~ s(pbl12) + s(jd) + s(pbl00) + s(t2m) + s(pblmax) + s(v10m) + s(rh) + s(u10m) + s(wdir) + s(tp), data = .)       1098.855
gam(log(value) ~ s(pblmin) + s(jd) + s(pbl00) + s(t2m) + s(pblmax) + s(v10m) + s(rh) + s(u10m) + s(wdir) + s(tp), data = .)      1100.647
gam(log(value) ~ s(wspeed) + s(jd) + s(pbl00) + s(t2m) + s(pblmax) + s(v10m) + s(rh) + s(u10m) + s(wdir) + s(tp), data = .)      1099.750

Modello migliore: ptp - jd - pbl00 - t2m - pblmax - v10m - rh - u10m - wdir - tp 

Dati backward:  1097.56653035436::ptp::jd::pbl00::t2m::pblmax::v10m::rh::u10m::wdir::tp 

Scelgo il modello N 

---------- START ---------- 

                                                                                                                                               IT0992A
gam(log(value) ~ s(tmin2m) + s(jd) + s(pbl00) + s(t2m) + s(pblmax) + s(v10m) + s(rh) + s(u10m) + s(wdir) + s(pwspeed) + s(tp), data = .)      1095.624
gam(log(value) ~ s(tmax2m) + s(jd) + s(pbl00) + s(t2m) + s(pblmax) + s(v10m) + s(rh) + s(u10m) + s(wdir) + s(pwspeed) + s(tp), data = .)      1091.359
gam(log(value) ~ s(ptp) + s(jd) + s(pbl00) + s(t2m) + s(pblmax) + s(v10m) + s(rh) + s(u10m) + s(wdir) + s(pwspeed) + s(tp), data = .)         1089.752
gam(log(value) ~ s(sp) + s(jd) + s(pbl00) + s(t2m) + s(pblmax) + s(v10m) + s(rh) + s(u10m) + s(wdir) + s(pwspeed) + s(tp), data = .)          1096.262
gam(log(value) ~ s(nirradiance) + s(jd) + s(pbl00) + s(t2m) + s(pblmax) + s(v10m) + s(rh) + s(u10m) + s(wdir) + s(pwspeed) + s(tp), data = .) 1095.661
gam(log(value) ~ s(pbl12) + s(jd) + s(pbl00) + s(t2m) + s(pblmax) + s(v10m) + s(rh) + s(u10m) + s(wdir) + s(pwspeed) + s(tp), data = .)       1094.347
gam(log(value) ~ s(pblmin) + s(jd) + s(pbl00) + s(t2m) + s(pblmax) + s(v10m) + s(rh) + s(u10m) + s(wdir) + s(pwspeed) + s(tp), data = .)      1096.453
gam(log(value) ~ s(wspeed) + s(jd) + s(pbl00) + s(t2m) + s(pblmax) + s(v10m) + s(rh) + s(u10m) + s(wdir) + s(pwspeed) + s(tp), data = .)      1095.396

Modello migliore: ptp - jd - pbl00 - t2m - pblmax - v10m - rh - u10m - wdir - pwspeed - tp 

Variabile scelta ptp con AIC 1089.75183848299  

Modelli BACKWARD 

                                                                                                                                                IT0992A
gam(log(value) ~ s(tmin2m) + s(jd) + s(pbl00) + s(t2m) + s(pblmax) + s(v10m) + s(rh) + s(u10m) + s(wdir) + s(pwspeed) + s(ptp), data = .)      1095.670
gam(log(value) ~ s(tmax2m) + s(jd) + s(pbl00) + s(t2m) + s(pblmax) + s(v10m) + s(rh) + s(u10m) + s(wdir) + s(pwspeed) + s(ptp), data = .)      1092.500
gam(log(value) ~ s(sp) + s(jd) + s(pbl00) + s(t2m) + s(pblmax) + s(v10m) + s(rh) + s(u10m) + s(wdir) + s(pwspeed) + s(ptp), data = .)          1095.728
gam(log(value) ~ s(nirradiance) + s(jd) + s(pbl00) + s(t2m) + s(pblmax) + s(v10m) + s(rh) + s(u10m) + s(wdir) + s(pwspeed) + s(ptp), data = .) 1095.854
gam(log(value) ~ s(pbl12) + s(jd) + s(pbl00) + s(t2m) + s(pblmax) + s(v10m) + s(rh) + s(u10m) + s(wdir) + s(pwspeed) + s(ptp), data = .)       1093.027
gam(log(value) ~ s(pblmin) + s(jd) + s(pbl00) + s(t2m) + s(pblmax) + s(v10m) + s(rh) + s(u10m) + s(wdir) + s(pwspeed) + s(ptp), data = .)      1095.431
gam(log(value) ~ s(wspeed) + s(jd) + s(pbl00) + s(t2m) + s(pblmax) + s(v10m) + s(rh) + s(u10m) + s(wdir) + s(pwspeed) + s(ptp), data = .)      1094.001

Modello migliore: tmax2m - jd - pbl00 - t2m - pblmax - v10m - rh - u10m - wdir - pwspeed - ptp 

[1] "Dati backward:  1092.49974098895::tmax2m::jd::pbl00::t2m::pblmax::v10m::rh::u10m::wdir::pwspeed::ptp"

Scelgo il modello N 

---------- START ---------- 

                                                                                                                                                        IT0992A
gam(log(value) ~ s(tmin2m) + s(jd) + s(pbl00) + s(t2m) + s(pblmax) + s(v10m) + s(rh) + s(u10m) + s(wdir) + s(pwspeed) + s(tp) + s(ptp), data = .)      1091.068
gam(log(value) ~ s(tmax2m) + s(jd) + s(pbl00) + s(t2m) + s(pblmax) + s(v10m) + s(rh) + s(u10m) + s(wdir) + s(pwspeed) + s(tp) + s(ptp), data = .)      1087.519
gam(log(value) ~ s(sp) + s(jd) + s(pbl00) + s(t2m) + s(pblmax) + s(v10m) + s(rh) + s(u10m) + s(wdir) + s(pwspeed) + s(tp) + s(ptp), data = .)          1092.516
gam(log(value) ~ s(nirradiance) + s(jd) + s(pbl00) + s(t2m) + s(pblmax) + s(v10m) + s(rh) + s(u10m) + s(wdir) + s(pwspeed) + s(tp) + s(ptp), data = .) 1090.824
gam(log(value) ~ s(pbl12) + s(jd) + s(pbl00) + s(t2m) + s(pblmax) + s(v10m) + s(rh) + s(u10m) + s(wdir) + s(pwspeed) + s(tp) + s(ptp), data = .)       1090.152
gam(log(value) ~ s(pblmin) + s(jd) + s(pbl00) + s(t2m) + s(pblmax) + s(v10m) + s(rh) + s(u10m) + s(wdir) + s(pwspeed) + s(tp) + s(ptp), data = .)      1091.374
gam(log(value) ~ s(wspeed) + s(jd) + s(pbl00) + s(t2m) + s(pblmax) + s(v10m) + s(rh) + s(u10m) + s(wdir) + s(pwspeed) + s(tp) + s(ptp), data = .)      1090.499

Modello migliore: tmax2m - jd - pbl00 - t2m - pblmax - v10m - rh - u10m - wdir - pwspeed - tp - ptp 

Variabile scelta tmax2m con AIC 1087.51880135632  

Modelli BACKWARD 

                                                                                                                                                           IT0992A
gam(log(value) ~ s(tmin2m) + s(jd) + s(pbl00) + s(t2m) + s(pblmax) + s(v10m) + s(rh) + s(u10m) + s(wdir) + s(pwspeed) + s(tp) + s(tmax2m), data = .)      1092.998
gam(log(value) ~ s(sp) + s(jd) + s(pbl00) + s(t2m) + s(pblmax) + s(v10m) + s(rh) + s(u10m) + s(wdir) + s(pwspeed) + s(tp) + s(tmax2m), data = .)          1093.350
gam(log(value) ~ s(nirradiance) + s(jd) + s(pbl00) + s(t2m) + s(pblmax) + s(v10m) + s(rh) + s(u10m) + s(wdir) + s(pwspeed) + s(tp) + s(tmax2m), data = .) 1093.422
gam(log(value) ~ s(pbl12) + s(jd) + s(pbl00) + s(t2m) + s(pblmax) + s(v10m) + s(rh) + s(u10m) + s(wdir) + s(pwspeed) + s(tp) + s(tmax2m), data = .)       1091.552
gam(log(value) ~ s(pblmin) + s(jd) + s(pbl00) + s(t2m) + s(pblmax) + s(v10m) + s(rh) + s(u10m) + s(wdir) + s(pwspeed) + s(tp) + s(tmax2m), data = .)      1093.222
gam(log(value) ~ s(wspeed) + s(jd) + s(pbl00) + s(t2m) + s(pblmax) + s(v10m) + s(rh) + s(u10m) + s(wdir) + s(pwspeed) + s(tp) + s(tmax2m), data = .)      1091.928

[1] "Modello migliore: pbl12 - jd - pbl00 - t2m - pblmax - v10m - rh - u10m - wdir - pwspeed - tp - tmax2m"

[1] "Dati backward:  1091.55162966788::pbl12::jd::pbl00::t2m::pblmax::v10m::rh::u10m::wdir::pwspeed::tp::tmax2m"

Scelgo il modello N-1 

---------- START ---------- 

                                                                                                                                                        IT0992A
gam(log(value) ~ s(tmin2m) + s(jd) + s(pbl00) + s(t2m) + s(pblmax) + s(v10m) + s(rh) + s(u10m) + s(wdir) + s(pwspeed) + s(tp) + s(ptp), data = .)      1091.068
gam(log(value) ~ s(sp) + s(jd) + s(pbl00) + s(t2m) + s(pblmax) + s(v10m) + s(rh) + s(u10m) + s(wdir) + s(pwspeed) + s(tp) + s(ptp), data = .)          1092.516
gam(log(value) ~ s(nirradiance) + s(jd) + s(pbl00) + s(t2m) + s(pblmax) + s(v10m) + s(rh) + s(u10m) + s(wdir) + s(pwspeed) + s(tp) + s(ptp), data = .) 1090.824
gam(log(value) ~ s(pbl12) + s(jd) + s(pbl00) + s(t2m) + s(pblmax) + s(v10m) + s(rh) + s(u10m) + s(wdir) + s(pwspeed) + s(tp) + s(ptp), data = .)       1090.152
gam(log(value) ~ s(pblmin) + s(jd) + s(pbl00) + s(t2m) + s(pblmax) + s(v10m) + s(rh) + s(u10m) + s(wdir) + s(pwspeed) + s(tp) + s(ptp), data = .)      1091.374
gam(log(value) ~ s(wspeed) + s(jd) + s(pbl00) + s(t2m) + s(pblmax) + s(v10m) + s(rh) + s(u10m) + s(wdir) + s(pwspeed) + s(tp) + s(ptp), data = .)      1090.499

Modello migliore: pbl12 - jd - pbl00 - t2m - pblmax - v10m - rh - u10m - wdir - pwspeed - tp - ptp 

Variabile scelta pbl12 con AIC 1090.15188599298  

Fine per scelta MODELLO 

jd + pbl00 + t2m + pblmax + v10m + rh + u10m + wdir + pwspeed + tp + ptp 

---------------------- 

NOTE: Log Print Time:  2021-05-11 11:19:20 
NOTE: Elapsed Time in seconds: 2.89777629772822 

Fine per scelta MODELLO 

jd + pbl00 + t2m + pblmax + v10m + rh + u10m + wdir + pwspeed + tp + ptp 

---------------------- 

NOTE: Log Print Time:  2021-05-11 11:19:20 
NOTE: Elapsed Time in seconds: 0.00110626220703125 

Fine per scelta MODELLO 

jd + pbl00 + t2m + pblmax + v10m + rh + u10m + wdir + pwspeed + tp + ptp 

---------------------- 

NOTE: Log Print Time:  2021-05-11 11:19:20 
NOTE: Elapsed Time in seconds: 0.000988245010375977 

Fine per scelta MODELLO 

jd + pbl00 + t2m + pblmax + v10m + rh + u10m + wdir + pwspeed + tp + ptp 

---------------------- 

NOTE: Log Print Time:  2021-05-11 11:19:20 
NOTE: Elapsed Time in seconds: 0.000986576080322266 

Fine per scelta MODELLO 

jd + pbl00 + t2m + pblmax + v10m + rh + u10m + wdir + pwspeed + tp + ptp 

---------------------- 

NOTE: Log Print Time:  2021-05-11 11:19:20 
NOTE: Elapsed Time in seconds: 0.000982046127319336 

Fine per scelta MODELLO 

jd + pbl00 + t2m + pblmax + v10m + rh + u10m + wdir + pwspeed + tp + ptp 

---------------------- 

NOTE: Log Print Time:  2021-05-11 11:19:20 
NOTE: Elapsed Time in seconds: 0.00102925300598145 

Fine per scelta MODELLO 

jd + pbl00 + t2m + pblmax + v10m + rh + u10m + wdir + pwspeed + tp + ptp 

---------------------- 

NOTE: Log Print Time:  2021-05-11 11:19:20 
NOTE: Elapsed Time in seconds: 0.000981330871582031 

Fine per scelta MODELLO 

jd + pbl00 + t2m + pblmax + v10m + rh + u10m + wdir + pwspeed + tp + ptp 

---------------------- 

NOTE: Log Print Time:  2021-05-11 11:19:20 
NOTE: Elapsed Time in seconds: 0.00101494789123535 

Fine per scelta MODELLO 

jd + pbl00 + t2m + pblmax + v10m + rh + u10m + wdir + pwspeed + tp + ptp 

---------------------- 

NOTE: Log Print Time:  2021-05-11 11:19:20 
NOTE: Elapsed Time in seconds: 0.000987768173217773 

Fine per scelta MODELLO 

jd + pbl00 + t2m + pblmax + v10m + rh + u10m + wdir + pwspeed + tp + ptp 

---------------------- 

NOTE: Log Print Time:  2021-05-11 11:19:20 
NOTE: Elapsed Time in seconds: 0.00101804733276367 

Fine per scelta MODELLO 

jd + pbl00 + t2m + pblmax + v10m + rh + u10m + wdir + pwspeed + tp + ptp 

---------------------- 

NOTE: Log Print Time:  2021-05-11 11:19:20 
NOTE: Elapsed Time in seconds: 0.000985622406005859 

Fine per scelta MODELLO 

jd + pbl00 + t2m + pblmax + v10m + rh + u10m + wdir + pwspeed + tp + ptp 

---------------------- 

NOTE: Log Print Time:  2021-05-11 11:19:20 
NOTE: Elapsed Time in seconds: 0.000997304916381836 

========================================================================= 
Log End Time: 2021-05-11 11:19:20 
Log Elapsed Time: 0 00:00:02 
========================================================================= 
