========================================================================= 
Log Path: output/12/no2/log/pulvirus_no2_12_IT1200A.log 
Working Directory: /home/rmorelli/R/pulvirus/analisi/GAM/scelta 
User Name: rmorelli 
R Version: 4.0.5 (2021-03-31) 
Machine: pasqualino x86_64 
Operating System: Linux 4.19.0-13-amd64 #1 SMP Debian 4.19.160-2 (2020-11-28) 
Log Start Time: 2021-05-11 11:30:42 
========================================================================= 

Stazione: IT1200A 

---------- START ---------- 

                                             IT1200A
gam(log(value) ~ s(t2m), data = .)         1291.6521
gam(log(value) ~ s(tmin2m), data = .)      1339.3530
gam(log(value) ~ s(tmax2m), data = .)      1333.7519
gam(log(value) ~ s(tp), data = .)          1611.0608
gam(log(value) ~ s(ptp), data = .)         1640.4139
gam(log(value) ~ s(rh), data = .)          1666.2221
gam(log(value) ~ s(u10m), data = .)        1599.5182
gam(log(value) ~ s(v10m), data = .)        1389.9801
gam(log(value) ~ s(sp), data = .)          1444.4681
gam(log(value) ~ s(nirradiance), data = .) 1427.4694
gam(log(value) ~ s(pbl00), data = .)       1624.4987
gam(log(value) ~ s(pbl12), data = .)       1457.5952
gam(log(value) ~ s(pblmin), data = .)      1607.5747
gam(log(value) ~ s(pblmax), data = .)      1503.6516
gam(log(value) ~ s(wdir), data = .)        1426.6137
gam(log(value) ~ s(wspeed), data = .)      1617.0792
gam(log(value) ~ s(pwspeed), data = .)     1639.6186
gam(log(value) ~ s(jd), data = .)           879.5475

Modello migliore: jd 

Variabile scelta jd con AIC 879.547452806426  

---------- START ---------- 

                                                    IT1200A
gam(log(value) ~ s(t2m) + s(jd), data = .)         719.5726
gam(log(value) ~ s(tmin2m) + s(jd), data = .)      738.9380
gam(log(value) ~ s(tmax2m) + s(jd), data = .)      723.1154
gam(log(value) ~ s(tp) + s(jd), data = .)          669.8624
gam(log(value) ~ s(ptp) + s(jd), data = .)         729.7504
gam(log(value) ~ s(rh) + s(jd), data = .)          757.0864
gam(log(value) ~ s(u10m) + s(jd), data = .)        814.0740
gam(log(value) ~ s(v10m) + s(jd), data = .)        568.9490
gam(log(value) ~ s(sp) + s(jd), data = .)          647.2526
gam(log(value) ~ s(nirradiance) + s(jd), data = .) 825.9023
gam(log(value) ~ s(pbl00) + s(jd), data = .)       657.1173
gam(log(value) ~ s(pbl12) + s(jd), data = .)       826.3373
gam(log(value) ~ s(pblmin) + s(jd), data = .)      629.5165
gam(log(value) ~ s(pblmax) + s(jd), data = .)      836.1749
gam(log(value) ~ s(wdir) + s(jd), data = .)        730.6471
gam(log(value) ~ s(wspeed) + s(jd), data = .)      717.0329
gam(log(value) ~ s(pwspeed) + s(jd), data = .)     837.0820
gam(log(value) ~ s(jd) + s(jd), data = .)          879.5475

Modello migliore: v10m - jd 

Variabile scelta v10m con AIC 568.948968568524  

Modelli BACKWARD 

                                                      IT1200A
gam(log(value) ~ s(t2m) + s(v10m), data = .)         1090.355
gam(log(value) ~ s(tmin2m) + s(v10m), data = .)      1172.779
gam(log(value) ~ s(tmax2m) + s(v10m), data = .)      1085.210
gam(log(value) ~ s(tp) + s(v10m), data = .)          1379.709
gam(log(value) ~ s(ptp) + s(v10m), data = .)         1349.326
gam(log(value) ~ s(rh) + s(v10m), data = .)          1306.210
gam(log(value) ~ s(u10m) + s(v10m), data = .)        1313.643
gam(log(value) ~ s(sp) + s(v10m), data = .)          1271.810
gam(log(value) ~ s(nirradiance) + s(v10m), data = .) 1151.190
gam(log(value) ~ s(pbl00) + s(v10m), data = .)       1363.990
gam(log(value) ~ s(pbl12) + s(v10m), data = .)       1231.662
gam(log(value) ~ s(pblmin) + s(v10m), data = .)      1364.313
gam(log(value) ~ s(pblmax) + s(v10m), data = .)      1247.630
gam(log(value) ~ s(wdir) + s(v10m), data = .)        1323.709
gam(log(value) ~ s(wspeed) + s(v10m), data = .)      1374.850
gam(log(value) ~ s(pwspeed) + s(v10m), data = .)     1362.282

Modello migliore: tmax2m - v10m 

Dati backward:  1085.21021789755::tmax2m::v10m 

Scelgo il modello N 

---------- START ---------- 

                                                              IT1200A
gam(log(value) ~ s(t2m) + s(jd) + s(v10m), data = .)         443.0139
gam(log(value) ~ s(tmin2m) + s(jd) + s(v10m), data = .)      488.4788
gam(log(value) ~ s(tmax2m) + s(jd) + s(v10m), data = .)      432.7903
gam(log(value) ~ s(tp) + s(jd) + s(v10m), data = .)          491.1661
gam(log(value) ~ s(ptp) + s(jd) + s(v10m), data = .)         456.0380
gam(log(value) ~ s(rh) + s(jd) + s(v10m), data = .)          483.4569
gam(log(value) ~ s(u10m) + s(jd) + s(v10m), data = .)        501.9556
gam(log(value) ~ s(sp) + s(jd) + s(v10m), data = .)          442.7022
gam(log(value) ~ s(nirradiance) + s(jd) + s(v10m), data = .) 530.0982
gam(log(value) ~ s(pbl00) + s(jd) + s(v10m), data = .)       459.7341
gam(log(value) ~ s(pbl12) + s(jd) + s(v10m), data = .)       542.9363
gam(log(value) ~ s(pblmin) + s(jd) + s(v10m), data = .)      465.9386
gam(log(value) ~ s(pblmax) + s(jd) + s(v10m), data = .)      541.5136
gam(log(value) ~ s(wdir) + s(jd) + s(v10m), data = .)        547.0212
gam(log(value) ~ s(wspeed) + s(jd) + s(v10m), data = .)      528.8740
gam(log(value) ~ s(pwspeed) + s(jd) + s(v10m), data = .)     552.2999

Modello migliore: tmax2m - jd - v10m 

Variabile scelta tmax2m con AIC 432.790346505412  

Modelli BACKWARD 

                                                                IT1200A
gam(log(value) ~ s(t2m) + s(jd) + s(tmax2m), data = .)         449.9997
gam(log(value) ~ s(tmin2m) + s(jd) + s(tmax2m), data = .)      450.1081
gam(log(value) ~ s(tp) + s(jd) + s(tmax2m), data = .)          502.2534
gam(log(value) ~ s(ptp) + s(jd) + s(tmax2m), data = .)         577.0622
gam(log(value) ~ s(rh) + s(jd) + s(tmax2m), data = .)          617.2393
gam(log(value) ~ s(u10m) + s(jd) + s(tmax2m), data = .)        639.5498
gam(log(value) ~ s(sp) + s(jd) + s(tmax2m), data = .)          453.8577
gam(log(value) ~ s(nirradiance) + s(jd) + s(tmax2m), data = .) 683.1261
gam(log(value) ~ s(pbl00) + s(jd) + s(tmax2m), data = .)       504.2277
gam(log(value) ~ s(pbl12) + s(jd) + s(tmax2m), data = .)       687.4355
gam(log(value) ~ s(pblmin) + s(jd) + s(tmax2m), data = .)      494.4159
gam(log(value) ~ s(pblmax) + s(jd) + s(tmax2m), data = .)      690.0516
gam(log(value) ~ s(wdir) + s(jd) + s(tmax2m), data = .)        570.8010
gam(log(value) ~ s(wspeed) + s(jd) + s(tmax2m), data = .)      577.3960
gam(log(value) ~ s(pwspeed) + s(jd) + s(tmax2m), data = .)     696.6270

Modello migliore: t2m - jd - tmax2m 

Dati backward:  449.999744521129::t2m::jd::tmax2m 

Scelgo il modello N 

---------- START ---------- 

                                                                          IT1200A
gam(log(value) ~ s(t2m) + s(jd) + s(v10m) + s(tmax2m), data = .)         304.4349
gam(log(value) ~ s(tmin2m) + s(jd) + s(v10m) + s(tmax2m), data = .)      293.5547
gam(log(value) ~ s(tp) + s(jd) + s(v10m) + s(tmax2m), data = .)          340.2292
gam(log(value) ~ s(ptp) + s(jd) + s(v10m) + s(tmax2m), data = .)         315.9627
gam(log(value) ~ s(rh) + s(jd) + s(v10m) + s(tmax2m), data = .)          382.9008
gam(log(value) ~ s(u10m) + s(jd) + s(v10m) + s(tmax2m), data = .)        344.0750
gam(log(value) ~ s(sp) + s(jd) + s(v10m) + s(tmax2m), data = .)          272.0625
gam(log(value) ~ s(nirradiance) + s(jd) + s(v10m) + s(tmax2m), data = .) 418.9038
gam(log(value) ~ s(pbl00) + s(jd) + s(v10m) + s(tmax2m), data = .)       321.8156
gam(log(value) ~ s(pbl12) + s(jd) + s(v10m) + s(tmax2m), data = .)       405.6951
gam(log(value) ~ s(pblmin) + s(jd) + s(v10m) + s(tmax2m), data = .)      340.5599
gam(log(value) ~ s(pblmax) + s(jd) + s(v10m) + s(tmax2m), data = .)      403.4287
gam(log(value) ~ s(wdir) + s(jd) + s(v10m) + s(tmax2m), data = .)        392.3170
gam(log(value) ~ s(wspeed) + s(jd) + s(v10m) + s(tmax2m), data = .)      399.8366
gam(log(value) ~ s(pwspeed) + s(jd) + s(v10m) + s(tmax2m), data = .)     424.7595

Modello migliore: sp - jd - v10m - tmax2m 

Variabile scelta sp con AIC 272.062475242969  

Modelli BACKWARD 

                                                                      IT1200A
gam(log(value) ~ s(t2m) + s(jd) + s(v10m) + s(sp), data = .)         307.4502
gam(log(value) ~ s(tmin2m) + s(jd) + s(v10m) + s(sp), data = .)      387.9038
gam(log(value) ~ s(tp) + s(jd) + s(v10m) + s(sp), data = .)          422.2621
gam(log(value) ~ s(ptp) + s(jd) + s(v10m) + s(sp), data = .)         402.9978
gam(log(value) ~ s(rh) + s(jd) + s(v10m) + s(sp), data = .)          375.8889
gam(log(value) ~ s(u10m) + s(jd) + s(v10m) + s(sp), data = .)        399.3801
gam(log(value) ~ s(nirradiance) + s(jd) + s(v10m) + s(sp), data = .) 398.9558
gam(log(value) ~ s(pbl00) + s(jd) + s(v10m) + s(sp), data = .)       394.1140
gam(log(value) ~ s(pbl12) + s(jd) + s(v10m) + s(sp), data = .)       421.6648
gam(log(value) ~ s(pblmin) + s(jd) + s(v10m) + s(sp), data = .)      388.7025
gam(log(value) ~ s(pblmax) + s(jd) + s(v10m) + s(sp), data = .)      424.8500
gam(log(value) ~ s(wdir) + s(jd) + s(v10m) + s(sp), data = .)        424.1184
gam(log(value) ~ s(wspeed) + s(jd) + s(v10m) + s(sp), data = .)      423.4412
gam(log(value) ~ s(pwspeed) + s(jd) + s(v10m) + s(sp), data = .)     429.0088

Modello migliore: t2m - jd - v10m - sp 

Dati backward:  307.450248006541::t2m::jd::v10m::sp 

Scelgo il modello N 

---------- START ---------- 

                                                                                  IT1200A
gam(log(value) ~ s(t2m) + s(jd) + s(v10m) + s(tmax2m) + s(sp), data = .)         214.8833
gam(log(value) ~ s(tmin2m) + s(jd) + s(v10m) + s(tmax2m) + s(sp), data = .)      202.8447
gam(log(value) ~ s(tp) + s(jd) + s(v10m) + s(tmax2m) + s(sp), data = .)          248.3806
gam(log(value) ~ s(ptp) + s(jd) + s(v10m) + s(tmax2m) + s(sp), data = .)         237.3272
gam(log(value) ~ s(rh) + s(jd) + s(v10m) + s(tmax2m) + s(sp), data = .)          248.4544
gam(log(value) ~ s(u10m) + s(jd) + s(v10m) + s(tmax2m) + s(sp), data = .)        218.7335
gam(log(value) ~ s(nirradiance) + s(jd) + s(v10m) + s(tmax2m) + s(sp), data = .) 259.4857
gam(log(value) ~ s(pbl00) + s(jd) + s(v10m) + s(tmax2m) + s(sp), data = .)       229.2661
gam(log(value) ~ s(pbl12) + s(jd) + s(v10m) + s(tmax2m) + s(sp), data = .)       254.9303
gam(log(value) ~ s(pblmin) + s(jd) + s(v10m) + s(tmax2m) + s(sp), data = .)      227.8228
gam(log(value) ~ s(pblmax) + s(jd) + s(v10m) + s(tmax2m) + s(sp), data = .)      256.3532
gam(log(value) ~ s(wdir) + s(jd) + s(v10m) + s(tmax2m) + s(sp), data = .)        246.9271
gam(log(value) ~ s(wspeed) + s(jd) + s(v10m) + s(tmax2m) + s(sp), data = .)      259.8611
gam(log(value) ~ s(pwspeed) + s(jd) + s(v10m) + s(tmax2m) + s(sp), data = .)     266.8063

Modello migliore: tmin2m - jd - v10m - tmax2m - sp 

Variabile scelta tmin2m con AIC 202.844696975312  

Modelli BACKWARD 

                                                                                      IT1200A
gam(log(value) ~ s(t2m) + s(jd) + s(v10m) + s(tmax2m) + s(tmin2m), data = .)         271.9293
gam(log(value) ~ s(tp) + s(jd) + s(v10m) + s(tmax2m) + s(tmin2m), data = .)          278.4399
gam(log(value) ~ s(ptp) + s(jd) + s(v10m) + s(tmax2m) + s(tmin2m), data = .)         229.4620
gam(log(value) ~ s(rh) + s(jd) + s(v10m) + s(tmax2m) + s(tmin2m), data = .)          284.1729
gam(log(value) ~ s(u10m) + s(jd) + s(v10m) + s(tmax2m) + s(tmin2m), data = .)        234.0512
gam(log(value) ~ s(nirradiance) + s(jd) + s(v10m) + s(tmax2m) + s(tmin2m), data = .) 195.2488
gam(log(value) ~ s(pbl00) + s(jd) + s(v10m) + s(tmax2m) + s(tmin2m), data = .)       249.3276
gam(log(value) ~ s(pbl12) + s(jd) + s(v10m) + s(tmax2m) + s(tmin2m), data = .)       247.9774
gam(log(value) ~ s(pblmin) + s(jd) + s(v10m) + s(tmax2m) + s(tmin2m), data = .)      253.7113
gam(log(value) ~ s(pblmax) + s(jd) + s(v10m) + s(tmax2m) + s(tmin2m), data = .)      246.5993
gam(log(value) ~ s(wdir) + s(jd) + s(v10m) + s(tmax2m) + s(tmin2m), data = .)        261.2352
gam(log(value) ~ s(wspeed) + s(jd) + s(v10m) + s(tmax2m) + s(tmin2m), data = .)      281.7814
gam(log(value) ~ s(pwspeed) + s(jd) + s(v10m) + s(tmax2m) + s(tmin2m), data = .)     289.0748

Modello migliore: nirradiance - jd - v10m - tmax2m - tmin2m 

Dati backward:  195.248802712973::nirradiance::jd::v10m::tmax2m::tmin2m 

Scelgo il modello N-1 

---------- START ---------- 

                                                                                  IT1200A
gam(log(value) ~ s(t2m) + s(jd) + s(v10m) + s(tmax2m) + s(sp), data = .)         214.8833
gam(log(value) ~ s(tp) + s(jd) + s(v10m) + s(tmax2m) + s(sp), data = .)          248.3806
gam(log(value) ~ s(ptp) + s(jd) + s(v10m) + s(tmax2m) + s(sp), data = .)         237.3272
gam(log(value) ~ s(rh) + s(jd) + s(v10m) + s(tmax2m) + s(sp), data = .)          248.4544
gam(log(value) ~ s(u10m) + s(jd) + s(v10m) + s(tmax2m) + s(sp), data = .)        218.7335
gam(log(value) ~ s(nirradiance) + s(jd) + s(v10m) + s(tmax2m) + s(sp), data = .) 259.4857
gam(log(value) ~ s(pbl00) + s(jd) + s(v10m) + s(tmax2m) + s(sp), data = .)       229.2661
gam(log(value) ~ s(pbl12) + s(jd) + s(v10m) + s(tmax2m) + s(sp), data = .)       254.9303
gam(log(value) ~ s(pblmin) + s(jd) + s(v10m) + s(tmax2m) + s(sp), data = .)      227.8228
gam(log(value) ~ s(pblmax) + s(jd) + s(v10m) + s(tmax2m) + s(sp), data = .)      256.3532
gam(log(value) ~ s(wdir) + s(jd) + s(v10m) + s(tmax2m) + s(sp), data = .)        246.9271
gam(log(value) ~ s(wspeed) + s(jd) + s(v10m) + s(tmax2m) + s(sp), data = .)      259.8611
gam(log(value) ~ s(pwspeed) + s(jd) + s(v10m) + s(tmax2m) + s(sp), data = .)     266.8063

Modello migliore: t2m - jd - v10m - tmax2m - sp 

Variabile scelta t2m con AIC 214.883290020462  

Fine per scelta MODELLO 

jd + v10m + tmax2m + sp 

---------------------- 

NOTE: Log Print Time:  2021-05-11 11:31:33 
NOTE: Elapsed Time in seconds: 51.3492579460144 

Fine per scelta MODELLO 

jd + v10m + tmax2m + sp 

---------------------- 

NOTE: Log Print Time:  2021-05-11 11:31:33 
NOTE: Elapsed Time in seconds: 0.00111031532287598 

Fine per scelta MODELLO 

jd + v10m + tmax2m + sp 

---------------------- 

NOTE: Log Print Time:  2021-05-11 11:31:33 
NOTE: Elapsed Time in seconds: 0.000982284545898438 

Fine per scelta MODELLO 

jd + v10m + tmax2m + sp 

---------------------- 

NOTE: Log Print Time:  2021-05-11 11:31:33 
NOTE: Elapsed Time in seconds: 0.00096893310546875 

Fine per scelta MODELLO 

jd + v10m + tmax2m + sp 

---------------------- 

NOTE: Log Print Time:  2021-05-11 11:31:33 
NOTE: Elapsed Time in seconds: 0.000978708267211914 

========================================================================= 
Log End Time: 2021-05-11 11:31:33 
Log Elapsed Time: 0 00:00:51 
========================================================================= 
