========================================================================= 
Log Path: output/12/no2/log/pulvirus_no2_12_IT0863A.log 
Working Directory: /home/rmorelli/R/pulvirus/analisi/GAM/scelta 
User Name: rmorelli 
R Version: 4.0.5 (2021-03-31) 
Machine: pasqualino x86_64 
Operating System: Linux 4.19.0-13-amd64 #1 SMP Debian 4.19.160-2 (2020-11-28) 
Log Start Time: 2021-05-11 11:03:55 
========================================================================= 

Stazione: IT0863A 

---------- START ---------- 

                                            IT0863A
gam(log(value) ~ s(t2m), data = .)         2390.497
gam(log(value) ~ s(tmin2m), data = .)      2392.915
gam(log(value) ~ s(tmax2m), data = .)      2371.667
gam(log(value) ~ s(tp), data = .)          2446.242
gam(log(value) ~ s(ptp), data = .)         2450.051
gam(log(value) ~ s(rh), data = .)          2346.329
gam(log(value) ~ s(u10m), data = .)        2273.757
gam(log(value) ~ s(v10m), data = .)        2116.258
gam(log(value) ~ s(sp), data = .)          2452.929
gam(log(value) ~ s(nirradiance), data = .) 2344.358
gam(log(value) ~ s(pbl00), data = .)       2376.938
gam(log(value) ~ s(pbl12), data = .)       2310.566
gam(log(value) ~ s(pblmin), data = .)      2276.245
gam(log(value) ~ s(pblmax), data = .)      2330.879
gam(log(value) ~ s(wdir), data = .)        2280.481
gam(log(value) ~ s(wspeed), data = .)      2166.141
gam(log(value) ~ s(pwspeed), data = .)     2421.090
gam(log(value) ~ s(jd), data = .)          1737.222

Modello migliore: jd 

Variabile scelta jd con AIC 1737.22220466718  

---------- START ---------- 

                                                    IT0863A
gam(log(value) ~ s(t2m) + s(jd), data = .)         1714.767
gam(log(value) ~ s(tmin2m) + s(jd), data = .)      1720.006
gam(log(value) ~ s(tmax2m) + s(jd), data = .)      1677.365
gam(log(value) ~ s(tp) + s(jd), data = .)          1723.064
gam(log(value) ~ s(ptp) + s(jd), data = .)         1725.189
gam(log(value) ~ s(rh) + s(jd), data = .)          1643.070
gam(log(value) ~ s(u10m) + s(jd), data = .)        1352.987
gam(log(value) ~ s(v10m) + s(jd), data = .)        1052.093
gam(log(value) ~ s(sp) + s(jd), data = .)          1702.051
gam(log(value) ~ s(nirradiance) + s(jd), data = .) 1675.320
gam(log(value) ~ s(pbl00) + s(jd), data = .)       1566.037
gam(log(value) ~ s(pbl12) + s(jd), data = .)       1597.787
gam(log(value) ~ s(pblmin) + s(jd), data = .)      1336.107
gam(log(value) ~ s(pblmax) + s(jd), data = .)      1617.745
gam(log(value) ~ s(wdir) + s(jd), data = .)        1423.045
gam(log(value) ~ s(wspeed) + s(jd), data = .)      1157.045
gam(log(value) ~ s(pwspeed) + s(jd), data = .)     1664.916
gam(log(value) ~ s(jd) + s(jd), data = .)          1737.222

Modello migliore: v10m - jd 

Variabile scelta v10m con AIC 1052.09308961713  

Modelli BACKWARD 

                                                      IT0863A
gam(log(value) ~ s(t2m) + s(v10m), data = .)         1907.573
gam(log(value) ~ s(tmin2m) + s(v10m), data = .)      1935.239
gam(log(value) ~ s(tmax2m) + s(v10m), data = .)      1916.738
gam(log(value) ~ s(tp) + s(v10m), data = .)          2104.065
gam(log(value) ~ s(ptp) + s(v10m), data = .)         2117.286
gam(log(value) ~ s(rh) + s(v10m), data = .)          2058.670
gam(log(value) ~ s(u10m) + s(v10m), data = .)        2082.698
gam(log(value) ~ s(sp) + s(v10m), data = .)          2102.071
gam(log(value) ~ s(nirradiance) + s(v10m), data = .) 1921.507
gam(log(value) ~ s(pbl00) + s(v10m), data = .)       2113.162
gam(log(value) ~ s(pbl12) + s(v10m), data = .)       1989.535
gam(log(value) ~ s(pblmin) + s(v10m), data = .)      2114.148
gam(log(value) ~ s(pblmax) + s(v10m), data = .)      2009.482
gam(log(value) ~ s(wdir) + s(v10m), data = .)        2080.052
gam(log(value) ~ s(wspeed) + s(v10m), data = .)      2109.327
gam(log(value) ~ s(pwspeed) + s(v10m), data = .)     2112.588

Modello migliore: t2m - v10m 

Dati backward:  1907.57294647161::t2m::v10m 

Scelgo il modello N 

---------- START ---------- 

                                                               IT0863A
gam(log(value) ~ s(t2m) + s(jd) + s(v10m), data = .)          944.0184
gam(log(value) ~ s(tmin2m) + s(jd) + s(v10m), data = .)       964.0690
gam(log(value) ~ s(tmax2m) + s(jd) + s(v10m), data = .)       962.4573
gam(log(value) ~ s(tp) + s(jd) + s(v10m), data = .)          1009.0797
gam(log(value) ~ s(ptp) + s(jd) + s(v10m), data = .)         1048.3588
gam(log(value) ~ s(rh) + s(jd) + s(v10m), data = .)          1052.8713
gam(log(value) ~ s(u10m) + s(jd) + s(v10m), data = .)         985.1871
gam(log(value) ~ s(sp) + s(jd) + s(v10m), data = .)          1001.4510
gam(log(value) ~ s(nirradiance) + s(jd) + s(v10m), data = .)  982.3298
gam(log(value) ~ s(pbl00) + s(jd) + s(v10m), data = .)       1041.4884
gam(log(value) ~ s(pbl12) + s(jd) + s(v10m), data = .)       1007.1666
gam(log(value) ~ s(pblmin) + s(jd) + s(v10m), data = .)      1014.5489
gam(log(value) ~ s(pblmax) + s(jd) + s(v10m), data = .)      1014.3032
gam(log(value) ~ s(wdir) + s(jd) + s(v10m), data = .)         987.2721
gam(log(value) ~ s(wspeed) + s(jd) + s(v10m), data = .)      1011.1080
gam(log(value) ~ s(pwspeed) + s(jd) + s(v10m), data = .)     1052.2181

Modello migliore: t2m - jd - v10m 

Variabile scelta t2m con AIC 944.018373940097  

Modelli BACKWARD 

                                                             IT0863A
gam(log(value) ~ s(tmin2m) + s(jd) + s(t2m), data = .)      1635.806
gam(log(value) ~ s(tmax2m) + s(jd) + s(t2m), data = .)      1640.978
gam(log(value) ~ s(tp) + s(jd) + s(t2m), data = .)          1697.327
gam(log(value) ~ s(ptp) + s(jd) + s(t2m), data = .)         1696.161
gam(log(value) ~ s(rh) + s(jd) + s(t2m), data = .)          1609.864
gam(log(value) ~ s(u10m) + s(jd) + s(t2m), data = .)        1310.349
gam(log(value) ~ s(sp) + s(jd) + s(t2m), data = .)          1673.457
gam(log(value) ~ s(nirradiance) + s(jd) + s(t2m), data = .) 1653.347
gam(log(value) ~ s(pbl00) + s(jd) + s(t2m), data = .)       1542.485
gam(log(value) ~ s(pbl12) + s(jd) + s(t2m), data = .)       1580.042
gam(log(value) ~ s(pblmin) + s(jd) + s(t2m), data = .)      1312.053
gam(log(value) ~ s(pblmax) + s(jd) + s(t2m), data = .)      1596.026
gam(log(value) ~ s(wdir) + s(jd) + s(t2m), data = .)        1355.922
gam(log(value) ~ s(wspeed) + s(jd) + s(t2m), data = .)      1109.588
gam(log(value) ~ s(pwspeed) + s(jd) + s(t2m), data = .)     1643.546

Modello migliore: wspeed - jd - t2m 

Dati backward:  1109.58817816701::wspeed::jd::t2m 

Scelgo il modello N 

---------- START ---------- 

                                                                       IT0863A
gam(log(value) ~ s(tmin2m) + s(jd) + s(v10m) + s(t2m), data = .)      930.0328
gam(log(value) ~ s(tmax2m) + s(jd) + s(v10m) + s(t2m), data = .)      909.4839
gam(log(value) ~ s(tp) + s(jd) + s(v10m) + s(t2m), data = .)          877.9763
gam(log(value) ~ s(ptp) + s(jd) + s(v10m) + s(t2m), data = .)         936.4761
gam(log(value) ~ s(rh) + s(jd) + s(v10m) + s(t2m), data = .)          933.7297
gam(log(value) ~ s(u10m) + s(jd) + s(v10m) + s(t2m), data = .)        878.5393
gam(log(value) ~ s(sp) + s(jd) + s(v10m) + s(t2m), data = .)          880.7069
gam(log(value) ~ s(nirradiance) + s(jd) + s(v10m) + s(t2m), data = .) 907.8401
gam(log(value) ~ s(pbl00) + s(jd) + s(v10m) + s(t2m), data = .)       932.8659
gam(log(value) ~ s(pbl12) + s(jd) + s(v10m) + s(t2m), data = .)       925.6297
gam(log(value) ~ s(pblmin) + s(jd) + s(v10m) + s(t2m), data = .)      916.2857
gam(log(value) ~ s(pblmax) + s(jd) + s(v10m) + s(t2m), data = .)      926.3557
gam(log(value) ~ s(wdir) + s(jd) + s(v10m) + s(t2m), data = .)        871.7123
gam(log(value) ~ s(wspeed) + s(jd) + s(v10m) + s(t2m), data = .)      906.2586
gam(log(value) ~ s(pwspeed) + s(jd) + s(v10m) + s(t2m), data = .)     945.9916

Modello migliore: wdir - jd - v10m - t2m 

Variabile scelta wdir con AIC 871.712280296875  

Modelli BACKWARD 

                                                                        IT0863A
gam(log(value) ~ s(tmin2m) + s(jd) + s(v10m) + s(wdir), data = .)      908.5175
gam(log(value) ~ s(tmax2m) + s(jd) + s(v10m) + s(wdir), data = .)      879.9882
gam(log(value) ~ s(tp) + s(jd) + s(v10m) + s(wdir), data = .)          952.1344
gam(log(value) ~ s(ptp) + s(jd) + s(v10m) + s(wdir), data = .)         985.4594
gam(log(value) ~ s(rh) + s(jd) + s(v10m) + s(wdir), data = .)          986.5913
gam(log(value) ~ s(u10m) + s(jd) + s(v10m) + s(wdir), data = .)        959.7610
gam(log(value) ~ s(sp) + s(jd) + s(v10m) + s(wdir), data = .)          949.0918
gam(log(value) ~ s(nirradiance) + s(jd) + s(v10m) + s(wdir), data = .) 894.8408
gam(log(value) ~ s(pbl00) + s(jd) + s(v10m) + s(wdir), data = .)       982.0897
gam(log(value) ~ s(pbl12) + s(jd) + s(v10m) + s(wdir), data = .)       919.7656
gam(log(value) ~ s(pblmin) + s(jd) + s(v10m) + s(wdir), data = .)      969.2655
gam(log(value) ~ s(pblmax) + s(jd) + s(v10m) + s(wdir), data = .)      932.2989
gam(log(value) ~ s(wspeed) + s(jd) + s(v10m) + s(wdir), data = .)      974.7118
gam(log(value) ~ s(pwspeed) + s(jd) + s(v10m) + s(wdir), data = .)     984.6072

Modello migliore: tmax2m - jd - v10m - wdir 

Dati backward:  879.988246529934::tmax2m::jd::v10m::wdir 

Scelgo il modello N 

---------- START ---------- 

                                                                                 IT0863A
gam(log(value) ~ s(tmin2m) + s(jd) + s(v10m) + s(t2m) + s(wdir), data = .)      861.9545
gam(log(value) ~ s(tmax2m) + s(jd) + s(v10m) + s(t2m) + s(wdir), data = .)      842.1490
gam(log(value) ~ s(tp) + s(jd) + s(v10m) + s(t2m) + s(wdir), data = .)          819.0232
gam(log(value) ~ s(ptp) + s(jd) + s(v10m) + s(t2m) + s(wdir), data = .)         866.3015
gam(log(value) ~ s(rh) + s(jd) + s(v10m) + s(t2m) + s(wdir), data = .)          865.3552
gam(log(value) ~ s(u10m) + s(jd) + s(v10m) + s(t2m) + s(wdir), data = .)        843.0222
gam(log(value) ~ s(sp) + s(jd) + s(v10m) + s(t2m) + s(wdir), data = .)          821.2036
gam(log(value) ~ s(nirradiance) + s(jd) + s(v10m) + s(t2m) + s(wdir), data = .) 818.5271
gam(log(value) ~ s(pbl00) + s(jd) + s(v10m) + s(t2m) + s(wdir), data = .)       866.2656
gam(log(value) ~ s(pbl12) + s(jd) + s(v10m) + s(t2m) + s(wdir), data = .)       836.0897
gam(log(value) ~ s(pblmin) + s(jd) + s(v10m) + s(t2m) + s(wdir), data = .)      861.0131
gam(log(value) ~ s(pblmax) + s(jd) + s(v10m) + s(t2m) + s(wdir), data = .)      840.9508
gam(log(value) ~ s(wspeed) + s(jd) + s(v10m) + s(t2m) + s(wdir), data = .)      858.9651
gam(log(value) ~ s(pwspeed) + s(jd) + s(v10m) + s(t2m) + s(wdir), data = .)     872.5140

Modello migliore: nirradiance - jd - v10m - t2m - wdir 

Variabile scelta nirradiance con AIC 818.527097696095  

Modelli BACKWARD 

                                                                                    IT0863A
gam(log(value) ~ s(tmin2m) + s(jd) + s(v10m) + s(t2m) + s(nirradiance), data = .)  872.8382
gam(log(value) ~ s(tmax2m) + s(jd) + s(v10m) + s(t2m) + s(nirradiance), data = .)  816.0715
gam(log(value) ~ s(tp) + s(jd) + s(v10m) + s(t2m) + s(nirradiance), data = .)      754.2009
gam(log(value) ~ s(ptp) + s(jd) + s(v10m) + s(t2m) + s(nirradiance), data = .)     895.7554
gam(log(value) ~ s(rh) + s(jd) + s(v10m) + s(t2m) + s(nirradiance), data = .)      854.6487
gam(log(value) ~ s(u10m) + s(jd) + s(v10m) + s(t2m) + s(nirradiance), data = .)    824.5231
gam(log(value) ~ s(sp) + s(jd) + s(v10m) + s(t2m) + s(nirradiance), data = .)      831.6112
gam(log(value) ~ s(pbl00) + s(jd) + s(v10m) + s(t2m) + s(nirradiance), data = .)   891.2259
gam(log(value) ~ s(pbl12) + s(jd) + s(v10m) + s(t2m) + s(nirradiance), data = .)   903.7923
gam(log(value) ~ s(pblmin) + s(jd) + s(v10m) + s(t2m) + s(nirradiance), data = .)  863.2850
gam(log(value) ~ s(pblmax) + s(jd) + s(v10m) + s(t2m) + s(nirradiance), data = .)  902.7809
gam(log(value) ~ s(wspeed) + s(jd) + s(v10m) + s(t2m) + s(nirradiance), data = .)  861.1551
gam(log(value) ~ s(pwspeed) + s(jd) + s(v10m) + s(t2m) + s(nirradiance), data = .) 909.2840

Modello migliore: tp - jd - v10m - t2m - nirradiance 

Dati backward:  754.200851206273::tp::jd::v10m::t2m::nirradiance 

Scelgo il modello N-1 

---------- START ---------- 

                                                                             IT0863A
gam(log(value) ~ s(tmin2m) + s(jd) + s(v10m) + s(t2m) + s(wdir), data = .)  861.9545
gam(log(value) ~ s(tmax2m) + s(jd) + s(v10m) + s(t2m) + s(wdir), data = .)  842.1490
gam(log(value) ~ s(tp) + s(jd) + s(v10m) + s(t2m) + s(wdir), data = .)      819.0232
gam(log(value) ~ s(ptp) + s(jd) + s(v10m) + s(t2m) + s(wdir), data = .)     866.3015
gam(log(value) ~ s(rh) + s(jd) + s(v10m) + s(t2m) + s(wdir), data = .)      865.3552
gam(log(value) ~ s(u10m) + s(jd) + s(v10m) + s(t2m) + s(wdir), data = .)    843.0222
gam(log(value) ~ s(sp) + s(jd) + s(v10m) + s(t2m) + s(wdir), data = .)      821.2036
gam(log(value) ~ s(pbl00) + s(jd) + s(v10m) + s(t2m) + s(wdir), data = .)   866.2656
gam(log(value) ~ s(pbl12) + s(jd) + s(v10m) + s(t2m) + s(wdir), data = .)   836.0897
gam(log(value) ~ s(pblmin) + s(jd) + s(v10m) + s(t2m) + s(wdir), data = .)  861.0131
gam(log(value) ~ s(pblmax) + s(jd) + s(v10m) + s(t2m) + s(wdir), data = .)  840.9508
gam(log(value) ~ s(wspeed) + s(jd) + s(v10m) + s(t2m) + s(wdir), data = .)  858.9651
gam(log(value) ~ s(pwspeed) + s(jd) + s(v10m) + s(t2m) + s(wdir), data = .) 872.5140

Modello migliore: tp - jd - v10m - t2m - wdir 

Variabile scelta tp con AIC 819.023153212986  

Fine per scelta MODELLO 

jd + v10m + t2m + wdir 

---------------------- 

NOTE: Log Print Time:  2021-05-11 11:04:51 
NOTE: Elapsed Time in seconds: 56.108874797821 

Fine per scelta MODELLO 

jd + v10m + t2m + wdir 

---------------------- 

NOTE: Log Print Time:  2021-05-11 11:04:51 
NOTE: Elapsed Time in seconds: 0.00113582611083984 

Fine per scelta MODELLO 

jd + v10m + t2m + wdir 

---------------------- 

NOTE: Log Print Time:  2021-05-11 11:04:51 
NOTE: Elapsed Time in seconds: 0.00101971626281738 

Fine per scelta MODELLO 

jd + v10m + t2m + wdir 

---------------------- 

NOTE: Log Print Time:  2021-05-11 11:04:51 
NOTE: Elapsed Time in seconds: 0.00101041793823242 

Fine per scelta MODELLO 

jd + v10m + t2m + wdir 

---------------------- 

NOTE: Log Print Time:  2021-05-11 11:04:51 
NOTE: Elapsed Time in seconds: 0.00101637840270996 

========================================================================= 
Log End Time: 2021-05-11 11:04:51 
Log Elapsed Time: 0 00:00:56 
========================================================================= 
