========================================================================= 
Log Path: output/12/no2/log/pulvirus_no2_12_IT0952A.log 
Working Directory: /home/rmorelli/R/pulvirus/analisi/GAM/scelta 
User Name: rmorelli 
R Version: 4.0.5 (2021-03-31) 
Machine: pasqualino x86_64 
Operating System: Linux 4.19.0-13-amd64 #1 SMP Debian 4.19.160-2 (2020-11-28) 
Log Start Time: 2021-05-11 11:50:46 
========================================================================= 

Stazione: IT0952A 

---------- START ---------- 

                                            IT0952A
gam(log(value) ~ s(t2m), data = .)         3312.759
gam(log(value) ~ s(tmin2m), data = .)      3352.232
gam(log(value) ~ s(tmax2m), data = .)      3327.836
gam(log(value) ~ s(tp), data = .)          3415.255
gam(log(value) ~ s(ptp), data = .)         3408.933
gam(log(value) ~ s(rh), data = .)          3234.299
gam(log(value) ~ s(u10m), data = .)        3272.887
gam(log(value) ~ s(v10m), data = .)        3094.650
gam(log(value) ~ s(sp), data = .)          3280.835
gam(log(value) ~ s(nirradiance), data = .) 3252.032
gam(log(value) ~ s(pbl00), data = .)       3096.763
gam(log(value) ~ s(pbl12), data = .)       3106.377
gam(log(value) ~ s(pblmin), data = .)      3101.063
gam(log(value) ~ s(pblmax), data = .)      3117.537
gam(log(value) ~ s(wdir), data = .)        3107.995
gam(log(value) ~ s(wspeed), data = .)      3130.631
gam(log(value) ~ s(pwspeed), data = .)     3356.718
gam(log(value) ~ s(jd), data = .)          3170.489

Modello migliore: v10m 

Variabile scelta v10m con AIC 3094.6504857286  

---------- START ---------- 

                                                      IT0952A
gam(log(value) ~ s(t2m) + s(v10m), data = .)         2808.487
gam(log(value) ~ s(tmin2m) + s(v10m), data = .)      2831.754
gam(log(value) ~ s(tmax2m) + s(v10m), data = .)      2841.930
gam(log(value) ~ s(tp) + s(v10m), data = .)          3088.235
gam(log(value) ~ s(ptp) + s(v10m), data = .)         3092.954
gam(log(value) ~ s(rh) + s(v10m), data = .)          2960.655
gam(log(value) ~ s(u10m) + s(v10m), data = .)        2745.220
gam(log(value) ~ s(v10m) + s(v10m), data = .)        3094.650
gam(log(value) ~ s(sp) + s(v10m), data = .)          2930.163
gam(log(value) ~ s(nirradiance) + s(v10m), data = .) 2630.640
gam(log(value) ~ s(pbl00) + s(v10m), data = .)       2967.654
gam(log(value) ~ s(pbl12) + s(v10m), data = .)       2823.832
gam(log(value) ~ s(pblmin) + s(v10m), data = .)      3018.222
gam(log(value) ~ s(pblmax) + s(v10m), data = .)      2896.462
gam(log(value) ~ s(wdir) + s(v10m), data = .)        2730.814
gam(log(value) ~ s(wspeed) + s(v10m), data = .)      3078.023
gam(log(value) ~ s(pwspeed) + s(v10m), data = .)     3088.248
gam(log(value) ~ s(jd) + s(v10m), data = .)          2536.945

Modello migliore: jd - v10m 

Variabile scelta jd con AIC 2536.94503036156  

Modelli BACKWARD 

                                                    IT0952A
gam(log(value) ~ s(t2m) + s(jd), data = .)         3093.343
gam(log(value) ~ s(tmin2m) + s(jd), data = .)      3162.066
gam(log(value) ~ s(tmax2m) + s(jd), data = .)      3082.175
gam(log(value) ~ s(tp) + s(jd), data = .)          3125.871
gam(log(value) ~ s(ptp) + s(jd), data = .)         3100.205
gam(log(value) ~ s(rh) + s(jd), data = .)          3023.082
gam(log(value) ~ s(u10m) + s(jd), data = .)        2988.492
gam(log(value) ~ s(sp) + s(jd), data = .)          3052.425
gam(log(value) ~ s(nirradiance) + s(jd), data = .) 3148.647
gam(log(value) ~ s(pbl00) + s(jd), data = .)       2554.794
gam(log(value) ~ s(pbl12) + s(jd), data = .)       2945.738
gam(log(value) ~ s(pblmin) + s(jd), data = .)      2568.290
gam(log(value) ~ s(pblmax) + s(jd), data = .)      2909.832
gam(log(value) ~ s(wdir) + s(jd), data = .)        2858.977
gam(log(value) ~ s(wspeed) + s(jd), data = .)      2553.716
gam(log(value) ~ s(pwspeed) + s(jd), data = .)     2966.661

Modello migliore: wspeed - jd 

Dati backward:  2553.71621484438::wspeed::jd 

Scelgo il modello N 

---------- START ---------- 

                                                              IT0952A
gam(log(value) ~ s(t2m) + s(v10m) + s(jd), data = .)         2499.256
gam(log(value) ~ s(tmin2m) + s(v10m) + s(jd), data = .)      2516.139
gam(log(value) ~ s(tmax2m) + s(v10m) + s(jd), data = .)      2511.206
gam(log(value) ~ s(tp) + s(v10m) + s(jd), data = .)          2512.952
gam(log(value) ~ s(ptp) + s(v10m) + s(jd), data = .)         2511.418
gam(log(value) ~ s(rh) + s(v10m) + s(jd), data = .)          2532.056
gam(log(value) ~ s(u10m) + s(v10m) + s(jd), data = .)        2194.312
gam(log(value) ~ s(sp) + s(v10m) + s(jd), data = .)          2483.176
gam(log(value) ~ s(nirradiance) + s(v10m) + s(jd), data = .) 2472.598
gam(log(value) ~ s(pbl00) + s(v10m) + s(jd), data = .)       2258.434
gam(log(value) ~ s(pbl12) + s(v10m) + s(jd), data = .)       2453.898
gam(log(value) ~ s(pblmin) + s(v10m) + s(jd), data = .)      2375.958
gam(log(value) ~ s(pblmax) + s(v10m) + s(jd), data = .)      2456.737
gam(log(value) ~ s(wdir) + s(v10m) + s(jd), data = .)        2271.782
gam(log(value) ~ s(wspeed) + s(v10m) + s(jd), data = .)      2445.932
gam(log(value) ~ s(pwspeed) + s(v10m) + s(jd), data = .)     2471.168

Modello migliore: u10m - v10m - jd 

Variabile scelta u10m con AIC 2194.31229198903  

Modelli BACKWARD 

                                                                IT0952A
gam(log(value) ~ s(t2m) + s(v10m) + s(u10m), data = .)         2542.788
gam(log(value) ~ s(tmin2m) + s(v10m) + s(u10m), data = .)      2573.504
gam(log(value) ~ s(tmax2m) + s(v10m) + s(u10m), data = .)      2523.611
gam(log(value) ~ s(tp) + s(v10m) + s(u10m), data = .)          2740.024
gam(log(value) ~ s(ptp) + s(v10m) + s(u10m), data = .)         2740.768
gam(log(value) ~ s(rh) + s(v10m) + s(u10m), data = .)          2669.621
gam(log(value) ~ s(sp) + s(v10m) + s(u10m), data = .)          2663.484
gam(log(value) ~ s(nirradiance) + s(v10m) + s(u10m), data = .) 2365.519
gam(log(value) ~ s(pbl00) + s(v10m) + s(u10m), data = .)       2654.874
gam(log(value) ~ s(pbl12) + s(v10m) + s(u10m), data = .)       2612.087
gam(log(value) ~ s(pblmin) + s(v10m) + s(u10m), data = .)      2666.794
gam(log(value) ~ s(pblmax) + s(v10m) + s(u10m), data = .)      2643.230
gam(log(value) ~ s(wdir) + s(v10m) + s(u10m), data = .)        2688.545
gam(log(value) ~ s(wspeed) + s(v10m) + s(u10m), data = .)      2743.242
gam(log(value) ~ s(pwspeed) + s(v10m) + s(u10m), data = .)     2744.759

Modello migliore: nirradiance - v10m - u10m 

Dati backward:  2365.51942616899::nirradiance::v10m::u10m 

Scelgo il modello N 

---------- START ---------- 

                                                                        IT0952A
gam(log(value) ~ s(t2m) + s(v10m) + s(jd) + s(u10m), data = .)         2164.884
gam(log(value) ~ s(tmin2m) + s(v10m) + s(jd) + s(u10m), data = .)      2187.024
gam(log(value) ~ s(tmax2m) + s(v10m) + s(jd) + s(u10m), data = .)      2149.622
gam(log(value) ~ s(tp) + s(v10m) + s(jd) + s(u10m), data = .)          2179.884
gam(log(value) ~ s(ptp) + s(v10m) + s(jd) + s(u10m), data = .)         2180.493
gam(log(value) ~ s(rh) + s(v10m) + s(jd) + s(u10m), data = .)          2195.537
gam(log(value) ~ s(sp) + s(v10m) + s(jd) + s(u10m), data = .)          2188.682
gam(log(value) ~ s(nirradiance) + s(v10m) + s(jd) + s(u10m), data = .) 2130.709
gam(log(value) ~ s(pbl00) + s(v10m) + s(jd) + s(u10m), data = .)       2033.372
gam(log(value) ~ s(pbl12) + s(v10m) + s(jd) + s(u10m), data = .)       2167.774
gam(log(value) ~ s(pblmin) + s(v10m) + s(jd) + s(u10m), data = .)      2084.725
gam(log(value) ~ s(pblmax) + s(v10m) + s(jd) + s(u10m), data = .)      2164.483
gam(log(value) ~ s(wdir) + s(v10m) + s(jd) + s(u10m), data = .)        2143.258
gam(log(value) ~ s(wspeed) + s(v10m) + s(jd) + s(u10m), data = .)      2195.325
gam(log(value) ~ s(pwspeed) + s(v10m) + s(jd) + s(u10m), data = .)     2166.770

Modello migliore: pbl00 - v10m - jd - u10m 

Variabile scelta pbl00 con AIC 2033.37238391427  

Modelli BACKWARD 

                                                                         IT0952A
gam(log(value) ~ s(t2m) + s(v10m) + s(jd) + s(pbl00), data = .)         2233.530
gam(log(value) ~ s(tmin2m) + s(v10m) + s(jd) + s(pbl00), data = .)      2250.632
gam(log(value) ~ s(tmax2m) + s(v10m) + s(jd) + s(pbl00), data = .)      2231.679
gam(log(value) ~ s(tp) + s(v10m) + s(jd) + s(pbl00), data = .)          2256.904
gam(log(value) ~ s(ptp) + s(v10m) + s(jd) + s(pbl00), data = .)         2254.315
gam(log(value) ~ s(rh) + s(v10m) + s(jd) + s(pbl00), data = .)          2257.048
gam(log(value) ~ s(sp) + s(v10m) + s(jd) + s(pbl00), data = .)          2250.288
gam(log(value) ~ s(nirradiance) + s(v10m) + s(jd) + s(pbl00), data = .) 2128.915
gam(log(value) ~ s(pbl12) + s(v10m) + s(jd) + s(pbl00), data = .)       2191.891
gam(log(value) ~ s(pblmin) + s(v10m) + s(jd) + s(pbl00), data = .)      2205.829
gam(log(value) ~ s(pblmax) + s(v10m) + s(jd) + s(pbl00), data = .)      2216.131
gam(log(value) ~ s(wdir) + s(v10m) + s(jd) + s(pbl00), data = .)        2040.543
gam(log(value) ~ s(wspeed) + s(v10m) + s(jd) + s(pbl00), data = .)      2239.721
gam(log(value) ~ s(pwspeed) + s(v10m) + s(jd) + s(pbl00), data = .)     2258.884

Modello migliore: wdir - v10m - jd - pbl00 

Dati backward:  2040.54276625643::wdir::v10m::jd::pbl00 

Scelgo il modello N 

---------- START ---------- 

                                                                                   IT0952A
gam(log(value) ~ s(t2m) + s(v10m) + s(jd) + s(u10m) + s(pbl00), data = .)         2012.192
gam(log(value) ~ s(tmin2m) + s(v10m) + s(jd) + s(u10m) + s(pbl00), data = .)      2030.272
gam(log(value) ~ s(tmax2m) + s(v10m) + s(jd) + s(u10m) + s(pbl00), data = .)      1994.797
gam(log(value) ~ s(tp) + s(v10m) + s(jd) + s(u10m) + s(pbl00), data = .)          2032.522
gam(log(value) ~ s(ptp) + s(v10m) + s(jd) + s(u10m) + s(pbl00), data = .)         2020.202
gam(log(value) ~ s(rh) + s(v10m) + s(jd) + s(u10m) + s(pbl00), data = .)          2035.102
gam(log(value) ~ s(sp) + s(v10m) + s(jd) + s(u10m) + s(pbl00), data = .)          2034.935
gam(log(value) ~ s(nirradiance) + s(v10m) + s(jd) + s(u10m) + s(pbl00), data = .) 1938.558
gam(log(value) ~ s(pbl12) + s(v10m) + s(jd) + s(u10m) + s(pbl00), data = .)       1999.805
gam(log(value) ~ s(pblmin) + s(v10m) + s(jd) + s(u10m) + s(pbl00), data = .)      1979.639
gam(log(value) ~ s(pblmax) + s(v10m) + s(jd) + s(u10m) + s(pbl00), data = .)      2009.733
gam(log(value) ~ s(wdir) + s(v10m) + s(jd) + s(u10m) + s(pbl00), data = .)        1985.650
gam(log(value) ~ s(wspeed) + s(v10m) + s(jd) + s(u10m) + s(pbl00), data = .)      2032.246
gam(log(value) ~ s(pwspeed) + s(v10m) + s(jd) + s(u10m) + s(pbl00), data = .)     2035.130

Modello migliore: nirradiance - v10m - jd - u10m - pbl00 

Variabile scelta nirradiance con AIC 1938.55804813011  

Modelli BACKWARD 

                                                                                     IT0952A
gam(log(value) ~ s(t2m) + s(v10m) + s(jd) + s(u10m) + s(nirradiance), data = .)     2097.737
gam(log(value) ~ s(tmin2m) + s(v10m) + s(jd) + s(u10m) + s(nirradiance), data = .)  2122.400
gam(log(value) ~ s(tmax2m) + s(v10m) + s(jd) + s(u10m) + s(nirradiance), data = .)  2078.910
gam(log(value) ~ s(tp) + s(v10m) + s(jd) + s(u10m) + s(nirradiance), data = .)      2064.476
gam(log(value) ~ s(ptp) + s(v10m) + s(jd) + s(u10m) + s(nirradiance), data = .)     2110.224
gam(log(value) ~ s(rh) + s(v10m) + s(jd) + s(u10m) + s(nirradiance), data = .)      2129.023
gam(log(value) ~ s(sp) + s(v10m) + s(jd) + s(u10m) + s(nirradiance), data = .)      2116.317
gam(log(value) ~ s(pbl12) + s(v10m) + s(jd) + s(u10m) + s(nirradiance), data = .)   2123.351
gam(log(value) ~ s(pblmin) + s(v10m) + s(jd) + s(u10m) + s(nirradiance), data = .)  2002.597
gam(log(value) ~ s(pblmax) + s(v10m) + s(jd) + s(u10m) + s(nirradiance), data = .)  2111.903
gam(log(value) ~ s(wdir) + s(v10m) + s(jd) + s(u10m) + s(nirradiance), data = .)    2069.959
gam(log(value) ~ s(wspeed) + s(v10m) + s(jd) + s(u10m) + s(nirradiance), data = .)  2134.224
gam(log(value) ~ s(pwspeed) + s(v10m) + s(jd) + s(u10m) + s(nirradiance), data = .) 2090.029

Modello migliore: pblmin - v10m - jd - u10m - nirradiance 

Dati backward:  2002.59739244984::pblmin::v10m::jd::u10m::nirradiance 

Scelgo il modello N 

---------- START ---------- 

                                                                                                IT0952A
gam(log(value) ~ s(t2m) + s(v10m) + s(jd) + s(u10m) + s(pbl00) + s(nirradiance), data = .)     1908.043
gam(log(value) ~ s(tmin2m) + s(v10m) + s(jd) + s(u10m) + s(pbl00) + s(nirradiance), data = .)  1934.461
gam(log(value) ~ s(tmax2m) + s(v10m) + s(jd) + s(u10m) + s(pbl00) + s(nirradiance), data = .)  1889.777
gam(log(value) ~ s(tp) + s(v10m) + s(jd) + s(u10m) + s(pbl00) + s(nirradiance), data = .)      1902.826
gam(log(value) ~ s(ptp) + s(v10m) + s(jd) + s(u10m) + s(pbl00) + s(nirradiance), data = .)     1928.233
gam(log(value) ~ s(rh) + s(v10m) + s(jd) + s(u10m) + s(pbl00) + s(nirradiance), data = .)      1914.424
gam(log(value) ~ s(sp) + s(v10m) + s(jd) + s(u10m) + s(pbl00) + s(nirradiance), data = .)      1935.750
gam(log(value) ~ s(pbl12) + s(v10m) + s(jd) + s(u10m) + s(pbl00) + s(nirradiance), data = .)   1917.684
gam(log(value) ~ s(pblmin) + s(v10m) + s(jd) + s(u10m) + s(pbl00) + s(nirradiance), data = .)  1881.972
gam(log(value) ~ s(pblmax) + s(v10m) + s(jd) + s(u10m) + s(pbl00) + s(nirradiance), data = .)  1918.486
gam(log(value) ~ s(wdir) + s(v10m) + s(jd) + s(u10m) + s(pbl00) + s(nirradiance), data = .)    1882.284
gam(log(value) ~ s(wspeed) + s(v10m) + s(jd) + s(u10m) + s(pbl00) + s(nirradiance), data = .)  1938.670
gam(log(value) ~ s(pwspeed) + s(v10m) + s(jd) + s(u10m) + s(pbl00) + s(nirradiance), data = .) 1940.520

Modello migliore: pblmin - v10m - jd - u10m - pbl00 - nirradiance 

Variabile scelta pblmin con AIC 1881.97190559535  

Modelli BACKWARD 

                                                                                           IT0952A
gam(log(value) ~ s(t2m) + s(v10m) + s(jd) + s(u10m) + s(pbl00) + s(pblmin), data = .)     1967.327
gam(log(value) ~ s(tmin2m) + s(v10m) + s(jd) + s(u10m) + s(pbl00) + s(pblmin), data = .)  1976.735
gam(log(value) ~ s(tmax2m) + s(v10m) + s(jd) + s(u10m) + s(pbl00) + s(pblmin), data = .)  1959.895
gam(log(value) ~ s(tp) + s(v10m) + s(jd) + s(u10m) + s(pbl00) + s(pblmin), data = .)      1978.308
gam(log(value) ~ s(ptp) + s(v10m) + s(jd) + s(u10m) + s(pbl00) + s(pblmin), data = .)     1969.808
gam(log(value) ~ s(rh) + s(v10m) + s(jd) + s(u10m) + s(pbl00) + s(pblmin), data = .)      1981.257
gam(log(value) ~ s(sp) + s(v10m) + s(jd) + s(u10m) + s(pbl00) + s(pblmin), data = .)      1980.950
gam(log(value) ~ s(pbl12) + s(v10m) + s(jd) + s(u10m) + s(pbl00) + s(pblmin), data = .)   1943.157
gam(log(value) ~ s(pblmax) + s(v10m) + s(jd) + s(u10m) + s(pbl00) + s(pblmin), data = .)  1952.865
gam(log(value) ~ s(wdir) + s(v10m) + s(jd) + s(u10m) + s(pbl00) + s(pblmin), data = .)    1944.342
gam(log(value) ~ s(wspeed) + s(v10m) + s(jd) + s(u10m) + s(pbl00) + s(pblmin), data = .)  1980.401
gam(log(value) ~ s(pwspeed) + s(v10m) + s(jd) + s(u10m) + s(pbl00) + s(pblmin), data = .) 1981.231

Modello migliore: pbl12 - v10m - jd - u10m - pbl00 - pblmin 

Dati backward:  1943.15689872098::pbl12::v10m::jd::u10m::pbl00::pblmin 

Scelgo il modello N 

---------- START ---------- 

                                                                                                            IT0952A
gam(log(value) ~ s(t2m) + s(v10m) + s(jd) + s(u10m) + s(pbl00) + s(nirradiance) + s(pblmin), data = .)     1863.938
gam(log(value) ~ s(tmin2m) + s(v10m) + s(jd) + s(u10m) + s(pbl00) + s(nirradiance) + s(pblmin), data = .)  1882.435
gam(log(value) ~ s(tmax2m) + s(v10m) + s(jd) + s(u10m) + s(pbl00) + s(nirradiance) + s(pblmin), data = .)  1851.982
gam(log(value) ~ s(tp) + s(v10m) + s(jd) + s(u10m) + s(pbl00) + s(nirradiance) + s(pblmin), data = .)      1844.946
gam(log(value) ~ s(ptp) + s(v10m) + s(jd) + s(u10m) + s(pbl00) + s(nirradiance) + s(pblmin), data = .)     1873.655
gam(log(value) ~ s(rh) + s(v10m) + s(jd) + s(u10m) + s(pbl00) + s(nirradiance) + s(pblmin), data = .)      1856.168
gam(log(value) ~ s(sp) + s(v10m) + s(jd) + s(u10m) + s(pbl00) + s(nirradiance) + s(pblmin), data = .)      1877.665
gam(log(value) ~ s(pbl12) + s(v10m) + s(jd) + s(u10m) + s(pbl00) + s(nirradiance) + s(pblmin), data = .)   1855.719
gam(log(value) ~ s(pblmax) + s(v10m) + s(jd) + s(u10m) + s(pbl00) + s(nirradiance) + s(pblmin), data = .)  1853.278
gam(log(value) ~ s(wdir) + s(v10m) + s(jd) + s(u10m) + s(pbl00) + s(nirradiance) + s(pblmin), data = .)    1833.663
gam(log(value) ~ s(wspeed) + s(v10m) + s(jd) + s(u10m) + s(pbl00) + s(nirradiance) + s(pblmin), data = .)  1881.684
gam(log(value) ~ s(pwspeed) + s(v10m) + s(jd) + s(u10m) + s(pbl00) + s(nirradiance) + s(pblmin), data = .) 1883.893

Modello migliore: wdir - v10m - jd - u10m - pbl00 - nirradiance - pblmin 

Variabile scelta wdir con AIC 1833.66302023229  

Modelli BACKWARD 

                                                                                                          IT0952A
gam(log(value) ~ s(t2m) + s(v10m) + s(jd) + s(u10m) + s(pbl00) + s(nirradiance) + s(wdir), data = .)     1854.203
gam(log(value) ~ s(tmin2m) + s(v10m) + s(jd) + s(u10m) + s(pbl00) + s(nirradiance) + s(wdir), data = .)  1874.668
gam(log(value) ~ s(tmax2m) + s(v10m) + s(jd) + s(u10m) + s(pbl00) + s(nirradiance) + s(wdir), data = .)  1839.671
gam(log(value) ~ s(tp) + s(v10m) + s(jd) + s(u10m) + s(pbl00) + s(nirradiance) + s(wdir), data = .)      1848.194
gam(log(value) ~ s(ptp) + s(v10m) + s(jd) + s(u10m) + s(pbl00) + s(nirradiance) + s(wdir), data = .)     1870.437
gam(log(value) ~ s(rh) + s(v10m) + s(jd) + s(u10m) + s(pbl00) + s(nirradiance) + s(wdir), data = .)      1851.380
gam(log(value) ~ s(sp) + s(v10m) + s(jd) + s(u10m) + s(pbl00) + s(nirradiance) + s(wdir), data = .)      1883.133
gam(log(value) ~ s(pbl12) + s(v10m) + s(jd) + s(u10m) + s(pbl00) + s(nirradiance) + s(wdir), data = .)   1864.842
gam(log(value) ~ s(pblmax) + s(v10m) + s(jd) + s(u10m) + s(pbl00) + s(nirradiance) + s(wdir), data = .)  1862.231
gam(log(value) ~ s(wspeed) + s(v10m) + s(jd) + s(u10m) + s(pbl00) + s(nirradiance) + s(wdir), data = .)  1885.792
gam(log(value) ~ s(pwspeed) + s(v10m) + s(jd) + s(u10m) + s(pbl00) + s(nirradiance) + s(wdir), data = .) 1884.170

Modello migliore: tmax2m - v10m - jd - u10m - pbl00 - nirradiance - wdir 

Dati backward:  1839.67050611031::tmax2m::v10m::jd::u10m::pbl00::nirradiance::wdir 

Scelgo il modello N 

---------- START ---------- 

                                                                                                                      IT0952A
gam(log(value) ~ s(t2m) + s(v10m) + s(jd) + s(u10m) + s(pbl00) + s(nirradiance) + s(pblmin) + s(wdir), data = .)     1815.043
gam(log(value) ~ s(tmin2m) + s(v10m) + s(jd) + s(u10m) + s(pbl00) + s(nirradiance) + s(pblmin) + s(wdir), data = .)  1829.480
gam(log(value) ~ s(tmax2m) + s(v10m) + s(jd) + s(u10m) + s(pbl00) + s(nirradiance) + s(pblmin) + s(wdir), data = .)  1807.810
gam(log(value) ~ s(tp) + s(v10m) + s(jd) + s(u10m) + s(pbl00) + s(nirradiance) + s(pblmin) + s(wdir), data = .)      1800.602
gam(log(value) ~ s(ptp) + s(v10m) + s(jd) + s(u10m) + s(pbl00) + s(nirradiance) + s(pblmin) + s(wdir), data = .)     1824.623
gam(log(value) ~ s(rh) + s(v10m) + s(jd) + s(u10m) + s(pbl00) + s(nirradiance) + s(pblmin) + s(wdir), data = .)      1803.297
gam(log(value) ~ s(sp) + s(v10m) + s(jd) + s(u10m) + s(pbl00) + s(nirradiance) + s(pblmin) + s(wdir), data = .)      1833.410
gam(log(value) ~ s(pbl12) + s(v10m) + s(jd) + s(u10m) + s(pbl00) + s(nirradiance) + s(pblmin) + s(wdir), data = .)   1814.159
gam(log(value) ~ s(pblmax) + s(v10m) + s(jd) + s(u10m) + s(pbl00) + s(nirradiance) + s(pblmin) + s(wdir), data = .)  1809.769
gam(log(value) ~ s(wspeed) + s(v10m) + s(jd) + s(u10m) + s(pbl00) + s(nirradiance) + s(pblmin) + s(wdir), data = .)  1834.120
gam(log(value) ~ s(pwspeed) + s(v10m) + s(jd) + s(u10m) + s(pbl00) + s(nirradiance) + s(pblmin) + s(wdir), data = .) 1835.629

Modello migliore: tp - v10m - jd - u10m - pbl00 - nirradiance - pblmin - wdir 

Variabile scelta tp con AIC 1800.60155714236  

Modelli BACKWARD 

                                                                                                                    IT0952A
gam(log(value) ~ s(t2m) + s(v10m) + s(jd) + s(u10m) + s(pbl00) + s(nirradiance) + s(pblmin) + s(tp), data = .)     1826.690
gam(log(value) ~ s(tmin2m) + s(v10m) + s(jd) + s(u10m) + s(pbl00) + s(nirradiance) + s(pblmin) + s(tp), data = .)  1845.164
gam(log(value) ~ s(tmax2m) + s(v10m) + s(jd) + s(u10m) + s(pbl00) + s(nirradiance) + s(pblmin) + s(tp), data = .)  1818.655
gam(log(value) ~ s(ptp) + s(v10m) + s(jd) + s(u10m) + s(pbl00) + s(nirradiance) + s(pblmin) + s(tp), data = .)     1832.615
gam(log(value) ~ s(rh) + s(v10m) + s(jd) + s(u10m) + s(pbl00) + s(nirradiance) + s(pblmin) + s(tp), data = .)      1829.367
gam(log(value) ~ s(sp) + s(v10m) + s(jd) + s(u10m) + s(pbl00) + s(nirradiance) + s(pblmin) + s(tp), data = .)      1843.354
gam(log(value) ~ s(pbl12) + s(v10m) + s(jd) + s(u10m) + s(pbl00) + s(nirradiance) + s(pblmin) + s(tp), data = .)   1817.342
gam(log(value) ~ s(pblmax) + s(v10m) + s(jd) + s(u10m) + s(pbl00) + s(nirradiance) + s(pblmin) + s(tp), data = .)  1815.325
gam(log(value) ~ s(wspeed) + s(v10m) + s(jd) + s(u10m) + s(pbl00) + s(nirradiance) + s(pblmin) + s(tp), data = .)  1848.542
gam(log(value) ~ s(pwspeed) + s(v10m) + s(jd) + s(u10m) + s(pbl00) + s(nirradiance) + s(pblmin) + s(tp), data = .) 1846.500

Modello migliore: pblmax - v10m - jd - u10m - pbl00 - nirradiance - pblmin - tp 

Dati backward:  1815.32548007847::pblmax::v10m::jd::u10m::pbl00::nirradiance::pblmin::tp 

Scelgo il modello N 

---------- START ---------- 

                                                                                                                              IT0952A
gam(log(value) ~ s(t2m) + s(v10m) + s(jd) + s(u10m) + s(pbl00) + s(nirradiance) + s(pblmin) + s(wdir) + s(tp), data = .)     1781.822
gam(log(value) ~ s(tmin2m) + s(v10m) + s(jd) + s(u10m) + s(pbl00) + s(nirradiance) + s(pblmin) + s(wdir) + s(tp), data = .)  1795.479
gam(log(value) ~ s(tmax2m) + s(v10m) + s(jd) + s(u10m) + s(pbl00) + s(nirradiance) + s(pblmin) + s(wdir) + s(tp), data = .)  1776.516
gam(log(value) ~ s(ptp) + s(v10m) + s(jd) + s(u10m) + s(pbl00) + s(nirradiance) + s(pblmin) + s(wdir) + s(tp), data = .)     1787.312
gam(log(value) ~ s(rh) + s(v10m) + s(jd) + s(u10m) + s(pbl00) + s(nirradiance) + s(pblmin) + s(wdir) + s(tp), data = .)      1780.918
gam(log(value) ~ s(sp) + s(v10m) + s(jd) + s(u10m) + s(pbl00) + s(nirradiance) + s(pblmin) + s(wdir) + s(tp), data = .)      1801.027
gam(log(value) ~ s(pbl12) + s(v10m) + s(jd) + s(u10m) + s(pbl00) + s(nirradiance) + s(pblmin) + s(wdir) + s(tp), data = .)   1777.438
gam(log(value) ~ s(pblmax) + s(v10m) + s(jd) + s(u10m) + s(pbl00) + s(nirradiance) + s(pblmin) + s(wdir) + s(tp), data = .)  1774.112
gam(log(value) ~ s(wspeed) + s(v10m) + s(jd) + s(u10m) + s(pbl00) + s(nirradiance) + s(pblmin) + s(wdir) + s(tp), data = .)  1801.472
gam(log(value) ~ s(pwspeed) + s(v10m) + s(jd) + s(u10m) + s(pbl00) + s(nirradiance) + s(pblmin) + s(wdir) + s(tp), data = .) 1802.147

Modello migliore: pblmax - v10m - jd - u10m - pbl00 - nirradiance - pblmin - wdir - tp 

Variabile scelta pblmax con AIC 1774.11213620209  

Modelli BACKWARD 

                                                                                                                                  IT0952A
gam(log(value) ~ s(t2m) + s(v10m) + s(jd) + s(u10m) + s(pbl00) + s(nirradiance) + s(pblmin) + s(wdir) + s(pblmax), data = .)     1796.399
gam(log(value) ~ s(tmin2m) + s(v10m) + s(jd) + s(u10m) + s(pbl00) + s(nirradiance) + s(pblmin) + s(wdir) + s(pblmax), data = .)  1806.095
gam(log(value) ~ s(tmax2m) + s(v10m) + s(jd) + s(u10m) + s(pbl00) + s(nirradiance) + s(pblmin) + s(wdir) + s(pblmax), data = .)  1790.307
gam(log(value) ~ s(ptp) + s(v10m) + s(jd) + s(u10m) + s(pbl00) + s(nirradiance) + s(pblmin) + s(wdir) + s(pblmax), data = .)     1798.317
gam(log(value) ~ s(rh) + s(v10m) + s(jd) + s(u10m) + s(pbl00) + s(nirradiance) + s(pblmin) + s(wdir) + s(pblmax), data = .)      1772.413
gam(log(value) ~ s(sp) + s(v10m) + s(jd) + s(u10m) + s(pbl00) + s(nirradiance) + s(pblmin) + s(wdir) + s(pblmax), data = .)      1808.890
gam(log(value) ~ s(pbl12) + s(v10m) + s(jd) + s(u10m) + s(pbl00) + s(nirradiance) + s(pblmin) + s(wdir) + s(pblmax), data = .)   1810.729
gam(log(value) ~ s(wspeed) + s(v10m) + s(jd) + s(u10m) + s(pbl00) + s(nirradiance) + s(pblmin) + s(wdir) + s(pblmax), data = .)  1811.289
gam(log(value) ~ s(pwspeed) + s(v10m) + s(jd) + s(u10m) + s(pbl00) + s(nirradiance) + s(pblmin) + s(wdir) + s(pblmax), data = .) 1812.349

Modello migliore: rh - v10m - jd - u10m - pbl00 - nirradiance - pblmin - wdir - pblmax 

Dati backward:  1772.41316320226::rh::v10m::jd::u10m::pbl00::nirradiance::pblmin::wdir::pblmax 

Scelgo il modello N 

---------- START ---------- 

                                                                                                                                          IT0952A
gam(log(value) ~ s(t2m) + s(v10m) + s(jd) + s(u10m) + s(pbl00) + s(nirradiance) + s(pblmin) + s(wdir) + s(tp) + s(pblmax), data = .)     1760.188
gam(log(value) ~ s(tmin2m) + s(v10m) + s(jd) + s(u10m) + s(pbl00) + s(nirradiance) + s(pblmin) + s(wdir) + s(tp) + s(pblmax), data = .)  1769.033
gam(log(value) ~ s(tmax2m) + s(v10m) + s(jd) + s(u10m) + s(pbl00) + s(nirradiance) + s(pblmin) + s(wdir) + s(tp) + s(pblmax), data = .)  1756.629
gam(log(value) ~ s(ptp) + s(v10m) + s(jd) + s(u10m) + s(pbl00) + s(nirradiance) + s(pblmin) + s(wdir) + s(tp) + s(pblmax), data = .)     1755.278
gam(log(value) ~ s(rh) + s(v10m) + s(jd) + s(u10m) + s(pbl00) + s(nirradiance) + s(pblmin) + s(wdir) + s(tp) + s(pblmax), data = .)      1755.522
gam(log(value) ~ s(sp) + s(v10m) + s(jd) + s(u10m) + s(pbl00) + s(nirradiance) + s(pblmin) + s(wdir) + s(tp) + s(pblmax), data = .)      1771.194
gam(log(value) ~ s(pbl12) + s(v10m) + s(jd) + s(u10m) + s(pbl00) + s(nirradiance) + s(pblmin) + s(wdir) + s(tp) + s(pblmax), data = .)   1774.411
gam(log(value) ~ s(wspeed) + s(v10m) + s(jd) + s(u10m) + s(pbl00) + s(nirradiance) + s(pblmin) + s(wdir) + s(tp) + s(pblmax), data = .)  1778.379
gam(log(value) ~ s(pwspeed) + s(v10m) + s(jd) + s(u10m) + s(pbl00) + s(nirradiance) + s(pblmin) + s(wdir) + s(tp) + s(pblmax), data = .) 1775.215

Modello migliore: ptp - v10m - jd - u10m - pbl00 - nirradiance - pblmin - wdir - tp - pblmax 

Variabile scelta ptp con AIC 1755.27844280175  

Modelli BACKWARD 

                                                                                                                                       IT0952A
gam(log(value) ~ s(t2m) + s(v10m) + s(jd) + s(u10m) + s(pbl00) + s(nirradiance) + s(pblmin) + s(wdir) + s(tp) + s(ptp), data = .)     1767.291
gam(log(value) ~ s(tmin2m) + s(v10m) + s(jd) + s(u10m) + s(pbl00) + s(nirradiance) + s(pblmin) + s(wdir) + s(tp) + s(ptp), data = .)  1780.632
gam(log(value) ~ s(tmax2m) + s(v10m) + s(jd) + s(u10m) + s(pbl00) + s(nirradiance) + s(pblmin) + s(wdir) + s(tp) + s(ptp), data = .)  1761.475
gam(log(value) ~ s(rh) + s(v10m) + s(jd) + s(u10m) + s(pbl00) + s(nirradiance) + s(pblmin) + s(wdir) + s(tp) + s(ptp), data = .)      1764.799
gam(log(value) ~ s(sp) + s(v10m) + s(jd) + s(u10m) + s(pbl00) + s(nirradiance) + s(pblmin) + s(wdir) + s(tp) + s(ptp), data = .)      1788.260
gam(log(value) ~ s(pbl12) + s(v10m) + s(jd) + s(u10m) + s(pbl00) + s(nirradiance) + s(pblmin) + s(wdir) + s(tp) + s(ptp), data = .)   1758.565
gam(log(value) ~ s(wspeed) + s(v10m) + s(jd) + s(u10m) + s(pbl00) + s(nirradiance) + s(pblmin) + s(wdir) + s(tp) + s(ptp), data = .)  1788.180
gam(log(value) ~ s(pwspeed) + s(v10m) + s(jd) + s(u10m) + s(pbl00) + s(nirradiance) + s(pblmin) + s(wdir) + s(tp) + s(ptp), data = .) 1789.012

Modello migliore: pbl12 - v10m - jd - u10m - pbl00 - nirradiance - pblmin - wdir - tp - ptp 

Dati backward:  1758.56537253593::pbl12::v10m::jd::u10m::pbl00::nirradiance::pblmin::wdir::tp::ptp 

Scelgo il modello N 

---------- START ---------- 

                                                                                                                                                   IT0952A
gam(log(value) ~ s(t2m) + s(v10m) + s(jd) + s(u10m) + s(pbl00) + s(nirradiance) + s(pblmin) + s(wdir) + s(tp) + s(pblmax) + s(ptp), data = .)     1739.900
gam(log(value) ~ s(tmin2m) + s(v10m) + s(jd) + s(u10m) + s(pbl00) + s(nirradiance) + s(pblmin) + s(wdir) + s(tp) + s(pblmax) + s(ptp), data = .)  1746.849
gam(log(value) ~ s(tmax2m) + s(v10m) + s(jd) + s(u10m) + s(pbl00) + s(nirradiance) + s(pblmin) + s(wdir) + s(tp) + s(pblmax) + s(ptp), data = .)  1736.005
gam(log(value) ~ s(rh) + s(v10m) + s(jd) + s(u10m) + s(pbl00) + s(nirradiance) + s(pblmin) + s(wdir) + s(tp) + s(pblmax) + s(ptp), data = .)      1730.864
gam(log(value) ~ s(sp) + s(v10m) + s(jd) + s(u10m) + s(pbl00) + s(nirradiance) + s(pblmin) + s(wdir) + s(tp) + s(pblmax) + s(ptp), data = .)      1754.755
gam(log(value) ~ s(pbl12) + s(v10m) + s(jd) + s(u10m) + s(pbl00) + s(nirradiance) + s(pblmin) + s(wdir) + s(tp) + s(pblmax) + s(ptp), data = .)   1755.284
gam(log(value) ~ s(wspeed) + s(v10m) + s(jd) + s(u10m) + s(pbl00) + s(nirradiance) + s(pblmin) + s(wdir) + s(tp) + s(pblmax) + s(ptp), data = .)  1756.221
gam(log(value) ~ s(pwspeed) + s(v10m) + s(jd) + s(u10m) + s(pbl00) + s(nirradiance) + s(pblmin) + s(wdir) + s(tp) + s(pblmax) + s(ptp), data = .) 1756.911

Modello migliore: rh - v10m - jd - u10m - pbl00 - nirradiance - pblmin - wdir - tp - pblmax - ptp 

Variabile scelta rh con AIC 1730.86417271952  

Modelli BACKWARD 

                                                                                                                                                  IT0952A
gam(log(value) ~ s(t2m) + s(v10m) + s(jd) + s(u10m) + s(pbl00) + s(nirradiance) + s(pblmin) + s(wdir) + s(tp) + s(pblmax) + s(rh), data = .)     1745.080
gam(log(value) ~ s(tmin2m) + s(v10m) + s(jd) + s(u10m) + s(pbl00) + s(nirradiance) + s(pblmin) + s(wdir) + s(tp) + s(pblmax) + s(rh), data = .)  1753.928
gam(log(value) ~ s(tmax2m) + s(v10m) + s(jd) + s(u10m) + s(pbl00) + s(nirradiance) + s(pblmin) + s(wdir) + s(tp) + s(pblmax) + s(rh), data = .)  1744.484
gam(log(value) ~ s(sp) + s(v10m) + s(jd) + s(u10m) + s(pbl00) + s(nirradiance) + s(pblmin) + s(wdir) + s(tp) + s(pblmax) + s(rh), data = .)      1752.108
gam(log(value) ~ s(pbl12) + s(v10m) + s(jd) + s(u10m) + s(pbl00) + s(nirradiance) + s(pblmin) + s(wdir) + s(tp) + s(pblmax) + s(rh), data = .)   1754.493
gam(log(value) ~ s(wspeed) + s(v10m) + s(jd) + s(u10m) + s(pbl00) + s(nirradiance) + s(pblmin) + s(wdir) + s(tp) + s(pblmax) + s(rh), data = .)  1758.344
gam(log(value) ~ s(pwspeed) + s(v10m) + s(jd) + s(u10m) + s(pbl00) + s(nirradiance) + s(pblmin) + s(wdir) + s(tp) + s(pblmax) + s(rh), data = .) 1757.051

[1] "Modello migliore: tmax2m - v10m - jd - u10m - pbl00 - nirradiance - pblmin - wdir - tp - pblmax - rh"

[1] "Dati backward:  1744.4836483116::tmax2m::v10m::jd::u10m::pbl00::nirradiance::pblmin::wdir::tp::pblmax::rh"

Scelgo il modello N 

---------- START ---------- 

                                                                                                                                                           IT0952A
gam(log(value) ~ s(t2m) + s(v10m) + s(jd) + s(u10m) + s(pbl00) + s(nirradiance) + s(pblmin) + s(wdir) + s(tp) + s(pblmax) + s(ptp) + s(rh), data = .)     1721.666
gam(log(value) ~ s(tmin2m) + s(v10m) + s(jd) + s(u10m) + s(pbl00) + s(nirradiance) + s(pblmin) + s(wdir) + s(tp) + s(pblmax) + s(ptp) + s(rh), data = .)  1728.474
gam(log(value) ~ s(tmax2m) + s(v10m) + s(jd) + s(u10m) + s(pbl00) + s(nirradiance) + s(pblmin) + s(wdir) + s(tp) + s(pblmax) + s(ptp) + s(rh), data = .)  1720.895
gam(log(value) ~ s(sp) + s(v10m) + s(jd) + s(u10m) + s(pbl00) + s(nirradiance) + s(pblmin) + s(wdir) + s(tp) + s(pblmax) + s(ptp) + s(rh), data = .)      1730.756
gam(log(value) ~ s(pbl12) + s(v10m) + s(jd) + s(u10m) + s(pbl00) + s(nirradiance) + s(pblmin) + s(wdir) + s(tp) + s(pblmax) + s(ptp) + s(rh), data = .)   1729.292
gam(log(value) ~ s(wspeed) + s(v10m) + s(jd) + s(u10m) + s(pbl00) + s(nirradiance) + s(pblmin) + s(wdir) + s(tp) + s(pblmax) + s(ptp) + s(rh), data = .)  1731.962
gam(log(value) ~ s(pwspeed) + s(v10m) + s(jd) + s(u10m) + s(pbl00) + s(nirradiance) + s(pblmin) + s(wdir) + s(tp) + s(pblmax) + s(ptp) + s(rh), data = .) 1731.298

[1] "Modello migliore: tmax2m - v10m - jd - u10m - pbl00 - nirradiance - pblmin - wdir - tp - pblmax - ptp - rh"

Variabile scelta tmax2m con AIC 1720.89457335145  

Modelli BACKWARD 

                                                                                                                                                               IT0952A
gam(log(value) ~ s(t2m) + s(v10m) + s(jd) + s(u10m) + s(pbl00) + s(nirradiance) + s(pblmin) + s(wdir) + s(tp) + s(pblmax) + s(ptp) + s(tmax2m), data = .)     1697.916
gam(log(value) ~ s(tmin2m) + s(v10m) + s(jd) + s(u10m) + s(pbl00) + s(nirradiance) + s(pblmin) + s(wdir) + s(tp) + s(pblmax) + s(ptp) + s(tmax2m), data = .)  1687.887
gam(log(value) ~ s(sp) + s(v10m) + s(jd) + s(u10m) + s(pbl00) + s(nirradiance) + s(pblmin) + s(wdir) + s(tp) + s(pblmax) + s(ptp) + s(tmax2m), data = .)      1732.683
gam(log(value) ~ s(pbl12) + s(v10m) + s(jd) + s(u10m) + s(pbl00) + s(nirradiance) + s(pblmin) + s(wdir) + s(tp) + s(pblmax) + s(ptp) + s(tmax2m), data = .)   1738.214
gam(log(value) ~ s(wspeed) + s(v10m) + s(jd) + s(u10m) + s(pbl00) + s(nirradiance) + s(pblmin) + s(wdir) + s(tp) + s(pblmax) + s(ptp) + s(tmax2m), data = .)  1737.540
gam(log(value) ~ s(pwspeed) + s(v10m) + s(jd) + s(u10m) + s(pbl00) + s(nirradiance) + s(pblmin) + s(wdir) + s(tp) + s(pblmax) + s(ptp) + s(tmax2m), data = .) 1737.793

[1] "Modello migliore: tmin2m - v10m - jd - u10m - pbl00 - nirradiance - pblmin - wdir - tp - pblmax - ptp - tmax2m"

[1] "Dati backward:  1687.88732489275::tmin2m::v10m::jd::u10m::pbl00::nirradiance::pblmin::wdir::tp::pblmax::ptp::tmax2m"

Scelgo il modello N-1 

---------- START ---------- 

                                                                                                                                                           IT0952A
gam(log(value) ~ s(t2m) + s(v10m) + s(jd) + s(u10m) + s(pbl00) + s(nirradiance) + s(pblmin) + s(wdir) + s(tp) + s(pblmax) + s(ptp) + s(rh), data = .)     1721.666
gam(log(value) ~ s(tmin2m) + s(v10m) + s(jd) + s(u10m) + s(pbl00) + s(nirradiance) + s(pblmin) + s(wdir) + s(tp) + s(pblmax) + s(ptp) + s(rh), data = .)  1728.474
gam(log(value) ~ s(sp) + s(v10m) + s(jd) + s(u10m) + s(pbl00) + s(nirradiance) + s(pblmin) + s(wdir) + s(tp) + s(pblmax) + s(ptp) + s(rh), data = .)      1730.756
gam(log(value) ~ s(pbl12) + s(v10m) + s(jd) + s(u10m) + s(pbl00) + s(nirradiance) + s(pblmin) + s(wdir) + s(tp) + s(pblmax) + s(ptp) + s(rh), data = .)   1729.292
gam(log(value) ~ s(wspeed) + s(v10m) + s(jd) + s(u10m) + s(pbl00) + s(nirradiance) + s(pblmin) + s(wdir) + s(tp) + s(pblmax) + s(ptp) + s(rh), data = .)  1731.962
gam(log(value) ~ s(pwspeed) + s(v10m) + s(jd) + s(u10m) + s(pbl00) + s(nirradiance) + s(pblmin) + s(wdir) + s(tp) + s(pblmax) + s(ptp) + s(rh), data = .) 1731.298

[1] "Modello migliore: t2m - v10m - jd - u10m - pbl00 - nirradiance - pblmin - wdir - tp - pblmax - ptp - rh"

Variabile scelta t2m con AIC 1721.66620024102  

Fine per scelta MODELLO 

v10m + jd + u10m + pbl00 + nirradiance + pblmin + wdir + tp + pblmax + ptp + rh 

---------------------- 

NOTE: Log Print Time:  2021-05-11 11:53:58 
NOTE: Elapsed Time in seconds: 3.20383367141088 

Fine per scelta MODELLO 

v10m + jd + u10m + pbl00 + nirradiance + pblmin + wdir + tp + pblmax + ptp + rh 

---------------------- 

NOTE: Log Print Time:  2021-05-11 11:53:58 
NOTE: Elapsed Time in seconds: 0.00112581253051758 

Fine per scelta MODELLO 

v10m + jd + u10m + pbl00 + nirradiance + pblmin + wdir + tp + pblmax + ptp + rh 

---------------------- 

NOTE: Log Print Time:  2021-05-11 11:53:58 
NOTE: Elapsed Time in seconds: 0.000993728637695312 

Fine per scelta MODELLO 

v10m + jd + u10m + pbl00 + nirradiance + pblmin + wdir + tp + pblmax + ptp + rh 

---------------------- 

NOTE: Log Print Time:  2021-05-11 11:53:58 
NOTE: Elapsed Time in seconds: 0.000993251800537109 

Fine per scelta MODELLO 

v10m + jd + u10m + pbl00 + nirradiance + pblmin + wdir + tp + pblmax + ptp + rh 

---------------------- 

NOTE: Log Print Time:  2021-05-11 11:53:58 
NOTE: Elapsed Time in seconds: 0.00103569030761719 

Fine per scelta MODELLO 

v10m + jd + u10m + pbl00 + nirradiance + pblmin + wdir + tp + pblmax + ptp + rh 

---------------------- 

NOTE: Log Print Time:  2021-05-11 11:53:58 
NOTE: Elapsed Time in seconds: 0.00100588798522949 

Fine per scelta MODELLO 

v10m + jd + u10m + pbl00 + nirradiance + pblmin + wdir + tp + pblmax + ptp + rh 

---------------------- 

NOTE: Log Print Time:  2021-05-11 11:53:58 
NOTE: Elapsed Time in seconds: 0.000984907150268555 

Fine per scelta MODELLO 

v10m + jd + u10m + pbl00 + nirradiance + pblmin + wdir + tp + pblmax + ptp + rh 

---------------------- 

NOTE: Log Print Time:  2021-05-11 11:53:58 
NOTE: Elapsed Time in seconds: 0.000983476638793945 

Fine per scelta MODELLO 

v10m + jd + u10m + pbl00 + nirradiance + pblmin + wdir + tp + pblmax + ptp + rh 

---------------------- 

NOTE: Log Print Time:  2021-05-11 11:53:58 
NOTE: Elapsed Time in seconds: 0.000995874404907227 

Fine per scelta MODELLO 

v10m + jd + u10m + pbl00 + nirradiance + pblmin + wdir + tp + pblmax + ptp + rh 

---------------------- 

NOTE: Log Print Time:  2021-05-11 11:53:58 
NOTE: Elapsed Time in seconds: 0.000985860824584961 

Fine per scelta MODELLO 

v10m + jd + u10m + pbl00 + nirradiance + pblmin + wdir + tp + pblmax + ptp + rh 

---------------------- 

NOTE: Log Print Time:  2021-05-11 11:53:58 
NOTE: Elapsed Time in seconds: 0.000984668731689453 

Fine per scelta MODELLO 

v10m + jd + u10m + pbl00 + nirradiance + pblmin + wdir + tp + pblmax + ptp + rh 

---------------------- 

NOTE: Log Print Time:  2021-05-11 11:53:58 
NOTE: Elapsed Time in seconds: 0.000989437103271484 

========================================================================= 
Log End Time: 2021-05-11 11:53:58 
Log Elapsed Time: 0 00:00:03 
========================================================================= 
