========================================================================= 
Log Path: output/12/no2/log/pulvirus_no2_12_IT2173A.log 
Working Directory: /home/rmorelli/R/pulvirus/analisi/GAM/scelta 
User Name: rmorelli 
R Version: 4.0.5 (2021-03-31) 
Machine: pasqualino x86_64 
Operating System: Linux 4.19.0-13-amd64 #1 SMP Debian 4.19.160-2 (2020-11-28) 
Log Start Time: 2021-05-11 11:09:33 
========================================================================= 

Stazione: IT2173A 

---------- START ---------- 

                                            IT2173A
gam(log(value) ~ s(t2m), data = .)         2564.523
gam(log(value) ~ s(tmin2m), data = .)      2525.246
gam(log(value) ~ s(tmax2m), data = .)      2607.858
gam(log(value) ~ s(tp), data = .)          2542.940
gam(log(value) ~ s(ptp), data = .)         2643.028
gam(log(value) ~ s(rh), data = .)          2695.461
gam(log(value) ~ s(u10m), data = .)        2430.148
gam(log(value) ~ s(v10m), data = .)        2393.124
gam(log(value) ~ s(sp), data = .)          2412.565
gam(log(value) ~ s(nirradiance), data = .) 2551.011
gam(log(value) ~ s(pbl00), data = .)       2577.317
gam(log(value) ~ s(pbl12), data = .)       2492.968
gam(log(value) ~ s(pblmin), data = .)      2488.325
gam(log(value) ~ s(pblmax), data = .)      2603.558
gam(log(value) ~ s(wdir), data = .)        2439.942
gam(log(value) ~ s(wspeed), data = .)      2457.685
gam(log(value) ~ s(pwspeed), data = .)     2669.847
gam(log(value) ~ s(jd), data = .)          2322.300

Modello migliore: jd 

Variabile scelta jd con AIC 2322.30000816841  

---------- START ---------- 

                                                    IT2173A
gam(log(value) ~ s(t2m) + s(jd), data = .)         2276.812
gam(log(value) ~ s(tmin2m) + s(jd), data = .)      2246.788
gam(log(value) ~ s(tmax2m) + s(jd), data = .)      2259.030
gam(log(value) ~ s(tp) + s(jd), data = .)          2006.348
gam(log(value) ~ s(ptp) + s(jd), data = .)         2196.806
gam(log(value) ~ s(rh) + s(jd), data = .)          2291.214
gam(log(value) ~ s(u10m) + s(jd), data = .)        1851.236
gam(log(value) ~ s(v10m) + s(jd), data = .)        1977.030
gam(log(value) ~ s(sp) + s(jd), data = .)          2030.162
gam(log(value) ~ s(nirradiance) + s(jd), data = .) 2212.249
gam(log(value) ~ s(pbl00) + s(jd), data = .)       2005.114
gam(log(value) ~ s(pbl12) + s(jd), data = .)       2086.641
gam(log(value) ~ s(pblmin) + s(jd), data = .)      1822.044
gam(log(value) ~ s(pblmax) + s(jd), data = .)      2096.399
gam(log(value) ~ s(wdir) + s(jd), data = .)        2123.636
gam(log(value) ~ s(wspeed) + s(jd), data = .)      1768.010
gam(log(value) ~ s(pwspeed) + s(jd), data = .)     2207.189
gam(log(value) ~ s(jd) + s(jd), data = .)          2322.300

Modello migliore: wspeed - jd 

Variabile scelta wspeed con AIC 1768.00961092002  

Modelli BACKWARD 

                                                        IT2173A
gam(log(value) ~ s(t2m) + s(wspeed), data = .)         2230.813
gam(log(value) ~ s(tmin2m) + s(wspeed), data = .)      2230.268
gam(log(value) ~ s(tmax2m) + s(wspeed), data = .)      2252.243
gam(log(value) ~ s(tp) + s(wspeed), data = .)          2412.688
gam(log(value) ~ s(ptp) + s(wspeed), data = .)         2445.421
gam(log(value) ~ s(rh) + s(wspeed), data = .)          2457.205
gam(log(value) ~ s(u10m) + s(wspeed), data = .)        2345.777
gam(log(value) ~ s(v10m) + s(wspeed), data = .)        2184.761
gam(log(value) ~ s(sp) + s(wspeed), data = .)          2233.858
gam(log(value) ~ s(nirradiance) + s(wspeed), data = .) 2140.783
gam(log(value) ~ s(pbl00) + s(wspeed), data = .)       2418.984
gam(log(value) ~ s(pbl12) + s(wspeed), data = .)       2346.177
gam(log(value) ~ s(pblmin) + s(wspeed), data = .)      2424.926
gam(log(value) ~ s(pblmax) + s(wspeed), data = .)      2438.723
gam(log(value) ~ s(wdir) + s(wspeed), data = .)        2192.468
gam(log(value) ~ s(pwspeed) + s(wspeed), data = .)     2455.811

Modello migliore: nirradiance - wspeed 

Dati backward:  2140.78334663399::nirradiance::wspeed 

Scelgo il modello N 

---------- START ---------- 

                                                                IT2173A
gam(log(value) ~ s(t2m) + s(jd) + s(wspeed), data = .)         1738.047
gam(log(value) ~ s(tmin2m) + s(jd) + s(wspeed), data = .)      1735.501
gam(log(value) ~ s(tmax2m) + s(jd) + s(wspeed), data = .)      1722.566
gam(log(value) ~ s(tp) + s(jd) + s(wspeed), data = .)          1652.754
gam(log(value) ~ s(ptp) + s(jd) + s(wspeed), data = .)         1721.041
gam(log(value) ~ s(rh) + s(jd) + s(wspeed), data = .)          1710.007
gam(log(value) ~ s(u10m) + s(jd) + s(wspeed), data = .)        1636.948
gam(log(value) ~ s(v10m) + s(jd) + s(wspeed), data = .)        1597.702
gam(log(value) ~ s(sp) + s(jd) + s(wspeed), data = .)          1650.209
gam(log(value) ~ s(nirradiance) + s(jd) + s(wspeed), data = .) 1739.871
gam(log(value) ~ s(pbl00) + s(jd) + s(wspeed), data = .)       1655.739
gam(log(value) ~ s(pbl12) + s(jd) + s(wspeed), data = .)       1726.761
gam(log(value) ~ s(pblmin) + s(jd) + s(wspeed), data = .)      1657.513
gam(log(value) ~ s(pblmax) + s(jd) + s(wspeed), data = .)      1736.209
gam(log(value) ~ s(wdir) + s(jd) + s(wspeed), data = .)        1602.446
gam(log(value) ~ s(pwspeed) + s(jd) + s(wspeed), data = .)     1740.261

Modello migliore: v10m - jd - wspeed 

Variabile scelta v10m con AIC 1597.70199544625  

Modelli BACKWARD 

                                                              IT2173A
gam(log(value) ~ s(t2m) + s(jd) + s(v10m), data = .)         1953.547
gam(log(value) ~ s(tmin2m) + s(jd) + s(v10m), data = .)      1929.205
gam(log(value) ~ s(tmax2m) + s(jd) + s(v10m), data = .)      1939.779
gam(log(value) ~ s(tp) + s(jd) + s(v10m), data = .)          1776.891
gam(log(value) ~ s(ptp) + s(jd) + s(v10m), data = .)         1882.986
gam(log(value) ~ s(rh) + s(jd) + s(v10m), data = .)          1972.723
gam(log(value) ~ s(u10m) + s(jd) + s(v10m), data = .)        1493.611
gam(log(value) ~ s(sp) + s(jd) + s(v10m), data = .)          1797.338
gam(log(value) ~ s(nirradiance) + s(jd) + s(v10m), data = .) 1906.468
gam(log(value) ~ s(pbl00) + s(jd) + s(v10m), data = .)       1744.708
gam(log(value) ~ s(pbl12) + s(jd) + s(v10m), data = .)       1807.839
gam(log(value) ~ s(pblmin) + s(jd) + s(v10m), data = .)      1630.350
gam(log(value) ~ s(pblmax) + s(jd) + s(v10m), data = .)      1810.646
gam(log(value) ~ s(wdir) + s(jd) + s(v10m), data = .)        1785.113
gam(log(value) ~ s(pwspeed) + s(jd) + s(v10m), data = .)     1906.583

Modello migliore: u10m - jd - v10m 

Dati backward:  1493.6111972177::u10m::jd::v10m 

Scelgo il modello N 

---------- START ---------- 

                                                                          IT2173A
gam(log(value) ~ s(t2m) + s(jd) + s(wspeed) + s(v10m), data = .)         1578.608
gam(log(value) ~ s(tmin2m) + s(jd) + s(wspeed) + s(v10m), data = .)      1581.859
gam(log(value) ~ s(tmax2m) + s(jd) + s(wspeed) + s(v10m), data = .)      1556.749
gam(log(value) ~ s(tp) + s(jd) + s(wspeed) + s(v10m), data = .)          1513.181
gam(log(value) ~ s(ptp) + s(jd) + s(wspeed) + s(v10m), data = .)         1539.469
gam(log(value) ~ s(rh) + s(jd) + s(wspeed) + s(v10m), data = .)          1586.004
gam(log(value) ~ s(u10m) + s(jd) + s(wspeed) + s(v10m), data = .)        1473.430
gam(log(value) ~ s(sp) + s(jd) + s(wspeed) + s(v10m), data = .)          1517.327
gam(log(value) ~ s(nirradiance) + s(jd) + s(wspeed) + s(v10m), data = .) 1571.410
gam(log(value) ~ s(pbl00) + s(jd) + s(wspeed) + s(v10m), data = .)       1480.604
gam(log(value) ~ s(pbl12) + s(jd) + s(wspeed) + s(v10m), data = .)       1561.679
gam(log(value) ~ s(pblmin) + s(jd) + s(wspeed) + s(v10m), data = .)      1480.206
gam(log(value) ~ s(pblmax) + s(jd) + s(wspeed) + s(v10m), data = .)      1553.961
gam(log(value) ~ s(wdir) + s(jd) + s(wspeed) + s(v10m), data = .)        1561.636
gam(log(value) ~ s(pwspeed) + s(jd) + s(wspeed) + s(v10m), data = .)     1566.673

Modello migliore: u10m - jd - wspeed - v10m 

Variabile scelta u10m con AIC 1473.42999438047  

Modelli BACKWARD 

                                                                          IT2173A
gam(log(value) ~ s(t2m) + s(jd) + s(wspeed) + s(u10m), data = .)         1610.534
gam(log(value) ~ s(tmin2m) + s(jd) + s(wspeed) + s(u10m), data = .)      1592.278
gam(log(value) ~ s(tmax2m) + s(jd) + s(wspeed) + s(u10m), data = .)      1604.296
gam(log(value) ~ s(tp) + s(jd) + s(wspeed) + s(u10m), data = .)          1518.622
gam(log(value) ~ s(ptp) + s(jd) + s(wspeed) + s(u10m), data = .)         1581.935
gam(log(value) ~ s(rh) + s(jd) + s(wspeed) + s(u10m), data = .)          1574.646
gam(log(value) ~ s(sp) + s(jd) + s(wspeed) + s(u10m), data = .)          1486.331
gam(log(value) ~ s(nirradiance) + s(jd) + s(wspeed) + s(u10m), data = .) 1608.885
gam(log(value) ~ s(pbl00) + s(jd) + s(wspeed) + s(u10m), data = .)       1523.087
gam(log(value) ~ s(pbl12) + s(jd) + s(wspeed) + s(u10m), data = .)       1578.863
gam(log(value) ~ s(pblmin) + s(jd) + s(wspeed) + s(u10m), data = .)      1522.559
gam(log(value) ~ s(pblmax) + s(jd) + s(wspeed) + s(u10m), data = .)      1587.911
gam(log(value) ~ s(wdir) + s(jd) + s(wspeed) + s(u10m), data = .)        1459.671
gam(log(value) ~ s(pwspeed) + s(jd) + s(wspeed) + s(u10m), data = .)     1615.868

Modello migliore: wdir - jd - wspeed - u10m 

Dati backward:  1459.67117960904::wdir::jd::wspeed::u10m 

Scelgo il modello N 

---------- START ---------- 

                                                                                    IT2173A
gam(log(value) ~ s(t2m) + s(jd) + s(wspeed) + s(v10m) + s(u10m), data = .)         1454.491
gam(log(value) ~ s(tmin2m) + s(jd) + s(wspeed) + s(v10m) + s(u10m), data = .)      1451.207
gam(log(value) ~ s(tmax2m) + s(jd) + s(wspeed) + s(v10m) + s(u10m), data = .)      1435.101
gam(log(value) ~ s(tp) + s(jd) + s(wspeed) + s(v10m) + s(u10m), data = .)          1386.990
gam(log(value) ~ s(ptp) + s(jd) + s(wspeed) + s(v10m) + s(u10m), data = .)         1402.379
gam(log(value) ~ s(rh) + s(jd) + s(wspeed) + s(v10m) + s(u10m), data = .)          1462.591
gam(log(value) ~ s(sp) + s(jd) + s(wspeed) + s(v10m) + s(u10m), data = .)          1365.531
gam(log(value) ~ s(nirradiance) + s(jd) + s(wspeed) + s(v10m) + s(u10m), data = .) 1447.302
gam(log(value) ~ s(pbl00) + s(jd) + s(wspeed) + s(v10m) + s(u10m), data = .)       1358.923
gam(log(value) ~ s(pbl12) + s(jd) + s(wspeed) + s(v10m) + s(u10m), data = .)       1416.317
gam(log(value) ~ s(pblmin) + s(jd) + s(wspeed) + s(v10m) + s(u10m), data = .)      1357.574
gam(log(value) ~ s(pblmax) + s(jd) + s(wspeed) + s(v10m) + s(u10m), data = .)      1409.241
gam(log(value) ~ s(wdir) + s(jd) + s(wspeed) + s(v10m) + s(u10m), data = .)        1438.141
gam(log(value) ~ s(pwspeed) + s(jd) + s(wspeed) + s(v10m) + s(u10m), data = .)     1447.575

Modello migliore: pblmin - jd - wspeed - v10m - u10m 

Variabile scelta pblmin con AIC 1357.57354998581  

Modelli BACKWARD 

                                                                                      IT2173A
gam(log(value) ~ s(t2m) + s(jd) + s(wspeed) + s(v10m) + s(pblmin), data = .)         1469.801
gam(log(value) ~ s(tmin2m) + s(jd) + s(wspeed) + s(v10m) + s(pblmin), data = .)      1467.937
gam(log(value) ~ s(tmax2m) + s(jd) + s(wspeed) + s(v10m) + s(pblmin), data = .)      1456.428
gam(log(value) ~ s(tp) + s(jd) + s(wspeed) + s(v10m) + s(pblmin), data = .)          1431.266
gam(log(value) ~ s(ptp) + s(jd) + s(wspeed) + s(v10m) + s(pblmin), data = .)         1453.898
gam(log(value) ~ s(rh) + s(jd) + s(wspeed) + s(v10m) + s(pblmin), data = .)          1471.157
gam(log(value) ~ s(sp) + s(jd) + s(wspeed) + s(v10m) + s(pblmin), data = .)          1428.307
gam(log(value) ~ s(nirradiance) + s(jd) + s(wspeed) + s(v10m) + s(pblmin), data = .) 1458.572
gam(log(value) ~ s(pbl00) + s(jd) + s(wspeed) + s(v10m) + s(pblmin), data = .)       1441.826
gam(log(value) ~ s(pbl12) + s(jd) + s(wspeed) + s(v10m) + s(pblmin), data = .)       1468.286
gam(log(value) ~ s(pblmax) + s(jd) + s(wspeed) + s(v10m) + s(pblmin), data = .)      1470.736
gam(log(value) ~ s(wdir) + s(jd) + s(wspeed) + s(v10m) + s(pblmin), data = .)        1446.670
gam(log(value) ~ s(pwspeed) + s(jd) + s(wspeed) + s(v10m) + s(pblmin), data = .)     1465.115

Modello migliore: sp - jd - wspeed - v10m - pblmin 

Dati backward:  1428.30734325554::sp::jd::wspeed::v10m::pblmin 

Scelgo il modello N-1 

---------- START ---------- 

                                                                                    IT2173A
gam(log(value) ~ s(t2m) + s(jd) + s(wspeed) + s(v10m) + s(u10m), data = .)         1454.491
gam(log(value) ~ s(tmin2m) + s(jd) + s(wspeed) + s(v10m) + s(u10m), data = .)      1451.207
gam(log(value) ~ s(tmax2m) + s(jd) + s(wspeed) + s(v10m) + s(u10m), data = .)      1435.101
gam(log(value) ~ s(tp) + s(jd) + s(wspeed) + s(v10m) + s(u10m), data = .)          1386.990
gam(log(value) ~ s(ptp) + s(jd) + s(wspeed) + s(v10m) + s(u10m), data = .)         1402.379
gam(log(value) ~ s(rh) + s(jd) + s(wspeed) + s(v10m) + s(u10m), data = .)          1462.591
gam(log(value) ~ s(sp) + s(jd) + s(wspeed) + s(v10m) + s(u10m), data = .)          1365.531
gam(log(value) ~ s(nirradiance) + s(jd) + s(wspeed) + s(v10m) + s(u10m), data = .) 1447.302
gam(log(value) ~ s(pbl00) + s(jd) + s(wspeed) + s(v10m) + s(u10m), data = .)       1358.923
gam(log(value) ~ s(pbl12) + s(jd) + s(wspeed) + s(v10m) + s(u10m), data = .)       1416.317
gam(log(value) ~ s(pblmax) + s(jd) + s(wspeed) + s(v10m) + s(u10m), data = .)      1409.241
gam(log(value) ~ s(wdir) + s(jd) + s(wspeed) + s(v10m) + s(u10m), data = .)        1438.141
gam(log(value) ~ s(pwspeed) + s(jd) + s(wspeed) + s(v10m) + s(u10m), data = .)     1447.575

Modello migliore: pbl00 - jd - wspeed - v10m - u10m 

Variabile scelta pbl00 con AIC 1358.92325277143  

Fine per scelta MODELLO 

jd + wspeed + v10m + u10m 

---------------------- 

NOTE: Log Print Time:  2021-05-11 11:10:25 
NOTE: Elapsed Time in seconds: 52.0155804157257 

Fine per scelta MODELLO 

jd + wspeed + v10m + u10m 

---------------------- 

NOTE: Log Print Time:  2021-05-11 11:10:25 
NOTE: Elapsed Time in seconds: 0.00108861923217773 

Fine per scelta MODELLO 

jd + wspeed + v10m + u10m 

---------------------- 

NOTE: Log Print Time:  2021-05-11 11:10:25 
NOTE: Elapsed Time in seconds: 0.000992059707641602 

Fine per scelta MODELLO 

jd + wspeed + v10m + u10m 

---------------------- 

NOTE: Log Print Time:  2021-05-11 11:10:25 
NOTE: Elapsed Time in seconds: 0.000981330871582031 

Fine per scelta MODELLO 

jd + wspeed + v10m + u10m 

---------------------- 

NOTE: Log Print Time:  2021-05-11 11:10:25 
NOTE: Elapsed Time in seconds: 0.000976324081420898 

========================================================================= 
Log End Time: 2021-05-11 11:10:25 
Log Elapsed Time: 0 00:00:52 
========================================================================= 
