========================================================================= 
Log Path: output/12/no2/log/pulvirus_no2_12_IT2171A.log 
Working Directory: /home/rmorelli/R/pulvirus/analisi/GAM/scelta 
User Name: rmorelli 
R Version: 4.0.5 (2021-03-31) 
Machine: pasqualino x86_64 
Operating System: Linux 4.19.0-13-amd64 #1 SMP Debian 4.19.160-2 (2020-11-28) 
Log Start Time: 2021-05-11 11:04:53 
========================================================================= 

Stazione: IT2171A 

---------- START ---------- 

                                            IT2171A
gam(log(value) ~ s(t2m), data = .)         2245.091
gam(log(value) ~ s(tmin2m), data = .)      2256.506
gam(log(value) ~ s(tmax2m), data = .)      2260.472
gam(log(value) ~ s(tp), data = .)          2232.357
gam(log(value) ~ s(ptp), data = .)         2288.043
gam(log(value) ~ s(rh), data = .)          2315.328
gam(log(value) ~ s(u10m), data = .)        2277.041
gam(log(value) ~ s(v10m), data = .)        1777.754
gam(log(value) ~ s(sp), data = .)          2059.984
gam(log(value) ~ s(nirradiance), data = .) 2264.601
gam(log(value) ~ s(pbl00), data = .)       2224.604
gam(log(value) ~ s(pbl12), data = .)       2141.616
gam(log(value) ~ s(pblmin), data = .)      2153.298
gam(log(value) ~ s(pblmax), data = .)      2203.809
gam(log(value) ~ s(wdir), data = .)        2015.746
gam(log(value) ~ s(wspeed), data = .)      2059.842
gam(log(value) ~ s(pwspeed), data = .)     2309.179
gam(log(value) ~ s(jd), data = .)          1941.030

Modello migliore: v10m 

Variabile scelta v10m con AIC 1777.75415157894  

---------- START ---------- 

                                                      IT2171A
gam(log(value) ~ s(t2m) + s(v10m), data = .)         1717.710
gam(log(value) ~ s(tmin2m) + s(v10m), data = .)      1728.201
gam(log(value) ~ s(tmax2m) + s(v10m), data = .)      1701.506
gam(log(value) ~ s(tp) + s(v10m), data = .)          1766.093
gam(log(value) ~ s(ptp) + s(v10m), data = .)         1775.654
gam(log(value) ~ s(rh) + s(v10m), data = .)          1764.252
gam(log(value) ~ s(u10m) + s(v10m), data = .)        1756.344
gam(log(value) ~ s(v10m) + s(v10m), data = .)        1777.754
gam(log(value) ~ s(sp) + s(v10m), data = .)          1598.817
gam(log(value) ~ s(nirradiance) + s(v10m), data = .) 1577.424
gam(log(value) ~ s(pbl00) + s(v10m), data = .)       1773.975
gam(log(value) ~ s(pbl12) + s(v10m), data = .)       1777.794
gam(log(value) ~ s(pblmin) + s(v10m), data = .)      1777.798
gam(log(value) ~ s(pblmax) + s(v10m), data = .)      1779.593
gam(log(value) ~ s(wdir) + s(v10m), data = .)        1733.830
gam(log(value) ~ s(wspeed) + s(v10m), data = .)      1773.079
gam(log(value) ~ s(pwspeed) + s(v10m), data = .)     1775.497
gam(log(value) ~ s(jd) + s(v10m), data = .)          1127.329

Modello migliore: jd - v10m 

Variabile scelta jd con AIC 1127.32864927638  

Modelli BACKWARD 

                                                    IT2171A
gam(log(value) ~ s(t2m) + s(jd), data = .)         1873.860
gam(log(value) ~ s(tmin2m) + s(jd), data = .)      1897.964
gam(log(value) ~ s(tmax2m) + s(jd), data = .)      1863.912
gam(log(value) ~ s(tp) + s(jd), data = .)          1790.312
gam(log(value) ~ s(ptp) + s(jd), data = .)         1882.325
gam(log(value) ~ s(rh) + s(jd), data = .)          1928.612
gam(log(value) ~ s(u10m) + s(jd), data = .)        1797.951
gam(log(value) ~ s(sp) + s(jd), data = .)          1677.061
gam(log(value) ~ s(nirradiance) + s(jd), data = .) 1907.848
gam(log(value) ~ s(pbl00) + s(jd), data = .)       1699.273
gam(log(value) ~ s(pbl12) + s(jd), data = .)       1507.322
gam(log(value) ~ s(pblmin) + s(jd), data = .)      1524.046
gam(log(value) ~ s(pblmax) + s(jd), data = .)      1600.419
gam(log(value) ~ s(wdir) + s(jd), data = .)        1574.653
gam(log(value) ~ s(wspeed) + s(jd), data = .)      1428.505
gam(log(value) ~ s(pwspeed) + s(jd), data = .)     1892.004

Modello migliore: wspeed - jd 

Dati backward:  1428.504534972::wspeed::jd 

Scelgo il modello N 

---------- START ---------- 

                                                              IT2171A
gam(log(value) ~ s(t2m) + s(v10m) + s(jd), data = .)         1118.100
gam(log(value) ~ s(tmin2m) + s(v10m) + s(jd), data = .)      1129.136
gam(log(value) ~ s(tmax2m) + s(v10m) + s(jd), data = .)      1096.337
gam(log(value) ~ s(tp) + s(v10m) + s(jd), data = .)          1093.313
gam(log(value) ~ s(ptp) + s(v10m) + s(jd), data = .)         1118.288
gam(log(value) ~ s(rh) + s(v10m) + s(jd), data = .)          1109.398
gam(log(value) ~ s(u10m) + s(v10m) + s(jd), data = .)        1093.161
gam(log(value) ~ s(sp) + s(v10m) + s(jd), data = .)          1000.596
gam(log(value) ~ s(nirradiance) + s(v10m) + s(jd), data = .) 1099.042
gam(log(value) ~ s(pbl00) + s(v10m) + s(jd), data = .)       1097.710
gam(log(value) ~ s(pbl12) + s(v10m) + s(jd), data = .)       1075.153
gam(log(value) ~ s(pblmin) + s(v10m) + s(jd), data = .)      1083.985
gam(log(value) ~ s(pblmax) + s(v10m) + s(jd), data = .)      1082.483
gam(log(value) ~ s(wdir) + s(v10m) + s(jd), data = .)        1077.595
gam(log(value) ~ s(wspeed) + s(v10m) + s(jd), data = .)      1094.279
gam(log(value) ~ s(pwspeed) + s(v10m) + s(jd), data = .)     1128.265

Modello migliore: sp - v10m - jd 

Variabile scelta sp con AIC 1000.59633484003  

Modelli BACKWARD 

                                                              IT2171A
gam(log(value) ~ s(t2m) + s(v10m) + s(sp), data = .)         1571.258
gam(log(value) ~ s(tmin2m) + s(v10m) + s(sp), data = .)      1583.641
gam(log(value) ~ s(tmax2m) + s(v10m) + s(sp), data = .)      1552.550
gam(log(value) ~ s(tp) + s(v10m) + s(sp), data = .)          1582.885
gam(log(value) ~ s(ptp) + s(v10m) + s(sp), data = .)         1592.162
gam(log(value) ~ s(rh) + s(v10m) + s(sp), data = .)          1596.770
gam(log(value) ~ s(u10m) + s(v10m) + s(sp), data = .)        1598.460
gam(log(value) ~ s(nirradiance) + s(v10m) + s(sp), data = .) 1463.440
gam(log(value) ~ s(pbl00) + s(v10m) + s(sp), data = .)       1587.924
gam(log(value) ~ s(pbl12) + s(v10m) + s(sp), data = .)       1601.121
gam(log(value) ~ s(pblmin) + s(v10m) + s(sp), data = .)      1600.968
gam(log(value) ~ s(pblmax) + s(v10m) + s(sp), data = .)      1597.401
gam(log(value) ~ s(wdir) + s(v10m) + s(sp), data = .)        1576.427
gam(log(value) ~ s(wspeed) + s(v10m) + s(sp), data = .)      1594.054
gam(log(value) ~ s(pwspeed) + s(v10m) + s(sp), data = .)     1591.422

Modello migliore: nirradiance - v10m - sp 

Dati backward:  1463.44032966428::nirradiance::v10m::sp 

Scelgo il modello N 

---------- START ---------- 

                                                                       IT2171A
gam(log(value) ~ s(t2m) + s(v10m) + s(jd) + s(sp), data = .)         1001.5993
gam(log(value) ~ s(tmin2m) + s(v10m) + s(jd) + s(sp), data = .)      1001.9805
gam(log(value) ~ s(tmax2m) + s(v10m) + s(jd) + s(sp), data = .)       976.6999
gam(log(value) ~ s(tp) + s(v10m) + s(jd) + s(sp), data = .)           982.8775
gam(log(value) ~ s(ptp) + s(v10m) + s(jd) + s(sp), data = .)          993.3138
gam(log(value) ~ s(rh) + s(v10m) + s(jd) + s(sp), data = .)           994.1821
gam(log(value) ~ s(u10m) + s(v10m) + s(jd) + s(sp), data = .)         991.2442
gam(log(value) ~ s(nirradiance) + s(v10m) + s(jd) + s(sp), data = .)  955.5691
gam(log(value) ~ s(pbl00) + s(v10m) + s(jd) + s(sp), data = .)        989.3881
gam(log(value) ~ s(pbl12) + s(v10m) + s(jd) + s(sp), data = .)        980.8224
gam(log(value) ~ s(pblmin) + s(v10m) + s(jd) + s(sp), data = .)       986.6931
gam(log(value) ~ s(pblmax) + s(v10m) + s(jd) + s(sp), data = .)       992.5593
gam(log(value) ~ s(wdir) + s(v10m) + s(jd) + s(sp), data = .)         962.6826
gam(log(value) ~ s(wspeed) + s(v10m) + s(jd) + s(sp), data = .)       983.7785
gam(log(value) ~ s(pwspeed) + s(v10m) + s(jd) + s(sp), data = .)     1001.0646

Modello migliore: nirradiance - v10m - jd - sp 

Variabile scelta nirradiance con AIC 955.569069771709  

Modelli BACKWARD 

                                                                           IT2171A
gam(log(value) ~ s(t2m) + s(v10m) + s(jd) + s(nirradiance), data = .)     1091.156
gam(log(value) ~ s(tmin2m) + s(v10m) + s(jd) + s(nirradiance), data = .)  1100.332
gam(log(value) ~ s(tmax2m) + s(v10m) + s(jd) + s(nirradiance), data = .)  1066.383
gam(log(value) ~ s(tp) + s(v10m) + s(jd) + s(nirradiance), data = .)      1019.933
gam(log(value) ~ s(ptp) + s(v10m) + s(jd) + s(nirradiance), data = .)     1072.723
gam(log(value) ~ s(rh) + s(v10m) + s(jd) + s(nirradiance), data = .)      1072.745
gam(log(value) ~ s(u10m) + s(v10m) + s(jd) + s(nirradiance), data = .)    1061.232
gam(log(value) ~ s(pbl00) + s(v10m) + s(jd) + s(nirradiance), data = .)   1054.508
gam(log(value) ~ s(pbl12) + s(v10m) + s(jd) + s(nirradiance), data = .)   1020.771
gam(log(value) ~ s(pblmin) + s(v10m) + s(jd) + s(nirradiance), data = .)  1034.516
gam(log(value) ~ s(pblmax) + s(v10m) + s(jd) + s(nirradiance), data = .)  1020.355
gam(log(value) ~ s(wdir) + s(v10m) + s(jd) + s(nirradiance), data = .)    1041.505
gam(log(value) ~ s(wspeed) + s(v10m) + s(jd) + s(nirradiance), data = .)  1059.390
gam(log(value) ~ s(pwspeed) + s(v10m) + s(jd) + s(nirradiance), data = .) 1098.242

Modello migliore: tp - v10m - jd - nirradiance 

Dati backward:  1019.93330475794::tp::v10m::jd::nirradiance 

Scelgo il modello N 

---------- START ---------- 

                                                                                   IT2171A
gam(log(value) ~ s(t2m) + s(v10m) + s(jd) + s(sp) + s(nirradiance), data = .)     944.2336
gam(log(value) ~ s(tmin2m) + s(v10m) + s(jd) + s(sp) + s(nirradiance), data = .)  955.8739
gam(log(value) ~ s(tmax2m) + s(v10m) + s(jd) + s(sp) + s(nirradiance), data = .)  925.4374
gam(log(value) ~ s(tp) + s(v10m) + s(jd) + s(sp) + s(nirradiance), data = .)      920.0372
gam(log(value) ~ s(ptp) + s(v10m) + s(jd) + s(sp) + s(nirradiance), data = .)     947.6331
gam(log(value) ~ s(rh) + s(v10m) + s(jd) + s(sp) + s(nirradiance), data = .)      943.5302
gam(log(value) ~ s(u10m) + s(v10m) + s(jd) + s(sp) + s(nirradiance), data = .)    939.7426
gam(log(value) ~ s(pbl00) + s(v10m) + s(jd) + s(sp) + s(nirradiance), data = .)   934.4381
gam(log(value) ~ s(pbl12) + s(v10m) + s(jd) + s(sp) + s(nirradiance), data = .)   913.2155
gam(log(value) ~ s(pblmin) + s(v10m) + s(jd) + s(sp) + s(nirradiance), data = .)  923.9731
gam(log(value) ~ s(pblmax) + s(v10m) + s(jd) + s(sp) + s(nirradiance), data = .)  922.7376
gam(log(value) ~ s(wdir) + s(v10m) + s(jd) + s(sp) + s(nirradiance), data = .)    907.5824
gam(log(value) ~ s(wspeed) + s(v10m) + s(jd) + s(sp) + s(nirradiance), data = .)  937.0456
gam(log(value) ~ s(pwspeed) + s(v10m) + s(jd) + s(sp) + s(nirradiance), data = .) 957.3337

Modello migliore: wdir - v10m - jd - sp - nirradiance 

Variabile scelta wdir con AIC 907.582397586653  

Modelli BACKWARD 

                                                                            IT2171A
gam(log(value) ~ s(t2m) + s(v10m) + s(jd) + s(sp) + s(wdir), data = .)     953.6905
gam(log(value) ~ s(tmin2m) + s(v10m) + s(jd) + s(sp) + s(wdir), data = .)  964.1130
gam(log(value) ~ s(tmax2m) + s(v10m) + s(jd) + s(sp) + s(wdir), data = .)  931.8668
gam(log(value) ~ s(tp) + s(v10m) + s(jd) + s(sp) + s(wdir), data = .)      943.7836
gam(log(value) ~ s(ptp) + s(v10m) + s(jd) + s(sp) + s(wdir), data = .)     953.8552
gam(log(value) ~ s(rh) + s(v10m) + s(jd) + s(sp) + s(wdir), data = .)      959.8017
gam(log(value) ~ s(u10m) + s(v10m) + s(jd) + s(sp) + s(wdir), data = .)    950.9301
gam(log(value) ~ s(pbl00) + s(v10m) + s(jd) + s(sp) + s(wdir), data = .)   953.2166
gam(log(value) ~ s(pbl12) + s(v10m) + s(jd) + s(sp) + s(wdir), data = .)   945.0322
gam(log(value) ~ s(pblmin) + s(v10m) + s(jd) + s(sp) + s(wdir), data = .)  947.4596
gam(log(value) ~ s(pblmax) + s(v10m) + s(jd) + s(sp) + s(wdir), data = .)  956.6560
gam(log(value) ~ s(wspeed) + s(v10m) + s(jd) + s(sp) + s(wdir), data = .)  944.3556
gam(log(value) ~ s(pwspeed) + s(v10m) + s(jd) + s(sp) + s(wdir), data = .) 962.5321

Modello migliore: tmax2m - v10m - jd - sp - wdir 

Dati backward:  931.866761598077::tmax2m::v10m::jd::sp::wdir 

Scelgo il modello N 

---------- START ---------- 

                                                                                             IT2171A
gam(log(value) ~ s(t2m) + s(v10m) + s(jd) + s(sp) + s(nirradiance) + s(wdir), data = .)     894.8411
gam(log(value) ~ s(tmin2m) + s(v10m) + s(jd) + s(sp) + s(nirradiance) + s(wdir), data = .)  908.1301
gam(log(value) ~ s(tmax2m) + s(v10m) + s(jd) + s(sp) + s(nirradiance) + s(wdir), data = .)  874.6863
gam(log(value) ~ s(tp) + s(v10m) + s(jd) + s(sp) + s(nirradiance) + s(wdir), data = .)      870.0863
gam(log(value) ~ s(ptp) + s(v10m) + s(jd) + s(sp) + s(nirradiance) + s(wdir), data = .)     898.6924
gam(log(value) ~ s(rh) + s(v10m) + s(jd) + s(sp) + s(nirradiance) + s(wdir), data = .)      897.8044
gam(log(value) ~ s(u10m) + s(v10m) + s(jd) + s(sp) + s(nirradiance) + s(wdir), data = .)    891.3038
gam(log(value) ~ s(pbl00) + s(v10m) + s(jd) + s(sp) + s(nirradiance) + s(wdir), data = .)   887.6529
gam(log(value) ~ s(pbl12) + s(v10m) + s(jd) + s(sp) + s(nirradiance) + s(wdir), data = .)   866.1212
gam(log(value) ~ s(pblmin) + s(v10m) + s(jd) + s(sp) + s(nirradiance) + s(wdir), data = .)  872.5976
gam(log(value) ~ s(pblmax) + s(v10m) + s(jd) + s(sp) + s(nirradiance) + s(wdir), data = .)  879.2062
gam(log(value) ~ s(wspeed) + s(v10m) + s(jd) + s(sp) + s(nirradiance) + s(wdir), data = .)  888.3820
gam(log(value) ~ s(pwspeed) + s(v10m) + s(jd) + s(sp) + s(nirradiance) + s(wdir), data = .) 908.5720

Modello migliore: pbl12 - v10m - jd - sp - nirradiance - wdir 

Variabile scelta pbl12 con AIC 866.121238176383  

Modelli BACKWARD 

                                                                                              IT2171A
gam(log(value) ~ s(t2m) + s(v10m) + s(jd) + s(sp) + s(nirradiance) + s(pbl12), data = .)     902.1735
gam(log(value) ~ s(tmin2m) + s(v10m) + s(jd) + s(sp) + s(nirradiance) + s(pbl12), data = .)  914.7515
gam(log(value) ~ s(tmax2m) + s(v10m) + s(jd) + s(sp) + s(nirradiance) + s(pbl12), data = .)  885.9489
gam(log(value) ~ s(tp) + s(v10m) + s(jd) + s(sp) + s(nirradiance) + s(pbl12), data = .)      877.8573
gam(log(value) ~ s(ptp) + s(v10m) + s(jd) + s(sp) + s(nirradiance) + s(pbl12), data = .)     903.4238
gam(log(value) ~ s(rh) + s(v10m) + s(jd) + s(sp) + s(nirradiance) + s(pbl12), data = .)      888.8282
gam(log(value) ~ s(u10m) + s(v10m) + s(jd) + s(sp) + s(nirradiance) + s(pbl12), data = .)    902.7557
gam(log(value) ~ s(pbl00) + s(v10m) + s(jd) + s(sp) + s(nirradiance) + s(pbl12), data = .)   905.3218
gam(log(value) ~ s(pblmin) + s(v10m) + s(jd) + s(sp) + s(nirradiance) + s(pbl12), data = .)  908.0275
gam(log(value) ~ s(pblmax) + s(v10m) + s(jd) + s(sp) + s(nirradiance) + s(pbl12), data = .)  913.4703
gam(log(value) ~ s(wspeed) + s(v10m) + s(jd) + s(sp) + s(nirradiance) + s(pbl12), data = .)  895.6859
gam(log(value) ~ s(pwspeed) + s(v10m) + s(jd) + s(sp) + s(nirradiance) + s(pbl12), data = .) 914.2563

Modello migliore: tp - v10m - jd - sp - nirradiance - pbl12 

Dati backward:  877.857332813322::tp::v10m::jd::sp::nirradiance::pbl12 

Scelgo il modello N 

---------- START ---------- 

                                                                                                        IT2171A
gam(log(value) ~ s(t2m) + s(v10m) + s(jd) + s(sp) + s(nirradiance) + s(wdir) + s(pbl12), data = .)     852.8083
gam(log(value) ~ s(tmin2m) + s(v10m) + s(jd) + s(sp) + s(nirradiance) + s(wdir) + s(pbl12), data = .)  867.6500
gam(log(value) ~ s(tmax2m) + s(v10m) + s(jd) + s(sp) + s(nirradiance) + s(wdir) + s(pbl12), data = .)  834.8486
gam(log(value) ~ s(tp) + s(v10m) + s(jd) + s(sp) + s(nirradiance) + s(wdir) + s(pbl12), data = .)      828.2084
gam(log(value) ~ s(ptp) + s(v10m) + s(jd) + s(sp) + s(nirradiance) + s(wdir) + s(pbl12), data = .)     855.3629
gam(log(value) ~ s(rh) + s(v10m) + s(jd) + s(sp) + s(nirradiance) + s(wdir) + s(pbl12), data = .)      840.3595
gam(log(value) ~ s(u10m) + s(v10m) + s(jd) + s(sp) + s(nirradiance) + s(wdir) + s(pbl12), data = .)    855.1895
gam(log(value) ~ s(pbl00) + s(v10m) + s(jd) + s(sp) + s(nirradiance) + s(wdir) + s(pbl12), data = .)   860.5209
gam(log(value) ~ s(pblmin) + s(v10m) + s(jd) + s(sp) + s(nirradiance) + s(wdir) + s(pbl12), data = .)  858.9145
gam(log(value) ~ s(pblmax) + s(v10m) + s(jd) + s(sp) + s(nirradiance) + s(wdir) + s(pbl12), data = .)  867.6043
gam(log(value) ~ s(wspeed) + s(v10m) + s(jd) + s(sp) + s(nirradiance) + s(wdir) + s(pbl12), data = .)  845.9368
gam(log(value) ~ s(pwspeed) + s(v10m) + s(jd) + s(sp) + s(nirradiance) + s(wdir) + s(pbl12), data = .) 866.4456

Modello migliore: tp - v10m - jd - sp - nirradiance - wdir - pbl12 

Variabile scelta tp con AIC 828.208399916181  

Modelli BACKWARD 

                                                                                                     IT2171A
gam(log(value) ~ s(t2m) + s(v10m) + s(jd) + s(sp) + s(nirradiance) + s(wdir) + s(tp), data = .)     859.1655
gam(log(value) ~ s(tmin2m) + s(v10m) + s(jd) + s(sp) + s(nirradiance) + s(wdir) + s(tp), data = .)  870.7549
gam(log(value) ~ s(tmax2m) + s(v10m) + s(jd) + s(sp) + s(nirradiance) + s(wdir) + s(tp), data = .)  837.6352
gam(log(value) ~ s(ptp) + s(v10m) + s(jd) + s(sp) + s(nirradiance) + s(wdir) + s(tp), data = .)     863.7733
gam(log(value) ~ s(rh) + s(v10m) + s(jd) + s(sp) + s(nirradiance) + s(wdir) + s(tp), data = .)      858.5646
gam(log(value) ~ s(u10m) + s(v10m) + s(jd) + s(sp) + s(nirradiance) + s(wdir) + s(tp), data = .)    856.5988
gam(log(value) ~ s(pbl00) + s(v10m) + s(jd) + s(sp) + s(nirradiance) + s(wdir) + s(tp), data = .)   853.4539
gam(log(value) ~ s(pblmin) + s(v10m) + s(jd) + s(sp) + s(nirradiance) + s(wdir) + s(tp), data = .)  839.4847
gam(log(value) ~ s(pblmax) + s(v10m) + s(jd) + s(sp) + s(nirradiance) + s(wdir) + s(tp), data = .)  845.5978
gam(log(value) ~ s(wspeed) + s(v10m) + s(jd) + s(sp) + s(nirradiance) + s(wdir) + s(tp), data = .)  853.2779
gam(log(value) ~ s(pwspeed) + s(v10m) + s(jd) + s(sp) + s(nirradiance) + s(wdir) + s(tp), data = .) 870.2089

Modello migliore: tmax2m - v10m - jd - sp - nirradiance - wdir - tp 

Dati backward:  837.63519454087::tmax2m::v10m::jd::sp::nirradiance::wdir::tp 

Scelgo il modello N 

---------- START ---------- 

                                                                                                                IT2171A
gam(log(value) ~ s(t2m) + s(v10m) + s(jd) + s(sp) + s(nirradiance) + s(wdir) + s(pbl12) + s(tp), data = .)     816.2480
gam(log(value) ~ s(tmin2m) + s(v10m) + s(jd) + s(sp) + s(nirradiance) + s(wdir) + s(pbl12) + s(tp), data = .)  830.2181
gam(log(value) ~ s(tmax2m) + s(v10m) + s(jd) + s(sp) + s(nirradiance) + s(wdir) + s(pbl12) + s(tp), data = .)  798.2836
gam(log(value) ~ s(ptp) + s(v10m) + s(jd) + s(sp) + s(nirradiance) + s(wdir) + s(pbl12) + s(tp), data = .)     819.2076
gam(log(value) ~ s(rh) + s(v10m) + s(jd) + s(sp) + s(nirradiance) + s(wdir) + s(pbl12) + s(tp), data = .)      801.6535
gam(log(value) ~ s(u10m) + s(v10m) + s(jd) + s(sp) + s(nirradiance) + s(wdir) + s(pbl12) + s(tp), data = .)    819.2802
gam(log(value) ~ s(pbl00) + s(v10m) + s(jd) + s(sp) + s(nirradiance) + s(wdir) + s(pbl12) + s(tp), data = .)   824.0130
gam(log(value) ~ s(pblmin) + s(v10m) + s(jd) + s(sp) + s(nirradiance) + s(wdir) + s(pbl12) + s(tp), data = .)  823.5595
gam(log(value) ~ s(pblmax) + s(v10m) + s(jd) + s(sp) + s(nirradiance) + s(wdir) + s(pbl12) + s(tp), data = .)  830.1583
gam(log(value) ~ s(wspeed) + s(v10m) + s(jd) + s(sp) + s(nirradiance) + s(wdir) + s(pbl12) + s(tp), data = .)  811.8773
gam(log(value) ~ s(pwspeed) + s(v10m) + s(jd) + s(sp) + s(nirradiance) + s(wdir) + s(pbl12) + s(tp), data = .) 827.3142

Modello migliore: tmax2m - v10m - jd - sp - nirradiance - wdir - pbl12 - tp 

Variabile scelta tmax2m con AIC 798.283593970715  

Modelli BACKWARD 

                                                                                                                    IT2171A
gam(log(value) ~ s(t2m) + s(v10m) + s(jd) + s(sp) + s(nirradiance) + s(wdir) + s(pbl12) + s(tmax2m), data = .)     800.8717
gam(log(value) ~ s(tmin2m) + s(v10m) + s(jd) + s(sp) + s(nirradiance) + s(wdir) + s(pbl12) + s(tmax2m), data = .)  815.6050
gam(log(value) ~ s(ptp) + s(v10m) + s(jd) + s(sp) + s(nirradiance) + s(wdir) + s(pbl12) + s(tmax2m), data = .)     821.7455
gam(log(value) ~ s(rh) + s(v10m) + s(jd) + s(sp) + s(nirradiance) + s(wdir) + s(pbl12) + s(tmax2m), data = .)      812.9409
gam(log(value) ~ s(u10m) + s(v10m) + s(jd) + s(sp) + s(nirradiance) + s(wdir) + s(pbl12) + s(tmax2m), data = .)    824.0190
gam(log(value) ~ s(pbl00) + s(v10m) + s(jd) + s(sp) + s(nirradiance) + s(wdir) + s(pbl12) + s(tmax2m), data = .)   827.7915
gam(log(value) ~ s(pblmin) + s(v10m) + s(jd) + s(sp) + s(nirradiance) + s(wdir) + s(pbl12) + s(tmax2m), data = .)  824.9776
gam(log(value) ~ s(pblmax) + s(v10m) + s(jd) + s(sp) + s(nirradiance) + s(wdir) + s(pbl12) + s(tmax2m), data = .)  836.2030
gam(log(value) ~ s(wspeed) + s(v10m) + s(jd) + s(sp) + s(nirradiance) + s(wdir) + s(pbl12) + s(tmax2m), data = .)  814.8848
gam(log(value) ~ s(pwspeed) + s(v10m) + s(jd) + s(sp) + s(nirradiance) + s(wdir) + s(pbl12) + s(tmax2m), data = .) 833.9000

Modello migliore: t2m - v10m - jd - sp - nirradiance - wdir - pbl12 - tmax2m 

Dati backward:  800.871720743704::t2m::v10m::jd::sp::nirradiance::wdir::pbl12::tmax2m 

Scelgo il modello N-1 

---------- START ---------- 

                                                                                                                IT2171A
gam(log(value) ~ s(t2m) + s(v10m) + s(jd) + s(sp) + s(nirradiance) + s(wdir) + s(pbl12) + s(tp), data = .)     816.2480
gam(log(value) ~ s(tmin2m) + s(v10m) + s(jd) + s(sp) + s(nirradiance) + s(wdir) + s(pbl12) + s(tp), data = .)  830.2181
gam(log(value) ~ s(ptp) + s(v10m) + s(jd) + s(sp) + s(nirradiance) + s(wdir) + s(pbl12) + s(tp), data = .)     819.2076
gam(log(value) ~ s(rh) + s(v10m) + s(jd) + s(sp) + s(nirradiance) + s(wdir) + s(pbl12) + s(tp), data = .)      801.6535
gam(log(value) ~ s(u10m) + s(v10m) + s(jd) + s(sp) + s(nirradiance) + s(wdir) + s(pbl12) + s(tp), data = .)    819.2802
gam(log(value) ~ s(pbl00) + s(v10m) + s(jd) + s(sp) + s(nirradiance) + s(wdir) + s(pbl12) + s(tp), data = .)   824.0130
gam(log(value) ~ s(pblmin) + s(v10m) + s(jd) + s(sp) + s(nirradiance) + s(wdir) + s(pbl12) + s(tp), data = .)  823.5595
gam(log(value) ~ s(pblmax) + s(v10m) + s(jd) + s(sp) + s(nirradiance) + s(wdir) + s(pbl12) + s(tp), data = .)  830.1583
gam(log(value) ~ s(wspeed) + s(v10m) + s(jd) + s(sp) + s(nirradiance) + s(wdir) + s(pbl12) + s(tp), data = .)  811.8773
gam(log(value) ~ s(pwspeed) + s(v10m) + s(jd) + s(sp) + s(nirradiance) + s(wdir) + s(pbl12) + s(tp), data = .) 827.3142

Modello migliore: rh - v10m - jd - sp - nirradiance - wdir - pbl12 - tp 

Variabile scelta rh con AIC 801.653486695714  

Fine per scelta MODELLO 

v10m + jd + sp + nirradiance + wdir + pbl12 + tp 

---------------------- 

NOTE: Log Print Time:  2021-05-11 11:06:50 
NOTE: Elapsed Time in seconds: 1.94390770991643 

Fine per scelta MODELLO 

v10m + jd + sp + nirradiance + wdir + pbl12 + tp 

---------------------- 

NOTE: Log Print Time:  2021-05-11 11:06:50 
NOTE: Elapsed Time in seconds: 0.00114202499389648 

Fine per scelta MODELLO 

v10m + jd + sp + nirradiance + wdir + pbl12 + tp 

---------------------- 

NOTE: Log Print Time:  2021-05-11 11:06:50 
NOTE: Elapsed Time in seconds: 0.00104188919067383 

Fine per scelta MODELLO 

v10m + jd + sp + nirradiance + wdir + pbl12 + tp 

---------------------- 

NOTE: Log Print Time:  2021-05-11 11:06:50 
NOTE: Elapsed Time in seconds: 0.00106358528137207 

Fine per scelta MODELLO 

v10m + jd + sp + nirradiance + wdir + pbl12 + tp 

---------------------- 

NOTE: Log Print Time:  2021-05-11 11:06:50 
NOTE: Elapsed Time in seconds: 0.0010373592376709 

Fine per scelta MODELLO 

v10m + jd + sp + nirradiance + wdir + pbl12 + tp 

---------------------- 

NOTE: Log Print Time:  2021-05-11 11:06:50 
NOTE: Elapsed Time in seconds: 0.00103473663330078 

Fine per scelta MODELLO 

v10m + jd + sp + nirradiance + wdir + pbl12 + tp 

---------------------- 

NOTE: Log Print Time:  2021-05-11 11:06:50 
NOTE: Elapsed Time in seconds: 0.00105571746826172 

Fine per scelta MODELLO 

v10m + jd + sp + nirradiance + wdir + pbl12 + tp 

---------------------- 

NOTE: Log Print Time:  2021-05-11 11:06:50 
NOTE: Elapsed Time in seconds: 0.00106549263000488 

========================================================================= 
Log End Time: 2021-05-11 11:06:50 
Log Elapsed Time: 0 00:00:01 
========================================================================= 
