========================================================================= 
Log Path: output/12/no2/log/pulvirus_no2_12_IT0953A.log 
Working Directory: /home/rmorelli/R/pulvirus/analisi/GAM/scelta 
User Name: rmorelli 
R Version: 4.0.5 (2021-03-31) 
Machine: pasqualino x86_64 
Operating System: Linux 4.19.0-13-amd64 #1 SMP Debian 4.19.160-2 (2020-11-28) 
Log Start Time: 2021-05-11 11:24:40 
========================================================================= 

Stazione: IT0953A 

---------- START ---------- 

                                            IT0953A
gam(log(value) ~ s(t2m), data = .)         1895.015
gam(log(value) ~ s(tmin2m), data = .)      1887.288
gam(log(value) ~ s(tmax2m), data = .)      1936.955
gam(log(value) ~ s(tp), data = .)          2154.734
gam(log(value) ~ s(ptp), data = .)         2149.022
gam(log(value) ~ s(rh), data = .)          2059.880
gam(log(value) ~ s(u10m), data = .)        1967.854
gam(log(value) ~ s(v10m), data = .)        2097.576
gam(log(value) ~ s(sp), data = .)          1953.179
gam(log(value) ~ s(nirradiance), data = .) 1899.739
gam(log(value) ~ s(pbl00), data = .)       2099.705
gam(log(value) ~ s(pbl12), data = .)       1808.323
gam(log(value) ~ s(pblmin), data = .)      2086.125
gam(log(value) ~ s(pblmax), data = .)      1834.380
gam(log(value) ~ s(wdir), data = .)        1945.822
gam(log(value) ~ s(wspeed), data = .)      2115.916
gam(log(value) ~ s(pwspeed), data = .)     2169.009
gam(log(value) ~ s(jd), data = .)          1423.132

Modello migliore: jd 

Variabile scelta jd con AIC 1423.13197184168  

---------- START ---------- 

                                                    IT0953A
gam(log(value) ~ s(t2m) + s(jd), data = .)         1341.794
gam(log(value) ~ s(tmin2m) + s(jd), data = .)      1341.086
gam(log(value) ~ s(tmax2m) + s(jd), data = .)      1355.704
gam(log(value) ~ s(tp) + s(jd), data = .)          1386.836
gam(log(value) ~ s(ptp) + s(jd), data = .)         1356.651
gam(log(value) ~ s(rh) + s(jd), data = .)          1391.404
gam(log(value) ~ s(u10m) + s(jd), data = .)        1254.703
gam(log(value) ~ s(v10m) + s(jd), data = .)        1186.802
gam(log(value) ~ s(sp) + s(jd), data = .)          1332.810
gam(log(value) ~ s(nirradiance) + s(jd), data = .) 1400.796
gam(log(value) ~ s(pbl00) + s(jd), data = .)       1188.126
gam(log(value) ~ s(pbl12) + s(jd), data = .)       1245.894
gam(log(value) ~ s(pblmin) + s(jd), data = .)      1142.801
gam(log(value) ~ s(pblmax) + s(jd), data = .)      1263.237
gam(log(value) ~ s(wdir) + s(jd), data = .)        1289.343
gam(log(value) ~ s(wspeed) + s(jd), data = .)      1188.659
gam(log(value) ~ s(pwspeed) + s(jd), data = .)     1366.013
gam(log(value) ~ s(jd) + s(jd), data = .)          1423.132

Modello migliore: pblmin - jd 

Variabile scelta pblmin con AIC 1142.80125829411  

Modelli BACKWARD 

                                                        IT0953A
gam(log(value) ~ s(t2m) + s(pblmin), data = .)         1741.221
gam(log(value) ~ s(tmin2m) + s(pblmin), data = .)      1759.243
gam(log(value) ~ s(tmax2m) + s(pblmin), data = .)      1755.497
gam(log(value) ~ s(tp) + s(pblmin), data = .)          2087.830
gam(log(value) ~ s(ptp) + s(pblmin), data = .)         2084.356
gam(log(value) ~ s(rh) + s(pblmin), data = .)          1953.402
gam(log(value) ~ s(u10m) + s(pblmin), data = .)        1843.993
gam(log(value) ~ s(v10m) + s(pblmin), data = .)        2068.372
gam(log(value) ~ s(sp) + s(pblmin), data = .)          1906.557
gam(log(value) ~ s(nirradiance) + s(pblmin), data = .) 1641.868
gam(log(value) ~ s(pbl00) + s(pblmin), data = .)       2079.811
gam(log(value) ~ s(pbl12) + s(pblmin), data = .)       1728.226
gam(log(value) ~ s(pblmax) + s(pblmin), data = .)      1766.964
gam(log(value) ~ s(wdir) + s(pblmin), data = .)        1848.380
gam(log(value) ~ s(wspeed) + s(pblmin), data = .)      2084.071
gam(log(value) ~ s(pwspeed) + s(pblmin), data = .)     2078.969

Modello migliore: nirradiance - pblmin 

Dati backward:  1641.86827374832::nirradiance::pblmin 

Scelgo il modello N 

---------- START ---------- 

                                                                 IT0953A
gam(log(value) ~ s(t2m) + s(jd) + s(pblmin), data = .)         1057.7851
gam(log(value) ~ s(tmin2m) + s(jd) + s(pblmin), data = .)      1053.3274
gam(log(value) ~ s(tmax2m) + s(jd) + s(pblmin), data = .)      1067.3055
gam(log(value) ~ s(tp) + s(jd) + s(pblmin), data = .)          1144.7812
gam(log(value) ~ s(ptp) + s(jd) + s(pblmin), data = .)         1131.0944
gam(log(value) ~ s(rh) + s(jd) + s(pblmin), data = .)          1127.4328
gam(log(value) ~ s(u10m) + s(jd) + s(pblmin), data = .)         979.1882
gam(log(value) ~ s(v10m) + s(jd) + s(pblmin), data = .)        1086.6004
gam(log(value) ~ s(sp) + s(jd) + s(pblmin), data = .)          1129.2329
gam(log(value) ~ s(nirradiance) + s(jd) + s(pblmin), data = .) 1045.6791
gam(log(value) ~ s(pbl00) + s(jd) + s(pblmin), data = .)       1116.2600
gam(log(value) ~ s(pbl12) + s(jd) + s(pblmin), data = .)       1033.6161
gam(log(value) ~ s(pblmax) + s(jd) + s(pblmin), data = .)      1055.7126
gam(log(value) ~ s(wdir) + s(jd) + s(pblmin), data = .)        1021.6982
gam(log(value) ~ s(wspeed) + s(jd) + s(pblmin), data = .)      1116.8203
gam(log(value) ~ s(pwspeed) + s(jd) + s(pblmin), data = .)     1134.8840

Modello migliore: u10m - jd - pblmin 

Variabile scelta u10m con AIC 979.188223571254  

Modelli BACKWARD 

                                                               IT0953A
gam(log(value) ~ s(t2m) + s(jd) + s(u10m), data = .)         1191.0762
gam(log(value) ~ s(tmin2m) + s(jd) + s(u10m), data = .)      1196.2727
gam(log(value) ~ s(tmax2m) + s(jd) + s(u10m), data = .)      1183.4118
gam(log(value) ~ s(tp) + s(jd) + s(u10m), data = .)          1224.3021
gam(log(value) ~ s(ptp) + s(jd) + s(u10m), data = .)         1210.8815
gam(log(value) ~ s(rh) + s(jd) + s(u10m), data = .)          1222.5559
gam(log(value) ~ s(v10m) + s(jd) + s(u10m), data = .)         975.1386
gam(log(value) ~ s(sp) + s(jd) + s(u10m), data = .)          1200.1065
gam(log(value) ~ s(nirradiance) + s(jd) + s(u10m), data = .) 1222.5849
gam(log(value) ~ s(pbl00) + s(jd) + s(u10m), data = .)       1082.6822
gam(log(value) ~ s(pbl12) + s(jd) + s(u10m), data = .)       1128.8049
gam(log(value) ~ s(pblmax) + s(jd) + s(u10m), data = .)      1144.3258
gam(log(value) ~ s(wdir) + s(jd) + s(u10m), data = .)        1136.2112
gam(log(value) ~ s(wspeed) + s(jd) + s(u10m), data = .)       979.9211
gam(log(value) ~ s(pwspeed) + s(jd) + s(u10m), data = .)     1219.0629

Modello migliore: v10m - jd - u10m 

Dati backward:  975.138616602677::v10m::jd::u10m 

Scelgo il modello N 

---------- START ---------- 

                                                                          IT0953A
gam(log(value) ~ s(t2m) + s(jd) + s(pblmin) + s(u10m), data = .)         913.7797
gam(log(value) ~ s(tmin2m) + s(jd) + s(pblmin) + s(u10m), data = .)      915.6475
gam(log(value) ~ s(tmax2m) + s(jd) + s(pblmin) + s(u10m), data = .)      908.3296
gam(log(value) ~ s(tp) + s(jd) + s(pblmin) + s(u10m), data = .)          980.1217
gam(log(value) ~ s(ptp) + s(jd) + s(pblmin) + s(u10m), data = .)         972.2824
gam(log(value) ~ s(rh) + s(jd) + s(pblmin) + s(u10m), data = .)          961.7302
gam(log(value) ~ s(v10m) + s(jd) + s(pblmin) + s(u10m), data = .)        913.9784
gam(log(value) ~ s(sp) + s(jd) + s(pblmin) + s(u10m), data = .)          971.8256
gam(log(value) ~ s(nirradiance) + s(jd) + s(pblmin) + s(u10m), data = .) 911.2580
gam(log(value) ~ s(pbl00) + s(jd) + s(pblmin) + s(u10m), data = .)       974.6537
gam(log(value) ~ s(pbl12) + s(jd) + s(pblmin) + s(u10m), data = .)       912.9552
gam(log(value) ~ s(pblmax) + s(jd) + s(pblmin) + s(u10m), data = .)      933.3134
gam(log(value) ~ s(wdir) + s(jd) + s(pblmin) + s(u10m), data = .)        966.6459
gam(log(value) ~ s(wspeed) + s(jd) + s(pblmin) + s(u10m), data = .)      922.2783
gam(log(value) ~ s(pwspeed) + s(jd) + s(pblmin) + s(u10m), data = .)     974.5523

Modello migliore: tmax2m - jd - pblmin - u10m 

Variabile scelta tmax2m con AIC 908.329591728569  

Modelli BACKWARD 

                                                                             IT0953A
gam(log(value) ~ s(t2m) + s(jd) + s(pblmin) + s(tmax2m), data = .)         1009.5060
gam(log(value) ~ s(tmin2m) + s(jd) + s(pblmin) + s(tmax2m), data = .)       998.4524
gam(log(value) ~ s(tp) + s(jd) + s(pblmin) + s(tmax2m), data = .)          1068.5109
gam(log(value) ~ s(ptp) + s(jd) + s(pblmin) + s(tmax2m), data = .)         1033.8183
gam(log(value) ~ s(rh) + s(jd) + s(pblmin) + s(tmax2m), data = .)          1063.4280
gam(log(value) ~ s(v10m) + s(jd) + s(pblmin) + s(tmax2m), data = .)        1002.0826
gam(log(value) ~ s(sp) + s(jd) + s(pblmin) + s(tmax2m), data = .)          1050.9014
gam(log(value) ~ s(nirradiance) + s(jd) + s(pblmin) + s(tmax2m), data = .)  971.7933
gam(log(value) ~ s(pbl00) + s(jd) + s(pblmin) + s(tmax2m), data = .)       1033.4760
gam(log(value) ~ s(pbl12) + s(jd) + s(pblmin) + s(tmax2m), data = .)        981.6757
gam(log(value) ~ s(pblmax) + s(jd) + s(pblmin) + s(tmax2m), data = .)       998.1397
gam(log(value) ~ s(wdir) + s(jd) + s(pblmin) + s(tmax2m), data = .)         962.5570
gam(log(value) ~ s(wspeed) + s(jd) + s(pblmin) + s(tmax2m), data = .)      1037.6699
gam(log(value) ~ s(pwspeed) + s(jd) + s(pblmin) + s(tmax2m), data = .)     1061.4563

Modello migliore: wdir - jd - pblmin - tmax2m 

Dati backward:  962.556984283903::wdir::jd::pblmin::tmax2m 

Scelgo il modello N 

---------- START ---------- 

                                                                                      IT0953A
gam(log(value) ~ s(t2m) + s(jd) + s(pblmin) + s(u10m) + s(tmax2m), data = .)         864.1698
gam(log(value) ~ s(tmin2m) + s(jd) + s(pblmin) + s(u10m) + s(tmax2m), data = .)      842.5807
gam(log(value) ~ s(tp) + s(jd) + s(pblmin) + s(u10m) + s(tmax2m), data = .)          908.5380
gam(log(value) ~ s(ptp) + s(jd) + s(pblmin) + s(u10m) + s(tmax2m), data = .)         890.5368
gam(log(value) ~ s(rh) + s(jd) + s(pblmin) + s(u10m) + s(tmax2m), data = .)          900.5544
gam(log(value) ~ s(v10m) + s(jd) + s(pblmin) + s(u10m) + s(tmax2m), data = .)        832.8554
gam(log(value) ~ s(sp) + s(jd) + s(pblmin) + s(u10m) + s(tmax2m), data = .)          902.4332
gam(log(value) ~ s(nirradiance) + s(jd) + s(pblmin) + s(u10m) + s(tmax2m), data = .) 836.6205
gam(log(value) ~ s(pbl00) + s(jd) + s(pblmin) + s(u10m) + s(tmax2m), data = .)       900.8752
gam(log(value) ~ s(pbl12) + s(jd) + s(pblmin) + s(u10m) + s(tmax2m), data = .)       858.4938
gam(log(value) ~ s(pblmax) + s(jd) + s(pblmin) + s(u10m) + s(tmax2m), data = .)      873.5733
gam(log(value) ~ s(wdir) + s(jd) + s(pblmin) + s(u10m) + s(tmax2m), data = .)        894.0251
gam(log(value) ~ s(wspeed) + s(jd) + s(pblmin) + s(u10m) + s(tmax2m), data = .)      842.9497
gam(log(value) ~ s(pwspeed) + s(jd) + s(pblmin) + s(u10m) + s(tmax2m), data = .)     905.0176

Modello migliore: v10m - jd - pblmin - u10m - tmax2m 

Variabile scelta v10m con AIC 832.855404713108  

Modelli BACKWARD 

                                                                                    IT0953A
gam(log(value) ~ s(t2m) + s(jd) + s(pblmin) + s(u10m) + s(v10m), data = .)         832.4077
gam(log(value) ~ s(tmin2m) + s(jd) + s(pblmin) + s(u10m) + s(v10m), data = .)      835.4571
gam(log(value) ~ s(tp) + s(jd) + s(pblmin) + s(u10m) + s(v10m), data = .)          913.5597
gam(log(value) ~ s(ptp) + s(jd) + s(pblmin) + s(u10m) + s(v10m), data = .)         912.5778
gam(log(value) ~ s(rh) + s(jd) + s(pblmin) + s(u10m) + s(v10m), data = .)          904.2130
gam(log(value) ~ s(sp) + s(jd) + s(pblmin) + s(u10m) + s(v10m), data = .)          904.4803
gam(log(value) ~ s(nirradiance) + s(jd) + s(pblmin) + s(u10m) + s(v10m), data = .) 855.0307
gam(log(value) ~ s(pbl00) + s(jd) + s(pblmin) + s(u10m) + s(v10m), data = .)       914.6897
gam(log(value) ~ s(pbl12) + s(jd) + s(pblmin) + s(u10m) + s(v10m), data = .)       870.5411
gam(log(value) ~ s(pblmax) + s(jd) + s(pblmin) + s(u10m) + s(v10m), data = .)      886.0217
gam(log(value) ~ s(wdir) + s(jd) + s(pblmin) + s(u10m) + s(v10m), data = .)        914.7613
gam(log(value) ~ s(wspeed) + s(jd) + s(pblmin) + s(u10m) + s(v10m), data = .)      914.7475
gam(log(value) ~ s(pwspeed) + s(jd) + s(pblmin) + s(u10m) + s(v10m), data = .)     912.6626

Modello migliore: t2m - jd - pblmin - u10m - v10m 

Dati backward:  832.407724105136::t2m::jd::pblmin::u10m::v10m 

Scelgo il modello N 

---------- START ---------- 

                                                                                                IT0953A
gam(log(value) ~ s(t2m) + s(jd) + s(pblmin) + s(u10m) + s(tmax2m) + s(v10m), data = .)         763.6248
gam(log(value) ~ s(tmin2m) + s(jd) + s(pblmin) + s(u10m) + s(tmax2m) + s(v10m), data = .)      742.8666
gam(log(value) ~ s(tp) + s(jd) + s(pblmin) + s(u10m) + s(tmax2m) + s(v10m), data = .)          825.6854
gam(log(value) ~ s(ptp) + s(jd) + s(pblmin) + s(u10m) + s(tmax2m) + s(v10m), data = .)         821.6578
gam(log(value) ~ s(rh) + s(jd) + s(pblmin) + s(u10m) + s(tmax2m) + s(v10m), data = .)          815.4902
gam(log(value) ~ s(sp) + s(jd) + s(pblmin) + s(u10m) + s(tmax2m) + s(v10m), data = .)          825.5240
gam(log(value) ~ s(nirradiance) + s(jd) + s(pblmin) + s(u10m) + s(tmax2m) + s(v10m), data = .) 774.7727
gam(log(value) ~ s(pbl00) + s(jd) + s(pblmin) + s(u10m) + s(tmax2m) + s(v10m), data = .)       832.1796
gam(log(value) ~ s(pbl12) + s(jd) + s(pblmin) + s(u10m) + s(tmax2m) + s(v10m), data = .)       807.7708
gam(log(value) ~ s(pblmax) + s(jd) + s(pblmin) + s(u10m) + s(tmax2m) + s(v10m), data = .)      815.4452
gam(log(value) ~ s(wdir) + s(jd) + s(pblmin) + s(u10m) + s(tmax2m) + s(v10m), data = .)        832.9678
gam(log(value) ~ s(wspeed) + s(jd) + s(pblmin) + s(u10m) + s(tmax2m) + s(v10m), data = .)      833.2921
gam(log(value) ~ s(pwspeed) + s(jd) + s(pblmin) + s(u10m) + s(tmax2m) + s(v10m), data = .)     833.2079

Modello migliore: tmin2m - jd - pblmin - u10m - tmax2m - v10m 

Variabile scelta tmin2m con AIC 742.866560906403  

Modelli BACKWARD 

                                                                                                  IT0953A
gam(log(value) ~ s(t2m) + s(jd) + s(pblmin) + s(u10m) + s(tmax2m) + s(tmin2m), data = .)         844.5526
gam(log(value) ~ s(tp) + s(jd) + s(pblmin) + s(u10m) + s(tmax2m) + s(tmin2m), data = .)          844.5294
gam(log(value) ~ s(ptp) + s(jd) + s(pblmin) + s(u10m) + s(tmax2m) + s(tmin2m), data = .)         825.9249
gam(log(value) ~ s(rh) + s(jd) + s(pblmin) + s(u10m) + s(tmax2m) + s(tmin2m), data = .)          819.7602
gam(log(value) ~ s(sp) + s(jd) + s(pblmin) + s(u10m) + s(tmax2m) + s(tmin2m), data = .)          840.6581
gam(log(value) ~ s(nirradiance) + s(jd) + s(pblmin) + s(u10m) + s(tmax2m) + s(tmin2m), data = .) 744.1711
gam(log(value) ~ s(pbl00) + s(jd) + s(pblmin) + s(u10m) + s(tmax2m) + s(tmin2m), data = .)       836.5220
gam(log(value) ~ s(pbl12) + s(jd) + s(pblmin) + s(u10m) + s(tmax2m) + s(tmin2m), data = .)       776.2479
gam(log(value) ~ s(pblmax) + s(jd) + s(pblmin) + s(u10m) + s(tmax2m) + s(tmin2m), data = .)      795.1902
gam(log(value) ~ s(wdir) + s(jd) + s(pblmin) + s(u10m) + s(tmax2m) + s(tmin2m), data = .)        813.8481
gam(log(value) ~ s(wspeed) + s(jd) + s(pblmin) + s(u10m) + s(tmax2m) + s(tmin2m), data = .)      767.5381
gam(log(value) ~ s(pwspeed) + s(jd) + s(pblmin) + s(u10m) + s(tmax2m) + s(tmin2m), data = .)     837.0337

Modello migliore: nirradiance - jd - pblmin - u10m - tmax2m - tmin2m 

Dati backward:  744.17109049568::nirradiance::jd::pblmin::u10m::tmax2m::tmin2m 

Scelgo il modello N-1 

---------- START ---------- 

                                                                                                IT0953A
gam(log(value) ~ s(t2m) + s(jd) + s(pblmin) + s(u10m) + s(tmax2m) + s(v10m), data = .)         763.6248
gam(log(value) ~ s(tp) + s(jd) + s(pblmin) + s(u10m) + s(tmax2m) + s(v10m), data = .)          825.6854
gam(log(value) ~ s(ptp) + s(jd) + s(pblmin) + s(u10m) + s(tmax2m) + s(v10m), data = .)         821.6578
gam(log(value) ~ s(rh) + s(jd) + s(pblmin) + s(u10m) + s(tmax2m) + s(v10m), data = .)          815.4902
gam(log(value) ~ s(sp) + s(jd) + s(pblmin) + s(u10m) + s(tmax2m) + s(v10m), data = .)          825.5240
gam(log(value) ~ s(nirradiance) + s(jd) + s(pblmin) + s(u10m) + s(tmax2m) + s(v10m), data = .) 774.7727
gam(log(value) ~ s(pbl00) + s(jd) + s(pblmin) + s(u10m) + s(tmax2m) + s(v10m), data = .)       832.1796
gam(log(value) ~ s(pbl12) + s(jd) + s(pblmin) + s(u10m) + s(tmax2m) + s(v10m), data = .)       807.7708
gam(log(value) ~ s(pblmax) + s(jd) + s(pblmin) + s(u10m) + s(tmax2m) + s(v10m), data = .)      815.4452
gam(log(value) ~ s(wdir) + s(jd) + s(pblmin) + s(u10m) + s(tmax2m) + s(v10m), data = .)        832.9678
gam(log(value) ~ s(wspeed) + s(jd) + s(pblmin) + s(u10m) + s(tmax2m) + s(v10m), data = .)      833.2921
gam(log(value) ~ s(pwspeed) + s(jd) + s(pblmin) + s(u10m) + s(tmax2m) + s(v10m), data = .)     833.2079

Modello migliore: t2m - jd - pblmin - u10m - tmax2m - v10m 

Variabile scelta t2m con AIC 763.624763423576  

Fine per scelta MODELLO 

jd + pblmin + u10m + tmax2m + v10m 

---------------------- 

NOTE: Log Print Time:  2021-05-11 11:25:45 
NOTE: Elapsed Time in seconds: 1.07871251900991 

Fine per scelta MODELLO 

jd + pblmin + u10m + tmax2m + v10m 

---------------------- 

NOTE: Log Print Time:  2021-05-11 11:25:45 
NOTE: Elapsed Time in seconds: 0.00111007690429688 

Fine per scelta MODELLO 

jd + pblmin + u10m + tmax2m + v10m 

---------------------- 

NOTE: Log Print Time:  2021-05-11 11:25:45 
NOTE: Elapsed Time in seconds: 0.00102519989013672 

Fine per scelta MODELLO 

jd + pblmin + u10m + tmax2m + v10m 

---------------------- 

NOTE: Log Print Time:  2021-05-11 11:25:45 
NOTE: Elapsed Time in seconds: 0.0010073184967041 

Fine per scelta MODELLO 

jd + pblmin + u10m + tmax2m + v10m 

---------------------- 

NOTE: Log Print Time:  2021-05-11 11:25:45 
NOTE: Elapsed Time in seconds: 0.0010068416595459 

Fine per scelta MODELLO 

jd + pblmin + u10m + tmax2m + v10m 

---------------------- 

NOTE: Log Print Time:  2021-05-11 11:25:45 
NOTE: Elapsed Time in seconds: 0.00100255012512207 

========================================================================= 
Log End Time: 2021-05-11 11:25:45 
Log Elapsed Time: 0 00:00:01 
========================================================================= 
