========================================================================= 
Log Path: output/12/no2/log/pulvirus_no2_12_IT2012A.log 
Working Directory: /home/rmorelli/R/pulvirus/analisi/GAM/scelta 
User Name: rmorelli 
R Version: 4.0.5 (2021-03-31) 
Machine: pasqualino x86_64 
Operating System: Linux 4.19.0-13-amd64 #1 SMP Debian 4.19.160-2 (2020-11-28) 
Log Start Time: 2021-05-11 11:14:03 
========================================================================= 

Stazione: IT2012A 

---------- START ---------- 

                                            IT2012A
gam(log(value) ~ s(t2m), data = .)         2491.103
gam(log(value) ~ s(tmin2m), data = .)      2488.856
gam(log(value) ~ s(tmax2m), data = .)      2558.019
gam(log(value) ~ s(tp), data = .)          2933.869
gam(log(value) ~ s(ptp), data = .)         2949.784
gam(log(value) ~ s(rh), data = .)          2688.542
gam(log(value) ~ s(u10m), data = .)        2733.608
gam(log(value) ~ s(v10m), data = .)        2771.541
gam(log(value) ~ s(sp), data = .)          2651.339
gam(log(value) ~ s(nirradiance), data = .) 2484.616
gam(log(value) ~ s(pbl00), data = .)       2772.229
gam(log(value) ~ s(pbl12), data = .)       2413.035
gam(log(value) ~ s(pblmin), data = .)      2723.686
gam(log(value) ~ s(pblmax), data = .)      2566.527
gam(log(value) ~ s(wdir), data = .)        2613.533
gam(log(value) ~ s(wspeed), data = .)      2770.089
gam(log(value) ~ s(pwspeed), data = .)     2940.491
gam(log(value) ~ s(jd), data = .)          2293.624

Modello migliore: jd 

Variabile scelta jd con AIC 2293.6241968425  

---------- START ---------- 

                                                    IT2012A
gam(log(value) ~ s(t2m) + s(jd), data = .)         2203.326
gam(log(value) ~ s(tmin2m) + s(jd), data = .)      2212.320
gam(log(value) ~ s(tmax2m) + s(jd), data = .)      2227.356
gam(log(value) ~ s(tp) + s(jd), data = .)          2215.092
gam(log(value) ~ s(ptp) + s(jd), data = .)         2226.749
gam(log(value) ~ s(rh) + s(jd), data = .)          2127.874
gam(log(value) ~ s(u10m) + s(jd), data = .)        2106.754
gam(log(value) ~ s(v10m) + s(jd), data = .)        1667.732
gam(log(value) ~ s(sp) + s(jd), data = .)          2132.084
gam(log(value) ~ s(nirradiance) + s(jd), data = .) 2277.303
gam(log(value) ~ s(pbl00) + s(jd), data = .)       1679.119
gam(log(value) ~ s(pbl12) + s(jd), data = .)       2000.677
gam(log(value) ~ s(pblmin) + s(jd), data = .)      1571.083
gam(log(value) ~ s(pblmax) + s(jd), data = .)      1987.600
gam(log(value) ~ s(wdir) + s(jd), data = .)        2063.315
gam(log(value) ~ s(wspeed) + s(jd), data = .)      1598.280
gam(log(value) ~ s(pwspeed) + s(jd), data = .)     2137.564
gam(log(value) ~ s(jd) + s(jd), data = .)          2293.624

Modello migliore: pblmin - jd 

Variabile scelta pblmin con AIC 1571.08338025739  

Modelli BACKWARD 

                                                        IT2012A
gam(log(value) ~ s(t2m) + s(pblmin), data = .)         2021.017
gam(log(value) ~ s(tmin2m) + s(pblmin), data = .)      2082.354
gam(log(value) ~ s(tmax2m) + s(pblmin), data = .)      2034.907
gam(log(value) ~ s(tp) + s(pblmin), data = .)          2702.043
gam(log(value) ~ s(ptp) + s(pblmin), data = .)         2723.332
gam(log(value) ~ s(rh) + s(pblmin), data = .)          2472.122
gam(log(value) ~ s(u10m) + s(pblmin), data = .)        2364.798
gam(log(value) ~ s(v10m) + s(pblmin), data = .)        2705.025
gam(log(value) ~ s(sp) + s(pblmin), data = .)          2429.895
gam(log(value) ~ s(nirradiance) + s(pblmin), data = .) 1735.490
gam(log(value) ~ s(pbl00) + s(pblmin), data = .)       2703.726
gam(log(value) ~ s(pbl12) + s(pblmin), data = .)       2263.356
gam(log(value) ~ s(pblmax) + s(pblmin), data = .)      2443.786
gam(log(value) ~ s(wdir) + s(pblmin), data = .)        2290.251
gam(log(value) ~ s(wspeed) + s(pblmin), data = .)      2717.219
gam(log(value) ~ s(pwspeed) + s(pblmin), data = .)     2714.701

Modello migliore: nirradiance - pblmin 

Dati backward:  1735.49049454862::nirradiance::pblmin 

Scelgo il modello N 

---------- START ---------- 

                                                                IT2012A
gam(log(value) ~ s(t2m) + s(jd) + s(pblmin), data = .)         1479.876
gam(log(value) ~ s(tmin2m) + s(jd) + s(pblmin), data = .)      1487.584
gam(log(value) ~ s(tmax2m) + s(jd) + s(pblmin), data = .)      1496.584
gam(log(value) ~ s(tp) + s(jd) + s(pblmin), data = .)          1553.147
gam(log(value) ~ s(ptp) + s(jd) + s(pblmin), data = .)         1570.169
gam(log(value) ~ s(rh) + s(jd) + s(pblmin), data = .)          1506.556
gam(log(value) ~ s(u10m) + s(jd) + s(pblmin), data = .)        1379.157
gam(log(value) ~ s(v10m) + s(jd) + s(pblmin), data = .)        1449.040
gam(log(value) ~ s(sp) + s(jd) + s(pblmin), data = .)          1535.787
gam(log(value) ~ s(nirradiance) + s(jd) + s(pblmin), data = .) 1448.234
gam(log(value) ~ s(pbl00) + s(jd) + s(pblmin), data = .)       1464.405
gam(log(value) ~ s(pbl12) + s(jd) + s(pblmin), data = .)       1457.950
gam(log(value) ~ s(pblmax) + s(jd) + s(pblmin), data = .)      1467.651
gam(log(value) ~ s(wdir) + s(jd) + s(pblmin), data = .)        1312.221
gam(log(value) ~ s(wspeed) + s(jd) + s(pblmin), data = .)      1468.040
gam(log(value) ~ s(pwspeed) + s(jd) + s(pblmin), data = .)     1557.897

Modello migliore: wdir - jd - pblmin 

Variabile scelta wdir con AIC 1312.22134852104  

Modelli BACKWARD 

                                                              IT2012A
gam(log(value) ~ s(t2m) + s(jd) + s(wdir), data = .)         1976.829
gam(log(value) ~ s(tmin2m) + s(jd) + s(wdir), data = .)      1946.504
gam(log(value) ~ s(tmax2m) + s(jd) + s(wdir), data = .)      2022.555
gam(log(value) ~ s(tp) + s(jd) + s(wdir), data = .)          1935.733
gam(log(value) ~ s(ptp) + s(jd) + s(wdir), data = .)         1999.956
gam(log(value) ~ s(rh) + s(jd) + s(wdir), data = .)          1938.398
gam(log(value) ~ s(u10m) + s(jd) + s(wdir), data = .)        1708.582
gam(log(value) ~ s(v10m) + s(jd) + s(wdir), data = .)        1401.841
gam(log(value) ~ s(sp) + s(jd) + s(wdir), data = .)          1891.077
gam(log(value) ~ s(nirradiance) + s(jd) + s(wdir), data = .) 2047.467
gam(log(value) ~ s(pbl00) + s(jd) + s(wdir), data = .)       1487.022
gam(log(value) ~ s(pbl12) + s(jd) + s(wdir), data = .)       1794.713
gam(log(value) ~ s(pblmax) + s(jd) + s(wdir), data = .)      1772.021
gam(log(value) ~ s(wspeed) + s(jd) + s(wdir), data = .)      1340.254
gam(log(value) ~ s(pwspeed) + s(jd) + s(wdir), data = .)     1927.443

Modello migliore: wspeed - jd - wdir 

Dati backward:  1340.25401086812::wspeed::jd::wdir 

Scelgo il modello N 

---------- START ---------- 

                                                                          IT2012A
gam(log(value) ~ s(t2m) + s(jd) + s(pblmin) + s(wdir), data = .)         1238.219
gam(log(value) ~ s(tmin2m) + s(jd) + s(pblmin) + s(wdir), data = .)      1242.394
gam(log(value) ~ s(tmax2m) + s(jd) + s(pblmin) + s(wdir), data = .)      1259.563
gam(log(value) ~ s(tp) + s(jd) + s(pblmin) + s(wdir), data = .)          1296.453
gam(log(value) ~ s(ptp) + s(jd) + s(pblmin) + s(wdir), data = .)         1311.631
gam(log(value) ~ s(rh) + s(jd) + s(pblmin) + s(wdir), data = .)          1278.047
gam(log(value) ~ s(u10m) + s(jd) + s(pblmin) + s(wdir), data = .)        1263.137
gam(log(value) ~ s(v10m) + s(jd) + s(pblmin) + s(wdir), data = .)        1192.771
gam(log(value) ~ s(sp) + s(jd) + s(pblmin) + s(wdir), data = .)          1277.464
gam(log(value) ~ s(nirradiance) + s(jd) + s(pblmin) + s(wdir), data = .) 1258.158
gam(log(value) ~ s(pbl00) + s(jd) + s(pblmin) + s(wdir), data = .)       1226.453
gam(log(value) ~ s(pbl12) + s(jd) + s(pblmin) + s(wdir), data = .)       1216.483
gam(log(value) ~ s(pblmax) + s(jd) + s(pblmin) + s(wdir), data = .)      1222.623
gam(log(value) ~ s(wspeed) + s(jd) + s(pblmin) + s(wdir), data = .)      1192.314
gam(log(value) ~ s(pwspeed) + s(jd) + s(pblmin) + s(wdir), data = .)     1301.414

Modello migliore: wspeed - jd - pblmin - wdir 

Variabile scelta wspeed con AIC 1192.31376191253  

Modelli BACKWARD 

                                                                            IT2012A
gam(log(value) ~ s(t2m) + s(jd) + s(pblmin) + s(wspeed), data = .)         1352.603
gam(log(value) ~ s(tmin2m) + s(jd) + s(pblmin) + s(wspeed), data = .)      1363.690
gam(log(value) ~ s(tmax2m) + s(jd) + s(pblmin) + s(wspeed), data = .)      1368.090
gam(log(value) ~ s(tp) + s(jd) + s(pblmin) + s(wspeed), data = .)          1455.328
gam(log(value) ~ s(ptp) + s(jd) + s(pblmin) + s(wspeed), data = .)         1469.179
gam(log(value) ~ s(rh) + s(jd) + s(pblmin) + s(wspeed), data = .)          1427.409
gam(log(value) ~ s(u10m) + s(jd) + s(pblmin) + s(wspeed), data = .)        1195.211
gam(log(value) ~ s(v10m) + s(jd) + s(pblmin) + s(wspeed), data = .)        1415.144
gam(log(value) ~ s(sp) + s(jd) + s(pblmin) + s(wspeed), data = .)          1443.128
gam(log(value) ~ s(nirradiance) + s(jd) + s(pblmin) + s(wspeed), data = .) 1323.567
gam(log(value) ~ s(pbl00) + s(jd) + s(pblmin) + s(wspeed), data = .)       1389.331
gam(log(value) ~ s(pbl12) + s(jd) + s(pblmin) + s(wspeed), data = .)       1383.166
gam(log(value) ~ s(pblmax) + s(jd) + s(pblmin) + s(wspeed), data = .)      1390.041
gam(log(value) ~ s(pwspeed) + s(jd) + s(pblmin) + s(wspeed), data = .)     1464.339

Modello migliore: u10m - jd - pblmin - wspeed 

Dati backward:  1195.2109548089::u10m::jd::pblmin::wspeed 

Scelgo il modello N-1 

---------- START ---------- 

                                                                          IT2012A
gam(log(value) ~ s(t2m) + s(jd) + s(pblmin) + s(wdir), data = .)         1238.219
gam(log(value) ~ s(tmin2m) + s(jd) + s(pblmin) + s(wdir), data = .)      1242.394
gam(log(value) ~ s(tmax2m) + s(jd) + s(pblmin) + s(wdir), data = .)      1259.563
gam(log(value) ~ s(tp) + s(jd) + s(pblmin) + s(wdir), data = .)          1296.453
gam(log(value) ~ s(ptp) + s(jd) + s(pblmin) + s(wdir), data = .)         1311.631
gam(log(value) ~ s(rh) + s(jd) + s(pblmin) + s(wdir), data = .)          1278.047
gam(log(value) ~ s(u10m) + s(jd) + s(pblmin) + s(wdir), data = .)        1263.137
gam(log(value) ~ s(v10m) + s(jd) + s(pblmin) + s(wdir), data = .)        1192.771
gam(log(value) ~ s(sp) + s(jd) + s(pblmin) + s(wdir), data = .)          1277.464
gam(log(value) ~ s(nirradiance) + s(jd) + s(pblmin) + s(wdir), data = .) 1258.158
gam(log(value) ~ s(pbl00) + s(jd) + s(pblmin) + s(wdir), data = .)       1226.453
gam(log(value) ~ s(pbl12) + s(jd) + s(pblmin) + s(wdir), data = .)       1216.483
gam(log(value) ~ s(pblmax) + s(jd) + s(pblmin) + s(wdir), data = .)      1222.623
gam(log(value) ~ s(pwspeed) + s(jd) + s(pblmin) + s(wdir), data = .)     1301.414

Modello migliore: v10m - jd - pblmin - wdir 

Variabile scelta v10m con AIC 1192.77058390752  

Fine per scelta MODELLO 

jd + pblmin + wdir 

---------------------- 

NOTE: Log Print Time:  2021-05-11 11:14:44 
NOTE: Elapsed Time in seconds: 41.5678005218506 

Fine per scelta MODELLO 

jd + pblmin + wdir 

---------------------- 

NOTE: Log Print Time:  2021-05-11 11:14:44 
NOTE: Elapsed Time in seconds: 0.00114583969116211 

Fine per scelta MODELLO 

jd + pblmin + wdir 

---------------------- 

NOTE: Log Print Time:  2021-05-11 11:14:44 
NOTE: Elapsed Time in seconds: 0.00102853775024414 

Fine per scelta MODELLO 

jd + pblmin + wdir 

---------------------- 

NOTE: Log Print Time:  2021-05-11 11:14:44 
NOTE: Elapsed Time in seconds: 0.00102639198303223 

========================================================================= 
Log End Time: 2021-05-11 11:14:44 
Log Elapsed Time: 0 00:00:41 
========================================================================= 
