========================================================================= 
Log Path: output/12/no2/log/pulvirus_no2_12_IT1183A.log 
Working Directory: /home/rmorelli/R/pulvirus/analisi/GAM/scelta 
User Name: rmorelli 
R Version: 4.0.5 (2021-03-31) 
Machine: pasqualino x86_64 
Operating System: Linux 4.19.0-13-amd64 #1 SMP Debian 4.19.160-2 (2020-11-28) 
Log Start Time: 2021-05-11 11:25:48 
========================================================================= 

Stazione: IT1183A 

---------- START ---------- 

                                             IT1183A
gam(log(value) ~ s(t2m), data = .)         1311.9111
gam(log(value) ~ s(tmin2m), data = .)      1351.6261
gam(log(value) ~ s(tmax2m), data = .)      1376.5198
gam(log(value) ~ s(tp), data = .)          1809.7073
gam(log(value) ~ s(ptp), data = .)         1813.1955
gam(log(value) ~ s(rh), data = .)          1814.8642
gam(log(value) ~ s(u10m), data = .)        1691.8262
gam(log(value) ~ s(v10m), data = .)        1576.4104
gam(log(value) ~ s(sp), data = .)          1512.9204
gam(log(value) ~ s(nirradiance), data = .) 1360.7041
gam(log(value) ~ s(pbl00), data = .)       1818.8224
gam(log(value) ~ s(pbl12), data = .)       1520.7441
gam(log(value) ~ s(pblmin), data = .)      1810.5921
gam(log(value) ~ s(pblmax), data = .)      1609.2527
gam(log(value) ~ s(wdir), data = .)        1602.4093
gam(log(value) ~ s(wspeed), data = .)      1764.4574
gam(log(value) ~ s(pwspeed), data = .)     1737.0205
gam(log(value) ~ s(jd), data = .)           930.0186

Modello migliore: jd 

Variabile scelta jd con AIC 930.01859521306  

---------- START ---------- 

                                                    IT1183A
gam(log(value) ~ s(t2m) + s(jd), data = .)         780.5864
gam(log(value) ~ s(tmin2m) + s(jd), data = .)      755.8669
gam(log(value) ~ s(tmax2m) + s(jd), data = .)      838.8580
gam(log(value) ~ s(tp) + s(jd), data = .)          836.0842
gam(log(value) ~ s(ptp) + s(jd), data = .)         845.1121
gam(log(value) ~ s(rh) + s(jd), data = .)          876.4897
gam(log(value) ~ s(u10m) + s(jd), data = .)        839.7216
gam(log(value) ~ s(v10m) + s(jd), data = .)        774.5575
gam(log(value) ~ s(sp) + s(jd), data = .)          743.0859
gam(log(value) ~ s(nirradiance) + s(jd), data = .) 855.2361
gam(log(value) ~ s(pbl00) + s(jd), data = .)       825.8642
gam(log(value) ~ s(pbl12) + s(jd), data = .)       866.7217
gam(log(value) ~ s(pblmin) + s(jd), data = .)      818.6961
gam(log(value) ~ s(pblmax) + s(jd), data = .)      888.8371
gam(log(value) ~ s(wdir) + s(jd), data = .)        810.6088
gam(log(value) ~ s(wspeed) + s(jd), data = .)      862.7143
gam(log(value) ~ s(pwspeed) + s(jd), data = .)     904.0299
gam(log(value) ~ s(jd) + s(jd), data = .)          930.0186

Modello migliore: sp - jd 

Variabile scelta sp con AIC 743.085900081454  

Modelli BACKWARD 

                                                    IT1183A
gam(log(value) ~ s(t2m) + s(sp), data = .)         1147.718
gam(log(value) ~ s(tmin2m) + s(sp), data = .)      1233.898
gam(log(value) ~ s(tmax2m) + s(sp), data = .)      1135.663
gam(log(value) ~ s(tp) + s(sp), data = .)          1507.784
gam(log(value) ~ s(ptp) + s(sp), data = .)         1513.247
gam(log(value) ~ s(rh) + s(sp), data = .)          1473.956
gam(log(value) ~ s(u10m) + s(sp), data = .)        1443.497
gam(log(value) ~ s(v10m) + s(sp), data = .)        1403.884
gam(log(value) ~ s(nirradiance) + s(sp), data = .) 1139.310
gam(log(value) ~ s(pbl00) + s(sp), data = .)       1503.892
gam(log(value) ~ s(pbl12) + s(sp), data = .)       1319.211
gam(log(value) ~ s(pblmin) + s(sp), data = .)      1484.479
gam(log(value) ~ s(pblmax) + s(sp), data = .)      1380.528
gam(log(value) ~ s(wdir) + s(sp), data = .)        1413.763
gam(log(value) ~ s(wspeed) + s(sp), data = .)      1465.434
gam(log(value) ~ s(pwspeed) + s(sp), data = .)     1474.834

Modello migliore: tmax2m - sp 

Dati backward:  1135.66331881544::tmax2m::sp 

Scelgo il modello N 

---------- START ---------- 

                                                            IT1183A
gam(log(value) ~ s(t2m) + s(jd) + s(sp), data = .)         602.4800
gam(log(value) ~ s(tmin2m) + s(jd) + s(sp), data = .)      632.9768
gam(log(value) ~ s(tmax2m) + s(jd) + s(sp), data = .)      618.3356
gam(log(value) ~ s(tp) + s(jd) + s(sp), data = .)          723.4530
gam(log(value) ~ s(ptp) + s(jd) + s(sp), data = .)         728.0847
gam(log(value) ~ s(rh) + s(jd) + s(sp), data = .)          730.0077
gam(log(value) ~ s(u10m) + s(jd) + s(sp), data = .)        695.8890
gam(log(value) ~ s(v10m) + s(jd) + s(sp), data = .)        655.3460
gam(log(value) ~ s(nirradiance) + s(jd) + s(sp), data = .) 645.2454
gam(log(value) ~ s(pbl00) + s(jd) + s(sp), data = .)       695.5398
gam(log(value) ~ s(pbl12) + s(jd) + s(sp), data = .)       688.3327
gam(log(value) ~ s(pblmin) + s(jd) + s(sp), data = .)      670.1858
gam(log(value) ~ s(pblmax) + s(jd) + s(sp), data = .)      712.1198
gam(log(value) ~ s(wdir) + s(jd) + s(sp), data = .)        680.3629
gam(log(value) ~ s(wspeed) + s(jd) + s(sp), data = .)      682.0360
gam(log(value) ~ s(pwspeed) + s(jd) + s(sp), data = .)     721.4857

Modello migliore: t2m - jd - sp 

Variabile scelta t2m con AIC 602.480011892202  

Modelli BACKWARD 

                                                             IT1183A
gam(log(value) ~ s(tmin2m) + s(jd) + s(t2m), data = .)      631.8130
gam(log(value) ~ s(tmax2m) + s(jd) + s(t2m), data = .)      603.9693
gam(log(value) ~ s(tp) + s(jd) + s(t2m), data = .)          709.7268
gam(log(value) ~ s(ptp) + s(jd) + s(t2m), data = .)         699.9882
gam(log(value) ~ s(rh) + s(jd) + s(t2m), data = .)          750.3768
gam(log(value) ~ s(u10m) + s(jd) + s(t2m), data = .)        687.0022
gam(log(value) ~ s(v10m) + s(jd) + s(t2m), data = .)        630.9386
gam(log(value) ~ s(nirradiance) + s(jd) + s(t2m), data = .) 738.7963
gam(log(value) ~ s(pbl00) + s(jd) + s(t2m), data = .)       673.7671
gam(log(value) ~ s(pbl12) + s(jd) + s(t2m), data = .)       736.9795
gam(log(value) ~ s(pblmin) + s(jd) + s(t2m), data = .)      657.3682
gam(log(value) ~ s(pblmax) + s(jd) + s(t2m), data = .)      743.0412
gam(log(value) ~ s(wdir) + s(jd) + s(t2m), data = .)        688.5498
gam(log(value) ~ s(wspeed) + s(jd) + s(t2m), data = .)      691.5027
gam(log(value) ~ s(pwspeed) + s(jd) + s(t2m), data = .)     760.8400

Modello migliore: tmax2m - jd - t2m 

Dati backward:  603.969321041978::tmax2m::jd::t2m 

Scelgo il modello N 

---------- START ---------- 

                                                                     IT1183A
gam(log(value) ~ s(tmin2m) + s(jd) + s(sp) + s(t2m), data = .)      538.6928
gam(log(value) ~ s(tmax2m) + s(jd) + s(sp) + s(t2m), data = .)      525.0871
gam(log(value) ~ s(tp) + s(jd) + s(sp) + s(t2m), data = .)          597.5532
gam(log(value) ~ s(ptp) + s(jd) + s(sp) + s(t2m), data = .)         590.6564
gam(log(value) ~ s(rh) + s(jd) + s(sp) + s(t2m), data = .)          598.5703
gam(log(value) ~ s(u10m) + s(jd) + s(sp) + s(t2m), data = .)        550.3559
gam(log(value) ~ s(v10m) + s(jd) + s(sp) + s(t2m), data = .)        512.1412
gam(log(value) ~ s(nirradiance) + s(jd) + s(sp) + s(t2m), data = .) 529.0837
gam(log(value) ~ s(pbl00) + s(jd) + s(sp) + s(t2m), data = .)       555.3606
gam(log(value) ~ s(pbl12) + s(jd) + s(sp) + s(t2m), data = .)       556.1109
gam(log(value) ~ s(pblmin) + s(jd) + s(sp) + s(t2m), data = .)      518.8011
gam(log(value) ~ s(pblmax) + s(jd) + s(sp) + s(t2m), data = .)      569.7022
gam(log(value) ~ s(wdir) + s(jd) + s(sp) + s(t2m), data = .)        551.7000
gam(log(value) ~ s(wspeed) + s(jd) + s(sp) + s(t2m), data = .)      529.1837
gam(log(value) ~ s(pwspeed) + s(jd) + s(sp) + s(t2m), data = .)     584.5402

Modello migliore: v10m - jd - sp - t2m 

Variabile scelta v10m con AIC 512.141153971595  

Modelli BACKWARD 

                                                                      IT1183A
gam(log(value) ~ s(tmin2m) + s(jd) + s(sp) + s(v10m), data = .)      561.2562
gam(log(value) ~ s(tmax2m) + s(jd) + s(sp) + s(v10m), data = .)      522.1360
gam(log(value) ~ s(tp) + s(jd) + s(sp) + s(v10m), data = .)          650.3935
gam(log(value) ~ s(ptp) + s(jd) + s(sp) + s(v10m), data = .)         638.8640
gam(log(value) ~ s(rh) + s(jd) + s(sp) + s(v10m), data = .)          635.6659
gam(log(value) ~ s(u10m) + s(jd) + s(sp) + s(v10m), data = .)        630.9733
gam(log(value) ~ s(nirradiance) + s(jd) + s(sp) + s(v10m), data = .) 552.6355
gam(log(value) ~ s(pbl00) + s(jd) + s(sp) + s(v10m), data = .)       615.4304
gam(log(value) ~ s(pbl12) + s(jd) + s(sp) + s(v10m), data = .)       606.6061
gam(log(value) ~ s(pblmin) + s(jd) + s(sp) + s(v10m), data = .)      597.8637
gam(log(value) ~ s(pblmax) + s(jd) + s(sp) + s(v10m), data = .)      620.7481
gam(log(value) ~ s(wdir) + s(jd) + s(sp) + s(v10m), data = .)        628.1209
gam(log(value) ~ s(wspeed) + s(jd) + s(sp) + s(v10m), data = .)      631.6189
gam(log(value) ~ s(pwspeed) + s(jd) + s(sp) + s(v10m), data = .)     651.8102

Modello migliore: tmax2m - jd - sp - v10m 

Dati backward:  522.136022581645::tmax2m::jd::sp::v10m 

Scelgo il modello N 

---------- START ---------- 

                                                                               IT1183A
gam(log(value) ~ s(tmin2m) + s(jd) + s(sp) + s(t2m) + s(v10m), data = .)      473.1801
gam(log(value) ~ s(tmax2m) + s(jd) + s(sp) + s(t2m) + s(v10m), data = .)      475.0641
gam(log(value) ~ s(tp) + s(jd) + s(sp) + s(t2m) + s(v10m), data = .)          511.1080
gam(log(value) ~ s(ptp) + s(jd) + s(sp) + s(t2m) + s(v10m), data = .)         497.9292
gam(log(value) ~ s(rh) + s(jd) + s(sp) + s(t2m) + s(v10m), data = .)          498.2800
gam(log(value) ~ s(u10m) + s(jd) + s(sp) + s(t2m) + s(v10m), data = .)        492.7785
gam(log(value) ~ s(nirradiance) + s(jd) + s(sp) + s(t2m) + s(v10m), data = .) 435.4289
gam(log(value) ~ s(pbl00) + s(jd) + s(sp) + s(t2m) + s(v10m), data = .)       484.5934
gam(log(value) ~ s(pbl12) + s(jd) + s(sp) + s(t2m) + s(v10m), data = .)       470.4291
gam(log(value) ~ s(pblmin) + s(jd) + s(sp) + s(t2m) + s(v10m), data = .)      469.1176
gam(log(value) ~ s(pblmax) + s(jd) + s(sp) + s(t2m) + s(v10m), data = .)      477.6531
gam(log(value) ~ s(wdir) + s(jd) + s(sp) + s(t2m) + s(v10m), data = .)        487.4271
gam(log(value) ~ s(wspeed) + s(jd) + s(sp) + s(t2m) + s(v10m), data = .)      495.1259
gam(log(value) ~ s(pwspeed) + s(jd) + s(sp) + s(t2m) + s(v10m), data = .)     509.4838

Modello migliore: nirradiance - jd - sp - t2m - v10m 

Variabile scelta nirradiance con AIC 435.428854543276  

Modelli BACKWARD 

                                                                                  IT1183A
gam(log(value) ~ s(tmin2m) + s(jd) + s(sp) + s(t2m) + s(nirradiance), data = .)  347.6372
gam(log(value) ~ s(tmax2m) + s(jd) + s(sp) + s(t2m) + s(nirradiance), data = .)  347.5913
gam(log(value) ~ s(tp) + s(jd) + s(sp) + s(t2m) + s(nirradiance), data = .)      485.1265
gam(log(value) ~ s(ptp) + s(jd) + s(sp) + s(t2m) + s(nirradiance), data = .)     512.0561
gam(log(value) ~ s(rh) + s(jd) + s(sp) + s(t2m) + s(nirradiance), data = .)      484.2722
gam(log(value) ~ s(u10m) + s(jd) + s(sp) + s(t2m) + s(nirradiance), data = .)    462.1528
gam(log(value) ~ s(pbl00) + s(jd) + s(sp) + s(t2m) + s(nirradiance), data = .)   469.1071
gam(log(value) ~ s(pbl12) + s(jd) + s(sp) + s(t2m) + s(nirradiance), data = .)   518.7731
gam(log(value) ~ s(pblmin) + s(jd) + s(sp) + s(t2m) + s(nirradiance), data = .)  412.9129
gam(log(value) ~ s(pblmax) + s(jd) + s(sp) + s(t2m) + s(nirradiance), data = .)  524.3751
gam(log(value) ~ s(wdir) + s(jd) + s(sp) + s(t2m) + s(nirradiance), data = .)    471.9062
gam(log(value) ~ s(wspeed) + s(jd) + s(sp) + s(t2m) + s(nirradiance), data = .)  450.0034
gam(log(value) ~ s(pwspeed) + s(jd) + s(sp) + s(t2m) + s(nirradiance), data = .) 512.2400

Modello migliore: tmax2m - jd - sp - t2m - nirradiance 

Dati backward:  347.591265437077::tmax2m::jd::sp::t2m::nirradiance 

Scelgo il modello N-1 

---------- START ---------- 

                                                                           IT1183A
gam(log(value) ~ s(tmin2m) + s(jd) + s(sp) + s(t2m) + s(v10m), data = .)  473.1801
gam(log(value) ~ s(tmax2m) + s(jd) + s(sp) + s(t2m) + s(v10m), data = .)  475.0641
gam(log(value) ~ s(tp) + s(jd) + s(sp) + s(t2m) + s(v10m), data = .)      511.1080
gam(log(value) ~ s(ptp) + s(jd) + s(sp) + s(t2m) + s(v10m), data = .)     497.9292
gam(log(value) ~ s(rh) + s(jd) + s(sp) + s(t2m) + s(v10m), data = .)      498.2800
gam(log(value) ~ s(u10m) + s(jd) + s(sp) + s(t2m) + s(v10m), data = .)    492.7785
gam(log(value) ~ s(pbl00) + s(jd) + s(sp) + s(t2m) + s(v10m), data = .)   484.5934
gam(log(value) ~ s(pbl12) + s(jd) + s(sp) + s(t2m) + s(v10m), data = .)   470.4291
gam(log(value) ~ s(pblmin) + s(jd) + s(sp) + s(t2m) + s(v10m), data = .)  469.1176
gam(log(value) ~ s(pblmax) + s(jd) + s(sp) + s(t2m) + s(v10m), data = .)  477.6531
gam(log(value) ~ s(wdir) + s(jd) + s(sp) + s(t2m) + s(v10m), data = .)    487.4271
gam(log(value) ~ s(wspeed) + s(jd) + s(sp) + s(t2m) + s(v10m), data = .)  495.1259
gam(log(value) ~ s(pwspeed) + s(jd) + s(sp) + s(t2m) + s(v10m), data = .) 509.4838

Modello migliore: pblmin - jd - sp - t2m - v10m 

Variabile scelta pblmin con AIC 469.117578103398  

Fine per scelta MODELLO 

jd + sp + t2m + v10m 

---------------------- 

NOTE: Log Print Time:  2021-05-11 11:26:42 
NOTE: Elapsed Time in seconds: 54.2388546466827 

Fine per scelta MODELLO 

jd + sp + t2m + v10m 

---------------------- 

NOTE: Log Print Time:  2021-05-11 11:26:42 
NOTE: Elapsed Time in seconds: 0.00116133689880371 

Fine per scelta MODELLO 

jd + sp + t2m + v10m 

---------------------- 

NOTE: Log Print Time:  2021-05-11 11:26:42 
NOTE: Elapsed Time in seconds: 0.00101494789123535 

Fine per scelta MODELLO 

jd + sp + t2m + v10m 

---------------------- 

NOTE: Log Print Time:  2021-05-11 11:26:42 
NOTE: Elapsed Time in seconds: 0.00103855133056641 

Fine per scelta MODELLO 

jd + sp + t2m + v10m 

---------------------- 

NOTE: Log Print Time:  2021-05-11 11:26:42 
NOTE: Elapsed Time in seconds: 0.000996828079223633 

========================================================================= 
Log End Time: 2021-05-11 11:26:42 
Log Elapsed Time: 0 00:00:54 
========================================================================= 
