========================================================================= 
Log Path: output/12/no2/log/pulvirus_no2_12_IT0828A.log 
Working Directory: /home/rmorelli/R/pulvirus/analisi/GAM/scelta 
User Name: rmorelli 
R Version: 4.0.5 (2021-03-31) 
Machine: pasqualino x86_64 
Operating System: Linux 4.19.0-13-amd64 #1 SMP Debian 4.19.160-2 (2020-11-28) 
Log Start Time: 2021-05-11 10:57:15 
========================================================================= 

Stazione: IT0828A 

---------- START ---------- 

                                             IT0828A
gam(log(value) ~ s(t2m), data = .)          906.7668
gam(log(value) ~ s(tmin2m), data = .)       937.3481
gam(log(value) ~ s(tmax2m), data = .)       945.4767
gam(log(value) ~ s(tp), data = .)          1155.5261
gam(log(value) ~ s(ptp), data = .)         1169.7021
gam(log(value) ~ s(rh), data = .)          1102.0304
gam(log(value) ~ s(u10m), data = .)         919.7632
gam(log(value) ~ s(v10m), data = .)        1107.8237
gam(log(value) ~ s(sp), data = .)           947.8141
gam(log(value) ~ s(nirradiance), data = .)  793.0445
gam(log(value) ~ s(pbl00), data = .)       1109.8733
gam(log(value) ~ s(pbl12), data = .)        809.0654
gam(log(value) ~ s(pblmin), data = .)      1114.6639
gam(log(value) ~ s(pblmax), data = .)       857.1971
gam(log(value) ~ s(wdir), data = .)         827.3712
gam(log(value) ~ s(wspeed), data = .)      1141.7875
gam(log(value) ~ s(pwspeed), data = .)     1169.2572
gam(log(value) ~ s(jd), data = .)           298.8982

Modello migliore: jd 

Variabile scelta jd con AIC 298.898154154884  

---------- START ---------- 

                                                     IT0828A
gam(log(value) ~ s(t2m) + s(jd), data = .)         208.27733
gam(log(value) ~ s(tmin2m) + s(jd), data = .)      228.70512
gam(log(value) ~ s(tmax2m) + s(jd), data = .)      242.43764
gam(log(value) ~ s(tp) + s(jd), data = .)          247.05516
gam(log(value) ~ s(ptp) + s(jd), data = .)         259.88451
gam(log(value) ~ s(rh) + s(jd), data = .)          296.33660
gam(log(value) ~ s(u10m) + s(jd), data = .)         75.83291
gam(log(value) ~ s(v10m) + s(jd), data = .)        160.29662
gam(log(value) ~ s(sp) + s(jd), data = .)          145.48962
gam(log(value) ~ s(nirradiance) + s(jd), data = .) 173.30512
gam(log(value) ~ s(pbl00) + s(jd), data = .)       102.89953
gam(log(value) ~ s(pbl12) + s(jd), data = .)        94.14074
gam(log(value) ~ s(pblmin) + s(jd), data = .)       93.30362
gam(log(value) ~ s(pblmax) + s(jd), data = .)      128.92605
gam(log(value) ~ s(wdir) + s(jd), data = .)         46.98696
gam(log(value) ~ s(wspeed) + s(jd), data = .)      159.32625
gam(log(value) ~ s(pwspeed) + s(jd), data = .)     261.32761
gam(log(value) ~ s(jd) + s(jd), data = .)          298.89815

Modello migliore: wdir - jd 

Variabile scelta wdir con AIC 46.9869624329104  

Modelli BACKWARD 

                                                      IT0828A
gam(log(value) ~ s(t2m) + s(wdir), data = .)         697.8959
gam(log(value) ~ s(tmin2m) + s(wdir), data = .)      724.4574
gam(log(value) ~ s(tmax2m) + s(wdir), data = .)      700.6166
gam(log(value) ~ s(tp) + s(wdir), data = .)          804.1935
gam(log(value) ~ s(ptp) + s(wdir), data = .)         822.2957
gam(log(value) ~ s(rh) + s(wdir), data = .)          804.6608
gam(log(value) ~ s(u10m) + s(wdir), data = .)        810.0028
gam(log(value) ~ s(v10m) + s(wdir), data = .)        767.9158
gam(log(value) ~ s(sp) + s(wdir), data = .)          706.4766
gam(log(value) ~ s(nirradiance) + s(wdir), data = .) 656.8927
gam(log(value) ~ s(pbl00) + s(wdir), data = .)       772.5022
gam(log(value) ~ s(pbl12) + s(wdir), data = .)       662.6241
gam(log(value) ~ s(pblmin) + s(wdir), data = .)      754.3363
gam(log(value) ~ s(pblmax) + s(wdir), data = .)      678.4480
gam(log(value) ~ s(wspeed) + s(wdir), data = .)      775.9234
gam(log(value) ~ s(pwspeed) + s(wdir), data = .)     825.2055

Modello migliore: nirradiance - wdir 

Dati backward:  656.892702680939::nirradiance::wdir 

Scelgo il modello N 

---------- START ---------- 

                                                                 IT0828A
gam(log(value) ~ s(t2m) + s(jd) + s(wdir), data = .)          -31.676328
gam(log(value) ~ s(tmin2m) + s(jd) + s(wdir), data = .)        -8.791168
gam(log(value) ~ s(tmax2m) + s(jd) + s(wdir), data = .)       -25.246810
gam(log(value) ~ s(tp) + s(jd) + s(wdir), data = .)           -10.012985
gam(log(value) ~ s(ptp) + s(jd) + s(wdir), data = .)           16.942752
gam(log(value) ~ s(rh) + s(jd) + s(wdir), data = .)            46.169592
gam(log(value) ~ s(u10m) + s(jd) + s(wdir), data = .)         -50.731794
gam(log(value) ~ s(v10m) + s(jd) + s(wdir), data = .)         -95.644769
gam(log(value) ~ s(sp) + s(jd) + s(wdir), data = .)           -73.826746
gam(log(value) ~ s(nirradiance) + s(jd) + s(wdir), data = .)  -38.509457
gam(log(value) ~ s(pbl00) + s(jd) + s(wdir), data = .)       -107.077944
gam(log(value) ~ s(pbl12) + s(jd) + s(wdir), data = .)        -95.047371
gam(log(value) ~ s(pblmin) + s(jd) + s(wdir), data = .)      -157.131305
gam(log(value) ~ s(pblmax) + s(jd) + s(wdir), data = .)       -76.570750
gam(log(value) ~ s(wspeed) + s(jd) + s(wdir), data = .)      -108.241957
gam(log(value) ~ s(pwspeed) + s(jd) + s(wdir), data = .)       19.332667

Modello migliore: pblmin - jd - wdir 

Variabile scelta pblmin con AIC -157.131305030477  

Modelli BACKWARD 

                                                                  IT0828A
gam(log(value) ~ s(t2m) + s(jd) + s(pblmin), data = .)           23.86506
gam(log(value) ~ s(tmin2m) + s(jd) + s(pblmin), data = .)        41.38606
gam(log(value) ~ s(tmax2m) + s(jd) + s(pblmin), data = .)        35.37204
gam(log(value) ~ s(tp) + s(jd) + s(pblmin), data = .)            91.51532
gam(log(value) ~ s(ptp) + s(jd) + s(pblmin), data = .)           88.47390
gam(log(value) ~ s(rh) + s(jd) + s(pblmin), data = .)            88.86361
gam(log(value) ~ s(u10m) + s(jd) + s(pblmin), data = .)        -152.91289
gam(log(value) ~ s(v10m) + s(jd) + s(pblmin), data = .)          76.90517
gam(log(value) ~ s(sp) + s(jd) + s(pblmin), data = .)            22.65635
gam(log(value) ~ s(nirradiance) + s(jd) + s(pblmin), data = .) -130.94844
gam(log(value) ~ s(pbl00) + s(jd) + s(pblmin), data = .)         60.07589
gam(log(value) ~ s(pbl12) + s(jd) + s(pblmin), data = .)        -56.53440
gam(log(value) ~ s(pblmax) + s(jd) + s(pblmin), data = .)       -24.52021
gam(log(value) ~ s(wspeed) + s(jd) + s(pblmin), data = .)        91.07889
gam(log(value) ~ s(pwspeed) + s(jd) + s(pblmin), data = .)       88.80255

Modello migliore: u10m - jd - pblmin 

Dati backward:  -152.912885953249::u10m::jd::pblmin 

Scelgo il modello N 

---------- START ---------- 

                                                                           IT0828A
gam(log(value) ~ s(t2m) + s(jd) + s(wdir) + s(pblmin), data = .)         -215.4874
gam(log(value) ~ s(tmin2m) + s(jd) + s(wdir) + s(pblmin), data = .)      -186.0697
gam(log(value) ~ s(tmax2m) + s(jd) + s(wdir) + s(pblmin), data = .)      -236.5660
gam(log(value) ~ s(tp) + s(jd) + s(wdir) + s(pblmin), data = .)          -159.9003
gam(log(value) ~ s(ptp) + s(jd) + s(wdir) + s(pblmin), data = .)         -159.1090
gam(log(value) ~ s(rh) + s(jd) + s(wdir) + s(pblmin), data = .)          -161.1988
gam(log(value) ~ s(u10m) + s(jd) + s(wdir) + s(pblmin), data = .)        -195.2782
gam(log(value) ~ s(v10m) + s(jd) + s(wdir) + s(pblmin), data = .)        -177.1003
gam(log(value) ~ s(sp) + s(jd) + s(wdir) + s(pblmin), data = .)          -205.7560
gam(log(value) ~ s(nirradiance) + s(jd) + s(wdir) + s(pblmin), data = .) -326.3346
gam(log(value) ~ s(pbl00) + s(jd) + s(wdir) + s(pblmin), data = .)       -169.1071
gam(log(value) ~ s(pbl12) + s(jd) + s(wdir) + s(pblmin), data = .)       -253.4620
gam(log(value) ~ s(pblmax) + s(jd) + s(wdir) + s(pblmin), data = .)      -230.9997
gam(log(value) ~ s(wspeed) + s(jd) + s(wdir) + s(pblmin), data = .)      -167.1151
gam(log(value) ~ s(pwspeed) + s(jd) + s(wdir) + s(pblmin), data = .)     -156.0411

Modello migliore: nirradiance - jd - wdir - pblmin 

Variabile scelta nirradiance con AIC -326.334554371864  

Modelli BACKWARD 

                                                                             IT0828A
gam(log(value) ~ s(t2m) + s(jd) + s(wdir) + s(nirradiance), data = .)     -104.27295
gam(log(value) ~ s(tmin2m) + s(jd) + s(wdir) + s(nirradiance), data = .)  -101.92791
gam(log(value) ~ s(tmax2m) + s(jd) + s(wdir) + s(nirradiance), data = .)   -93.09207
gam(log(value) ~ s(tp) + s(jd) + s(wdir) + s(nirradiance), data = .)      -192.08709
gam(log(value) ~ s(ptp) + s(jd) + s(wdir) + s(nirradiance), data = .)      -79.80626
gam(log(value) ~ s(rh) + s(jd) + s(wdir) + s(nirradiance), data = .)       -38.04556
gam(log(value) ~ s(u10m) + s(jd) + s(wdir) + s(nirradiance), data = .)    -199.29736
gam(log(value) ~ s(v10m) + s(jd) + s(wdir) + s(nirradiance), data = .)    -235.56361
gam(log(value) ~ s(sp) + s(jd) + s(wdir) + s(nirradiance), data = .)      -192.42697
gam(log(value) ~ s(pbl00) + s(jd) + s(wdir) + s(nirradiance), data = .)   -250.08387
gam(log(value) ~ s(pbl12) + s(jd) + s(wdir) + s(nirradiance), data = .)   -144.56783
gam(log(value) ~ s(pblmax) + s(jd) + s(wdir) + s(nirradiance), data = .)  -133.31788
gam(log(value) ~ s(wspeed) + s(jd) + s(wdir) + s(nirradiance), data = .)  -263.02042
gam(log(value) ~ s(pwspeed) + s(jd) + s(wdir) + s(nirradiance), data = .)  -93.39310

Modello migliore: wspeed - jd - wdir - nirradiance 

Dati backward:  -263.020421956506::wspeed::jd::wdir::nirradiance 

Scelgo il modello N 

---------- START ---------- 

                                                                                        IT0828A
gam(log(value) ~ s(t2m) + s(jd) + s(wdir) + s(pblmin) + s(nirradiance), data = .)     -367.2829
gam(log(value) ~ s(tmin2m) + s(jd) + s(wdir) + s(pblmin) + s(nirradiance), data = .)  -358.2800
gam(log(value) ~ s(tmax2m) + s(jd) + s(wdir) + s(pblmin) + s(nirradiance), data = .)  -370.4531
gam(log(value) ~ s(tp) + s(jd) + s(wdir) + s(pblmin) + s(nirradiance), data = .)      -397.0511
gam(log(value) ~ s(ptp) + s(jd) + s(wdir) + s(pblmin) + s(nirradiance), data = .)     -337.4048
gam(log(value) ~ s(rh) + s(jd) + s(wdir) + s(pblmin) + s(nirradiance), data = .)      -351.9101
gam(log(value) ~ s(u10m) + s(jd) + s(wdir) + s(pblmin) + s(nirradiance), data = .)    -385.0067
gam(log(value) ~ s(v10m) + s(jd) + s(wdir) + s(pblmin) + s(nirradiance), data = .)    -347.5885
gam(log(value) ~ s(sp) + s(jd) + s(wdir) + s(pblmin) + s(nirradiance), data = .)      -392.2086
gam(log(value) ~ s(pbl00) + s(jd) + s(wdir) + s(pblmin) + s(nirradiance), data = .)   -346.6743
gam(log(value) ~ s(pbl12) + s(jd) + s(wdir) + s(pblmin) + s(nirradiance), data = .)   -348.4764
gam(log(value) ~ s(pblmax) + s(jd) + s(wdir) + s(pblmin) + s(nirradiance), data = .)  -343.2137
gam(log(value) ~ s(wspeed) + s(jd) + s(wdir) + s(pblmin) + s(nirradiance), data = .)  -352.6560
gam(log(value) ~ s(pwspeed) + s(jd) + s(wdir) + s(pblmin) + s(nirradiance), data = .) -327.0061

Modello migliore: tp - jd - wdir - pblmin - nirradiance 

Variabile scelta tp con AIC -397.051098314512  

Modelli BACKWARD 

                                                                               IT0828A
gam(log(value) ~ s(t2m) + s(jd) + s(wdir) + s(pblmin) + s(tp), data = .)     -218.2779
gam(log(value) ~ s(tmin2m) + s(jd) + s(wdir) + s(pblmin) + s(tp), data = .)  -188.4106
gam(log(value) ~ s(tmax2m) + s(jd) + s(wdir) + s(pblmin) + s(tp), data = .)  -239.4666
gam(log(value) ~ s(ptp) + s(jd) + s(wdir) + s(pblmin) + s(tp), data = .)     -161.4100
gam(log(value) ~ s(rh) + s(jd) + s(wdir) + s(pblmin) + s(tp), data = .)      -168.3924
gam(log(value) ~ s(u10m) + s(jd) + s(wdir) + s(pblmin) + s(tp), data = .)    -199.4838
gam(log(value) ~ s(v10m) + s(jd) + s(wdir) + s(pblmin) + s(tp), data = .)    -183.3460
gam(log(value) ~ s(sp) + s(jd) + s(wdir) + s(pblmin) + s(tp), data = .)      -211.6387
gam(log(value) ~ s(pbl00) + s(jd) + s(wdir) + s(pblmin) + s(tp), data = .)   -170.1718
gam(log(value) ~ s(pbl12) + s(jd) + s(wdir) + s(pblmin) + s(tp), data = .)   -271.0416
gam(log(value) ~ s(pblmax) + s(jd) + s(wdir) + s(pblmin) + s(tp), data = .)  -239.9659
gam(log(value) ~ s(wspeed) + s(jd) + s(wdir) + s(pblmin) + s(tp), data = .)  -168.7546
gam(log(value) ~ s(pwspeed) + s(jd) + s(wdir) + s(pblmin) + s(tp), data = .) -158.3326

Modello migliore: pbl12 - jd - wdir - pblmin - tp 

Dati backward:  -271.041610993853::pbl12::jd::wdir::pblmin::tp 

Scelgo il modello N 

---------- START ---------- 

                                                                                                IT0828A
gam(log(value) ~ s(t2m) + s(jd) + s(wdir) + s(pblmin) + s(nirradiance) + s(tp), data = .)     -440.4564
gam(log(value) ~ s(tmin2m) + s(jd) + s(wdir) + s(pblmin) + s(nirradiance) + s(tp), data = .)  -425.4972
gam(log(value) ~ s(tmax2m) + s(jd) + s(wdir) + s(pblmin) + s(nirradiance) + s(tp), data = .)  -443.0582
gam(log(value) ~ s(ptp) + s(jd) + s(wdir) + s(pblmin) + s(nirradiance) + s(tp), data = .)     -395.6258
gam(log(value) ~ s(rh) + s(jd) + s(wdir) + s(pblmin) + s(nirradiance) + s(tp), data = .)      -407.2570
gam(log(value) ~ s(u10m) + s(jd) + s(wdir) + s(pblmin) + s(nirradiance) + s(tp), data = .)    -451.3238
gam(log(value) ~ s(v10m) + s(jd) + s(wdir) + s(pblmin) + s(nirradiance) + s(tp), data = .)    -423.4346
gam(log(value) ~ s(sp) + s(jd) + s(wdir) + s(pblmin) + s(nirradiance) + s(tp), data = .)      -443.4919
gam(log(value) ~ s(pbl00) + s(jd) + s(wdir) + s(pblmin) + s(nirradiance) + s(tp), data = .)   -408.5482
gam(log(value) ~ s(pbl12) + s(jd) + s(wdir) + s(pblmin) + s(nirradiance) + s(tp), data = .)   -416.6537
gam(log(value) ~ s(pblmax) + s(jd) + s(wdir) + s(pblmin) + s(nirradiance) + s(tp), data = .)  -406.5402
gam(log(value) ~ s(wspeed) + s(jd) + s(wdir) + s(pblmin) + s(nirradiance) + s(tp), data = .)  -422.3626
gam(log(value) ~ s(pwspeed) + s(jd) + s(wdir) + s(pblmin) + s(nirradiance) + s(tp), data = .) -395.7346

Modello migliore: u10m - jd - wdir - pblmin - nirradiance - tp 

Variabile scelta u10m con AIC -451.323784729267  

Modelli BACKWARD 

                                                                                                  IT0828A
gam(log(value) ~ s(t2m) + s(jd) + s(wdir) + s(pblmin) + s(nirradiance) + s(u10m), data = .)     -428.0768
gam(log(value) ~ s(tmin2m) + s(jd) + s(wdir) + s(pblmin) + s(nirradiance) + s(u10m), data = .)  -418.6808
gam(log(value) ~ s(tmax2m) + s(jd) + s(wdir) + s(pblmin) + s(nirradiance) + s(u10m), data = .)  -435.7386
gam(log(value) ~ s(ptp) + s(jd) + s(wdir) + s(pblmin) + s(nirradiance) + s(u10m), data = .)     -390.3615
gam(log(value) ~ s(rh) + s(jd) + s(wdir) + s(pblmin) + s(nirradiance) + s(u10m), data = .)      -413.4052
gam(log(value) ~ s(v10m) + s(jd) + s(wdir) + s(pblmin) + s(nirradiance) + s(u10m), data = .)    -396.8960
gam(log(value) ~ s(sp) + s(jd) + s(wdir) + s(pblmin) + s(nirradiance) + s(u10m), data = .)      -444.3296
gam(log(value) ~ s(pbl00) + s(jd) + s(wdir) + s(pblmin) + s(nirradiance) + s(u10m), data = .)   -392.7511
gam(log(value) ~ s(pbl12) + s(jd) + s(wdir) + s(pblmin) + s(nirradiance) + s(u10m), data = .)   -403.6120
gam(log(value) ~ s(pblmax) + s(jd) + s(wdir) + s(pblmin) + s(nirradiance) + s(u10m), data = .)  -401.3254
gam(log(value) ~ s(wspeed) + s(jd) + s(wdir) + s(pblmin) + s(nirradiance) + s(u10m), data = .)  -396.6176
gam(log(value) ~ s(pwspeed) + s(jd) + s(wdir) + s(pblmin) + s(nirradiance) + s(u10m), data = .) -383.4066

Modello migliore: sp - jd - wdir - pblmin - nirradiance - u10m 

Dati backward:  -444.329636188361::sp::jd::wdir::pblmin::nirradiance::u10m 

Scelgo il modello N 

---------- START ---------- 

                                                                                                          IT0828A
gam(log(value) ~ s(t2m) + s(jd) + s(wdir) + s(pblmin) + s(nirradiance) + s(tp) + s(u10m), data = .)     -498.0522
gam(log(value) ~ s(tmin2m) + s(jd) + s(wdir) + s(pblmin) + s(nirradiance) + s(tp) + s(u10m), data = .)  -481.9388
gam(log(value) ~ s(tmax2m) + s(jd) + s(wdir) + s(pblmin) + s(nirradiance) + s(tp) + s(u10m), data = .)  -505.3829
gam(log(value) ~ s(ptp) + s(jd) + s(wdir) + s(pblmin) + s(nirradiance) + s(tp) + s(u10m), data = .)     -449.4986
gam(log(value) ~ s(rh) + s(jd) + s(wdir) + s(pblmin) + s(nirradiance) + s(tp) + s(u10m), data = .)      -463.7698
gam(log(value) ~ s(v10m) + s(jd) + s(wdir) + s(pblmin) + s(nirradiance) + s(tp) + s(u10m), data = .)    -470.9344
gam(log(value) ~ s(sp) + s(jd) + s(wdir) + s(pblmin) + s(nirradiance) + s(tp) + s(u10m), data = .)      -497.1819
gam(log(value) ~ s(pbl00) + s(jd) + s(wdir) + s(pblmin) + s(nirradiance) + s(tp) + s(u10m), data = .)   -453.7301
gam(log(value) ~ s(pbl12) + s(jd) + s(wdir) + s(pblmin) + s(nirradiance) + s(tp) + s(u10m), data = .)   -468.7327
gam(log(value) ~ s(pblmax) + s(jd) + s(wdir) + s(pblmin) + s(nirradiance) + s(tp) + s(u10m), data = .)  -461.3543
gam(log(value) ~ s(wspeed) + s(jd) + s(wdir) + s(pblmin) + s(nirradiance) + s(tp) + s(u10m), data = .)  -463.2208
gam(log(value) ~ s(pwspeed) + s(jd) + s(wdir) + s(pblmin) + s(nirradiance) + s(tp) + s(u10m), data = .) -449.3511

Modello migliore: tmax2m - jd - wdir - pblmin - nirradiance - tp - u10m 

Variabile scelta tmax2m con AIC -505.382884283415  

Modelli BACKWARD 

                                                                                                            IT0828A
gam(log(value) ~ s(t2m) + s(jd) + s(wdir) + s(pblmin) + s(nirradiance) + s(tp) + s(tmax2m), data = .)     -563.1472
gam(log(value) ~ s(tmin2m) + s(jd) + s(wdir) + s(pblmin) + s(nirradiance) + s(tp) + s(tmax2m), data = .)  -568.1881
gam(log(value) ~ s(ptp) + s(jd) + s(wdir) + s(pblmin) + s(nirradiance) + s(tp) + s(tmax2m), data = .)     -442.3374
gam(log(value) ~ s(rh) + s(jd) + s(wdir) + s(pblmin) + s(nirradiance) + s(tp) + s(tmax2m), data = .)      -446.8713
gam(log(value) ~ s(v10m) + s(jd) + s(wdir) + s(pblmin) + s(nirradiance) + s(tp) + s(tmax2m), data = .)    -481.6109
gam(log(value) ~ s(sp) + s(jd) + s(wdir) + s(pblmin) + s(nirradiance) + s(tp) + s(tmax2m), data = .)      -491.7900
gam(log(value) ~ s(pbl00) + s(jd) + s(wdir) + s(pblmin) + s(nirradiance) + s(tp) + s(tmax2m), data = .)   -454.8903
gam(log(value) ~ s(pbl12) + s(jd) + s(wdir) + s(pblmin) + s(nirradiance) + s(tp) + s(tmax2m), data = .)   -460.1922
gam(log(value) ~ s(pblmax) + s(jd) + s(wdir) + s(pblmin) + s(nirradiance) + s(tp) + s(tmax2m), data = .)  -450.7213
gam(log(value) ~ s(wspeed) + s(jd) + s(wdir) + s(pblmin) + s(nirradiance) + s(tp) + s(tmax2m), data = .)  -474.9682
gam(log(value) ~ s(pwspeed) + s(jd) + s(wdir) + s(pblmin) + s(nirradiance) + s(tp) + s(tmax2m), data = .) -441.7135

Modello migliore: tmin2m - jd - wdir - pblmin - nirradiance - tp - tmax2m 

Dati backward:  -568.188102578461::tmin2m::jd::wdir::pblmin::nirradiance::tp::tmax2m 

Scelgo il modello N-1 

---------- START ---------- 

                                                                                                          IT0828A
gam(log(value) ~ s(t2m) + s(jd) + s(wdir) + s(pblmin) + s(nirradiance) + s(tp) + s(u10m), data = .)     -498.0522
gam(log(value) ~ s(tmin2m) + s(jd) + s(wdir) + s(pblmin) + s(nirradiance) + s(tp) + s(u10m), data = .)  -481.9388
gam(log(value) ~ s(ptp) + s(jd) + s(wdir) + s(pblmin) + s(nirradiance) + s(tp) + s(u10m), data = .)     -449.4986
gam(log(value) ~ s(rh) + s(jd) + s(wdir) + s(pblmin) + s(nirradiance) + s(tp) + s(u10m), data = .)      -463.7698
gam(log(value) ~ s(v10m) + s(jd) + s(wdir) + s(pblmin) + s(nirradiance) + s(tp) + s(u10m), data = .)    -470.9344
gam(log(value) ~ s(sp) + s(jd) + s(wdir) + s(pblmin) + s(nirradiance) + s(tp) + s(u10m), data = .)      -497.1819
gam(log(value) ~ s(pbl00) + s(jd) + s(wdir) + s(pblmin) + s(nirradiance) + s(tp) + s(u10m), data = .)   -453.7301
gam(log(value) ~ s(pbl12) + s(jd) + s(wdir) + s(pblmin) + s(nirradiance) + s(tp) + s(u10m), data = .)   -468.7327
gam(log(value) ~ s(pblmax) + s(jd) + s(wdir) + s(pblmin) + s(nirradiance) + s(tp) + s(u10m), data = .)  -461.3543
gam(log(value) ~ s(wspeed) + s(jd) + s(wdir) + s(pblmin) + s(nirradiance) + s(tp) + s(u10m), data = .)  -463.2208
gam(log(value) ~ s(pwspeed) + s(jd) + s(wdir) + s(pblmin) + s(nirradiance) + s(tp) + s(u10m), data = .) -449.3511

Modello migliore: t2m - jd - wdir - pblmin - nirradiance - tp - u10m 

Variabile scelta t2m con AIC -498.052167614262  

Fine per scelta MODELLO 

jd + wdir + pblmin + nirradiance + tp + u10m 

---------------------- 

NOTE: Log Print Time:  2021-05-11 10:58:49 
NOTE: Elapsed Time in seconds: 1.56082447369893 

Fine per scelta MODELLO 

jd + wdir + pblmin + nirradiance + tp + u10m 

---------------------- 

NOTE: Log Print Time:  2021-05-11 10:58:49 
NOTE: Elapsed Time in seconds: 0.00136137008666992 

Fine per scelta MODELLO 

jd + wdir + pblmin + nirradiance + tp + u10m 

---------------------- 

NOTE: Log Print Time:  2021-05-11 10:58:49 
NOTE: Elapsed Time in seconds: 0.00100803375244141 

Fine per scelta MODELLO 

jd + wdir + pblmin + nirradiance + tp + u10m 

---------------------- 

NOTE: Log Print Time:  2021-05-11 10:58:49 
NOTE: Elapsed Time in seconds: 0.000982284545898438 

Fine per scelta MODELLO 

jd + wdir + pblmin + nirradiance + tp + u10m 

---------------------- 

NOTE: Log Print Time:  2021-05-11 10:58:49 
NOTE: Elapsed Time in seconds: 0.000983476638793945 

Fine per scelta MODELLO 

jd + wdir + pblmin + nirradiance + tp + u10m 

---------------------- 

NOTE: Log Print Time:  2021-05-11 10:58:49 
NOTE: Elapsed Time in seconds: 0.000982761383056641 

Fine per scelta MODELLO 

jd + wdir + pblmin + nirradiance + tp + u10m 

---------------------- 

NOTE: Log Print Time:  2021-05-11 10:58:49 
NOTE: Elapsed Time in seconds: 0.00100207328796387 

========================================================================= 
Log End Time: 2021-05-11 10:58:49 
Log Elapsed Time: 0 00:00:01 
========================================================================= 
