========================================================================= 
Log Path: output/12/no2/log/pulvirus_no2_12_IT0870A.log 
Working Directory: /home/rmorelli/R/pulvirus/analisi/GAM/scelta 
User Name: rmorelli 
R Version: 4.0.5 (2021-03-31) 
Machine: pasqualino x86_64 
Operating System: Linux 4.19.0-13-amd64 #1 SMP Debian 4.19.160-2 (2020-11-28) 
Log Start Time: 2021-05-11 11:43:07 
========================================================================= 

Stazione: IT0870A 

---------- START ---------- 

                                            IT0870A
gam(log(value) ~ s(t2m), data = .)         1562.065
gam(log(value) ~ s(tmin2m), data = .)      1552.433
gam(log(value) ~ s(tmax2m), data = .)      1639.221
gam(log(value) ~ s(tp), data = .)          1992.349
gam(log(value) ~ s(ptp), data = .)         2012.185
gam(log(value) ~ s(rh), data = .)          1903.429
gam(log(value) ~ s(u10m), data = .)        1778.333
gam(log(value) ~ s(v10m), data = .)        1927.201
gam(log(value) ~ s(sp), data = .)          1762.406
gam(log(value) ~ s(nirradiance), data = .) 1618.112
gam(log(value) ~ s(pbl00), data = .)       1984.955
gam(log(value) ~ s(pbl12), data = .)       1678.772
gam(log(value) ~ s(pblmin), data = .)      1985.705
gam(log(value) ~ s(pblmax), data = .)      1724.964
gam(log(value) ~ s(wdir), data = .)        1768.997
gam(log(value) ~ s(wspeed), data = .)      1994.934
gam(log(value) ~ s(pwspeed), data = .)     2017.535
gam(log(value) ~ s(jd), data = .)          1275.714

Modello migliore: jd 

Variabile scelta jd con AIC 1275.71426342208  

---------- START ---------- 

                                                    IT0870A
gam(log(value) ~ s(t2m) + s(jd), data = .)         1248.136
gam(log(value) ~ s(tmin2m) + s(jd), data = .)      1213.426
gam(log(value) ~ s(tmax2m) + s(jd), data = .)      1263.479
gam(log(value) ~ s(tp) + s(jd), data = .)          1196.286
gam(log(value) ~ s(ptp) + s(jd), data = .)         1241.801
gam(log(value) ~ s(rh) + s(jd), data = .)          1238.186
gam(log(value) ~ s(u10m) + s(jd), data = .)        1096.659
gam(log(value) ~ s(v10m) + s(jd), data = .)        1170.094
gam(log(value) ~ s(sp) + s(jd), data = .)          1141.002
gam(log(value) ~ s(nirradiance) + s(jd), data = .) 1238.871
gam(log(value) ~ s(pbl00) + s(jd), data = .)       1105.487
gam(log(value) ~ s(pbl12) + s(jd), data = .)       1252.178
gam(log(value) ~ s(pblmin) + s(jd), data = .)      1113.278
gam(log(value) ~ s(pblmax) + s(jd), data = .)      1260.198
gam(log(value) ~ s(wdir) + s(jd), data = .)        1202.146
gam(log(value) ~ s(wspeed) + s(jd), data = .)      1117.501
gam(log(value) ~ s(pwspeed) + s(jd), data = .)     1226.632
gam(log(value) ~ s(jd) + s(jd), data = .)          1275.714

Modello migliore: u10m - jd 

Variabile scelta u10m con AIC 1096.65866832066  

Modelli BACKWARD 

                                                      IT0870A
gam(log(value) ~ s(t2m) + s(u10m), data = .)         1400.373
gam(log(value) ~ s(tmin2m) + s(u10m), data = .)      1420.404
gam(log(value) ~ s(tmax2m) + s(u10m), data = .)      1455.790
gam(log(value) ~ s(tp) + s(u10m), data = .)          1750.040
gam(log(value) ~ s(ptp) + s(u10m), data = .)         1771.481
gam(log(value) ~ s(rh) + s(u10m), data = .)          1709.372
gam(log(value) ~ s(v10m) + s(u10m), data = .)        1698.642
gam(log(value) ~ s(sp) + s(u10m), data = .)          1597.373
gam(log(value) ~ s(nirradiance) + s(u10m), data = .) 1482.579
gam(log(value) ~ s(pbl00) + s(u10m), data = .)       1747.329
gam(log(value) ~ s(pbl12) + s(u10m), data = .)       1547.614
gam(log(value) ~ s(pblmin) + s(u10m), data = .)      1730.757
gam(log(value) ~ s(pblmax) + s(u10m), data = .)      1573.696
gam(log(value) ~ s(wdir) + s(u10m), data = .)        1714.558
gam(log(value) ~ s(wspeed) + s(u10m), data = .)      1751.299
gam(log(value) ~ s(pwspeed) + s(u10m), data = .)     1775.861

Modello migliore: t2m - u10m 

Dati backward:  1400.37280364747::t2m::u10m 

Scelgo il modello N 

---------- START ---------- 

                                                               IT0870A
gam(log(value) ~ s(t2m) + s(jd) + s(u10m), data = .)         1066.4470
gam(log(value) ~ s(tmin2m) + s(jd) + s(u10m), data = .)      1049.3302
gam(log(value) ~ s(tmax2m) + s(jd) + s(u10m), data = .)      1080.6369
gam(log(value) ~ s(tp) + s(jd) + s(u10m), data = .)          1041.4780
gam(log(value) ~ s(ptp) + s(jd) + s(u10m), data = .)         1073.8217
gam(log(value) ~ s(rh) + s(jd) + s(u10m), data = .)          1072.2278
gam(log(value) ~ s(v10m) + s(jd) + s(u10m), data = .)        1003.6161
gam(log(value) ~ s(sp) + s(jd) + s(u10m), data = .)          1011.8216
gam(log(value) ~ s(nirradiance) + s(jd) + s(u10m), data = .) 1083.5717
gam(log(value) ~ s(pbl00) + s(jd) + s(u10m), data = .)        991.4865
gam(log(value) ~ s(pbl12) + s(jd) + s(u10m), data = .)       1079.8481
gam(log(value) ~ s(pblmin) + s(jd) + s(u10m), data = .)      1002.4837
gam(log(value) ~ s(pblmax) + s(jd) + s(u10m), data = .)      1082.6262
gam(log(value) ~ s(wdir) + s(jd) + s(u10m), data = .)        1048.5640
gam(log(value) ~ s(wspeed) + s(jd) + s(u10m), data = .)      1027.8353
gam(log(value) ~ s(pwspeed) + s(jd) + s(u10m), data = .)     1070.9967

Modello migliore: pbl00 - jd - u10m 

Variabile scelta pbl00 con AIC 991.48650138946  

Modelli BACKWARD 

                                                               IT0870A
gam(log(value) ~ s(t2m) + s(jd) + s(pbl00), data = .)         1066.801
gam(log(value) ~ s(tmin2m) + s(jd) + s(pbl00), data = .)      1054.234
gam(log(value) ~ s(tmax2m) + s(jd) + s(pbl00), data = .)      1081.598
gam(log(value) ~ s(tp) + s(jd) + s(pbl00), data = .)          1086.533
gam(log(value) ~ s(ptp) + s(jd) + s(pbl00), data = .)         1105.834
gam(log(value) ~ s(rh) + s(jd) + s(pbl00), data = .)          1094.685
gam(log(value) ~ s(v10m) + s(jd) + s(pbl00), data = .)        1073.980
gam(log(value) ~ s(sp) + s(jd) + s(pbl00), data = .)          1055.252
gam(log(value) ~ s(nirradiance) + s(jd) + s(pbl00), data = .) 1078.928
gam(log(value) ~ s(pbl12) + s(jd) + s(pbl00), data = .)       1082.085
gam(log(value) ~ s(pblmin) + s(jd) + s(pbl00), data = .)      1078.233
gam(log(value) ~ s(pblmax) + s(jd) + s(pbl00), data = .)      1093.817
gam(log(value) ~ s(wdir) + s(jd) + s(pbl00), data = .)        1036.665
gam(log(value) ~ s(wspeed) + s(jd) + s(pbl00), data = .)      1052.565
gam(log(value) ~ s(pwspeed) + s(jd) + s(pbl00), data = .)     1106.484

Modello migliore: wdir - jd - pbl00 

Dati backward:  1036.66517338049::wdir::jd::pbl00 

Scelgo il modello N 

---------- START ---------- 

                                                                         IT0870A
gam(log(value) ~ s(t2m) + s(jd) + s(u10m) + s(pbl00), data = .)         957.4880
gam(log(value) ~ s(tmin2m) + s(jd) + s(u10m) + s(pbl00), data = .)      953.1612
gam(log(value) ~ s(tmax2m) + s(jd) + s(u10m) + s(pbl00), data = .)      970.0139
gam(log(value) ~ s(tp) + s(jd) + s(u10m) + s(pbl00), data = .)          972.7511
gam(log(value) ~ s(ptp) + s(jd) + s(u10m) + s(pbl00), data = .)         991.8319
gam(log(value) ~ s(rh) + s(jd) + s(u10m) + s(pbl00), data = .)          984.6980
gam(log(value) ~ s(v10m) + s(jd) + s(u10m) + s(pbl00), data = .)        950.9697
gam(log(value) ~ s(sp) + s(jd) + s(u10m) + s(pbl00), data = .)          955.7651
gam(log(value) ~ s(nirradiance) + s(jd) + s(u10m) + s(pbl00), data = .) 983.5713
gam(log(value) ~ s(pbl12) + s(jd) + s(u10m) + s(pbl00), data = .)       976.2481
gam(log(value) ~ s(pblmin) + s(jd) + s(u10m) + s(pbl00), data = .)      977.4018
gam(log(value) ~ s(pblmax) + s(jd) + s(u10m) + s(pbl00), data = .)      983.5161
gam(log(value) ~ s(wdir) + s(jd) + s(u10m) + s(pbl00), data = .)        969.2596
gam(log(value) ~ s(wspeed) + s(jd) + s(u10m) + s(pbl00), data = .)      972.2250
gam(log(value) ~ s(pwspeed) + s(jd) + s(u10m) + s(pbl00), data = .)     992.6535

Modello migliore: v10m - jd - u10m - pbl00 

Variabile scelta v10m con AIC 950.96973057114  

Modelli BACKWARD 

                                                                         IT0870A
gam(log(value) ~ s(t2m) + s(jd) + s(u10m) + s(v10m), data = .)          971.3078
gam(log(value) ~ s(tmin2m) + s(jd) + s(u10m) + s(v10m), data = .)       964.5197
gam(log(value) ~ s(tmax2m) + s(jd) + s(u10m) + s(v10m), data = .)       981.1170
gam(log(value) ~ s(tp) + s(jd) + s(u10m) + s(v10m), data = .)           986.8477
gam(log(value) ~ s(ptp) + s(jd) + s(u10m) + s(v10m), data = .)          994.7392
gam(log(value) ~ s(rh) + s(jd) + s(u10m) + s(v10m), data = .)          1001.6374
gam(log(value) ~ s(sp) + s(jd) + s(u10m) + s(v10m), data = .)           959.7639
gam(log(value) ~ s(nirradiance) + s(jd) + s(u10m) + s(v10m), data = .)  997.1657
gam(log(value) ~ s(pbl12) + s(jd) + s(u10m) + s(v10m), data = .)        994.1976
gam(log(value) ~ s(pblmin) + s(jd) + s(u10m) + s(v10m), data = .)       968.8200
gam(log(value) ~ s(pblmax) + s(jd) + s(u10m) + s(v10m), data = .)       989.4517
gam(log(value) ~ s(wdir) + s(jd) + s(u10m) + s(v10m), data = .)        1001.0568
gam(log(value) ~ s(wspeed) + s(jd) + s(u10m) + s(v10m), data = .)      1001.2378
gam(log(value) ~ s(pwspeed) + s(jd) + s(u10m) + s(v10m), data = .)      992.3365

Modello migliore: sp - jd - u10m - v10m 

Dati backward:  959.763934245798::sp::jd::u10m::v10m 

Scelgo il modello N 

---------- START ---------- 

                                                                                   IT0870A
gam(log(value) ~ s(t2m) + s(jd) + s(u10m) + s(pbl00) + s(v10m), data = .)         913.8701
gam(log(value) ~ s(tmin2m) + s(jd) + s(u10m) + s(pbl00) + s(v10m), data = .)      916.0537
gam(log(value) ~ s(tmax2m) + s(jd) + s(u10m) + s(pbl00) + s(v10m), data = .)      919.6995
gam(log(value) ~ s(tp) + s(jd) + s(u10m) + s(pbl00) + s(v10m), data = .)          944.4586
gam(log(value) ~ s(ptp) + s(jd) + s(u10m) + s(pbl00) + s(v10m), data = .)         951.5579
gam(log(value) ~ s(rh) + s(jd) + s(u10m) + s(pbl00) + s(v10m), data = .)          949.8446
gam(log(value) ~ s(sp) + s(jd) + s(u10m) + s(pbl00) + s(v10m), data = .)          929.8339
gam(log(value) ~ s(nirradiance) + s(jd) + s(u10m) + s(pbl00) + s(v10m), data = .) 944.5892
gam(log(value) ~ s(pbl12) + s(jd) + s(u10m) + s(pbl00) + s(v10m), data = .)       938.5802
gam(log(value) ~ s(pblmin) + s(jd) + s(u10m) + s(pbl00) + s(v10m), data = .)      948.4203
gam(log(value) ~ s(pblmax) + s(jd) + s(u10m) + s(pbl00) + s(v10m), data = .)      936.5424
gam(log(value) ~ s(wdir) + s(jd) + s(u10m) + s(pbl00) + s(v10m), data = .)        949.0774
gam(log(value) ~ s(wspeed) + s(jd) + s(u10m) + s(pbl00) + s(v10m), data = .)      950.6615
gam(log(value) ~ s(pwspeed) + s(jd) + s(u10m) + s(pbl00) + s(v10m), data = .)     951.2159

Modello migliore: t2m - jd - u10m - pbl00 - v10m 

Variabile scelta t2m con AIC 913.870104112539  

Modelli BACKWARD 

                                                                                  IT0870A
gam(log(value) ~ s(tmin2m) + s(jd) + s(u10m) + s(pbl00) + s(t2m), data = .)      947.4989
gam(log(value) ~ s(tmax2m) + s(jd) + s(u10m) + s(pbl00) + s(t2m), data = .)      944.6112
gam(log(value) ~ s(tp) + s(jd) + s(u10m) + s(pbl00) + s(t2m), data = .)          934.2690
gam(log(value) ~ s(ptp) + s(jd) + s(u10m) + s(pbl00) + s(t2m), data = .)         954.9921
gam(log(value) ~ s(rh) + s(jd) + s(u10m) + s(pbl00) + s(t2m), data = .)          949.0842
gam(log(value) ~ s(sp) + s(jd) + s(u10m) + s(pbl00) + s(t2m), data = .)          908.0737
gam(log(value) ~ s(nirradiance) + s(jd) + s(u10m) + s(pbl00) + s(t2m), data = .) 950.9624
gam(log(value) ~ s(pbl12) + s(jd) + s(u10m) + s(pbl00) + s(t2m), data = .)       944.0934
gam(log(value) ~ s(pblmin) + s(jd) + s(u10m) + s(pbl00) + s(t2m), data = .)      946.5982
gam(log(value) ~ s(pblmax) + s(jd) + s(u10m) + s(pbl00) + s(t2m), data = .)      953.5067
gam(log(value) ~ s(wdir) + s(jd) + s(u10m) + s(pbl00) + s(t2m), data = .)        929.4845
gam(log(value) ~ s(wspeed) + s(jd) + s(u10m) + s(pbl00) + s(t2m), data = .)      933.3066
gam(log(value) ~ s(pwspeed) + s(jd) + s(u10m) + s(pbl00) + s(t2m), data = .)     956.9398

Modello migliore: sp - jd - u10m - pbl00 - t2m 

Dati backward:  908.073650913539::sp::jd::u10m::pbl00::t2m 

Scelgo il modello N 

---------- START ---------- 

                                                                                            IT0870A
gam(log(value) ~ s(tmin2m) + s(jd) + s(u10m) + s(pbl00) + s(v10m) + s(t2m), data = .)      913.5584
gam(log(value) ~ s(tmax2m) + s(jd) + s(u10m) + s(pbl00) + s(v10m) + s(t2m), data = .)      913.3854
gam(log(value) ~ s(tp) + s(jd) + s(u10m) + s(pbl00) + s(v10m) + s(t2m), data = .)          904.1484
gam(log(value) ~ s(ptp) + s(jd) + s(u10m) + s(pbl00) + s(v10m) + s(t2m), data = .)         911.4943
gam(log(value) ~ s(rh) + s(jd) + s(u10m) + s(pbl00) + s(v10m) + s(t2m), data = .)          914.8768
gam(log(value) ~ s(sp) + s(jd) + s(u10m) + s(pbl00) + s(v10m) + s(t2m), data = .)          880.5251
gam(log(value) ~ s(nirradiance) + s(jd) + s(u10m) + s(pbl00) + s(v10m) + s(t2m), data = .) 909.8220
gam(log(value) ~ s(pbl12) + s(jd) + s(u10m) + s(pbl00) + s(v10m) + s(t2m), data = .)       903.4077
gam(log(value) ~ s(pblmin) + s(jd) + s(u10m) + s(pbl00) + s(v10m) + s(t2m), data = .)      912.7723
gam(log(value) ~ s(pblmax) + s(jd) + s(u10m) + s(pbl00) + s(v10m) + s(t2m), data = .)      904.5253
gam(log(value) ~ s(wdir) + s(jd) + s(u10m) + s(pbl00) + s(v10m) + s(t2m), data = .)        910.6450
gam(log(value) ~ s(wspeed) + s(jd) + s(u10m) + s(pbl00) + s(v10m) + s(t2m), data = .)      913.3570
gam(log(value) ~ s(pwspeed) + s(jd) + s(u10m) + s(pbl00) + s(v10m) + s(t2m), data = .)     912.3659

Modello migliore: sp - jd - u10m - pbl00 - v10m - t2m 

Variabile scelta sp con AIC 880.525116250578  

Modelli BACKWARD 

                                                                                           IT0870A
gam(log(value) ~ s(tmin2m) + s(jd) + s(u10m) + s(pbl00) + s(v10m) + s(sp), data = .)      887.9169
gam(log(value) ~ s(tmax2m) + s(jd) + s(u10m) + s(pbl00) + s(v10m) + s(sp), data = .)      888.2664
gam(log(value) ~ s(tp) + s(jd) + s(u10m) + s(pbl00) + s(v10m) + s(sp), data = .)          924.3953
gam(log(value) ~ s(ptp) + s(jd) + s(u10m) + s(pbl00) + s(v10m) + s(sp), data = .)         931.7847
gam(log(value) ~ s(rh) + s(jd) + s(u10m) + s(pbl00) + s(v10m) + s(sp), data = .)          922.9660
gam(log(value) ~ s(nirradiance) + s(jd) + s(u10m) + s(pbl00) + s(v10m) + s(sp), data = .) 923.2150
gam(log(value) ~ s(pbl12) + s(jd) + s(u10m) + s(pbl00) + s(v10m) + s(sp), data = .)       919.3484
gam(log(value) ~ s(pblmin) + s(jd) + s(u10m) + s(pbl00) + s(v10m) + s(sp), data = .)      928.4222
gam(log(value) ~ s(pblmax) + s(jd) + s(u10m) + s(pbl00) + s(v10m) + s(sp), data = .)      916.3348
gam(log(value) ~ s(wdir) + s(jd) + s(u10m) + s(pbl00) + s(v10m) + s(sp), data = .)        928.3559
gam(log(value) ~ s(wspeed) + s(jd) + s(u10m) + s(pbl00) + s(v10m) + s(sp), data = .)      929.8009
gam(log(value) ~ s(pwspeed) + s(jd) + s(u10m) + s(pbl00) + s(v10m) + s(sp), data = .)     929.7538

Modello migliore: tmin2m - jd - u10m - pbl00 - v10m - sp 

Dati backward:  887.916885545086::tmin2m::jd::u10m::pbl00::v10m::sp 

Scelgo il modello N 

---------- START ---------- 

                                                                                                    IT0870A
gam(log(value) ~ s(tmin2m) + s(jd) + s(u10m) + s(pbl00) + s(v10m) + s(t2m) + s(sp), data = .)      882.2740
gam(log(value) ~ s(tmax2m) + s(jd) + s(u10m) + s(pbl00) + s(v10m) + s(t2m) + s(sp), data = .)      882.5228
gam(log(value) ~ s(tp) + s(jd) + s(u10m) + s(pbl00) + s(v10m) + s(t2m) + s(sp), data = .)          877.8761
gam(log(value) ~ s(ptp) + s(jd) + s(u10m) + s(pbl00) + s(v10m) + s(t2m) + s(sp), data = .)         882.4830
gam(log(value) ~ s(rh) + s(jd) + s(u10m) + s(pbl00) + s(v10m) + s(t2m) + s(sp), data = .)          881.2464
gam(log(value) ~ s(nirradiance) + s(jd) + s(u10m) + s(pbl00) + s(v10m) + s(t2m) + s(sp), data = .) 879.1447
gam(log(value) ~ s(pbl12) + s(jd) + s(u10m) + s(pbl00) + s(v10m) + s(t2m) + s(sp), data = .)       872.6487
gam(log(value) ~ s(pblmin) + s(jd) + s(u10m) + s(pbl00) + s(v10m) + s(t2m) + s(sp), data = .)      880.8026
gam(log(value) ~ s(pblmax) + s(jd) + s(u10m) + s(pbl00) + s(v10m) + s(t2m) + s(sp), data = .)      872.7343
gam(log(value) ~ s(wdir) + s(jd) + s(u10m) + s(pbl00) + s(v10m) + s(t2m) + s(sp), data = .)        877.2541
gam(log(value) ~ s(wspeed) + s(jd) + s(u10m) + s(pbl00) + s(v10m) + s(t2m) + s(sp), data = .)      880.5810
gam(log(value) ~ s(pwspeed) + s(jd) + s(u10m) + s(pbl00) + s(v10m) + s(t2m) + s(sp), data = .)     878.3533

Modello migliore: pbl12 - jd - u10m - pbl00 - v10m - t2m - sp 

Variabile scelta pbl12 con AIC 872.648655194337  

Modelli BACKWARD 

                                                                                                       IT0870A
gam(log(value) ~ s(tmin2m) + s(jd) + s(u10m) + s(pbl00) + s(v10m) + s(t2m) + s(pbl12), data = .)      897.7073
gam(log(value) ~ s(tmax2m) + s(jd) + s(u10m) + s(pbl00) + s(v10m) + s(t2m) + s(pbl12), data = .)      900.2134
gam(log(value) ~ s(tp) + s(jd) + s(u10m) + s(pbl00) + s(v10m) + s(t2m) + s(pbl12), data = .)          886.5742
gam(log(value) ~ s(ptp) + s(jd) + s(u10m) + s(pbl00) + s(v10m) + s(t2m) + s(pbl12), data = .)         901.1650
gam(log(value) ~ s(rh) + s(jd) + s(u10m) + s(pbl00) + s(v10m) + s(t2m) + s(pbl12), data = .)          896.4361
gam(log(value) ~ s(nirradiance) + s(jd) + s(u10m) + s(pbl00) + s(v10m) + s(t2m) + s(pbl12), data = .) 892.5955
gam(log(value) ~ s(pblmin) + s(jd) + s(u10m) + s(pbl00) + s(v10m) + s(t2m) + s(pbl12), data = .)      902.4120
gam(log(value) ~ s(pblmax) + s(jd) + s(u10m) + s(pbl00) + s(v10m) + s(t2m) + s(pbl12), data = .)      900.9102
gam(log(value) ~ s(wdir) + s(jd) + s(u10m) + s(pbl00) + s(v10m) + s(t2m) + s(pbl12), data = .)        899.6810
gam(log(value) ~ s(wspeed) + s(jd) + s(u10m) + s(pbl00) + s(v10m) + s(t2m) + s(pbl12), data = .)      902.0309
gam(log(value) ~ s(pwspeed) + s(jd) + s(u10m) + s(pbl00) + s(v10m) + s(t2m) + s(pbl12), data = .)     901.2588

Modello migliore: tp - jd - u10m - pbl00 - v10m - t2m - pbl12 

Dati backward:  886.574206675342::tp::jd::u10m::pbl00::v10m::t2m::pbl12 

Scelgo il modello N 

---------- START ---------- 

                                                                                                               IT0870A
gam(log(value) ~ s(tmin2m) + s(jd) + s(u10m) + s(pbl00) + s(v10m) + s(t2m) + s(sp) + s(pbl12), data = .)      871.8354
gam(log(value) ~ s(tmax2m) + s(jd) + s(u10m) + s(pbl00) + s(v10m) + s(t2m) + s(sp) + s(pbl12), data = .)      874.2381
gam(log(value) ~ s(tp) + s(jd) + s(u10m) + s(pbl00) + s(v10m) + s(t2m) + s(sp) + s(pbl12), data = .)          866.8627
gam(log(value) ~ s(ptp) + s(jd) + s(u10m) + s(pbl00) + s(v10m) + s(t2m) + s(sp) + s(pbl12), data = .)         874.5466
gam(log(value) ~ s(rh) + s(jd) + s(u10m) + s(pbl00) + s(v10m) + s(t2m) + s(sp) + s(pbl12), data = .)          872.6066
gam(log(value) ~ s(nirradiance) + s(jd) + s(u10m) + s(pbl00) + s(v10m) + s(t2m) + s(sp) + s(pbl12), data = .) 869.3870
gam(log(value) ~ s(pblmin) + s(jd) + s(u10m) + s(pbl00) + s(v10m) + s(t2m) + s(sp) + s(pbl12), data = .)      872.9116
gam(log(value) ~ s(pblmax) + s(jd) + s(u10m) + s(pbl00) + s(v10m) + s(t2m) + s(sp) + s(pbl12), data = .)      870.5643
gam(log(value) ~ s(wdir) + s(jd) + s(u10m) + s(pbl00) + s(v10m) + s(t2m) + s(sp) + s(pbl12), data = .)        869.0341
gam(log(value) ~ s(wspeed) + s(jd) + s(u10m) + s(pbl00) + s(v10m) + s(t2m) + s(sp) + s(pbl12), data = .)      871.6049
gam(log(value) ~ s(pwspeed) + s(jd) + s(u10m) + s(pbl00) + s(v10m) + s(t2m) + s(sp) + s(pbl12), data = .)     869.7967

Modello migliore: tp - jd - u10m - pbl00 - v10m - t2m - sp - pbl12 

Variabile scelta tp con AIC 866.862723351102  

Modelli BACKWARD 

                                                                                                            IT0870A
gam(log(value) ~ s(tmin2m) + s(jd) + s(u10m) + s(pbl00) + s(v10m) + s(t2m) + s(sp) + s(tp), data = .)      879.6643
gam(log(value) ~ s(tmax2m) + s(jd) + s(u10m) + s(pbl00) + s(v10m) + s(t2m) + s(sp) + s(tp), data = .)      879.5893
gam(log(value) ~ s(ptp) + s(jd) + s(u10m) + s(pbl00) + s(v10m) + s(t2m) + s(sp) + s(tp), data = .)         879.8170
gam(log(value) ~ s(rh) + s(jd) + s(u10m) + s(pbl00) + s(v10m) + s(t2m) + s(sp) + s(tp), data = .)          877.2685
gam(log(value) ~ s(nirradiance) + s(jd) + s(u10m) + s(pbl00) + s(v10m) + s(t2m) + s(sp) + s(tp), data = .) 875.6200
gam(log(value) ~ s(pblmin) + s(jd) + s(u10m) + s(pbl00) + s(v10m) + s(t2m) + s(sp) + s(tp), data = .)      878.5948
gam(log(value) ~ s(pblmax) + s(jd) + s(u10m) + s(pbl00) + s(v10m) + s(t2m) + s(sp) + s(tp), data = .)      868.8768
gam(log(value) ~ s(wdir) + s(jd) + s(u10m) + s(pbl00) + s(v10m) + s(t2m) + s(sp) + s(tp), data = .)        874.1079
gam(log(value) ~ s(wspeed) + s(jd) + s(u10m) + s(pbl00) + s(v10m) + s(t2m) + s(sp) + s(tp), data = .)      878.4322
gam(log(value) ~ s(pwspeed) + s(jd) + s(u10m) + s(pbl00) + s(v10m) + s(t2m) + s(sp) + s(tp), data = .)     876.0538

Modello migliore: pblmax - jd - u10m - pbl00 - v10m - t2m - sp - tp 

Dati backward:  868.876788722854::pblmax::jd::u10m::pbl00::v10m::t2m::sp::tp 

Scelgo il modello N 

---------- START ---------- 

                                                                                                                       IT0870A
gam(log(value) ~ s(tmin2m) + s(jd) + s(u10m) + s(pbl00) + s(v10m) + s(t2m) + s(sp) + s(pbl12) + s(tp), data = .)      866.9906
gam(log(value) ~ s(tmax2m) + s(jd) + s(u10m) + s(pbl00) + s(v10m) + s(t2m) + s(sp) + s(pbl12) + s(tp), data = .)      868.8436
gam(log(value) ~ s(ptp) + s(jd) + s(u10m) + s(pbl00) + s(v10m) + s(t2m) + s(sp) + s(pbl12) + s(tp), data = .)         868.8039
gam(log(value) ~ s(rh) + s(jd) + s(u10m) + s(pbl00) + s(v10m) + s(t2m) + s(sp) + s(pbl12) + s(tp), data = .)          868.4406
gam(log(value) ~ s(nirradiance) + s(jd) + s(u10m) + s(pbl00) + s(v10m) + s(t2m) + s(sp) + s(pbl12) + s(tp), data = .) 864.9412
gam(log(value) ~ s(pblmin) + s(jd) + s(u10m) + s(pbl00) + s(v10m) + s(t2m) + s(sp) + s(pbl12) + s(tp), data = .)      867.8299
gam(log(value) ~ s(pblmax) + s(jd) + s(u10m) + s(pbl00) + s(v10m) + s(t2m) + s(sp) + s(pbl12) + s(tp), data = .)      865.3084
gam(log(value) ~ s(wdir) + s(jd) + s(u10m) + s(pbl00) + s(v10m) + s(t2m) + s(sp) + s(pbl12) + s(tp), data = .)        862.2485
gam(log(value) ~ s(wspeed) + s(jd) + s(u10m) + s(pbl00) + s(v10m) + s(t2m) + s(sp) + s(pbl12) + s(tp), data = .)      866.3821
gam(log(value) ~ s(pwspeed) + s(jd) + s(u10m) + s(pbl00) + s(v10m) + s(t2m) + s(sp) + s(pbl12) + s(tp), data = .)     864.4260

Modello migliore: wdir - jd - u10m - pbl00 - v10m - t2m - sp - pbl12 - tp 

Variabile scelta wdir con AIC 862.248484178597  

Modelli BACKWARD 

                                                                                                                         IT0870A
gam(log(value) ~ s(tmin2m) + s(jd) + s(u10m) + s(pbl00) + s(v10m) + s(t2m) + s(sp) + s(pbl12) + s(wdir), data = .)      867.6506
gam(log(value) ~ s(tmax2m) + s(jd) + s(u10m) + s(pbl00) + s(v10m) + s(t2m) + s(sp) + s(pbl12) + s(wdir), data = .)      871.0696
gam(log(value) ~ s(ptp) + s(jd) + s(u10m) + s(pbl00) + s(v10m) + s(t2m) + s(sp) + s(pbl12) + s(wdir), data = .)         870.8860
gam(log(value) ~ s(rh) + s(jd) + s(u10m) + s(pbl00) + s(v10m) + s(t2m) + s(sp) + s(pbl12) + s(wdir), data = .)          869.0409
gam(log(value) ~ s(nirradiance) + s(jd) + s(u10m) + s(pbl00) + s(v10m) + s(t2m) + s(sp) + s(pbl12) + s(wdir), data = .) 865.8937
gam(log(value) ~ s(pblmin) + s(jd) + s(u10m) + s(pbl00) + s(v10m) + s(t2m) + s(sp) + s(pbl12) + s(wdir), data = .)      869.1999
gam(log(value) ~ s(pblmax) + s(jd) + s(u10m) + s(pbl00) + s(v10m) + s(t2m) + s(sp) + s(pbl12) + s(wdir), data = .)      867.4910
gam(log(value) ~ s(wspeed) + s(jd) + s(u10m) + s(pbl00) + s(v10m) + s(t2m) + s(sp) + s(pbl12) + s(wdir), data = .)      866.6749
gam(log(value) ~ s(pwspeed) + s(jd) + s(u10m) + s(pbl00) + s(v10m) + s(t2m) + s(sp) + s(pbl12) + s(wdir), data = .)     865.8251

Modello migliore: pwspeed - jd - u10m - pbl00 - v10m - t2m - sp - pbl12 - wdir 

Dati backward:  865.825119547694::pwspeed::jd::u10m::pbl00::v10m::t2m::sp::pbl12::wdir 

Scelgo il modello N 

---------- START ---------- 

                                                                                                                                 IT0870A
gam(log(value) ~ s(tmin2m) + s(jd) + s(u10m) + s(pbl00) + s(v10m) + s(t2m) + s(sp) + s(pbl12) + s(tp) + s(wdir), data = .)      862.0607
gam(log(value) ~ s(tmax2m) + s(jd) + s(u10m) + s(pbl00) + s(v10m) + s(t2m) + s(sp) + s(pbl12) + s(tp) + s(wdir), data = .)      864.2177
gam(log(value) ~ s(ptp) + s(jd) + s(u10m) + s(pbl00) + s(v10m) + s(t2m) + s(sp) + s(pbl12) + s(tp) + s(wdir), data = .)         864.1603
gam(log(value) ~ s(rh) + s(jd) + s(u10m) + s(pbl00) + s(v10m) + s(t2m) + s(sp) + s(pbl12) + s(tp) + s(wdir), data = .)          863.9852
gam(log(value) ~ s(nirradiance) + s(jd) + s(u10m) + s(pbl00) + s(v10m) + s(t2m) + s(sp) + s(pbl12) + s(tp) + s(wdir), data = .) 860.5959
gam(log(value) ~ s(pblmin) + s(jd) + s(u10m) + s(pbl00) + s(v10m) + s(t2m) + s(sp) + s(pbl12) + s(tp) + s(wdir), data = .)      863.1945
gam(log(value) ~ s(pblmax) + s(jd) + s(u10m) + s(pbl00) + s(v10m) + s(t2m) + s(sp) + s(pbl12) + s(tp) + s(wdir), data = .)      861.3292
gam(log(value) ~ s(wspeed) + s(jd) + s(u10m) + s(pbl00) + s(v10m) + s(t2m) + s(sp) + s(pbl12) + s(tp) + s(wdir), data = .)      860.7201
gam(log(value) ~ s(pwspeed) + s(jd) + s(u10m) + s(pbl00) + s(v10m) + s(t2m) + s(sp) + s(pbl12) + s(tp) + s(wdir), data = .)     859.4950

Modello migliore: pwspeed - jd - u10m - pbl00 - v10m - t2m - sp - pbl12 - tp - wdir 

Variabile scelta pwspeed con AIC 859.494967897613  

Modelli BACKWARD 

                                                                                                                                    IT0870A
gam(log(value) ~ s(tmin2m) + s(jd) + s(u10m) + s(pbl00) + s(v10m) + s(t2m) + s(sp) + s(pbl12) + s(tp) + s(pwspeed), data = .)      864.2327
gam(log(value) ~ s(tmax2m) + s(jd) + s(u10m) + s(pbl00) + s(v10m) + s(t2m) + s(sp) + s(pbl12) + s(tp) + s(pwspeed), data = .)      866.2487
gam(log(value) ~ s(ptp) + s(jd) + s(u10m) + s(pbl00) + s(v10m) + s(t2m) + s(sp) + s(pbl12) + s(tp) + s(pwspeed), data = .)         866.4140
gam(log(value) ~ s(rh) + s(jd) + s(u10m) + s(pbl00) + s(v10m) + s(t2m) + s(sp) + s(pbl12) + s(tp) + s(pwspeed), data = .)          866.1984
gam(log(value) ~ s(nirradiance) + s(jd) + s(u10m) + s(pbl00) + s(v10m) + s(t2m) + s(sp) + s(pbl12) + s(tp) + s(pwspeed), data = .) 861.7234
gam(log(value) ~ s(pblmin) + s(jd) + s(u10m) + s(pbl00) + s(v10m) + s(t2m) + s(sp) + s(pbl12) + s(tp) + s(pwspeed), data = .)      865.2347
gam(log(value) ~ s(pblmax) + s(jd) + s(u10m) + s(pbl00) + s(v10m) + s(t2m) + s(sp) + s(pbl12) + s(tp) + s(pwspeed), data = .)      862.8360
gam(log(value) ~ s(wspeed) + s(jd) + s(u10m) + s(pbl00) + s(v10m) + s(t2m) + s(sp) + s(pbl12) + s(tp) + s(pwspeed), data = .)      864.1996

Modello migliore: nirradiance - jd - u10m - pbl00 - v10m - t2m - sp - pbl12 - tp - pwspeed 

Dati backward:  861.723375459485::nirradiance::jd::u10m::pbl00::v10m::t2m::sp::pbl12::tp::pwspeed 

Scelgo il modello N 

---------- START ---------- 

                                                                                                                                              IT0870A
gam(log(value) ~ s(tmin2m) + s(jd) + s(u10m) + s(pbl00) + s(v10m) + s(t2m) + s(sp) + s(pbl12) + s(tp) + s(wdir) + s(pwspeed), data = .)      858.8927
gam(log(value) ~ s(tmax2m) + s(jd) + s(u10m) + s(pbl00) + s(v10m) + s(t2m) + s(sp) + s(pbl12) + s(tp) + s(wdir) + s(pwspeed), data = .)      861.2704
gam(log(value) ~ s(ptp) + s(jd) + s(u10m) + s(pbl00) + s(v10m) + s(t2m) + s(sp) + s(pbl12) + s(tp) + s(wdir) + s(pwspeed), data = .)         861.4858
gam(log(value) ~ s(rh) + s(jd) + s(u10m) + s(pbl00) + s(v10m) + s(t2m) + s(sp) + s(pbl12) + s(tp) + s(wdir) + s(pwspeed), data = .)          861.3677
gam(log(value) ~ s(nirradiance) + s(jd) + s(u10m) + s(pbl00) + s(v10m) + s(t2m) + s(sp) + s(pbl12) + s(tp) + s(wdir) + s(pwspeed), data = .) 857.0041
gam(log(value) ~ s(pblmin) + s(jd) + s(u10m) + s(pbl00) + s(v10m) + s(t2m) + s(sp) + s(pbl12) + s(tp) + s(wdir) + s(pwspeed), data = .)      860.2865
gam(log(value) ~ s(pblmax) + s(jd) + s(u10m) + s(pbl00) + s(v10m) + s(t2m) + s(sp) + s(pbl12) + s(tp) + s(wdir) + s(pwspeed), data = .)      858.5444
gam(log(value) ~ s(wspeed) + s(jd) + s(u10m) + s(pbl00) + s(v10m) + s(t2m) + s(sp) + s(pbl12) + s(tp) + s(wdir) + s(pwspeed), data = .)      857.8770

Modello migliore: nirradiance - jd - u10m - pbl00 - v10m - t2m - sp - pbl12 - tp - wdir - pwspeed 

Variabile scelta nirradiance con AIC 857.004066408117  

Modelli BACKWARD 

                                                                                                                                             IT0870A
gam(log(value) ~ s(tmin2m) + s(jd) + s(u10m) + s(pbl00) + s(v10m) + s(t2m) + s(sp) + s(pbl12) + s(tp) + s(wdir) + s(nirradiance), data = .) 858.4089
gam(log(value) ~ s(tmax2m) + s(jd) + s(u10m) + s(pbl00) + s(v10m) + s(t2m) + s(sp) + s(pbl12) + s(tp) + s(wdir) + s(nirradiance), data = .) 862.4940
gam(log(value) ~ s(ptp) + s(jd) + s(u10m) + s(pbl00) + s(v10m) + s(t2m) + s(sp) + s(pbl12) + s(tp) + s(wdir) + s(nirradiance), data = .)    862.5324
gam(log(value) ~ s(rh) + s(jd) + s(u10m) + s(pbl00) + s(v10m) + s(t2m) + s(sp) + s(pbl12) + s(tp) + s(wdir) + s(nirradiance), data = .)     861.8959
gam(log(value) ~ s(pblmin) + s(jd) + s(u10m) + s(pbl00) + s(v10m) + s(t2m) + s(sp) + s(pbl12) + s(tp) + s(wdir) + s(nirradiance), data = .) 861.7745
gam(log(value) ~ s(pblmax) + s(jd) + s(u10m) + s(pbl00) + s(v10m) + s(t2m) + s(sp) + s(pbl12) + s(tp) + s(wdir) + s(nirradiance), data = .) 859.6124
gam(log(value) ~ s(wspeed) + s(jd) + s(u10m) + s(pbl00) + s(v10m) + s(t2m) + s(sp) + s(pbl12) + s(tp) + s(wdir) + s(nirradiance), data = .) 858.8983

Modello migliore: tmin2m - jd - u10m - pbl00 - v10m - t2m - sp - pbl12 - tp - wdir - nirradiance 

[1] "Dati backward:  858.408893394742::tmin2m::jd::u10m::pbl00::v10m::t2m::sp::pbl12::tp::wdir::nirradiance"

Scelgo il modello N-1 

---------- START ---------- 

                                                                                                                                         IT0870A
gam(log(value) ~ s(tmin2m) + s(jd) + s(u10m) + s(pbl00) + s(v10m) + s(t2m) + s(sp) + s(pbl12) + s(tp) + s(wdir) + s(pwspeed), data = .) 858.8927
gam(log(value) ~ s(tmax2m) + s(jd) + s(u10m) + s(pbl00) + s(v10m) + s(t2m) + s(sp) + s(pbl12) + s(tp) + s(wdir) + s(pwspeed), data = .) 861.2704
gam(log(value) ~ s(ptp) + s(jd) + s(u10m) + s(pbl00) + s(v10m) + s(t2m) + s(sp) + s(pbl12) + s(tp) + s(wdir) + s(pwspeed), data = .)    861.4858
gam(log(value) ~ s(rh) + s(jd) + s(u10m) + s(pbl00) + s(v10m) + s(t2m) + s(sp) + s(pbl12) + s(tp) + s(wdir) + s(pwspeed), data = .)     861.3677
gam(log(value) ~ s(pblmin) + s(jd) + s(u10m) + s(pbl00) + s(v10m) + s(t2m) + s(sp) + s(pbl12) + s(tp) + s(wdir) + s(pwspeed), data = .) 860.2865
gam(log(value) ~ s(pblmax) + s(jd) + s(u10m) + s(pbl00) + s(v10m) + s(t2m) + s(sp) + s(pbl12) + s(tp) + s(wdir) + s(pwspeed), data = .) 858.5444
gam(log(value) ~ s(wspeed) + s(jd) + s(u10m) + s(pbl00) + s(v10m) + s(t2m) + s(sp) + s(pbl12) + s(tp) + s(wdir) + s(pwspeed), data = .) 857.8770

Modello migliore: wspeed - jd - u10m - pbl00 - v10m - t2m - sp - pbl12 - tp - wdir - pwspeed 

Variabile scelta wspeed con AIC 857.877037051017  

Fine per scelta MODELLO 

jd + u10m + pbl00 + v10m + t2m + sp + pbl12 + tp + wdir + pwspeed 

---------------------- 

NOTE: Log Print Time:  2021-05-11 11:45:35 
NOTE: Elapsed Time in seconds: 2.46834977070491 

Fine per scelta MODELLO 

jd + u10m + pbl00 + v10m + t2m + sp + pbl12 + tp + wdir + pwspeed 

---------------------- 

NOTE: Log Print Time:  2021-05-11 11:45:35 
NOTE: Elapsed Time in seconds: 0.00110626220703125 

Fine per scelta MODELLO 

jd + u10m + pbl00 + v10m + t2m + sp + pbl12 + tp + wdir + pwspeed 

---------------------- 

NOTE: Log Print Time:  2021-05-11 11:45:35 
NOTE: Elapsed Time in seconds: 0.00104737281799316 

Fine per scelta MODELLO 

jd + u10m + pbl00 + v10m + t2m + sp + pbl12 + tp + wdir + pwspeed 

---------------------- 

NOTE: Log Print Time:  2021-05-11 11:45:35 
NOTE: Elapsed Time in seconds: 0.00099945068359375 

Fine per scelta MODELLO 

jd + u10m + pbl00 + v10m + t2m + sp + pbl12 + tp + wdir + pwspeed 

---------------------- 

NOTE: Log Print Time:  2021-05-11 11:45:35 
NOTE: Elapsed Time in seconds: 0.00103020668029785 

Fine per scelta MODELLO 

jd + u10m + pbl00 + v10m + t2m + sp + pbl12 + tp + wdir + pwspeed 

---------------------- 

NOTE: Log Print Time:  2021-05-11 11:45:35 
NOTE: Elapsed Time in seconds: 0.000996828079223633 

Fine per scelta MODELLO 

jd + u10m + pbl00 + v10m + t2m + sp + pbl12 + tp + wdir + pwspeed 

---------------------- 

NOTE: Log Print Time:  2021-05-11 11:45:35 
NOTE: Elapsed Time in seconds: 0.00101852416992188 

Fine per scelta MODELLO 

jd + u10m + pbl00 + v10m + t2m + sp + pbl12 + tp + wdir + pwspeed 

---------------------- 

NOTE: Log Print Time:  2021-05-11 11:45:35 
NOTE: Elapsed Time in seconds: 0.000998497009277344 

Fine per scelta MODELLO 

jd + u10m + pbl00 + v10m + t2m + sp + pbl12 + tp + wdir + pwspeed 

---------------------- 

NOTE: Log Print Time:  2021-05-11 11:45:35 
NOTE: Elapsed Time in seconds: 0.000999689102172852 

Fine per scelta MODELLO 

jd + u10m + pbl00 + v10m + t2m + sp + pbl12 + tp + wdir + pwspeed 

---------------------- 

NOTE: Log Print Time:  2021-05-11 11:45:35 
NOTE: Elapsed Time in seconds: 0.00099492073059082 

Fine per scelta MODELLO 

jd + u10m + pbl00 + v10m + t2m + sp + pbl12 + tp + wdir + pwspeed 

---------------------- 

NOTE: Log Print Time:  2021-05-11 11:45:35 
NOTE: Elapsed Time in seconds: 0.00100469589233398 

========================================================================= 
Log End Time: 2021-05-11 11:45:35 
Log Elapsed Time: 0 00:00:02 
========================================================================= 
