========================================================================= 
Log Path: output/12/no2/log/pulvirus_no2_12_IT0887A.log 
Working Directory: /home/rmorelli/R/pulvirus/analisi/GAM/scelta 
User Name: rmorelli 
R Version: 4.0.5 (2021-03-31) 
Machine: pasqualino x86_64 
Operating System: Linux 4.19.0-13-amd64 #1 SMP Debian 4.19.160-2 (2020-11-28) 
Log Start Time: 2021-05-11 11:23:25 
========================================================================= 

Stazione: IT0887A 

---------- START ---------- 

                                            IT0887A
gam(log(value) ~ s(t2m), data = .)         1683.321
gam(log(value) ~ s(tmin2m), data = .)      1696.665
gam(log(value) ~ s(tmax2m), data = .)      1752.980
gam(log(value) ~ s(tp), data = .)          1734.027
gam(log(value) ~ s(ptp), data = .)         1845.699
gam(log(value) ~ s(rh), data = .)          1830.165
gam(log(value) ~ s(u10m), data = .)        1744.872
gam(log(value) ~ s(v10m), data = .)        1438.177
gam(log(value) ~ s(sp), data = .)          1585.761
gam(log(value) ~ s(nirradiance), data = .) 1732.533
gam(log(value) ~ s(pbl00), data = .)       1722.016
gam(log(value) ~ s(pbl12), data = .)       1582.564
gam(log(value) ~ s(pblmin), data = .)      1615.023
gam(log(value) ~ s(pblmax), data = .)      1592.294
gam(log(value) ~ s(wdir), data = .)        1504.641
gam(log(value) ~ s(wspeed), data = .)      1615.994
gam(log(value) ~ s(pwspeed), data = .)     1841.502
gam(log(value) ~ s(jd), data = .)          1586.642

Modello migliore: v10m 

Variabile scelta v10m con AIC 1438.17712744808  

---------- START ---------- 

                                                      IT0887A
gam(log(value) ~ s(t2m) + s(v10m), data = .)         1203.973
gam(log(value) ~ s(tmin2m) + s(v10m), data = .)      1236.007
gam(log(value) ~ s(tmax2m) + s(v10m), data = .)      1220.242
gam(log(value) ~ s(tp) + s(v10m), data = .)          1404.048
gam(log(value) ~ s(ptp) + s(v10m), data = .)         1425.435
gam(log(value) ~ s(rh) + s(v10m), data = .)          1340.399
gam(log(value) ~ s(u10m) + s(v10m), data = .)        1303.001
gam(log(value) ~ s(v10m) + s(v10m), data = .)        1438.177
gam(log(value) ~ s(sp) + s(v10m), data = .)          1271.788
gam(log(value) ~ s(nirradiance) + s(v10m), data = .) 1166.634
gam(log(value) ~ s(pbl00) + s(v10m), data = .)       1417.026
gam(log(value) ~ s(pbl12) + s(v10m), data = .)       1159.720
gam(log(value) ~ s(pblmin) + s(v10m), data = .)      1391.509
gam(log(value) ~ s(pblmax) + s(v10m), data = .)      1159.751
gam(log(value) ~ s(wdir) + s(v10m), data = .)        1301.881
gam(log(value) ~ s(wspeed) + s(v10m), data = .)      1358.708
gam(log(value) ~ s(pwspeed) + s(v10m), data = .)     1420.103
gam(log(value) ~ s(jd) + s(v10m), data = .)          1044.423

Modello migliore: jd - v10m 

Variabile scelta jd con AIC 1044.42266613346  

Modelli BACKWARD 

                                                    IT0887A
gam(log(value) ~ s(t2m) + s(jd), data = .)         1514.268
gam(log(value) ~ s(tmin2m) + s(jd), data = .)      1532.179
gam(log(value) ~ s(tmax2m) + s(jd), data = .)      1525.337
gam(log(value) ~ s(tp) + s(jd), data = .)          1356.718
gam(log(value) ~ s(ptp) + s(jd), data = .)         1520.771
gam(log(value) ~ s(rh) + s(jd), data = .)          1546.775
gam(log(value) ~ s(u10m) + s(jd), data = .)        1504.425
gam(log(value) ~ s(sp) + s(jd), data = .)          1362.496
gam(log(value) ~ s(nirradiance) + s(jd), data = .) 1535.868
gam(log(value) ~ s(pbl00) + s(jd), data = .)       1310.328
gam(log(value) ~ s(pbl12) + s(jd), data = .)       1456.020
gam(log(value) ~ s(pblmin) + s(jd), data = .)      1154.858
gam(log(value) ~ s(pblmax) + s(jd), data = .)      1451.521
gam(log(value) ~ s(wdir) + s(jd), data = .)        1330.928
gam(log(value) ~ s(wspeed) + s(jd), data = .)      1157.348
gam(log(value) ~ s(pwspeed) + s(jd), data = .)     1524.575

Modello migliore: pblmin - jd 

Dati backward:  1154.8577376427::pblmin::jd 

Scelgo il modello N 

---------- START ---------- 

                                                               IT0887A
gam(log(value) ~ s(t2m) + s(v10m) + s(jd), data = .)          992.2765
gam(log(value) ~ s(tmin2m) + s(v10m) + s(jd), data = .)      1002.8483
gam(log(value) ~ s(tmax2m) + s(v10m) + s(jd), data = .)       998.2550
gam(log(value) ~ s(tp) + s(v10m) + s(jd), data = .)           967.0883
gam(log(value) ~ s(ptp) + s(v10m) + s(jd), data = .)         1015.0163
gam(log(value) ~ s(rh) + s(v10m) + s(jd), data = .)          1034.5750
gam(log(value) ~ s(u10m) + s(v10m) + s(jd), data = .)        1005.2734
gam(log(value) ~ s(sp) + s(v10m) + s(jd), data = .)           973.4550
gam(log(value) ~ s(nirradiance) + s(v10m) + s(jd), data = .) 1000.6834
gam(log(value) ~ s(pbl00) + s(v10m) + s(jd), data = .)        990.9195
gam(log(value) ~ s(pbl12) + s(v10m) + s(jd), data = .)        971.3321
gam(log(value) ~ s(pblmin) + s(v10m) + s(jd), data = .)       949.5122
gam(log(value) ~ s(pblmax) + s(v10m) + s(jd), data = .)       957.1286
gam(log(value) ~ s(wdir) + s(v10m) + s(jd), data = .)        1020.6493
gam(log(value) ~ s(wspeed) + s(v10m) + s(jd), data = .)      1020.2270
gam(log(value) ~ s(pwspeed) + s(v10m) + s(jd), data = .)     1046.2205

Modello migliore: pblmin - v10m - jd 

Variabile scelta pblmin con AIC 949.512182799946  

Modelli BACKWARD 

                                                                  IT0887A
gam(log(value) ~ s(t2m) + s(v10m) + s(pblmin), data = .)         1148.686
gam(log(value) ~ s(tmin2m) + s(v10m) + s(pblmin), data = .)      1191.267
gam(log(value) ~ s(tmax2m) + s(v10m) + s(pblmin), data = .)      1152.208
gam(log(value) ~ s(tp) + s(v10m) + s(pblmin), data = .)          1371.022
gam(log(value) ~ s(ptp) + s(v10m) + s(pblmin), data = .)         1381.589
gam(log(value) ~ s(rh) + s(v10m) + s(pblmin), data = .)          1267.786
gam(log(value) ~ s(u10m) + s(v10m) + s(pblmin), data = .)        1242.099
gam(log(value) ~ s(sp) + s(v10m) + s(pblmin), data = .)          1239.200
gam(log(value) ~ s(nirradiance) + s(v10m) + s(pblmin), data = .) 1049.919
gam(log(value) ~ s(pbl00) + s(v10m) + s(pblmin), data = .)       1391.647
gam(log(value) ~ s(pbl12) + s(v10m) + s(pblmin), data = .)       1091.405
gam(log(value) ~ s(pblmax) + s(v10m) + s(pblmin), data = .)      1095.027
gam(log(value) ~ s(wdir) + s(v10m) + s(pblmin), data = .)        1228.863
gam(log(value) ~ s(wspeed) + s(v10m) + s(pblmin), data = .)      1289.223
gam(log(value) ~ s(pwspeed) + s(v10m) + s(pblmin), data = .)     1359.230

Modello migliore: nirradiance - v10m - pblmin 

Dati backward:  1049.91946485004::nirradiance::v10m::pblmin 

Scelgo il modello N 

---------- START ---------- 

                                                                          IT0887A
gam(log(value) ~ s(t2m) + s(v10m) + s(jd) + s(pblmin), data = .)         904.7287
gam(log(value) ~ s(tmin2m) + s(v10m) + s(jd) + s(pblmin), data = .)      912.4719
gam(log(value) ~ s(tmax2m) + s(v10m) + s(jd) + s(pblmin), data = .)      909.3226
gam(log(value) ~ s(tp) + s(v10m) + s(jd) + s(pblmin), data = .)          901.9535
gam(log(value) ~ s(ptp) + s(v10m) + s(jd) + s(pblmin), data = .)         926.4907
gam(log(value) ~ s(rh) + s(v10m) + s(jd) + s(pblmin), data = .)          933.2584
gam(log(value) ~ s(u10m) + s(v10m) + s(jd) + s(pblmin), data = .)        925.0261
gam(log(value) ~ s(sp) + s(v10m) + s(jd) + s(pblmin), data = .)          903.5261
gam(log(value) ~ s(nirradiance) + s(v10m) + s(jd) + s(pblmin), data = .) 888.1064
gam(log(value) ~ s(pbl00) + s(v10m) + s(jd) + s(pblmin), data = .)       943.8644
gam(log(value) ~ s(pbl12) + s(v10m) + s(jd) + s(pblmin), data = .)       872.8600
gam(log(value) ~ s(pblmax) + s(v10m) + s(jd) + s(pblmin), data = .)      859.3224
gam(log(value) ~ s(wdir) + s(v10m) + s(jd) + s(pblmin), data = .)        920.1568
gam(log(value) ~ s(wspeed) + s(v10m) + s(jd) + s(pblmin), data = .)      930.7090
gam(log(value) ~ s(pwspeed) + s(v10m) + s(jd) + s(pblmin), data = .)     947.8126

Modello migliore: pblmax - v10m - jd - pblmin 

Variabile scelta pblmax con AIC 859.322443002046  

Modelli BACKWARD 

                                                                          IT0887A
gam(log(value) ~ s(t2m) + s(v10m) + s(jd) + s(pblmax), data = .)         917.0208
gam(log(value) ~ s(tmin2m) + s(v10m) + s(jd) + s(pblmax), data = .)      923.1797
gam(log(value) ~ s(tmax2m) + s(v10m) + s(jd) + s(pblmax), data = .)      911.9299
gam(log(value) ~ s(tp) + s(v10m) + s(jd) + s(pblmax), data = .)          857.1768
gam(log(value) ~ s(ptp) + s(v10m) + s(jd) + s(pblmax), data = .)         929.9447
gam(log(value) ~ s(rh) + s(v10m) + s(jd) + s(pblmax), data = .)          921.8070
gam(log(value) ~ s(u10m) + s(v10m) + s(jd) + s(pblmax), data = .)        932.6534
gam(log(value) ~ s(sp) + s(v10m) + s(jd) + s(pblmax), data = .)          897.7740
gam(log(value) ~ s(nirradiance) + s(v10m) + s(jd) + s(pblmax), data = .) 934.3128
gam(log(value) ~ s(pbl00) + s(v10m) + s(jd) + s(pblmax), data = .)       909.3263
gam(log(value) ~ s(pbl12) + s(v10m) + s(jd) + s(pblmax), data = .)       952.8749
gam(log(value) ~ s(wdir) + s(v10m) + s(jd) + s(pblmax), data = .)        950.2005
gam(log(value) ~ s(wspeed) + s(v10m) + s(jd) + s(pblmax), data = .)      945.9360
gam(log(value) ~ s(pwspeed) + s(v10m) + s(jd) + s(pblmax), data = .)     958.6509

Modello migliore: tp - v10m - jd - pblmax 

Dati backward:  857.176822276788::tp::v10m::jd::pblmax 

Scelgo il modello N 

---------- START ---------- 

                                                                                      IT0887A
gam(log(value) ~ s(t2m) + s(v10m) + s(jd) + s(pblmin) + s(pblmax), data = .)         822.2807
gam(log(value) ~ s(tmin2m) + s(v10m) + s(jd) + s(pblmin) + s(pblmax), data = .)      827.7605
gam(log(value) ~ s(tmax2m) + s(v10m) + s(jd) + s(pblmin) + s(pblmax), data = .)      823.3291
gam(log(value) ~ s(tp) + s(v10m) + s(jd) + s(pblmin) + s(pblmax), data = .)          797.5901
gam(log(value) ~ s(ptp) + s(v10m) + s(jd) + s(pblmin) + s(pblmax), data = .)         838.9265
gam(log(value) ~ s(rh) + s(v10m) + s(jd) + s(pblmin) + s(pblmax), data = .)          831.6746
gam(log(value) ~ s(u10m) + s(v10m) + s(jd) + s(pblmin) + s(pblmax), data = .)        850.0799
gam(log(value) ~ s(sp) + s(v10m) + s(jd) + s(pblmin) + s(pblmax), data = .)          824.3363
gam(log(value) ~ s(nirradiance) + s(v10m) + s(jd) + s(pblmin) + s(pblmax), data = .) 844.1242
gam(log(value) ~ s(pbl00) + s(v10m) + s(jd) + s(pblmin) + s(pblmax), data = .)       855.9076
gam(log(value) ~ s(pbl12) + s(v10m) + s(jd) + s(pblmin) + s(pblmax), data = .)       853.3243
gam(log(value) ~ s(wdir) + s(v10m) + s(jd) + s(pblmin) + s(pblmax), data = .)        849.1151
gam(log(value) ~ s(wspeed) + s(v10m) + s(jd) + s(pblmin) + s(pblmax), data = .)      855.8583
gam(log(value) ~ s(pwspeed) + s(v10m) + s(jd) + s(pblmin) + s(pblmax), data = .)     858.7083

Modello migliore: tp - v10m - jd - pblmin - pblmax 

Variabile scelta tp con AIC 797.590103507538  

Modelli BACKWARD 

                                                                                  IT0887A
gam(log(value) ~ s(t2m) + s(v10m) + s(jd) + s(pblmin) + s(tp), data = .)         845.8497
gam(log(value) ~ s(tmin2m) + s(v10m) + s(jd) + s(pblmin) + s(tp), data = .)      854.1718
gam(log(value) ~ s(tmax2m) + s(v10m) + s(jd) + s(pblmin) + s(tp), data = .)      849.8815
gam(log(value) ~ s(ptp) + s(v10m) + s(jd) + s(pblmin) + s(tp), data = .)         896.4217
gam(log(value) ~ s(rh) + s(v10m) + s(jd) + s(pblmin) + s(tp), data = .)          868.3129
gam(log(value) ~ s(u10m) + s(v10m) + s(jd) + s(pblmin) + s(tp), data = .)        866.2529
gam(log(value) ~ s(sp) + s(v10m) + s(jd) + s(pblmin) + s(tp), data = .)          880.0816
gam(log(value) ~ s(nirradiance) + s(v10m) + s(jd) + s(pblmin) + s(tp), data = .) 798.5539
gam(log(value) ~ s(pbl00) + s(v10m) + s(jd) + s(pblmin) + s(tp), data = .)       899.7631
gam(log(value) ~ s(pbl12) + s(v10m) + s(jd) + s(pblmin) + s(tp), data = .)       806.7964
gam(log(value) ~ s(wdir) + s(v10m) + s(jd) + s(pblmin) + s(tp), data = .)        863.8483
gam(log(value) ~ s(wspeed) + s(v10m) + s(jd) + s(pblmin) + s(tp), data = .)      879.0907
gam(log(value) ~ s(pwspeed) + s(v10m) + s(jd) + s(pblmin) + s(tp), data = .)     899.0053

Modello migliore: nirradiance - v10m - jd - pblmin - tp 

Dati backward:  798.553850735891::nirradiance::v10m::jd::pblmin::tp 

Scelgo il modello N 

---------- START ---------- 

                                                                                              IT0887A
gam(log(value) ~ s(t2m) + s(v10m) + s(jd) + s(pblmin) + s(pblmax) + s(tp), data = .)         747.9417
gam(log(value) ~ s(tmin2m) + s(v10m) + s(jd) + s(pblmin) + s(pblmax) + s(tp), data = .)      755.1448
gam(log(value) ~ s(tmax2m) + s(v10m) + s(jd) + s(pblmin) + s(pblmax) + s(tp), data = .)      756.6439
gam(log(value) ~ s(ptp) + s(v10m) + s(jd) + s(pblmin) + s(pblmax) + s(tp), data = .)         794.7630
gam(log(value) ~ s(rh) + s(v10m) + s(jd) + s(pblmin) + s(pblmax) + s(tp), data = .)          787.2709
gam(log(value) ~ s(u10m) + s(v10m) + s(jd) + s(pblmin) + s(pblmax) + s(tp), data = .)        780.6134
gam(log(value) ~ s(sp) + s(v10m) + s(jd) + s(pblmin) + s(pblmax) + s(tp), data = .)          787.4656
gam(log(value) ~ s(nirradiance) + s(v10m) + s(jd) + s(pblmin) + s(pblmax) + s(tp), data = .) 767.7056
gam(log(value) ~ s(pbl00) + s(v10m) + s(jd) + s(pblmin) + s(pblmax) + s(tp), data = .)       793.9523
gam(log(value) ~ s(pbl12) + s(v10m) + s(jd) + s(pblmin) + s(pblmax) + s(tp), data = .)       788.4934
gam(log(value) ~ s(wdir) + s(v10m) + s(jd) + s(pblmin) + s(pblmax) + s(tp), data = .)        782.2112
gam(log(value) ~ s(wspeed) + s(v10m) + s(jd) + s(pblmin) + s(pblmax) + s(tp), data = .)      793.4008
gam(log(value) ~ s(pwspeed) + s(v10m) + s(jd) + s(pblmin) + s(pblmax) + s(tp), data = .)     794.9299

Modello migliore: t2m - v10m - jd - pblmin - pblmax - tp 

Variabile scelta t2m con AIC 747.94169582753  

Modelli BACKWARD 

                                                                                               IT0887A
gam(log(value) ~ s(tmin2m) + s(v10m) + s(jd) + s(pblmin) + s(pblmax) + s(t2m), data = .)      755.9089
gam(log(value) ~ s(tmax2m) + s(v10m) + s(jd) + s(pblmin) + s(pblmax) + s(t2m), data = .)      732.2961
gam(log(value) ~ s(ptp) + s(v10m) + s(jd) + s(pblmin) + s(pblmax) + s(t2m), data = .)         795.8181
gam(log(value) ~ s(rh) + s(v10m) + s(jd) + s(pblmin) + s(pblmax) + s(t2m), data = .)          777.6409
gam(log(value) ~ s(u10m) + s(v10m) + s(jd) + s(pblmin) + s(pblmax) + s(t2m), data = .)        811.8143
gam(log(value) ~ s(sp) + s(v10m) + s(jd) + s(pblmin) + s(pblmax) + s(t2m), data = .)          781.5098
gam(log(value) ~ s(nirradiance) + s(v10m) + s(jd) + s(pblmin) + s(pblmax) + s(t2m), data = .) 794.3221
gam(log(value) ~ s(pbl00) + s(v10m) + s(jd) + s(pblmin) + s(pblmax) + s(t2m), data = .)       820.4662
gam(log(value) ~ s(pbl12) + s(v10m) + s(jd) + s(pblmin) + s(pblmax) + s(t2m), data = .)       815.5612
gam(log(value) ~ s(wdir) + s(v10m) + s(jd) + s(pblmin) + s(pblmax) + s(t2m), data = .)        811.3971
gam(log(value) ~ s(wspeed) + s(v10m) + s(jd) + s(pblmin) + s(pblmax) + s(t2m), data = .)      818.6318
gam(log(value) ~ s(pwspeed) + s(v10m) + s(jd) + s(pblmin) + s(pblmax) + s(t2m), data = .)     820.3064

Modello migliore: tmax2m - v10m - jd - pblmin - pblmax - t2m 

Dati backward:  732.296106202285::tmax2m::v10m::jd::pblmin::pblmax::t2m 

Scelgo il modello N 

---------- START ---------- 

                                                                                                       IT0887A
gam(log(value) ~ s(tmin2m) + s(v10m) + s(jd) + s(pblmin) + s(pblmax) + s(tp) + s(t2m), data = .)      707.0250
gam(log(value) ~ s(tmax2m) + s(v10m) + s(jd) + s(pblmin) + s(pblmax) + s(tp) + s(t2m), data = .)      689.3455
gam(log(value) ~ s(ptp) + s(v10m) + s(jd) + s(pblmin) + s(pblmax) + s(tp) + s(t2m), data = .)         743.7647
gam(log(value) ~ s(rh) + s(v10m) + s(jd) + s(pblmin) + s(pblmax) + s(tp) + s(t2m), data = .)          737.2764
gam(log(value) ~ s(u10m) + s(v10m) + s(jd) + s(pblmin) + s(pblmax) + s(tp) + s(t2m), data = .)        731.2744
gam(log(value) ~ s(sp) + s(v10m) + s(jd) + s(pblmin) + s(pblmax) + s(tp) + s(t2m), data = .)          736.9023
gam(log(value) ~ s(nirradiance) + s(v10m) + s(jd) + s(pblmin) + s(pblmax) + s(tp) + s(t2m), data = .) 703.9080
gam(log(value) ~ s(pbl00) + s(v10m) + s(jd) + s(pblmin) + s(pblmax) + s(tp) + s(t2m), data = .)       744.8579
gam(log(value) ~ s(pbl12) + s(v10m) + s(jd) + s(pblmin) + s(pblmax) + s(tp) + s(t2m), data = .)       737.4958
gam(log(value) ~ s(wdir) + s(v10m) + s(jd) + s(pblmin) + s(pblmax) + s(tp) + s(t2m), data = .)        734.3277
gam(log(value) ~ s(wspeed) + s(v10m) + s(jd) + s(pblmin) + s(pblmax) + s(tp) + s(t2m), data = .)      743.5094
gam(log(value) ~ s(pwspeed) + s(v10m) + s(jd) + s(pblmin) + s(pblmax) + s(tp) + s(t2m), data = .)     743.4739

Modello migliore: tmax2m - v10m - jd - pblmin - pblmax - tp - t2m 

Variabile scelta tmax2m con AIC 689.345479911552  

Modelli BACKWARD 

                                                                                                          IT0887A
gam(log(value) ~ s(tmin2m) + s(v10m) + s(jd) + s(pblmin) + s(pblmax) + s(tp) + s(tmax2m), data = .)      696.1922
gam(log(value) ~ s(ptp) + s(v10m) + s(jd) + s(pblmin) + s(pblmax) + s(tp) + s(tmax2m), data = .)         752.5795
gam(log(value) ~ s(rh) + s(v10m) + s(jd) + s(pblmin) + s(pblmax) + s(tp) + s(tmax2m), data = .)          750.6575
gam(log(value) ~ s(u10m) + s(v10m) + s(jd) + s(pblmin) + s(pblmax) + s(tp) + s(tmax2m), data = .)        737.9487
gam(log(value) ~ s(sp) + s(v10m) + s(jd) + s(pblmin) + s(pblmax) + s(tp) + s(tmax2m), data = .)          744.1094
gam(log(value) ~ s(nirradiance) + s(v10m) + s(jd) + s(pblmin) + s(pblmax) + s(tp) + s(tmax2m), data = .) 714.1708
gam(log(value) ~ s(pbl00) + s(v10m) + s(jd) + s(pblmin) + s(pblmax) + s(tp) + s(tmax2m), data = .)       755.4476
gam(log(value) ~ s(pbl12) + s(v10m) + s(jd) + s(pblmin) + s(pblmax) + s(tp) + s(tmax2m), data = .)       748.4479
gam(log(value) ~ s(wdir) + s(v10m) + s(jd) + s(pblmin) + s(pblmax) + s(tp) + s(tmax2m), data = .)        737.5334
gam(log(value) ~ s(wspeed) + s(v10m) + s(jd) + s(pblmin) + s(pblmax) + s(tp) + s(tmax2m), data = .)      751.8795
gam(log(value) ~ s(pwspeed) + s(v10m) + s(jd) + s(pblmin) + s(pblmax) + s(tp) + s(tmax2m), data = .)     751.4917

Modello migliore: tmin2m - v10m - jd - pblmin - pblmax - tp - tmax2m 

Dati backward:  696.192168877457::tmin2m::v10m::jd::pblmin::pblmax::tp::tmax2m 

Scelgo il modello N-1 

---------- START ---------- 

                                                                                                       IT0887A
gam(log(value) ~ s(tmin2m) + s(v10m) + s(jd) + s(pblmin) + s(pblmax) + s(tp) + s(t2m), data = .)      707.0250
gam(log(value) ~ s(ptp) + s(v10m) + s(jd) + s(pblmin) + s(pblmax) + s(tp) + s(t2m), data = .)         743.7647
gam(log(value) ~ s(rh) + s(v10m) + s(jd) + s(pblmin) + s(pblmax) + s(tp) + s(t2m), data = .)          737.2764
gam(log(value) ~ s(u10m) + s(v10m) + s(jd) + s(pblmin) + s(pblmax) + s(tp) + s(t2m), data = .)        731.2744
gam(log(value) ~ s(sp) + s(v10m) + s(jd) + s(pblmin) + s(pblmax) + s(tp) + s(t2m), data = .)          736.9023
gam(log(value) ~ s(nirradiance) + s(v10m) + s(jd) + s(pblmin) + s(pblmax) + s(tp) + s(t2m), data = .) 703.9080
gam(log(value) ~ s(pbl00) + s(v10m) + s(jd) + s(pblmin) + s(pblmax) + s(tp) + s(t2m), data = .)       744.8579
gam(log(value) ~ s(pbl12) + s(v10m) + s(jd) + s(pblmin) + s(pblmax) + s(tp) + s(t2m), data = .)       737.4958
gam(log(value) ~ s(wdir) + s(v10m) + s(jd) + s(pblmin) + s(pblmax) + s(tp) + s(t2m), data = .)        734.3277
gam(log(value) ~ s(wspeed) + s(v10m) + s(jd) + s(pblmin) + s(pblmax) + s(tp) + s(t2m), data = .)      743.5094
gam(log(value) ~ s(pwspeed) + s(v10m) + s(jd) + s(pblmin) + s(pblmax) + s(tp) + s(t2m), data = .)     743.4739

Modello migliore: nirradiance - v10m - jd - pblmin - pblmax - tp - t2m 

Variabile scelta nirradiance con AIC 703.907992874731  

Fine per scelta MODELLO 

v10m + jd + pblmin + pblmax + tp + t2m 

---------------------- 

NOTE: Log Print Time:  2021-05-11 11:24:38 
NOTE: Elapsed Time in seconds: 1.20706730683645 

Fine per scelta MODELLO 

v10m + jd + pblmin + pblmax + tp + t2m 

---------------------- 

NOTE: Log Print Time:  2021-05-11 11:24:38 
NOTE: Elapsed Time in seconds: 0.00110054016113281 

Fine per scelta MODELLO 

v10m + jd + pblmin + pblmax + tp + t2m 

---------------------- 

NOTE: Log Print Time:  2021-05-11 11:24:38 
NOTE: Elapsed Time in seconds: 0.0010526180267334 

Fine per scelta MODELLO 

v10m + jd + pblmin + pblmax + tp + t2m 

---------------------- 

NOTE: Log Print Time:  2021-05-11 11:24:38 
NOTE: Elapsed Time in seconds: 0.0010230541229248 

Fine per scelta MODELLO 

v10m + jd + pblmin + pblmax + tp + t2m 

---------------------- 

NOTE: Log Print Time:  2021-05-11 11:24:38 
NOTE: Elapsed Time in seconds: 0.0010066032409668 

Fine per scelta MODELLO 

v10m + jd + pblmin + pblmax + tp + t2m 

---------------------- 

NOTE: Log Print Time:  2021-05-11 11:24:38 
NOTE: Elapsed Time in seconds: 0.000993251800537109 

Fine per scelta MODELLO 

v10m + jd + pblmin + pblmax + tp + t2m 

---------------------- 

NOTE: Log Print Time:  2021-05-11 11:24:38 
NOTE: Elapsed Time in seconds: 0.00099945068359375 

========================================================================= 
Log End Time: 2021-05-11 11:24:38 
Log Elapsed Time: 0 00:00:01 
========================================================================= 
