========================================================================= 
Log Path: output/12/no2/log/pulvirus_no2_12_IT0989A.log 
Working Directory: /home/rmorelli/R/pulvirus/analisi/GAM/scelta 
User Name: rmorelli 
R Version: 4.0.5 (2021-03-31) 
Machine: pasqualino x86_64 
Operating System: Linux 4.19.0-13-amd64 #1 SMP Debian 4.19.160-2 (2020-11-28) 
Log Start Time: 2021-05-11 11:31:35 
========================================================================= 

Stazione: IT0989A 

---------- START ---------- 

                                            IT0989A
gam(log(value) ~ s(t2m), data = .)         2849.538
gam(log(value) ~ s(tmin2m), data = .)      2789.210
gam(log(value) ~ s(tmax2m), data = .)      2945.115
gam(log(value) ~ s(tp), data = .)          2833.214
gam(log(value) ~ s(ptp), data = .)         2984.347
gam(log(value) ~ s(rh), data = .)          3039.875
gam(log(value) ~ s(u10m), data = .)        2878.978
gam(log(value) ~ s(v10m), data = .)        2733.430
gam(log(value) ~ s(sp), data = .)          2892.463
gam(log(value) ~ s(nirradiance), data = .) 2875.499
gam(log(value) ~ s(pbl00), data = .)       2909.251
gam(log(value) ~ s(pbl12), data = .)       2732.112
gam(log(value) ~ s(pblmin), data = .)      2810.914
gam(log(value) ~ s(pblmax), data = .)      2725.236
gam(log(value) ~ s(wdir), data = .)        2927.253
gam(log(value) ~ s(wspeed), data = .)      2790.465
gam(log(value) ~ s(pwspeed), data = .)     3061.521
gam(log(value) ~ s(jd), data = .)          2511.337

Modello migliore: jd 

Variabile scelta jd con AIC 2511.3368736163  

---------- START ---------- 

                                                    IT0989A
gam(log(value) ~ s(t2m) + s(jd), data = .)         2472.393
gam(log(value) ~ s(tmin2m) + s(jd), data = .)      2440.670
gam(log(value) ~ s(tmax2m) + s(jd), data = .)      2483.637
gam(log(value) ~ s(tp) + s(jd), data = .)          2130.736
gam(log(value) ~ s(ptp) + s(jd), data = .)         2360.836
gam(log(value) ~ s(rh) + s(jd), data = .)          2157.515
gam(log(value) ~ s(u10m) + s(jd), data = .)        2216.301
gam(log(value) ~ s(v10m) + s(jd), data = .)        1841.187
gam(log(value) ~ s(sp) + s(jd), data = .)          2231.288
gam(log(value) ~ s(nirradiance) + s(jd), data = .) 2412.331
gam(log(value) ~ s(pbl00) + s(jd), data = .)       2024.816
gam(log(value) ~ s(pbl12) + s(jd), data = .)       2355.380
gam(log(value) ~ s(pblmin) + s(jd), data = .)      1768.670
gam(log(value) ~ s(pblmax) + s(jd), data = .)      2353.314
gam(log(value) ~ s(wdir) + s(jd), data = .)        2357.168
gam(log(value) ~ s(wspeed) + s(jd), data = .)      1819.010
gam(log(value) ~ s(pwspeed) + s(jd), data = .)     2382.631
gam(log(value) ~ s(jd) + s(jd), data = .)          2511.337

Modello migliore: pblmin - jd 

Variabile scelta pblmin con AIC 1768.66976060011  

Modelli BACKWARD 

                                                        IT0989A
gam(log(value) ~ s(t2m) + s(pblmin), data = .)         2258.764
gam(log(value) ~ s(tmin2m) + s(pblmin), data = .)      2279.631
gam(log(value) ~ s(tmax2m) + s(pblmin), data = .)      2338.727
gam(log(value) ~ s(tp) + s(pblmin), data = .)          2678.776
gam(log(value) ~ s(ptp) + s(pblmin), data = .)         2759.682
gam(log(value) ~ s(rh) + s(pblmin), data = .)          2810.513
gam(log(value) ~ s(u10m) + s(pblmin), data = .)        2658.420
gam(log(value) ~ s(v10m) + s(pblmin), data = .)        2680.821
gam(log(value) ~ s(sp) + s(pblmin), data = .)          2663.436
gam(log(value) ~ s(nirradiance) + s(pblmin), data = .) 2320.038
gam(log(value) ~ s(pbl00) + s(pblmin), data = .)       2804.022
gam(log(value) ~ s(pbl12) + s(pblmin), data = .)       2370.258
gam(log(value) ~ s(pblmax) + s(pblmin), data = .)      2354.136
gam(log(value) ~ s(wdir) + s(pblmin), data = .)        2652.366
gam(log(value) ~ s(wspeed) + s(pblmin), data = .)      2741.587
gam(log(value) ~ s(pwspeed) + s(pblmin), data = .)     2807.801

Modello migliore: t2m - pblmin 

Dati backward:  2258.76427318872::t2m::pblmin 

Scelgo il modello N 

---------- START ---------- 

                                                                IT0989A
gam(log(value) ~ s(t2m) + s(jd) + s(pblmin), data = .)         1689.680
gam(log(value) ~ s(tmin2m) + s(jd) + s(pblmin), data = .)      1683.721
gam(log(value) ~ s(tmax2m) + s(jd) + s(pblmin), data = .)      1731.540
gam(log(value) ~ s(tp) + s(jd) + s(pblmin), data = .)          1625.709
gam(log(value) ~ s(ptp) + s(jd) + s(pblmin), data = .)         1728.736
gam(log(value) ~ s(rh) + s(jd) + s(pblmin), data = .)          1655.226
gam(log(value) ~ s(u10m) + s(jd) + s(pblmin), data = .)        1692.830
gam(log(value) ~ s(v10m) + s(jd) + s(pblmin), data = .)        1597.853
gam(log(value) ~ s(sp) + s(jd) + s(pblmin), data = .)          1666.372
gam(log(value) ~ s(nirradiance) + s(jd) + s(pblmin), data = .) 1722.721
gam(log(value) ~ s(pbl00) + s(jd) + s(pblmin), data = .)       1742.147
gam(log(value) ~ s(pbl12) + s(jd) + s(pblmin), data = .)       1658.139
gam(log(value) ~ s(pblmax) + s(jd) + s(pblmin), data = .)      1649.517
gam(log(value) ~ s(wdir) + s(jd) + s(pblmin), data = .)        1703.734
gam(log(value) ~ s(wspeed) + s(jd) + s(pblmin), data = .)      1632.482
gam(log(value) ~ s(pwspeed) + s(jd) + s(pblmin), data = .)     1759.020

Modello migliore: v10m - jd - pblmin 

Variabile scelta v10m con AIC 1597.85296524572  

Modelli BACKWARD 

                                                              IT0989A
gam(log(value) ~ s(t2m) + s(jd) + s(v10m), data = .)         1785.175
gam(log(value) ~ s(tmin2m) + s(jd) + s(v10m), data = .)      1759.066
gam(log(value) ~ s(tmax2m) + s(jd) + s(v10m), data = .)      1826.607
gam(log(value) ~ s(tp) + s(jd) + s(v10m), data = .)          1632.011
gam(log(value) ~ s(ptp) + s(jd) + s(v10m), data = .)         1736.909
gam(log(value) ~ s(rh) + s(jd) + s(v10m), data = .)          1648.027
gam(log(value) ~ s(u10m) + s(jd) + s(v10m), data = .)        1720.200
gam(log(value) ~ s(sp) + s(jd) + s(v10m), data = .)          1726.239
gam(log(value) ~ s(nirradiance) + s(jd) + s(v10m), data = .) 1790.258
gam(log(value) ~ s(pbl00) + s(jd) + s(v10m), data = .)       1691.391
gam(log(value) ~ s(pbl12) + s(jd) + s(v10m), data = .)       1777.202
gam(log(value) ~ s(pblmax) + s(jd) + s(v10m), data = .)      1772.909
gam(log(value) ~ s(wdir) + s(jd) + s(v10m), data = .)        1779.660
gam(log(value) ~ s(wspeed) + s(jd) + s(v10m), data = .)      1721.599
gam(log(value) ~ s(pwspeed) + s(jd) + s(v10m), data = .)     1815.753

Modello migliore: tp - jd - v10m 

Dati backward:  1632.01140665481::tp::jd::v10m 

Scelgo il modello N 

---------- START ---------- 

                                                                          IT0989A
gam(log(value) ~ s(t2m) + s(jd) + s(pblmin) + s(v10m), data = .)         1520.401
gam(log(value) ~ s(tmin2m) + s(jd) + s(pblmin) + s(v10m), data = .)      1519.147
gam(log(value) ~ s(tmax2m) + s(jd) + s(pblmin) + s(v10m), data = .)      1559.527
gam(log(value) ~ s(tp) + s(jd) + s(pblmin) + s(v10m), data = .)          1476.392
gam(log(value) ~ s(ptp) + s(jd) + s(pblmin) + s(v10m), data = .)         1544.807
gam(log(value) ~ s(rh) + s(jd) + s(pblmin) + s(v10m), data = .)          1510.655
gam(log(value) ~ s(u10m) + s(jd) + s(pblmin) + s(v10m), data = .)        1551.282
gam(log(value) ~ s(sp) + s(jd) + s(pblmin) + s(v10m), data = .)          1528.778
gam(log(value) ~ s(nirradiance) + s(jd) + s(pblmin) + s(v10m), data = .) 1551.071
gam(log(value) ~ s(pbl00) + s(jd) + s(pblmin) + s(v10m), data = .)       1581.322
gam(log(value) ~ s(pbl12) + s(jd) + s(pblmin) + s(v10m), data = .)       1510.858
gam(log(value) ~ s(pblmax) + s(jd) + s(pblmin) + s(v10m), data = .)      1502.881
gam(log(value) ~ s(wdir) + s(jd) + s(pblmin) + s(v10m), data = .)        1570.561
gam(log(value) ~ s(wspeed) + s(jd) + s(pblmin) + s(v10m), data = .)      1559.159
gam(log(value) ~ s(pwspeed) + s(jd) + s(pblmin) + s(v10m), data = .)     1592.812

Modello migliore: tp - jd - pblmin - v10m 

Variabile scelta tp con AIC 1476.3918619383  

Modelli BACKWARD 

                                                                        IT0989A
gam(log(value) ~ s(t2m) + s(jd) + s(pblmin) + s(tp), data = .)         1536.969
gam(log(value) ~ s(tmin2m) + s(jd) + s(pblmin) + s(tp), data = .)      1550.243
gam(log(value) ~ s(tmax2m) + s(jd) + s(pblmin) + s(tp), data = .)      1561.223
gam(log(value) ~ s(ptp) + s(jd) + s(pblmin) + s(tp), data = .)         1622.742
gam(log(value) ~ s(rh) + s(jd) + s(pblmin) + s(tp), data = .)          1611.594
gam(log(value) ~ s(u10m) + s(jd) + s(pblmin) + s(tp), data = .)        1502.837
gam(log(value) ~ s(sp) + s(jd) + s(pblmin) + s(tp), data = .)          1596.327
gam(log(value) ~ s(nirradiance) + s(jd) + s(pblmin) + s(tp), data = .) 1493.848
gam(log(value) ~ s(pbl00) + s(jd) + s(pblmin) + s(tp), data = .)       1607.926
gam(log(value) ~ s(pbl12) + s(jd) + s(pblmin) + s(tp), data = .)       1456.841
gam(log(value) ~ s(pblmax) + s(jd) + s(pblmin) + s(tp), data = .)      1457.982
gam(log(value) ~ s(wdir) + s(jd) + s(pblmin) + s(tp), data = .)        1551.296
gam(log(value) ~ s(wspeed) + s(jd) + s(pblmin) + s(tp), data = .)      1451.063
gam(log(value) ~ s(pwspeed) + s(jd) + s(pblmin) + s(tp), data = .)     1614.167

Modello migliore: wspeed - jd - pblmin - tp 

Dati backward:  1451.06325131129::wspeed::jd::pblmin::tp 

Scelgo il modello N 

---------- START ---------- 

                                                                                  IT0989A
gam(log(value) ~ s(t2m) + s(jd) + s(pblmin) + s(v10m) + s(tp), data = .)         1365.146
gam(log(value) ~ s(tmin2m) + s(jd) + s(pblmin) + s(v10m) + s(tp), data = .)      1389.646
gam(log(value) ~ s(tmax2m) + s(jd) + s(pblmin) + s(v10m) + s(tp), data = .)      1385.706
gam(log(value) ~ s(ptp) + s(jd) + s(pblmin) + s(v10m) + s(tp), data = .)         1471.197
gam(log(value) ~ s(rh) + s(jd) + s(pblmin) + s(v10m) + s(tp), data = .)          1471.000
gam(log(value) ~ s(u10m) + s(jd) + s(pblmin) + s(v10m) + s(tp), data = .)        1381.036
gam(log(value) ~ s(sp) + s(jd) + s(pblmin) + s(v10m) + s(tp), data = .)          1452.268
gam(log(value) ~ s(nirradiance) + s(jd) + s(pblmin) + s(v10m) + s(tp), data = .) 1340.666
gam(log(value) ~ s(pbl00) + s(jd) + s(pblmin) + s(v10m) + s(tp), data = .)       1466.467
gam(log(value) ~ s(pbl12) + s(jd) + s(pblmin) + s(v10m) + s(tp), data = .)       1335.736
gam(log(value) ~ s(pblmax) + s(jd) + s(pblmin) + s(v10m) + s(tp), data = .)      1332.647
gam(log(value) ~ s(wdir) + s(jd) + s(pblmin) + s(v10m) + s(tp), data = .)        1417.514
gam(log(value) ~ s(wspeed) + s(jd) + s(pblmin) + s(v10m) + s(tp), data = .)      1411.250
gam(log(value) ~ s(pwspeed) + s(jd) + s(pblmin) + s(v10m) + s(tp), data = .)     1470.295

Modello migliore: pblmax - jd - pblmin - v10m - tp 

Variabile scelta pblmax con AIC 1332.6466451046  

Modelli BACKWARD 

                                                                                      IT0989A
gam(log(value) ~ s(t2m) + s(jd) + s(pblmin) + s(v10m) + s(pblmax), data = .)         1439.544
gam(log(value) ~ s(tmin2m) + s(jd) + s(pblmin) + s(v10m) + s(pblmax), data = .)      1426.188
gam(log(value) ~ s(tmax2m) + s(jd) + s(pblmin) + s(v10m) + s(pblmax), data = .)      1478.178
gam(log(value) ~ s(ptp) + s(jd) + s(pblmin) + s(v10m) + s(pblmax), data = .)         1453.642
gam(log(value) ~ s(rh) + s(jd) + s(pblmin) + s(v10m) + s(pblmax), data = .)          1344.542
gam(log(value) ~ s(u10m) + s(jd) + s(pblmin) + s(v10m) + s(pblmax), data = .)        1455.787
gam(log(value) ~ s(sp) + s(jd) + s(pblmin) + s(v10m) + s(pblmax), data = .)          1446.960
gam(log(value) ~ s(nirradiance) + s(jd) + s(pblmin) + s(v10m) + s(pblmax), data = .) 1449.030
gam(log(value) ~ s(pbl00) + s(jd) + s(pblmin) + s(v10m) + s(pblmax), data = .)       1487.664
gam(log(value) ~ s(pbl12) + s(jd) + s(pblmin) + s(v10m) + s(pblmax), data = .)       1498.732
gam(log(value) ~ s(wdir) + s(jd) + s(pblmin) + s(v10m) + s(pblmax), data = .)        1482.415
gam(log(value) ~ s(wspeed) + s(jd) + s(pblmin) + s(v10m) + s(pblmax), data = .)      1450.180
gam(log(value) ~ s(pwspeed) + s(jd) + s(pblmin) + s(v10m) + s(pblmax), data = .)     1495.610

Modello migliore: rh - jd - pblmin - v10m - pblmax 

Dati backward:  1344.54182752449::rh::jd::pblmin::v10m::pblmax 

Scelgo il modello N 

---------- START ---------- 

                                                                                              IT0989A
gam(log(value) ~ s(t2m) + s(jd) + s(pblmin) + s(v10m) + s(tp) + s(pblmax), data = .)         1242.567
gam(log(value) ~ s(tmin2m) + s(jd) + s(pblmin) + s(v10m) + s(tp) + s(pblmax), data = .)      1247.458
gam(log(value) ~ s(tmax2m) + s(jd) + s(pblmin) + s(v10m) + s(tp) + s(pblmax), data = .)      1269.389
gam(log(value) ~ s(ptp) + s(jd) + s(pblmin) + s(v10m) + s(tp) + s(pblmax), data = .)         1332.031
gam(log(value) ~ s(rh) + s(jd) + s(pblmin) + s(v10m) + s(tp) + s(pblmax), data = .)          1304.930
gam(log(value) ~ s(u10m) + s(jd) + s(pblmin) + s(v10m) + s(tp) + s(pblmax), data = .)        1222.250
gam(log(value) ~ s(sp) + s(jd) + s(pblmin) + s(v10m) + s(tp) + s(pblmax), data = .)          1326.198
gam(log(value) ~ s(nirradiance) + s(jd) + s(pblmin) + s(v10m) + s(tp) + s(pblmax), data = .) 1263.455
gam(log(value) ~ s(pbl00) + s(jd) + s(pblmin) + s(v10m) + s(tp) + s(pblmax), data = .)       1319.439
gam(log(value) ~ s(pbl12) + s(jd) + s(pblmin) + s(v10m) + s(tp) + s(pblmax), data = .)       1326.279
gam(log(value) ~ s(wdir) + s(jd) + s(pblmin) + s(v10m) + s(tp) + s(pblmax), data = .)        1283.462
gam(log(value) ~ s(wspeed) + s(jd) + s(pblmin) + s(v10m) + s(tp) + s(pblmax), data = .)      1241.760
gam(log(value) ~ s(pwspeed) + s(jd) + s(pblmin) + s(v10m) + s(tp) + s(pblmax), data = .)     1323.405

Modello migliore: u10m - jd - pblmin - v10m - tp - pblmax 

Variabile scelta u10m con AIC 1222.25019222833  

Modelli BACKWARD 

                                                                                            IT0989A
gam(log(value) ~ s(t2m) + s(jd) + s(pblmin) + s(v10m) + s(tp) + s(u10m), data = .)         1231.888
gam(log(value) ~ s(tmin2m) + s(jd) + s(pblmin) + s(v10m) + s(tp) + s(u10m), data = .)      1264.962
gam(log(value) ~ s(tmax2m) + s(jd) + s(pblmin) + s(v10m) + s(tp) + s(u10m), data = .)      1260.648
gam(log(value) ~ s(ptp) + s(jd) + s(pblmin) + s(v10m) + s(tp) + s(u10m), data = .)         1374.101
gam(log(value) ~ s(rh) + s(jd) + s(pblmin) + s(v10m) + s(tp) + s(u10m), data = .)          1376.222
gam(log(value) ~ s(sp) + s(jd) + s(pblmin) + s(v10m) + s(tp) + s(u10m), data = .)          1354.005
gam(log(value) ~ s(nirradiance) + s(jd) + s(pblmin) + s(v10m) + s(tp) + s(u10m), data = .) 1257.178
gam(log(value) ~ s(pbl00) + s(jd) + s(pblmin) + s(v10m) + s(tp) + s(u10m), data = .)       1375.040
gam(log(value) ~ s(pbl12) + s(jd) + s(pblmin) + s(v10m) + s(tp) + s(u10m), data = .)       1236.682
gam(log(value) ~ s(wdir) + s(jd) + s(pblmin) + s(v10m) + s(tp) + s(u10m), data = .)        1371.831
gam(log(value) ~ s(wspeed) + s(jd) + s(pblmin) + s(v10m) + s(tp) + s(u10m), data = .)      1378.284
gam(log(value) ~ s(pwspeed) + s(jd) + s(pblmin) + s(v10m) + s(tp) + s(u10m), data = .)     1378.987

Modello migliore: t2m - jd - pblmin - v10m - tp - u10m 

Dati backward:  1231.88828885858::t2m::jd::pblmin::v10m::tp::u10m 

Scelgo il modello N-1 

---------- START ---------- 

                                                                                              IT0989A
gam(log(value) ~ s(t2m) + s(jd) + s(pblmin) + s(v10m) + s(tp) + s(pblmax), data = .)         1242.567
gam(log(value) ~ s(tmin2m) + s(jd) + s(pblmin) + s(v10m) + s(tp) + s(pblmax), data = .)      1247.458
gam(log(value) ~ s(tmax2m) + s(jd) + s(pblmin) + s(v10m) + s(tp) + s(pblmax), data = .)      1269.389
gam(log(value) ~ s(ptp) + s(jd) + s(pblmin) + s(v10m) + s(tp) + s(pblmax), data = .)         1332.031
gam(log(value) ~ s(rh) + s(jd) + s(pblmin) + s(v10m) + s(tp) + s(pblmax), data = .)          1304.930
gam(log(value) ~ s(sp) + s(jd) + s(pblmin) + s(v10m) + s(tp) + s(pblmax), data = .)          1326.198
gam(log(value) ~ s(nirradiance) + s(jd) + s(pblmin) + s(v10m) + s(tp) + s(pblmax), data = .) 1263.455
gam(log(value) ~ s(pbl00) + s(jd) + s(pblmin) + s(v10m) + s(tp) + s(pblmax), data = .)       1319.439
gam(log(value) ~ s(pbl12) + s(jd) + s(pblmin) + s(v10m) + s(tp) + s(pblmax), data = .)       1326.279
gam(log(value) ~ s(wdir) + s(jd) + s(pblmin) + s(v10m) + s(tp) + s(pblmax), data = .)        1283.462
gam(log(value) ~ s(wspeed) + s(jd) + s(pblmin) + s(v10m) + s(tp) + s(pblmax), data = .)      1241.760
gam(log(value) ~ s(pwspeed) + s(jd) + s(pblmin) + s(v10m) + s(tp) + s(pblmax), data = .)     1323.405

Modello migliore: wspeed - jd - pblmin - v10m - tp - pblmax 

Variabile scelta wspeed con AIC 1241.76010357444  

Fine per scelta MODELLO 

jd + pblmin + v10m + tp + pblmax 

---------------------- 

NOTE: Log Print Time:  2021-05-11 11:32:40 
NOTE: Elapsed Time in seconds: 1.08743368784587 

Fine per scelta MODELLO 

jd + pblmin + v10m + tp + pblmax 

---------------------- 

NOTE: Log Print Time:  2021-05-11 11:32:40 
NOTE: Elapsed Time in seconds: 0.00107479095458984 

Fine per scelta MODELLO 

jd + pblmin + v10m + tp + pblmax 

---------------------- 

NOTE: Log Print Time:  2021-05-11 11:32:40 
NOTE: Elapsed Time in seconds: 0.000998497009277344 

Fine per scelta MODELLO 

jd + pblmin + v10m + tp + pblmax 

---------------------- 

NOTE: Log Print Time:  2021-05-11 11:32:40 
NOTE: Elapsed Time in seconds: 0.000982284545898438 

Fine per scelta MODELLO 

jd + pblmin + v10m + tp + pblmax 

---------------------- 

NOTE: Log Print Time:  2021-05-11 11:32:40 
NOTE: Elapsed Time in seconds: 0.000976085662841797 

Fine per scelta MODELLO 

jd + pblmin + v10m + tp + pblmax 

---------------------- 

NOTE: Log Print Time:  2021-05-11 11:32:40 
NOTE: Elapsed Time in seconds: 0.000977993011474609 

========================================================================= 
Log End Time: 2021-05-11 11:32:40 
Log Elapsed Time: 0 00:00:01 
========================================================================= 
