========================================================================= 
Log Path: output/12/no2/log/pulvirus_no2_12_IT1906A.log 
Working Directory: /home/rmorelli/R/pulvirus/analisi/GAM/scelta 
User Name: rmorelli 
R Version: 4.0.5 (2021-03-31) 
Machine: pasqualino x86_64 
Operating System: Linux 4.19.0-13-amd64 #1 SMP Debian 4.19.160-2 (2020-11-28) 
Log Start Time: 2021-05-11 11:20:54 
========================================================================= 

Stazione: IT1906A 

---------- START ---------- 

                                             IT1906A
gam(log(value) ~ s(t2m), data = .)         1584.3826
gam(log(value) ~ s(tmin2m), data = .)      1605.8433
gam(log(value) ~ s(tmax2m), data = .)      1644.2391
gam(log(value) ~ s(tp), data = .)          1956.5840
gam(log(value) ~ s(ptp), data = .)         1965.7493
gam(log(value) ~ s(rh), data = .)          1864.8395
gam(log(value) ~ s(u10m), data = .)        1698.7052
gam(log(value) ~ s(v10m), data = .)        1879.6029
gam(log(value) ~ s(sp), data = .)          1641.7963
gam(log(value) ~ s(nirradiance), data = .) 1436.7951
gam(log(value) ~ s(pbl00), data = .)       1907.0226
gam(log(value) ~ s(pbl12), data = .)       1500.1300
gam(log(value) ~ s(pblmin), data = .)      1888.2454
gam(log(value) ~ s(pblmax), data = .)      1571.1637
gam(log(value) ~ s(wdir), data = .)        1563.6613
gam(log(value) ~ s(wspeed), data = .)      1925.4796
gam(log(value) ~ s(pwspeed), data = .)     1968.6979
gam(log(value) ~ s(jd), data = .)           877.2469

Modello migliore: jd 

Variabile scelta jd con AIC 877.246937985057  

---------- START ---------- 

                                                    IT1906A
gam(log(value) ~ s(t2m) + s(jd), data = .)         788.4612
gam(log(value) ~ s(tmin2m) + s(jd), data = .)      786.4307
gam(log(value) ~ s(tmax2m) + s(jd), data = .)      827.7703
gam(log(value) ~ s(tp) + s(jd), data = .)          820.0115
gam(log(value) ~ s(ptp) + s(jd), data = .)         842.3677
gam(log(value) ~ s(rh) + s(jd), data = .)          866.1116
gam(log(value) ~ s(u10m) + s(jd), data = .)        691.0919
gam(log(value) ~ s(v10m) + s(jd), data = .)        627.0742
gam(log(value) ~ s(sp) + s(jd), data = .)          702.1864
gam(log(value) ~ s(nirradiance) + s(jd), data = .) 778.9937
gam(log(value) ~ s(pbl00) + s(jd), data = .)       597.7223
gam(log(value) ~ s(pbl12) + s(jd), data = .)       703.1201
gam(log(value) ~ s(pblmin) + s(jd), data = .)      531.7177
gam(log(value) ~ s(pblmax) + s(jd), data = .)      729.0899
gam(log(value) ~ s(wdir) + s(jd), data = .)        625.6334
gam(log(value) ~ s(wspeed) + s(jd), data = .)      622.3086
gam(log(value) ~ s(pwspeed) + s(jd), data = .)     816.3802
gam(log(value) ~ s(jd) + s(jd), data = .)          877.2469

Modello migliore: pblmin - jd 

Variabile scelta pblmin con AIC 531.717728390093  

Modelli BACKWARD 

                                                        IT1906A
gam(log(value) ~ s(t2m) + s(pblmin), data = .)         1439.172
gam(log(value) ~ s(tmin2m) + s(pblmin), data = .)      1499.942
gam(log(value) ~ s(tmax2m) + s(pblmin), data = .)      1455.788
gam(log(value) ~ s(tp) + s(pblmin), data = .)          1889.177
gam(log(value) ~ s(ptp) + s(pblmin), data = .)         1890.117
gam(log(value) ~ s(rh) + s(pblmin), data = .)          1760.117
gam(log(value) ~ s(u10m) + s(pblmin), data = .)        1568.200
gam(log(value) ~ s(v10m) + s(pblmin), data = .)        1859.231
gam(log(value) ~ s(sp) + s(pblmin), data = .)          1582.732
gam(log(value) ~ s(nirradiance) + s(pblmin), data = .) 1127.821
gam(log(value) ~ s(pbl00) + s(pblmin), data = .)       1884.230
gam(log(value) ~ s(pbl12) + s(pblmin), data = .)       1426.738
gam(log(value) ~ s(pblmax) + s(pblmin), data = .)      1509.880
gam(log(value) ~ s(wdir) + s(pblmin), data = .)        1468.935
gam(log(value) ~ s(wspeed) + s(pblmin), data = .)      1889.994
gam(log(value) ~ s(pwspeed) + s(pblmin), data = .)     1881.153

Modello migliore: nirradiance - pblmin 

Dati backward:  1127.82123134175::nirradiance::pblmin 

Scelgo il modello N 

---------- START ---------- 

                                                                IT1906A
gam(log(value) ~ s(t2m) + s(jd) + s(pblmin), data = .)         456.3587
gam(log(value) ~ s(tmin2m) + s(jd) + s(pblmin), data = .)      457.9005
gam(log(value) ~ s(tmax2m) + s(jd) + s(pblmin), data = .)      472.1798
gam(log(value) ~ s(tp) + s(jd) + s(pblmin), data = .)          533.2191
gam(log(value) ~ s(ptp) + s(jd) + s(pblmin), data = .)         532.2902
gam(log(value) ~ s(rh) + s(jd) + s(pblmin), data = .)          516.6284
gam(log(value) ~ s(u10m) + s(jd) + s(pblmin), data = .)        349.4126
gam(log(value) ~ s(v10m) + s(jd) + s(pblmin), data = .)        513.2974
gam(log(value) ~ s(sp) + s(jd) + s(pblmin), data = .)          460.8894
gam(log(value) ~ s(nirradiance) + s(jd) + s(pblmin), data = .) 337.0061
gam(log(value) ~ s(pbl00) + s(jd) + s(pblmin), data = .)       499.3190
gam(log(value) ~ s(pbl12) + s(jd) + s(pblmin), data = .)       420.4282
gam(log(value) ~ s(pblmax) + s(jd) + s(pblmin), data = .)      445.0323
gam(log(value) ~ s(wdir) + s(jd) + s(pblmin), data = .)        295.5520
gam(log(value) ~ s(wspeed) + s(jd) + s(pblmin), data = .)      518.4936
gam(log(value) ~ s(pwspeed) + s(jd) + s(pblmin), data = .)     530.4085

Modello migliore: wdir - jd - pblmin 

Variabile scelta wdir con AIC 295.552019623128  

Modelli BACKWARD 

                                                              IT1906A
gam(log(value) ~ s(t2m) + s(jd) + s(wdir), data = .)         565.1350
gam(log(value) ~ s(tmin2m) + s(jd) + s(wdir), data = .)      558.3280
gam(log(value) ~ s(tmax2m) + s(jd) + s(wdir), data = .)      576.6876
gam(log(value) ~ s(tp) + s(jd) + s(wdir), data = .)          572.4644
gam(log(value) ~ s(ptp) + s(jd) + s(wdir), data = .)         598.1064
gam(log(value) ~ s(rh) + s(jd) + s(wdir), data = .)          615.5055
gam(log(value) ~ s(u10m) + s(jd) + s(wdir), data = .)        484.2404
gam(log(value) ~ s(v10m) + s(jd) + s(wdir), data = .)        375.4871
gam(log(value) ~ s(sp) + s(jd) + s(wdir), data = .)          492.1570
gam(log(value) ~ s(nirradiance) + s(jd) + s(wdir), data = .) 562.2384
gam(log(value) ~ s(pbl00) + s(jd) + s(wdir), data = .)       400.9228
gam(log(value) ~ s(pbl12) + s(jd) + s(wdir), data = .)       510.3485
gam(log(value) ~ s(pblmax) + s(jd) + s(wdir), data = .)      522.2403
gam(log(value) ~ s(wspeed) + s(jd) + s(wdir), data = .)      363.7839
gam(log(value) ~ s(pwspeed) + s(jd) + s(wdir), data = .)     574.6291

Modello migliore: wspeed - jd - wdir 

Dati backward:  363.783916907874::wspeed::jd::wdir 

Scelgo il modello N 

---------- START ---------- 

                                                                          IT1906A
gam(log(value) ~ s(t2m) + s(jd) + s(pblmin) + s(wdir), data = .)         247.8372
gam(log(value) ~ s(tmin2m) + s(jd) + s(pblmin) + s(wdir), data = .)      261.7290
gam(log(value) ~ s(tmax2m) + s(jd) + s(pblmin) + s(wdir), data = .)      235.7116
gam(log(value) ~ s(tp) + s(jd) + s(pblmin) + s(wdir), data = .)          294.7619
gam(log(value) ~ s(ptp) + s(jd) + s(pblmin) + s(wdir), data = .)         294.5498
gam(log(value) ~ s(rh) + s(jd) + s(pblmin) + s(wdir), data = .)          276.4576
gam(log(value) ~ s(u10m) + s(jd) + s(pblmin) + s(wdir), data = .)        274.2275
gam(log(value) ~ s(v10m) + s(jd) + s(pblmin) + s(wdir), data = .)        272.3664
gam(log(value) ~ s(sp) + s(jd) + s(pblmin) + s(wdir), data = .)          246.9424
gam(log(value) ~ s(nirradiance) + s(jd) + s(pblmin) + s(wdir), data = .) 155.3078
gam(log(value) ~ s(pbl00) + s(jd) + s(pblmin) + s(wdir), data = .)       279.1785
gam(log(value) ~ s(pbl12) + s(jd) + s(pblmin) + s(wdir), data = .)       233.2045
gam(log(value) ~ s(pblmax) + s(jd) + s(pblmin) + s(wdir), data = .)      250.2278
gam(log(value) ~ s(wspeed) + s(jd) + s(pblmin) + s(wdir), data = .)      272.7089
gam(log(value) ~ s(pwspeed) + s(jd) + s(pblmin) + s(wdir), data = .)     296.6815

Modello migliore: nirradiance - jd - pblmin - wdir 

Variabile scelta nirradiance con AIC 155.307840470489  

Modelli BACKWARD 

                                                                             IT1906A
gam(log(value) ~ s(t2m) + s(jd) + s(pblmin) + s(nirradiance), data = .)     281.5521
gam(log(value) ~ s(tmin2m) + s(jd) + s(pblmin) + s(nirradiance), data = .)  272.4773
gam(log(value) ~ s(tmax2m) + s(jd) + s(pblmin) + s(nirradiance), data = .)  297.8087
gam(log(value) ~ s(tp) + s(jd) + s(pblmin) + s(nirradiance), data = .)      278.6261
gam(log(value) ~ s(ptp) + s(jd) + s(pblmin) + s(nirradiance), data = .)     324.4474
gam(log(value) ~ s(rh) + s(jd) + s(pblmin) + s(nirradiance), data = .)      263.2661
gam(log(value) ~ s(u10m) + s(jd) + s(pblmin) + s(nirradiance), data = .)    200.3512
gam(log(value) ~ s(v10m) + s(jd) + s(pblmin) + s(nirradiance), data = .)    298.1957
gam(log(value) ~ s(sp) + s(jd) + s(pblmin) + s(nirradiance), data = .)      234.0409
gam(log(value) ~ s(pbl00) + s(jd) + s(pblmin) + s(nirradiance), data = .)   291.8895
gam(log(value) ~ s(pbl12) + s(jd) + s(pblmin) + s(nirradiance), data = .)   288.1207
gam(log(value) ~ s(pblmax) + s(jd) + s(pblmin) + s(nirradiance), data = .)  280.8087
gam(log(value) ~ s(wspeed) + s(jd) + s(pblmin) + s(nirradiance), data = .)  307.6904
gam(log(value) ~ s(pwspeed) + s(jd) + s(pblmin) + s(nirradiance), data = .) 330.5450

Modello migliore: u10m - jd - pblmin - nirradiance 

Dati backward:  200.351197911131::u10m::jd::pblmin::nirradiance 

Scelgo il modello N 

---------- START ---------- 

                                                                                        IT1906A
gam(log(value) ~ s(t2m) + s(jd) + s(pblmin) + s(wdir) + s(nirradiance), data = .)     115.58861
gam(log(value) ~ s(tmin2m) + s(jd) + s(pblmin) + s(wdir) + s(nirradiance), data = .)  127.83830
gam(log(value) ~ s(tmax2m) + s(jd) + s(pblmin) + s(wdir) + s(nirradiance), data = .)  110.32301
gam(log(value) ~ s(tp) + s(jd) + s(pblmin) + s(wdir) + s(nirradiance), data = .)      125.36007
gam(log(value) ~ s(ptp) + s(jd) + s(pblmin) + s(wdir) + s(nirradiance), data = .)     149.32383
gam(log(value) ~ s(rh) + s(jd) + s(pblmin) + s(wdir) + s(nirradiance), data = .)      118.40973
gam(log(value) ~ s(u10m) + s(jd) + s(pblmin) + s(wdir) + s(nirradiance), data = .)    110.15434
gam(log(value) ~ s(v10m) + s(jd) + s(pblmin) + s(wdir) + s(nirradiance), data = .)    129.74693
gam(log(value) ~ s(sp) + s(jd) + s(pblmin) + s(wdir) + s(nirradiance), data = .)       93.83854
gam(log(value) ~ s(pbl00) + s(jd) + s(pblmin) + s(wdir) + s(nirradiance), data = .)   130.75800
gam(log(value) ~ s(pbl12) + s(jd) + s(pblmin) + s(wdir) + s(nirradiance), data = .)   140.24961
gam(log(value) ~ s(pblmax) + s(jd) + s(pblmin) + s(wdir) + s(nirradiance), data = .)  139.45557
gam(log(value) ~ s(wspeed) + s(jd) + s(pblmin) + s(wdir) + s(nirradiance), data = .)  114.55938
gam(log(value) ~ s(pwspeed) + s(jd) + s(pblmin) + s(wdir) + s(nirradiance), data = .) 149.89716

Modello migliore: sp - jd - pblmin - wdir - nirradiance 

Variabile scelta sp con AIC 93.8385422708334  

Modelli BACKWARD 

                                                                              IT1906A
gam(log(value) ~ s(t2m) + s(jd) + s(pblmin) + s(wdir) + s(sp), data = .)     197.0280
gam(log(value) ~ s(tmin2m) + s(jd) + s(pblmin) + s(wdir) + s(sp), data = .)  227.0501
gam(log(value) ~ s(tmax2m) + s(jd) + s(pblmin) + s(wdir) + s(sp), data = .)  183.6230
gam(log(value) ~ s(tp) + s(jd) + s(pblmin) + s(wdir) + s(sp), data = .)      241.4987
gam(log(value) ~ s(ptp) + s(jd) + s(pblmin) + s(wdir) + s(sp), data = .)     244.9700
gam(log(value) ~ s(rh) + s(jd) + s(pblmin) + s(wdir) + s(sp), data = .)      229.1093
gam(log(value) ~ s(u10m) + s(jd) + s(pblmin) + s(wdir) + s(sp), data = .)    227.8918
gam(log(value) ~ s(v10m) + s(jd) + s(pblmin) + s(wdir) + s(sp), data = .)    226.7117
gam(log(value) ~ s(pbl00) + s(jd) + s(pblmin) + s(wdir) + s(sp), data = .)   237.5657
gam(log(value) ~ s(pbl12) + s(jd) + s(pblmin) + s(wdir) + s(sp), data = .)   191.4143
gam(log(value) ~ s(pblmax) + s(jd) + s(pblmin) + s(wdir) + s(sp), data = .)  212.2149
gam(log(value) ~ s(wspeed) + s(jd) + s(pblmin) + s(wdir) + s(sp), data = .)  227.5585
gam(log(value) ~ s(pwspeed) + s(jd) + s(pblmin) + s(wdir) + s(sp), data = .) 248.6742

Modello migliore: tmax2m - jd - pblmin - wdir - sp 

Dati backward:  183.622992336667::tmax2m::jd::pblmin::wdir::sp 

Scelgo il modello N 

---------- START ---------- 

                                                                                               IT1906A
gam(log(value) ~ s(t2m) + s(jd) + s(pblmin) + s(wdir) + s(nirradiance) + s(sp), data = .)     45.05622
gam(log(value) ~ s(tmin2m) + s(jd) + s(pblmin) + s(wdir) + s(nirradiance) + s(sp), data = .)  68.11860
gam(log(value) ~ s(tmax2m) + s(jd) + s(pblmin) + s(wdir) + s(nirradiance) + s(sp), data = .)  42.87445
gam(log(value) ~ s(tp) + s(jd) + s(pblmin) + s(wdir) + s(nirradiance) + s(sp), data = .)      75.82172
gam(log(value) ~ s(ptp) + s(jd) + s(pblmin) + s(wdir) + s(nirradiance) + s(sp), data = .)     93.43652
gam(log(value) ~ s(rh) + s(jd) + s(pblmin) + s(wdir) + s(nirradiance) + s(sp), data = .)      64.43786
gam(log(value) ~ s(u10m) + s(jd) + s(pblmin) + s(wdir) + s(nirradiance) + s(sp), data = .)    54.49815
gam(log(value) ~ s(v10m) + s(jd) + s(pblmin) + s(wdir) + s(nirradiance) + s(sp), data = .)    74.36757
gam(log(value) ~ s(pbl00) + s(jd) + s(pblmin) + s(wdir) + s(nirradiance) + s(sp), data = .)   79.77147
gam(log(value) ~ s(pbl12) + s(jd) + s(pblmin) + s(wdir) + s(nirradiance) + s(sp), data = .)   85.26565
gam(log(value) ~ s(pblmax) + s(jd) + s(pblmin) + s(wdir) + s(nirradiance) + s(sp), data = .)  87.81959
gam(log(value) ~ s(wspeed) + s(jd) + s(pblmin) + s(wdir) + s(nirradiance) + s(sp), data = .)  62.28612
gam(log(value) ~ s(pwspeed) + s(jd) + s(pblmin) + s(wdir) + s(nirradiance) + s(sp), data = .) 92.78387

Modello migliore: tmax2m - jd - pblmin - wdir - nirradiance - sp 

Variabile scelta tmax2m con AIC 42.8744462603966  

Modelli BACKWARD 

                                                                                                    IT1906A
gam(log(value) ~ s(t2m) + s(jd) + s(pblmin) + s(wdir) + s(nirradiance) + s(tmax2m), data = .)     -70.36564
gam(log(value) ~ s(tmin2m) + s(jd) + s(pblmin) + s(wdir) + s(nirradiance) + s(tmax2m), data = .)  -91.59725
gam(log(value) ~ s(tp) + s(jd) + s(pblmin) + s(wdir) + s(nirradiance) + s(tmax2m), data = .)       77.16328
gam(log(value) ~ s(ptp) + s(jd) + s(pblmin) + s(wdir) + s(nirradiance) + s(tmax2m), data = .)     102.70487
gam(log(value) ~ s(rh) + s(jd) + s(pblmin) + s(wdir) + s(nirradiance) + s(tmax2m), data = .)       76.16348
gam(log(value) ~ s(u10m) + s(jd) + s(pblmin) + s(wdir) + s(nirradiance) + s(tmax2m), data = .)     56.17663
gam(log(value) ~ s(v10m) + s(jd) + s(pblmin) + s(wdir) + s(nirradiance) + s(tmax2m), data = .)     79.35879
gam(log(value) ~ s(pbl00) + s(jd) + s(pblmin) + s(wdir) + s(nirradiance) + s(tmax2m), data = .)    85.68758
gam(log(value) ~ s(pbl12) + s(jd) + s(pblmin) + s(wdir) + s(nirradiance) + s(tmax2m), data = .)    97.63875
gam(log(value) ~ s(pblmax) + s(jd) + s(pblmin) + s(wdir) + s(nirradiance) + s(tmax2m), data = .)   97.09380
gam(log(value) ~ s(wspeed) + s(jd) + s(pblmin) + s(wdir) + s(nirradiance) + s(tmax2m), data = .)   61.44395
gam(log(value) ~ s(pwspeed) + s(jd) + s(pblmin) + s(wdir) + s(nirradiance) + s(tmax2m), data = .) 103.02549

Modello migliore: tmin2m - jd - pblmin - wdir - nirradiance - tmax2m 

Dati backward:  -91.5972475542246::tmin2m::jd::pblmin::wdir::nirradiance::tmax2m 

Scelgo il modello N-1 

---------- START ---------- 

                                                                                               IT1906A
gam(log(value) ~ s(t2m) + s(jd) + s(pblmin) + s(wdir) + s(nirradiance) + s(sp), data = .)     45.05622
gam(log(value) ~ s(tmin2m) + s(jd) + s(pblmin) + s(wdir) + s(nirradiance) + s(sp), data = .)  68.11860
gam(log(value) ~ s(tp) + s(jd) + s(pblmin) + s(wdir) + s(nirradiance) + s(sp), data = .)      75.82172
gam(log(value) ~ s(ptp) + s(jd) + s(pblmin) + s(wdir) + s(nirradiance) + s(sp), data = .)     93.43652
gam(log(value) ~ s(rh) + s(jd) + s(pblmin) + s(wdir) + s(nirradiance) + s(sp), data = .)      64.43786
gam(log(value) ~ s(u10m) + s(jd) + s(pblmin) + s(wdir) + s(nirradiance) + s(sp), data = .)    54.49815
gam(log(value) ~ s(v10m) + s(jd) + s(pblmin) + s(wdir) + s(nirradiance) + s(sp), data = .)    74.36757
gam(log(value) ~ s(pbl00) + s(jd) + s(pblmin) + s(wdir) + s(nirradiance) + s(sp), data = .)   79.77147
gam(log(value) ~ s(pbl12) + s(jd) + s(pblmin) + s(wdir) + s(nirradiance) + s(sp), data = .)   85.26565
gam(log(value) ~ s(pblmax) + s(jd) + s(pblmin) + s(wdir) + s(nirradiance) + s(sp), data = .)  87.81959
gam(log(value) ~ s(wspeed) + s(jd) + s(pblmin) + s(wdir) + s(nirradiance) + s(sp), data = .)  62.28612
gam(log(value) ~ s(pwspeed) + s(jd) + s(pblmin) + s(wdir) + s(nirradiance) + s(sp), data = .) 92.78387

Modello migliore: t2m - jd - pblmin - wdir - nirradiance - sp 

Variabile scelta t2m con AIC 45.0562178215644  

Fine per scelta MODELLO 

jd + pblmin + wdir + nirradiance + sp 

---------------------- 

NOTE: Log Print Time:  2021-05-11 11:22:12 
NOTE: Elapsed Time in seconds: 1.30153167645137 

Fine per scelta MODELLO 

jd + pblmin + wdir + nirradiance + sp 

---------------------- 

NOTE: Log Print Time:  2021-05-11 11:22:12 
NOTE: Elapsed Time in seconds: 0.0010833740234375 

Fine per scelta MODELLO 

jd + pblmin + wdir + nirradiance + sp 

---------------------- 

NOTE: Log Print Time:  2021-05-11 11:22:12 
NOTE: Elapsed Time in seconds: 0.000986337661743164 

Fine per scelta MODELLO 

jd + pblmin + wdir + nirradiance + sp 

---------------------- 

NOTE: Log Print Time:  2021-05-11 11:22:12 
NOTE: Elapsed Time in seconds: 0.000991106033325195 

Fine per scelta MODELLO 

jd + pblmin + wdir + nirradiance + sp 

---------------------- 

NOTE: Log Print Time:  2021-05-11 11:22:12 
NOTE: Elapsed Time in seconds: 0.000978708267211914 

Fine per scelta MODELLO 

jd + pblmin + wdir + nirradiance + sp 

---------------------- 

NOTE: Log Print Time:  2021-05-11 11:22:12 
NOTE: Elapsed Time in seconds: 0.000974893569946289 

========================================================================= 
Log End Time: 2021-05-11 11:22:12 
Log Elapsed Time: 0 00:00:01 
========================================================================= 
