========================================================================= 
Log Path: output/12/no2/log/pulvirus_no2_12_IT2265A.log 
Working Directory: /home/rmorelli/R/pulvirus/analisi/GAM/scelta 
User Name: rmorelli 
R Version: 4.0.5 (2021-03-31) 
Machine: pasqualino x86_64 
Operating System: Linux 4.19.0-13-amd64 #1 SMP Debian 4.19.160-2 (2020-11-28) 
Log Start Time: 2021-05-11 11:10:27 
========================================================================= 

Stazione: IT2265A 

---------- START ---------- 

                                            IT2265A
gam(log(value) ~ s(t2m), data = .)         2024.915
gam(log(value) ~ s(tmin2m), data = .)      2051.594
gam(log(value) ~ s(tmax2m), data = .)      2013.566
gam(log(value) ~ s(tp), data = .)          1959.821
gam(log(value) ~ s(ptp), data = .)         2065.732
gam(log(value) ~ s(rh), data = .)          2009.413
gam(log(value) ~ s(u10m), data = .)        1613.872
gam(log(value) ~ s(v10m), data = .)        1487.610
gam(log(value) ~ s(sp), data = .)          2015.557
gam(log(value) ~ s(nirradiance), data = .) 1977.798
gam(log(value) ~ s(pbl00), data = .)       1920.934
gam(log(value) ~ s(pbl12), data = .)       1729.943
gam(log(value) ~ s(pblmin), data = .)      1796.777
gam(log(value) ~ s(pblmax), data = .)      1800.856
gam(log(value) ~ s(wdir), data = .)        1615.404
gam(log(value) ~ s(wspeed), data = .)      1706.932
gam(log(value) ~ s(pwspeed), data = .)     2052.810
gam(log(value) ~ s(jd), data = .)          1792.877

Modello migliore: v10m 

Variabile scelta v10m con AIC 1487.61021458734  

---------- START ---------- 

                                                      IT2265A
gam(log(value) ~ s(t2m) + s(v10m), data = .)         1476.710
gam(log(value) ~ s(tmin2m) + s(v10m), data = .)      1475.180
gam(log(value) ~ s(tmax2m) + s(v10m), data = .)      1478.018
gam(log(value) ~ s(tp) + s(v10m), data = .)          1481.982
gam(log(value) ~ s(ptp) + s(v10m), data = .)         1489.503
gam(log(value) ~ s(rh) + s(v10m), data = .)          1479.576
gam(log(value) ~ s(u10m) + s(v10m), data = .)        1200.496
gam(log(value) ~ s(v10m) + s(v10m), data = .)        1487.610
gam(log(value) ~ s(sp) + s(v10m), data = .)          1486.827
gam(log(value) ~ s(nirradiance) + s(v10m), data = .) 1466.008
gam(log(value) ~ s(pbl00) + s(v10m), data = .)       1467.431
gam(log(value) ~ s(pbl12) + s(v10m), data = .)       1430.523
gam(log(value) ~ s(pblmin) + s(v10m), data = .)      1439.440
gam(log(value) ~ s(pblmax) + s(v10m), data = .)      1415.986
gam(log(value) ~ s(wdir) + s(v10m), data = .)        1282.789
gam(log(value) ~ s(wspeed) + s(v10m), data = .)      1442.283
gam(log(value) ~ s(pwspeed) + s(v10m), data = .)     1487.666
gam(log(value) ~ s(jd) + s(v10m), data = .)          1129.319

Modello migliore: jd - v10m 

Variabile scelta jd con AIC 1129.319477771  

Modelli BACKWARD 

                                                    IT2265A
gam(log(value) ~ s(t2m) + s(jd), data = .)         1775.990
gam(log(value) ~ s(tmin2m) + s(jd), data = .)      1765.901
gam(log(value) ~ s(tmax2m) + s(jd), data = .)      1782.489
gam(log(value) ~ s(tp) + s(jd), data = .)          1691.329
gam(log(value) ~ s(ptp) + s(jd), data = .)         1793.067
gam(log(value) ~ s(rh) + s(jd), data = .)          1759.296
gam(log(value) ~ s(u10m) + s(jd), data = .)        1277.154
gam(log(value) ~ s(sp) + s(jd), data = .)          1685.330
gam(log(value) ~ s(nirradiance) + s(jd), data = .) 1695.574
gam(log(value) ~ s(pbl00) + s(jd), data = .)       1643.952
gam(log(value) ~ s(pbl12) + s(jd), data = .)       1405.242
gam(log(value) ~ s(pblmin) + s(jd), data = .)      1476.508
gam(log(value) ~ s(pblmax) + s(jd), data = .)      1518.408
gam(log(value) ~ s(wdir) + s(jd), data = .)        1307.553
gam(log(value) ~ s(wspeed) + s(jd), data = .)      1397.725
gam(log(value) ~ s(pwspeed) + s(jd), data = .)     1785.941

Modello migliore: u10m - jd 

Dati backward:  1277.15432035556::u10m::jd 

Scelgo il modello N 

---------- START ---------- 

                                                               IT2265A
gam(log(value) ~ s(t2m) + s(v10m) + s(jd), data = .)         1114.9008
gam(log(value) ~ s(tmin2m) + s(v10m) + s(jd), data = .)      1108.4345
gam(log(value) ~ s(tmax2m) + s(v10m) + s(jd), data = .)      1112.0916
gam(log(value) ~ s(tp) + s(v10m) + s(jd), data = .)          1127.7325
gam(log(value) ~ s(ptp) + s(v10m) + s(jd), data = .)         1129.6190
gam(log(value) ~ s(rh) + s(v10m) + s(jd), data = .)          1127.8179
gam(log(value) ~ s(u10m) + s(v10m) + s(jd), data = .)         782.7778
gam(log(value) ~ s(sp) + s(v10m) + s(jd), data = .)          1109.0635
gam(log(value) ~ s(nirradiance) + s(v10m) + s(jd), data = .) 1114.7012
gam(log(value) ~ s(pbl00) + s(v10m) + s(jd), data = .)       1103.1734
gam(log(value) ~ s(pbl12) + s(v10m) + s(jd), data = .)       1059.6218
gam(log(value) ~ s(pblmin) + s(v10m) + s(jd), data = .)      1065.8481
gam(log(value) ~ s(pblmax) + s(v10m) + s(jd), data = .)      1062.9861
gam(log(value) ~ s(wdir) + s(v10m) + s(jd), data = .)         908.5509
gam(log(value) ~ s(wspeed) + s(v10m) + s(jd), data = .)      1068.1775
gam(log(value) ~ s(pwspeed) + s(v10m) + s(jd), data = .)     1125.9245

Modello migliore: u10m - v10m - jd 

Variabile scelta u10m con AIC 782.777789756526  

Modelli BACKWARD 

                                                                IT2265A
gam(log(value) ~ s(t2m) + s(v10m) + s(u10m), data = .)         1198.716
gam(log(value) ~ s(tmin2m) + s(v10m) + s(u10m), data = .)      1196.504
gam(log(value) ~ s(tmax2m) + s(v10m) + s(u10m), data = .)      1201.979
gam(log(value) ~ s(tp) + s(v10m) + s(u10m), data = .)          1202.554
gam(log(value) ~ s(ptp) + s(v10m) + s(u10m), data = .)         1202.045
gam(log(value) ~ s(rh) + s(v10m) + s(u10m), data = .)          1199.039
gam(log(value) ~ s(sp) + s(v10m) + s(u10m), data = .)          1169.870
gam(log(value) ~ s(nirradiance) + s(v10m) + s(u10m), data = .) 1184.029
gam(log(value) ~ s(pbl00) + s(v10m) + s(u10m), data = .)       1195.119
gam(log(value) ~ s(pbl12) + s(v10m) + s(u10m), data = .)       1156.146
gam(log(value) ~ s(pblmin) + s(v10m) + s(u10m), data = .)      1179.668
gam(log(value) ~ s(pblmax) + s(v10m) + s(u10m), data = .)      1159.568
gam(log(value) ~ s(wdir) + s(v10m) + s(u10m), data = .)        1188.230
gam(log(value) ~ s(wspeed) + s(v10m) + s(u10m), data = .)      1193.513
gam(log(value) ~ s(pwspeed) + s(v10m) + s(u10m), data = .)     1189.852

Modello migliore: pbl12 - v10m - u10m 

Dati backward:  1156.1462689552::pbl12::v10m::u10m 

Scelgo il modello N 

---------- START ---------- 

                                                                        IT2265A
gam(log(value) ~ s(t2m) + s(v10m) + s(jd) + s(u10m), data = .)         746.7106
gam(log(value) ~ s(tmin2m) + s(v10m) + s(jd) + s(u10m), data = .)      740.8956
gam(log(value) ~ s(tmax2m) + s(v10m) + s(jd) + s(u10m), data = .)      753.2428
gam(log(value) ~ s(tp) + s(v10m) + s(jd) + s(u10m), data = .)          784.6304
gam(log(value) ~ s(ptp) + s(v10m) + s(jd) + s(u10m), data = .)         784.6678
gam(log(value) ~ s(rh) + s(v10m) + s(jd) + s(u10m), data = .)          779.7837
gam(log(value) ~ s(sp) + s(v10m) + s(jd) + s(u10m), data = .)          740.8560
gam(log(value) ~ s(nirradiance) + s(v10m) + s(jd) + s(u10m), data = .) 766.8655
gam(log(value) ~ s(pbl00) + s(v10m) + s(jd) + s(u10m), data = .)       765.8065
gam(log(value) ~ s(pbl12) + s(v10m) + s(jd) + s(u10m), data = .)       696.0674
gam(log(value) ~ s(pblmin) + s(v10m) + s(jd) + s(u10m), data = .)      731.3225
gam(log(value) ~ s(pblmax) + s(v10m) + s(jd) + s(u10m), data = .)      718.2149
gam(log(value) ~ s(wdir) + s(v10m) + s(jd) + s(u10m), data = .)        765.1687
gam(log(value) ~ s(wspeed) + s(v10m) + s(jd) + s(u10m), data = .)      770.4059
gam(log(value) ~ s(pwspeed) + s(v10m) + s(jd) + s(u10m), data = .)     769.1471

Modello migliore: pbl12 - v10m - jd - u10m 

Variabile scelta pbl12 con AIC 696.067378384265  

Modelli BACKWARD 

                                                                          IT2265A
gam(log(value) ~ s(t2m) + s(v10m) + s(jd) + s(pbl12), data = .)         1018.4789
gam(log(value) ~ s(tmin2m) + s(v10m) + s(jd) + s(pbl12), data = .)      1019.8982
gam(log(value) ~ s(tmax2m) + s(v10m) + s(jd) + s(pbl12), data = .)      1012.1428
gam(log(value) ~ s(tp) + s(v10m) + s(jd) + s(pbl12), data = .)          1061.5383
gam(log(value) ~ s(ptp) + s(v10m) + s(jd) + s(pbl12), data = .)         1042.1933
gam(log(value) ~ s(rh) + s(v10m) + s(jd) + s(pbl12), data = .)          1060.0134
gam(log(value) ~ s(sp) + s(v10m) + s(jd) + s(pbl12), data = .)          1049.5775
gam(log(value) ~ s(nirradiance) + s(v10m) + s(jd) + s(pbl12), data = .) 1053.6401
gam(log(value) ~ s(pbl00) + s(v10m) + s(jd) + s(pbl12), data = .)       1045.6548
gam(log(value) ~ s(pblmin) + s(v10m) + s(jd) + s(pbl12), data = .)      1042.4634
gam(log(value) ~ s(pblmax) + s(v10m) + s(jd) + s(pbl12), data = .)      1040.3532
gam(log(value) ~ s(wdir) + s(v10m) + s(jd) + s(pbl12), data = .)         830.9074
gam(log(value) ~ s(wspeed) + s(v10m) + s(jd) + s(pbl12), data = .)      1022.3687
gam(log(value) ~ s(pwspeed) + s(v10m) + s(jd) + s(pbl12), data = .)     1050.4704

Modello migliore: wdir - v10m - jd - pbl12 

Dati backward:  830.907408944693::wdir::v10m::jd::pbl12 

Scelgo il modello N 

---------- START ---------- 

                                                                                   IT2265A
gam(log(value) ~ s(t2m) + s(v10m) + s(jd) + s(u10m) + s(pbl12), data = .)         621.8879
gam(log(value) ~ s(tmin2m) + s(v10m) + s(jd) + s(u10m) + s(pbl12), data = .)      623.8284
gam(log(value) ~ s(tmax2m) + s(v10m) + s(jd) + s(u10m) + s(pbl12), data = .)      628.1312
gam(log(value) ~ s(tp) + s(v10m) + s(jd) + s(u10m) + s(pbl12), data = .)          696.5005
gam(log(value) ~ s(ptp) + s(v10m) + s(jd) + s(u10m) + s(pbl12), data = .)         696.6784
gam(log(value) ~ s(rh) + s(v10m) + s(jd) + s(u10m) + s(pbl12), data = .)          687.8897
gam(log(value) ~ s(sp) + s(v10m) + s(jd) + s(u10m) + s(pbl12), data = .)          672.2963
gam(log(value) ~ s(nirradiance) + s(v10m) + s(jd) + s(u10m) + s(pbl12), data = .) 670.5120
gam(log(value) ~ s(pbl00) + s(v10m) + s(jd) + s(u10m) + s(pbl12), data = .)       696.0119
gam(log(value) ~ s(pblmin) + s(v10m) + s(jd) + s(u10m) + s(pbl12), data = .)      687.5739
gam(log(value) ~ s(pblmax) + s(v10m) + s(jd) + s(u10m) + s(pbl12), data = .)      693.5960
gam(log(value) ~ s(wdir) + s(v10m) + s(jd) + s(u10m) + s(pbl12), data = .)        670.9888
gam(log(value) ~ s(wspeed) + s(v10m) + s(jd) + s(u10m) + s(pbl12), data = .)      694.0929
gam(log(value) ~ s(pwspeed) + s(v10m) + s(jd) + s(u10m) + s(pbl12), data = .)     675.6908

Modello migliore: t2m - v10m - jd - u10m - pbl12 

Variabile scelta t2m con AIC 621.887927276033  

Modelli BACKWARD 

                                                                                 IT2265A
gam(log(value) ~ s(tmin2m) + s(v10m) + s(jd) + s(u10m) + s(t2m), data = .)      732.5158
gam(log(value) ~ s(tmax2m) + s(v10m) + s(jd) + s(u10m) + s(t2m), data = .)      709.5084
gam(log(value) ~ s(tp) + s(v10m) + s(jd) + s(u10m) + s(t2m), data = .)          747.2563
gam(log(value) ~ s(ptp) + s(v10m) + s(jd) + s(u10m) + s(t2m), data = .)         747.5610
gam(log(value) ~ s(rh) + s(v10m) + s(jd) + s(u10m) + s(t2m), data = .)          736.9215
gam(log(value) ~ s(sp) + s(v10m) + s(jd) + s(u10m) + s(t2m), data = .)          698.7797
gam(log(value) ~ s(nirradiance) + s(v10m) + s(jd) + s(u10m) + s(t2m), data = .) 721.5914
gam(log(value) ~ s(pbl00) + s(v10m) + s(jd) + s(u10m) + s(t2m), data = .)       722.0039
gam(log(value) ~ s(pblmin) + s(v10m) + s(jd) + s(u10m) + s(t2m), data = .)      682.0546
gam(log(value) ~ s(pblmax) + s(v10m) + s(jd) + s(u10m) + s(t2m), data = .)      654.3144
gam(log(value) ~ s(wdir) + s(v10m) + s(jd) + s(u10m) + s(t2m), data = .)        734.3360
gam(log(value) ~ s(wspeed) + s(v10m) + s(jd) + s(u10m) + s(t2m), data = .)      733.1971
gam(log(value) ~ s(pwspeed) + s(v10m) + s(jd) + s(u10m) + s(t2m), data = .)     737.9251

Modello migliore: pblmax - v10m - jd - u10m - t2m 

Dati backward:  654.314395658607::pblmax::v10m::jd::u10m::t2m 

Scelgo il modello N 

---------- START ---------- 

                                                                                            IT2265A
gam(log(value) ~ s(tmin2m) + s(v10m) + s(jd) + s(u10m) + s(pbl12) + s(t2m), data = .)      617.5139
gam(log(value) ~ s(tmax2m) + s(v10m) + s(jd) + s(u10m) + s(pbl12) + s(t2m), data = .)      593.2558
gam(log(value) ~ s(tp) + s(v10m) + s(jd) + s(u10m) + s(pbl12) + s(t2m), data = .)          623.5720
gam(log(value) ~ s(ptp) + s(v10m) + s(jd) + s(u10m) + s(pbl12) + s(t2m), data = .)         623.6058
gam(log(value) ~ s(rh) + s(v10m) + s(jd) + s(u10m) + s(pbl12) + s(t2m), data = .)          588.8593
gam(log(value) ~ s(sp) + s(v10m) + s(jd) + s(u10m) + s(pbl12) + s(t2m), data = .)          601.8101
gam(log(value) ~ s(nirradiance) + s(v10m) + s(jd) + s(u10m) + s(pbl12) + s(t2m), data = .) 604.3999
gam(log(value) ~ s(pbl00) + s(v10m) + s(jd) + s(u10m) + s(pbl12) + s(t2m), data = .)       622.2985
gam(log(value) ~ s(pblmin) + s(v10m) + s(jd) + s(u10m) + s(pbl12) + s(t2m), data = .)      615.6888
gam(log(value) ~ s(pblmax) + s(v10m) + s(jd) + s(u10m) + s(pbl12) + s(t2m), data = .)      618.9320
gam(log(value) ~ s(wdir) + s(v10m) + s(jd) + s(u10m) + s(pbl12) + s(t2m), data = .)        607.2664
gam(log(value) ~ s(wspeed) + s(v10m) + s(jd) + s(u10m) + s(pbl12) + s(t2m), data = .)      618.6336
gam(log(value) ~ s(pwspeed) + s(v10m) + s(jd) + s(u10m) + s(pbl12) + s(t2m), data = .)     609.1050

Modello migliore: rh - v10m - jd - u10m - pbl12 - t2m 

Variabile scelta rh con AIC 588.859315598717  

Modelli BACKWARD 

                                                                                           IT2265A
gam(log(value) ~ s(tmin2m) + s(v10m) + s(jd) + s(u10m) + s(pbl12) + s(rh), data = .)      597.7803
gam(log(value) ~ s(tmax2m) + s(v10m) + s(jd) + s(u10m) + s(pbl12) + s(rh), data = .)      594.2845
gam(log(value) ~ s(tp) + s(v10m) + s(jd) + s(u10m) + s(pbl12) + s(rh), data = .)          687.5029
gam(log(value) ~ s(ptp) + s(v10m) + s(jd) + s(u10m) + s(pbl12) + s(rh), data = .)         686.1524
gam(log(value) ~ s(sp) + s(v10m) + s(jd) + s(u10m) + s(pbl12) + s(rh), data = .)          667.7960
gam(log(value) ~ s(nirradiance) + s(v10m) + s(jd) + s(u10m) + s(pbl12) + s(rh), data = .) 653.7363
gam(log(value) ~ s(pbl00) + s(v10m) + s(jd) + s(u10m) + s(pbl12) + s(rh), data = .)       688.3734
gam(log(value) ~ s(pblmin) + s(v10m) + s(jd) + s(u10m) + s(pbl12) + s(rh), data = .)      677.6845
gam(log(value) ~ s(pblmax) + s(v10m) + s(jd) + s(u10m) + s(pbl12) + s(rh), data = .)      684.8168
gam(log(value) ~ s(wdir) + s(v10m) + s(jd) + s(u10m) + s(pbl12) + s(rh), data = .)        661.8653
gam(log(value) ~ s(wspeed) + s(v10m) + s(jd) + s(u10m) + s(pbl12) + s(rh), data = .)      685.9891
gam(log(value) ~ s(pwspeed) + s(v10m) + s(jd) + s(u10m) + s(pbl12) + s(rh), data = .)     670.3219

Modello migliore: tmax2m - v10m - jd - u10m - pbl12 - rh 

Dati backward:  594.284454296071::tmax2m::v10m::jd::u10m::pbl12::rh 

Scelgo il modello N 

---------- START ---------- 

                                                                                                    IT2265A
gam(log(value) ~ s(tmin2m) + s(v10m) + s(jd) + s(u10m) + s(pbl12) + s(t2m) + s(rh), data = .)      581.3842
gam(log(value) ~ s(tmax2m) + s(v10m) + s(jd) + s(u10m) + s(pbl12) + s(t2m) + s(rh), data = .)      567.6794
gam(log(value) ~ s(tp) + s(v10m) + s(jd) + s(u10m) + s(pbl12) + s(t2m) + s(rh), data = .)          588.9020
gam(log(value) ~ s(ptp) + s(v10m) + s(jd) + s(u10m) + s(pbl12) + s(t2m) + s(rh), data = .)         588.7751
gam(log(value) ~ s(sp) + s(v10m) + s(jd) + s(u10m) + s(pbl12) + s(t2m) + s(rh), data = .)          577.7857
gam(log(value) ~ s(nirradiance) + s(v10m) + s(jd) + s(u10m) + s(pbl12) + s(t2m) + s(rh), data = .) 557.2675
gam(log(value) ~ s(pbl00) + s(v10m) + s(jd) + s(u10m) + s(pbl12) + s(t2m) + s(rh), data = .)       589.5077
gam(log(value) ~ s(pblmin) + s(v10m) + s(jd) + s(u10m) + s(pbl12) + s(t2m) + s(rh), data = .)      580.5627
gam(log(value) ~ s(pblmax) + s(v10m) + s(jd) + s(u10m) + s(pbl12) + s(t2m) + s(rh), data = .)      581.9256
gam(log(value) ~ s(wdir) + s(v10m) + s(jd) + s(u10m) + s(pbl12) + s(t2m) + s(rh), data = .)        574.0032
gam(log(value) ~ s(wspeed) + s(v10m) + s(jd) + s(u10m) + s(pbl12) + s(t2m) + s(rh), data = .)      585.7786
gam(log(value) ~ s(pwspeed) + s(v10m) + s(jd) + s(u10m) + s(pbl12) + s(t2m) + s(rh), data = .)     582.6005

Modello migliore: nirradiance - v10m - jd - u10m - pbl12 - t2m - rh 

Variabile scelta nirradiance con AIC 557.267480516651  

Modelli BACKWARD 

                                                                                                         IT2265A
gam(log(value) ~ s(tmin2m) + s(v10m) + s(jd) + s(u10m) + s(pbl12) + s(t2m) + s(nirradiance), data = .)  606.1842
gam(log(value) ~ s(tmax2m) + s(v10m) + s(jd) + s(u10m) + s(pbl12) + s(t2m) + s(nirradiance), data = .)  582.6907
gam(log(value) ~ s(tp) + s(v10m) + s(jd) + s(u10m) + s(pbl12) + s(t2m) + s(nirradiance), data = .)      604.6336
gam(log(value) ~ s(ptp) + s(v10m) + s(jd) + s(u10m) + s(pbl12) + s(t2m) + s(nirradiance), data = .)     606.3556
gam(log(value) ~ s(sp) + s(v10m) + s(jd) + s(u10m) + s(pbl12) + s(t2m) + s(nirradiance), data = .)      578.7737
gam(log(value) ~ s(pbl00) + s(v10m) + s(jd) + s(u10m) + s(pbl12) + s(t2m) + s(nirradiance), data = .)   605.0687
gam(log(value) ~ s(pblmin) + s(v10m) + s(jd) + s(u10m) + s(pbl12) + s(t2m) + s(nirradiance), data = .)  596.2704
gam(log(value) ~ s(pblmax) + s(v10m) + s(jd) + s(u10m) + s(pbl12) + s(t2m) + s(nirradiance), data = .)  600.0822
gam(log(value) ~ s(wdir) + s(v10m) + s(jd) + s(u10m) + s(pbl12) + s(t2m) + s(nirradiance), data = .)    590.3557
gam(log(value) ~ s(wspeed) + s(v10m) + s(jd) + s(u10m) + s(pbl12) + s(t2m) + s(nirradiance), data = .)  598.9347
gam(log(value) ~ s(pwspeed) + s(v10m) + s(jd) + s(u10m) + s(pbl12) + s(t2m) + s(nirradiance), data = .) 592.9658

Modello migliore: sp - v10m - jd - u10m - pbl12 - t2m - nirradiance 

Dati backward:  578.773666954712::sp::v10m::jd::u10m::pbl12::t2m::nirradiance 

Scelgo il modello N 

---------- START ---------- 

                                                                                                                 IT2265A
gam(log(value) ~ s(tmin2m) + s(v10m) + s(jd) + s(u10m) + s(pbl12) + s(t2m) + s(rh) + s(nirradiance), data = .)  558.2030
gam(log(value) ~ s(tmax2m) + s(v10m) + s(jd) + s(u10m) + s(pbl12) + s(t2m) + s(rh) + s(nirradiance), data = .)  545.4654
gam(log(value) ~ s(tp) + s(v10m) + s(jd) + s(u10m) + s(pbl12) + s(t2m) + s(rh) + s(nirradiance), data = .)      558.6379
gam(log(value) ~ s(ptp) + s(v10m) + s(jd) + s(u10m) + s(pbl12) + s(t2m) + s(rh) + s(nirradiance), data = .)     559.2043
gam(log(value) ~ s(sp) + s(v10m) + s(jd) + s(u10m) + s(pbl12) + s(t2m) + s(rh) + s(nirradiance), data = .)      542.2516
gam(log(value) ~ s(pbl00) + s(v10m) + s(jd) + s(u10m) + s(pbl12) + s(t2m) + s(rh) + s(nirradiance), data = .)   553.4094
gam(log(value) ~ s(pblmin) + s(v10m) + s(jd) + s(u10m) + s(pbl12) + s(t2m) + s(rh) + s(nirradiance), data = .)  542.5454
gam(log(value) ~ s(pblmax) + s(v10m) + s(jd) + s(u10m) + s(pbl12) + s(t2m) + s(rh) + s(nirradiance), data = .)  540.4057
gam(log(value) ~ s(wdir) + s(v10m) + s(jd) + s(u10m) + s(pbl12) + s(t2m) + s(rh) + s(nirradiance), data = .)    546.3010
gam(log(value) ~ s(wspeed) + s(v10m) + s(jd) + s(u10m) + s(pbl12) + s(t2m) + s(rh) + s(nirradiance), data = .)  550.8476
gam(log(value) ~ s(pwspeed) + s(v10m) + s(jd) + s(u10m) + s(pbl12) + s(t2m) + s(rh) + s(nirradiance), data = .) 554.3335

Modello migliore: pblmax - v10m - jd - u10m - pbl12 - t2m - rh - nirradiance 

Variabile scelta pblmax con AIC 540.405656627696  

Modelli BACKWARD 

                                                                                                            IT2265A
gam(log(value) ~ s(tmin2m) + s(v10m) + s(jd) + s(u10m) + s(pbl12) + s(t2m) + s(rh) + s(pblmax), data = .)  571.5370
gam(log(value) ~ s(tmax2m) + s(v10m) + s(jd) + s(u10m) + s(pbl12) + s(t2m) + s(rh) + s(pblmax), data = .)  560.9678
gam(log(value) ~ s(tp) + s(v10m) + s(jd) + s(u10m) + s(pbl12) + s(t2m) + s(rh) + s(pblmax), data = .)      581.0430
gam(log(value) ~ s(ptp) + s(v10m) + s(jd) + s(u10m) + s(pbl12) + s(t2m) + s(rh) + s(pblmax), data = .)     579.9342
gam(log(value) ~ s(sp) + s(v10m) + s(jd) + s(u10m) + s(pbl12) + s(t2m) + s(rh) + s(pblmax), data = .)      572.6419
gam(log(value) ~ s(pbl00) + s(v10m) + s(jd) + s(u10m) + s(pbl12) + s(t2m) + s(rh) + s(pblmax), data = .)   582.2667
gam(log(value) ~ s(pblmin) + s(v10m) + s(jd) + s(u10m) + s(pbl12) + s(t2m) + s(rh) + s(pblmax), data = .)  573.6152
gam(log(value) ~ s(wdir) + s(v10m) + s(jd) + s(u10m) + s(pbl12) + s(t2m) + s(rh) + s(pblmax), data = .)    564.7681
gam(log(value) ~ s(wspeed) + s(v10m) + s(jd) + s(u10m) + s(pbl12) + s(t2m) + s(rh) + s(pblmax), data = .)  578.9762
gam(log(value) ~ s(pwspeed) + s(v10m) + s(jd) + s(u10m) + s(pbl12) + s(t2m) + s(rh) + s(pblmax), data = .) 573.8478

Modello migliore: tmax2m - v10m - jd - u10m - pbl12 - t2m - rh - pblmax 

Dati backward:  560.967775770539::tmax2m::v10m::jd::u10m::pbl12::t2m::rh::pblmax 

Scelgo il modello N-1 

---------- START ---------- 

                                                                                                                 IT2265A
gam(log(value) ~ s(tmin2m) + s(v10m) + s(jd) + s(u10m) + s(pbl12) + s(t2m) + s(rh) + s(nirradiance), data = .)  558.2030
gam(log(value) ~ s(tmax2m) + s(v10m) + s(jd) + s(u10m) + s(pbl12) + s(t2m) + s(rh) + s(nirradiance), data = .)  545.4654
gam(log(value) ~ s(tp) + s(v10m) + s(jd) + s(u10m) + s(pbl12) + s(t2m) + s(rh) + s(nirradiance), data = .)      558.6379
gam(log(value) ~ s(ptp) + s(v10m) + s(jd) + s(u10m) + s(pbl12) + s(t2m) + s(rh) + s(nirradiance), data = .)     559.2043
gam(log(value) ~ s(sp) + s(v10m) + s(jd) + s(u10m) + s(pbl12) + s(t2m) + s(rh) + s(nirradiance), data = .)      542.2516
gam(log(value) ~ s(pbl00) + s(v10m) + s(jd) + s(u10m) + s(pbl12) + s(t2m) + s(rh) + s(nirradiance), data = .)   553.4094
gam(log(value) ~ s(pblmin) + s(v10m) + s(jd) + s(u10m) + s(pbl12) + s(t2m) + s(rh) + s(nirradiance), data = .)  542.5454
gam(log(value) ~ s(wdir) + s(v10m) + s(jd) + s(u10m) + s(pbl12) + s(t2m) + s(rh) + s(nirradiance), data = .)    546.3010
gam(log(value) ~ s(wspeed) + s(v10m) + s(jd) + s(u10m) + s(pbl12) + s(t2m) + s(rh) + s(nirradiance), data = .)  550.8476
gam(log(value) ~ s(pwspeed) + s(v10m) + s(jd) + s(u10m) + s(pbl12) + s(t2m) + s(rh) + s(nirradiance), data = .) 554.3335

Modello migliore: sp - v10m - jd - u10m - pbl12 - t2m - rh - nirradiance 

Variabile scelta sp con AIC 542.251642257622  

Fine per scelta MODELLO 

v10m + jd + u10m + pbl12 + t2m + rh + nirradiance 

---------------------- 

NOTE: Log Print Time:  2021-05-11 11:12:02 
NOTE: Elapsed Time in seconds: 1.58818842967351 

Fine per scelta MODELLO 

v10m + jd + u10m + pbl12 + t2m + rh + nirradiance 

---------------------- 

NOTE: Log Print Time:  2021-05-11 11:12:02 
NOTE: Elapsed Time in seconds: 0.00122547149658203 

Fine per scelta MODELLO 

v10m + jd + u10m + pbl12 + t2m + rh + nirradiance 

---------------------- 

NOTE: Log Print Time:  2021-05-11 11:12:02 
NOTE: Elapsed Time in seconds: 0.0010986328125 

Fine per scelta MODELLO 

v10m + jd + u10m + pbl12 + t2m + rh + nirradiance 

---------------------- 

NOTE: Log Print Time:  2021-05-11 11:12:02 
NOTE: Elapsed Time in seconds: 0.00110340118408203 

Fine per scelta MODELLO 

v10m + jd + u10m + pbl12 + t2m + rh + nirradiance 

---------------------- 

NOTE: Log Print Time:  2021-05-11 11:12:02 
NOTE: Elapsed Time in seconds: 0.00118541717529297 

Fine per scelta MODELLO 

v10m + jd + u10m + pbl12 + t2m + rh + nirradiance 

---------------------- 

NOTE: Log Print Time:  2021-05-11 11:12:02 
NOTE: Elapsed Time in seconds: 0.00109410285949707 

Fine per scelta MODELLO 

v10m + jd + u10m + pbl12 + t2m + rh + nirradiance 

---------------------- 

NOTE: Log Print Time:  2021-05-11 11:12:02 
NOTE: Elapsed Time in seconds: 0.00110721588134766 

Fine per scelta MODELLO 

v10m + jd + u10m + pbl12 + t2m + rh + nirradiance 

---------------------- 

NOTE: Log Print Time:  2021-05-11 11:12:02 
NOTE: Elapsed Time in seconds: 0.00110197067260742 

========================================================================= 
Log End Time: 2021-05-11 11:12:02 
Log Elapsed Time: 0 00:00:01 
========================================================================= 
