========================================================================= 
Log Path: output/12/nox/log/pulvirus_nox_12_IT0828A.log 
Working Directory: /home/rmorelli/R/pulvirus/analisi/GAM/scelta 
User Name: rmorelli 
R Version: 4.0.5 (2021-03-31) 
Machine: pasqualino x86_64 
Operating System: Linux 4.19.0-13-amd64 #1 SMP Debian 4.19.160-2 (2020-11-28) 
Log Start Time: 2021-05-11 14:17:16 
========================================================================= 

Stazione: IT0828A 

---------- START ---------- 

                                            IT0828A
gam(log(value) ~ s(t2m), data = .)         1797.760
gam(log(value) ~ s(tmin2m), data = .)      1859.708
gam(log(value) ~ s(tmax2m), data = .)      1865.205
gam(log(value) ~ s(tp), data = .)          2347.494
gam(log(value) ~ s(ptp), data = .)         2356.937
gam(log(value) ~ s(rh), data = .)          2126.456
gam(log(value) ~ s(u10m), data = .)        1903.858
gam(log(value) ~ s(v10m), data = .)        2278.042
gam(log(value) ~ s(sp), data = .)          2014.921
gam(log(value) ~ s(nirradiance), data = .) 1577.265
gam(log(value) ~ s(pbl00), data = .)       2310.283
gam(log(value) ~ s(pbl12), data = .)       1566.730
gam(log(value) ~ s(pblmin), data = .)      2316.018
gam(log(value) ~ s(pblmax), data = .)      1660.202
gam(log(value) ~ s(wdir), data = .)        1792.386
gam(log(value) ~ s(wspeed), data = .)      2324.127
gam(log(value) ~ s(pwspeed), data = .)     2337.667
gam(log(value) ~ s(jd), data = .)          1434.155

Modello migliore: jd 

Variabile scelta jd con AIC 1434.15460627484  

---------- START ---------- 

                                                    IT0828A
gam(log(value) ~ s(t2m) + s(jd), data = .)         1315.906
gam(log(value) ~ s(tmin2m) + s(jd), data = .)      1336.260
gam(log(value) ~ s(tmax2m) + s(jd), data = .)      1367.654
gam(log(value) ~ s(tp) + s(jd), data = .)          1393.134
gam(log(value) ~ s(ptp) + s(jd), data = .)         1411.546
gam(log(value) ~ s(rh) + s(jd), data = .)          1403.325
gam(log(value) ~ s(u10m) + s(jd), data = .)        1182.086
gam(log(value) ~ s(v10m) + s(jd), data = .)        1293.204
gam(log(value) ~ s(sp) + s(jd), data = .)          1278.746
gam(log(value) ~ s(nirradiance) + s(jd), data = .) 1257.359
gam(log(value) ~ s(pbl00) + s(jd), data = .)       1228.471
gam(log(value) ~ s(pbl12) + s(jd), data = .)       1067.050
gam(log(value) ~ s(pblmin) + s(jd), data = .)      1237.069
gam(log(value) ~ s(pblmax) + s(jd), data = .)      1105.674
gam(log(value) ~ s(wdir) + s(jd), data = .)        1151.263
gam(log(value) ~ s(wspeed) + s(jd), data = .)      1294.776
gam(log(value) ~ s(pwspeed) + s(jd), data = .)     1388.776
gam(log(value) ~ s(jd) + s(jd), data = .)          1434.155

Modello migliore: pbl12 - jd 

Variabile scelta pbl12 con AIC 1067.05021505984  

Modelli BACKWARD 

                                                       IT0828A
gam(log(value) ~ s(t2m) + s(pbl12), data = .)         1456.932
gam(log(value) ~ s(tmin2m) + s(pbl12), data = .)      1466.458
gam(log(value) ~ s(tmax2m) + s(pbl12), data = .)      1481.415
gam(log(value) ~ s(tp) + s(pbl12), data = .)          1508.576
gam(log(value) ~ s(ptp) + s(pbl12), data = .)         1564.807
gam(log(value) ~ s(rh) + s(pbl12), data = .)          1558.038
gam(log(value) ~ s(u10m) + s(pbl12), data = .)        1412.295
gam(log(value) ~ s(v10m) + s(pbl12), data = .)        1556.549
gam(log(value) ~ s(sp) + s(pbl12), data = .)          1460.113
gam(log(value) ~ s(nirradiance) + s(pbl12), data = .) 1360.125
gam(log(value) ~ s(pbl00) + s(pbl12), data = .)       1515.247
gam(log(value) ~ s(pblmin) + s(pbl12), data = .)      1537.670
gam(log(value) ~ s(pblmax) + s(pbl12), data = .)      1553.705
gam(log(value) ~ s(wdir) + s(pbl12), data = .)        1340.499
gam(log(value) ~ s(wspeed) + s(pbl12), data = .)      1565.389
gam(log(value) ~ s(pwspeed) + s(pbl12), data = .)     1566.077

Modello migliore: wdir - pbl12 

Dati backward:  1340.49879009715::wdir::pbl12 

Scelgo il modello N 

---------- START ---------- 

                                                                IT0828A
gam(log(value) ~ s(t2m) + s(jd) + s(pbl12), data = .)         1021.6144
gam(log(value) ~ s(tmin2m) + s(jd) + s(pbl12), data = .)      1016.9023
gam(log(value) ~ s(tmax2m) + s(jd) + s(pbl12), data = .)      1035.5155
gam(log(value) ~ s(tp) + s(jd) + s(pbl12), data = .)           983.0114
gam(log(value) ~ s(ptp) + s(jd) + s(pbl12), data = .)         1048.9324
gam(log(value) ~ s(rh) + s(jd) + s(pbl12), data = .)          1054.7683
gam(log(value) ~ s(u10m) + s(jd) + s(pbl12), data = .)         904.3772
gam(log(value) ~ s(v10m) + s(jd) + s(pbl12), data = .)        1010.8030
gam(log(value) ~ s(sp) + s(jd) + s(pbl12), data = .)           960.3929
gam(log(value) ~ s(nirradiance) + s(jd) + s(pbl12), data = .)  997.5537
gam(log(value) ~ s(pbl00) + s(jd) + s(pbl12), data = .)        916.8289
gam(log(value) ~ s(pblmin) + s(jd) + s(pbl12), data = .)       938.2861
gam(log(value) ~ s(pblmax) + s(jd) + s(pbl12), data = .)      1052.8906
gam(log(value) ~ s(wdir) + s(jd) + s(pbl12), data = .)         872.2841
gam(log(value) ~ s(wspeed) + s(jd) + s(pbl12), data = .)      1016.7607
gam(log(value) ~ s(pwspeed) + s(jd) + s(pbl12), data = .)     1043.2760

Modello migliore: wdir - jd - pbl12 

Variabile scelta wdir con AIC 872.284056953631  

Modelli BACKWARD 

                                                               IT0828A
gam(log(value) ~ s(t2m) + s(jd) + s(wdir), data = .)         1048.3629
gam(log(value) ~ s(tmin2m) + s(jd) + s(wdir), data = .)      1063.5869
gam(log(value) ~ s(tmax2m) + s(jd) + s(wdir), data = .)      1074.2420
gam(log(value) ~ s(tp) + s(jd) + s(wdir), data = .)          1106.0349
gam(log(value) ~ s(ptp) + s(jd) + s(wdir), data = .)         1135.1253
gam(log(value) ~ s(rh) + s(jd) + s(wdir), data = .)          1122.3674
gam(log(value) ~ s(u10m) + s(jd) + s(wdir), data = .)        1085.0140
gam(log(value) ~ s(v10m) + s(jd) + s(wdir), data = .)        1007.5824
gam(log(value) ~ s(sp) + s(jd) + s(wdir), data = .)          1019.5802
gam(log(value) ~ s(nirradiance) + s(jd) + s(wdir), data = .) 1022.3745
gam(log(value) ~ s(pbl00) + s(jd) + s(wdir), data = .)        987.3594
gam(log(value) ~ s(pblmin) + s(jd) + s(wdir), data = .)       950.6890
gam(log(value) ~ s(pblmax) + s(jd) + s(wdir), data = .)       887.8848
gam(log(value) ~ s(wspeed) + s(jd) + s(wdir), data = .)       994.0763
gam(log(value) ~ s(pwspeed) + s(jd) + s(wdir), data = .)     1119.8572

Modello migliore: pblmax - jd - wdir 

Dati backward:  887.884840926585::pblmax::jd::wdir 

Scelgo il modello N 

---------- START ---------- 

                                                                         IT0828A
gam(log(value) ~ s(t2m) + s(jd) + s(pbl12) + s(wdir), data = .)         818.3683
gam(log(value) ~ s(tmin2m) + s(jd) + s(pbl12) + s(wdir), data = .)      823.4205
gam(log(value) ~ s(tmax2m) + s(jd) + s(pbl12) + s(wdir), data = .)      824.7285
gam(log(value) ~ s(tp) + s(jd) + s(pbl12) + s(wdir), data = .)          781.2789
gam(log(value) ~ s(ptp) + s(jd) + s(pbl12) + s(wdir), data = .)         856.6354
gam(log(value) ~ s(rh) + s(jd) + s(pbl12) + s(wdir), data = .)          869.6277
gam(log(value) ~ s(u10m) + s(jd) + s(pbl12) + s(wdir), data = .)        826.1835
gam(log(value) ~ s(v10m) + s(jd) + s(pbl12) + s(wdir), data = .)        788.0124
gam(log(value) ~ s(sp) + s(jd) + s(pbl12) + s(wdir), data = .)          778.6743
gam(log(value) ~ s(nirradiance) + s(jd) + s(pbl12) + s(wdir), data = .) 818.6480
gam(log(value) ~ s(pbl00) + s(jd) + s(pbl12) + s(wdir), data = .)       742.0363
gam(log(value) ~ s(pblmin) + s(jd) + s(pbl12) + s(wdir), data = .)      727.4193
gam(log(value) ~ s(pblmax) + s(jd) + s(pbl12) + s(wdir), data = .)      856.5812
gam(log(value) ~ s(wspeed) + s(jd) + s(pbl12) + s(wdir), data = .)      793.9159
gam(log(value) ~ s(pwspeed) + s(jd) + s(pbl12) + s(wdir), data = .)     852.4548

Modello migliore: pblmin - jd - pbl12 - wdir 

Variabile scelta pblmin con AIC 727.419331757938  

Modelli BACKWARD 

                                                                           IT0828A
gam(log(value) ~ s(t2m) + s(jd) + s(pbl12) + s(pblmin), data = .)         900.2557
gam(log(value) ~ s(tmin2m) + s(jd) + s(pbl12) + s(pblmin), data = .)      896.5658
gam(log(value) ~ s(tmax2m) + s(jd) + s(pbl12) + s(pblmin), data = .)      908.1928
gam(log(value) ~ s(tp) + s(jd) + s(pbl12) + s(pblmin), data = .)          915.8675
gam(log(value) ~ s(ptp) + s(jd) + s(pbl12) + s(pblmin), data = .)         937.6984
gam(log(value) ~ s(rh) + s(jd) + s(pbl12) + s(pblmin), data = .)          931.4885
gam(log(value) ~ s(u10m) + s(jd) + s(pbl12) + s(pblmin), data = .)        726.4672
gam(log(value) ~ s(v10m) + s(jd) + s(pbl12) + s(pblmin), data = .)        930.4863
gam(log(value) ~ s(sp) + s(jd) + s(pbl12) + s(pblmin), data = .)          890.0208
gam(log(value) ~ s(nirradiance) + s(jd) + s(pbl12) + s(pblmin), data = .) 789.6552
gam(log(value) ~ s(pbl00) + s(jd) + s(pbl12) + s(pblmin), data = .)       901.2091
gam(log(value) ~ s(pblmax) + s(jd) + s(pbl12) + s(pblmin), data = .)      925.0478
gam(log(value) ~ s(wspeed) + s(jd) + s(pbl12) + s(pblmin), data = .)      937.6178
gam(log(value) ~ s(pwspeed) + s(jd) + s(pbl12) + s(pblmin), data = .)     935.7071

Modello migliore: u10m - jd - pbl12 - pblmin 

Dati backward:  726.467155993588::u10m::jd::pbl12::pblmin 

Scelgo il modello N 

---------- START ---------- 

                                                                                     IT0828A
gam(log(value) ~ s(t2m) + s(jd) + s(pbl12) + s(wdir) + s(pblmin), data = .)         686.1931
gam(log(value) ~ s(tmin2m) + s(jd) + s(pbl12) + s(wdir) + s(pblmin), data = .)      697.4303
gam(log(value) ~ s(tmax2m) + s(jd) + s(pbl12) + s(wdir) + s(pblmin), data = .)      679.2759
gam(log(value) ~ s(tp) + s(jd) + s(pbl12) + s(wdir) + s(pblmin), data = .)          704.1463
gam(log(value) ~ s(ptp) + s(jd) + s(pbl12) + s(wdir) + s(pblmin), data = .)         726.3014
gam(log(value) ~ s(rh) + s(jd) + s(pbl12) + s(wdir) + s(pblmin), data = .)          726.9019
gam(log(value) ~ s(u10m) + s(jd) + s(pbl12) + s(wdir) + s(pblmin), data = .)        702.7390
gam(log(value) ~ s(v10m) + s(jd) + s(pbl12) + s(wdir) + s(pblmin), data = .)        704.6233
gam(log(value) ~ s(sp) + s(jd) + s(pbl12) + s(wdir) + s(pblmin), data = .)          687.5273
gam(log(value) ~ s(nirradiance) + s(jd) + s(pbl12) + s(wdir) + s(pblmin), data = .) 612.0057
gam(log(value) ~ s(pbl00) + s(jd) + s(pbl12) + s(wdir) + s(pblmin), data = .)       710.4809
gam(log(value) ~ s(pblmax) + s(jd) + s(pbl12) + s(wdir) + s(pblmin), data = .)      717.3018
gam(log(value) ~ s(wspeed) + s(jd) + s(pbl12) + s(wdir) + s(pblmin), data = .)      727.9947
gam(log(value) ~ s(pwspeed) + s(jd) + s(pbl12) + s(wdir) + s(pblmin), data = .)     724.6612

Modello migliore: nirradiance - jd - pbl12 - wdir - pblmin 

Variabile scelta nirradiance con AIC 612.005685777367  

Modelli BACKWARD 

                                                                                      IT0828A
gam(log(value) ~ s(t2m) + s(jd) + s(pbl12) + s(wdir) + s(nirradiance), data = .)     773.1635
gam(log(value) ~ s(tmin2m) + s(jd) + s(pbl12) + s(wdir) + s(nirradiance), data = .)  768.5237
gam(log(value) ~ s(tmax2m) + s(jd) + s(pbl12) + s(wdir) + s(nirradiance), data = .)  778.6900
gam(log(value) ~ s(tp) + s(jd) + s(pbl12) + s(wdir) + s(nirradiance), data = .)      668.6892
gam(log(value) ~ s(ptp) + s(jd) + s(pbl12) + s(wdir) + s(nirradiance), data = .)     803.7304
gam(log(value) ~ s(rh) + s(jd) + s(pbl12) + s(wdir) + s(nirradiance), data = .)      818.1648
gam(log(value) ~ s(u10m) + s(jd) + s(pbl12) + s(wdir) + s(nirradiance), data = .)    744.5597
gam(log(value) ~ s(v10m) + s(jd) + s(pbl12) + s(wdir) + s(nirradiance), data = .)    701.6529
gam(log(value) ~ s(sp) + s(jd) + s(pbl12) + s(wdir) + s(nirradiance), data = .)      710.7516
gam(log(value) ~ s(pbl00) + s(jd) + s(pbl12) + s(wdir) + s(nirradiance), data = .)   646.6105
gam(log(value) ~ s(pblmax) + s(jd) + s(pbl12) + s(wdir) + s(nirradiance), data = .)  797.1169
gam(log(value) ~ s(wspeed) + s(jd) + s(pbl12) + s(wdir) + s(nirradiance), data = .)  698.2907
gam(log(value) ~ s(pwspeed) + s(jd) + s(pbl12) + s(wdir) + s(nirradiance), data = .) 786.5077

Modello migliore: pbl00 - jd - pbl12 - wdir - nirradiance 

Dati backward:  646.610469585315::pbl00::jd::pbl12::wdir::nirradiance 

Scelgo il modello N 

---------- START ---------- 

                                                                                                  IT0828A
gam(log(value) ~ s(t2m) + s(jd) + s(pbl12) + s(wdir) + s(pblmin) + s(nirradiance), data = .)     578.6984
gam(log(value) ~ s(tmin2m) + s(jd) + s(pbl12) + s(wdir) + s(pblmin) + s(nirradiance), data = .)  573.3208
gam(log(value) ~ s(tmax2m) + s(jd) + s(pbl12) + s(wdir) + s(pblmin) + s(nirradiance), data = .)  582.4986
gam(log(value) ~ s(tp) + s(jd) + s(pbl12) + s(wdir) + s(pblmin) + s(nirradiance), data = .)      525.6674
gam(log(value) ~ s(ptp) + s(jd) + s(pbl12) + s(wdir) + s(pblmin) + s(nirradiance), data = .)     609.4964
gam(log(value) ~ s(rh) + s(jd) + s(pbl12) + s(wdir) + s(pblmin) + s(nirradiance), data = .)      600.7531
gam(log(value) ~ s(u10m) + s(jd) + s(pbl12) + s(wdir) + s(pblmin) + s(nirradiance), data = .)    581.4662
gam(log(value) ~ s(v10m) + s(jd) + s(pbl12) + s(wdir) + s(pblmin) + s(nirradiance), data = .)    593.7006
gam(log(value) ~ s(sp) + s(jd) + s(pbl12) + s(wdir) + s(pblmin) + s(nirradiance), data = .)      553.8260
gam(log(value) ~ s(pbl00) + s(jd) + s(pbl12) + s(wdir) + s(pblmin) + s(nirradiance), data = .)   585.7745
gam(log(value) ~ s(pblmax) + s(jd) + s(pbl12) + s(wdir) + s(pblmin) + s(nirradiance), data = .)  598.9215
gam(log(value) ~ s(wspeed) + s(jd) + s(pbl12) + s(wdir) + s(pblmin) + s(nirradiance), data = .)  608.7047
gam(log(value) ~ s(pwspeed) + s(jd) + s(pbl12) + s(wdir) + s(pblmin) + s(nirradiance), data = .) 612.1805

Modello migliore: tp - jd - pbl12 - wdir - pblmin - nirradiance 

Variabile scelta tp con AIC 525.667399606715  

Modelli BACKWARD 

                                                                                         IT0828A
gam(log(value) ~ s(t2m) + s(jd) + s(pbl12) + s(wdir) + s(pblmin) + s(tp), data = .)     664.4416
gam(log(value) ~ s(tmin2m) + s(jd) + s(pbl12) + s(wdir) + s(pblmin) + s(tp), data = .)  677.2900
gam(log(value) ~ s(tmax2m) + s(jd) + s(pbl12) + s(wdir) + s(pblmin) + s(tp), data = .)  655.3171
gam(log(value) ~ s(ptp) + s(jd) + s(pbl12) + s(wdir) + s(pblmin) + s(tp), data = .)     701.6707
gam(log(value) ~ s(rh) + s(jd) + s(pbl12) + s(wdir) + s(pblmin) + s(tp), data = .)      701.1024
gam(log(value) ~ s(u10m) + s(jd) + s(pbl12) + s(wdir) + s(pblmin) + s(tp), data = .)    679.1065
gam(log(value) ~ s(v10m) + s(jd) + s(pbl12) + s(wdir) + s(pblmin) + s(tp), data = .)    665.3252
gam(log(value) ~ s(sp) + s(jd) + s(pbl12) + s(wdir) + s(pblmin) + s(tp), data = .)      671.0906
gam(log(value) ~ s(pbl00) + s(jd) + s(pbl12) + s(wdir) + s(pblmin) + s(tp), data = .)   694.4186
gam(log(value) ~ s(pblmax) + s(jd) + s(pbl12) + s(wdir) + s(pblmin) + s(tp), data = .)  696.0852
gam(log(value) ~ s(wspeed) + s(jd) + s(pbl12) + s(wdir) + s(pblmin) + s(tp), data = .)  705.5923
gam(log(value) ~ s(pwspeed) + s(jd) + s(pbl12) + s(wdir) + s(pblmin) + s(tp), data = .) 702.9971

Modello migliore: tmax2m - jd - pbl12 - wdir - pblmin - tp 

Dati backward:  655.31710288398::tmax2m::jd::pbl12::wdir::pblmin::tp 

Scelgo il modello N 

---------- START ---------- 

                                                                                                          IT0828A
gam(log(value) ~ s(t2m) + s(jd) + s(pbl12) + s(wdir) + s(pblmin) + s(nirradiance) + s(tp), data = .)     490.1735
gam(log(value) ~ s(tmin2m) + s(jd) + s(pbl12) + s(wdir) + s(pblmin) + s(nirradiance) + s(tp), data = .)  492.1392
gam(log(value) ~ s(tmax2m) + s(jd) + s(pbl12) + s(wdir) + s(pblmin) + s(nirradiance) + s(tp), data = .)  492.3769
gam(log(value) ~ s(ptp) + s(jd) + s(pbl12) + s(wdir) + s(pblmin) + s(nirradiance) + s(tp), data = .)     525.7651
gam(log(value) ~ s(rh) + s(jd) + s(pbl12) + s(wdir) + s(pblmin) + s(nirradiance) + s(tp), data = .)      526.2313
gam(log(value) ~ s(u10m) + s(jd) + s(pbl12) + s(wdir) + s(pblmin) + s(nirradiance) + s(tp), data = .)    499.4211
gam(log(value) ~ s(v10m) + s(jd) + s(pbl12) + s(wdir) + s(pblmin) + s(nirradiance) + s(tp), data = .)    488.7353
gam(log(value) ~ s(sp) + s(jd) + s(pbl12) + s(wdir) + s(pblmin) + s(nirradiance) + s(tp), data = .)      489.7802
gam(log(value) ~ s(pbl00) + s(jd) + s(pbl12) + s(wdir) + s(pblmin) + s(nirradiance) + s(tp), data = .)   511.4969
gam(log(value) ~ s(pblmax) + s(jd) + s(pbl12) + s(wdir) + s(pblmin) + s(nirradiance) + s(tp), data = .)  518.4617
gam(log(value) ~ s(wspeed) + s(jd) + s(pbl12) + s(wdir) + s(pblmin) + s(nirradiance) + s(tp), data = .)  523.5913
gam(log(value) ~ s(pwspeed) + s(jd) + s(pbl12) + s(wdir) + s(pblmin) + s(nirradiance) + s(tp), data = .) 527.6509

Modello migliore: v10m - jd - pbl12 - wdir - pblmin - nirradiance - tp 

Variabile scelta v10m con AIC 488.73533654461  

Modelli BACKWARD 

                                                                                                            IT0828A
gam(log(value) ~ s(t2m) + s(jd) + s(pbl12) + s(wdir) + s(pblmin) + s(nirradiance) + s(v10m), data = .)     551.6480
gam(log(value) ~ s(tmin2m) + s(jd) + s(pbl12) + s(wdir) + s(pblmin) + s(nirradiance) + s(v10m), data = .)  544.7919
gam(log(value) ~ s(tmax2m) + s(jd) + s(pbl12) + s(wdir) + s(pblmin) + s(nirradiance) + s(v10m), data = .)  565.6684
gam(log(value) ~ s(ptp) + s(jd) + s(pbl12) + s(wdir) + s(pblmin) + s(nirradiance) + s(v10m), data = .)     592.5713
gam(log(value) ~ s(rh) + s(jd) + s(pbl12) + s(wdir) + s(pblmin) + s(nirradiance) + s(v10m), data = .)      571.3374
gam(log(value) ~ s(u10m) + s(jd) + s(pbl12) + s(wdir) + s(pblmin) + s(nirradiance) + s(v10m), data = .)    563.5654
gam(log(value) ~ s(sp) + s(jd) + s(pbl12) + s(wdir) + s(pblmin) + s(nirradiance) + s(v10m), data = .)      539.0504
gam(log(value) ~ s(pbl00) + s(jd) + s(pbl12) + s(wdir) + s(pblmin) + s(nirradiance) + s(v10m), data = .)   570.4312
gam(log(value) ~ s(pblmax) + s(jd) + s(pbl12) + s(wdir) + s(pblmin) + s(nirradiance) + s(v10m), data = .)  577.6818
gam(log(value) ~ s(wspeed) + s(jd) + s(pbl12) + s(wdir) + s(pblmin) + s(nirradiance) + s(v10m), data = .)  592.4513
gam(log(value) ~ s(pwspeed) + s(jd) + s(pbl12) + s(wdir) + s(pblmin) + s(nirradiance) + s(v10m), data = .) 594.1556

Modello migliore: sp - jd - pbl12 - wdir - pblmin - nirradiance - v10m 

Dati backward:  539.050351634344::sp::jd::pbl12::wdir::pblmin::nirradiance::v10m 

Scelgo il modello N 

---------- START ---------- 

                                                                                                                    IT0828A
gam(log(value) ~ s(t2m) + s(jd) + s(pbl12) + s(wdir) + s(pblmin) + s(nirradiance) + s(tp) + s(v10m), data = .)     443.3503
gam(log(value) ~ s(tmin2m) + s(jd) + s(pbl12) + s(wdir) + s(pblmin) + s(nirradiance) + s(tp) + s(v10m), data = .)  442.5829
gam(log(value) ~ s(tmax2m) + s(jd) + s(pbl12) + s(wdir) + s(pblmin) + s(nirradiance) + s(tp) + s(v10m), data = .)  457.5410
gam(log(value) ~ s(ptp) + s(jd) + s(pbl12) + s(wdir) + s(pblmin) + s(nirradiance) + s(tp) + s(v10m), data = .)     487.9591
gam(log(value) ~ s(rh) + s(jd) + s(pbl12) + s(wdir) + s(pblmin) + s(nirradiance) + s(tp) + s(v10m), data = .)      483.5518
gam(log(value) ~ s(u10m) + s(jd) + s(pbl12) + s(wdir) + s(pblmin) + s(nirradiance) + s(tp) + s(v10m), data = .)    466.3005
gam(log(value) ~ s(sp) + s(jd) + s(pbl12) + s(wdir) + s(pblmin) + s(nirradiance) + s(tp) + s(v10m), data = .)      459.1410
gam(log(value) ~ s(pbl00) + s(jd) + s(pbl12) + s(wdir) + s(pblmin) + s(nirradiance) + s(tp) + s(v10m), data = .)   478.1546
gam(log(value) ~ s(pblmax) + s(jd) + s(pbl12) + s(wdir) + s(pblmin) + s(nirradiance) + s(tp) + s(v10m), data = .)  477.2717
gam(log(value) ~ s(wspeed) + s(jd) + s(pbl12) + s(wdir) + s(pblmin) + s(nirradiance) + s(tp) + s(v10m), data = .)  487.2479
gam(log(value) ~ s(pwspeed) + s(jd) + s(pbl12) + s(wdir) + s(pblmin) + s(nirradiance) + s(tp) + s(v10m), data = .) 490.6695

Modello migliore: tmin2m - jd - pbl12 - wdir - pblmin - nirradiance - tp - v10m 

Variabile scelta tmin2m con AIC 442.582870460079  

Modelli BACKWARD 

                                                                                                                      IT0828A
gam(log(value) ~ s(t2m) + s(jd) + s(pbl12) + s(wdir) + s(pblmin) + s(nirradiance) + s(tp) + s(tmin2m), data = .)     439.2244
gam(log(value) ~ s(tmax2m) + s(jd) + s(pbl12) + s(wdir) + s(pblmin) + s(nirradiance) + s(tp) + s(tmin2m), data = .)  411.2503
gam(log(value) ~ s(ptp) + s(jd) + s(pbl12) + s(wdir) + s(pblmin) + s(nirradiance) + s(tp) + s(tmin2m), data = .)     491.3672
gam(log(value) ~ s(rh) + s(jd) + s(pbl12) + s(wdir) + s(pblmin) + s(nirradiance) + s(tp) + s(tmin2m), data = .)      492.0464
gam(log(value) ~ s(u10m) + s(jd) + s(pbl12) + s(wdir) + s(pblmin) + s(nirradiance) + s(tp) + s(tmin2m), data = .)    463.9757
gam(log(value) ~ s(sp) + s(jd) + s(pbl12) + s(wdir) + s(pblmin) + s(nirradiance) + s(tp) + s(tmin2m), data = .)      464.5405
gam(log(value) ~ s(pbl00) + s(jd) + s(pbl12) + s(wdir) + s(pblmin) + s(nirradiance) + s(tp) + s(tmin2m), data = .)   478.2185
gam(log(value) ~ s(pblmax) + s(jd) + s(pbl12) + s(wdir) + s(pblmin) + s(nirradiance) + s(tp) + s(tmin2m), data = .)  483.2644
gam(log(value) ~ s(wspeed) + s(jd) + s(pbl12) + s(wdir) + s(pblmin) + s(nirradiance) + s(tp) + s(tmin2m), data = .)  487.0041
gam(log(value) ~ s(pwspeed) + s(jd) + s(pbl12) + s(wdir) + s(pblmin) + s(nirradiance) + s(tp) + s(tmin2m), data = .) 493.5057

Modello migliore: tmax2m - jd - pbl12 - wdir - pblmin - nirradiance - tp - tmin2m 

Dati backward:  411.250260221808::tmax2m::jd::pbl12::wdir::pblmin::nirradiance::tp::tmin2m 

Scelgo il modello N 

---------- START ---------- 

                                                                                                                                IT0828A
gam(log(value) ~ s(t2m) + s(jd) + s(pbl12) + s(wdir) + s(pblmin) + s(nirradiance) + s(tp) + s(v10m) + s(tmin2m), data = .)     404.3955
gam(log(value) ~ s(tmax2m) + s(jd) + s(pbl12) + s(wdir) + s(pblmin) + s(nirradiance) + s(tp) + s(v10m) + s(tmin2m), data = .)  382.5441
gam(log(value) ~ s(ptp) + s(jd) + s(pbl12) + s(wdir) + s(pblmin) + s(nirradiance) + s(tp) + s(v10m) + s(tmin2m), data = .)     440.5973
gam(log(value) ~ s(rh) + s(jd) + s(pbl12) + s(wdir) + s(pblmin) + s(nirradiance) + s(tp) + s(v10m) + s(tmin2m), data = .)      431.1652
gam(log(value) ~ s(u10m) + s(jd) + s(pbl12) + s(wdir) + s(pblmin) + s(nirradiance) + s(tp) + s(v10m) + s(tmin2m), data = .)    418.4348
gam(log(value) ~ s(sp) + s(jd) + s(pbl12) + s(wdir) + s(pblmin) + s(nirradiance) + s(tp) + s(v10m) + s(tmin2m), data = .)      422.0473
gam(log(value) ~ s(pbl00) + s(jd) + s(pbl12) + s(wdir) + s(pblmin) + s(nirradiance) + s(tp) + s(v10m) + s(tmin2m), data = .)   433.7072
gam(log(value) ~ s(pblmax) + s(jd) + s(pbl12) + s(wdir) + s(pblmin) + s(nirradiance) + s(tp) + s(v10m) + s(tmin2m), data = .)  428.2256
gam(log(value) ~ s(wspeed) + s(jd) + s(pbl12) + s(wdir) + s(pblmin) + s(nirradiance) + s(tp) + s(v10m) + s(tmin2m), data = .)  439.1935
gam(log(value) ~ s(pwspeed) + s(jd) + s(pbl12) + s(wdir) + s(pblmin) + s(nirradiance) + s(tp) + s(v10m) + s(tmin2m), data = .) 444.2189

Modello migliore: tmax2m - jd - pbl12 - wdir - pblmin - nirradiance - tp - v10m - tmin2m 

Variabile scelta tmax2m con AIC 382.544083635945  

Modelli BACKWARD 

                                                                                                                                IT0828A
gam(log(value) ~ s(t2m) + s(jd) + s(pbl12) + s(wdir) + s(pblmin) + s(nirradiance) + s(tp) + s(v10m) + s(tmax2m), data = .)     369.7213
gam(log(value) ~ s(ptp) + s(jd) + s(pbl12) + s(wdir) + s(pblmin) + s(nirradiance) + s(tp) + s(v10m) + s(tmax2m), data = .)     457.1897
gam(log(value) ~ s(rh) + s(jd) + s(pbl12) + s(wdir) + s(pblmin) + s(nirradiance) + s(tp) + s(v10m) + s(tmax2m), data = .)      449.7299
gam(log(value) ~ s(u10m) + s(jd) + s(pbl12) + s(wdir) + s(pblmin) + s(nirradiance) + s(tp) + s(v10m) + s(tmax2m), data = .)    430.3159
gam(log(value) ~ s(sp) + s(jd) + s(pbl12) + s(wdir) + s(pblmin) + s(nirradiance) + s(tp) + s(v10m) + s(tmax2m), data = .)      429.0712
gam(log(value) ~ s(pbl00) + s(jd) + s(pbl12) + s(wdir) + s(pblmin) + s(nirradiance) + s(tp) + s(v10m) + s(tmax2m), data = .)   445.1771
gam(log(value) ~ s(pblmax) + s(jd) + s(pbl12) + s(wdir) + s(pblmin) + s(nirradiance) + s(tp) + s(v10m) + s(tmax2m), data = .)  445.4968
gam(log(value) ~ s(wspeed) + s(jd) + s(pbl12) + s(wdir) + s(pblmin) + s(nirradiance) + s(tp) + s(v10m) + s(tmax2m), data = .)  454.6038
gam(log(value) ~ s(pwspeed) + s(jd) + s(pbl12) + s(wdir) + s(pblmin) + s(nirradiance) + s(tp) + s(v10m) + s(tmax2m), data = .) 459.4959

Modello migliore: t2m - jd - pbl12 - wdir - pblmin - nirradiance - tp - v10m - tmax2m 

Dati backward:  369.72130729246::t2m::jd::pbl12::wdir::pblmin::nirradiance::tp::v10m::tmax2m 

Scelgo il modello N-1 

---------- START ---------- 

                                                                                                                                IT0828A
gam(log(value) ~ s(t2m) + s(jd) + s(pbl12) + s(wdir) + s(pblmin) + s(nirradiance) + s(tp) + s(v10m) + s(tmin2m), data = .)     404.3955
gam(log(value) ~ s(ptp) + s(jd) + s(pbl12) + s(wdir) + s(pblmin) + s(nirradiance) + s(tp) + s(v10m) + s(tmin2m), data = .)     440.5973
gam(log(value) ~ s(rh) + s(jd) + s(pbl12) + s(wdir) + s(pblmin) + s(nirradiance) + s(tp) + s(v10m) + s(tmin2m), data = .)      431.1652
gam(log(value) ~ s(u10m) + s(jd) + s(pbl12) + s(wdir) + s(pblmin) + s(nirradiance) + s(tp) + s(v10m) + s(tmin2m), data = .)    418.4348
gam(log(value) ~ s(sp) + s(jd) + s(pbl12) + s(wdir) + s(pblmin) + s(nirradiance) + s(tp) + s(v10m) + s(tmin2m), data = .)      422.0473
gam(log(value) ~ s(pbl00) + s(jd) + s(pbl12) + s(wdir) + s(pblmin) + s(nirradiance) + s(tp) + s(v10m) + s(tmin2m), data = .)   433.7072
gam(log(value) ~ s(pblmax) + s(jd) + s(pbl12) + s(wdir) + s(pblmin) + s(nirradiance) + s(tp) + s(v10m) + s(tmin2m), data = .)  428.2256
gam(log(value) ~ s(wspeed) + s(jd) + s(pbl12) + s(wdir) + s(pblmin) + s(nirradiance) + s(tp) + s(v10m) + s(tmin2m), data = .)  439.1935
gam(log(value) ~ s(pwspeed) + s(jd) + s(pbl12) + s(wdir) + s(pblmin) + s(nirradiance) + s(tp) + s(v10m) + s(tmin2m), data = .) 444.2189

Modello migliore: t2m - jd - pbl12 - wdir - pblmin - nirradiance - tp - v10m - tmin2m 

Variabile scelta t2m con AIC 404.395536166391  

Fine per scelta MODELLO 

jd + pbl12 + wdir + pblmin + nirradiance + tp + v10m + tmin2m 

---------------------- 

NOTE: Log Print Time:  2021-05-11 14:19:19 
NOTE: Elapsed Time in seconds: 2.05171211957932 

Fine per scelta MODELLO 

jd + pbl12 + wdir + pblmin + nirradiance + tp + v10m + tmin2m 

---------------------- 

NOTE: Log Print Time:  2021-05-11 14:19:19 
NOTE: Elapsed Time in seconds: 0.00106143951416016 

Fine per scelta MODELLO 

jd + pbl12 + wdir + pblmin + nirradiance + tp + v10m + tmin2m 

---------------------- 

NOTE: Log Print Time:  2021-05-11 14:19:19 
NOTE: Elapsed Time in seconds: 0.000968456268310547 

Fine per scelta MODELLO 

jd + pbl12 + wdir + pblmin + nirradiance + tp + v10m + tmin2m 

---------------------- 

NOTE: Log Print Time:  2021-05-11 14:19:19 
NOTE: Elapsed Time in seconds: 0.000980377197265625 

Fine per scelta MODELLO 

jd + pbl12 + wdir + pblmin + nirradiance + tp + v10m + tmin2m 

---------------------- 

NOTE: Log Print Time:  2021-05-11 14:19:19 
NOTE: Elapsed Time in seconds: 0.000967979431152344 

Fine per scelta MODELLO 

jd + pbl12 + wdir + pblmin + nirradiance + tp + v10m + tmin2m 

---------------------- 

NOTE: Log Print Time:  2021-05-11 14:19:19 
NOTE: Elapsed Time in seconds: 0.000965118408203125 

Fine per scelta MODELLO 

jd + pbl12 + wdir + pblmin + nirradiance + tp + v10m + tmin2m 

---------------------- 

NOTE: Log Print Time:  2021-05-11 14:19:19 
NOTE: Elapsed Time in seconds: 0.000960350036621094 

Fine per scelta MODELLO 

jd + pbl12 + wdir + pblmin + nirradiance + tp + v10m + tmin2m 

---------------------- 

NOTE: Log Print Time:  2021-05-11 14:19:19 
NOTE: Elapsed Time in seconds: 0.000997543334960938 

Fine per scelta MODELLO 

jd + pbl12 + wdir + pblmin + nirradiance + tp + v10m + tmin2m 

---------------------- 

NOTE: Log Print Time:  2021-05-11 14:19:19 
NOTE: Elapsed Time in seconds: 0.00096440315246582 

========================================================================= 
Log End Time: 2021-05-11 14:19:19 
Log Elapsed Time: 0 00:00:02 
========================================================================= 
