========================================================================= 
Log Path: output/12/nox/log/pulvirus_nox_12_IT1176A.log 
Working Directory: /home/rmorelli/R/pulvirus/analisi/GAM/scelta 
User Name: rmorelli 
R Version: 4.0.5 (2021-03-31) 
Machine: pasqualino x86_64 
Operating System: Linux 4.19.0-13-amd64 #1 SMP Debian 4.19.160-2 (2020-11-28) 
Log Start Time: 2021-05-11 14:39:35 
========================================================================= 

Stazione: IT1176A 

---------- START ---------- 

                                            IT1176A
gam(log(value) ~ s(t2m), data = .)         2789.778
gam(log(value) ~ s(tmin2m), data = .)      2792.184
gam(log(value) ~ s(tmax2m), data = .)      2920.273
gam(log(value) ~ s(tp), data = .)          3371.298
gam(log(value) ~ s(ptp), data = .)         3403.148
gam(log(value) ~ s(rh), data = .)          3192.136
gam(log(value) ~ s(u10m), data = .)        3114.166
gam(log(value) ~ s(v10m), data = .)        3243.419
gam(log(value) ~ s(sp), data = .)          2881.216
gam(log(value) ~ s(nirradiance), data = .) 2699.437
gam(log(value) ~ s(pbl00), data = .)       3318.062
gam(log(value) ~ s(pbl12), data = .)       2575.271
gam(log(value) ~ s(pblmin), data = .)      3267.277
gam(log(value) ~ s(pblmax), data = .)      2652.363
gam(log(value) ~ s(wdir), data = .)        2952.180
gam(log(value) ~ s(wspeed), data = .)      3327.918
gam(log(value) ~ s(pwspeed), data = .)     3398.621
gam(log(value) ~ s(jd), data = .)          2430.429

Modello migliore: jd 

Variabile scelta jd con AIC 2430.4285085315  

---------- START ---------- 

                                                    IT1176A
gam(log(value) ~ s(t2m) + s(jd), data = .)         2316.348
gam(log(value) ~ s(tmin2m) + s(jd), data = .)      2303.179
gam(log(value) ~ s(tmax2m) + s(jd), data = .)      2377.472
gam(log(value) ~ s(tp) + s(jd), data = .)          2277.560
gam(log(value) ~ s(ptp) + s(jd), data = .)         2370.973
gam(log(value) ~ s(rh) + s(jd), data = .)          2396.608
gam(log(value) ~ s(u10m) + s(jd), data = .)        2295.855
gam(log(value) ~ s(v10m) + s(jd), data = .)        2042.158
gam(log(value) ~ s(sp) + s(jd), data = .)          2116.010
gam(log(value) ~ s(nirradiance) + s(jd), data = .) 2353.729
gam(log(value) ~ s(pbl00) + s(jd), data = .)       2032.897
gam(log(value) ~ s(pbl12) + s(jd), data = .)       2122.664
gam(log(value) ~ s(pblmin) + s(jd), data = .)      1854.270
gam(log(value) ~ s(pblmax) + s(jd), data = .)      2130.901
gam(log(value) ~ s(wdir) + s(jd), data = .)        2270.977
gam(log(value) ~ s(wspeed) + s(jd), data = .)      2026.322
gam(log(value) ~ s(pwspeed) + s(jd), data = .)     2340.460
gam(log(value) ~ s(jd) + s(jd), data = .)          2430.429

Modello migliore: pblmin - jd 

Variabile scelta pblmin con AIC 1854.26973128788  

Modelli BACKWARD 

                                                        IT1176A
gam(log(value) ~ s(t2m) + s(pblmin), data = .)         2477.569
gam(log(value) ~ s(tmin2m) + s(pblmin), data = .)      2562.117
gam(log(value) ~ s(tmax2m) + s(pblmin), data = .)      2525.646
gam(log(value) ~ s(tp) + s(pblmin), data = .)          3267.238
gam(log(value) ~ s(ptp) + s(pblmin), data = .)         3267.741
gam(log(value) ~ s(rh) + s(pblmin), data = .)          3010.377
gam(log(value) ~ s(u10m) + s(pblmin), data = .)        2900.023
gam(log(value) ~ s(v10m) + s(pblmin), data = .)        3196.123
gam(log(value) ~ s(sp) + s(pblmin), data = .)          2785.866
gam(log(value) ~ s(nirradiance) + s(pblmin), data = .) 2087.817
gam(log(value) ~ s(pbl00) + s(pblmin), data = .)       3266.792
gam(log(value) ~ s(pbl12) + s(pblmin), data = .)       2406.600
gam(log(value) ~ s(pblmax) + s(pblmin), data = .)      2514.301
gam(log(value) ~ s(wdir) + s(pblmin), data = .)        2768.758
gam(log(value) ~ s(wspeed) + s(pblmin), data = .)      3262.591
gam(log(value) ~ s(pwspeed) + s(pblmin), data = .)     3240.687

Modello migliore: nirradiance - pblmin 

Dati backward:  2087.81745743991::nirradiance::pblmin 

Scelgo il modello N 

---------- START ---------- 

                                                                IT1176A
gam(log(value) ~ s(t2m) + s(jd) + s(pblmin), data = .)         1753.826
gam(log(value) ~ s(tmin2m) + s(jd) + s(pblmin), data = .)      1753.107
gam(log(value) ~ s(tmax2m) + s(jd) + s(pblmin), data = .)      1793.960
gam(log(value) ~ s(tp) + s(jd) + s(pblmin), data = .)          1838.731
gam(log(value) ~ s(ptp) + s(jd) + s(pblmin), data = .)         1849.039
gam(log(value) ~ s(rh) + s(jd) + s(pblmin), data = .)          1839.528
gam(log(value) ~ s(u10m) + s(jd) + s(pblmin), data = .)        1771.235
gam(log(value) ~ s(v10m) + s(jd) + s(pblmin), data = .)        1812.798
gam(log(value) ~ s(sp) + s(jd) + s(pblmin), data = .)          1721.037
gam(log(value) ~ s(nirradiance) + s(jd) + s(pblmin), data = .) 1683.349
gam(log(value) ~ s(pbl00) + s(jd) + s(pblmin), data = .)       1828.372
gam(log(value) ~ s(pbl12) + s(jd) + s(pblmin), data = .)       1627.927
gam(log(value) ~ s(pblmax) + s(jd) + s(pblmin), data = .)      1642.739
gam(log(value) ~ s(wdir) + s(jd) + s(pblmin), data = .)        1717.023
gam(log(value) ~ s(wspeed) + s(jd) + s(pblmin), data = .)      1832.490
gam(log(value) ~ s(pwspeed) + s(jd) + s(pblmin), data = .)     1842.650

Modello migliore: pbl12 - jd - pblmin 

Variabile scelta pbl12 con AIC 1627.92685793193  

Modelli BACKWARD 

                                                               IT1176A
gam(log(value) ~ s(t2m) + s(jd) + s(pbl12), data = .)         2076.470
gam(log(value) ~ s(tmin2m) + s(jd) + s(pbl12), data = .)      2044.519
gam(log(value) ~ s(tmax2m) + s(jd) + s(pbl12), data = .)      2077.891
gam(log(value) ~ s(tp) + s(jd) + s(pbl12), data = .)          1867.854
gam(log(value) ~ s(ptp) + s(jd) + s(pbl12), data = .)         2068.721
gam(log(value) ~ s(rh) + s(jd) + s(pbl12), data = .)          2074.722
gam(log(value) ~ s(u10m) + s(jd) + s(pbl12), data = .)        2041.671
gam(log(value) ~ s(v10m) + s(jd) + s(pbl12), data = .)        1833.474
gam(log(value) ~ s(sp) + s(jd) + s(pbl12), data = .)          1844.302
gam(log(value) ~ s(nirradiance) + s(jd) + s(pbl12), data = .) 2034.655
gam(log(value) ~ s(pbl00) + s(jd) + s(pbl12), data = .)       1784.464
gam(log(value) ~ s(pblmax) + s(jd) + s(pbl12), data = .)      2100.650
gam(log(value) ~ s(wdir) + s(jd) + s(pbl12), data = .)        2011.793
gam(log(value) ~ s(wspeed) + s(jd) + s(pbl12), data = .)      1828.953
gam(log(value) ~ s(pwspeed) + s(jd) + s(pbl12), data = .)     2037.909

Modello migliore: pbl00 - jd - pbl12 

Dati backward:  1784.46428109602::pbl00::jd::pbl12 

Scelgo il modello N 

---------- START ---------- 

                                                                           IT1176A
gam(log(value) ~ s(t2m) + s(jd) + s(pblmin) + s(pbl12), data = .)         1578.485
gam(log(value) ~ s(tmin2m) + s(jd) + s(pblmin) + s(pbl12), data = .)      1561.359
gam(log(value) ~ s(tmax2m) + s(jd) + s(pblmin) + s(pbl12), data = .)      1594.586
gam(log(value) ~ s(tp) + s(jd) + s(pblmin) + s(pbl12), data = .)          1566.369
gam(log(value) ~ s(ptp) + s(jd) + s(pblmin) + s(pbl12), data = .)         1622.506
gam(log(value) ~ s(rh) + s(jd) + s(pblmin) + s(pbl12), data = .)          1608.035
gam(log(value) ~ s(u10m) + s(jd) + s(pblmin) + s(pbl12), data = .)        1591.415
gam(log(value) ~ s(v10m) + s(jd) + s(pblmin) + s(pbl12), data = .)        1612.613
gam(log(value) ~ s(sp) + s(jd) + s(pblmin) + s(pbl12), data = .)          1523.112
gam(log(value) ~ s(nirradiance) + s(jd) + s(pblmin) + s(pbl12), data = .) 1559.790
gam(log(value) ~ s(pbl00) + s(jd) + s(pblmin) + s(pbl12), data = .)       1606.479
gam(log(value) ~ s(pblmax) + s(jd) + s(pblmin) + s(pbl12), data = .)      1607.502
gam(log(value) ~ s(wdir) + s(jd) + s(pblmin) + s(pbl12), data = .)        1532.573
gam(log(value) ~ s(wspeed) + s(jd) + s(pblmin) + s(pbl12), data = .)      1623.520
gam(log(value) ~ s(pwspeed) + s(jd) + s(pblmin) + s(pbl12), data = .)     1628.599

Modello migliore: sp - jd - pblmin - pbl12 

Variabile scelta sp con AIC 1523.11219020361  

Modelli BACKWARD 

                                                                        IT1176A
gam(log(value) ~ s(t2m) + s(jd) + s(pblmin) + s(sp), data = .)         1645.888
gam(log(value) ~ s(tmin2m) + s(jd) + s(pblmin) + s(sp), data = .)      1656.869
gam(log(value) ~ s(tmax2m) + s(jd) + s(pblmin) + s(sp), data = .)      1657.532
gam(log(value) ~ s(tp) + s(jd) + s(pblmin) + s(sp), data = .)          1721.635
gam(log(value) ~ s(ptp) + s(jd) + s(pblmin) + s(sp), data = .)         1717.235
gam(log(value) ~ s(rh) + s(jd) + s(pblmin) + s(sp), data = .)          1692.264
gam(log(value) ~ s(u10m) + s(jd) + s(pblmin) + s(sp), data = .)        1652.942
gam(log(value) ~ s(v10m) + s(jd) + s(pblmin) + s(sp), data = .)        1698.318
gam(log(value) ~ s(nirradiance) + s(jd) + s(pblmin) + s(sp), data = .) 1509.249
gam(log(value) ~ s(pbl00) + s(jd) + s(pblmin) + s(sp), data = .)       1708.559
gam(log(value) ~ s(pblmax) + s(jd) + s(pblmin) + s(sp), data = .)      1544.297
gam(log(value) ~ s(wdir) + s(jd) + s(pblmin) + s(sp), data = .)        1618.300
gam(log(value) ~ s(wspeed) + s(jd) + s(pblmin) + s(sp), data = .)      1700.102
gam(log(value) ~ s(pwspeed) + s(jd) + s(pblmin) + s(sp), data = .)     1705.960

Modello migliore: nirradiance - jd - pblmin - sp 

Dati backward:  1509.24872637343::nirradiance::jd::pblmin::sp 

Scelgo il modello N 

---------- START ---------- 

                                                                                   IT1176A
gam(log(value) ~ s(t2m) + s(jd) + s(pblmin) + s(pbl12) + s(sp), data = .)         1477.992
gam(log(value) ~ s(tmin2m) + s(jd) + s(pblmin) + s(pbl12) + s(sp), data = .)      1473.707
gam(log(value) ~ s(tmax2m) + s(jd) + s(pblmin) + s(pbl12) + s(sp), data = .)      1486.302
gam(log(value) ~ s(tp) + s(jd) + s(pblmin) + s(pbl12) + s(sp), data = .)          1499.162
gam(log(value) ~ s(ptp) + s(jd) + s(pblmin) + s(pbl12) + s(sp), data = .)         1519.342
gam(log(value) ~ s(rh) + s(jd) + s(pblmin) + s(pbl12) + s(sp), data = .)          1515.994
gam(log(value) ~ s(u10m) + s(jd) + s(pblmin) + s(pbl12) + s(sp), data = .)        1495.107
gam(log(value) ~ s(v10m) + s(jd) + s(pblmin) + s(pbl12) + s(sp), data = .)        1516.602
gam(log(value) ~ s(nirradiance) + s(jd) + s(pblmin) + s(pbl12) + s(sp), data = .) 1434.380
gam(log(value) ~ s(pbl00) + s(jd) + s(pblmin) + s(pbl12) + s(sp), data = .)       1516.168
gam(log(value) ~ s(pblmax) + s(jd) + s(pblmin) + s(pbl12) + s(sp), data = .)      1509.984
gam(log(value) ~ s(wdir) + s(jd) + s(pblmin) + s(pbl12) + s(sp), data = .)        1449.291
gam(log(value) ~ s(wspeed) + s(jd) + s(pblmin) + s(pbl12) + s(sp), data = .)      1521.900
gam(log(value) ~ s(pwspeed) + s(jd) + s(pblmin) + s(pbl12) + s(sp), data = .)     1521.267

Modello migliore: nirradiance - jd - pblmin - pbl12 - sp 

Variabile scelta nirradiance con AIC 1434.38034079986  

Modelli BACKWARD 

                                                                                        IT1176A
gam(log(value) ~ s(t2m) + s(jd) + s(pblmin) + s(pbl12) + s(nirradiance), data = .)     1519.510
gam(log(value) ~ s(tmin2m) + s(jd) + s(pblmin) + s(pbl12) + s(nirradiance), data = .)  1502.655
gam(log(value) ~ s(tmax2m) + s(jd) + s(pblmin) + s(pbl12) + s(nirradiance), data = .)  1527.448
gam(log(value) ~ s(tp) + s(jd) + s(pblmin) + s(pbl12) + s(nirradiance), data = .)      1424.558
gam(log(value) ~ s(ptp) + s(jd) + s(pblmin) + s(pbl12) + s(nirradiance), data = .)     1552.406
gam(log(value) ~ s(rh) + s(jd) + s(pblmin) + s(pbl12) + s(nirradiance), data = .)      1521.697
gam(log(value) ~ s(u10m) + s(jd) + s(pblmin) + s(pbl12) + s(nirradiance), data = .)    1534.226
gam(log(value) ~ s(v10m) + s(jd) + s(pblmin) + s(pbl12) + s(nirradiance), data = .)    1534.703
gam(log(value) ~ s(pbl00) + s(jd) + s(pblmin) + s(pbl12) + s(nirradiance), data = .)   1530.843
gam(log(value) ~ s(pblmax) + s(jd) + s(pblmin) + s(pbl12) + s(nirradiance), data = .)  1530.570
gam(log(value) ~ s(wdir) + s(jd) + s(pblmin) + s(pbl12) + s(nirradiance), data = .)    1480.624
gam(log(value) ~ s(wspeed) + s(jd) + s(pblmin) + s(pbl12) + s(nirradiance), data = .)  1546.900
gam(log(value) ~ s(pwspeed) + s(jd) + s(pblmin) + s(pbl12) + s(nirradiance), data = .) 1557.305

Modello migliore: tp - jd - pblmin - pbl12 - nirradiance 

Dati backward:  1424.55807768121::tp::jd::pblmin::pbl12::nirradiance 

Scelgo il modello N 

---------- START ---------- 

                                                                                                IT1176A
gam(log(value) ~ s(t2m) + s(jd) + s(pblmin) + s(pbl12) + s(sp) + s(nirradiance), data = .)     1396.641
gam(log(value) ~ s(tmin2m) + s(jd) + s(pblmin) + s(pbl12) + s(sp) + s(nirradiance), data = .)  1388.214
gam(log(value) ~ s(tmax2m) + s(jd) + s(pblmin) + s(pbl12) + s(sp) + s(nirradiance), data = .)  1403.595
gam(log(value) ~ s(tp) + s(jd) + s(pblmin) + s(pbl12) + s(sp) + s(nirradiance), data = .)      1355.841
gam(log(value) ~ s(ptp) + s(jd) + s(pblmin) + s(pbl12) + s(sp) + s(nirradiance), data = .)     1434.021
gam(log(value) ~ s(rh) + s(jd) + s(pblmin) + s(pbl12) + s(sp) + s(nirradiance), data = .)      1410.917
gam(log(value) ~ s(u10m) + s(jd) + s(pblmin) + s(pbl12) + s(sp) + s(nirradiance), data = .)    1420.612
gam(log(value) ~ s(v10m) + s(jd) + s(pblmin) + s(pbl12) + s(sp) + s(nirradiance), data = .)    1415.825
gam(log(value) ~ s(pbl00) + s(jd) + s(pblmin) + s(pbl12) + s(sp) + s(nirradiance), data = .)   1423.623
gam(log(value) ~ s(pblmax) + s(jd) + s(pblmin) + s(pbl12) + s(sp) + s(nirradiance), data = .)  1416.607
gam(log(value) ~ s(wdir) + s(jd) + s(pblmin) + s(pbl12) + s(sp) + s(nirradiance), data = .)    1379.983
gam(log(value) ~ s(wspeed) + s(jd) + s(pblmin) + s(pbl12) + s(sp) + s(nirradiance), data = .)  1425.799
gam(log(value) ~ s(pwspeed) + s(jd) + s(pblmin) + s(pbl12) + s(sp) + s(nirradiance), data = .) 1432.639

Modello migliore: tp - jd - pblmin - pbl12 - sp - nirradiance 

Variabile scelta tp con AIC 1355.84132012578  

Modelli BACKWARD 

                                                                                       IT1176A
gam(log(value) ~ s(t2m) + s(jd) + s(pblmin) + s(pbl12) + s(sp) + s(tp), data = .)     1451.621
gam(log(value) ~ s(tmin2m) + s(jd) + s(pblmin) + s(pbl12) + s(sp) + s(tp), data = .)  1450.846
gam(log(value) ~ s(tmax2m) + s(jd) + s(pblmin) + s(pbl12) + s(sp) + s(tp), data = .)  1458.849
gam(log(value) ~ s(ptp) + s(jd) + s(pblmin) + s(pbl12) + s(sp) + s(tp), data = .)     1490.899
gam(log(value) ~ s(rh) + s(jd) + s(pblmin) + s(pbl12) + s(sp) + s(tp), data = .)      1492.154
gam(log(value) ~ s(u10m) + s(jd) + s(pblmin) + s(pbl12) + s(sp) + s(tp), data = .)    1469.831
gam(log(value) ~ s(v10m) + s(jd) + s(pblmin) + s(pbl12) + s(sp) + s(tp), data = .)    1496.600
gam(log(value) ~ s(pbl00) + s(jd) + s(pblmin) + s(pbl12) + s(sp) + s(tp), data = .)   1495.382
gam(log(value) ~ s(pblmax) + s(jd) + s(pblmin) + s(pbl12) + s(sp) + s(tp), data = .)  1488.003
gam(log(value) ~ s(wdir) + s(jd) + s(pblmin) + s(pbl12) + s(sp) + s(tp), data = .)    1424.735
gam(log(value) ~ s(wspeed) + s(jd) + s(pblmin) + s(pbl12) + s(sp) + s(tp), data = .)  1498.361
gam(log(value) ~ s(pwspeed) + s(jd) + s(pblmin) + s(pbl12) + s(sp) + s(tp), data = .) 1498.988

Modello migliore: wdir - jd - pblmin - pbl12 - sp - tp 

Dati backward:  1424.73460846479::wdir::jd::pblmin::pbl12::sp::tp 

Scelgo il modello N 

---------- START ---------- 

                                                                                                        IT1176A
gam(log(value) ~ s(t2m) + s(jd) + s(pblmin) + s(pbl12) + s(sp) + s(nirradiance) + s(tp), data = .)     1312.883
gam(log(value) ~ s(tmin2m) + s(jd) + s(pblmin) + s(pbl12) + s(sp) + s(nirradiance) + s(tp), data = .)  1314.235
gam(log(value) ~ s(tmax2m) + s(jd) + s(pblmin) + s(pbl12) + s(sp) + s(nirradiance) + s(tp), data = .)  1316.022
gam(log(value) ~ s(ptp) + s(jd) + s(pblmin) + s(pbl12) + s(sp) + s(nirradiance) + s(tp), data = .)     1347.970
gam(log(value) ~ s(rh) + s(jd) + s(pblmin) + s(pbl12) + s(sp) + s(nirradiance) + s(tp), data = .)      1349.625
gam(log(value) ~ s(u10m) + s(jd) + s(pblmin) + s(pbl12) + s(sp) + s(nirradiance) + s(tp), data = .)    1347.557
gam(log(value) ~ s(v10m) + s(jd) + s(pblmin) + s(pbl12) + s(sp) + s(nirradiance) + s(tp), data = .)    1345.081
gam(log(value) ~ s(pbl00) + s(jd) + s(pblmin) + s(pbl12) + s(sp) + s(nirradiance) + s(tp), data = .)   1350.674
gam(log(value) ~ s(pblmax) + s(jd) + s(pblmin) + s(pbl12) + s(sp) + s(nirradiance) + s(tp), data = .)  1341.834
gam(log(value) ~ s(wdir) + s(jd) + s(pblmin) + s(pbl12) + s(sp) + s(nirradiance) + s(tp), data = .)    1313.925
gam(log(value) ~ s(wspeed) + s(jd) + s(pblmin) + s(pbl12) + s(sp) + s(nirradiance) + s(tp), data = .)  1344.905
gam(log(value) ~ s(pwspeed) + s(jd) + s(pblmin) + s(pbl12) + s(sp) + s(nirradiance) + s(tp), data = .) 1356.851

Modello migliore: t2m - jd - pblmin - pbl12 - sp - nirradiance - tp 

Variabile scelta t2m con AIC 1312.88287429599  

Modelli BACKWARD 

                                                                                                         IT1176A
gam(log(value) ~ s(tmin2m) + s(jd) + s(pblmin) + s(pbl12) + s(sp) + s(nirradiance) + s(t2m), data = .)  1310.583
gam(log(value) ~ s(tmax2m) + s(jd) + s(pblmin) + s(pbl12) + s(sp) + s(nirradiance) + s(t2m), data = .)  1277.651
gam(log(value) ~ s(ptp) + s(jd) + s(pblmin) + s(pbl12) + s(sp) + s(nirradiance) + s(t2m), data = .)     1396.653
gam(log(value) ~ s(rh) + s(jd) + s(pblmin) + s(pbl12) + s(sp) + s(nirradiance) + s(t2m), data = .)      1372.320
gam(log(value) ~ s(u10m) + s(jd) + s(pblmin) + s(pbl12) + s(sp) + s(nirradiance) + s(t2m), data = .)    1386.337
gam(log(value) ~ s(v10m) + s(jd) + s(pblmin) + s(pbl12) + s(sp) + s(nirradiance) + s(t2m), data = .)    1377.855
gam(log(value) ~ s(pbl00) + s(jd) + s(pblmin) + s(pbl12) + s(sp) + s(nirradiance) + s(t2m), data = .)   1384.648
gam(log(value) ~ s(pblmax) + s(jd) + s(pblmin) + s(pbl12) + s(sp) + s(nirradiance) + s(t2m), data = .)  1379.677
gam(log(value) ~ s(wdir) + s(jd) + s(pblmin) + s(pbl12) + s(sp) + s(nirradiance) + s(t2m), data = .)    1351.685
gam(log(value) ~ s(wspeed) + s(jd) + s(pblmin) + s(pbl12) + s(sp) + s(nirradiance) + s(t2m), data = .)  1382.838
gam(log(value) ~ s(pwspeed) + s(jd) + s(pblmin) + s(pbl12) + s(sp) + s(nirradiance) + s(t2m), data = .) 1394.440

Modello migliore: tmax2m - jd - pblmin - pbl12 - sp - nirradiance - t2m 

Dati backward:  1277.651279358::tmax2m::jd::pblmin::pbl12::sp::nirradiance::t2m 

Scelgo il modello N-1 

---------- START ---------- 

                                                                                                        IT1176A
gam(log(value) ~ s(tmin2m) + s(jd) + s(pblmin) + s(pbl12) + s(sp) + s(nirradiance) + s(tp), data = .)  1314.235
gam(log(value) ~ s(tmax2m) + s(jd) + s(pblmin) + s(pbl12) + s(sp) + s(nirradiance) + s(tp), data = .)  1316.022
gam(log(value) ~ s(ptp) + s(jd) + s(pblmin) + s(pbl12) + s(sp) + s(nirradiance) + s(tp), data = .)     1347.970
gam(log(value) ~ s(rh) + s(jd) + s(pblmin) + s(pbl12) + s(sp) + s(nirradiance) + s(tp), data = .)      1349.625
gam(log(value) ~ s(u10m) + s(jd) + s(pblmin) + s(pbl12) + s(sp) + s(nirradiance) + s(tp), data = .)    1347.557
gam(log(value) ~ s(v10m) + s(jd) + s(pblmin) + s(pbl12) + s(sp) + s(nirradiance) + s(tp), data = .)    1345.081
gam(log(value) ~ s(pbl00) + s(jd) + s(pblmin) + s(pbl12) + s(sp) + s(nirradiance) + s(tp), data = .)   1350.674
gam(log(value) ~ s(pblmax) + s(jd) + s(pblmin) + s(pbl12) + s(sp) + s(nirradiance) + s(tp), data = .)  1341.834
gam(log(value) ~ s(wdir) + s(jd) + s(pblmin) + s(pbl12) + s(sp) + s(nirradiance) + s(tp), data = .)    1313.925
gam(log(value) ~ s(wspeed) + s(jd) + s(pblmin) + s(pbl12) + s(sp) + s(nirradiance) + s(tp), data = .)  1344.905
gam(log(value) ~ s(pwspeed) + s(jd) + s(pblmin) + s(pbl12) + s(sp) + s(nirradiance) + s(tp), data = .) 1356.851

Modello migliore: wdir - jd - pblmin - pbl12 - sp - nirradiance - tp 

Variabile scelta wdir con AIC 1313.92500435387  

Fine per scelta MODELLO 

jd + pblmin + pbl12 + sp + nirradiance + tp 

---------------------- 

NOTE: Log Print Time:  2021-05-11 14:41:06 
NOTE: Elapsed Time in seconds: 1.51560421784719 

Fine per scelta MODELLO 

jd + pblmin + pbl12 + sp + nirradiance + tp 

---------------------- 

NOTE: Log Print Time:  2021-05-11 14:41:06 
NOTE: Elapsed Time in seconds: 0.00106406211853027 

Fine per scelta MODELLO 

jd + pblmin + pbl12 + sp + nirradiance + tp 

---------------------- 

NOTE: Log Print Time:  2021-05-11 14:41:06 
NOTE: Elapsed Time in seconds: 0.00102019309997559 

Fine per scelta MODELLO 

jd + pblmin + pbl12 + sp + nirradiance + tp 

---------------------- 

NOTE: Log Print Time:  2021-05-11 14:41:06 
NOTE: Elapsed Time in seconds: 0.000969886779785156 

Fine per scelta MODELLO 

jd + pblmin + pbl12 + sp + nirradiance + tp 

---------------------- 

NOTE: Log Print Time:  2021-05-11 14:41:06 
NOTE: Elapsed Time in seconds: 0.000978231430053711 

Fine per scelta MODELLO 

jd + pblmin + pbl12 + sp + nirradiance + tp 

---------------------- 

NOTE: Log Print Time:  2021-05-11 14:41:06 
NOTE: Elapsed Time in seconds: 0.000966787338256836 

Fine per scelta MODELLO 

jd + pblmin + pbl12 + sp + nirradiance + tp 

---------------------- 

NOTE: Log Print Time:  2021-05-11 14:41:06 
NOTE: Elapsed Time in seconds: 0.00101327896118164 

========================================================================= 
Log End Time: 2021-05-11 14:41:06 
Log Elapsed Time: 0 00:00:01 
========================================================================= 
