========================================================================= 
Log Path: output/12/nox/log/pulvirus_nox_12_IT1183A.log 
Working Directory: /home/rmorelli/R/pulvirus/analisi/GAM/scelta 
User Name: rmorelli 
R Version: 4.0.5 (2021-03-31) 
Machine: pasqualino x86_64 
Operating System: Linux 4.19.0-13-amd64 #1 SMP Debian 4.19.160-2 (2020-11-28) 
Log Start Time: 2021-05-11 14:27:36 
========================================================================= 

Stazione: IT1183A 

---------- START ---------- 

                                            IT1183A
gam(log(value) ~ s(t2m), data = .)         2374.828
gam(log(value) ~ s(tmin2m), data = .)      2438.868
gam(log(value) ~ s(tmax2m), data = .)      2469.502
gam(log(value) ~ s(tp), data = .)          3160.329
gam(log(value) ~ s(ptp), data = .)         3163.711
gam(log(value) ~ s(rh), data = .)          3014.964
gam(log(value) ~ s(u10m), data = .)        2960.077
gam(log(value) ~ s(v10m), data = .)        2812.754
gam(log(value) ~ s(sp), data = .)          2779.042
gam(log(value) ~ s(nirradiance), data = .) 2299.567
gam(log(value) ~ s(pbl00), data = .)       3148.991
gam(log(value) ~ s(pbl12), data = .)       2500.064
gam(log(value) ~ s(pblmin), data = .)      3138.235
gam(log(value) ~ s(pblmax), data = .)      2646.843
gam(log(value) ~ s(wdir), data = .)        2890.119
gam(log(value) ~ s(wspeed), data = .)      3025.845
gam(log(value) ~ s(pwspeed), data = .)     3006.778
gam(log(value) ~ s(jd), data = .)          2079.044

Modello migliore: jd 

Variabile scelta jd con AIC 2079.04360660666  

---------- START ---------- 

                                                    IT1183A
gam(log(value) ~ s(t2m) + s(jd), data = .)         1878.094
gam(log(value) ~ s(tmin2m) + s(jd), data = .)      1851.976
gam(log(value) ~ s(tmax2m) + s(jd), data = .)      1972.958
gam(log(value) ~ s(tp) + s(jd), data = .)          2025.020
gam(log(value) ~ s(ptp) + s(jd), data = .)         2025.438
gam(log(value) ~ s(rh) + s(jd), data = .)          2076.881
gam(log(value) ~ s(u10m) + s(jd), data = .)        1963.968
gam(log(value) ~ s(v10m) + s(jd), data = .)        1875.073
gam(log(value) ~ s(sp) + s(jd), data = .)          1913.326
gam(log(value) ~ s(nirradiance) + s(jd), data = .) 1931.510
gam(log(value) ~ s(pbl00) + s(jd), data = .)       1926.156
gam(log(value) ~ s(pbl12) + s(jd), data = .)       1842.928
gam(log(value) ~ s(pblmin) + s(jd), data = .)      1924.458
gam(log(value) ~ s(pblmax) + s(jd), data = .)      1892.919
gam(log(value) ~ s(wdir) + s(jd), data = .)        1978.625
gam(log(value) ~ s(wspeed) + s(jd), data = .)      1953.833
gam(log(value) ~ s(pwspeed) + s(jd), data = .)     2019.096
gam(log(value) ~ s(jd) + s(jd), data = .)          2079.044

Modello migliore: pbl12 - jd 

Variabile scelta pbl12 con AIC 1842.92822459211  

Modelli BACKWARD 

                                                       IT1183A
gam(log(value) ~ s(t2m) + s(pbl12), data = .)         2140.486
gam(log(value) ~ s(tmin2m) + s(pbl12), data = .)      2112.801
gam(log(value) ~ s(tmax2m) + s(pbl12), data = .)      2231.122
gam(log(value) ~ s(tp) + s(pbl12), data = .)          2402.014
gam(log(value) ~ s(ptp) + s(pbl12), data = .)         2486.290
gam(log(value) ~ s(rh) + s(pbl12), data = .)          2483.472
gam(log(value) ~ s(u10m) + s(pbl12), data = .)        2381.689
gam(log(value) ~ s(v10m) + s(pbl12), data = .)        2232.299
gam(log(value) ~ s(sp) + s(pbl12), data = .)          2277.197
gam(log(value) ~ s(nirradiance) + s(pbl12), data = .) 2193.899
gam(log(value) ~ s(pbl00) + s(pbl12), data = .)       2472.241
gam(log(value) ~ s(pblmin) + s(pbl12), data = .)      2452.909
gam(log(value) ~ s(pblmax) + s(pbl12), data = .)      2497.646
gam(log(value) ~ s(wdir) + s(pbl12), data = .)        2253.130
gam(log(value) ~ s(wspeed) + s(pbl12), data = .)      2414.728
gam(log(value) ~ s(pwspeed) + s(pbl12), data = .)     2423.127

Modello migliore: tmin2m - pbl12 

Dati backward:  2112.80087223185::tmin2m::pbl12 

Scelgo il modello N 

---------- START ---------- 

                                                               IT1183A
gam(log(value) ~ s(t2m) + s(jd) + s(pbl12), data = .)         1679.507
gam(log(value) ~ s(tmin2m) + s(jd) + s(pbl12), data = .)      1591.870
gam(log(value) ~ s(tmax2m) + s(jd) + s(pbl12), data = .)      1779.923
gam(log(value) ~ s(tp) + s(jd) + s(pbl12), data = .)          1708.056
gam(log(value) ~ s(ptp) + s(jd) + s(pbl12), data = .)         1792.271
gam(log(value) ~ s(rh) + s(jd) + s(pbl12), data = .)          1792.515
gam(log(value) ~ s(u10m) + s(jd) + s(pbl12), data = .)        1731.668
gam(log(value) ~ s(v10m) + s(jd) + s(pbl12), data = .)        1629.414
gam(log(value) ~ s(sp) + s(jd) + s(pbl12), data = .)          1673.294
gam(log(value) ~ s(nirradiance) + s(jd) + s(pbl12), data = .) 1777.654
gam(log(value) ~ s(pbl00) + s(jd) + s(pbl12), data = .)       1711.481
gam(log(value) ~ s(pblmin) + s(jd) + s(pbl12), data = .)      1693.749
gam(log(value) ~ s(pblmax) + s(jd) + s(pbl12), data = .)      1840.976
gam(log(value) ~ s(wdir) + s(jd) + s(pbl12), data = .)        1664.832
gam(log(value) ~ s(wspeed) + s(jd) + s(pbl12), data = .)      1741.881
gam(log(value) ~ s(pwspeed) + s(jd) + s(pbl12), data = .)     1788.234

Modello migliore: tmin2m - jd - pbl12 

Variabile scelta tmin2m con AIC 1591.87027103626  

Modelli BACKWARD 

                                                                IT1183A
gam(log(value) ~ s(t2m) + s(jd) + s(tmin2m), data = .)         1792.918
gam(log(value) ~ s(tmax2m) + s(jd) + s(tmin2m), data = .)      1774.643
gam(log(value) ~ s(tp) + s(jd) + s(tmin2m), data = .)          1831.238
gam(log(value) ~ s(ptp) + s(jd) + s(tmin2m), data = .)         1803.537
gam(log(value) ~ s(rh) + s(jd) + s(tmin2m), data = .)          1833.876
gam(log(value) ~ s(u10m) + s(jd) + s(tmin2m), data = .)        1775.426
gam(log(value) ~ s(v10m) + s(jd) + s(tmin2m), data = .)        1696.932
gam(log(value) ~ s(sp) + s(jd) + s(tmin2m), data = .)          1757.435
gam(log(value) ~ s(nirradiance) + s(jd) + s(tmin2m), data = .) 1661.996
gam(log(value) ~ s(pbl00) + s(jd) + s(tmin2m), data = .)       1710.476
gam(log(value) ~ s(pblmin) + s(jd) + s(tmin2m), data = .)      1710.916
gam(log(value) ~ s(pblmax) + s(jd) + s(tmin2m), data = .)      1620.211
gam(log(value) ~ s(wdir) + s(jd) + s(tmin2m), data = .)        1818.285
gam(log(value) ~ s(wspeed) + s(jd) + s(tmin2m), data = .)      1716.239
gam(log(value) ~ s(pwspeed) + s(jd) + s(tmin2m), data = .)     1799.383

Modello migliore: pblmax - jd - tmin2m 

Dati backward:  1620.21142307549::pblmax::jd::tmin2m 

Scelgo il modello N 

---------- START ---------- 

                                                                           IT1183A
gam(log(value) ~ s(t2m) + s(jd) + s(pbl12) + s(tmin2m), data = .)         1501.975
gam(log(value) ~ s(tmax2m) + s(jd) + s(pbl12) + s(tmin2m), data = .)      1467.566
gam(log(value) ~ s(tp) + s(jd) + s(pbl12) + s(tmin2m), data = .)          1511.210
gam(log(value) ~ s(ptp) + s(jd) + s(pbl12) + s(tmin2m), data = .)         1545.405
gam(log(value) ~ s(rh) + s(jd) + s(pbl12) + s(tmin2m), data = .)          1576.551
gam(log(value) ~ s(u10m) + s(jd) + s(pbl12) + s(tmin2m), data = .)        1514.565
gam(log(value) ~ s(v10m) + s(jd) + s(pbl12) + s(tmin2m), data = .)        1448.182
gam(log(value) ~ s(sp) + s(jd) + s(pbl12) + s(tmin2m), data = .)          1483.791
gam(log(value) ~ s(nirradiance) + s(jd) + s(pbl12) + s(tmin2m), data = .) 1527.980
gam(log(value) ~ s(pbl00) + s(jd) + s(pbl12) + s(tmin2m), data = .)       1474.432
gam(log(value) ~ s(pblmin) + s(jd) + s(pbl12) + s(tmin2m), data = .)      1456.511
gam(log(value) ~ s(pblmax) + s(jd) + s(pbl12) + s(tmin2m), data = .)      1584.575
gam(log(value) ~ s(wdir) + s(jd) + s(pbl12) + s(tmin2m), data = .)        1509.976
gam(log(value) ~ s(wspeed) + s(jd) + s(pbl12) + s(tmin2m), data = .)      1484.753
gam(log(value) ~ s(pwspeed) + s(jd) + s(pbl12) + s(tmin2m), data = .)     1544.228

Modello migliore: v10m - jd - pbl12 - tmin2m 

Variabile scelta v10m con AIC 1448.18207108401  

Modelli BACKWARD 

                                                                         IT1183A
gam(log(value) ~ s(t2m) + s(jd) + s(pbl12) + s(v10m), data = .)         1475.890
gam(log(value) ~ s(tmax2m) + s(jd) + s(pbl12) + s(v10m), data = .)      1540.258
gam(log(value) ~ s(tp) + s(jd) + s(pbl12) + s(v10m), data = .)          1566.350
gam(log(value) ~ s(ptp) + s(jd) + s(pbl12) + s(v10m), data = .)         1601.971
gam(log(value) ~ s(rh) + s(jd) + s(pbl12) + s(v10m), data = .)          1630.057
gam(log(value) ~ s(u10m) + s(jd) + s(pbl12) + s(v10m), data = .)        1544.959
gam(log(value) ~ s(sp) + s(jd) + s(pbl12) + s(v10m), data = .)          1534.960
gam(log(value) ~ s(nirradiance) + s(jd) + s(pbl12) + s(v10m), data = .) 1571.098
gam(log(value) ~ s(pbl00) + s(jd) + s(pbl12) + s(v10m), data = .)       1528.496
gam(log(value) ~ s(pblmin) + s(jd) + s(pbl12) + s(v10m), data = .)      1500.014
gam(log(value) ~ s(pblmax) + s(jd) + s(pbl12) + s(v10m), data = .)      1625.279
gam(log(value) ~ s(wdir) + s(jd) + s(pbl12) + s(v10m), data = .)        1583.664
gam(log(value) ~ s(wspeed) + s(jd) + s(pbl12) + s(v10m), data = .)      1579.469
gam(log(value) ~ s(pwspeed) + s(jd) + s(pbl12) + s(v10m), data = .)     1608.107

Modello migliore: t2m - jd - pbl12 - v10m 

Dati backward:  1475.88952165503::t2m::jd::pbl12::v10m 

Scelgo il modello N 

---------- START ---------- 

                                                                                     IT1183A
gam(log(value) ~ s(t2m) + s(jd) + s(pbl12) + s(tmin2m) + s(v10m), data = .)         1389.173
gam(log(value) ~ s(tmax2m) + s(jd) + s(pbl12) + s(tmin2m) + s(v10m), data = .)      1382.771
gam(log(value) ~ s(tp) + s(jd) + s(pbl12) + s(tmin2m) + s(v10m), data = .)          1405.706
gam(log(value) ~ s(ptp) + s(jd) + s(pbl12) + s(tmin2m) + s(v10m), data = .)         1419.259
gam(log(value) ~ s(rh) + s(jd) + s(pbl12) + s(tmin2m) + s(v10m), data = .)          1440.655
gam(log(value) ~ s(u10m) + s(jd) + s(pbl12) + s(tmin2m) + s(v10m), data = .)        1392.093
gam(log(value) ~ s(sp) + s(jd) + s(pbl12) + s(tmin2m) + s(v10m), data = .)          1385.304
gam(log(value) ~ s(nirradiance) + s(jd) + s(pbl12) + s(tmin2m) + s(v10m), data = .) 1365.108
gam(log(value) ~ s(pbl00) + s(jd) + s(pbl12) + s(tmin2m) + s(v10m), data = .)       1369.131
gam(log(value) ~ s(pblmin) + s(jd) + s(pbl12) + s(tmin2m) + s(v10m), data = .)      1356.102
gam(log(value) ~ s(pblmax) + s(jd) + s(pbl12) + s(tmin2m) + s(v10m), data = .)      1438.844
gam(log(value) ~ s(wdir) + s(jd) + s(pbl12) + s(tmin2m) + s(v10m), data = .)        1425.946
gam(log(value) ~ s(wspeed) + s(jd) + s(pbl12) + s(tmin2m) + s(v10m), data = .)      1413.788
gam(log(value) ~ s(pwspeed) + s(jd) + s(pbl12) + s(tmin2m) + s(v10m), data = .)     1427.406

Modello migliore: pblmin - jd - pbl12 - tmin2m - v10m 

Variabile scelta pblmin con AIC 1356.10230465994  

Modelli BACKWARD 

                                                                                       IT1183A
gam(log(value) ~ s(t2m) + s(jd) + s(pbl12) + s(tmin2m) + s(pblmin), data = .)         1399.574
gam(log(value) ~ s(tmax2m) + s(jd) + s(pbl12) + s(tmin2m) + s(pblmin), data = .)      1383.413
gam(log(value) ~ s(tp) + s(jd) + s(pbl12) + s(tmin2m) + s(pblmin), data = .)          1425.621
gam(log(value) ~ s(ptp) + s(jd) + s(pbl12) + s(tmin2m) + s(pblmin), data = .)         1435.886
gam(log(value) ~ s(rh) + s(jd) + s(pbl12) + s(tmin2m) + s(pblmin), data = .)          1446.831
gam(log(value) ~ s(u10m) + s(jd) + s(pbl12) + s(tmin2m) + s(pblmin), data = .)        1413.344
gam(log(value) ~ s(sp) + s(jd) + s(pbl12) + s(tmin2m) + s(pblmin), data = .)          1382.566
gam(log(value) ~ s(nirradiance) + s(jd) + s(pbl12) + s(tmin2m) + s(pblmin), data = .) 1325.696
gam(log(value) ~ s(pbl00) + s(jd) + s(pbl12) + s(tmin2m) + s(pblmin), data = .)       1434.752
gam(log(value) ~ s(pblmax) + s(jd) + s(pbl12) + s(tmin2m) + s(pblmin), data = .)      1450.567
gam(log(value) ~ s(wdir) + s(jd) + s(pbl12) + s(tmin2m) + s(pblmin), data = .)        1379.442
gam(log(value) ~ s(wspeed) + s(jd) + s(pbl12) + s(tmin2m) + s(pblmin), data = .)      1399.620
gam(log(value) ~ s(pwspeed) + s(jd) + s(pbl12) + s(tmin2m) + s(pblmin), data = .)     1429.143

Modello migliore: nirradiance - jd - pbl12 - tmin2m - pblmin 

Dati backward:  1325.69585876165::nirradiance::jd::pbl12::tmin2m::pblmin 

Scelgo il modello N 

---------- START ---------- 

                                                                                                 IT1183A
gam(log(value) ~ s(t2m) + s(jd) + s(pbl12) + s(tmin2m) + s(v10m) + s(pblmin), data = .)         1295.898
gam(log(value) ~ s(tmax2m) + s(jd) + s(pbl12) + s(tmin2m) + s(v10m) + s(pblmin), data = .)      1296.901
gam(log(value) ~ s(tp) + s(jd) + s(pbl12) + s(tmin2m) + s(v10m) + s(pblmin), data = .)          1340.221
gam(log(value) ~ s(ptp) + s(jd) + s(pbl12) + s(tmin2m) + s(v10m) + s(pblmin), data = .)         1341.749
gam(log(value) ~ s(rh) + s(jd) + s(pbl12) + s(tmin2m) + s(v10m) + s(pblmin), data = .)          1333.967
gam(log(value) ~ s(u10m) + s(jd) + s(pbl12) + s(tmin2m) + s(v10m) + s(pblmin), data = .)        1333.025
gam(log(value) ~ s(sp) + s(jd) + s(pbl12) + s(tmin2m) + s(v10m) + s(pblmin), data = .)          1315.294
gam(log(value) ~ s(nirradiance) + s(jd) + s(pbl12) + s(tmin2m) + s(v10m) + s(pblmin), data = .) 1229.741
gam(log(value) ~ s(pbl00) + s(jd) + s(pbl12) + s(tmin2m) + s(v10m) + s(pblmin), data = .)       1336.155
gam(log(value) ~ s(pblmax) + s(jd) + s(pbl12) + s(tmin2m) + s(v10m) + s(pblmin), data = .)      1346.480
gam(log(value) ~ s(wdir) + s(jd) + s(pbl12) + s(tmin2m) + s(v10m) + s(pblmin), data = .)        1334.534
gam(log(value) ~ s(wspeed) + s(jd) + s(pbl12) + s(tmin2m) + s(v10m) + s(pblmin), data = .)      1334.038
gam(log(value) ~ s(pwspeed) + s(jd) + s(pbl12) + s(tmin2m) + s(v10m) + s(pblmin), data = .)     1341.828

Modello migliore: nirradiance - jd - pbl12 - tmin2m - v10m - pblmin 

Variabile scelta nirradiance con AIC 1229.74128062877  

Modelli BACKWARD 

                                                                                                  IT1183A
gam(log(value) ~ s(t2m) + s(jd) + s(pbl12) + s(tmin2m) + s(v10m) + s(nirradiance), data = .)     1283.919
gam(log(value) ~ s(tmax2m) + s(jd) + s(pbl12) + s(tmin2m) + s(v10m) + s(nirradiance), data = .)  1224.400
gam(log(value) ~ s(tp) + s(jd) + s(pbl12) + s(tmin2m) + s(v10m) + s(nirradiance), data = .)      1249.987
gam(log(value) ~ s(ptp) + s(jd) + s(pbl12) + s(tmin2m) + s(v10m) + s(nirradiance), data = .)     1313.408
gam(log(value) ~ s(rh) + s(jd) + s(pbl12) + s(tmin2m) + s(v10m) + s(nirradiance), data = .)      1349.667
gam(log(value) ~ s(u10m) + s(jd) + s(pbl12) + s(tmin2m) + s(v10m) + s(nirradiance), data = .)    1281.129
gam(log(value) ~ s(sp) + s(jd) + s(pbl12) + s(tmin2m) + s(v10m) + s(nirradiance), data = .)      1248.032
gam(log(value) ~ s(pbl00) + s(jd) + s(pbl12) + s(tmin2m) + s(v10m) + s(nirradiance), data = .)   1249.805
gam(log(value) ~ s(pblmax) + s(jd) + s(pbl12) + s(tmin2m) + s(v10m) + s(nirradiance), data = .)  1358.026
gam(log(value) ~ s(wdir) + s(jd) + s(pbl12) + s(tmin2m) + s(v10m) + s(nirradiance), data = .)    1338.167
gam(log(value) ~ s(wspeed) + s(jd) + s(pbl12) + s(tmin2m) + s(v10m) + s(nirradiance), data = .)  1322.846
gam(log(value) ~ s(pwspeed) + s(jd) + s(pbl12) + s(tmin2m) + s(v10m) + s(nirradiance), data = .) 1340.483

Modello migliore: tmax2m - jd - pbl12 - tmin2m - v10m - nirradiance 

Dati backward:  1224.40007178651::tmax2m::jd::pbl12::tmin2m::v10m::nirradiance 

Scelgo il modello N 

---------- START ---------- 

                                                                                                              IT1183A
gam(log(value) ~ s(t2m) + s(jd) + s(pbl12) + s(tmin2m) + s(v10m) + s(pblmin) + s(nirradiance), data = .)     1176.873
gam(log(value) ~ s(tmax2m) + s(jd) + s(pbl12) + s(tmin2m) + s(v10m) + s(pblmin) + s(nirradiance), data = .)  1130.543
gam(log(value) ~ s(tp) + s(jd) + s(pbl12) + s(tmin2m) + s(v10m) + s(pblmin) + s(nirradiance), data = .)      1153.406
gam(log(value) ~ s(ptp) + s(jd) + s(pbl12) + s(tmin2m) + s(v10m) + s(pblmin) + s(nirradiance), data = .)     1195.057
gam(log(value) ~ s(rh) + s(jd) + s(pbl12) + s(tmin2m) + s(v10m) + s(pblmin) + s(nirradiance), data = .)      1210.523
gam(log(value) ~ s(u10m) + s(jd) + s(pbl12) + s(tmin2m) + s(v10m) + s(pblmin) + s(nirradiance), data = .)    1192.723
gam(log(value) ~ s(sp) + s(jd) + s(pbl12) + s(tmin2m) + s(v10m) + s(pblmin) + s(nirradiance), data = .)      1137.104
gam(log(value) ~ s(pbl00) + s(jd) + s(pbl12) + s(tmin2m) + s(v10m) + s(pblmin) + s(nirradiance), data = .)   1194.946
gam(log(value) ~ s(pblmax) + s(jd) + s(pbl12) + s(tmin2m) + s(v10m) + s(pblmin) + s(nirradiance), data = .)  1223.545
gam(log(value) ~ s(wdir) + s(jd) + s(pbl12) + s(tmin2m) + s(v10m) + s(pblmin) + s(nirradiance), data = .)    1213.029
gam(log(value) ~ s(wspeed) + s(jd) + s(pbl12) + s(tmin2m) + s(v10m) + s(pblmin) + s(nirradiance), data = .)  1212.549
gam(log(value) ~ s(pwspeed) + s(jd) + s(pbl12) + s(tmin2m) + s(v10m) + s(pblmin) + s(nirradiance), data = .) 1217.264

Modello migliore: tmax2m - jd - pbl12 - tmin2m - v10m - pblmin - nirradiance 

Variabile scelta tmax2m con AIC 1130.54292210076  

Modelli BACKWARD 

                                                                                                         IT1183A
gam(log(value) ~ s(t2m) + s(jd) + s(pbl12) + s(tmin2m) + s(v10m) + s(pblmin) + s(tmax2m), data = .)     1267.236
gam(log(value) ~ s(tp) + s(jd) + s(pbl12) + s(tmin2m) + s(v10m) + s(pblmin) + s(tmax2m), data = .)      1281.531
gam(log(value) ~ s(ptp) + s(jd) + s(pbl12) + s(tmin2m) + s(v10m) + s(pblmin) + s(tmax2m), data = .)     1276.278
gam(log(value) ~ s(rh) + s(jd) + s(pbl12) + s(tmin2m) + s(v10m) + s(pblmin) + s(tmax2m), data = .)      1286.618
gam(log(value) ~ s(u10m) + s(jd) + s(pbl12) + s(tmin2m) + s(v10m) + s(pblmin) + s(tmax2m), data = .)    1265.792
gam(log(value) ~ s(sp) + s(jd) + s(pbl12) + s(tmin2m) + s(v10m) + s(pblmin) + s(tmax2m), data = .)      1248.215
gam(log(value) ~ s(pbl00) + s(jd) + s(pbl12) + s(tmin2m) + s(v10m) + s(pblmin) + s(tmax2m), data = .)   1276.094
gam(log(value) ~ s(pblmax) + s(jd) + s(pbl12) + s(tmin2m) + s(v10m) + s(pblmin) + s(tmax2m), data = .)  1286.413
gam(log(value) ~ s(wdir) + s(jd) + s(pbl12) + s(tmin2m) + s(v10m) + s(pblmin) + s(tmax2m), data = .)    1283.290
gam(log(value) ~ s(wspeed) + s(jd) + s(pbl12) + s(tmin2m) + s(v10m) + s(pblmin) + s(tmax2m), data = .)  1267.693
gam(log(value) ~ s(pwspeed) + s(jd) + s(pbl12) + s(tmin2m) + s(v10m) + s(pblmin) + s(tmax2m), data = .) 1280.869

Modello migliore: sp - jd - pbl12 - tmin2m - v10m - pblmin - tmax2m 

Dati backward:  1248.21497835034::sp::jd::pbl12::tmin2m::v10m::pblmin::tmax2m 

Scelgo il modello N-1 

---------- START ---------- 

                                                                                                              IT1183A
gam(log(value) ~ s(t2m) + s(jd) + s(pbl12) + s(tmin2m) + s(v10m) + s(pblmin) + s(nirradiance), data = .)     1176.873
gam(log(value) ~ s(tp) + s(jd) + s(pbl12) + s(tmin2m) + s(v10m) + s(pblmin) + s(nirradiance), data = .)      1153.406
gam(log(value) ~ s(ptp) + s(jd) + s(pbl12) + s(tmin2m) + s(v10m) + s(pblmin) + s(nirradiance), data = .)     1195.057
gam(log(value) ~ s(rh) + s(jd) + s(pbl12) + s(tmin2m) + s(v10m) + s(pblmin) + s(nirradiance), data = .)      1210.523
gam(log(value) ~ s(u10m) + s(jd) + s(pbl12) + s(tmin2m) + s(v10m) + s(pblmin) + s(nirradiance), data = .)    1192.723
gam(log(value) ~ s(sp) + s(jd) + s(pbl12) + s(tmin2m) + s(v10m) + s(pblmin) + s(nirradiance), data = .)      1137.104
gam(log(value) ~ s(pbl00) + s(jd) + s(pbl12) + s(tmin2m) + s(v10m) + s(pblmin) + s(nirradiance), data = .)   1194.946
gam(log(value) ~ s(pblmax) + s(jd) + s(pbl12) + s(tmin2m) + s(v10m) + s(pblmin) + s(nirradiance), data = .)  1223.545
gam(log(value) ~ s(wdir) + s(jd) + s(pbl12) + s(tmin2m) + s(v10m) + s(pblmin) + s(nirradiance), data = .)    1213.029
gam(log(value) ~ s(wspeed) + s(jd) + s(pbl12) + s(tmin2m) + s(v10m) + s(pblmin) + s(nirradiance), data = .)  1212.549
gam(log(value) ~ s(pwspeed) + s(jd) + s(pbl12) + s(tmin2m) + s(v10m) + s(pblmin) + s(nirradiance), data = .) 1217.264

Modello migliore: sp - jd - pbl12 - tmin2m - v10m - pblmin - nirradiance 

Variabile scelta sp con AIC 1137.10369568883  

Fine per scelta MODELLO 

jd + pbl12 + tmin2m + v10m + pblmin + nirradiance 

---------------------- 

NOTE: Log Print Time:  2021-05-11 14:29:00 
NOTE: Elapsed Time in seconds: 1.40345116853714 

Fine per scelta MODELLO 

jd + pbl12 + tmin2m + v10m + pblmin + nirradiance 

---------------------- 

NOTE: Log Print Time:  2021-05-11 14:29:00 
NOTE: Elapsed Time in seconds: 0.00107192993164062 

Fine per scelta MODELLO 

jd + pbl12 + tmin2m + v10m + pblmin + nirradiance 

---------------------- 

NOTE: Log Print Time:  2021-05-11 14:29:00 
NOTE: Elapsed Time in seconds: 0.000987529754638672 

Fine per scelta MODELLO 

jd + pbl12 + tmin2m + v10m + pblmin + nirradiance 

---------------------- 

NOTE: Log Print Time:  2021-05-11 14:29:00 
NOTE: Elapsed Time in seconds: 0.000972986221313477 

Fine per scelta MODELLO 

jd + pbl12 + tmin2m + v10m + pblmin + nirradiance 

---------------------- 

NOTE: Log Print Time:  2021-05-11 14:29:00 
NOTE: Elapsed Time in seconds: 0.000971317291259766 

Fine per scelta MODELLO 

jd + pbl12 + tmin2m + v10m + pblmin + nirradiance 

---------------------- 

NOTE: Log Print Time:  2021-05-11 14:29:00 
NOTE: Elapsed Time in seconds: 0.000976085662841797 

Fine per scelta MODELLO 

jd + pbl12 + tmin2m + v10m + pblmin + nirradiance 

---------------------- 

NOTE: Log Print Time:  2021-05-11 14:29:00 
NOTE: Elapsed Time in seconds: 0.000987529754638672 

========================================================================= 
Log End Time: 2021-05-11 14:29:00 
Log Elapsed Time: 0 00:00:01 
========================================================================= 
