========================================================================= 
Log Path: output/12/nox/log/pulvirus_nox_12_IT1906A.log 
Working Directory: /home/rmorelli/R/pulvirus/analisi/GAM/scelta 
User Name: rmorelli 
R Version: 4.0.5 (2021-03-31) 
Machine: pasqualino x86_64 
Operating System: Linux 4.19.0-13-amd64 #1 SMP Debian 4.19.160-2 (2020-11-28) 
Log Start Time: 2021-05-11 13:43:26 
========================================================================= 

Stazione: IT1906A 

---------- START ---------- 

                                            IT1906A
gam(log(value) ~ s(t2m), data = .)         2506.710
gam(log(value) ~ s(tmin2m), data = .)      2530.640
gam(log(value) ~ s(tmax2m), data = .)      2592.950
gam(log(value) ~ s(tp), data = .)          2997.093
gam(log(value) ~ s(ptp), data = .)         3014.311
gam(log(value) ~ s(rh), data = .)          2804.490
gam(log(value) ~ s(u10m), data = .)        2687.327
gam(log(value) ~ s(v10m), data = .)        2898.349
gam(log(value) ~ s(sp), data = .)          2613.976
gam(log(value) ~ s(nirradiance), data = .) 2291.342
gam(log(value) ~ s(pbl00), data = .)       2938.732
gam(log(value) ~ s(pbl12), data = .)       2230.193
gam(log(value) ~ s(pblmin), data = .)      2913.818
gam(log(value) ~ s(pblmax), data = .)      2284.181
gam(log(value) ~ s(wdir), data = .)        2496.517
gam(log(value) ~ s(wspeed), data = .)      2956.413
gam(log(value) ~ s(pwspeed), data = .)     3006.559
gam(log(value) ~ s(jd), data = .)          2054.466

Modello migliore: jd 

Variabile scelta jd con AIC 2054.46579563034  

---------- START ---------- 

                                                    IT1906A
gam(log(value) ~ s(t2m) + s(jd), data = .)         1980.783
gam(log(value) ~ s(tmin2m) + s(jd), data = .)      1983.160
gam(log(value) ~ s(tmax2m) + s(jd), data = .)      2018.946
gam(log(value) ~ s(tp) + s(jd), data = .)          1971.132
gam(log(value) ~ s(ptp) + s(jd), data = .)         2013.043
gam(log(value) ~ s(rh) + s(jd), data = .)          2031.880
gam(log(value) ~ s(u10m) + s(jd), data = .)        1914.677
gam(log(value) ~ s(v10m) + s(jd), data = .)        1757.873
gam(log(value) ~ s(sp) + s(jd), data = .)          1852.775
gam(log(value) ~ s(nirradiance) + s(jd), data = .) 1953.404
gam(log(value) ~ s(pbl00) + s(jd), data = .)       1719.697
gam(log(value) ~ s(pbl12) + s(jd), data = .)       1740.555
gam(log(value) ~ s(pblmin) + s(jd), data = .)      1638.886
gam(log(value) ~ s(pblmax) + s(jd), data = .)      1733.224
gam(log(value) ~ s(wdir) + s(jd), data = .)        1823.237
gam(log(value) ~ s(wspeed) + s(jd), data = .)      1758.230
gam(log(value) ~ s(pwspeed) + s(jd), data = .)     1981.850
gam(log(value) ~ s(jd) + s(jd), data = .)          2054.466

Modello migliore: pblmin - jd 

Variabile scelta pblmin con AIC 1638.88634111897  

Modelli BACKWARD 

                                                        IT1906A
gam(log(value) ~ s(t2m) + s(pblmin), data = .)         2304.867
gam(log(value) ~ s(tmin2m) + s(pblmin), data = .)      2385.798
gam(log(value) ~ s(tmax2m) + s(pblmin), data = .)      2323.762
gam(log(value) ~ s(tp) + s(pblmin), data = .)          2915.027
gam(log(value) ~ s(ptp) + s(pblmin), data = .)         2914.672
gam(log(value) ~ s(rh) + s(pblmin), data = .)          2662.877
gam(log(value) ~ s(u10m) + s(pblmin), data = .)        2500.714
gam(log(value) ~ s(v10m) + s(pblmin), data = .)        2871.929
gam(log(value) ~ s(sp) + s(pblmin), data = .)          2540.744
gam(log(value) ~ s(nirradiance) + s(pblmin), data = .) 1784.092
gam(log(value) ~ s(pbl00) + s(pblmin), data = .)       2909.990
gam(log(value) ~ s(pbl12) + s(pblmin), data = .)       2122.853
gam(log(value) ~ s(pblmax) + s(pblmin), data = .)      2196.716
gam(log(value) ~ s(wdir) + s(pblmin), data = .)        2369.365
gam(log(value) ~ s(wspeed) + s(pblmin), data = .)      2908.998
gam(log(value) ~ s(pwspeed) + s(pblmin), data = .)     2891.887

Modello migliore: nirradiance - pblmin 

Dati backward:  1784.09198535238::nirradiance::pblmin 

Scelgo il modello N 

---------- START ---------- 

                                                                IT1906A
gam(log(value) ~ s(t2m) + s(jd) + s(pblmin), data = .)         1589.072
gam(log(value) ~ s(tmin2m) + s(jd) + s(pblmin), data = .)      1595.812
gam(log(value) ~ s(tmax2m) + s(jd) + s(pblmin), data = .)      1601.586
gam(log(value) ~ s(tp) + s(jd) + s(pblmin), data = .)          1638.760
gam(log(value) ~ s(ptp) + s(jd) + s(pblmin), data = .)         1638.437
gam(log(value) ~ s(rh) + s(jd) + s(pblmin), data = .)          1625.503
gam(log(value) ~ s(u10m) + s(jd) + s(pblmin), data = .)        1489.929
gam(log(value) ~ s(v10m) + s(jd) + s(pblmin), data = .)        1618.491
gam(log(value) ~ s(sp) + s(jd) + s(pblmin), data = .)          1563.507
gam(log(value) ~ s(nirradiance) + s(jd) + s(pblmin), data = .) 1384.709
gam(log(value) ~ s(pbl00) + s(jd) + s(pblmin), data = .)       1602.488
gam(log(value) ~ s(pbl12) + s(jd) + s(pblmin), data = .)       1408.066
gam(log(value) ~ s(pblmax) + s(jd) + s(pblmin), data = .)      1405.736
gam(log(value) ~ s(wdir) + s(jd) + s(pblmin), data = .)        1430.818
gam(log(value) ~ s(wspeed) + s(jd) + s(pblmin), data = .)      1627.271
gam(log(value) ~ s(pwspeed) + s(jd) + s(pblmin), data = .)     1628.747

Modello migliore: nirradiance - jd - pblmin 

Variabile scelta nirradiance con AIC 1384.70856122569  

Modelli BACKWARD 

                                                                 IT1906A
gam(log(value) ~ s(t2m) + s(jd) + s(nirradiance), data = .)     1891.908
gam(log(value) ~ s(tmin2m) + s(jd) + s(nirradiance), data = .)  1881.502
gam(log(value) ~ s(tmax2m) + s(jd) + s(nirradiance), data = .)  1914.394
gam(log(value) ~ s(tp) + s(jd) + s(nirradiance), data = .)      1701.277
gam(log(value) ~ s(ptp) + s(jd) + s(nirradiance), data = .)     1891.316
gam(log(value) ~ s(rh) + s(jd) + s(nirradiance), data = .)      1941.231
gam(log(value) ~ s(u10m) + s(jd) + s(nirradiance), data = .)    1816.486
gam(log(value) ~ s(v10m) + s(jd) + s(nirradiance), data = .)    1574.314
gam(log(value) ~ s(sp) + s(jd) + s(nirradiance), data = .)      1689.401
gam(log(value) ~ s(pbl00) + s(jd) + s(nirradiance), data = .)   1521.628
gam(log(value) ~ s(pbl12) + s(jd) + s(nirradiance), data = .)   1686.139
gam(log(value) ~ s(pblmax) + s(jd) + s(nirradiance), data = .)  1654.737
gam(log(value) ~ s(wdir) + s(jd) + s(nirradiance), data = .)    1750.575
gam(log(value) ~ s(wspeed) + s(jd) + s(nirradiance), data = .)  1564.122
gam(log(value) ~ s(pwspeed) + s(jd) + s(nirradiance), data = .) 1846.629

Modello migliore: pbl00 - jd - nirradiance 

Dati backward:  1521.62776428074::pbl00::jd::nirradiance 

Scelgo il modello N 

---------- START ---------- 

                                                                             IT1906A
gam(log(value) ~ s(t2m) + s(jd) + s(pblmin) + s(nirradiance), data = .)     1357.218
gam(log(value) ~ s(tmin2m) + s(jd) + s(pblmin) + s(nirradiance), data = .)  1347.975
gam(log(value) ~ s(tmax2m) + s(jd) + s(pblmin) + s(nirradiance), data = .)  1367.737
gam(log(value) ~ s(tp) + s(jd) + s(pblmin) + s(nirradiance), data = .)      1262.502
gam(log(value) ~ s(ptp) + s(jd) + s(pblmin) + s(nirradiance), data = .)     1370.700
gam(log(value) ~ s(rh) + s(jd) + s(pblmin) + s(nirradiance), data = .)      1354.842
gam(log(value) ~ s(u10m) + s(jd) + s(pblmin) + s(nirradiance), data = .)    1294.847
gam(log(value) ~ s(v10m) + s(jd) + s(pblmin) + s(nirradiance), data = .)    1350.105
gam(log(value) ~ s(sp) + s(jd) + s(pblmin) + s(nirradiance), data = .)      1261.771
gam(log(value) ~ s(pbl00) + s(jd) + s(pblmin) + s(nirradiance), data = .)   1336.208
gam(log(value) ~ s(pbl12) + s(jd) + s(pblmin) + s(nirradiance), data = .)   1287.303
gam(log(value) ~ s(pblmax) + s(jd) + s(pblmin) + s(nirradiance), data = .)  1260.246
gam(log(value) ~ s(wdir) + s(jd) + s(pblmin) + s(nirradiance), data = .)    1231.450
gam(log(value) ~ s(wspeed) + s(jd) + s(pblmin) + s(nirradiance), data = .)  1366.945
gam(log(value) ~ s(pwspeed) + s(jd) + s(pblmin) + s(nirradiance), data = .) 1379.380

Modello migliore: wdir - jd - pblmin - nirradiance 

Variabile scelta wdir con AIC 1231.45036600762  

Modelli BACKWARD 

                                                                      IT1906A
gam(log(value) ~ s(t2m) + s(jd) + s(pblmin) + s(wdir), data = .)     1406.791
gam(log(value) ~ s(tmin2m) + s(jd) + s(pblmin) + s(wdir), data = .)  1412.478
gam(log(value) ~ s(tmax2m) + s(jd) + s(pblmin) + s(wdir), data = .)  1398.684
gam(log(value) ~ s(tp) + s(jd) + s(pblmin) + s(wdir), data = .)      1430.395
gam(log(value) ~ s(ptp) + s(jd) + s(pblmin) + s(wdir), data = .)     1428.786
gam(log(value) ~ s(rh) + s(jd) + s(pblmin) + s(wdir), data = .)      1415.636
gam(log(value) ~ s(u10m) + s(jd) + s(pblmin) + s(wdir), data = .)    1428.193
gam(log(value) ~ s(v10m) + s(jd) + s(pblmin) + s(wdir), data = .)    1401.427
gam(log(value) ~ s(sp) + s(jd) + s(pblmin) + s(wdir), data = .)      1374.566
gam(log(value) ~ s(pbl00) + s(jd) + s(pblmin) + s(wdir), data = .)   1411.852
gam(log(value) ~ s(pbl12) + s(jd) + s(pblmin) + s(wdir), data = .)   1265.451
gam(log(value) ~ s(pblmax) + s(jd) + s(pblmin) + s(wdir), data = .)  1253.989
gam(log(value) ~ s(wspeed) + s(jd) + s(pblmin) + s(wdir), data = .)  1411.790
gam(log(value) ~ s(pwspeed) + s(jd) + s(pblmin) + s(wdir), data = .) 1427.792

Modello migliore: pblmax - jd - pblmin - wdir 

Dati backward:  1253.98901701504::pblmax::jd::pblmin::wdir 

Scelgo il modello N 

---------- START ---------- 

                                                                                       IT1906A
gam(log(value) ~ s(t2m) + s(jd) + s(pblmin) + s(nirradiance) + s(wdir), data = .)     1221.113
gam(log(value) ~ s(tmin2m) + s(jd) + s(pblmin) + s(nirradiance) + s(wdir), data = .)  1219.266
gam(log(value) ~ s(tmax2m) + s(jd) + s(pblmin) + s(nirradiance) + s(wdir), data = .)  1211.426
gam(log(value) ~ s(tp) + s(jd) + s(pblmin) + s(nirradiance) + s(wdir), data = .)      1147.223
gam(log(value) ~ s(ptp) + s(jd) + s(pblmin) + s(nirradiance) + s(wdir), data = .)     1224.068
gam(log(value) ~ s(rh) + s(jd) + s(pblmin) + s(nirradiance) + s(wdir), data = .)      1226.475
gam(log(value) ~ s(u10m) + s(jd) + s(pblmin) + s(nirradiance) + s(wdir), data = .)    1225.086
gam(log(value) ~ s(v10m) + s(jd) + s(pblmin) + s(nirradiance) + s(wdir), data = .)    1198.235
gam(log(value) ~ s(sp) + s(jd) + s(pblmin) + s(nirradiance) + s(wdir), data = .)      1152.924
gam(log(value) ~ s(pbl00) + s(jd) + s(pblmin) + s(nirradiance) + s(wdir), data = .)   1203.847
gam(log(value) ~ s(pbl12) + s(jd) + s(pblmin) + s(nirradiance) + s(wdir), data = .)   1173.915
gam(log(value) ~ s(pblmax) + s(jd) + s(pblmin) + s(nirradiance) + s(wdir), data = .)  1150.162
gam(log(value) ~ s(wspeed) + s(jd) + s(pblmin) + s(nirradiance) + s(wdir), data = .)  1205.429
gam(log(value) ~ s(pwspeed) + s(jd) + s(pblmin) + s(nirradiance) + s(wdir), data = .) 1230.773

Modello migliore: tp - jd - pblmin - nirradiance - wdir 

Variabile scelta tp con AIC 1147.22269096309  

Modelli BACKWARD 

                                                                                     IT1906A
gam(log(value) ~ s(t2m) + s(jd) + s(pblmin) + s(nirradiance) + s(tp), data = .)     1232.407
gam(log(value) ~ s(tmin2m) + s(jd) + s(pblmin) + s(nirradiance) + s(tp), data = .)  1237.935
gam(log(value) ~ s(tmax2m) + s(jd) + s(pblmin) + s(nirradiance) + s(tp), data = .)  1235.092
gam(log(value) ~ s(ptp) + s(jd) + s(pblmin) + s(nirradiance) + s(tp), data = .)     1264.482
gam(log(value) ~ s(rh) + s(jd) + s(pblmin) + s(nirradiance) + s(tp), data = .)      1259.081
gam(log(value) ~ s(u10m) + s(jd) + s(pblmin) + s(nirradiance) + s(tp), data = .)    1194.918
gam(log(value) ~ s(v10m) + s(jd) + s(pblmin) + s(nirradiance) + s(tp), data = .)    1238.695
gam(log(value) ~ s(sp) + s(jd) + s(pblmin) + s(nirradiance) + s(tp), data = .)      1191.862
gam(log(value) ~ s(pbl00) + s(jd) + s(pblmin) + s(nirradiance) + s(tp), data = .)   1232.880
gam(log(value) ~ s(pbl12) + s(jd) + s(pblmin) + s(nirradiance) + s(tp), data = .)   1178.137
gam(log(value) ~ s(pblmax) + s(jd) + s(pblmin) + s(nirradiance) + s(tp), data = .)  1164.653
gam(log(value) ~ s(wspeed) + s(jd) + s(pblmin) + s(nirradiance) + s(tp), data = .)  1244.372
gam(log(value) ~ s(pwspeed) + s(jd) + s(pblmin) + s(nirradiance) + s(tp), data = .) 1263.166

Modello migliore: pblmax - jd - pblmin - nirradiance - tp 

Dati backward:  1164.65349224957::pblmax::jd::pblmin::nirradiance::tp 

Scelgo il modello N 

---------- START ---------- 

                                                                                               IT1906A
gam(log(value) ~ s(t2m) + s(jd) + s(pblmin) + s(nirradiance) + s(wdir) + s(tp), data = .)     1130.711
gam(log(value) ~ s(tmin2m) + s(jd) + s(pblmin) + s(nirradiance) + s(wdir) + s(tp), data = .)  1138.102
gam(log(value) ~ s(tmax2m) + s(jd) + s(pblmin) + s(nirradiance) + s(wdir) + s(tp), data = .)  1120.603
gam(log(value) ~ s(ptp) + s(jd) + s(pblmin) + s(nirradiance) + s(wdir) + s(tp), data = .)     1147.657
gam(log(value) ~ s(rh) + s(jd) + s(pblmin) + s(nirradiance) + s(wdir) + s(tp), data = .)      1148.944
gam(log(value) ~ s(u10m) + s(jd) + s(pblmin) + s(nirradiance) + s(wdir) + s(tp), data = .)    1141.036
gam(log(value) ~ s(v10m) + s(jd) + s(pblmin) + s(nirradiance) + s(wdir) + s(tp), data = .)    1110.701
gam(log(value) ~ s(sp) + s(jd) + s(pblmin) + s(nirradiance) + s(wdir) + s(tp), data = .)      1097.625
gam(log(value) ~ s(pbl00) + s(jd) + s(pblmin) + s(nirradiance) + s(wdir) + s(tp), data = .)   1129.724
gam(log(value) ~ s(pbl12) + s(jd) + s(pblmin) + s(nirradiance) + s(wdir) + s(tp), data = .)   1090.175
gam(log(value) ~ s(pblmax) + s(jd) + s(pblmin) + s(nirradiance) + s(wdir) + s(tp), data = .)  1077.993
gam(log(value) ~ s(wspeed) + s(jd) + s(pblmin) + s(nirradiance) + s(wdir) + s(tp), data = .)  1122.980
gam(log(value) ~ s(pwspeed) + s(jd) + s(pblmin) + s(nirradiance) + s(wdir) + s(tp), data = .) 1148.825

Modello migliore: pblmax - jd - pblmin - nirradiance - wdir - tp 

Variabile scelta pblmax con AIC 1077.99342659732  

Modelli BACKWARD 

                                                                                                   IT1906A
gam(log(value) ~ s(t2m) + s(jd) + s(pblmin) + s(nirradiance) + s(wdir) + s(pblmax), data = .)     1144.640
gam(log(value) ~ s(tmin2m) + s(jd) + s(pblmin) + s(nirradiance) + s(wdir) + s(pblmax), data = .)  1143.897
gam(log(value) ~ s(tmax2m) + s(jd) + s(pblmin) + s(nirradiance) + s(wdir) + s(pblmax), data = .)  1131.848
gam(log(value) ~ s(ptp) + s(jd) + s(pblmin) + s(nirradiance) + s(wdir) + s(pblmax), data = .)     1144.643
gam(log(value) ~ s(rh) + s(jd) + s(pblmin) + s(nirradiance) + s(wdir) + s(pblmax), data = .)      1127.487
gam(log(value) ~ s(u10m) + s(jd) + s(pblmin) + s(nirradiance) + s(wdir) + s(pblmax), data = .)    1144.652
gam(log(value) ~ s(v10m) + s(jd) + s(pblmin) + s(nirradiance) + s(wdir) + s(pblmax), data = .)    1125.328
gam(log(value) ~ s(sp) + s(jd) + s(pblmin) + s(nirradiance) + s(wdir) + s(pblmax), data = .)      1097.262
gam(log(value) ~ s(pbl00) + s(jd) + s(pblmin) + s(nirradiance) + s(wdir) + s(pblmax), data = .)   1123.930
gam(log(value) ~ s(pbl12) + s(jd) + s(pblmin) + s(nirradiance) + s(wdir) + s(pblmax), data = .)   1146.505
gam(log(value) ~ s(wspeed) + s(jd) + s(pblmin) + s(nirradiance) + s(wdir) + s(pblmax), data = .)  1133.904
gam(log(value) ~ s(pwspeed) + s(jd) + s(pblmin) + s(nirradiance) + s(wdir) + s(pblmax), data = .) 1149.576

Modello migliore: sp - jd - pblmin - nirradiance - wdir - pblmax 

Dati backward:  1097.26201900286::sp::jd::pblmin::nirradiance::wdir::pblmax 

Scelgo il modello N 

---------- START ---------- 

                                                                                                           IT1906A
gam(log(value) ~ s(t2m) + s(jd) + s(pblmin) + s(nirradiance) + s(wdir) + s(tp) + s(pblmax), data = .)     1066.901
gam(log(value) ~ s(tmin2m) + s(jd) + s(pblmin) + s(nirradiance) + s(wdir) + s(tp) + s(pblmax), data = .)  1071.758
gam(log(value) ~ s(tmax2m) + s(jd) + s(pblmin) + s(nirradiance) + s(wdir) + s(tp) + s(pblmax), data = .)  1054.551
gam(log(value) ~ s(ptp) + s(jd) + s(pblmin) + s(nirradiance) + s(wdir) + s(tp) + s(pblmax), data = .)     1077.394
gam(log(value) ~ s(rh) + s(jd) + s(pblmin) + s(nirradiance) + s(wdir) + s(tp) + s(pblmax), data = .)      1074.249
gam(log(value) ~ s(u10m) + s(jd) + s(pblmin) + s(nirradiance) + s(wdir) + s(tp) + s(pblmax), data = .)    1072.034
gam(log(value) ~ s(v10m) + s(jd) + s(pblmin) + s(nirradiance) + s(wdir) + s(tp) + s(pblmax), data = .)    1046.507
gam(log(value) ~ s(sp) + s(jd) + s(pblmin) + s(nirradiance) + s(wdir) + s(tp) + s(pblmax), data = .)      1046.226
gam(log(value) ~ s(pbl00) + s(jd) + s(pblmin) + s(nirradiance) + s(wdir) + s(tp) + s(pblmax), data = .)   1060.478
gam(log(value) ~ s(pbl12) + s(jd) + s(pblmin) + s(nirradiance) + s(wdir) + s(tp) + s(pblmax), data = .)   1068.928
gam(log(value) ~ s(wspeed) + s(jd) + s(pblmin) + s(nirradiance) + s(wdir) + s(tp) + s(pblmax), data = .)  1062.515
gam(log(value) ~ s(pwspeed) + s(jd) + s(pblmin) + s(nirradiance) + s(wdir) + s(tp) + s(pblmax), data = .) 1079.476

Modello migliore: sp - jd - pblmin - nirradiance - wdir - tp - pblmax 

Variabile scelta sp con AIC 1046.22646160648  

Modelli BACKWARD 

                                                                                                       IT1906A
gam(log(value) ~ s(t2m) + s(jd) + s(pblmin) + s(nirradiance) + s(wdir) + s(tp) + s(sp), data = .)     1082.339
gam(log(value) ~ s(tmin2m) + s(jd) + s(pblmin) + s(nirradiance) + s(wdir) + s(tp) + s(sp), data = .)  1090.051
gam(log(value) ~ s(tmax2m) + s(jd) + s(pblmin) + s(nirradiance) + s(wdir) + s(tp) + s(sp), data = .)  1070.016
gam(log(value) ~ s(ptp) + s(jd) + s(pblmin) + s(nirradiance) + s(wdir) + s(tp) + s(sp), data = .)     1093.290
gam(log(value) ~ s(rh) + s(jd) + s(pblmin) + s(nirradiance) + s(wdir) + s(tp) + s(sp), data = .)      1099.482
gam(log(value) ~ s(u10m) + s(jd) + s(pblmin) + s(nirradiance) + s(wdir) + s(tp) + s(sp), data = .)    1093.268
gam(log(value) ~ s(v10m) + s(jd) + s(pblmin) + s(nirradiance) + s(wdir) + s(tp) + s(sp), data = .)    1068.611
gam(log(value) ~ s(pbl00) + s(jd) + s(pblmin) + s(nirradiance) + s(wdir) + s(tp) + s(sp), data = .)   1086.809
gam(log(value) ~ s(pbl12) + s(jd) + s(pblmin) + s(nirradiance) + s(wdir) + s(tp) + s(sp), data = .)   1054.407
gam(log(value) ~ s(wspeed) + s(jd) + s(pblmin) + s(nirradiance) + s(wdir) + s(tp) + s(sp), data = .)  1078.925
gam(log(value) ~ s(pwspeed) + s(jd) + s(pblmin) + s(nirradiance) + s(wdir) + s(tp) + s(sp), data = .) 1099.583

Modello migliore: pbl12 - jd - pblmin - nirradiance - wdir - tp - sp 

Dati backward:  1054.40690163742::pbl12::jd::pblmin::nirradiance::wdir::tp::sp 

Scelgo il modello N 

---------- START ---------- 

                                                                                                                   IT1906A
gam(log(value) ~ s(t2m) + s(jd) + s(pblmin) + s(nirradiance) + s(wdir) + s(tp) + s(pblmax) + s(sp), data = .)     1034.070
gam(log(value) ~ s(tmin2m) + s(jd) + s(pblmin) + s(nirradiance) + s(wdir) + s(tp) + s(pblmax) + s(sp), data = .)  1041.394
gam(log(value) ~ s(tmax2m) + s(jd) + s(pblmin) + s(nirradiance) + s(wdir) + s(tp) + s(pblmax) + s(sp), data = .)  1020.473
gam(log(value) ~ s(ptp) + s(jd) + s(pblmin) + s(nirradiance) + s(wdir) + s(tp) + s(pblmax) + s(sp), data = .)     1041.614
gam(log(value) ~ s(rh) + s(jd) + s(pblmin) + s(nirradiance) + s(wdir) + s(tp) + s(pblmax) + s(sp), data = .)      1043.320
gam(log(value) ~ s(u10m) + s(jd) + s(pblmin) + s(nirradiance) + s(wdir) + s(tp) + s(pblmax) + s(sp), data = .)    1041.522
gam(log(value) ~ s(v10m) + s(jd) + s(pblmin) + s(nirradiance) + s(wdir) + s(tp) + s(pblmax) + s(sp), data = .)    1020.801
gam(log(value) ~ s(pbl00) + s(jd) + s(pblmin) + s(nirradiance) + s(wdir) + s(tp) + s(pblmax) + s(sp), data = .)   1035.186
gam(log(value) ~ s(pbl12) + s(jd) + s(pblmin) + s(nirradiance) + s(wdir) + s(tp) + s(pblmax) + s(sp), data = .)   1038.108
gam(log(value) ~ s(wspeed) + s(jd) + s(pblmin) + s(nirradiance) + s(wdir) + s(tp) + s(pblmax) + s(sp), data = .)  1033.877
gam(log(value) ~ s(pwspeed) + s(jd) + s(pblmin) + s(nirradiance) + s(wdir) + s(tp) + s(pblmax) + s(sp), data = .) 1048.214

Modello migliore: tmax2m - jd - pblmin - nirradiance - wdir - tp - pblmax - sp 

Variabile scelta tmax2m con AIC 1020.47285225475  

Modelli BACKWARD 

                                                                                                                       IT1906A
gam(log(value) ~ s(t2m) + s(jd) + s(pblmin) + s(nirradiance) + s(wdir) + s(tp) + s(pblmax) + s(tmax2m), data = .)      962.124
gam(log(value) ~ s(tmin2m) + s(jd) + s(pblmin) + s(nirradiance) + s(wdir) + s(tp) + s(pblmax) + s(tmax2m), data = .)   957.723
gam(log(value) ~ s(ptp) + s(jd) + s(pblmin) + s(nirradiance) + s(wdir) + s(tp) + s(pblmax) + s(tmax2m), data = .)     1054.461
gam(log(value) ~ s(rh) + s(jd) + s(pblmin) + s(nirradiance) + s(wdir) + s(tp) + s(pblmax) + s(tmax2m), data = .)      1048.926
gam(log(value) ~ s(u10m) + s(jd) + s(pblmin) + s(nirradiance) + s(wdir) + s(tp) + s(pblmax) + s(tmax2m), data = .)    1047.412
gam(log(value) ~ s(v10m) + s(jd) + s(pblmin) + s(nirradiance) + s(wdir) + s(tp) + s(pblmax) + s(tmax2m), data = .)    1025.899
gam(log(value) ~ s(pbl00) + s(jd) + s(pblmin) + s(nirradiance) + s(wdir) + s(tp) + s(pblmax) + s(tmax2m), data = .)   1038.115
gam(log(value) ~ s(pbl12) + s(jd) + s(pblmin) + s(nirradiance) + s(wdir) + s(tp) + s(pblmax) + s(tmax2m), data = .)   1045.773
gam(log(value) ~ s(wspeed) + s(jd) + s(pblmin) + s(nirradiance) + s(wdir) + s(tp) + s(pblmax) + s(tmax2m), data = .)  1039.124
gam(log(value) ~ s(pwspeed) + s(jd) + s(pblmin) + s(nirradiance) + s(wdir) + s(tp) + s(pblmax) + s(tmax2m), data = .) 1056.438

Modello migliore: tmin2m - jd - pblmin - nirradiance - wdir - tp - pblmax - tmax2m 

Dati backward:  957.722985847129::tmin2m::jd::pblmin::nirradiance::wdir::tp::pblmax::tmax2m 

Scelgo il modello N-1 

---------- START ---------- 

                                                                                                                   IT1906A
gam(log(value) ~ s(t2m) + s(jd) + s(pblmin) + s(nirradiance) + s(wdir) + s(tp) + s(pblmax) + s(sp), data = .)     1034.070
gam(log(value) ~ s(tmin2m) + s(jd) + s(pblmin) + s(nirradiance) + s(wdir) + s(tp) + s(pblmax) + s(sp), data = .)  1041.394
gam(log(value) ~ s(ptp) + s(jd) + s(pblmin) + s(nirradiance) + s(wdir) + s(tp) + s(pblmax) + s(sp), data = .)     1041.614
gam(log(value) ~ s(rh) + s(jd) + s(pblmin) + s(nirradiance) + s(wdir) + s(tp) + s(pblmax) + s(sp), data = .)      1043.320
gam(log(value) ~ s(u10m) + s(jd) + s(pblmin) + s(nirradiance) + s(wdir) + s(tp) + s(pblmax) + s(sp), data = .)    1041.522
gam(log(value) ~ s(v10m) + s(jd) + s(pblmin) + s(nirradiance) + s(wdir) + s(tp) + s(pblmax) + s(sp), data = .)    1020.801
gam(log(value) ~ s(pbl00) + s(jd) + s(pblmin) + s(nirradiance) + s(wdir) + s(tp) + s(pblmax) + s(sp), data = .)   1035.186
gam(log(value) ~ s(pbl12) + s(jd) + s(pblmin) + s(nirradiance) + s(wdir) + s(tp) + s(pblmax) + s(sp), data = .)   1038.108
gam(log(value) ~ s(wspeed) + s(jd) + s(pblmin) + s(nirradiance) + s(wdir) + s(tp) + s(pblmax) + s(sp), data = .)  1033.877
gam(log(value) ~ s(pwspeed) + s(jd) + s(pblmin) + s(nirradiance) + s(wdir) + s(tp) + s(pblmax) + s(sp), data = .) 1048.214

Modello migliore: v10m - jd - pblmin - nirradiance - wdir - tp - pblmax - sp 

Variabile scelta v10m con AIC 1020.80137751571  

Fine per scelta MODELLO 

jd + pblmin + nirradiance + wdir + tp + pblmax + sp 

---------------------- 

NOTE: Log Print Time:  2021-05-11 13:45:25 
NOTE: Elapsed Time in seconds: 1.98222160339355 

Fine per scelta MODELLO 

jd + pblmin + nirradiance + wdir + tp + pblmax + sp 

---------------------- 

NOTE: Log Print Time:  2021-05-11 13:45:25 
NOTE: Elapsed Time in seconds: 0.00136590003967285 

Fine per scelta MODELLO 

jd + pblmin + nirradiance + wdir + tp + pblmax + sp 

---------------------- 

NOTE: Log Print Time:  2021-05-11 13:45:25 
NOTE: Elapsed Time in seconds: 0.00105023384094238 

Fine per scelta MODELLO 

jd + pblmin + nirradiance + wdir + tp + pblmax + sp 

---------------------- 

NOTE: Log Print Time:  2021-05-11 13:45:25 
NOTE: Elapsed Time in seconds: 0.00100088119506836 

Fine per scelta MODELLO 

jd + pblmin + nirradiance + wdir + tp + pblmax + sp 

---------------------- 

NOTE: Log Print Time:  2021-05-11 13:45:25 
NOTE: Elapsed Time in seconds: 0.00102496147155762 

Fine per scelta MODELLO 

jd + pblmin + nirradiance + wdir + tp + pblmax + sp 

---------------------- 

NOTE: Log Print Time:  2021-05-11 13:45:25 
NOTE: Elapsed Time in seconds: 0.000992059707641602 

Fine per scelta MODELLO 

jd + pblmin + nirradiance + wdir + tp + pblmax + sp 

---------------------- 

NOTE: Log Print Time:  2021-05-11 13:45:25 
NOTE: Elapsed Time in seconds: 0.00100207328796387 

Fine per scelta MODELLO 

jd + pblmin + nirradiance + wdir + tp + pblmax + sp 

---------------------- 

NOTE: Log Print Time:  2021-05-11 13:45:25 
NOTE: Elapsed Time in seconds: 0.000977754592895508 

========================================================================= 
Log End Time: 2021-05-11 13:45:25 
Log Elapsed Time: 0 00:00:01 
========================================================================= 
