========================================================================= 
Log Path: output/12/nox/log/pulvirus_nox_12_IT0889A.log 
Working Directory: /home/rmorelli/R/pulvirus/analisi/GAM/scelta 
User Name: rmorelli 
R Version: 4.0.5 (2021-03-31) 
Machine: pasqualino x86_64 
Operating System: Linux 4.19.0-13-amd64 #1 SMP Debian 4.19.160-2 (2020-11-28) 
Log Start Time: 2021-05-11 14:09:36 
========================================================================= 

Stazione: IT0889A 

---------- START ---------- 

                                            IT0889A
gam(log(value) ~ s(t2m), data = .)         2606.410
gam(log(value) ~ s(tmin2m), data = .)      2606.540
gam(log(value) ~ s(tmax2m), data = .)      2786.753
gam(log(value) ~ s(tp), data = .)          3175.757
gam(log(value) ~ s(ptp), data = .)         3264.412
gam(log(value) ~ s(rh), data = .)          3191.868
gam(log(value) ~ s(u10m), data = .)        3043.841
gam(log(value) ~ s(v10m), data = .)        2897.448
gam(log(value) ~ s(sp), data = .)          2865.941
gam(log(value) ~ s(nirradiance), data = .) 2697.692
gam(log(value) ~ s(pbl00), data = .)       3216.837
gam(log(value) ~ s(pbl12), data = .)       2798.194
gam(log(value) ~ s(pblmin), data = .)      3174.597
gam(log(value) ~ s(pblmax), data = .)      2866.461
gam(log(value) ~ s(wdir), data = .)        2814.799
gam(log(value) ~ s(wspeed), data = .)      3152.001
gam(log(value) ~ s(pwspeed), data = .)     3189.904
gam(log(value) ~ s(jd), data = .)          2377.455

Modello migliore: jd 

Variabile scelta jd con AIC 2377.45455540229  

---------- START ---------- 

                                                    IT0889A
gam(log(value) ~ s(t2m) + s(jd), data = .)         2210.314
gam(log(value) ~ s(tmin2m) + s(jd), data = .)      2170.608
gam(log(value) ~ s(tmax2m) + s(jd), data = .)      2323.934
gam(log(value) ~ s(tp) + s(jd), data = .)          2095.077
gam(log(value) ~ s(ptp) + s(jd), data = .)         2310.708
gam(log(value) ~ s(rh) + s(jd), data = .)          2303.625
gam(log(value) ~ s(u10m) + s(jd), data = .)        2150.755
gam(log(value) ~ s(v10m) + s(jd), data = .)        2014.367
gam(log(value) ~ s(sp) + s(jd), data = .)          2079.779
gam(log(value) ~ s(nirradiance) + s(jd), data = .) 2233.044
gam(log(value) ~ s(pbl00) + s(jd), data = .)       2083.980
gam(log(value) ~ s(pbl12) + s(jd), data = .)       2276.218
gam(log(value) ~ s(pblmin) + s(jd), data = .)      1975.031
gam(log(value) ~ s(pblmax) + s(jd), data = .)      2301.799
gam(log(value) ~ s(wdir) + s(jd), data = .)        2128.844
gam(log(value) ~ s(wspeed) + s(jd), data = .)      2089.521
gam(log(value) ~ s(pwspeed) + s(jd), data = .)     2305.884
gam(log(value) ~ s(jd) + s(jd), data = .)          2377.455

Modello migliore: pblmin - jd 

Variabile scelta pblmin con AIC 1975.03057112556  

Modelli BACKWARD 

                                                        IT0889A
gam(log(value) ~ s(t2m) + s(pblmin), data = .)         2343.122
gam(log(value) ~ s(tmin2m) + s(pblmin), data = .)      2432.827
gam(log(value) ~ s(tmax2m) + s(pblmin), data = .)      2455.931
gam(log(value) ~ s(tp) + s(pblmin), data = .)          3126.935
gam(log(value) ~ s(ptp) + s(pblmin), data = .)         3168.418
gam(log(value) ~ s(rh) + s(pblmin), data = .)          3041.388
gam(log(value) ~ s(u10m) + s(pblmin), data = .)        2937.246
gam(log(value) ~ s(v10m) + s(pblmin), data = .)        2832.108
gam(log(value) ~ s(sp) + s(pblmin), data = .)          2792.195
gam(log(value) ~ s(nirradiance) + s(pblmin), data = .) 2297.314
gam(log(value) ~ s(pbl00) + s(pblmin), data = .)       3173.433
gam(log(value) ~ s(pbl12) + s(pblmin), data = .)       2615.056
gam(log(value) ~ s(pblmax) + s(pblmin), data = .)      2708.682
gam(log(value) ~ s(wdir) + s(pblmin), data = .)        2699.840
gam(log(value) ~ s(wspeed) + s(pblmin), data = .)      3059.213
gam(log(value) ~ s(pwspeed) + s(pblmin), data = .)     3019.890

Modello migliore: nirradiance - pblmin 

Dati backward:  2297.31425553949::nirradiance::pblmin 

Scelgo il modello N 

---------- START ---------- 

                                                                IT0889A
gam(log(value) ~ s(t2m) + s(jd) + s(pblmin), data = .)         1811.002
gam(log(value) ~ s(tmin2m) + s(jd) + s(pblmin), data = .)      1815.905
gam(log(value) ~ s(tmax2m) + s(jd) + s(pblmin), data = .)      1892.342
gam(log(value) ~ s(tp) + s(jd) + s(pblmin), data = .)          1861.886
gam(log(value) ~ s(ptp) + s(jd) + s(pblmin), data = .)         1948.686
gam(log(value) ~ s(rh) + s(jd) + s(pblmin), data = .)          1953.796
gam(log(value) ~ s(u10m) + s(jd) + s(pblmin), data = .)        1904.613
gam(log(value) ~ s(v10m) + s(jd) + s(pblmin), data = .)        1775.518
gam(log(value) ~ s(sp) + s(jd) + s(pblmin), data = .)          1815.725
gam(log(value) ~ s(nirradiance) + s(jd) + s(pblmin), data = .) 1815.527
gam(log(value) ~ s(pbl00) + s(jd) + s(pblmin), data = .)       1952.863
gam(log(value) ~ s(pbl12) + s(jd) + s(pblmin), data = .)       1873.676
gam(log(value) ~ s(pblmax) + s(jd) + s(pblmin), data = .)      1903.979
gam(log(value) ~ s(wdir) + s(jd) + s(pblmin), data = .)        1802.547
gam(log(value) ~ s(wspeed) + s(jd) + s(pblmin), data = .)      1909.714
gam(log(value) ~ s(pwspeed) + s(jd) + s(pblmin), data = .)     1912.885

Modello migliore: v10m - jd - pblmin 

Variabile scelta v10m con AIC 1775.51773453026  

Modelli BACKWARD 

                                                              IT0889A
gam(log(value) ~ s(t2m) + s(jd) + s(v10m), data = .)         1909.635
gam(log(value) ~ s(tmin2m) + s(jd) + s(v10m), data = .)      1896.868
gam(log(value) ~ s(tmax2m) + s(jd) + s(v10m), data = .)      1959.768
gam(log(value) ~ s(tp) + s(jd) + s(v10m), data = .)          1890.223
gam(log(value) ~ s(ptp) + s(jd) + s(v10m), data = .)         1963.198
gam(log(value) ~ s(rh) + s(jd) + s(v10m), data = .)          2009.065
gam(log(value) ~ s(u10m) + s(jd) + s(v10m), data = .)        1881.738
gam(log(value) ~ s(sp) + s(jd) + s(v10m), data = .)          1863.507
gam(log(value) ~ s(nirradiance) + s(jd) + s(v10m), data = .) 1884.561
gam(log(value) ~ s(pbl00) + s(jd) + s(v10m), data = .)       1858.141
gam(log(value) ~ s(pbl12) + s(jd) + s(v10m), data = .)       1929.690
gam(log(value) ~ s(pblmax) + s(jd) + s(v10m), data = .)      1930.840
gam(log(value) ~ s(wdir) + s(jd) + s(v10m), data = .)        1970.818
gam(log(value) ~ s(wspeed) + s(jd) + s(v10m), data = .)      1885.160
gam(log(value) ~ s(pwspeed) + s(jd) + s(v10m), data = .)     1978.484

Modello migliore: pbl00 - jd - v10m 

Dati backward:  1858.14085928717::pbl00::jd::v10m 

Scelgo il modello N 

---------- START ---------- 

                                                                          IT0889A
gam(log(value) ~ s(t2m) + s(jd) + s(pblmin) + s(v10m), data = .)         1684.195
gam(log(value) ~ s(tmin2m) + s(jd) + s(pblmin) + s(v10m), data = .)      1697.113
gam(log(value) ~ s(tmax2m) + s(jd) + s(pblmin) + s(v10m), data = .)      1704.852
gam(log(value) ~ s(tp) + s(jd) + s(pblmin) + s(v10m), data = .)          1725.295
gam(log(value) ~ s(ptp) + s(jd) + s(pblmin) + s(v10m), data = .)         1747.909
gam(log(value) ~ s(rh) + s(jd) + s(pblmin) + s(v10m), data = .)          1767.451
gam(log(value) ~ s(u10m) + s(jd) + s(pblmin) + s(v10m), data = .)        1725.592
gam(log(value) ~ s(sp) + s(jd) + s(pblmin) + s(v10m), data = .)          1691.856
gam(log(value) ~ s(nirradiance) + s(jd) + s(pblmin) + s(v10m), data = .) 1610.582
gam(log(value) ~ s(pbl00) + s(jd) + s(pblmin) + s(v10m), data = .)       1760.703
gam(log(value) ~ s(pbl12) + s(jd) + s(pblmin) + s(v10m), data = .)       1682.301
gam(log(value) ~ s(pblmax) + s(jd) + s(pblmin) + s(v10m), data = .)      1693.726
gam(log(value) ~ s(wdir) + s(jd) + s(pblmin) + s(v10m), data = .)        1747.630
gam(log(value) ~ s(wspeed) + s(jd) + s(pblmin) + s(v10m), data = .)      1734.754
gam(log(value) ~ s(pwspeed) + s(jd) + s(pblmin) + s(v10m), data = .)     1735.014

Modello migliore: nirradiance - jd - pblmin - v10m 

Variabile scelta nirradiance con AIC 1610.58243481418  

Modelli BACKWARD 

                                                                             IT0889A
gam(log(value) ~ s(t2m) + s(jd) + s(pblmin) + s(nirradiance), data = .)     1699.156
gam(log(value) ~ s(tmin2m) + s(jd) + s(pblmin) + s(nirradiance), data = .)  1674.858
gam(log(value) ~ s(tmax2m) + s(jd) + s(pblmin) + s(nirradiance), data = .)  1761.059
gam(log(value) ~ s(tp) + s(jd) + s(pblmin) + s(nirradiance), data = .)      1624.979
gam(log(value) ~ s(ptp) + s(jd) + s(pblmin) + s(nirradiance), data = .)     1793.922
gam(log(value) ~ s(rh) + s(jd) + s(pblmin) + s(nirradiance), data = .)      1763.357
gam(log(value) ~ s(u10m) + s(jd) + s(pblmin) + s(nirradiance), data = .)    1759.335
gam(log(value) ~ s(sp) + s(jd) + s(pblmin) + s(nirradiance), data = .)      1652.073
gam(log(value) ~ s(pbl00) + s(jd) + s(pblmin) + s(nirradiance), data = .)   1789.437
gam(log(value) ~ s(pbl12) + s(jd) + s(pblmin) + s(nirradiance), data = .)   1743.407
gam(log(value) ~ s(pblmax) + s(jd) + s(pblmin) + s(nirradiance), data = .)  1759.146
gam(log(value) ~ s(wdir) + s(jd) + s(pblmin) + s(nirradiance), data = .)    1637.763
gam(log(value) ~ s(wspeed) + s(jd) + s(pblmin) + s(nirradiance), data = .)  1770.590
gam(log(value) ~ s(pwspeed) + s(jd) + s(pblmin) + s(nirradiance), data = .) 1780.434

Modello migliore: tp - jd - pblmin - nirradiance 

Dati backward:  1624.97900739967::tp::jd::pblmin::nirradiance 

Scelgo il modello N 

---------- START ---------- 

                                                                                       IT0889A
gam(log(value) ~ s(t2m) + s(jd) + s(pblmin) + s(v10m) + s(nirradiance), data = .)     1554.217
gam(log(value) ~ s(tmin2m) + s(jd) + s(pblmin) + s(v10m) + s(nirradiance), data = .)  1533.197
gam(log(value) ~ s(tmax2m) + s(jd) + s(pblmin) + s(v10m) + s(nirradiance), data = .)  1575.075
gam(log(value) ~ s(tp) + s(jd) + s(pblmin) + s(v10m) + s(nirradiance), data = .)      1472.694
gam(log(value) ~ s(ptp) + s(jd) + s(pblmin) + s(v10m) + s(nirradiance), data = .)     1582.706
gam(log(value) ~ s(rh) + s(jd) + s(pblmin) + s(v10m) + s(nirradiance), data = .)      1609.356
gam(log(value) ~ s(u10m) + s(jd) + s(pblmin) + s(v10m) + s(nirradiance), data = .)    1568.629
gam(log(value) ~ s(sp) + s(jd) + s(pblmin) + s(v10m) + s(nirradiance), data = .)      1510.116
gam(log(value) ~ s(pbl00) + s(jd) + s(pblmin) + s(v10m) + s(nirradiance), data = .)   1588.760
gam(log(value) ~ s(pbl12) + s(jd) + s(pblmin) + s(v10m) + s(nirradiance), data = .)   1582.795
gam(log(value) ~ s(pblmax) + s(jd) + s(pblmin) + s(v10m) + s(nirradiance), data = .)  1586.856
gam(log(value) ~ s(wdir) + s(jd) + s(pblmin) + s(v10m) + s(nirradiance), data = .)    1593.006
gam(log(value) ~ s(wspeed) + s(jd) + s(pblmin) + s(v10m) + s(nirradiance), data = .)  1575.840
gam(log(value) ~ s(pwspeed) + s(jd) + s(pblmin) + s(v10m) + s(nirradiance), data = .) 1591.347

Modello migliore: tp - jd - pblmin - v10m - nirradiance 

Variabile scelta tp con AIC 1472.69374480952  

Modelli BACKWARD 

                                                                              IT0889A
gam(log(value) ~ s(t2m) + s(jd) + s(pblmin) + s(v10m) + s(tp), data = .)     1615.163
gam(log(value) ~ s(tmin2m) + s(jd) + s(pblmin) + s(v10m) + s(tp), data = .)  1652.571
gam(log(value) ~ s(tmax2m) + s(jd) + s(pblmin) + s(v10m) + s(tp), data = .)  1609.326
gam(log(value) ~ s(ptp) + s(jd) + s(pblmin) + s(v10m) + s(tp), data = .)     1718.868
gam(log(value) ~ s(rh) + s(jd) + s(pblmin) + s(v10m) + s(tp), data = .)      1650.213
gam(log(value) ~ s(u10m) + s(jd) + s(pblmin) + s(v10m) + s(tp), data = .)    1677.068
gam(log(value) ~ s(sp) + s(jd) + s(pblmin) + s(v10m) + s(tp), data = .)      1666.173
gam(log(value) ~ s(pbl00) + s(jd) + s(pblmin) + s(v10m) + s(tp), data = .)   1720.953
gam(log(value) ~ s(pbl12) + s(jd) + s(pblmin) + s(v10m) + s(tp), data = .)   1579.967
gam(log(value) ~ s(pblmax) + s(jd) + s(pblmin) + s(v10m) + s(tp), data = .)  1615.054
gam(log(value) ~ s(wdir) + s(jd) + s(pblmin) + s(v10m) + s(tp), data = .)    1689.617
gam(log(value) ~ s(wspeed) + s(jd) + s(pblmin) + s(v10m) + s(tp), data = .)  1685.569
gam(log(value) ~ s(pwspeed) + s(jd) + s(pblmin) + s(v10m) + s(tp), data = .) 1680.331

Modello migliore: pbl12 - jd - pblmin - v10m - tp 

Dati backward:  1579.96714983632::pbl12::jd::pblmin::v10m::tp 

Scelgo il modello N 

---------- START ---------- 

                                                                                               IT0889A
gam(log(value) ~ s(t2m) + s(jd) + s(pblmin) + s(v10m) + s(nirradiance) + s(tp), data = .)     1407.299
gam(log(value) ~ s(tmin2m) + s(jd) + s(pblmin) + s(v10m) + s(nirradiance) + s(tp), data = .)  1400.774
gam(log(value) ~ s(tmax2m) + s(jd) + s(pblmin) + s(v10m) + s(nirradiance) + s(tp), data = .)  1422.719
gam(log(value) ~ s(ptp) + s(jd) + s(pblmin) + s(v10m) + s(nirradiance) + s(tp), data = .)     1472.228
gam(log(value) ~ s(rh) + s(jd) + s(pblmin) + s(v10m) + s(nirradiance) + s(tp), data = .)      1470.518
gam(log(value) ~ s(u10m) + s(jd) + s(pblmin) + s(v10m) + s(nirradiance) + s(tp), data = .)    1427.049
gam(log(value) ~ s(sp) + s(jd) + s(pblmin) + s(v10m) + s(nirradiance) + s(tp), data = .)      1412.620
gam(log(value) ~ s(pbl00) + s(jd) + s(pblmin) + s(v10m) + s(nirradiance) + s(tp), data = .)   1466.807
gam(log(value) ~ s(pbl12) + s(jd) + s(pblmin) + s(v10m) + s(nirradiance) + s(tp), data = .)   1448.689
gam(log(value) ~ s(pblmax) + s(jd) + s(pblmin) + s(v10m) + s(nirradiance) + s(tp), data = .)  1464.047
gam(log(value) ~ s(wdir) + s(jd) + s(pblmin) + s(v10m) + s(nirradiance) + s(tp), data = .)    1450.763
gam(log(value) ~ s(wspeed) + s(jd) + s(pblmin) + s(v10m) + s(nirradiance) + s(tp), data = .)  1429.288
gam(log(value) ~ s(pwspeed) + s(jd) + s(pblmin) + s(v10m) + s(nirradiance) + s(tp), data = .) 1456.033

Modello migliore: tmin2m - jd - pblmin - v10m - nirradiance - tp 

Variabile scelta tmin2m con AIC 1400.77433266363  

Modelli BACKWARD 

                                                                                                   IT0889A
gam(log(value) ~ s(t2m) + s(jd) + s(pblmin) + s(v10m) + s(nirradiance) + s(tmin2m), data = .)     1504.448
gam(log(value) ~ s(tmax2m) + s(jd) + s(pblmin) + s(v10m) + s(nirradiance) + s(tmin2m), data = .)  1474.875
gam(log(value) ~ s(ptp) + s(jd) + s(pblmin) + s(v10m) + s(nirradiance) + s(tmin2m), data = .)     1508.026
gam(log(value) ~ s(rh) + s(jd) + s(pblmin) + s(v10m) + s(nirradiance) + s(tmin2m), data = .)      1531.603
gam(log(value) ~ s(u10m) + s(jd) + s(pblmin) + s(v10m) + s(nirradiance) + s(tmin2m), data = .)    1495.001
gam(log(value) ~ s(sp) + s(jd) + s(pblmin) + s(v10m) + s(nirradiance) + s(tmin2m), data = .)      1440.567
gam(log(value) ~ s(pbl00) + s(jd) + s(pblmin) + s(v10m) + s(nirradiance) + s(tmin2m), data = .)   1516.167
gam(log(value) ~ s(pbl12) + s(jd) + s(pblmin) + s(v10m) + s(nirradiance) + s(tmin2m), data = .)   1517.498
gam(log(value) ~ s(pblmax) + s(jd) + s(pblmin) + s(v10m) + s(nirradiance) + s(tmin2m), data = .)  1516.084
gam(log(value) ~ s(wdir) + s(jd) + s(pblmin) + s(v10m) + s(nirradiance) + s(tmin2m), data = .)    1524.958
gam(log(value) ~ s(wspeed) + s(jd) + s(pblmin) + s(v10m) + s(nirradiance) + s(tmin2m), data = .)  1493.570
gam(log(value) ~ s(pwspeed) + s(jd) + s(pblmin) + s(v10m) + s(nirradiance) + s(tmin2m), data = .) 1520.697

Modello migliore: sp - jd - pblmin - v10m - nirradiance - tmin2m 

Dati backward:  1440.56722496153::sp::jd::pblmin::v10m::nirradiance::tmin2m 

Scelgo il modello N 

---------- START ---------- 

                                                                                                           IT0889A
gam(log(value) ~ s(t2m) + s(jd) + s(pblmin) + s(v10m) + s(nirradiance) + s(tp) + s(tmin2m), data = .)     1388.856
gam(log(value) ~ s(tmax2m) + s(jd) + s(pblmin) + s(v10m) + s(nirradiance) + s(tp) + s(tmin2m), data = .)  1368.390
gam(log(value) ~ s(ptp) + s(jd) + s(pblmin) + s(v10m) + s(nirradiance) + s(tp) + s(tmin2m), data = .)     1399.595
gam(log(value) ~ s(rh) + s(jd) + s(pblmin) + s(v10m) + s(nirradiance) + s(tp) + s(tmin2m), data = .)      1393.027
gam(log(value) ~ s(u10m) + s(jd) + s(pblmin) + s(v10m) + s(nirradiance) + s(tp) + s(tmin2m), data = .)    1350.919
gam(log(value) ~ s(sp) + s(jd) + s(pblmin) + s(v10m) + s(nirradiance) + s(tp) + s(tmin2m), data = .)      1352.569
gam(log(value) ~ s(pbl00) + s(jd) + s(pblmin) + s(v10m) + s(nirradiance) + s(tp) + s(tmin2m), data = .)   1395.723
gam(log(value) ~ s(pbl12) + s(jd) + s(pblmin) + s(v10m) + s(nirradiance) + s(tp) + s(tmin2m), data = .)   1386.203
gam(log(value) ~ s(pblmax) + s(jd) + s(pblmin) + s(v10m) + s(nirradiance) + s(tp) + s(tmin2m), data = .)  1395.743
gam(log(value) ~ s(wdir) + s(jd) + s(pblmin) + s(v10m) + s(nirradiance) + s(tp) + s(tmin2m), data = .)    1384.203
gam(log(value) ~ s(wspeed) + s(jd) + s(pblmin) + s(v10m) + s(nirradiance) + s(tp) + s(tmin2m), data = .)  1350.448
gam(log(value) ~ s(pwspeed) + s(jd) + s(pblmin) + s(v10m) + s(nirradiance) + s(tp) + s(tmin2m), data = .) 1391.773

Modello migliore: wspeed - jd - pblmin - v10m - nirradiance - tp - tmin2m 

Variabile scelta wspeed con AIC 1350.44837753737  

Modelli BACKWARD 

                                                                                                           IT0889A
gam(log(value) ~ s(t2m) + s(jd) + s(pblmin) + s(v10m) + s(nirradiance) + s(tp) + s(wspeed), data = .)     1361.155
gam(log(value) ~ s(tmax2m) + s(jd) + s(pblmin) + s(v10m) + s(nirradiance) + s(tp) + s(wspeed), data = .)  1377.055
gam(log(value) ~ s(ptp) + s(jd) + s(pblmin) + s(v10m) + s(nirradiance) + s(tp) + s(wspeed), data = .)     1427.715
gam(log(value) ~ s(rh) + s(jd) + s(pblmin) + s(v10m) + s(nirradiance) + s(tp) + s(wspeed), data = .)      1430.973
gam(log(value) ~ s(u10m) + s(jd) + s(pblmin) + s(v10m) + s(nirradiance) + s(tp) + s(wspeed), data = .)    1425.132
gam(log(value) ~ s(sp) + s(jd) + s(pblmin) + s(v10m) + s(nirradiance) + s(tp) + s(wspeed), data = .)      1371.592
gam(log(value) ~ s(pbl00) + s(jd) + s(pblmin) + s(v10m) + s(nirradiance) + s(tp) + s(wspeed), data = .)   1420.612
gam(log(value) ~ s(pbl12) + s(jd) + s(pblmin) + s(v10m) + s(nirradiance) + s(tp) + s(wspeed), data = .)   1411.158
gam(log(value) ~ s(pblmax) + s(jd) + s(pblmin) + s(v10m) + s(nirradiance) + s(tp) + s(wspeed), data = .)  1420.771
gam(log(value) ~ s(wdir) + s(jd) + s(pblmin) + s(v10m) + s(nirradiance) + s(tp) + s(wspeed), data = .)    1421.347
gam(log(value) ~ s(pwspeed) + s(jd) + s(pblmin) + s(v10m) + s(nirradiance) + s(tp) + s(wspeed), data = .) 1409.787

Modello migliore: t2m - jd - pblmin - v10m - nirradiance - tp - wspeed 

Dati backward:  1361.15513514063::t2m::jd::pblmin::v10m::nirradiance::tp::wspeed 

Scelgo il modello N 

---------- START ---------- 

                                                                                                                       IT0889A
gam(log(value) ~ s(t2m) + s(jd) + s(pblmin) + s(v10m) + s(nirradiance) + s(tp) + s(tmin2m) + s(wspeed), data = .)     1336.585
gam(log(value) ~ s(tmax2m) + s(jd) + s(pblmin) + s(v10m) + s(nirradiance) + s(tp) + s(tmin2m) + s(wspeed), data = .)  1310.034
gam(log(value) ~ s(ptp) + s(jd) + s(pblmin) + s(v10m) + s(nirradiance) + s(tp) + s(tmin2m) + s(wspeed), data = .)     1348.119
gam(log(value) ~ s(rh) + s(jd) + s(pblmin) + s(v10m) + s(nirradiance) + s(tp) + s(tmin2m) + s(wspeed), data = .)      1348.787
gam(log(value) ~ s(u10m) + s(jd) + s(pblmin) + s(v10m) + s(nirradiance) + s(tp) + s(tmin2m) + s(wspeed), data = .)    1348.590
gam(log(value) ~ s(sp) + s(jd) + s(pblmin) + s(v10m) + s(nirradiance) + s(tp) + s(tmin2m) + s(wspeed), data = .)      1304.942
gam(log(value) ~ s(pbl00) + s(jd) + s(pblmin) + s(v10m) + s(nirradiance) + s(tp) + s(tmin2m) + s(wspeed), data = .)   1342.172
gam(log(value) ~ s(pbl12) + s(jd) + s(pblmin) + s(v10m) + s(nirradiance) + s(tp) + s(tmin2m) + s(wspeed), data = .)   1340.678
gam(log(value) ~ s(pblmax) + s(jd) + s(pblmin) + s(v10m) + s(nirradiance) + s(tp) + s(tmin2m) + s(wspeed), data = .)  1345.442
gam(log(value) ~ s(wdir) + s(jd) + s(pblmin) + s(v10m) + s(nirradiance) + s(tp) + s(tmin2m) + s(wspeed), data = .)    1348.982
gam(log(value) ~ s(pwspeed) + s(jd) + s(pblmin) + s(v10m) + s(nirradiance) + s(tp) + s(tmin2m) + s(wspeed), data = .) 1340.716

Modello migliore: sp - jd - pblmin - v10m - nirradiance - tp - tmin2m - wspeed 

Variabile scelta sp con AIC 1304.94232699108  

Modelli BACKWARD 

                                                                                                                   IT0889A
gam(log(value) ~ s(t2m) + s(jd) + s(pblmin) + s(v10m) + s(nirradiance) + s(tp) + s(tmin2m) + s(sp), data = .)     1338.184
gam(log(value) ~ s(tmax2m) + s(jd) + s(pblmin) + s(v10m) + s(nirradiance) + s(tp) + s(tmin2m) + s(sp), data = .)  1328.057
gam(log(value) ~ s(ptp) + s(jd) + s(pblmin) + s(v10m) + s(nirradiance) + s(tp) + s(tmin2m) + s(sp), data = .)     1351.146
gam(log(value) ~ s(rh) + s(jd) + s(pblmin) + s(v10m) + s(nirradiance) + s(tp) + s(tmin2m) + s(sp), data = .)      1345.902
gam(log(value) ~ s(u10m) + s(jd) + s(pblmin) + s(v10m) + s(nirradiance) + s(tp) + s(tmin2m) + s(sp), data = .)    1302.196
gam(log(value) ~ s(pbl00) + s(jd) + s(pblmin) + s(v10m) + s(nirradiance) + s(tp) + s(tmin2m) + s(sp), data = .)   1351.322
gam(log(value) ~ s(pbl12) + s(jd) + s(pblmin) + s(v10m) + s(nirradiance) + s(tp) + s(tmin2m) + s(sp), data = .)   1346.141
gam(log(value) ~ s(pblmax) + s(jd) + s(pblmin) + s(v10m) + s(nirradiance) + s(tp) + s(tmin2m) + s(sp), data = .)  1353.158
gam(log(value) ~ s(wdir) + s(jd) + s(pblmin) + s(v10m) + s(nirradiance) + s(tp) + s(tmin2m) + s(sp), data = .)    1339.401
gam(log(value) ~ s(pwspeed) + s(jd) + s(pblmin) + s(v10m) + s(nirradiance) + s(tp) + s(tmin2m) + s(sp), data = .) 1342.393

Modello migliore: u10m - jd - pblmin - v10m - nirradiance - tp - tmin2m - sp 

Dati backward:  1302.19641605262::u10m::jd::pblmin::v10m::nirradiance::tp::tmin2m::sp 

Scelgo il modello N 

---------- START ---------- 

                                                                                                                               IT0889A
gam(log(value) ~ s(t2m) + s(jd) + s(pblmin) + s(v10m) + s(nirradiance) + s(tp) + s(tmin2m) + s(wspeed) + s(sp), data = .)     1289.153
gam(log(value) ~ s(tmax2m) + s(jd) + s(pblmin) + s(v10m) + s(nirradiance) + s(tp) + s(tmin2m) + s(wspeed) + s(sp), data = .)  1273.244
gam(log(value) ~ s(ptp) + s(jd) + s(pblmin) + s(v10m) + s(nirradiance) + s(tp) + s(tmin2m) + s(wspeed) + s(sp), data = .)     1304.123
gam(log(value) ~ s(rh) + s(jd) + s(pblmin) + s(v10m) + s(nirradiance) + s(tp) + s(tmin2m) + s(wspeed) + s(sp), data = .)      1303.878
gam(log(value) ~ s(u10m) + s(jd) + s(pblmin) + s(v10m) + s(nirradiance) + s(tp) + s(tmin2m) + s(wspeed) + s(sp), data = .)    1300.322
gam(log(value) ~ s(pbl00) + s(jd) + s(pblmin) + s(v10m) + s(nirradiance) + s(tp) + s(tmin2m) + s(wspeed) + s(sp), data = .)   1300.560
gam(log(value) ~ s(pbl12) + s(jd) + s(pblmin) + s(v10m) + s(nirradiance) + s(tp) + s(tmin2m) + s(wspeed) + s(sp), data = .)   1301.884
gam(log(value) ~ s(pblmax) + s(jd) + s(pblmin) + s(v10m) + s(nirradiance) + s(tp) + s(tmin2m) + s(wspeed) + s(sp), data = .)  1305.850
gam(log(value) ~ s(wdir) + s(jd) + s(pblmin) + s(v10m) + s(nirradiance) + s(tp) + s(tmin2m) + s(wspeed) + s(sp), data = .)    1304.871
gam(log(value) ~ s(pwspeed) + s(jd) + s(pblmin) + s(v10m) + s(nirradiance) + s(tp) + s(tmin2m) + s(wspeed) + s(sp), data = .) 1293.561

Modello migliore: tmax2m - jd - pblmin - v10m - nirradiance - tp - tmin2m - wspeed - sp 

Variabile scelta tmax2m con AIC 1273.24381038311  

Modelli BACKWARD 

                                                                                                                                   IT0889A
gam(log(value) ~ s(t2m) + s(jd) + s(pblmin) + s(v10m) + s(nirradiance) + s(tp) + s(tmin2m) + s(wspeed) + s(tmax2m), data = .)     1269.221
gam(log(value) ~ s(ptp) + s(jd) + s(pblmin) + s(v10m) + s(nirradiance) + s(tp) + s(tmin2m) + s(wspeed) + s(tmax2m), data = .)     1309.217
gam(log(value) ~ s(rh) + s(jd) + s(pblmin) + s(v10m) + s(nirradiance) + s(tp) + s(tmin2m) + s(wspeed) + s(tmax2m), data = .)      1310.601
gam(log(value) ~ s(u10m) + s(jd) + s(pblmin) + s(v10m) + s(nirradiance) + s(tp) + s(tmin2m) + s(wspeed) + s(tmax2m), data = .)    1300.615
gam(log(value) ~ s(pbl00) + s(jd) + s(pblmin) + s(v10m) + s(nirradiance) + s(tp) + s(tmin2m) + s(wspeed) + s(tmax2m), data = .)   1304.332
gam(log(value) ~ s(pbl12) + s(jd) + s(pblmin) + s(v10m) + s(nirradiance) + s(tp) + s(tmin2m) + s(wspeed) + s(tmax2m), data = .)   1304.449
gam(log(value) ~ s(pblmax) + s(jd) + s(pblmin) + s(v10m) + s(nirradiance) + s(tp) + s(tmin2m) + s(wspeed) + s(tmax2m), data = .)  1307.319
gam(log(value) ~ s(wdir) + s(jd) + s(pblmin) + s(v10m) + s(nirradiance) + s(tp) + s(tmin2m) + s(wspeed) + s(tmax2m), data = .)    1307.778
gam(log(value) ~ s(pwspeed) + s(jd) + s(pblmin) + s(v10m) + s(nirradiance) + s(tp) + s(tmin2m) + s(wspeed) + s(tmax2m), data = .) 1300.864

Modello migliore: t2m - jd - pblmin - v10m - nirradiance - tp - tmin2m - wspeed - tmax2m 

Dati backward:  1269.22148039813::t2m::jd::pblmin::v10m::nirradiance::tp::tmin2m::wspeed::tmax2m 

Scelgo il modello N-1 

---------- START ---------- 

                                                                                                                               IT0889A
gam(log(value) ~ s(t2m) + s(jd) + s(pblmin) + s(v10m) + s(nirradiance) + s(tp) + s(tmin2m) + s(wspeed) + s(sp), data = .)     1289.153
gam(log(value) ~ s(ptp) + s(jd) + s(pblmin) + s(v10m) + s(nirradiance) + s(tp) + s(tmin2m) + s(wspeed) + s(sp), data = .)     1304.123
gam(log(value) ~ s(rh) + s(jd) + s(pblmin) + s(v10m) + s(nirradiance) + s(tp) + s(tmin2m) + s(wspeed) + s(sp), data = .)      1303.878
gam(log(value) ~ s(u10m) + s(jd) + s(pblmin) + s(v10m) + s(nirradiance) + s(tp) + s(tmin2m) + s(wspeed) + s(sp), data = .)    1300.322
gam(log(value) ~ s(pbl00) + s(jd) + s(pblmin) + s(v10m) + s(nirradiance) + s(tp) + s(tmin2m) + s(wspeed) + s(sp), data = .)   1300.560
gam(log(value) ~ s(pbl12) + s(jd) + s(pblmin) + s(v10m) + s(nirradiance) + s(tp) + s(tmin2m) + s(wspeed) + s(sp), data = .)   1301.884
gam(log(value) ~ s(pblmax) + s(jd) + s(pblmin) + s(v10m) + s(nirradiance) + s(tp) + s(tmin2m) + s(wspeed) + s(sp), data = .)  1305.850
gam(log(value) ~ s(wdir) + s(jd) + s(pblmin) + s(v10m) + s(nirradiance) + s(tp) + s(tmin2m) + s(wspeed) + s(sp), data = .)    1304.871
gam(log(value) ~ s(pwspeed) + s(jd) + s(pblmin) + s(v10m) + s(nirradiance) + s(tp) + s(tmin2m) + s(wspeed) + s(sp), data = .) 1293.561

Modello migliore: t2m - jd - pblmin - v10m - nirradiance - tp - tmin2m - wspeed - sp 

Variabile scelta t2m con AIC 1289.15272420675  

Fine per scelta MODELLO 

jd + pblmin + v10m + nirradiance + tp + tmin2m + wspeed + sp 

---------------------- 

NOTE: Log Print Time:  2021-05-11 14:11:39 
NOTE: Elapsed Time in seconds: 2.04198325077693 

Fine per scelta MODELLO 

jd + pblmin + v10m + nirradiance + tp + tmin2m + wspeed + sp 

---------------------- 

NOTE: Log Print Time:  2021-05-11 14:11:39 
NOTE: Elapsed Time in seconds: 0.00108027458190918 

Fine per scelta MODELLO 

jd + pblmin + v10m + nirradiance + tp + tmin2m + wspeed + sp 

---------------------- 

NOTE: Log Print Time:  2021-05-11 14:11:39 
NOTE: Elapsed Time in seconds: 0.0009918212890625 

Fine per scelta MODELLO 

jd + pblmin + v10m + nirradiance + tp + tmin2m + wspeed + sp 

---------------------- 

NOTE: Log Print Time:  2021-05-11 14:11:39 
NOTE: Elapsed Time in seconds: 0.000978231430053711 

Fine per scelta MODELLO 

jd + pblmin + v10m + nirradiance + tp + tmin2m + wspeed + sp 

---------------------- 

NOTE: Log Print Time:  2021-05-11 14:11:39 
NOTE: Elapsed Time in seconds: 0.000975847244262695 

Fine per scelta MODELLO 

jd + pblmin + v10m + nirradiance + tp + tmin2m + wspeed + sp 

---------------------- 

NOTE: Log Print Time:  2021-05-11 14:11:39 
NOTE: Elapsed Time in seconds: 0.000975847244262695 

Fine per scelta MODELLO 

jd + pblmin + v10m + nirradiance + tp + tmin2m + wspeed + sp 

---------------------- 

NOTE: Log Print Time:  2021-05-11 14:11:39 
NOTE: Elapsed Time in seconds: 0.0010216236114502 

Fine per scelta MODELLO 

jd + pblmin + v10m + nirradiance + tp + tmin2m + wspeed + sp 

---------------------- 

NOTE: Log Print Time:  2021-05-11 14:11:39 
NOTE: Elapsed Time in seconds: 0.000979185104370117 

Fine per scelta MODELLO 

jd + pblmin + v10m + nirradiance + tp + tmin2m + wspeed + sp 

---------------------- 

NOTE: Log Print Time:  2021-05-11 14:11:39 
NOTE: Elapsed Time in seconds: 0.00101065635681152 

========================================================================= 
Log End Time: 2021-05-11 14:11:39 
Log Elapsed Time: 0 00:00:02 
========================================================================= 
