========================================================================= 
Log Path: output/12/nox/log/pulvirus_nox_12_IT1837A.log 
Working Directory: /home/rmorelli/R/pulvirus/analisi/GAM/scelta 
User Name: rmorelli 
R Version: 4.0.5 (2021-03-31) 
Machine: pasqualino x86_64 
Operating System: Linux 4.19.0-13-amd64 #1 SMP Debian 4.19.160-2 (2020-11-28) 
Log Start Time: 2021-05-11 13:49:13 
========================================================================= 

Stazione: IT1837A 

---------- START ---------- 

                                            IT1837A
gam(log(value) ~ s(t2m), data = .)         2076.874
gam(log(value) ~ s(tmin2m), data = .)      2127.640
gam(log(value) ~ s(tmax2m), data = .)      2027.317
gam(log(value) ~ s(tp), data = .)          2364.320
gam(log(value) ~ s(ptp), data = .)         2374.906
gam(log(value) ~ s(rh), data = .)          1989.877
gam(log(value) ~ s(u10m), data = .)        2102.909
gam(log(value) ~ s(v10m), data = .)        2246.179
gam(log(value) ~ s(sp), data = .)          2202.045
gam(log(value) ~ s(nirradiance), data = .) 1720.762
gam(log(value) ~ s(pbl00), data = .)       2380.407
gam(log(value) ~ s(pbl12), data = .)       2133.888
gam(log(value) ~ s(pblmin), data = .)      2365.782
gam(log(value) ~ s(pblmax), data = .)      2251.071
gam(log(value) ~ s(wdir), data = .)        2010.672
gam(log(value) ~ s(wspeed), data = .)      2361.739
gam(log(value) ~ s(pwspeed), data = .)     2372.083
gam(log(value) ~ s(jd), data = .)          1760.944

Modello migliore: nirradiance 

Variabile scelta nirradiance con AIC 1720.76170678027  

---------- START ---------- 

                                                             IT1837A
gam(log(value) ~ s(t2m) + s(nirradiance), data = .)         1686.412
gam(log(value) ~ s(tmin2m) + s(nirradiance), data = .)      1705.073
gam(log(value) ~ s(tmax2m) + s(nirradiance), data = .)      1647.052
gam(log(value) ~ s(tp) + s(nirradiance), data = .)          1680.468
gam(log(value) ~ s(ptp) + s(nirradiance), data = .)         1700.194
gam(log(value) ~ s(rh) + s(nirradiance), data = .)          1672.147
gam(log(value) ~ s(u10m) + s(nirradiance), data = .)        1682.046
gam(log(value) ~ s(v10m) + s(nirradiance), data = .)        1452.639
gam(log(value) ~ s(sp) + s(nirradiance), data = .)          1647.104
gam(log(value) ~ s(nirradiance) + s(nirradiance), data = .) 1720.762
gam(log(value) ~ s(pbl00) + s(nirradiance), data = .)       1649.343
gam(log(value) ~ s(pbl12) + s(nirradiance), data = .)       1610.187
gam(log(value) ~ s(pblmin) + s(nirradiance), data = .)      1585.725
gam(log(value) ~ s(pblmax) + s(nirradiance), data = .)      1584.364
gam(log(value) ~ s(wdir) + s(nirradiance), data = .)        1558.882
gam(log(value) ~ s(wspeed) + s(nirradiance), data = .)      1618.346
gam(log(value) ~ s(pwspeed) + s(nirradiance), data = .)     1694.540
gam(log(value) ~ s(jd) + s(nirradiance), data = .)          1524.552

Modello migliore: v10m - nirradiance 

Variabile scelta v10m con AIC 1452.63903514302  

Modelli BACKWARD 

                                                  IT1837A
gam(log(value) ~ s(t2m) + s(v10m), data = .)     1766.192
gam(log(value) ~ s(tmin2m) + s(v10m), data = .)  1828.650
gam(log(value) ~ s(tmax2m) + s(v10m), data = .)  1793.683
gam(log(value) ~ s(tp) + s(v10m), data = .)      2246.133
gam(log(value) ~ s(ptp) + s(v10m), data = .)     2240.150
gam(log(value) ~ s(rh) + s(v10m), data = .)      1955.678
gam(log(value) ~ s(u10m) + s(v10m), data = .)    1947.540
gam(log(value) ~ s(sp) + s(v10m), data = .)      1978.355
gam(log(value) ~ s(pbl00) + s(v10m), data = .)   2244.887
gam(log(value) ~ s(pbl12) + s(v10m), data = .)   1962.266
gam(log(value) ~ s(pblmin) + s(v10m), data = .)  2235.078
gam(log(value) ~ s(pblmax) + s(v10m), data = .)  2136.950
gam(log(value) ~ s(wdir) + s(v10m), data = .)    1879.889
gam(log(value) ~ s(wspeed) + s(v10m), data = .)  2239.335
gam(log(value) ~ s(pwspeed) + s(v10m), data = .) 2228.657
gam(log(value) ~ s(jd) + s(v10m), data = .)      1425.619

Modello migliore: jd - v10m 

Dati backward:  1425.61932215032::jd::v10m 

Scelgo il modello N 

---------- START ---------- 

                                                                   IT1837A
gam(log(value) ~ s(t2m) + s(nirradiance) + s(v10m), data = .)     1420.068
gam(log(value) ~ s(tmin2m) + s(nirradiance) + s(v10m), data = .)  1408.840
gam(log(value) ~ s(tmax2m) + s(nirradiance) + s(v10m), data = .)  1433.842
gam(log(value) ~ s(tp) + s(nirradiance) + s(v10m), data = .)      1334.697
gam(log(value) ~ s(ptp) + s(nirradiance) + s(v10m), data = .)     1449.948
gam(log(value) ~ s(rh) + s(nirradiance) + s(v10m), data = .)      1445.755
gam(log(value) ~ s(u10m) + s(nirradiance) + s(v10m), data = .)    1388.642
gam(log(value) ~ s(sp) + s(nirradiance) + s(v10m), data = .)      1347.709
gam(log(value) ~ s(pbl00) + s(nirradiance) + s(v10m), data = .)   1413.872
gam(log(value) ~ s(pbl12) + s(nirradiance) + s(v10m), data = .)   1388.539
gam(log(value) ~ s(pblmin) + s(nirradiance) + s(v10m), data = .)  1360.213
gam(log(value) ~ s(pblmax) + s(nirradiance) + s(v10m), data = .)  1397.364
gam(log(value) ~ s(wdir) + s(nirradiance) + s(v10m), data = .)    1369.225
gam(log(value) ~ s(wspeed) + s(nirradiance) + s(v10m), data = .)  1428.096
gam(log(value) ~ s(pwspeed) + s(nirradiance) + s(v10m), data = .) 1445.129
gam(log(value) ~ s(jd) + s(nirradiance) + s(v10m), data = .)      1206.934

Modello migliore: jd - nirradiance - v10m 

Variabile scelta jd con AIC 1206.93398214812  

Modelli BACKWARD 

                                                                 IT1837A
gam(log(value) ~ s(t2m) + s(nirradiance) + s(jd), data = .)     1453.419
gam(log(value) ~ s(tmin2m) + s(nirradiance) + s(jd), data = .)  1476.036
gam(log(value) ~ s(tmax2m) + s(nirradiance) + s(jd), data = .)  1406.585
gam(log(value) ~ s(tp) + s(nirradiance) + s(jd), data = .)      1473.225
gam(log(value) ~ s(ptp) + s(nirradiance) + s(jd), data = .)     1501.275
gam(log(value) ~ s(rh) + s(nirradiance) + s(jd), data = .)      1438.579
gam(log(value) ~ s(u10m) + s(nirradiance) + s(jd), data = .)    1468.675
gam(log(value) ~ s(sp) + s(nirradiance) + s(jd), data = .)      1428.140
gam(log(value) ~ s(pbl00) + s(nirradiance) + s(jd), data = .)   1428.348
gam(log(value) ~ s(pbl12) + s(nirradiance) + s(jd), data = .)   1391.478
gam(log(value) ~ s(pblmin) + s(nirradiance) + s(jd), data = .)  1368.179
gam(log(value) ~ s(pblmax) + s(nirradiance) + s(jd), data = .)  1371.472
gam(log(value) ~ s(wdir) + s(nirradiance) + s(jd), data = .)    1327.758
gam(log(value) ~ s(wspeed) + s(nirradiance) + s(jd), data = .)  1413.446
gam(log(value) ~ s(pwspeed) + s(nirradiance) + s(jd), data = .) 1497.430

Modello migliore: wdir - nirradiance - jd 

Dati backward:  1327.75761874453::wdir::nirradiance::jd 

Scelgo il modello N 

---------- START ---------- 

                                                                           IT1837A
gam(log(value) ~ s(t2m) + s(nirradiance) + s(v10m) + s(jd), data = .)     1131.796
gam(log(value) ~ s(tmin2m) + s(nirradiance) + s(v10m) + s(jd), data = .)  1114.494
gam(log(value) ~ s(tmax2m) + s(nirradiance) + s(v10m) + s(jd), data = .)  1150.204
gam(log(value) ~ s(tp) + s(nirradiance) + s(v10m) + s(jd), data = .)      1087.570
gam(log(value) ~ s(ptp) + s(nirradiance) + s(v10m) + s(jd), data = .)     1206.944
gam(log(value) ~ s(rh) + s(nirradiance) + s(v10m) + s(jd), data = .)      1208.843
gam(log(value) ~ s(u10m) + s(nirradiance) + s(v10m) + s(jd), data = .)    1117.885
gam(log(value) ~ s(sp) + s(nirradiance) + s(v10m) + s(jd), data = .)      1088.356
gam(log(value) ~ s(pbl00) + s(nirradiance) + s(v10m) + s(jd), data = .)   1150.750
gam(log(value) ~ s(pbl12) + s(nirradiance) + s(v10m) + s(jd), data = .)   1128.056
gam(log(value) ~ s(pblmin) + s(nirradiance) + s(v10m) + s(jd), data = .)  1099.678
gam(log(value) ~ s(pblmax) + s(nirradiance) + s(v10m) + s(jd), data = .)  1147.721
gam(log(value) ~ s(wdir) + s(nirradiance) + s(v10m) + s(jd), data = .)    1102.178
gam(log(value) ~ s(wspeed) + s(nirradiance) + s(v10m) + s(jd), data = .)  1172.094
gam(log(value) ~ s(pwspeed) + s(nirradiance) + s(v10m) + s(jd), data = .) 1201.331

Modello migliore: tp - nirradiance - v10m - jd 

Variabile scelta tp con AIC 1087.57046079663  

Modelli BACKWARD 

                                                                           IT1837A
gam(log(value) ~ s(t2m) + s(nirradiance) + s(v10m) + s(tp), data = .)     1308.422
gam(log(value) ~ s(tmin2m) + s(nirradiance) + s(v10m) + s(tp), data = .)  1313.077
gam(log(value) ~ s(tmax2m) + s(nirradiance) + s(v10m) + s(tp), data = .)  1312.332
gam(log(value) ~ s(ptp) + s(nirradiance) + s(v10m) + s(tp), data = .)     1333.771
gam(log(value) ~ s(rh) + s(nirradiance) + s(v10m) + s(tp), data = .)      1336.660
gam(log(value) ~ s(u10m) + s(nirradiance) + s(v10m) + s(tp), data = .)    1296.434
gam(log(value) ~ s(sp) + s(nirradiance) + s(v10m) + s(tp), data = .)      1296.999
gam(log(value) ~ s(pbl00) + s(nirradiance) + s(v10m) + s(tp), data = .)   1320.731
gam(log(value) ~ s(pbl12) + s(nirradiance) + s(v10m) + s(tp), data = .)   1288.238
gam(log(value) ~ s(pblmin) + s(nirradiance) + s(v10m) + s(tp), data = .)  1279.315
gam(log(value) ~ s(pblmax) + s(nirradiance) + s(v10m) + s(tp), data = .)  1303.504
gam(log(value) ~ s(wdir) + s(nirradiance) + s(v10m) + s(tp), data = .)    1271.572
gam(log(value) ~ s(wspeed) + s(nirradiance) + s(v10m) + s(tp), data = .)  1318.191
gam(log(value) ~ s(pwspeed) + s(nirradiance) + s(v10m) + s(tp), data = .) 1332.715

Modello migliore: wdir - nirradiance - v10m - tp 

Dati backward:  1271.57170909601::wdir::nirradiance::v10m::tp 

Scelgo il modello N 

---------- START ---------- 

                                                                                   IT1837A
gam(log(value) ~ s(t2m) + s(nirradiance) + s(v10m) + s(jd) + s(tp), data = .)     1007.901
gam(log(value) ~ s(tmin2m) + s(nirradiance) + s(v10m) + s(jd) + s(tp), data = .)  1008.365
gam(log(value) ~ s(tmax2m) + s(nirradiance) + s(v10m) + s(jd) + s(tp), data = .)  1022.913
gam(log(value) ~ s(ptp) + s(nirradiance) + s(v10m) + s(jd) + s(tp), data = .)     1085.466
gam(log(value) ~ s(rh) + s(nirradiance) + s(v10m) + s(jd) + s(tp), data = .)      1082.805
gam(log(value) ~ s(u10m) + s(nirradiance) + s(v10m) + s(jd) + s(tp), data = .)    1030.031
gam(log(value) ~ s(sp) + s(nirradiance) + s(v10m) + s(jd) + s(tp), data = .)      1027.776
gam(log(value) ~ s(pbl00) + s(nirradiance) + s(v10m) + s(jd) + s(tp), data = .)   1051.965
gam(log(value) ~ s(pbl12) + s(nirradiance) + s(v10m) + s(jd) + s(tp), data = .)   1023.994
gam(log(value) ~ s(pblmin) + s(nirradiance) + s(v10m) + s(jd) + s(tp), data = .)  1010.250
gam(log(value) ~ s(pblmax) + s(nirradiance) + s(v10m) + s(jd) + s(tp), data = .)  1049.958
gam(log(value) ~ s(wdir) + s(nirradiance) + s(v10m) + s(jd) + s(tp), data = .)    1006.629
gam(log(value) ~ s(wspeed) + s(nirradiance) + s(v10m) + s(jd) + s(tp), data = .)  1062.134
gam(log(value) ~ s(pwspeed) + s(nirradiance) + s(v10m) + s(jd) + s(tp), data = .) 1088.252

Modello migliore: wdir - nirradiance - v10m - jd - tp 

Variabile scelta wdir con AIC 1006.62900005914  

Modelli BACKWARD 

                                                                                     IT1837A
gam(log(value) ~ s(t2m) + s(nirradiance) + s(v10m) + s(jd) + s(wdir), data = .)     1047.151
gam(log(value) ~ s(tmin2m) + s(nirradiance) + s(v10m) + s(jd) + s(wdir), data = .)  1035.055
gam(log(value) ~ s(tmax2m) + s(nirradiance) + s(v10m) + s(jd) + s(wdir), data = .)  1055.527
gam(log(value) ~ s(ptp) + s(nirradiance) + s(v10m) + s(jd) + s(wdir), data = .)     1104.091
gam(log(value) ~ s(rh) + s(nirradiance) + s(v10m) + s(jd) + s(wdir), data = .)      1104.103
gam(log(value) ~ s(u10m) + s(nirradiance) + s(v10m) + s(jd) + s(wdir), data = .)    1077.315
gam(log(value) ~ s(sp) + s(nirradiance) + s(v10m) + s(jd) + s(wdir), data = .)      1017.058
gam(log(value) ~ s(pbl00) + s(nirradiance) + s(v10m) + s(jd) + s(wdir), data = .)   1067.814
gam(log(value) ~ s(pbl12) + s(nirradiance) + s(v10m) + s(jd) + s(wdir), data = .)   1026.140
gam(log(value) ~ s(pblmin) + s(nirradiance) + s(v10m) + s(jd) + s(wdir), data = .)  1023.347
gam(log(value) ~ s(pblmax) + s(nirradiance) + s(v10m) + s(jd) + s(wdir), data = .)  1049.733
gam(log(value) ~ s(wspeed) + s(nirradiance) + s(v10m) + s(jd) + s(wdir), data = .)  1074.856
gam(log(value) ~ s(pwspeed) + s(nirradiance) + s(v10m) + s(jd) + s(wdir), data = .) 1100.118

Modello migliore: sp - nirradiance - v10m - jd - wdir 

Dati backward:  1017.05814305759::sp::nirradiance::v10m::jd::wdir 

Scelgo il modello N 

---------- START ---------- 

                                                                                              IT1837A
gam(log(value) ~ s(t2m) + s(nirradiance) + s(v10m) + s(jd) + s(tp) + s(wdir), data = .)      946.7491
gam(log(value) ~ s(tmin2m) + s(nirradiance) + s(v10m) + s(jd) + s(tp) + s(wdir), data = .)   948.0787
gam(log(value) ~ s(tmax2m) + s(nirradiance) + s(v10m) + s(jd) + s(tp) + s(wdir), data = .)   953.0100
gam(log(value) ~ s(ptp) + s(nirradiance) + s(v10m) + s(jd) + s(tp) + s(wdir), data = .)      998.7870
gam(log(value) ~ s(rh) + s(nirradiance) + s(v10m) + s(jd) + s(tp) + s(wdir), data = .)      1004.1529
gam(log(value) ~ s(u10m) + s(nirradiance) + s(v10m) + s(jd) + s(tp) + s(wdir), data = .)     989.2574
gam(log(value) ~ s(sp) + s(nirradiance) + s(v10m) + s(jd) + s(tp) + s(wdir), data = .)       961.6007
gam(log(value) ~ s(pbl00) + s(nirradiance) + s(v10m) + s(jd) + s(tp) + s(wdir), data = .)    979.9992
gam(log(value) ~ s(pbl12) + s(nirradiance) + s(v10m) + s(jd) + s(tp) + s(wdir), data = .)    941.0141
gam(log(value) ~ s(pblmin) + s(nirradiance) + s(v10m) + s(jd) + s(tp) + s(wdir), data = .)   946.1796
gam(log(value) ~ s(pblmax) + s(nirradiance) + s(v10m) + s(jd) + s(tp) + s(wdir), data = .)   970.3385
gam(log(value) ~ s(wspeed) + s(nirradiance) + s(v10m) + s(jd) + s(tp) + s(wdir), data = .)   986.4368
gam(log(value) ~ s(pwspeed) + s(nirradiance) + s(v10m) + s(jd) + s(tp) + s(wdir), data = .) 1006.6135

Modello migliore: pbl12 - nirradiance - v10m - jd - tp - wdir 

Variabile scelta pbl12 con AIC 941.014070207537  

Modelli BACKWARD 

                                                                                               IT1837A
gam(log(value) ~ s(t2m) + s(nirradiance) + s(v10m) + s(jd) + s(tp) + s(pbl12), data = .)      962.0401
gam(log(value) ~ s(tmin2m) + s(nirradiance) + s(v10m) + s(jd) + s(tp) + s(pbl12), data = .)   953.5682
gam(log(value) ~ s(tmax2m) + s(nirradiance) + s(v10m) + s(jd) + s(tp) + s(pbl12), data = .)   970.2849
gam(log(value) ~ s(ptp) + s(nirradiance) + s(v10m) + s(jd) + s(tp) + s(pbl12), data = .)     1016.5894
gam(log(value) ~ s(rh) + s(nirradiance) + s(v10m) + s(jd) + s(tp) + s(pbl12), data = .)      1023.8471
gam(log(value) ~ s(u10m) + s(nirradiance) + s(v10m) + s(jd) + s(tp) + s(pbl12), data = .)     987.8903
gam(log(value) ~ s(sp) + s(nirradiance) + s(v10m) + s(jd) + s(tp) + s(pbl12), data = .)       985.5217
gam(log(value) ~ s(pbl00) + s(nirradiance) + s(v10m) + s(jd) + s(tp) + s(pbl12), data = .)   1001.8470
gam(log(value) ~ s(pblmin) + s(nirradiance) + s(v10m) + s(jd) + s(tp) + s(pbl12), data = .)   973.4788
gam(log(value) ~ s(pblmax) + s(nirradiance) + s(v10m) + s(jd) + s(tp) + s(pbl12), data = .)  1024.6128
gam(log(value) ~ s(wspeed) + s(nirradiance) + s(v10m) + s(jd) + s(tp) + s(pbl12), data = .)  1011.1464
gam(log(value) ~ s(pwspeed) + s(nirradiance) + s(v10m) + s(jd) + s(tp) + s(pbl12), data = .) 1025.4051

Modello migliore: tmin2m - nirradiance - v10m - jd - tp - pbl12 

Dati backward:  953.568207181842::tmin2m::nirradiance::v10m::jd::tp::pbl12 

Scelgo il modello N 

---------- START ---------- 

                                                                                                        IT1837A
gam(log(value) ~ s(t2m) + s(nirradiance) + s(v10m) + s(jd) + s(tp) + s(wdir) + s(pbl12), data = .)     896.8216
gam(log(value) ~ s(tmin2m) + s(nirradiance) + s(v10m) + s(jd) + s(tp) + s(wdir) + s(pbl12), data = .)  889.3644
gam(log(value) ~ s(tmax2m) + s(nirradiance) + s(v10m) + s(jd) + s(tp) + s(wdir) + s(pbl12), data = .)  899.8956
gam(log(value) ~ s(ptp) + s(nirradiance) + s(v10m) + s(jd) + s(tp) + s(wdir) + s(pbl12), data = .)     925.7569
gam(log(value) ~ s(rh) + s(nirradiance) + s(v10m) + s(jd) + s(tp) + s(wdir) + s(pbl12), data = .)      942.4934
gam(log(value) ~ s(u10m) + s(nirradiance) + s(v10m) + s(jd) + s(tp) + s(wdir) + s(pbl12), data = .)    931.6434
gam(log(value) ~ s(sp) + s(nirradiance) + s(v10m) + s(jd) + s(tp) + s(wdir) + s(pbl12), data = .)      913.5957
gam(log(value) ~ s(pbl00) + s(nirradiance) + s(v10m) + s(jd) + s(tp) + s(wdir) + s(pbl12), data = .)   921.3222
gam(log(value) ~ s(pblmin) + s(nirradiance) + s(v10m) + s(jd) + s(tp) + s(wdir) + s(pbl12), data = .)  900.4195
gam(log(value) ~ s(pblmax) + s(nirradiance) + s(v10m) + s(jd) + s(tp) + s(wdir) + s(pbl12), data = .)  938.2307
gam(log(value) ~ s(wspeed) + s(nirradiance) + s(v10m) + s(jd) + s(tp) + s(wdir) + s(pbl12), data = .)  930.3575
gam(log(value) ~ s(pwspeed) + s(nirradiance) + s(v10m) + s(jd) + s(tp) + s(wdir) + s(pbl12), data = .) 940.4526

Modello migliore: tmin2m - nirradiance - v10m - jd - tp - wdir - pbl12 

Variabile scelta tmin2m con AIC 889.364449333161  

Modelli BACKWARD 

                                                                                                         IT1837A
gam(log(value) ~ s(t2m) + s(nirradiance) + s(v10m) + s(jd) + s(tp) + s(wdir) + s(tmin2m), data = .)     915.6546
gam(log(value) ~ s(tmax2m) + s(nirradiance) + s(v10m) + s(jd) + s(tp) + s(wdir) + s(tmin2m), data = .)  875.5293
gam(log(value) ~ s(ptp) + s(nirradiance) + s(v10m) + s(jd) + s(tp) + s(wdir) + s(tmin2m), data = .)     940.2887
gam(log(value) ~ s(rh) + s(nirradiance) + s(v10m) + s(jd) + s(tp) + s(wdir) + s(tmin2m), data = .)      947.5262
gam(log(value) ~ s(u10m) + s(nirradiance) + s(v10m) + s(jd) + s(tp) + s(wdir) + s(tmin2m), data = .)    930.7445
gam(log(value) ~ s(sp) + s(nirradiance) + s(v10m) + s(jd) + s(tp) + s(wdir) + s(tmin2m), data = .)      918.9370
gam(log(value) ~ s(pbl00) + s(nirradiance) + s(v10m) + s(jd) + s(tp) + s(wdir) + s(tmin2m), data = .)   926.3831
gam(log(value) ~ s(pblmin) + s(nirradiance) + s(v10m) + s(jd) + s(tp) + s(wdir) + s(tmin2m), data = .)  896.8581
gam(log(value) ~ s(pblmax) + s(nirradiance) + s(v10m) + s(jd) + s(tp) + s(wdir) + s(tmin2m), data = .)  911.2026
gam(log(value) ~ s(wspeed) + s(nirradiance) + s(v10m) + s(jd) + s(tp) + s(wdir) + s(tmin2m), data = .)  927.8160
gam(log(value) ~ s(pwspeed) + s(nirradiance) + s(v10m) + s(jd) + s(tp) + s(wdir) + s(tmin2m), data = .) 947.7220

Modello migliore: tmax2m - nirradiance - v10m - jd - tp - wdir - tmin2m 

Dati backward:  875.529280004091::tmax2m::nirradiance::v10m::jd::tp::wdir::tmin2m 

Scelgo il modello N 

---------- START ---------- 

                                                                                                                    IT1837A
gam(log(value) ~ s(t2m) + s(nirradiance) + s(v10m) + s(jd) + s(tp) + s(wdir) + s(pbl12) + s(tmin2m), data = .)     866.2423
gam(log(value) ~ s(tmax2m) + s(nirradiance) + s(v10m) + s(jd) + s(tp) + s(wdir) + s(pbl12) + s(tmin2m), data = .)  839.8298
gam(log(value) ~ s(ptp) + s(nirradiance) + s(v10m) + s(jd) + s(tp) + s(wdir) + s(pbl12) + s(tmin2m), data = .)     875.5752
gam(log(value) ~ s(rh) + s(nirradiance) + s(v10m) + s(jd) + s(tp) + s(wdir) + s(pbl12) + s(tmin2m), data = .)      883.2078
gam(log(value) ~ s(u10m) + s(nirradiance) + s(v10m) + s(jd) + s(tp) + s(wdir) + s(pbl12) + s(tmin2m), data = .)    879.4831
gam(log(value) ~ s(sp) + s(nirradiance) + s(v10m) + s(jd) + s(tp) + s(wdir) + s(pbl12) + s(tmin2m), data = .)      871.8525
gam(log(value) ~ s(pbl00) + s(nirradiance) + s(v10m) + s(jd) + s(tp) + s(wdir) + s(pbl12) + s(tmin2m), data = .)   872.3667
gam(log(value) ~ s(pblmin) + s(nirradiance) + s(v10m) + s(jd) + s(tp) + s(wdir) + s(pbl12) + s(tmin2m), data = .)  855.0803
gam(log(value) ~ s(pblmax) + s(nirradiance) + s(v10m) + s(jd) + s(tp) + s(wdir) + s(pbl12) + s(tmin2m), data = .)  887.4064
gam(log(value) ~ s(wspeed) + s(nirradiance) + s(v10m) + s(jd) + s(tp) + s(wdir) + s(pbl12) + s(tmin2m), data = .)  878.4625
gam(log(value) ~ s(pwspeed) + s(nirradiance) + s(v10m) + s(jd) + s(tp) + s(wdir) + s(pbl12) + s(tmin2m), data = .) 889.1000

Modello migliore: tmax2m - nirradiance - v10m - jd - tp - wdir - pbl12 - tmin2m 

Variabile scelta tmax2m con AIC 839.829766670881  

Modelli BACKWARD 

                                                                                                                    IT1837A
gam(log(value) ~ s(t2m) + s(nirradiance) + s(v10m) + s(jd) + s(tp) + s(wdir) + s(pbl12) + s(tmax2m), data = .)     834.9824
gam(log(value) ~ s(ptp) + s(nirradiance) + s(v10m) + s(jd) + s(tp) + s(wdir) + s(pbl12) + s(tmax2m), data = .)     888.6006
gam(log(value) ~ s(rh) + s(nirradiance) + s(v10m) + s(jd) + s(tp) + s(wdir) + s(pbl12) + s(tmax2m), data = .)      897.1678
gam(log(value) ~ s(u10m) + s(nirradiance) + s(v10m) + s(jd) + s(tp) + s(wdir) + s(pbl12) + s(tmax2m), data = .)    888.7224
gam(log(value) ~ s(sp) + s(nirradiance) + s(v10m) + s(jd) + s(tp) + s(wdir) + s(pbl12) + s(tmax2m), data = .)      874.8374
gam(log(value) ~ s(pbl00) + s(nirradiance) + s(v10m) + s(jd) + s(tp) + s(wdir) + s(pbl12) + s(tmax2m), data = .)   883.4321
gam(log(value) ~ s(pblmin) + s(nirradiance) + s(v10m) + s(jd) + s(tp) + s(wdir) + s(pbl12) + s(tmax2m), data = .)  865.1067
gam(log(value) ~ s(pblmax) + s(nirradiance) + s(v10m) + s(jd) + s(tp) + s(wdir) + s(pbl12) + s(tmax2m), data = .)  898.2628
gam(log(value) ~ s(wspeed) + s(nirradiance) + s(v10m) + s(jd) + s(tp) + s(wdir) + s(pbl12) + s(tmax2m), data = .)  887.3808
gam(log(value) ~ s(pwspeed) + s(nirradiance) + s(v10m) + s(jd) + s(tp) + s(wdir) + s(pbl12) + s(tmax2m), data = .) 897.6204

Modello migliore: t2m - nirradiance - v10m - jd - tp - wdir - pbl12 - tmax2m 

Dati backward:  834.982385319332::t2m::nirradiance::v10m::jd::tp::wdir::pbl12::tmax2m 

Scelgo il modello N-1 

---------- START ---------- 

                                                                                                                    IT1837A
gam(log(value) ~ s(t2m) + s(nirradiance) + s(v10m) + s(jd) + s(tp) + s(wdir) + s(pbl12) + s(tmin2m), data = .)     866.2423
gam(log(value) ~ s(ptp) + s(nirradiance) + s(v10m) + s(jd) + s(tp) + s(wdir) + s(pbl12) + s(tmin2m), data = .)     875.5752
gam(log(value) ~ s(rh) + s(nirradiance) + s(v10m) + s(jd) + s(tp) + s(wdir) + s(pbl12) + s(tmin2m), data = .)      883.2078
gam(log(value) ~ s(u10m) + s(nirradiance) + s(v10m) + s(jd) + s(tp) + s(wdir) + s(pbl12) + s(tmin2m), data = .)    879.4831
gam(log(value) ~ s(sp) + s(nirradiance) + s(v10m) + s(jd) + s(tp) + s(wdir) + s(pbl12) + s(tmin2m), data = .)      871.8525
gam(log(value) ~ s(pbl00) + s(nirradiance) + s(v10m) + s(jd) + s(tp) + s(wdir) + s(pbl12) + s(tmin2m), data = .)   872.3667
gam(log(value) ~ s(pblmin) + s(nirradiance) + s(v10m) + s(jd) + s(tp) + s(wdir) + s(pbl12) + s(tmin2m), data = .)  855.0803
gam(log(value) ~ s(pblmax) + s(nirradiance) + s(v10m) + s(jd) + s(tp) + s(wdir) + s(pbl12) + s(tmin2m), data = .)  887.4064
gam(log(value) ~ s(wspeed) + s(nirradiance) + s(v10m) + s(jd) + s(tp) + s(wdir) + s(pbl12) + s(tmin2m), data = .)  878.4625
gam(log(value) ~ s(pwspeed) + s(nirradiance) + s(v10m) + s(jd) + s(tp) + s(wdir) + s(pbl12) + s(tmin2m), data = .) 889.1000

Modello migliore: pblmin - nirradiance - v10m - jd - tp - wdir - pbl12 - tmin2m 

Variabile scelta pblmin con AIC 855.080261700659  

Fine per scelta MODELLO 

nirradiance + v10m + jd + tp + wdir + pbl12 + tmin2m 

---------------------- 

NOTE: Log Print Time:  2021-05-11 13:51:01 
NOTE: Elapsed Time in seconds: 1.79814245303472 

Fine per scelta MODELLO 

nirradiance + v10m + jd + tp + wdir + pbl12 + tmin2m 

---------------------- 

NOTE: Log Print Time:  2021-05-11 13:51:01 
NOTE: Elapsed Time in seconds: 0.00111746788024902 

Fine per scelta MODELLO 

nirradiance + v10m + jd + tp + wdir + pbl12 + tmin2m 

---------------------- 

NOTE: Log Print Time:  2021-05-11 13:51:01 
NOTE: Elapsed Time in seconds: 0.00102472305297852 

Fine per scelta MODELLO 

nirradiance + v10m + jd + tp + wdir + pbl12 + tmin2m 

---------------------- 

NOTE: Log Print Time:  2021-05-11 13:51:01 
NOTE: Elapsed Time in seconds: 0.00101947784423828 

Fine per scelta MODELLO 

nirradiance + v10m + jd + tp + wdir + pbl12 + tmin2m 

---------------------- 

NOTE: Log Print Time:  2021-05-11 13:51:01 
NOTE: Elapsed Time in seconds: 0.0010533332824707 

Fine per scelta MODELLO 

nirradiance + v10m + jd + tp + wdir + pbl12 + tmin2m 

---------------------- 

NOTE: Log Print Time:  2021-05-11 13:51:01 
NOTE: Elapsed Time in seconds: 0.0010216236114502 

Fine per scelta MODELLO 

nirradiance + v10m + jd + tp + wdir + pbl12 + tmin2m 

---------------------- 

NOTE: Log Print Time:  2021-05-11 13:51:01 
NOTE: Elapsed Time in seconds: 0.00103950500488281 

Fine per scelta MODELLO 

nirradiance + v10m + jd + tp + wdir + pbl12 + tmin2m 

---------------------- 

NOTE: Log Print Time:  2021-05-11 13:51:01 
NOTE: Elapsed Time in seconds: 0.00101256370544434 

========================================================================= 
Log End Time: 2021-05-11 13:51:01 
Log Elapsed Time: 0 00:00:01 
========================================================================= 
