========================================================================= 
Log Path: output/12/nox/log/pulvirus_nox_12_IT1834A.log 
Working Directory: /home/rmorelli/R/pulvirus/analisi/GAM/scelta 
User Name: rmorelli 
R Version: 4.0.5 (2021-03-31) 
Machine: pasqualino x86_64 
Operating System: Linux 4.19.0-13-amd64 #1 SMP Debian 4.19.160-2 (2020-11-28) 
Log Start Time: 2021-05-11 14:03:31 
========================================================================= 

Stazione: IT1834A 

---------- START ---------- 

                                            IT1834A
gam(log(value) ~ s(t2m), data = .)         2443.416
gam(log(value) ~ s(tmin2m), data = .)      2469.064
gam(log(value) ~ s(tmax2m), data = .)      2567.243
gam(log(value) ~ s(tp), data = .)          2961.795
gam(log(value) ~ s(ptp), data = .)         3019.737
gam(log(value) ~ s(rh), data = .)          2871.578
gam(log(value) ~ s(u10m), data = .)        2828.027
gam(log(value) ~ s(v10m), data = .)        2801.921
gam(log(value) ~ s(sp), data = .)          2558.148
gam(log(value) ~ s(nirradiance), data = .) 2433.998
gam(log(value) ~ s(pbl00), data = .)       2958.305
gam(log(value) ~ s(pbl12), data = .)       2283.130
gam(log(value) ~ s(pblmin), data = .)      2885.649
gam(log(value) ~ s(pblmax), data = .)      2360.734
gam(log(value) ~ s(wdir), data = .)        2685.453
gam(log(value) ~ s(wspeed), data = .)      2902.082
gam(log(value) ~ s(pwspeed), data = .)     2998.657
gam(log(value) ~ s(jd), data = .)          2278.972

Modello migliore: jd 

Variabile scelta jd con AIC 2278.9716147436  

---------- START ---------- 

                                                    IT1834A
gam(log(value) ~ s(t2m) + s(jd), data = .)         2121.772
gam(log(value) ~ s(tmin2m) + s(jd), data = .)      2119.331
gam(log(value) ~ s(tmax2m) + s(jd), data = .)      2210.797
gam(log(value) ~ s(tp) + s(jd), data = .)          2091.719
gam(log(value) ~ s(ptp) + s(jd), data = .)         2235.830
gam(log(value) ~ s(rh) + s(jd), data = .)          2265.685
gam(log(value) ~ s(u10m) + s(jd), data = .)        2164.644
gam(log(value) ~ s(v10m) + s(jd), data = .)        1875.954
gam(log(value) ~ s(sp) + s(jd), data = .)          1998.588
gam(log(value) ~ s(nirradiance) + s(jd), data = .) 2150.231
gam(log(value) ~ s(pbl00) + s(jd), data = .)       2022.734
gam(log(value) ~ s(pbl12) + s(jd), data = .)       1949.111
gam(log(value) ~ s(pblmin) + s(jd), data = .)      1825.602
gam(log(value) ~ s(pblmax) + s(jd), data = .)      1977.520
gam(log(value) ~ s(wdir) + s(jd), data = .)        2154.686
gam(log(value) ~ s(wspeed) + s(jd), data = .)      1874.711
gam(log(value) ~ s(pwspeed) + s(jd), data = .)     2208.429
gam(log(value) ~ s(jd) + s(jd), data = .)          2278.972

Modello migliore: pblmin - jd 

Variabile scelta pblmin con AIC 1825.60244999977  

Modelli BACKWARD 

                                                        IT1834A
gam(log(value) ~ s(t2m) + s(pblmin), data = .)         2176.199
gam(log(value) ~ s(tmin2m) + s(pblmin), data = .)      2270.733
gam(log(value) ~ s(tmax2m) + s(pblmin), data = .)      2213.306
gam(log(value) ~ s(tp) + s(pblmin), data = .)          2875.973
gam(log(value) ~ s(ptp) + s(pblmin), data = .)         2886.271
gam(log(value) ~ s(rh) + s(pblmin), data = .)          2692.070
gam(log(value) ~ s(u10m) + s(pblmin), data = .)        2652.135
gam(log(value) ~ s(v10m) + s(pblmin), data = .)        2771.120
gam(log(value) ~ s(sp) + s(pblmin), data = .)          2454.023
gam(log(value) ~ s(nirradiance) + s(pblmin), data = .) 1932.783
gam(log(value) ~ s(pbl00) + s(pblmin), data = .)       2887.524
gam(log(value) ~ s(pbl12) + s(pblmin), data = .)       2127.906
gam(log(value) ~ s(pblmax) + s(pblmin), data = .)      2229.262
gam(log(value) ~ s(wdir) + s(pblmin), data = .)        2530.840
gam(log(value) ~ s(wspeed) + s(pblmin), data = .)      2861.165
gam(log(value) ~ s(pwspeed) + s(pblmin), data = .)     2829.787

Modello migliore: nirradiance - pblmin 

Dati backward:  1932.78263393598::nirradiance::pblmin 

Scelgo il modello N 

---------- START ---------- 

                                                                IT1834A
gam(log(value) ~ s(t2m) + s(jd) + s(pblmin), data = .)         1691.373
gam(log(value) ~ s(tmin2m) + s(jd) + s(pblmin), data = .)      1713.830
gam(log(value) ~ s(tmax2m) + s(jd) + s(pblmin), data = .)      1726.375
gam(log(value) ~ s(tp) + s(jd) + s(pblmin), data = .)          1790.279
gam(log(value) ~ s(ptp) + s(jd) + s(pblmin), data = .)         1826.050
gam(log(value) ~ s(rh) + s(jd) + s(pblmin), data = .)          1823.471
gam(log(value) ~ s(u10m) + s(jd) + s(pblmin), data = .)        1785.909
gam(log(value) ~ s(v10m) + s(jd) + s(pblmin), data = .)        1733.961
gam(log(value) ~ s(sp) + s(jd) + s(pblmin), data = .)          1689.411
gam(log(value) ~ s(nirradiance) + s(jd) + s(pblmin), data = .) 1616.209
gam(log(value) ~ s(pbl00) + s(jd) + s(pblmin), data = .)       1820.626
gam(log(value) ~ s(pbl12) + s(jd) + s(pblmin), data = .)       1575.080
gam(log(value) ~ s(pblmax) + s(jd) + s(pblmin), data = .)      1608.219
gam(log(value) ~ s(wdir) + s(jd) + s(pblmin), data = .)        1740.583
gam(log(value) ~ s(wspeed) + s(jd) + s(pblmin), data = .)      1763.879
gam(log(value) ~ s(pwspeed) + s(jd) + s(pblmin), data = .)     1782.548

Modello migliore: pbl12 - jd - pblmin 

Variabile scelta pbl12 con AIC 1575.07988103986  

Modelli BACKWARD 

                                                               IT1834A
gam(log(value) ~ s(t2m) + s(jd) + s(pbl12), data = .)         1880.191
gam(log(value) ~ s(tmin2m) + s(jd) + s(pbl12), data = .)      1852.378
gam(log(value) ~ s(tmax2m) + s(jd) + s(pbl12), data = .)      1920.769
gam(log(value) ~ s(tp) + s(jd) + s(pbl12), data = .)          1662.832
gam(log(value) ~ s(ptp) + s(jd) + s(pbl12), data = .)         1907.995
gam(log(value) ~ s(rh) + s(jd) + s(pbl12), data = .)          1913.830
gam(log(value) ~ s(u10m) + s(jd) + s(pbl12), data = .)        1858.776
gam(log(value) ~ s(v10m) + s(jd) + s(pbl12), data = .)        1652.642
gam(log(value) ~ s(sp) + s(jd) + s(pbl12), data = .)          1726.556
gam(log(value) ~ s(nirradiance) + s(jd) + s(pbl12), data = .) 1820.958
gam(log(value) ~ s(pbl00) + s(jd) + s(pbl12), data = .)       1746.953
gam(log(value) ~ s(pblmax) + s(jd) + s(pbl12), data = .)      1935.026
gam(log(value) ~ s(wdir) + s(jd) + s(pbl12), data = .)        1874.302
gam(log(value) ~ s(wspeed) + s(jd) + s(pbl12), data = .)      1670.396
gam(log(value) ~ s(pwspeed) + s(jd) + s(pbl12), data = .)     1898.446

Modello migliore: v10m - jd - pbl12 

Dati backward:  1652.64154609942::v10m::jd::pbl12 

Scelgo il modello N 

---------- START ---------- 

                                                                           IT1834A
gam(log(value) ~ s(t2m) + s(jd) + s(pblmin) + s(pbl12), data = .)         1511.795
gam(log(value) ~ s(tmin2m) + s(jd) + s(pblmin) + s(pbl12), data = .)      1510.652
gam(log(value) ~ s(tmax2m) + s(jd) + s(pblmin) + s(pbl12), data = .)      1530.422
gam(log(value) ~ s(tp) + s(jd) + s(pblmin) + s(pbl12), data = .)          1480.827
gam(log(value) ~ s(ptp) + s(jd) + s(pblmin) + s(pbl12), data = .)         1571.255
gam(log(value) ~ s(rh) + s(jd) + s(pblmin) + s(pbl12), data = .)          1568.203
gam(log(value) ~ s(u10m) + s(jd) + s(pblmin) + s(pbl12), data = .)        1551.993
gam(log(value) ~ s(v10m) + s(jd) + s(pblmin) + s(pbl12), data = .)        1524.540
gam(log(value) ~ s(sp) + s(jd) + s(pblmin) + s(pbl12), data = .)          1484.826
gam(log(value) ~ s(nirradiance) + s(jd) + s(pblmin) + s(pbl12), data = .) 1470.514
gam(log(value) ~ s(pbl00) + s(jd) + s(pblmin) + s(pbl12), data = .)       1574.401
gam(log(value) ~ s(pblmax) + s(jd) + s(pblmin) + s(pbl12), data = .)      1566.457
gam(log(value) ~ s(wdir) + s(jd) + s(pblmin) + s(pbl12), data = .)        1531.555
gam(log(value) ~ s(wspeed) + s(jd) + s(pblmin) + s(pbl12), data = .)      1556.809
gam(log(value) ~ s(pwspeed) + s(jd) + s(pblmin) + s(pbl12), data = .)     1558.884

Modello migliore: nirradiance - jd - pblmin - pbl12 

Variabile scelta nirradiance con AIC 1470.51350242821  

Modelli BACKWARD 

                                                                             IT1834A
gam(log(value) ~ s(t2m) + s(jd) + s(pblmin) + s(nirradiance), data = .)     1526.375
gam(log(value) ~ s(tmin2m) + s(jd) + s(pblmin) + s(nirradiance), data = .)  1514.393
gam(log(value) ~ s(tmax2m) + s(jd) + s(pblmin) + s(nirradiance), data = .)  1570.135
gam(log(value) ~ s(tp) + s(jd) + s(pblmin) + s(nirradiance), data = .)      1453.461
gam(log(value) ~ s(ptp) + s(jd) + s(pblmin) + s(nirradiance), data = .)     1612.318
gam(log(value) ~ s(rh) + s(jd) + s(pblmin) + s(nirradiance), data = .)      1603.649
gam(log(value) ~ s(u10m) + s(jd) + s(pblmin) + s(nirradiance), data = .)    1581.435
gam(log(value) ~ s(v10m) + s(jd) + s(pblmin) + s(nirradiance), data = .)    1486.978
gam(log(value) ~ s(sp) + s(jd) + s(pblmin) + s(nirradiance), data = .)      1462.749
gam(log(value) ~ s(pbl00) + s(jd) + s(pblmin) + s(nirradiance), data = .)   1610.412
gam(log(value) ~ s(pblmax) + s(jd) + s(pblmin) + s(nirradiance), data = .)  1474.486
gam(log(value) ~ s(wdir) + s(jd) + s(pblmin) + s(nirradiance), data = .)    1526.670
gam(log(value) ~ s(wspeed) + s(jd) + s(pblmin) + s(nirradiance), data = .)  1562.731
gam(log(value) ~ s(pwspeed) + s(jd) + s(pblmin) + s(nirradiance), data = .) 1595.544

Modello migliore: tp - jd - pblmin - nirradiance 

Dati backward:  1453.46098456764::tp::jd::pblmin::nirradiance 

Scelgo il modello N 

---------- START ---------- 

                                                                                        IT1834A
gam(log(value) ~ s(t2m) + s(jd) + s(pblmin) + s(pbl12) + s(nirradiance), data = .)     1422.932
gam(log(value) ~ s(tmin2m) + s(jd) + s(pblmin) + s(pbl12) + s(nirradiance), data = .)  1409.701
gam(log(value) ~ s(tmax2m) + s(jd) + s(pblmin) + s(pbl12) + s(nirradiance), data = .)  1439.090
gam(log(value) ~ s(tp) + s(jd) + s(pblmin) + s(pbl12) + s(nirradiance), data = .)      1322.368
gam(log(value) ~ s(ptp) + s(jd) + s(pblmin) + s(pbl12) + s(nirradiance), data = .)     1466.631
gam(log(value) ~ s(rh) + s(jd) + s(pblmin) + s(pbl12) + s(nirradiance), data = .)      1460.366
gam(log(value) ~ s(u10m) + s(jd) + s(pblmin) + s(pbl12) + s(nirradiance), data = .)    1446.676
gam(log(value) ~ s(v10m) + s(jd) + s(pblmin) + s(pbl12) + s(nirradiance), data = .)    1406.066
gam(log(value) ~ s(sp) + s(jd) + s(pblmin) + s(pbl12) + s(nirradiance), data = .)      1375.205
gam(log(value) ~ s(pbl00) + s(jd) + s(pblmin) + s(pbl12) + s(nirradiance), data = .)   1468.985
gam(log(value) ~ s(pblmax) + s(jd) + s(pblmin) + s(pbl12) + s(nirradiance), data = .)  1454.575
gam(log(value) ~ s(wdir) + s(jd) + s(pblmin) + s(pbl12) + s(nirradiance), data = .)    1426.595
gam(log(value) ~ s(wspeed) + s(jd) + s(pblmin) + s(pbl12) + s(nirradiance), data = .)  1443.024
gam(log(value) ~ s(pwspeed) + s(jd) + s(pblmin) + s(pbl12) + s(nirradiance), data = .) 1461.646

Modello migliore: tp - jd - pblmin - pbl12 - nirradiance 

Variabile scelta tp con AIC 1322.36766797278  

Modelli BACKWARD 

                                                                               IT1834A
gam(log(value) ~ s(t2m) + s(jd) + s(pblmin) + s(pbl12) + s(tp), data = .)     1420.600
gam(log(value) ~ s(tmin2m) + s(jd) + s(pblmin) + s(pbl12) + s(tp), data = .)  1429.102
gam(log(value) ~ s(tmax2m) + s(jd) + s(pblmin) + s(pbl12) + s(tp), data = .)  1424.281
gam(log(value) ~ s(ptp) + s(jd) + s(pblmin) + s(pbl12) + s(tp), data = .)     1474.448
gam(log(value) ~ s(rh) + s(jd) + s(pblmin) + s(pbl12) + s(tp), data = .)      1477.383
gam(log(value) ~ s(u10m) + s(jd) + s(pblmin) + s(pbl12) + s(tp), data = .)    1462.269
gam(log(value) ~ s(v10m) + s(jd) + s(pblmin) + s(pbl12) + s(tp), data = .)    1460.676
gam(log(value) ~ s(sp) + s(jd) + s(pblmin) + s(pbl12) + s(tp), data = .)      1424.342
gam(log(value) ~ s(pbl00) + s(jd) + s(pblmin) + s(pbl12) + s(tp), data = .)   1482.718
gam(log(value) ~ s(pblmax) + s(jd) + s(pblmin) + s(pbl12) + s(tp), data = .)  1475.304
gam(log(value) ~ s(wdir) + s(jd) + s(pblmin) + s(pbl12) + s(tp), data = .)    1458.907
gam(log(value) ~ s(wspeed) + s(jd) + s(pblmin) + s(pbl12) + s(tp), data = .)  1469.399
gam(log(value) ~ s(pwspeed) + s(jd) + s(pblmin) + s(pbl12) + s(tp), data = .) 1466.674

Modello migliore: t2m - jd - pblmin - pbl12 - tp 

Dati backward:  1420.59957510199::t2m::jd::pblmin::pbl12::tp 

Scelgo il modello N 

---------- START ---------- 

                                                                                                IT1834A
gam(log(value) ~ s(t2m) + s(jd) + s(pblmin) + s(pbl12) + s(nirradiance) + s(tp), data = .)     1271.523
gam(log(value) ~ s(tmin2m) + s(jd) + s(pblmin) + s(pbl12) + s(nirradiance) + s(tp), data = .)  1269.127
gam(log(value) ~ s(tmax2m) + s(jd) + s(pblmin) + s(pbl12) + s(nirradiance) + s(tp), data = .)  1284.182
gam(log(value) ~ s(ptp) + s(jd) + s(pblmin) + s(pbl12) + s(nirradiance) + s(tp), data = .)     1318.335
gam(log(value) ~ s(rh) + s(jd) + s(pblmin) + s(pbl12) + s(nirradiance) + s(tp), data = .)      1324.184
gam(log(value) ~ s(u10m) + s(jd) + s(pblmin) + s(pbl12) + s(nirradiance) + s(tp), data = .)    1296.018
gam(log(value) ~ s(v10m) + s(jd) + s(pblmin) + s(pbl12) + s(nirradiance) + s(tp), data = .)    1283.911
gam(log(value) ~ s(sp) + s(jd) + s(pblmin) + s(pbl12) + s(nirradiance) + s(tp), data = .)      1264.614
gam(log(value) ~ s(pbl00) + s(jd) + s(pblmin) + s(pbl12) + s(nirradiance) + s(tp), data = .)   1324.358
gam(log(value) ~ s(pblmax) + s(jd) + s(pblmin) + s(pbl12) + s(nirradiance) + s(tp), data = .)  1314.579
gam(log(value) ~ s(wdir) + s(jd) + s(pblmin) + s(pbl12) + s(nirradiance) + s(tp), data = .)    1295.890
gam(log(value) ~ s(wspeed) + s(jd) + s(pblmin) + s(pbl12) + s(nirradiance) + s(tp), data = .)  1298.049
gam(log(value) ~ s(pwspeed) + s(jd) + s(pblmin) + s(pbl12) + s(nirradiance) + s(tp), data = .) 1315.947

Modello migliore: sp - jd - pblmin - pbl12 - nirradiance - tp 

Variabile scelta sp con AIC 1264.61403516217  

Modelli BACKWARD 

                                                                                                IT1834A
gam(log(value) ~ s(t2m) + s(jd) + s(pblmin) + s(pbl12) + s(nirradiance) + s(sp), data = .)     1328.643
gam(log(value) ~ s(tmin2m) + s(jd) + s(pblmin) + s(pbl12) + s(nirradiance) + s(sp), data = .)  1323.894
gam(log(value) ~ s(tmax2m) + s(jd) + s(pblmin) + s(pbl12) + s(nirradiance) + s(sp), data = .)  1342.386
gam(log(value) ~ s(ptp) + s(jd) + s(pblmin) + s(pbl12) + s(nirradiance) + s(sp), data = .)     1364.906
gam(log(value) ~ s(rh) + s(jd) + s(pblmin) + s(pbl12) + s(nirradiance) + s(sp), data = .)      1371.713
gam(log(value) ~ s(u10m) + s(jd) + s(pblmin) + s(pbl12) + s(nirradiance) + s(sp), data = .)    1341.449
gam(log(value) ~ s(v10m) + s(jd) + s(pblmin) + s(pbl12) + s(nirradiance) + s(sp), data = .)    1318.314
gam(log(value) ~ s(pbl00) + s(jd) + s(pblmin) + s(pbl12) + s(nirradiance) + s(sp), data = .)   1376.779
gam(log(value) ~ s(pblmax) + s(jd) + s(pblmin) + s(pbl12) + s(nirradiance) + s(sp), data = .)  1367.565
gam(log(value) ~ s(wdir) + s(jd) + s(pblmin) + s(pbl12) + s(nirradiance) + s(sp), data = .)    1343.353
gam(log(value) ~ s(wspeed) + s(jd) + s(pblmin) + s(pbl12) + s(nirradiance) + s(sp), data = .)  1349.773
gam(log(value) ~ s(pwspeed) + s(jd) + s(pblmin) + s(pbl12) + s(nirradiance) + s(sp), data = .) 1357.867

Modello migliore: v10m - jd - pblmin - pbl12 - nirradiance - sp 

Dati backward:  1318.31357102671::v10m::jd::pblmin::pbl12::nirradiance::sp 

Scelgo il modello N 

---------- START ---------- 

                                                                                                        IT1834A
gam(log(value) ~ s(t2m) + s(jd) + s(pblmin) + s(pbl12) + s(nirradiance) + s(tp) + s(sp), data = .)     1222.259
gam(log(value) ~ s(tmin2m) + s(jd) + s(pblmin) + s(pbl12) + s(nirradiance) + s(tp) + s(sp), data = .)  1225.015
gam(log(value) ~ s(tmax2m) + s(jd) + s(pblmin) + s(pbl12) + s(nirradiance) + s(tp) + s(sp), data = .)  1230.469
gam(log(value) ~ s(ptp) + s(jd) + s(pblmin) + s(pbl12) + s(nirradiance) + s(tp) + s(sp), data = .)     1245.675
gam(log(value) ~ s(rh) + s(jd) + s(pblmin) + s(pbl12) + s(nirradiance) + s(tp) + s(sp), data = .)      1266.095
gam(log(value) ~ s(u10m) + s(jd) + s(pblmin) + s(pbl12) + s(nirradiance) + s(tp) + s(sp), data = .)    1232.688
gam(log(value) ~ s(v10m) + s(jd) + s(pblmin) + s(pbl12) + s(nirradiance) + s(tp) + s(sp), data = .)    1229.089
gam(log(value) ~ s(pbl00) + s(jd) + s(pblmin) + s(pbl12) + s(nirradiance) + s(tp) + s(sp), data = .)   1266.115
gam(log(value) ~ s(pblmax) + s(jd) + s(pblmin) + s(pbl12) + s(nirradiance) + s(tp) + s(sp), data = .)  1260.619
gam(log(value) ~ s(wdir) + s(jd) + s(pblmin) + s(pbl12) + s(nirradiance) + s(tp) + s(sp), data = .)    1242.221
gam(log(value) ~ s(wspeed) + s(jd) + s(pblmin) + s(pbl12) + s(nirradiance) + s(tp) + s(sp), data = .)  1242.573
gam(log(value) ~ s(pwspeed) + s(jd) + s(pblmin) + s(pbl12) + s(nirradiance) + s(tp) + s(sp), data = .) 1250.983

Modello migliore: t2m - jd - pblmin - pbl12 - nirradiance - tp - sp 

Variabile scelta t2m con AIC 1222.25937091781  

Modelli BACKWARD 

                                                                                                         IT1834A
gam(log(value) ~ s(tmin2m) + s(jd) + s(pblmin) + s(pbl12) + s(nirradiance) + s(tp) + s(t2m), data = .)  1255.919
gam(log(value) ~ s(tmax2m) + s(jd) + s(pblmin) + s(pbl12) + s(nirradiance) + s(tp) + s(t2m), data = .)  1220.853
gam(log(value) ~ s(ptp) + s(jd) + s(pblmin) + s(pbl12) + s(nirradiance) + s(tp) + s(t2m), data = .)     1269.955
gam(log(value) ~ s(rh) + s(jd) + s(pblmin) + s(pbl12) + s(nirradiance) + s(tp) + s(t2m), data = .)      1273.461
gam(log(value) ~ s(u10m) + s(jd) + s(pblmin) + s(pbl12) + s(nirradiance) + s(tp) + s(t2m), data = .)    1244.566
gam(log(value) ~ s(v10m) + s(jd) + s(pblmin) + s(pbl12) + s(nirradiance) + s(tp) + s(t2m), data = .)    1230.242
gam(log(value) ~ s(pbl00) + s(jd) + s(pblmin) + s(pbl12) + s(nirradiance) + s(tp) + s(t2m), data = .)   1273.512
gam(log(value) ~ s(pblmax) + s(jd) + s(pblmin) + s(pbl12) + s(nirradiance) + s(tp) + s(t2m), data = .)  1263.824
gam(log(value) ~ s(wdir) + s(jd) + s(pblmin) + s(pbl12) + s(nirradiance) + s(tp) + s(t2m), data = .)    1254.187
gam(log(value) ~ s(wspeed) + s(jd) + s(pblmin) + s(pbl12) + s(nirradiance) + s(tp) + s(t2m), data = .)  1233.333
gam(log(value) ~ s(pwspeed) + s(jd) + s(pblmin) + s(pbl12) + s(nirradiance) + s(tp) + s(t2m), data = .) 1267.689

Modello migliore: tmax2m - jd - pblmin - pbl12 - nirradiance - tp - t2m 

Dati backward:  1220.8530331246::tmax2m::jd::pblmin::pbl12::nirradiance::tp::t2m 

Scelgo il modello N-1 

---------- START ---------- 

                                                                                                        IT1834A
gam(log(value) ~ s(tmin2m) + s(jd) + s(pblmin) + s(pbl12) + s(nirradiance) + s(tp) + s(sp), data = .)  1225.015
gam(log(value) ~ s(tmax2m) + s(jd) + s(pblmin) + s(pbl12) + s(nirradiance) + s(tp) + s(sp), data = .)  1230.469
gam(log(value) ~ s(ptp) + s(jd) + s(pblmin) + s(pbl12) + s(nirradiance) + s(tp) + s(sp), data = .)     1245.675
gam(log(value) ~ s(rh) + s(jd) + s(pblmin) + s(pbl12) + s(nirradiance) + s(tp) + s(sp), data = .)      1266.095
gam(log(value) ~ s(u10m) + s(jd) + s(pblmin) + s(pbl12) + s(nirradiance) + s(tp) + s(sp), data = .)    1232.688
gam(log(value) ~ s(v10m) + s(jd) + s(pblmin) + s(pbl12) + s(nirradiance) + s(tp) + s(sp), data = .)    1229.089
gam(log(value) ~ s(pbl00) + s(jd) + s(pblmin) + s(pbl12) + s(nirradiance) + s(tp) + s(sp), data = .)   1266.115
gam(log(value) ~ s(pblmax) + s(jd) + s(pblmin) + s(pbl12) + s(nirradiance) + s(tp) + s(sp), data = .)  1260.619
gam(log(value) ~ s(wdir) + s(jd) + s(pblmin) + s(pbl12) + s(nirradiance) + s(tp) + s(sp), data = .)    1242.221
gam(log(value) ~ s(wspeed) + s(jd) + s(pblmin) + s(pbl12) + s(nirradiance) + s(tp) + s(sp), data = .)  1242.573
gam(log(value) ~ s(pwspeed) + s(jd) + s(pblmin) + s(pbl12) + s(nirradiance) + s(tp) + s(sp), data = .) 1250.983

Modello migliore: tmin2m - jd - pblmin - pbl12 - nirradiance - tp - sp 

Variabile scelta tmin2m con AIC 1225.01482650609  

Fine per scelta MODELLO 

jd + pblmin + pbl12 + nirradiance + tp + sp 

---------------------- 

NOTE: Log Print Time:  2021-05-11 14:05:03 
NOTE: Elapsed Time in seconds: 1.5346385161082 

Fine per scelta MODELLO 

jd + pblmin + pbl12 + nirradiance + tp + sp 

---------------------- 

NOTE: Log Print Time:  2021-05-11 14:05:03 
NOTE: Elapsed Time in seconds: 0.00112032890319824 

Fine per scelta MODELLO 

jd + pblmin + pbl12 + nirradiance + tp + sp 

---------------------- 

NOTE: Log Print Time:  2021-05-11 14:05:03 
NOTE: Elapsed Time in seconds: 0.00103497505187988 

Fine per scelta MODELLO 

jd + pblmin + pbl12 + nirradiance + tp + sp 

---------------------- 

NOTE: Log Print Time:  2021-05-11 14:05:03 
NOTE: Elapsed Time in seconds: 0.000991106033325195 

Fine per scelta MODELLO 

jd + pblmin + pbl12 + nirradiance + tp + sp 

---------------------- 

NOTE: Log Print Time:  2021-05-11 14:05:03 
NOTE: Elapsed Time in seconds: 0.000992298126220703 

Fine per scelta MODELLO 

jd + pblmin + pbl12 + nirradiance + tp + sp 

---------------------- 

NOTE: Log Print Time:  2021-05-11 14:05:03 
NOTE: Elapsed Time in seconds: 0.000983715057373047 

Fine per scelta MODELLO 

jd + pblmin + pbl12 + nirradiance + tp + sp 

---------------------- 

NOTE: Log Print Time:  2021-05-11 14:05:03 
NOTE: Elapsed Time in seconds: 0.00105118751525879 

========================================================================= 
Log End Time: 2021-05-11 14:05:03 
Log Elapsed Time: 0 00:00:01 
========================================================================= 
