========================================================================= 
Log Path: output/12/nox/log/pulvirus_nox_12_IT0825A.log 
Working Directory: /home/rmorelli/R/pulvirus/analisi/GAM/scelta 
User Name: rmorelli 
R Version: 4.0.5 (2021-03-31) 
Machine: pasqualino x86_64 
Operating System: Linux 4.19.0-13-amd64 #1 SMP Debian 4.19.160-2 (2020-11-28) 
Log Start Time: 2021-05-11 14:14:56 
========================================================================= 

Stazione: IT0825A 

---------- START ---------- 

                                            IT0825A
gam(log(value) ~ s(t2m), data = .)         1975.171
gam(log(value) ~ s(tmin2m), data = .)      2010.037
gam(log(value) ~ s(tmax2m), data = .)      1990.678
gam(log(value) ~ s(tp), data = .)          2405.902
gam(log(value) ~ s(ptp), data = .)         2420.823
gam(log(value) ~ s(rh), data = .)          2201.938
gam(log(value) ~ s(u10m), data = .)        2310.585
gam(log(value) ~ s(v10m), data = .)        2330.803
gam(log(value) ~ s(sp), data = .)          2143.540
gam(log(value) ~ s(nirradiance), data = .) 1854.191
gam(log(value) ~ s(pbl00), data = .)       2403.893
gam(log(value) ~ s(pbl12), data = .)       1883.906
gam(log(value) ~ s(pblmin), data = .)      2361.885
gam(log(value) ~ s(pblmax), data = .)      1917.933
gam(log(value) ~ s(wdir), data = .)        2245.554
gam(log(value) ~ s(wspeed), data = .)      2353.834
gam(log(value) ~ s(pwspeed), data = .)     2401.724
gam(log(value) ~ s(jd), data = .)          1488.694

Modello migliore: jd 

Variabile scelta jd con AIC 1488.69392960719  

---------- START ---------- 

                                                    IT0825A
gam(log(value) ~ s(t2m) + s(jd), data = .)         1382.800
gam(log(value) ~ s(tmin2m) + s(jd), data = .)      1380.613
gam(log(value) ~ s(tmax2m) + s(jd), data = .)      1389.889
gam(log(value) ~ s(tp) + s(jd), data = .)          1430.472
gam(log(value) ~ s(ptp) + s(jd), data = .)         1479.818
gam(log(value) ~ s(rh) + s(jd), data = .)          1425.757
gam(log(value) ~ s(u10m) + s(jd), data = .)        1466.090
gam(log(value) ~ s(v10m) + s(jd), data = .)        1234.536
gam(log(value) ~ s(sp) + s(jd), data = .)          1375.793
gam(log(value) ~ s(nirradiance) + s(jd), data = .) 1371.616
gam(log(value) ~ s(pbl00) + s(jd), data = .)       1364.323
gam(log(value) ~ s(pbl12) + s(jd), data = .)       1281.273
gam(log(value) ~ s(pblmin) + s(jd), data = .)      1229.057
gam(log(value) ~ s(pblmax) + s(jd), data = .)      1268.355
gam(log(value) ~ s(wdir) + s(jd), data = .)        1447.427
gam(log(value) ~ s(wspeed) + s(jd), data = .)      1243.619
gam(log(value) ~ s(pwspeed) + s(jd), data = .)     1465.415
gam(log(value) ~ s(jd) + s(jd), data = .)          1488.694

Modello migliore: pblmin - jd 

Variabile scelta pblmin con AIC 1229.05690596438  

Modelli BACKWARD 

                                                        IT0825A
gam(log(value) ~ s(t2m) + s(pblmin), data = .)         1853.752
gam(log(value) ~ s(tmin2m) + s(pblmin), data = .)      1921.380
gam(log(value) ~ s(tmax2m) + s(pblmin), data = .)      1820.323
gam(log(value) ~ s(tp) + s(pblmin), data = .)          2360.191
gam(log(value) ~ s(ptp) + s(pblmin), data = .)         2357.435
gam(log(value) ~ s(rh) + s(pblmin), data = .)          2115.361
gam(log(value) ~ s(u10m) + s(pblmin), data = .)        2217.664
gam(log(value) ~ s(v10m) + s(pblmin), data = .)        2321.857
gam(log(value) ~ s(sp) + s(pblmin), data = .)          2095.882
gam(log(value) ~ s(nirradiance) + s(pblmin), data = .) 1586.148
gam(log(value) ~ s(pbl00) + s(pblmin), data = .)       2363.509
gam(log(value) ~ s(pbl12) + s(pblmin), data = .)       1834.741
gam(log(value) ~ s(pblmax) + s(pblmin), data = .)      1877.911
gam(log(value) ~ s(wdir) + s(pblmin), data = .)        2188.630
gam(log(value) ~ s(wspeed) + s(pblmin), data = .)      2339.425
gam(log(value) ~ s(pwspeed) + s(pblmin), data = .)     2313.236

Modello migliore: nirradiance - pblmin 

Dati backward:  1586.14782808491::nirradiance::pblmin 

Scelgo il modello N 

---------- START ---------- 

                                                                IT0825A
gam(log(value) ~ s(t2m) + s(jd) + s(pblmin), data = .)         1130.046
gam(log(value) ~ s(tmin2m) + s(jd) + s(pblmin), data = .)      1126.123
gam(log(value) ~ s(tmax2m) + s(jd) + s(pblmin), data = .)      1105.663
gam(log(value) ~ s(tp) + s(jd) + s(pblmin), data = .)          1225.055
gam(log(value) ~ s(ptp) + s(jd) + s(pblmin), data = .)         1227.364
gam(log(value) ~ s(rh) + s(jd) + s(pblmin), data = .)          1177.720
gam(log(value) ~ s(u10m) + s(jd) + s(pblmin), data = .)        1220.087
gam(log(value) ~ s(v10m) + s(jd) + s(pblmin), data = .)        1165.771
gam(log(value) ~ s(sp) + s(jd) + s(pblmin), data = .)          1183.570
gam(log(value) ~ s(nirradiance) + s(jd) + s(pblmin), data = .) 1023.309
gam(log(value) ~ s(pbl00) + s(jd) + s(pblmin), data = .)       1230.602
gam(log(value) ~ s(pbl12) + s(jd) + s(pblmin), data = .)       1094.964
gam(log(value) ~ s(pblmax) + s(jd) + s(pblmin), data = .)      1087.221
gam(log(value) ~ s(wdir) + s(jd) + s(pblmin), data = .)        1215.361
gam(log(value) ~ s(wspeed) + s(jd) + s(pblmin), data = .)      1191.028
gam(log(value) ~ s(pwspeed) + s(jd) + s(pblmin), data = .)     1202.913

Modello migliore: nirradiance - jd - pblmin 

Variabile scelta nirradiance con AIC 1023.3087290169  

Modelli BACKWARD 

                                                                 IT0825A
gam(log(value) ~ s(t2m) + s(jd) + s(nirradiance), data = .)     1264.267
gam(log(value) ~ s(tmin2m) + s(jd) + s(nirradiance), data = .)  1256.888
gam(log(value) ~ s(tmax2m) + s(jd) + s(nirradiance), data = .)  1268.659
gam(log(value) ~ s(tp) + s(jd) + s(nirradiance), data = .)      1208.253
gam(log(value) ~ s(ptp) + s(jd) + s(nirradiance), data = .)     1358.894
gam(log(value) ~ s(rh) + s(jd) + s(nirradiance), data = .)      1301.872
gam(log(value) ~ s(u10m) + s(jd) + s(nirradiance), data = .)    1330.329
gam(log(value) ~ s(v10m) + s(jd) + s(nirradiance), data = .)    1074.388
gam(log(value) ~ s(sp) + s(jd) + s(nirradiance), data = .)      1233.686
gam(log(value) ~ s(pbl00) + s(jd) + s(nirradiance), data = .)   1212.535
gam(log(value) ~ s(pbl12) + s(jd) + s(nirradiance), data = .)   1215.892
gam(log(value) ~ s(pblmax) + s(jd) + s(nirradiance), data = .)  1192.568
gam(log(value) ~ s(wdir) + s(jd) + s(nirradiance), data = .)    1337.334
gam(log(value) ~ s(wspeed) + s(jd) + s(nirradiance), data = .)  1070.214
gam(log(value) ~ s(pwspeed) + s(jd) + s(nirradiance), data = .) 1338.721

Modello migliore: wspeed - jd - nirradiance 

Dati backward:  1070.21405284991::wspeed::jd::nirradiance 

Scelgo il modello N 

---------- START ---------- 

                                                                              IT0825A
gam(log(value) ~ s(t2m) + s(jd) + s(pblmin) + s(nirradiance), data = .)      929.5265
gam(log(value) ~ s(tmin2m) + s(jd) + s(pblmin) + s(nirradiance), data = .)   921.2581
gam(log(value) ~ s(tmax2m) + s(jd) + s(pblmin) + s(nirradiance), data = .)   923.2429
gam(log(value) ~ s(tp) + s(jd) + s(pblmin) + s(nirradiance), data = .)       954.9943
gam(log(value) ~ s(ptp) + s(jd) + s(pblmin) + s(nirradiance), data = .)     1024.0837
gam(log(value) ~ s(rh) + s(jd) + s(pblmin) + s(nirradiance), data = .)      1004.4463
gam(log(value) ~ s(u10m) + s(jd) + s(pblmin) + s(nirradiance), data = .)    1013.1248
gam(log(value) ~ s(v10m) + s(jd) + s(pblmin) + s(nirradiance), data = .)     973.6750
gam(log(value) ~ s(sp) + s(jd) + s(pblmin) + s(nirradiance), data = .)       968.8814
gam(log(value) ~ s(pbl00) + s(jd) + s(pblmin) + s(nirradiance), data = .)   1024.7785
gam(log(value) ~ s(pbl12) + s(jd) + s(pblmin) + s(nirradiance), data = .)    988.8685
gam(log(value) ~ s(pblmax) + s(jd) + s(pblmin) + s(nirradiance), data = .)   976.5978
gam(log(value) ~ s(wdir) + s(jd) + s(pblmin) + s(nirradiance), data = .)    1022.4058
gam(log(value) ~ s(wspeed) + s(jd) + s(pblmin) + s(nirradiance), data = .)   993.9648
gam(log(value) ~ s(pwspeed) + s(jd) + s(pblmin) + s(nirradiance), data = .) 1013.9346

Modello migliore: tmin2m - jd - pblmin - nirradiance 

Variabile scelta tmin2m con AIC 921.258146882242  

Modelli BACKWARD 

                                                                        IT0825A
gam(log(value) ~ s(t2m) + s(jd) + s(pblmin) + s(tmin2m), data = .)     1059.641
gam(log(value) ~ s(tmax2m) + s(jd) + s(pblmin) + s(tmin2m), data = .)  1052.174
gam(log(value) ~ s(tp) + s(jd) + s(pblmin) + s(tmin2m), data = .)      1123.194
gam(log(value) ~ s(ptp) + s(jd) + s(pblmin) + s(tmin2m), data = .)     1125.829
gam(log(value) ~ s(rh) + s(jd) + s(pblmin) + s(tmin2m), data = .)      1097.629
gam(log(value) ~ s(u10m) + s(jd) + s(pblmin) + s(tmin2m), data = .)    1114.029
gam(log(value) ~ s(v10m) + s(jd) + s(pblmin) + s(tmin2m), data = .)    1038.552
gam(log(value) ~ s(sp) + s(jd) + s(pblmin) + s(tmin2m), data = .)      1098.087
gam(log(value) ~ s(pbl00) + s(jd) + s(pblmin) + s(tmin2m), data = .)   1127.686
gam(log(value) ~ s(pbl12) + s(jd) + s(pblmin) + s(tmin2m), data = .)   1015.907
gam(log(value) ~ s(pblmax) + s(jd) + s(pblmin) + s(tmin2m), data = .)  1006.247
gam(log(value) ~ s(wdir) + s(jd) + s(pblmin) + s(tmin2m), data = .)    1105.920
gam(log(value) ~ s(wspeed) + s(jd) + s(pblmin) + s(tmin2m), data = .)  1076.791
gam(log(value) ~ s(pwspeed) + s(jd) + s(pblmin) + s(tmin2m), data = .) 1107.732

Modello migliore: pblmax - jd - pblmin - tmin2m 

Dati backward:  1006.24730158084::pblmax::jd::pblmin::tmin2m 

Scelgo il modello N 

---------- START ---------- 

                                                                                         IT0825A
gam(log(value) ~ s(t2m) + s(jd) + s(pblmin) + s(nirradiance) + s(tmin2m), data = .)     889.4300
gam(log(value) ~ s(tmax2m) + s(jd) + s(pblmin) + s(nirradiance) + s(tmin2m), data = .)  869.5738
gam(log(value) ~ s(tp) + s(jd) + s(pblmin) + s(nirradiance) + s(tmin2m), data = .)      856.5718
gam(log(value) ~ s(ptp) + s(jd) + s(pblmin) + s(nirradiance) + s(tmin2m), data = .)     921.4325
gam(log(value) ~ s(rh) + s(jd) + s(pblmin) + s(nirradiance) + s(tmin2m), data = .)      923.1462
gam(log(value) ~ s(u10m) + s(jd) + s(pblmin) + s(nirradiance) + s(tmin2m), data = .)    900.4155
gam(log(value) ~ s(v10m) + s(jd) + s(pblmin) + s(nirradiance) + s(tmin2m), data = .)    847.4489
gam(log(value) ~ s(sp) + s(jd) + s(pblmin) + s(nirradiance) + s(tmin2m), data = .)      879.5637
gam(log(value) ~ s(pbl00) + s(jd) + s(pblmin) + s(nirradiance) + s(tmin2m), data = .)   922.8902
gam(log(value) ~ s(pbl12) + s(jd) + s(pblmin) + s(nirradiance) + s(tmin2m), data = .)   899.2188
gam(log(value) ~ s(pblmax) + s(jd) + s(pblmin) + s(nirradiance) + s(tmin2m), data = .)  888.5709
gam(log(value) ~ s(wdir) + s(jd) + s(pblmin) + s(nirradiance) + s(tmin2m), data = .)    912.4569
gam(log(value) ~ s(wspeed) + s(jd) + s(pblmin) + s(nirradiance) + s(tmin2m), data = .)  878.5816
gam(log(value) ~ s(pwspeed) + s(jd) + s(pblmin) + s(nirradiance) + s(tmin2m), data = .) 917.5360

Modello migliore: v10m - jd - pblmin - nirradiance - tmin2m 

Variabile scelta v10m con AIC 847.448877514569  

Modelli BACKWARD 

                                                                                       IT0825A
gam(log(value) ~ s(t2m) + s(jd) + s(pblmin) + s(nirradiance) + s(v10m), data = .)     863.2535
gam(log(value) ~ s(tmax2m) + s(jd) + s(pblmin) + s(nirradiance) + s(v10m), data = .)  870.5848
gam(log(value) ~ s(tp) + s(jd) + s(pblmin) + s(nirradiance) + s(v10m), data = .)      890.2580
gam(log(value) ~ s(ptp) + s(jd) + s(pblmin) + s(nirradiance) + s(v10m), data = .)     975.3569
gam(log(value) ~ s(rh) + s(jd) + s(pblmin) + s(nirradiance) + s(v10m), data = .)      963.1466
gam(log(value) ~ s(u10m) + s(jd) + s(pblmin) + s(nirradiance) + s(v10m), data = .)    964.7084
gam(log(value) ~ s(sp) + s(jd) + s(pblmin) + s(nirradiance) + s(v10m), data = .)      915.8454
gam(log(value) ~ s(pbl00) + s(jd) + s(pblmin) + s(nirradiance) + s(v10m), data = .)   975.6240
gam(log(value) ~ s(pbl12) + s(jd) + s(pblmin) + s(nirradiance) + s(v10m), data = .)   949.8039
gam(log(value) ~ s(pblmax) + s(jd) + s(pblmin) + s(nirradiance) + s(v10m), data = .)  938.5848
gam(log(value) ~ s(wdir) + s(jd) + s(pblmin) + s(nirradiance) + s(v10m), data = .)    969.4969
gam(log(value) ~ s(wspeed) + s(jd) + s(pblmin) + s(nirradiance) + s(v10m), data = .)  971.3089
gam(log(value) ~ s(pwspeed) + s(jd) + s(pblmin) + s(nirradiance) + s(v10m), data = .) 965.4400

Modello migliore: t2m - jd - pblmin - nirradiance - v10m 

Dati backward:  863.253466352762::t2m::jd::pblmin::nirradiance::v10m 

Scelgo il modello N 

---------- START ---------- 

                                                                                                   IT0825A
gam(log(value) ~ s(t2m) + s(jd) + s(pblmin) + s(nirradiance) + s(tmin2m) + s(v10m), data = .)     823.9407
gam(log(value) ~ s(tmax2m) + s(jd) + s(pblmin) + s(nirradiance) + s(tmin2m) + s(v10m), data = .)  804.6216
gam(log(value) ~ s(tp) + s(jd) + s(pblmin) + s(nirradiance) + s(tmin2m) + s(v10m), data = .)      761.0119
gam(log(value) ~ s(ptp) + s(jd) + s(pblmin) + s(nirradiance) + s(tmin2m) + s(v10m), data = .)     849.4125
gam(log(value) ~ s(rh) + s(jd) + s(pblmin) + s(nirradiance) + s(tmin2m) + s(v10m), data = .)      841.7833
gam(log(value) ~ s(u10m) + s(jd) + s(pblmin) + s(nirradiance) + s(tmin2m) + s(v10m), data = .)    829.6259
gam(log(value) ~ s(sp) + s(jd) + s(pblmin) + s(nirradiance) + s(tmin2m) + s(v10m), data = .)      804.2276
gam(log(value) ~ s(pbl00) + s(jd) + s(pblmin) + s(nirradiance) + s(tmin2m) + s(v10m), data = .)   849.4139
gam(log(value) ~ s(pbl12) + s(jd) + s(pblmin) + s(nirradiance) + s(tmin2m) + s(v10m), data = .)   833.9675
gam(log(value) ~ s(pblmax) + s(jd) + s(pblmin) + s(nirradiance) + s(tmin2m) + s(v10m), data = .)  824.5663
gam(log(value) ~ s(wdir) + s(jd) + s(pblmin) + s(nirradiance) + s(tmin2m) + s(v10m), data = .)    842.4129
gam(log(value) ~ s(wspeed) + s(jd) + s(pblmin) + s(nirradiance) + s(tmin2m) + s(v10m), data = .)  846.0995
gam(log(value) ~ s(pwspeed) + s(jd) + s(pblmin) + s(nirradiance) + s(tmin2m) + s(v10m), data = .) 844.8557

Modello migliore: tp - jd - pblmin - nirradiance - tmin2m - v10m 

Variabile scelta tp con AIC 761.011861317996  

Modelli BACKWARD 

                                                                                                 IT0825A
gam(log(value) ~ s(t2m) + s(jd) + s(pblmin) + s(nirradiance) + s(tmin2m) + s(tp), data = .)     819.6525
gam(log(value) ~ s(tmax2m) + s(jd) + s(pblmin) + s(nirradiance) + s(tmin2m) + s(tp), data = .)  806.4251
gam(log(value) ~ s(ptp) + s(jd) + s(pblmin) + s(nirradiance) + s(tmin2m) + s(tp), data = .)     853.3527
gam(log(value) ~ s(rh) + s(jd) + s(pblmin) + s(nirradiance) + s(tmin2m) + s(tp), data = .)      850.8068
gam(log(value) ~ s(u10m) + s(jd) + s(pblmin) + s(nirradiance) + s(tmin2m) + s(tp), data = .)    825.8359
gam(log(value) ~ s(sp) + s(jd) + s(pblmin) + s(nirradiance) + s(tmin2m) + s(tp), data = .)      832.6275
gam(log(value) ~ s(pbl00) + s(jd) + s(pblmin) + s(nirradiance) + s(tmin2m) + s(tp), data = .)   858.0969
gam(log(value) ~ s(pbl12) + s(jd) + s(pblmin) + s(nirradiance) + s(tmin2m) + s(tp), data = .)   834.3243
gam(log(value) ~ s(pblmax) + s(jd) + s(pblmin) + s(nirradiance) + s(tmin2m) + s(tp), data = .)  831.3291
gam(log(value) ~ s(wdir) + s(jd) + s(pblmin) + s(nirradiance) + s(tmin2m) + s(tp), data = .)    831.3436
gam(log(value) ~ s(wspeed) + s(jd) + s(pblmin) + s(nirradiance) + s(tmin2m) + s(tp), data = .)  816.4399
gam(log(value) ~ s(pwspeed) + s(jd) + s(pblmin) + s(nirradiance) + s(tmin2m) + s(tp), data = .) 853.3770

Modello migliore: tmax2m - jd - pblmin - nirradiance - tmin2m - tp 

Dati backward:  806.425074896544::tmax2m::jd::pblmin::nirradiance::tmin2m::tp 

Scelgo il modello N 

---------- START ---------- 

                                                                                                           IT0825A
gam(log(value) ~ s(t2m) + s(jd) + s(pblmin) + s(nirradiance) + s(tmin2m) + s(v10m) + s(tp), data = .)     741.0984
gam(log(value) ~ s(tmax2m) + s(jd) + s(pblmin) + s(nirradiance) + s(tmin2m) + s(v10m) + s(tp), data = .)  730.6086
gam(log(value) ~ s(ptp) + s(jd) + s(pblmin) + s(nirradiance) + s(tmin2m) + s(v10m) + s(tp), data = .)     755.0027
gam(log(value) ~ s(rh) + s(jd) + s(pblmin) + s(nirradiance) + s(tmin2m) + s(v10m) + s(tp), data = .)      762.1202
gam(log(value) ~ s(u10m) + s(jd) + s(pblmin) + s(nirradiance) + s(tmin2m) + s(v10m) + s(tp), data = .)    727.9079
gam(log(value) ~ s(sp) + s(jd) + s(pblmin) + s(nirradiance) + s(tmin2m) + s(v10m) + s(tp), data = .)      739.5030
gam(log(value) ~ s(pbl00) + s(jd) + s(pblmin) + s(nirradiance) + s(tmin2m) + s(v10m) + s(tp), data = .)   759.8043
gam(log(value) ~ s(pbl12) + s(jd) + s(pblmin) + s(nirradiance) + s(tmin2m) + s(v10m) + s(tp), data = .)   747.8784
gam(log(value) ~ s(pblmax) + s(jd) + s(pblmin) + s(nirradiance) + s(tmin2m) + s(v10m) + s(tp), data = .)  745.7869
gam(log(value) ~ s(wdir) + s(jd) + s(pblmin) + s(nirradiance) + s(tmin2m) + s(v10m) + s(tp), data = .)    750.0314
gam(log(value) ~ s(wspeed) + s(jd) + s(pblmin) + s(nirradiance) + s(tmin2m) + s(v10m) + s(tp), data = .)  760.2734
gam(log(value) ~ s(pwspeed) + s(jd) + s(pblmin) + s(nirradiance) + s(tmin2m) + s(v10m) + s(tp), data = .) 756.1475

Modello migliore: u10m - jd - pblmin - nirradiance - tmin2m - v10m - tp 

Variabile scelta u10m con AIC 727.907864803798  

Modelli BACKWARD 

                                                                                                             IT0825A
gam(log(value) ~ s(t2m) + s(jd) + s(pblmin) + s(nirradiance) + s(tmin2m) + s(v10m) + s(u10m), data = .)     803.5871
gam(log(value) ~ s(tmax2m) + s(jd) + s(pblmin) + s(nirradiance) + s(tmin2m) + s(v10m) + s(u10m), data = .)  772.0087
gam(log(value) ~ s(ptp) + s(jd) + s(pblmin) + s(nirradiance) + s(tmin2m) + s(v10m) + s(u10m), data = .)     831.1381
gam(log(value) ~ s(rh) + s(jd) + s(pblmin) + s(nirradiance) + s(tmin2m) + s(v10m) + s(u10m), data = .)      815.6352
gam(log(value) ~ s(sp) + s(jd) + s(pblmin) + s(nirradiance) + s(tmin2m) + s(v10m) + s(u10m), data = .)      770.7936
gam(log(value) ~ s(pbl00) + s(jd) + s(pblmin) + s(nirradiance) + s(tmin2m) + s(v10m) + s(u10m), data = .)   830.6595
gam(log(value) ~ s(pbl12) + s(jd) + s(pblmin) + s(nirradiance) + s(tmin2m) + s(v10m) + s(u10m), data = .)   808.8252
gam(log(value) ~ s(pblmax) + s(jd) + s(pblmin) + s(nirradiance) + s(tmin2m) + s(v10m) + s(u10m), data = .)  797.0822
gam(log(value) ~ s(wdir) + s(jd) + s(pblmin) + s(nirradiance) + s(tmin2m) + s(v10m) + s(u10m), data = .)    820.4790
gam(log(value) ~ s(wspeed) + s(jd) + s(pblmin) + s(nirradiance) + s(tmin2m) + s(v10m) + s(u10m), data = .)  828.8600
gam(log(value) ~ s(pwspeed) + s(jd) + s(pblmin) + s(nirradiance) + s(tmin2m) + s(v10m) + s(u10m), data = .) 826.3383

Modello migliore: sp - jd - pblmin - nirradiance - tmin2m - v10m - u10m 

Dati backward:  770.793581356723::sp::jd::pblmin::nirradiance::tmin2m::v10m::u10m 

Scelgo il modello N 

---------- START ---------- 

                                                                                                                     IT0825A
gam(log(value) ~ s(t2m) + s(jd) + s(pblmin) + s(nirradiance) + s(tmin2m) + s(v10m) + s(tp) + s(u10m), data = .)     708.0759
gam(log(value) ~ s(tmax2m) + s(jd) + s(pblmin) + s(nirradiance) + s(tmin2m) + s(v10m) + s(tp) + s(u10m), data = .)  689.2454
gam(log(value) ~ s(ptp) + s(jd) + s(pblmin) + s(nirradiance) + s(tmin2m) + s(v10m) + s(tp) + s(u10m), data = .)     726.6232
gam(log(value) ~ s(rh) + s(jd) + s(pblmin) + s(nirradiance) + s(tmin2m) + s(v10m) + s(tp) + s(u10m), data = .)      726.6704
gam(log(value) ~ s(sp) + s(jd) + s(pblmin) + s(nirradiance) + s(tmin2m) + s(v10m) + s(tp) + s(u10m), data = .)      700.9096
gam(log(value) ~ s(pbl00) + s(jd) + s(pblmin) + s(nirradiance) + s(tmin2m) + s(v10m) + s(tp) + s(u10m), data = .)   729.8102
gam(log(value) ~ s(pbl12) + s(jd) + s(pblmin) + s(nirradiance) + s(tmin2m) + s(v10m) + s(tp) + s(u10m), data = .)   704.3470
gam(log(value) ~ s(pblmax) + s(jd) + s(pblmin) + s(nirradiance) + s(tmin2m) + s(v10m) + s(tp) + s(u10m), data = .)  702.2979
gam(log(value) ~ s(wdir) + s(jd) + s(pblmin) + s(nirradiance) + s(tmin2m) + s(v10m) + s(tp) + s(u10m), data = .)    719.9334
gam(log(value) ~ s(wspeed) + s(jd) + s(pblmin) + s(nirradiance) + s(tmin2m) + s(v10m) + s(tp) + s(u10m), data = .)  727.4779
gam(log(value) ~ s(pwspeed) + s(jd) + s(pblmin) + s(nirradiance) + s(tmin2m) + s(v10m) + s(tp) + s(u10m), data = .) 724.5874

Modello migliore: tmax2m - jd - pblmin - nirradiance - tmin2m - v10m - tp - u10m 

Variabile scelta tmax2m con AIC 689.245350966509  

Modelli BACKWARD 

                                                                                                                       IT0825A
gam(log(value) ~ s(t2m) + s(jd) + s(pblmin) + s(nirradiance) + s(tmin2m) + s(v10m) + s(tp) + s(tmax2m), data = .)     725.6303
gam(log(value) ~ s(ptp) + s(jd) + s(pblmin) + s(nirradiance) + s(tmin2m) + s(v10m) + s(tp) + s(tmax2m), data = .)     723.6958
gam(log(value) ~ s(rh) + s(jd) + s(pblmin) + s(nirradiance) + s(tmin2m) + s(v10m) + s(tp) + s(tmax2m), data = .)      732.5686
gam(log(value) ~ s(sp) + s(jd) + s(pblmin) + s(nirradiance) + s(tmin2m) + s(v10m) + s(tp) + s(tmax2m), data = .)      712.2667
gam(log(value) ~ s(pbl00) + s(jd) + s(pblmin) + s(nirradiance) + s(tmin2m) + s(v10m) + s(tp) + s(tmax2m), data = .)   728.1464
gam(log(value) ~ s(pbl12) + s(jd) + s(pblmin) + s(nirradiance) + s(tmin2m) + s(v10m) + s(tp) + s(tmax2m), data = .)   719.6287
gam(log(value) ~ s(pblmax) + s(jd) + s(pblmin) + s(nirradiance) + s(tmin2m) + s(v10m) + s(tp) + s(tmax2m), data = .)  717.8362
gam(log(value) ~ s(wdir) + s(jd) + s(pblmin) + s(nirradiance) + s(tmin2m) + s(v10m) + s(tp) + s(tmax2m), data = .)    717.0924
gam(log(value) ~ s(wspeed) + s(jd) + s(pblmin) + s(nirradiance) + s(tmin2m) + s(v10m) + s(tp) + s(tmax2m), data = .)  728.6621
gam(log(value) ~ s(pwspeed) + s(jd) + s(pblmin) + s(nirradiance) + s(tmin2m) + s(v10m) + s(tp) + s(tmax2m), data = .) 724.2593

Modello migliore: sp - jd - pblmin - nirradiance - tmin2m - v10m - tp - tmax2m 

Dati backward:  712.266726773091::sp::jd::pblmin::nirradiance::tmin2m::v10m::tp::tmax2m 

Scelgo il modello N-1 

---------- START ---------- 

                                                                                                                     IT0825A
gam(log(value) ~ s(t2m) + s(jd) + s(pblmin) + s(nirradiance) + s(tmin2m) + s(v10m) + s(tp) + s(u10m), data = .)     708.0759
gam(log(value) ~ s(ptp) + s(jd) + s(pblmin) + s(nirradiance) + s(tmin2m) + s(v10m) + s(tp) + s(u10m), data = .)     726.6232
gam(log(value) ~ s(rh) + s(jd) + s(pblmin) + s(nirradiance) + s(tmin2m) + s(v10m) + s(tp) + s(u10m), data = .)      726.6704
gam(log(value) ~ s(sp) + s(jd) + s(pblmin) + s(nirradiance) + s(tmin2m) + s(v10m) + s(tp) + s(u10m), data = .)      700.9096
gam(log(value) ~ s(pbl00) + s(jd) + s(pblmin) + s(nirradiance) + s(tmin2m) + s(v10m) + s(tp) + s(u10m), data = .)   729.8102
gam(log(value) ~ s(pbl12) + s(jd) + s(pblmin) + s(nirradiance) + s(tmin2m) + s(v10m) + s(tp) + s(u10m), data = .)   704.3470
gam(log(value) ~ s(pblmax) + s(jd) + s(pblmin) + s(nirradiance) + s(tmin2m) + s(v10m) + s(tp) + s(u10m), data = .)  702.2979
gam(log(value) ~ s(wdir) + s(jd) + s(pblmin) + s(nirradiance) + s(tmin2m) + s(v10m) + s(tp) + s(u10m), data = .)    719.9334
gam(log(value) ~ s(wspeed) + s(jd) + s(pblmin) + s(nirradiance) + s(tmin2m) + s(v10m) + s(tp) + s(u10m), data = .)  727.4779
gam(log(value) ~ s(pwspeed) + s(jd) + s(pblmin) + s(nirradiance) + s(tmin2m) + s(v10m) + s(tp) + s(u10m), data = .) 724.5874

Modello migliore: sp - jd - pblmin - nirradiance - tmin2m - v10m - tp - u10m 

Variabile scelta sp con AIC 700.909585235385  

Fine per scelta MODELLO 

jd + pblmin + nirradiance + tmin2m + v10m + tp + u10m 

---------------------- 

NOTE: Log Print Time:  2021-05-11 14:16:53 
NOTE: Elapsed Time in seconds: 1.95707193613052 

Fine per scelta MODELLO 

jd + pblmin + nirradiance + tmin2m + v10m + tp + u10m 

---------------------- 

NOTE: Log Print Time:  2021-05-11 14:16:53 
NOTE: Elapsed Time in seconds: 0.0010991096496582 

Fine per scelta MODELLO 

jd + pblmin + nirradiance + tmin2m + v10m + tp + u10m 

---------------------- 

NOTE: Log Print Time:  2021-05-11 14:16:53 
NOTE: Elapsed Time in seconds: 0.000999689102172852 

Fine per scelta MODELLO 

jd + pblmin + nirradiance + tmin2m + v10m + tp + u10m 

---------------------- 

NOTE: Log Print Time:  2021-05-11 14:16:53 
NOTE: Elapsed Time in seconds: 0.00106143951416016 

Fine per scelta MODELLO 

jd + pblmin + nirradiance + tmin2m + v10m + tp + u10m 

---------------------- 

NOTE: Log Print Time:  2021-05-11 14:16:53 
NOTE: Elapsed Time in seconds: 0.000998973846435547 

Fine per scelta MODELLO 

jd + pblmin + nirradiance + tmin2m + v10m + tp + u10m 

---------------------- 

NOTE: Log Print Time:  2021-05-11 14:16:53 
NOTE: Elapsed Time in seconds: 0.000990390777587891 

Fine per scelta MODELLO 

jd + pblmin + nirradiance + tmin2m + v10m + tp + u10m 

---------------------- 

NOTE: Log Print Time:  2021-05-11 14:16:53 
NOTE: Elapsed Time in seconds: 0.000997304916381836 

Fine per scelta MODELLO 

jd + pblmin + nirradiance + tmin2m + v10m + tp + u10m 

---------------------- 

NOTE: Log Print Time:  2021-05-11 14:16:53 
NOTE: Elapsed Time in seconds: 0.00102591514587402 

========================================================================= 
Log End Time: 2021-05-11 14:16:53 
Log Elapsed Time: 0 00:00:01 
========================================================================= 
