========================================================================= 
Log Path: output/12/nox/log/pulvirus_nox_12_IT2171A.log 
Working Directory: /home/rmorelli/R/pulvirus/analisi/GAM/scelta 
User Name: rmorelli 
R Version: 4.0.5 (2021-03-31) 
Machine: pasqualino x86_64 
Operating System: Linux 4.19.0-13-amd64 #1 SMP Debian 4.19.160-2 (2020-11-28) 
Log Start Time: 2021-05-11 13:51:06 
========================================================================= 

Stazione: IT2171A 

---------- START ---------- 

                                            IT2171A
gam(log(value) ~ s(t2m), data = .)         2892.174
gam(log(value) ~ s(tmin2m), data = .)      2894.388
gam(log(value) ~ s(tmax2m), data = .)      2929.855
gam(log(value) ~ s(tp), data = .)          2953.869
gam(log(value) ~ s(ptp), data = .)         3003.517
gam(log(value) ~ s(rh), data = .)          3014.434
gam(log(value) ~ s(u10m), data = .)        2990.851
gam(log(value) ~ s(v10m), data = .)        2493.294
gam(log(value) ~ s(sp), data = .)          2720.751
gam(log(value) ~ s(nirradiance), data = .) 2870.967
gam(log(value) ~ s(pbl00), data = .)       2953.234
gam(log(value) ~ s(pbl12), data = .)       2895.007
gam(log(value) ~ s(pblmin), data = .)      2898.500
gam(log(value) ~ s(pblmax), data = .)      2956.560
gam(log(value) ~ s(wdir), data = .)        2658.816
gam(log(value) ~ s(wspeed), data = .)      2837.238
gam(log(value) ~ s(pwspeed), data = .)     3016.072
gam(log(value) ~ s(jd), data = .)          2542.639

Modello migliore: v10m 

Variabile scelta v10m con AIC 2493.2938888419  

---------- START ---------- 

                                                      IT2171A
gam(log(value) ~ s(t2m) + s(v10m), data = .)         2365.545
gam(log(value) ~ s(tmin2m) + s(v10m), data = .)      2380.478
gam(log(value) ~ s(tmax2m) + s(v10m), data = .)      2353.349
gam(log(value) ~ s(tp) + s(v10m), data = .)          2490.334
gam(log(value) ~ s(ptp) + s(v10m), data = .)         2494.253
gam(log(value) ~ s(rh) + s(v10m), data = .)          2453.083
gam(log(value) ~ s(u10m) + s(v10m), data = .)        2465.254
gam(log(value) ~ s(v10m) + s(v10m), data = .)        2493.294
gam(log(value) ~ s(sp) + s(v10m), data = .)          2281.306
gam(log(value) ~ s(nirradiance) + s(v10m), data = .) 2115.832
gam(log(value) ~ s(pbl00) + s(v10m), data = .)       2480.649
gam(log(value) ~ s(pbl12) + s(v10m), data = .)       2488.534
gam(log(value) ~ s(pblmin) + s(v10m), data = .)      2481.886
gam(log(value) ~ s(pblmax) + s(v10m), data = .)      2489.330
gam(log(value) ~ s(wdir) + s(v10m), data = .)        2447.628
gam(log(value) ~ s(wspeed) + s(v10m), data = .)      2486.446
gam(log(value) ~ s(pwspeed) + s(v10m), data = .)     2478.392
gam(log(value) ~ s(jd) + s(v10m), data = .)          1691.294

Modello migliore: jd - v10m 

Variabile scelta jd con AIC 1691.29385920059  

Modelli BACKWARD 

                                                    IT2171A
gam(log(value) ~ s(t2m) + s(jd), data = .)         2462.389
gam(log(value) ~ s(tmin2m) + s(jd), data = .)      2476.229
gam(log(value) ~ s(tmax2m) + s(jd), data = .)      2473.788
gam(log(value) ~ s(tp) + s(jd), data = .)          2395.494
gam(log(value) ~ s(ptp) + s(jd), data = .)         2504.186
gam(log(value) ~ s(rh) + s(jd), data = .)          2524.341
gam(log(value) ~ s(u10m) + s(jd), data = .)        2391.574
gam(log(value) ~ s(sp) + s(jd), data = .)          2287.704
gam(log(value) ~ s(nirradiance) + s(jd), data = .) 2492.645
gam(log(value) ~ s(pbl00) + s(jd), data = .)       2319.360
gam(log(value) ~ s(pbl12) + s(jd), data = .)       2121.834
gam(log(value) ~ s(pblmin) + s(jd), data = .)      2146.829
gam(log(value) ~ s(pblmax) + s(jd), data = .)      2236.328
gam(log(value) ~ s(wdir) + s(jd), data = .)        2113.828
gam(log(value) ~ s(wspeed) + s(jd), data = .)      2084.881
gam(log(value) ~ s(pwspeed) + s(jd), data = .)     2512.833

Modello migliore: wspeed - jd 

Dati backward:  2084.88130250488::wspeed::jd 

Scelgo il modello N 

---------- START ---------- 

                                                              IT2171A
gam(log(value) ~ s(t2m) + s(v10m) + s(jd), data = .)         1673.577
gam(log(value) ~ s(tmin2m) + s(v10m) + s(jd), data = .)      1680.412
gam(log(value) ~ s(tmax2m) + s(v10m) + s(jd), data = .)      1659.418
gam(log(value) ~ s(tp) + s(v10m) + s(jd), data = .)          1668.629
gam(log(value) ~ s(ptp) + s(v10m) + s(jd), data = .)         1687.087
gam(log(value) ~ s(rh) + s(v10m) + s(jd), data = .)          1682.569
gam(log(value) ~ s(u10m) + s(v10m) + s(jd), data = .)        1653.023
gam(log(value) ~ s(sp) + s(v10m) + s(jd), data = .)          1575.601
gam(log(value) ~ s(nirradiance) + s(v10m) + s(jd), data = .) 1616.713
gam(log(value) ~ s(pbl00) + s(v10m) + s(jd), data = .)       1666.057
gam(log(value) ~ s(pbl12) + s(v10m) + s(jd), data = .)       1641.625
gam(log(value) ~ s(pblmin) + s(v10m) + s(jd), data = .)      1649.358
gam(log(value) ~ s(pblmax) + s(v10m) + s(jd), data = .)      1654.094
gam(log(value) ~ s(wdir) + s(v10m) + s(jd), data = .)        1664.306
gam(log(value) ~ s(wspeed) + s(v10m) + s(jd), data = .)      1650.024
gam(log(value) ~ s(pwspeed) + s(v10m) + s(jd), data = .)     1693.015

Modello migliore: sp - v10m - jd 

Variabile scelta sp con AIC 1575.60085233244  

Modelli BACKWARD 

                                                              IT2171A
gam(log(value) ~ s(t2m) + s(v10m) + s(sp), data = .)         2230.859
gam(log(value) ~ s(tmin2m) + s(v10m) + s(sp), data = .)      2246.710
gam(log(value) ~ s(tmax2m) + s(v10m) + s(sp), data = .)      2210.395
gam(log(value) ~ s(tp) + s(v10m) + s(sp), data = .)          2266.319
gam(log(value) ~ s(ptp) + s(v10m) + s(sp), data = .)         2260.830
gam(log(value) ~ s(rh) + s(v10m) + s(sp), data = .)          2257.038
gam(log(value) ~ s(u10m) + s(v10m) + s(sp), data = .)        2278.839
gam(log(value) ~ s(nirradiance) + s(v10m) + s(sp), data = .) 2011.271
gam(log(value) ~ s(pbl00) + s(v10m) + s(sp), data = .)       2259.485
gam(log(value) ~ s(pbl12) + s(v10m) + s(sp), data = .)       2278.862
gam(log(value) ~ s(pblmin) + s(v10m) + s(sp), data = .)      2272.353
gam(log(value) ~ s(pblmax) + s(v10m) + s(sp), data = .)      2271.407
gam(log(value) ~ s(wdir) + s(v10m) + s(sp), data = .)        2268.152
gam(log(value) ~ s(wspeed) + s(v10m) + s(sp), data = .)      2271.433
gam(log(value) ~ s(pwspeed) + s(v10m) + s(sp), data = .)     2258.123

Modello migliore: nirradiance - v10m - sp 

Dati backward:  2011.27080470056::nirradiance::v10m::sp 

Scelgo il modello N 

---------- START ---------- 

                                                                      IT2171A
gam(log(value) ~ s(t2m) + s(v10m) + s(jd) + s(sp), data = .)         1569.946
gam(log(value) ~ s(tmin2m) + s(v10m) + s(jd) + s(sp), data = .)      1578.178
gam(log(value) ~ s(tmax2m) + s(v10m) + s(jd) + s(sp), data = .)      1553.134
gam(log(value) ~ s(tp) + s(v10m) + s(jd) + s(sp), data = .)          1566.585
gam(log(value) ~ s(ptp) + s(v10m) + s(jd) + s(sp), data = .)         1566.357
gam(log(value) ~ s(rh) + s(v10m) + s(jd) + s(sp), data = .)          1569.701
gam(log(value) ~ s(u10m) + s(v10m) + s(jd) + s(sp), data = .)        1560.883
gam(log(value) ~ s(nirradiance) + s(v10m) + s(jd) + s(sp), data = .) 1486.163
gam(log(value) ~ s(pbl00) + s(v10m) + s(jd) + s(sp), data = .)       1566.077
gam(log(value) ~ s(pbl12) + s(v10m) + s(jd) + s(sp), data = .)       1556.752
gam(log(value) ~ s(pblmin) + s(v10m) + s(jd) + s(sp), data = .)      1561.041
gam(log(value) ~ s(pblmax) + s(v10m) + s(jd) + s(sp), data = .)      1569.211
gam(log(value) ~ s(wdir) + s(v10m) + s(jd) + s(sp), data = .)        1557.876
gam(log(value) ~ s(wspeed) + s(v10m) + s(jd) + s(sp), data = .)      1551.817
gam(log(value) ~ s(pwspeed) + s(v10m) + s(jd) + s(sp), data = .)     1571.064

Modello migliore: nirradiance - v10m - jd - sp 

Variabile scelta nirradiance con AIC 1486.16289756381  

Modelli BACKWARD 

                                                                           IT2171A
gam(log(value) ~ s(t2m) + s(v10m) + s(jd) + s(nirradiance), data = .)     1609.060
gam(log(value) ~ s(tmin2m) + s(v10m) + s(jd) + s(nirradiance), data = .)  1614.691
gam(log(value) ~ s(tmax2m) + s(v10m) + s(jd) + s(nirradiance), data = .)  1591.441
gam(log(value) ~ s(tp) + s(v10m) + s(jd) + s(nirradiance), data = .)      1543.439
gam(log(value) ~ s(ptp) + s(v10m) + s(jd) + s(nirradiance), data = .)     1604.848
gam(log(value) ~ s(rh) + s(v10m) + s(jd) + s(nirradiance), data = .)      1605.781
gam(log(value) ~ s(u10m) + s(v10m) + s(jd) + s(nirradiance), data = .)    1568.338
gam(log(value) ~ s(pbl00) + s(v10m) + s(jd) + s(nirradiance), data = .)   1571.492
gam(log(value) ~ s(pbl12) + s(v10m) + s(jd) + s(nirradiance), data = .)   1542.517
gam(log(value) ~ s(pblmin) + s(v10m) + s(jd) + s(nirradiance), data = .)  1545.990
gam(log(value) ~ s(pblmax) + s(v10m) + s(jd) + s(nirradiance), data = .)  1541.406
gam(log(value) ~ s(wdir) + s(v10m) + s(jd) + s(nirradiance), data = .)    1578.286
gam(log(value) ~ s(wspeed) + s(v10m) + s(jd) + s(nirradiance), data = .)  1564.514
gam(log(value) ~ s(pwspeed) + s(v10m) + s(jd) + s(nirradiance), data = .) 1618.219

Modello migliore: pblmax - v10m - jd - nirradiance 

Dati backward:  1541.40593858626::pblmax::v10m::jd::nirradiance 

Scelgo il modello N 

---------- START ---------- 

                                                                                   IT2171A
gam(log(value) ~ s(t2m) + s(v10m) + s(jd) + s(sp) + s(nirradiance), data = .)     1482.682
gam(log(value) ~ s(tmin2m) + s(v10m) + s(jd) + s(sp) + s(nirradiance), data = .)  1487.960
gam(log(value) ~ s(tmax2m) + s(v10m) + s(jd) + s(sp) + s(nirradiance), data = .)  1467.206
gam(log(value) ~ s(tp) + s(v10m) + s(jd) + s(sp) + s(nirradiance), data = .)      1455.898
gam(log(value) ~ s(ptp) + s(v10m) + s(jd) + s(sp) + s(nirradiance), data = .)     1480.387
gam(log(value) ~ s(rh) + s(v10m) + s(jd) + s(sp) + s(nirradiance), data = .)      1485.124
gam(log(value) ~ s(u10m) + s(v10m) + s(jd) + s(sp) + s(nirradiance), data = .)    1459.325
gam(log(value) ~ s(pbl00) + s(v10m) + s(jd) + s(sp) + s(nirradiance), data = .)   1465.121
gam(log(value) ~ s(pbl12) + s(v10m) + s(jd) + s(sp) + s(nirradiance), data = .)   1448.439
gam(log(value) ~ s(pblmin) + s(v10m) + s(jd) + s(sp) + s(nirradiance), data = .)  1447.634
gam(log(value) ~ s(pblmax) + s(v10m) + s(jd) + s(sp) + s(nirradiance), data = .)  1454.942
gam(log(value) ~ s(wdir) + s(v10m) + s(jd) + s(sp) + s(nirradiance), data = .)    1453.989
gam(log(value) ~ s(wspeed) + s(v10m) + s(jd) + s(sp) + s(nirradiance), data = .)  1457.680
gam(log(value) ~ s(pwspeed) + s(v10m) + s(jd) + s(sp) + s(nirradiance), data = .) 1486.014

Modello migliore: pblmin - v10m - jd - sp - nirradiance 

Variabile scelta pblmin con AIC 1447.6343852842  

Modelli BACKWARD 

                                                                              IT2171A
gam(log(value) ~ s(t2m) + s(v10m) + s(jd) + s(sp) + s(pblmin), data = .)     1549.919
gam(log(value) ~ s(tmin2m) + s(v10m) + s(jd) + s(sp) + s(pblmin), data = .)  1561.188
gam(log(value) ~ s(tmax2m) + s(v10m) + s(jd) + s(sp) + s(pblmin), data = .)  1531.737
gam(log(value) ~ s(tp) + s(v10m) + s(jd) + s(sp) + s(pblmin), data = .)      1552.803
gam(log(value) ~ s(ptp) + s(v10m) + s(jd) + s(sp) + s(pblmin), data = .)     1548.746
gam(log(value) ~ s(rh) + s(v10m) + s(jd) + s(sp) + s(pblmin), data = .)      1559.300
gam(log(value) ~ s(u10m) + s(v10m) + s(jd) + s(sp) + s(pblmin), data = .)    1554.312
gam(log(value) ~ s(pbl00) + s(v10m) + s(jd) + s(sp) + s(pblmin), data = .)   1549.584
gam(log(value) ~ s(pbl12) + s(v10m) + s(jd) + s(sp) + s(pblmin), data = .)   1556.122
gam(log(value) ~ s(pblmax) + s(v10m) + s(jd) + s(sp) + s(pblmin), data = .)  1562.552
gam(log(value) ~ s(wdir) + s(v10m) + s(jd) + s(sp) + s(pblmin), data = .)    1543.189
gam(log(value) ~ s(wspeed) + s(v10m) + s(jd) + s(sp) + s(pblmin), data = .)  1541.097
gam(log(value) ~ s(pwspeed) + s(v10m) + s(jd) + s(sp) + s(pblmin), data = .) 1549.704

Modello migliore: tmax2m - v10m - jd - sp - pblmin 

Dati backward:  1531.73654910443::tmax2m::v10m::jd::sp::pblmin 

Scelgo il modello N 

---------- START ---------- 

                                                                                               IT2171A
gam(log(value) ~ s(t2m) + s(v10m) + s(jd) + s(sp) + s(nirradiance) + s(pblmin), data = .)     1437.914
gam(log(value) ~ s(tmin2m) + s(v10m) + s(jd) + s(sp) + s(nirradiance) + s(pblmin), data = .)  1448.470
gam(log(value) ~ s(tmax2m) + s(v10m) + s(jd) + s(sp) + s(nirradiance) + s(pblmin), data = .)  1423.086
gam(log(value) ~ s(tp) + s(v10m) + s(jd) + s(sp) + s(nirradiance) + s(pblmin), data = .)      1423.534
gam(log(value) ~ s(ptp) + s(v10m) + s(jd) + s(sp) + s(nirradiance) + s(pblmin), data = .)     1439.562
gam(log(value) ~ s(rh) + s(v10m) + s(jd) + s(sp) + s(nirradiance) + s(pblmin), data = .)      1441.388
gam(log(value) ~ s(u10m) + s(v10m) + s(jd) + s(sp) + s(nirradiance) + s(pblmin), data = .)    1431.405
gam(log(value) ~ s(pbl00) + s(v10m) + s(jd) + s(sp) + s(nirradiance) + s(pblmin), data = .)   1437.191
gam(log(value) ~ s(pbl12) + s(v10m) + s(jd) + s(sp) + s(nirradiance) + s(pblmin), data = .)   1437.892
gam(log(value) ~ s(pblmax) + s(v10m) + s(jd) + s(sp) + s(nirradiance) + s(pblmin), data = .)  1439.866
gam(log(value) ~ s(wdir) + s(v10m) + s(jd) + s(sp) + s(nirradiance) + s(pblmin), data = .)    1415.426
gam(log(value) ~ s(wspeed) + s(v10m) + s(jd) + s(sp) + s(nirradiance) + s(pblmin), data = .)  1425.607
gam(log(value) ~ s(pwspeed) + s(v10m) + s(jd) + s(sp) + s(nirradiance) + s(pblmin), data = .) 1440.576

Modello migliore: wdir - v10m - jd - sp - nirradiance - pblmin 

Variabile scelta wdir con AIC 1415.42646470631  

Modelli BACKWARD 

                                                                                             IT2171A
gam(log(value) ~ s(t2m) + s(v10m) + s(jd) + s(sp) + s(nirradiance) + s(wdir), data = .)     1447.853
gam(log(value) ~ s(tmin2m) + s(v10m) + s(jd) + s(sp) + s(nirradiance) + s(wdir), data = .)  1455.678
gam(log(value) ~ s(tmax2m) + s(v10m) + s(jd) + s(sp) + s(nirradiance) + s(wdir), data = .)  1432.810
gam(log(value) ~ s(tp) + s(v10m) + s(jd) + s(sp) + s(nirradiance) + s(wdir), data = .)      1423.968
gam(log(value) ~ s(ptp) + s(v10m) + s(jd) + s(sp) + s(nirradiance) + s(wdir), data = .)     1446.859
gam(log(value) ~ s(rh) + s(v10m) + s(jd) + s(sp) + s(nirradiance) + s(wdir), data = .)      1454.736
gam(log(value) ~ s(u10m) + s(v10m) + s(jd) + s(sp) + s(nirradiance) + s(wdir), data = .)    1432.307
gam(log(value) ~ s(pbl00) + s(v10m) + s(jd) + s(sp) + s(nirradiance) + s(wdir), data = .)   1434.570
gam(log(value) ~ s(pbl12) + s(v10m) + s(jd) + s(sp) + s(nirradiance) + s(wdir), data = .)   1417.655
gam(log(value) ~ s(pblmax) + s(v10m) + s(jd) + s(sp) + s(nirradiance) + s(wdir), data = .)  1427.778
gam(log(value) ~ s(wspeed) + s(v10m) + s(jd) + s(sp) + s(nirradiance) + s(wdir), data = .)  1428.384
gam(log(value) ~ s(pwspeed) + s(v10m) + s(jd) + s(sp) + s(nirradiance) + s(wdir), data = .) 1452.030

Modello migliore: pbl12 - v10m - jd - sp - nirradiance - wdir 

Dati backward:  1417.6545493238::pbl12::v10m::jd::sp::nirradiance::wdir 

Scelgo il modello N 

---------- START ---------- 

                                                                                                         IT2171A
gam(log(value) ~ s(t2m) + s(v10m) + s(jd) + s(sp) + s(nirradiance) + s(pblmin) + s(wdir), data = .)     1401.095
gam(log(value) ~ s(tmin2m) + s(v10m) + s(jd) + s(sp) + s(nirradiance) + s(pblmin) + s(wdir), data = .)  1414.001
gam(log(value) ~ s(tmax2m) + s(v10m) + s(jd) + s(sp) + s(nirradiance) + s(pblmin) + s(wdir), data = .)  1387.273
gam(log(value) ~ s(tp) + s(v10m) + s(jd) + s(sp) + s(nirradiance) + s(pblmin) + s(wdir), data = .)      1391.006
gam(log(value) ~ s(ptp) + s(v10m) + s(jd) + s(sp) + s(nirradiance) + s(pblmin) + s(wdir), data = .)     1406.231
gam(log(value) ~ s(rh) + s(v10m) + s(jd) + s(sp) + s(nirradiance) + s(pblmin) + s(wdir), data = .)      1408.234
gam(log(value) ~ s(u10m) + s(v10m) + s(jd) + s(sp) + s(nirradiance) + s(pblmin) + s(wdir), data = .)    1402.533
gam(log(value) ~ s(pbl00) + s(v10m) + s(jd) + s(sp) + s(nirradiance) + s(pblmin) + s(wdir), data = .)   1407.625
gam(log(value) ~ s(pbl12) + s(v10m) + s(jd) + s(sp) + s(nirradiance) + s(pblmin) + s(wdir), data = .)   1405.826
gam(log(value) ~ s(pblmax) + s(v10m) + s(jd) + s(sp) + s(nirradiance) + s(pblmin) + s(wdir), data = .)  1410.710
gam(log(value) ~ s(wspeed) + s(v10m) + s(jd) + s(sp) + s(nirradiance) + s(pblmin) + s(wdir), data = .)  1394.613
gam(log(value) ~ s(pwspeed) + s(v10m) + s(jd) + s(sp) + s(nirradiance) + s(pblmin) + s(wdir), data = .) 1405.638

Modello migliore: tmax2m - v10m - jd - sp - nirradiance - pblmin - wdir 

Variabile scelta tmax2m con AIC 1387.27330541032  

Modelli BACKWARD 

                                                                                                           IT2171A
gam(log(value) ~ s(t2m) + s(v10m) + s(jd) + s(sp) + s(nirradiance) + s(pblmin) + s(tmax2m), data = .)     1402.799
gam(log(value) ~ s(tmin2m) + s(v10m) + s(jd) + s(sp) + s(nirradiance) + s(pblmin) + s(tmax2m), data = .)  1413.011
gam(log(value) ~ s(tp) + s(v10m) + s(jd) + s(sp) + s(nirradiance) + s(pblmin) + s(tmax2m), data = .)      1399.486
gam(log(value) ~ s(ptp) + s(v10m) + s(jd) + s(sp) + s(nirradiance) + s(pblmin) + s(tmax2m), data = .)     1412.481
gam(log(value) ~ s(rh) + s(v10m) + s(jd) + s(sp) + s(nirradiance) + s(pblmin) + s(tmax2m), data = .)      1418.237
gam(log(value) ~ s(u10m) + s(v10m) + s(jd) + s(sp) + s(nirradiance) + s(pblmin) + s(tmax2m), data = .)    1408.580
gam(log(value) ~ s(pbl00) + s(v10m) + s(jd) + s(sp) + s(nirradiance) + s(pblmin) + s(tmax2m), data = .)   1411.773
gam(log(value) ~ s(pbl12) + s(v10m) + s(jd) + s(sp) + s(nirradiance) + s(pblmin) + s(tmax2m), data = .)   1413.344
gam(log(value) ~ s(pblmax) + s(v10m) + s(jd) + s(sp) + s(nirradiance) + s(pblmin) + s(tmax2m), data = .)  1415.113
gam(log(value) ~ s(wspeed) + s(v10m) + s(jd) + s(sp) + s(nirradiance) + s(pblmin) + s(tmax2m), data = .)  1402.936
gam(log(value) ~ s(pwspeed) + s(v10m) + s(jd) + s(sp) + s(nirradiance) + s(pblmin) + s(tmax2m), data = .) 1413.160

Modello migliore: tp - v10m - jd - sp - nirradiance - pblmin - tmax2m 

Dati backward:  1399.48649121058::tp::v10m::jd::sp::nirradiance::pblmin::tmax2m 

Scelgo il modello N-1 

---------- START ---------- 

                                                                                                         IT2171A
gam(log(value) ~ s(t2m) + s(v10m) + s(jd) + s(sp) + s(nirradiance) + s(pblmin) + s(wdir), data = .)     1401.095
gam(log(value) ~ s(tmin2m) + s(v10m) + s(jd) + s(sp) + s(nirradiance) + s(pblmin) + s(wdir), data = .)  1414.001
gam(log(value) ~ s(tp) + s(v10m) + s(jd) + s(sp) + s(nirradiance) + s(pblmin) + s(wdir), data = .)      1391.006
gam(log(value) ~ s(ptp) + s(v10m) + s(jd) + s(sp) + s(nirradiance) + s(pblmin) + s(wdir), data = .)     1406.231
gam(log(value) ~ s(rh) + s(v10m) + s(jd) + s(sp) + s(nirradiance) + s(pblmin) + s(wdir), data = .)      1408.234
gam(log(value) ~ s(u10m) + s(v10m) + s(jd) + s(sp) + s(nirradiance) + s(pblmin) + s(wdir), data = .)    1402.533
gam(log(value) ~ s(pbl00) + s(v10m) + s(jd) + s(sp) + s(nirradiance) + s(pblmin) + s(wdir), data = .)   1407.625
gam(log(value) ~ s(pbl12) + s(v10m) + s(jd) + s(sp) + s(nirradiance) + s(pblmin) + s(wdir), data = .)   1405.826
gam(log(value) ~ s(pblmax) + s(v10m) + s(jd) + s(sp) + s(nirradiance) + s(pblmin) + s(wdir), data = .)  1410.710
gam(log(value) ~ s(wspeed) + s(v10m) + s(jd) + s(sp) + s(nirradiance) + s(pblmin) + s(wdir), data = .)  1394.613
gam(log(value) ~ s(pwspeed) + s(v10m) + s(jd) + s(sp) + s(nirradiance) + s(pblmin) + s(wdir), data = .) 1405.638

Modello migliore: tp - v10m - jd - sp - nirradiance - pblmin - wdir 

Variabile scelta tp con AIC 1391.00644015967  

Fine per scelta MODELLO 

v10m + jd + sp + nirradiance + pblmin + wdir 

---------------------- 

NOTE: Log Print Time:  2021-05-11 13:52:40 
NOTE: Elapsed Time in seconds: 1.55574376980464 

Fine per scelta MODELLO 

v10m + jd + sp + nirradiance + pblmin + wdir 

---------------------- 

NOTE: Log Print Time:  2021-05-11 13:52:40 
NOTE: Elapsed Time in seconds: 0.00123047828674316 

Fine per scelta MODELLO 

v10m + jd + sp + nirradiance + pblmin + wdir 

---------------------- 

NOTE: Log Print Time:  2021-05-11 13:52:40 
NOTE: Elapsed Time in seconds: 0.00114655494689941 

Fine per scelta MODELLO 

v10m + jd + sp + nirradiance + pblmin + wdir 

---------------------- 

NOTE: Log Print Time:  2021-05-11 13:52:40 
NOTE: Elapsed Time in seconds: 0.00113177299499512 

Fine per scelta MODELLO 

v10m + jd + sp + nirradiance + pblmin + wdir 

---------------------- 

NOTE: Log Print Time:  2021-05-11 13:52:40 
NOTE: Elapsed Time in seconds: 0.00112032890319824 

Fine per scelta MODELLO 

v10m + jd + sp + nirradiance + pblmin + wdir 

---------------------- 

NOTE: Log Print Time:  2021-05-11 13:52:40 
NOTE: Elapsed Time in seconds: 0.0011134147644043 

Fine per scelta MODELLO 

v10m + jd + sp + nirradiance + pblmin + wdir 

---------------------- 

NOTE: Log Print Time:  2021-05-11 13:52:40 
NOTE: Elapsed Time in seconds: 0.00111913681030273 

========================================================================= 
Log End Time: 2021-05-11 13:52:40 
Log Elapsed Time: 0 00:00:01 
========================================================================= 
