========================================================================= 
Log Path: output/12/nox/log/pulvirus_nox_12_IT0867A.log 
Working Directory: /home/rmorelli/R/pulvirus/analisi/GAM/scelta 
User Name: rmorelli 
R Version: 4.0.5 (2021-03-31) 
Machine: pasqualino x86_64 
Operating System: Linux 4.19.0-13-amd64 #1 SMP Debian 4.19.160-2 (2020-11-28) 
Log Start Time: 2021-05-11 14:11:43 
========================================================================= 

Stazione: IT0867A 

---------- START ---------- 

                                            IT0867A
gam(log(value) ~ s(t2m), data = .)         2442.873
gam(log(value) ~ s(tmin2m), data = .)      2555.733
gam(log(value) ~ s(tmax2m), data = .)      2547.718
gam(log(value) ~ s(tp), data = .)          3367.400
gam(log(value) ~ s(ptp), data = .)         3373.579
gam(log(value) ~ s(rh), data = .)          3205.357
gam(log(value) ~ s(u10m), data = .)        3004.397
gam(log(value) ~ s(v10m), data = .)        3291.402
gam(log(value) ~ s(sp), data = .)          3132.280
gam(log(value) ~ s(nirradiance), data = .) 2377.556
gam(log(value) ~ s(pbl00), data = .)       3371.864
gam(log(value) ~ s(pbl12), data = .)       2519.339
gam(log(value) ~ s(pblmin), data = .)      3361.212
gam(log(value) ~ s(pblmax), data = .)      2506.445
gam(log(value) ~ s(wdir), data = .)        3007.960
gam(log(value) ~ s(wspeed), data = .)      3334.195
gam(log(value) ~ s(pwspeed), data = .)     3347.016
gam(log(value) ~ s(jd), data = .)          1953.401

Modello migliore: jd 

Variabile scelta jd con AIC 1953.40092828203  

---------- START ---------- 

                                                    IT0867A
gam(log(value) ~ s(t2m) + s(jd), data = .)         1838.637
gam(log(value) ~ s(tmin2m) + s(jd), data = .)      1836.638
gam(log(value) ~ s(tmax2m) + s(jd), data = .)      1894.037
gam(log(value) ~ s(tp) + s(jd), data = .)          1879.085
gam(log(value) ~ s(ptp) + s(jd), data = .)         1933.649
gam(log(value) ~ s(rh) + s(jd), data = .)          1899.352
gam(log(value) ~ s(u10m) + s(jd), data = .)        1778.202
gam(log(value) ~ s(v10m) + s(jd), data = .)        1747.007
gam(log(value) ~ s(sp) + s(jd), data = .)          1848.710
gam(log(value) ~ s(nirradiance) + s(jd), data = .) 1829.119
gam(log(value) ~ s(pbl00) + s(jd), data = .)       1834.365
gam(log(value) ~ s(pbl12) + s(jd), data = .)       1687.285
gam(log(value) ~ s(pblmin) + s(jd), data = .)      1776.487
gam(log(value) ~ s(pblmax) + s(jd), data = .)      1688.070
gam(log(value) ~ s(wdir) + s(jd), data = .)        1812.381
gam(log(value) ~ s(wspeed) + s(jd), data = .)      1781.942
gam(log(value) ~ s(pwspeed) + s(jd), data = .)     1933.380
gam(log(value) ~ s(jd) + s(jd), data = .)          1953.401

Modello migliore: pbl12 - jd 

Variabile scelta pbl12 con AIC 1687.28535416396  

Modelli BACKWARD 

                                                       IT0867A
gam(log(value) ~ s(t2m) + s(pbl12), data = .)         2137.455
gam(log(value) ~ s(tmin2m) + s(pbl12), data = .)      2154.590
gam(log(value) ~ s(tmax2m) + s(pbl12), data = .)      2233.329
gam(log(value) ~ s(tp) + s(pbl12), data = .)          2437.619
gam(log(value) ~ s(ptp) + s(pbl12), data = .)         2517.483
gam(log(value) ~ s(rh) + s(pbl12), data = .)          2480.757
gam(log(value) ~ s(u10m) + s(pbl12), data = .)        2375.134
gam(log(value) ~ s(v10m) + s(pbl12), data = .)        2457.482
gam(log(value) ~ s(sp) + s(pbl12), data = .)          2437.935
gam(log(value) ~ s(nirradiance) + s(pbl12), data = .) 2216.794
gam(log(value) ~ s(pbl00) + s(pbl12), data = .)       2517.798
gam(log(value) ~ s(pblmin) + s(pbl12), data = .)      2511.231
gam(log(value) ~ s(pblmax) + s(pbl12), data = .)      2476.855
gam(log(value) ~ s(wdir) + s(pbl12), data = .)        2374.916
gam(log(value) ~ s(wspeed) + s(pbl12), data = .)      2518.750
gam(log(value) ~ s(pwspeed) + s(pbl12), data = .)     2514.889

Modello migliore: t2m - pbl12 

Dati backward:  2137.45533848328::t2m::pbl12 

Scelgo il modello N 

---------- START ---------- 

                                                               IT0867A
gam(log(value) ~ s(t2m) + s(jd) + s(pbl12), data = .)         1609.430
gam(log(value) ~ s(tmin2m) + s(jd) + s(pbl12), data = .)      1577.477
gam(log(value) ~ s(tmax2m) + s(jd) + s(pbl12), data = .)      1660.778
gam(log(value) ~ s(tp) + s(jd) + s(pbl12), data = .)          1571.791
gam(log(value) ~ s(ptp) + s(jd) + s(pbl12), data = .)         1673.271
gam(log(value) ~ s(rh) + s(jd) + s(pbl12), data = .)          1595.617
gam(log(value) ~ s(u10m) + s(jd) + s(pbl12), data = .)        1568.032
gam(log(value) ~ s(v10m) + s(jd) + s(pbl12), data = .)        1565.474
gam(log(value) ~ s(sp) + s(jd) + s(pbl12), data = .)          1607.605
gam(log(value) ~ s(nirradiance) + s(jd) + s(pbl12), data = .) 1620.221
gam(log(value) ~ s(pbl00) + s(jd) + s(pbl12), data = .)       1619.331
gam(log(value) ~ s(pblmin) + s(jd) + s(pbl12), data = .)      1570.778
gam(log(value) ~ s(pblmax) + s(jd) + s(pbl12), data = .)      1666.926
gam(log(value) ~ s(wdir) + s(jd) + s(pbl12), data = .)        1587.131
gam(log(value) ~ s(wspeed) + s(jd) + s(pbl12), data = .)      1603.630
gam(log(value) ~ s(pwspeed) + s(jd) + s(pbl12), data = .)     1683.751

Modello migliore: v10m - jd - pbl12 

Variabile scelta v10m con AIC 1565.47350166471  

Modelli BACKWARD 

                                                              IT0867A
gam(log(value) ~ s(t2m) + s(jd) + s(v10m), data = .)         1613.859
gam(log(value) ~ s(tmin2m) + s(jd) + s(v10m), data = .)      1643.148
gam(log(value) ~ s(tmax2m) + s(jd) + s(v10m), data = .)      1642.147
gam(log(value) ~ s(tp) + s(jd) + s(v10m), data = .)          1734.741
gam(log(value) ~ s(ptp) + s(jd) + s(v10m), data = .)         1742.526
gam(log(value) ~ s(rh) + s(jd) + s(v10m), data = .)          1726.607
gam(log(value) ~ s(u10m) + s(jd) + s(v10m), data = .)        1622.995
gam(log(value) ~ s(sp) + s(jd) + s(v10m), data = .)          1704.863
gam(log(value) ~ s(nirradiance) + s(jd) + s(v10m), data = .) 1575.857
gam(log(value) ~ s(pbl00) + s(jd) + s(v10m), data = .)       1727.639
gam(log(value) ~ s(pblmin) + s(jd) + s(v10m), data = .)      1712.231
gam(log(value) ~ s(pblmax) + s(jd) + s(v10m), data = .)      1544.657
gam(log(value) ~ s(wdir) + s(jd) + s(v10m), data = .)        1698.932
gam(log(value) ~ s(wspeed) + s(jd) + s(v10m), data = .)      1699.525
gam(log(value) ~ s(pwspeed) + s(jd) + s(v10m), data = .)     1740.180

Modello migliore: pblmax - jd - v10m 

Dati backward:  1544.65735045027::pblmax::jd::v10m 

Scelgo il modello N 

---------- START ---------- 

                                                                         IT0867A
gam(log(value) ~ s(t2m) + s(jd) + s(pbl12) + s(v10m), data = .)         1479.895
gam(log(value) ~ s(tmin2m) + s(jd) + s(pbl12) + s(v10m), data = .)      1476.842
gam(log(value) ~ s(tmax2m) + s(jd) + s(pbl12) + s(v10m), data = .)      1513.607
gam(log(value) ~ s(tp) + s(jd) + s(pbl12) + s(v10m), data = .)          1519.132
gam(log(value) ~ s(ptp) + s(jd) + s(pbl12) + s(v10m), data = .)         1559.689
gam(log(value) ~ s(rh) + s(jd) + s(pbl12) + s(v10m), data = .)          1534.335
gam(log(value) ~ s(u10m) + s(jd) + s(pbl12) + s(v10m), data = .)        1476.717
gam(log(value) ~ s(sp) + s(jd) + s(pbl12) + s(v10m), data = .)          1529.047
gam(log(value) ~ s(nirradiance) + s(jd) + s(pbl12) + s(v10m), data = .) 1493.718
gam(log(value) ~ s(pbl00) + s(jd) + s(pbl12) + s(v10m), data = .)       1546.042
gam(log(value) ~ s(pblmin) + s(jd) + s(pbl12) + s(v10m), data = .)      1523.662
gam(log(value) ~ s(pblmax) + s(jd) + s(pbl12) + s(v10m), data = .)      1538.170
gam(log(value) ~ s(wdir) + s(jd) + s(pbl12) + s(v10m), data = .)        1529.283
gam(log(value) ~ s(wspeed) + s(jd) + s(pbl12) + s(v10m), data = .)      1537.944
gam(log(value) ~ s(pwspeed) + s(jd) + s(pbl12) + s(v10m), data = .)     1565.075

Modello migliore: u10m - jd - pbl12 - v10m 

Variabile scelta u10m con AIC 1476.71738659842  

Modelli BACKWARD 

                                                                         IT0867A
gam(log(value) ~ s(t2m) + s(jd) + s(pbl12) + s(u10m), data = .)         1490.265
gam(log(value) ~ s(tmin2m) + s(jd) + s(pbl12) + s(u10m), data = .)      1474.327
gam(log(value) ~ s(tmax2m) + s(jd) + s(pbl12) + s(u10m), data = .)      1532.599
gam(log(value) ~ s(tp) + s(jd) + s(pbl12) + s(u10m), data = .)          1456.057
gam(log(value) ~ s(ptp) + s(jd) + s(pbl12) + s(u10m), data = .)         1552.481
gam(log(value) ~ s(rh) + s(jd) + s(pbl12) + s(u10m), data = .)          1501.916
gam(log(value) ~ s(sp) + s(jd) + s(pbl12) + s(u10m), data = .)          1495.064
gam(log(value) ~ s(nirradiance) + s(jd) + s(pbl12) + s(u10m), data = .) 1511.524
gam(log(value) ~ s(pbl00) + s(jd) + s(pbl12) + s(u10m), data = .)       1511.336
gam(log(value) ~ s(pblmin) + s(jd) + s(pbl12) + s(u10m), data = .)      1448.802
gam(log(value) ~ s(pblmax) + s(jd) + s(pbl12) + s(u10m), data = .)      1543.386
gam(log(value) ~ s(wdir) + s(jd) + s(pbl12) + s(u10m), data = .)        1516.788
gam(log(value) ~ s(wspeed) + s(jd) + s(pbl12) + s(u10m), data = .)      1486.745
gam(log(value) ~ s(pwspeed) + s(jd) + s(pbl12) + s(u10m), data = .)     1568.456

Modello migliore: pblmin - jd - pbl12 - u10m 

Dati backward:  1448.80219043764::pblmin::jd::pbl12::u10m 

Scelgo il modello N 

---------- START ---------- 

                                                                                   IT0867A
gam(log(value) ~ s(t2m) + s(jd) + s(pbl12) + s(v10m) + s(u10m), data = .)         1382.751
gam(log(value) ~ s(tmin2m) + s(jd) + s(pbl12) + s(v10m) + s(u10m), data = .)      1391.551
gam(log(value) ~ s(tmax2m) + s(jd) + s(pbl12) + s(v10m) + s(u10m), data = .)      1411.615
gam(log(value) ~ s(tp) + s(jd) + s(pbl12) + s(v10m) + s(u10m), data = .)          1425.468
gam(log(value) ~ s(ptp) + s(jd) + s(pbl12) + s(v10m) + s(u10m), data = .)         1469.779
gam(log(value) ~ s(rh) + s(jd) + s(pbl12) + s(v10m) + s(u10m), data = .)          1454.946
gam(log(value) ~ s(sp) + s(jd) + s(pbl12) + s(v10m) + s(u10m), data = .)          1441.328
gam(log(value) ~ s(nirradiance) + s(jd) + s(pbl12) + s(v10m) + s(u10m), data = .) 1420.179
gam(log(value) ~ s(pbl00) + s(jd) + s(pbl12) + s(v10m) + s(u10m), data = .)       1465.468
gam(log(value) ~ s(pblmin) + s(jd) + s(pbl12) + s(v10m) + s(u10m), data = .)      1438.971
gam(log(value) ~ s(pblmax) + s(jd) + s(pbl12) + s(v10m) + s(u10m), data = .)      1446.417
gam(log(value) ~ s(wdir) + s(jd) + s(pbl12) + s(v10m) + s(u10m), data = .)        1478.510
gam(log(value) ~ s(wspeed) + s(jd) + s(pbl12) + s(v10m) + s(u10m), data = .)      1478.591
gam(log(value) ~ s(pwspeed) + s(jd) + s(pbl12) + s(v10m) + s(u10m), data = .)     1477.192

Modello migliore: t2m - jd - pbl12 - v10m - u10m 

Variabile scelta t2m con AIC 1382.75093563975  

Modelli BACKWARD 

                                                                                  IT0867A
gam(log(value) ~ s(tmin2m) + s(jd) + s(pbl12) + s(v10m) + s(t2m), data = .)      1461.632
gam(log(value) ~ s(tmax2m) + s(jd) + s(pbl12) + s(v10m) + s(t2m), data = .)      1412.562
gam(log(value) ~ s(tp) + s(jd) + s(pbl12) + s(v10m) + s(t2m), data = .)          1416.906
gam(log(value) ~ s(ptp) + s(jd) + s(pbl12) + s(v10m) + s(t2m), data = .)         1460.921
gam(log(value) ~ s(rh) + s(jd) + s(pbl12) + s(v10m) + s(t2m), data = .)          1452.419
gam(log(value) ~ s(sp) + s(jd) + s(pbl12) + s(v10m) + s(t2m), data = .)          1398.619
gam(log(value) ~ s(nirradiance) + s(jd) + s(pbl12) + s(v10m) + s(t2m), data = .) 1428.273
gam(log(value) ~ s(pbl00) + s(jd) + s(pbl12) + s(v10m) + s(t2m), data = .)       1451.027
gam(log(value) ~ s(pblmin) + s(jd) + s(pbl12) + s(v10m) + s(t2m), data = .)      1433.604
gam(log(value) ~ s(pblmax) + s(jd) + s(pbl12) + s(v10m) + s(t2m), data = .)      1457.783
gam(log(value) ~ s(wdir) + s(jd) + s(pbl12) + s(v10m) + s(t2m), data = .)        1438.537
gam(log(value) ~ s(wspeed) + s(jd) + s(pbl12) + s(v10m) + s(t2m), data = .)      1450.458
gam(log(value) ~ s(pwspeed) + s(jd) + s(pbl12) + s(v10m) + s(t2m), data = .)     1474.581

Modello migliore: sp - jd - pbl12 - v10m - t2m 

Dati backward:  1398.61907259876::sp::jd::pbl12::v10m::t2m 

Scelgo il modello N 

---------- START ---------- 

                                                                                            IT0867A
gam(log(value) ~ s(tmin2m) + s(jd) + s(pbl12) + s(v10m) + s(u10m) + s(t2m), data = .)      1369.939
gam(log(value) ~ s(tmax2m) + s(jd) + s(pbl12) + s(v10m) + s(u10m) + s(t2m), data = .)      1335.942
gam(log(value) ~ s(tp) + s(jd) + s(pbl12) + s(v10m) + s(u10m) + s(t2m), data = .)          1315.151
gam(log(value) ~ s(ptp) + s(jd) + s(pbl12) + s(v10m) + s(u10m) + s(t2m), data = .)         1363.524
gam(log(value) ~ s(rh) + s(jd) + s(pbl12) + s(v10m) + s(u10m) + s(t2m), data = .)          1362.722
gam(log(value) ~ s(sp) + s(jd) + s(pbl12) + s(v10m) + s(u10m) + s(t2m), data = .)          1304.417
gam(log(value) ~ s(nirradiance) + s(jd) + s(pbl12) + s(v10m) + s(u10m) + s(t2m), data = .) 1344.891
gam(log(value) ~ s(pbl00) + s(jd) + s(pbl12) + s(v10m) + s(u10m) + s(t2m), data = .)       1366.923
gam(log(value) ~ s(pblmin) + s(jd) + s(pbl12) + s(v10m) + s(u10m) + s(t2m), data = .)      1343.941
gam(log(value) ~ s(pblmax) + s(jd) + s(pbl12) + s(v10m) + s(u10m) + s(t2m), data = .)      1357.459
gam(log(value) ~ s(wdir) + s(jd) + s(pbl12) + s(v10m) + s(u10m) + s(t2m), data = .)        1384.652
gam(log(value) ~ s(wspeed) + s(jd) + s(pbl12) + s(v10m) + s(u10m) + s(t2m), data = .)      1383.071
gam(log(value) ~ s(pwspeed) + s(jd) + s(pbl12) + s(v10m) + s(u10m) + s(t2m), data = .)     1384.661

Modello migliore: sp - jd - pbl12 - v10m - u10m - t2m 

Variabile scelta sp con AIC 1304.41717493255  

Modelli BACKWARD 

                                                                                           IT0867A
gam(log(value) ~ s(tmin2m) + s(jd) + s(pbl12) + s(v10m) + s(u10m) + s(sp), data = .)      1342.869
gam(log(value) ~ s(tmax2m) + s(jd) + s(pbl12) + s(v10m) + s(u10m) + s(sp), data = .)      1326.535
gam(log(value) ~ s(tp) + s(jd) + s(pbl12) + s(v10m) + s(u10m) + s(sp), data = .)          1414.152
gam(log(value) ~ s(ptp) + s(jd) + s(pbl12) + s(v10m) + s(u10m) + s(sp), data = .)         1443.285
gam(log(value) ~ s(rh) + s(jd) + s(pbl12) + s(v10m) + s(u10m) + s(sp), data = .)          1423.739
gam(log(value) ~ s(nirradiance) + s(jd) + s(pbl12) + s(v10m) + s(u10m) + s(sp), data = .) 1371.447
gam(log(value) ~ s(pbl00) + s(jd) + s(pbl12) + s(v10m) + s(u10m) + s(sp), data = .)       1439.262
gam(log(value) ~ s(pblmin) + s(jd) + s(pbl12) + s(v10m) + s(u10m) + s(sp), data = .)      1414.444
gam(log(value) ~ s(pblmax) + s(jd) + s(pbl12) + s(v10m) + s(u10m) + s(sp), data = .)      1409.129
gam(log(value) ~ s(wdir) + s(jd) + s(pbl12) + s(v10m) + s(u10m) + s(sp), data = .)        1442.500
gam(log(value) ~ s(wspeed) + s(jd) + s(pbl12) + s(v10m) + s(u10m) + s(sp), data = .)      1440.328
gam(log(value) ~ s(pwspeed) + s(jd) + s(pbl12) + s(v10m) + s(u10m) + s(sp), data = .)     1439.128

Modello migliore: tmax2m - jd - pbl12 - v10m - u10m - sp 

Dati backward:  1326.53549859496::tmax2m::jd::pbl12::v10m::u10m::sp 

Scelgo il modello N 

---------- START ---------- 

                                                                                                    IT0867A
gam(log(value) ~ s(tmin2m) + s(jd) + s(pbl12) + s(v10m) + s(u10m) + s(t2m) + s(sp), data = .)      1294.803
gam(log(value) ~ s(tmax2m) + s(jd) + s(pbl12) + s(v10m) + s(u10m) + s(t2m) + s(sp), data = .)      1288.210
gam(log(value) ~ s(tp) + s(jd) + s(pbl12) + s(v10m) + s(u10m) + s(t2m) + s(sp), data = .)          1284.148
gam(log(value) ~ s(ptp) + s(jd) + s(pbl12) + s(v10m) + s(u10m) + s(t2m) + s(sp), data = .)         1304.012
gam(log(value) ~ s(rh) + s(jd) + s(pbl12) + s(v10m) + s(u10m) + s(t2m) + s(sp), data = .)          1299.548
gam(log(value) ~ s(nirradiance) + s(jd) + s(pbl12) + s(v10m) + s(u10m) + s(t2m) + s(sp), data = .) 1253.133
gam(log(value) ~ s(pbl00) + s(jd) + s(pbl12) + s(v10m) + s(u10m) + s(t2m) + s(sp), data = .)       1302.197
gam(log(value) ~ s(pblmin) + s(jd) + s(pbl12) + s(v10m) + s(u10m) + s(t2m) + s(sp), data = .)      1281.794
gam(log(value) ~ s(pblmax) + s(jd) + s(pbl12) + s(v10m) + s(u10m) + s(t2m) + s(sp), data = .)      1276.267
gam(log(value) ~ s(wdir) + s(jd) + s(pbl12) + s(v10m) + s(u10m) + s(t2m) + s(sp), data = .)        1305.872
gam(log(value) ~ s(wspeed) + s(jd) + s(pbl12) + s(v10m) + s(u10m) + s(t2m) + s(sp), data = .)      1304.494
gam(log(value) ~ s(pwspeed) + s(jd) + s(pbl12) + s(v10m) + s(u10m) + s(t2m) + s(sp), data = .)     1306.126

Modello migliore: nirradiance - jd - pbl12 - v10m - u10m - t2m - sp 

Variabile scelta nirradiance con AIC 1253.13314197559  

Modelli BACKWARD 

                                                                                                         IT0867A
gam(log(value) ~ s(tmin2m) + s(jd) + s(pbl12) + s(v10m) + s(u10m) + s(t2m) + s(nirradiance), data = .)  1319.726
gam(log(value) ~ s(tmax2m) + s(jd) + s(pbl12) + s(v10m) + s(u10m) + s(t2m) + s(nirradiance), data = .)  1249.683
gam(log(value) ~ s(tp) + s(jd) + s(pbl12) + s(v10m) + s(u10m) + s(t2m) + s(nirradiance), data = .)      1243.527
gam(log(value) ~ s(ptp) + s(jd) + s(pbl12) + s(v10m) + s(u10m) + s(t2m) + s(nirradiance), data = .)     1322.842
gam(log(value) ~ s(rh) + s(jd) + s(pbl12) + s(v10m) + s(u10m) + s(t2m) + s(nirradiance), data = .)      1307.433
gam(log(value) ~ s(pbl00) + s(jd) + s(pbl12) + s(v10m) + s(u10m) + s(t2m) + s(nirradiance), data = .)   1323.144
gam(log(value) ~ s(pblmin) + s(jd) + s(pbl12) + s(v10m) + s(u10m) + s(t2m) + s(nirradiance), data = .)  1300.064
gam(log(value) ~ s(pblmax) + s(jd) + s(pbl12) + s(v10m) + s(u10m) + s(t2m) + s(nirradiance), data = .)  1322.017
gam(log(value) ~ s(wdir) + s(jd) + s(pbl12) + s(v10m) + s(u10m) + s(t2m) + s(nirradiance), data = .)    1339.354
gam(log(value) ~ s(wspeed) + s(jd) + s(pbl12) + s(v10m) + s(u10m) + s(t2m) + s(nirradiance), data = .)  1344.603
gam(log(value) ~ s(pwspeed) + s(jd) + s(pbl12) + s(v10m) + s(u10m) + s(t2m) + s(nirradiance), data = .) 1346.334

Modello migliore: tp - jd - pbl12 - v10m - u10m - t2m - nirradiance 

Dati backward:  1243.52691232033::tp::jd::pbl12::v10m::u10m::t2m::nirradiance 

Scelgo il modello N-1 

---------- START ---------- 

                                                                                                IT0867A
gam(log(value) ~ s(tmin2m) + s(jd) + s(pbl12) + s(v10m) + s(u10m) + s(t2m) + s(sp), data = .)  1294.803
gam(log(value) ~ s(tmax2m) + s(jd) + s(pbl12) + s(v10m) + s(u10m) + s(t2m) + s(sp), data = .)  1288.210
gam(log(value) ~ s(tp) + s(jd) + s(pbl12) + s(v10m) + s(u10m) + s(t2m) + s(sp), data = .)      1284.148
gam(log(value) ~ s(ptp) + s(jd) + s(pbl12) + s(v10m) + s(u10m) + s(t2m) + s(sp), data = .)     1304.012
gam(log(value) ~ s(rh) + s(jd) + s(pbl12) + s(v10m) + s(u10m) + s(t2m) + s(sp), data = .)      1299.548
gam(log(value) ~ s(pbl00) + s(jd) + s(pbl12) + s(v10m) + s(u10m) + s(t2m) + s(sp), data = .)   1302.197
gam(log(value) ~ s(pblmin) + s(jd) + s(pbl12) + s(v10m) + s(u10m) + s(t2m) + s(sp), data = .)  1281.794
gam(log(value) ~ s(pblmax) + s(jd) + s(pbl12) + s(v10m) + s(u10m) + s(t2m) + s(sp), data = .)  1276.267
gam(log(value) ~ s(wdir) + s(jd) + s(pbl12) + s(v10m) + s(u10m) + s(t2m) + s(sp), data = .)    1305.872
gam(log(value) ~ s(wspeed) + s(jd) + s(pbl12) + s(v10m) + s(u10m) + s(t2m) + s(sp), data = .)  1304.494
gam(log(value) ~ s(pwspeed) + s(jd) + s(pbl12) + s(v10m) + s(u10m) + s(t2m) + s(sp), data = .) 1306.126

Modello migliore: pblmax - jd - pbl12 - v10m - u10m - t2m - sp 

Variabile scelta pblmax con AIC 1276.26736108183  

Fine per scelta MODELLO 

jd + pbl12 + v10m + u10m + t2m + sp 

---------------------- 

NOTE: Log Print Time:  2021-05-11 14:13:07 
NOTE: Elapsed Time in seconds: 1.39591399828593 

Fine per scelta MODELLO 

jd + pbl12 + v10m + u10m + t2m + sp 

---------------------- 

NOTE: Log Print Time:  2021-05-11 14:13:07 
NOTE: Elapsed Time in seconds: 0.00107192993164062 

Fine per scelta MODELLO 

jd + pbl12 + v10m + u10m + t2m + sp 

---------------------- 

NOTE: Log Print Time:  2021-05-11 14:13:07 
NOTE: Elapsed Time in seconds: 0.000977993011474609 

Fine per scelta MODELLO 

jd + pbl12 + v10m + u10m + t2m + sp 

---------------------- 

NOTE: Log Print Time:  2021-05-11 14:13:07 
NOTE: Elapsed Time in seconds: 0.000976800918579102 

Fine per scelta MODELLO 

jd + pbl12 + v10m + u10m + t2m + sp 

---------------------- 

NOTE: Log Print Time:  2021-05-11 14:13:07 
NOTE: Elapsed Time in seconds: 0.00100946426391602 

Fine per scelta MODELLO 

jd + pbl12 + v10m + u10m + t2m + sp 

---------------------- 

NOTE: Log Print Time:  2021-05-11 14:13:07 
NOTE: Elapsed Time in seconds: 0.000968456268310547 

Fine per scelta MODELLO 

jd + pbl12 + v10m + u10m + t2m + sp 

---------------------- 

NOTE: Log Print Time:  2021-05-11 14:13:07 
NOTE: Elapsed Time in seconds: 0.000970602035522461 

========================================================================= 
Log End Time: 2021-05-11 14:13:07 
Log Elapsed Time: 0 00:00:01 
========================================================================= 
