========================================================================= 
Log Path: output/12/nox/log/pulvirus_nox_12_IT1184A.log 
Working Directory: /home/rmorelli/R/pulvirus/analisi/GAM/scelta 
User Name: rmorelli 
R Version: 4.0.5 (2021-03-31) 
Machine: pasqualino x86_64 
Operating System: Linux 4.19.0-13-amd64 #1 SMP Debian 4.19.160-2 (2020-11-28) 
Log Start Time: 2021-05-11 14:34:06 
========================================================================= 

Stazione: IT1184A 

---------- START ---------- 

                                            IT1184A
gam(log(value) ~ s(t2m), data = .)         1708.084
gam(log(value) ~ s(tmin2m), data = .)      1759.263
gam(log(value) ~ s(tmax2m), data = .)      1813.861
gam(log(value) ~ s(tp), data = .)          2504.503
gam(log(value) ~ s(ptp), data = .)         2524.022
gam(log(value) ~ s(rh), data = .)          2385.181
gam(log(value) ~ s(u10m), data = .)        2400.513
gam(log(value) ~ s(v10m), data = .)        2261.110
gam(log(value) ~ s(sp), data = .)          2122.248
gam(log(value) ~ s(nirradiance), data = .) 1722.765
gam(log(value) ~ s(pbl00), data = .)       2500.820
gam(log(value) ~ s(pbl12), data = .)       2001.988
gam(log(value) ~ s(pblmin), data = .)      2468.650
gam(log(value) ~ s(pblmax), data = .)      2196.960
gam(log(value) ~ s(wdir), data = .)        1971.948
gam(log(value) ~ s(wspeed), data = .)      2486.939
gam(log(value) ~ s(pwspeed), data = .)     2514.781
gam(log(value) ~ s(jd), data = .)          1443.934

Modello migliore: jd 

Variabile scelta jd con AIC 1443.93406772213  

---------- START ---------- 

                                                    IT1184A
gam(log(value) ~ s(t2m) + s(jd), data = .)         1288.649
gam(log(value) ~ s(tmin2m) + s(jd), data = .)      1282.543
gam(log(value) ~ s(tmax2m) + s(jd), data = .)      1356.984
gam(log(value) ~ s(tp) + s(jd), data = .)          1310.083
gam(log(value) ~ s(ptp) + s(jd), data = .)         1436.033
gam(log(value) ~ s(rh) + s(jd), data = .)          1433.765
gam(log(value) ~ s(u10m) + s(jd), data = .)        1307.934
gam(log(value) ~ s(v10m) + s(jd), data = .)        1073.693
gam(log(value) ~ s(sp) + s(jd), data = .)          1315.395
gam(log(value) ~ s(nirradiance) + s(jd), data = .) 1360.065
gam(log(value) ~ s(pbl00) + s(jd), data = .)       1309.717
gam(log(value) ~ s(pbl12) + s(jd), data = .)       1293.908
gam(log(value) ~ s(pblmin) + s(jd), data = .)      1219.734
gam(log(value) ~ s(pblmax) + s(jd), data = .)      1346.904
gam(log(value) ~ s(wdir) + s(jd), data = .)        1200.715
gam(log(value) ~ s(wspeed) + s(jd), data = .)      1225.096
gam(log(value) ~ s(pwspeed) + s(jd), data = .)     1412.179
gam(log(value) ~ s(jd) + s(jd), data = .)          1443.934

Modello migliore: v10m - jd 

Variabile scelta v10m con AIC 1073.69344488879  

Modelli BACKWARD 

                                                      IT1184A
gam(log(value) ~ s(t2m) + s(v10m), data = .)         1481.736
gam(log(value) ~ s(tmin2m) + s(v10m), data = .)      1590.095
gam(log(value) ~ s(tmax2m) + s(v10m), data = .)      1489.500
gam(log(value) ~ s(tp) + s(v10m), data = .)          2253.217
gam(log(value) ~ s(ptp) + s(v10m), data = .)         2256.069
gam(log(value) ~ s(rh) + s(v10m), data = .)          1920.999
gam(log(value) ~ s(u10m) + s(v10m), data = .)        1964.416
gam(log(value) ~ s(sp) + s(v10m), data = .)          1955.938
gam(log(value) ~ s(nirradiance) + s(v10m), data = .) 1204.480
gam(log(value) ~ s(pbl00) + s(v10m), data = .)       2250.538
gam(log(value) ~ s(pbl12) + s(v10m), data = .)       1749.587
gam(log(value) ~ s(pblmin) + s(v10m), data = .)      2242.649
gam(log(value) ~ s(pblmax) + s(v10m), data = .)      1902.074
gam(log(value) ~ s(wdir) + s(v10m), data = .)        1919.171
gam(log(value) ~ s(wspeed) + s(v10m), data = .)      2255.247
gam(log(value) ~ s(pwspeed) + s(v10m), data = .)     2248.083

Modello migliore: nirradiance - v10m 

Dati backward:  1204.47991251076::nirradiance::v10m 

Scelgo il modello N 

---------- START ---------- 

                                                               IT1184A
gam(log(value) ~ s(t2m) + s(jd) + s(v10m), data = .)          978.4441
gam(log(value) ~ s(tmin2m) + s(jd) + s(v10m), data = .)       994.7291
gam(log(value) ~ s(tmax2m) + s(jd) + s(v10m), data = .)       986.2045
gam(log(value) ~ s(tp) + s(jd) + s(v10m), data = .)          1054.2630
gam(log(value) ~ s(ptp) + s(jd) + s(v10m), data = .)         1075.3131
gam(log(value) ~ s(rh) + s(jd) + s(v10m), data = .)          1059.7032
gam(log(value) ~ s(u10m) + s(jd) + s(v10m), data = .)         982.0689
gam(log(value) ~ s(sp) + s(jd) + s(v10m), data = .)          1024.6854
gam(log(value) ~ s(nirradiance) + s(jd) + s(v10m), data = .)  918.8831
gam(log(value) ~ s(pbl00) + s(jd) + s(v10m), data = .)       1031.0665
gam(log(value) ~ s(pbl12) + s(jd) + s(v10m), data = .)        944.4733
gam(log(value) ~ s(pblmin) + s(jd) + s(v10m), data = .)      1004.2719
gam(log(value) ~ s(pblmax) + s(jd) + s(v10m), data = .)       973.7511
gam(log(value) ~ s(wdir) + s(jd) + s(v10m), data = .)        1038.1962
gam(log(value) ~ s(wspeed) + s(jd) + s(v10m), data = .)      1022.1169
gam(log(value) ~ s(pwspeed) + s(jd) + s(v10m), data = .)     1061.9652

Modello migliore: nirradiance - jd - v10m 

Variabile scelta nirradiance con AIC 918.883079957802  

Modelli BACKWARD 

                                                                 IT1184A
gam(log(value) ~ s(t2m) + s(jd) + s(nirradiance), data = .)     1230.773
gam(log(value) ~ s(tmin2m) + s(jd) + s(nirradiance), data = .)  1205.748
gam(log(value) ~ s(tmax2m) + s(jd) + s(nirradiance), data = .)  1287.968
gam(log(value) ~ s(tp) + s(jd) + s(nirradiance), data = .)      1144.274
gam(log(value) ~ s(ptp) + s(jd) + s(nirradiance), data = .)     1351.235
gam(log(value) ~ s(rh) + s(jd) + s(nirradiance), data = .)      1346.965
gam(log(value) ~ s(u10m) + s(jd) + s(nirradiance), data = .)    1204.514
gam(log(value) ~ s(sp) + s(jd) + s(nirradiance), data = .)      1244.390
gam(log(value) ~ s(pbl00) + s(jd) + s(nirradiance), data = .)   1214.161
gam(log(value) ~ s(pbl12) + s(jd) + s(nirradiance), data = .)   1199.716
gam(log(value) ~ s(pblmin) + s(jd) + s(nirradiance), data = .)  1097.192
gam(log(value) ~ s(pblmax) + s(jd) + s(nirradiance), data = .)  1252.634
gam(log(value) ~ s(wdir) + s(jd) + s(nirradiance), data = .)    1112.439
gam(log(value) ~ s(wspeed) + s(jd) + s(nirradiance), data = .)  1118.758
gam(log(value) ~ s(pwspeed) + s(jd) + s(nirradiance), data = .) 1325.783

Modello migliore: pblmin - jd - nirradiance 

Dati backward:  1097.19179498853::pblmin::jd::nirradiance 

Scelgo il modello N 

---------- START ---------- 

                                                                           IT1184A
gam(log(value) ~ s(t2m) + s(jd) + s(v10m) + s(nirradiance), data = .)     845.7579
gam(log(value) ~ s(tmin2m) + s(jd) + s(v10m) + s(nirradiance), data = .)  828.5161
gam(log(value) ~ s(tmax2m) + s(jd) + s(v10m) + s(nirradiance), data = .)  868.5170
gam(log(value) ~ s(tp) + s(jd) + s(v10m) + s(nirradiance), data = .)      821.0025
gam(log(value) ~ s(ptp) + s(jd) + s(v10m) + s(nirradiance), data = .)     916.6213
gam(log(value) ~ s(rh) + s(jd) + s(v10m) + s(nirradiance), data = .)      919.1505
gam(log(value) ~ s(u10m) + s(jd) + s(v10m) + s(nirradiance), data = .)    825.1720
gam(log(value) ~ s(sp) + s(jd) + s(v10m) + s(nirradiance), data = .)      870.2861
gam(log(value) ~ s(pbl00) + s(jd) + s(v10m) + s(nirradiance), data = .)   851.1729
gam(log(value) ~ s(pbl12) + s(jd) + s(v10m) + s(nirradiance), data = .)   850.9788
gam(log(value) ~ s(pblmin) + s(jd) + s(v10m) + s(nirradiance), data = .)  808.6636
gam(log(value) ~ s(pblmax) + s(jd) + s(v10m) + s(nirradiance), data = .)  858.9786
gam(log(value) ~ s(wdir) + s(jd) + s(v10m) + s(nirradiance), data = .)    893.6445
gam(log(value) ~ s(wspeed) + s(jd) + s(v10m) + s(nirradiance), data = .)  860.8718
gam(log(value) ~ s(pwspeed) + s(jd) + s(v10m) + s(nirradiance), data = .) 905.8592

Modello migliore: pblmin - jd - v10m - nirradiance 

Variabile scelta pblmin con AIC 808.663576311404  

Modelli BACKWARD 

                                                                       IT1184A
gam(log(value) ~ s(t2m) + s(jd) + s(v10m) + s(pblmin), data = .)      921.0041
gam(log(value) ~ s(tmin2m) + s(jd) + s(v10m) + s(pblmin), data = .)   946.3347
gam(log(value) ~ s(tmax2m) + s(jd) + s(v10m) + s(pblmin), data = .)   910.5468
gam(log(value) ~ s(tp) + s(jd) + s(v10m) + s(pblmin), data = .)      1001.4759
gam(log(value) ~ s(ptp) + s(jd) + s(v10m) + s(pblmin), data = .)     1005.4902
gam(log(value) ~ s(rh) + s(jd) + s(v10m) + s(pblmin), data = .)       991.0756
gam(log(value) ~ s(u10m) + s(jd) + s(v10m) + s(pblmin), data = .)     944.9754
gam(log(value) ~ s(sp) + s(jd) + s(v10m) + s(pblmin), data = .)       965.4226
gam(log(value) ~ s(pbl00) + s(jd) + s(v10m) + s(pblmin), data = .)   1001.0648
gam(log(value) ~ s(pbl12) + s(jd) + s(v10m) + s(pblmin), data = .)    885.0499
gam(log(value) ~ s(pblmax) + s(jd) + s(v10m) + s(pblmin), data = .)   918.7911
gam(log(value) ~ s(wdir) + s(jd) + s(v10m) + s(pblmin), data = .)     971.1162
gam(log(value) ~ s(wspeed) + s(jd) + s(v10m) + s(pblmin), data = .)   989.7814
gam(log(value) ~ s(pwspeed) + s(jd) + s(v10m) + s(pblmin), data = .)  995.3075

Modello migliore: pbl12 - jd - v10m - pblmin 

Dati backward:  885.049899454645::pbl12::jd::v10m::pblmin 

Scelgo il modello N 

---------- START ---------- 

                                                                                       IT1184A
gam(log(value) ~ s(t2m) + s(jd) + s(v10m) + s(nirradiance) + s(pblmin), data = .)     751.9271
gam(log(value) ~ s(tmin2m) + s(jd) + s(v10m) + s(nirradiance) + s(pblmin), data = .)  745.3280
gam(log(value) ~ s(tmax2m) + s(jd) + s(v10m) + s(nirradiance) + s(pblmin), data = .)  763.5280
gam(log(value) ~ s(tp) + s(jd) + s(v10m) + s(nirradiance) + s(pblmin), data = .)      747.1301
gam(log(value) ~ s(ptp) + s(jd) + s(v10m) + s(nirradiance) + s(pblmin), data = .)     810.2491
gam(log(value) ~ s(rh) + s(jd) + s(v10m) + s(nirradiance) + s(pblmin), data = .)      810.1040
gam(log(value) ~ s(u10m) + s(jd) + s(v10m) + s(nirradiance) + s(pblmin), data = .)    768.4596
gam(log(value) ~ s(sp) + s(jd) + s(v10m) + s(nirradiance) + s(pblmin), data = .)      775.5307
gam(log(value) ~ s(pbl00) + s(jd) + s(v10m) + s(nirradiance) + s(pblmin), data = .)   799.7232
gam(log(value) ~ s(pbl12) + s(jd) + s(v10m) + s(nirradiance) + s(pblmin), data = .)   764.0139
gam(log(value) ~ s(pblmax) + s(jd) + s(v10m) + s(nirradiance) + s(pblmin), data = .)  771.4605
gam(log(value) ~ s(wdir) + s(jd) + s(v10m) + s(nirradiance) + s(pblmin), data = .)    793.8206
gam(log(value) ~ s(wspeed) + s(jd) + s(v10m) + s(nirradiance) + s(pblmin), data = .)  806.5135
gam(log(value) ~ s(pwspeed) + s(jd) + s(v10m) + s(nirradiance) + s(pblmin), data = .) 806.3180

Modello migliore: tmin2m - jd - v10m - nirradiance - pblmin 

Variabile scelta tmin2m con AIC 745.328037337667  

Modelli BACKWARD 

                                                                                       IT1184A
gam(log(value) ~ s(t2m) + s(jd) + s(v10m) + s(nirradiance) + s(tmin2m), data = .)     789.1524
gam(log(value) ~ s(tmax2m) + s(jd) + s(v10m) + s(nirradiance) + s(tmin2m), data = .)  755.1965
gam(log(value) ~ s(tp) + s(jd) + s(v10m) + s(nirradiance) + s(tmin2m), data = .)      738.9043
gam(log(value) ~ s(ptp) + s(jd) + s(v10m) + s(nirradiance) + s(tmin2m), data = .)     828.6540
gam(log(value) ~ s(rh) + s(jd) + s(v10m) + s(nirradiance) + s(tmin2m), data = .)      829.3192
gam(log(value) ~ s(u10m) + s(jd) + s(v10m) + s(nirradiance) + s(tmin2m), data = .)    756.1186
gam(log(value) ~ s(sp) + s(jd) + s(v10m) + s(nirradiance) + s(tmin2m), data = .)      793.8092
gam(log(value) ~ s(pbl00) + s(jd) + s(v10m) + s(nirradiance) + s(tmin2m), data = .)   782.7285
gam(log(value) ~ s(pbl12) + s(jd) + s(v10m) + s(nirradiance) + s(tmin2m), data = .)   776.0974
gam(log(value) ~ s(pblmax) + s(jd) + s(v10m) + s(nirradiance) + s(tmin2m), data = .)  773.9529
gam(log(value) ~ s(wdir) + s(jd) + s(v10m) + s(nirradiance) + s(tmin2m), data = .)    816.8371
gam(log(value) ~ s(wspeed) + s(jd) + s(v10m) + s(nirradiance) + s(tmin2m), data = .)  785.8192
gam(log(value) ~ s(pwspeed) + s(jd) + s(v10m) + s(nirradiance) + s(tmin2m), data = .) 816.8456

Modello migliore: tp - jd - v10m - nirradiance - tmin2m 

Dati backward:  738.90429884685::tp::jd::v10m::nirradiance::tmin2m 

Scelgo il modello N 

---------- START ---------- 

                                                                                                   IT1184A
gam(log(value) ~ s(t2m) + s(jd) + s(v10m) + s(nirradiance) + s(pblmin) + s(tmin2m), data = .)     726.8957
gam(log(value) ~ s(tmax2m) + s(jd) + s(v10m) + s(nirradiance) + s(pblmin) + s(tmin2m), data = .)  701.1630
gam(log(value) ~ s(tp) + s(jd) + s(v10m) + s(nirradiance) + s(pblmin) + s(tmin2m), data = .)      684.6988
gam(log(value) ~ s(ptp) + s(jd) + s(v10m) + s(nirradiance) + s(pblmin) + s(tmin2m), data = .)     747.2730
gam(log(value) ~ s(rh) + s(jd) + s(v10m) + s(nirradiance) + s(pblmin) + s(tmin2m), data = .)      747.1902
gam(log(value) ~ s(u10m) + s(jd) + s(v10m) + s(nirradiance) + s(pblmin) + s(tmin2m), data = .)    714.3750
gam(log(value) ~ s(sp) + s(jd) + s(v10m) + s(nirradiance) + s(pblmin) + s(tmin2m), data = .)      723.5540
gam(log(value) ~ s(pbl00) + s(jd) + s(v10m) + s(nirradiance) + s(pblmin) + s(tmin2m), data = .)   739.7683
gam(log(value) ~ s(pbl12) + s(jd) + s(v10m) + s(nirradiance) + s(pblmin) + s(tmin2m), data = .)   708.8592
gam(log(value) ~ s(pblmax) + s(jd) + s(v10m) + s(nirradiance) + s(pblmin) + s(tmin2m), data = .)  709.4813
gam(log(value) ~ s(wdir) + s(jd) + s(v10m) + s(nirradiance) + s(pblmin) + s(tmin2m), data = .)    737.8604
gam(log(value) ~ s(wspeed) + s(jd) + s(v10m) + s(nirradiance) + s(pblmin) + s(tmin2m), data = .)  745.0036
gam(log(value) ~ s(pwspeed) + s(jd) + s(v10m) + s(nirradiance) + s(pblmin) + s(tmin2m), data = .) 743.6126

Modello migliore: tp - jd - v10m - nirradiance - pblmin - tmin2m 

Variabile scelta tp con AIC 684.698810281917  

Modelli BACKWARD 

                                                                                               IT1184A
gam(log(value) ~ s(t2m) + s(jd) + s(v10m) + s(nirradiance) + s(pblmin) + s(tp), data = .)     685.6271
gam(log(value) ~ s(tmax2m) + s(jd) + s(v10m) + s(nirradiance) + s(pblmin) + s(tp), data = .)  692.6511
gam(log(value) ~ s(ptp) + s(jd) + s(v10m) + s(nirradiance) + s(pblmin) + s(tp), data = .)     746.8319
gam(log(value) ~ s(rh) + s(jd) + s(v10m) + s(nirradiance) + s(pblmin) + s(tp), data = .)      747.7699
gam(log(value) ~ s(u10m) + s(jd) + s(v10m) + s(nirradiance) + s(pblmin) + s(tp), data = .)    703.8612
gam(log(value) ~ s(sp) + s(jd) + s(v10m) + s(nirradiance) + s(pblmin) + s(tp), data = .)      720.3099
gam(log(value) ~ s(pbl00) + s(jd) + s(v10m) + s(nirradiance) + s(pblmin) + s(tp), data = .)   745.2966
gam(log(value) ~ s(pbl12) + s(jd) + s(v10m) + s(nirradiance) + s(pblmin) + s(tp), data = .)   703.2020
gam(log(value) ~ s(pblmax) + s(jd) + s(v10m) + s(nirradiance) + s(pblmin) + s(tp), data = .)  722.1009
gam(log(value) ~ s(wdir) + s(jd) + s(v10m) + s(nirradiance) + s(pblmin) + s(tp), data = .)    737.6277
gam(log(value) ~ s(wspeed) + s(jd) + s(v10m) + s(nirradiance) + s(pblmin) + s(tp), data = .)  742.6921
gam(log(value) ~ s(pwspeed) + s(jd) + s(v10m) + s(nirradiance) + s(pblmin) + s(tp), data = .) 747.9576

Modello migliore: t2m - jd - v10m - nirradiance - pblmin - tp 

Dati backward:  685.627114177178::t2m::jd::v10m::nirradiance::pblmin::tp 

Scelgo il modello N 

---------- START ---------- 

                                                                                                           IT1184A
gam(log(value) ~ s(t2m) + s(jd) + s(v10m) + s(nirradiance) + s(pblmin) + s(tmin2m) + s(tp), data = .)     672.6695
gam(log(value) ~ s(tmax2m) + s(jd) + s(v10m) + s(nirradiance) + s(pblmin) + s(tmin2m) + s(tp), data = .)  653.9320
gam(log(value) ~ s(ptp) + s(jd) + s(v10m) + s(nirradiance) + s(pblmin) + s(tmin2m) + s(tp), data = .)     683.2703
gam(log(value) ~ s(rh) + s(jd) + s(v10m) + s(nirradiance) + s(pblmin) + s(tmin2m) + s(tp), data = .)      685.3018
gam(log(value) ~ s(u10m) + s(jd) + s(v10m) + s(nirradiance) + s(pblmin) + s(tmin2m) + s(tp), data = .)    645.6113
gam(log(value) ~ s(sp) + s(jd) + s(v10m) + s(nirradiance) + s(pblmin) + s(tmin2m) + s(tp), data = .)      673.0409
gam(log(value) ~ s(pbl00) + s(jd) + s(v10m) + s(nirradiance) + s(pblmin) + s(tmin2m) + s(tp), data = .)   684.4845
gam(log(value) ~ s(pbl12) + s(jd) + s(v10m) + s(nirradiance) + s(pblmin) + s(tmin2m) + s(tp), data = .)   648.3046
gam(log(value) ~ s(pblmax) + s(jd) + s(v10m) + s(nirradiance) + s(pblmin) + s(tmin2m) + s(tp), data = .)  660.0427
gam(log(value) ~ s(wdir) + s(jd) + s(v10m) + s(nirradiance) + s(pblmin) + s(tmin2m) + s(tp), data = .)    679.2213
gam(log(value) ~ s(wspeed) + s(jd) + s(v10m) + s(nirradiance) + s(pblmin) + s(tmin2m) + s(tp), data = .)  681.9877
gam(log(value) ~ s(pwspeed) + s(jd) + s(v10m) + s(nirradiance) + s(pblmin) + s(tmin2m) + s(tp), data = .) 685.9139

Modello migliore: u10m - jd - v10m - nirradiance - pblmin - tmin2m - tp 

Variabile scelta u10m con AIC 645.611317780427  

Modelli BACKWARD 

                                                                                                             IT1184A
gam(log(value) ~ s(t2m) + s(jd) + s(v10m) + s(nirradiance) + s(pblmin) + s(tmin2m) + s(u10m), data = .)     694.7766
gam(log(value) ~ s(tmax2m) + s(jd) + s(v10m) + s(nirradiance) + s(pblmin) + s(tmin2m) + s(u10m), data = .)  664.7365
gam(log(value) ~ s(ptp) + s(jd) + s(v10m) + s(nirradiance) + s(pblmin) + s(tmin2m) + s(u10m), data = .)     716.1166
gam(log(value) ~ s(rh) + s(jd) + s(v10m) + s(nirradiance) + s(pblmin) + s(tmin2m) + s(u10m), data = .)      715.0796
gam(log(value) ~ s(sp) + s(jd) + s(v10m) + s(nirradiance) + s(pblmin) + s(tmin2m) + s(u10m), data = .)      689.4025
gam(log(value) ~ s(pbl00) + s(jd) + s(v10m) + s(nirradiance) + s(pblmin) + s(tmin2m) + s(u10m), data = .)   708.9341
gam(log(value) ~ s(pbl12) + s(jd) + s(v10m) + s(nirradiance) + s(pblmin) + s(tmin2m) + s(u10m), data = .)   679.1879
gam(log(value) ~ s(pblmax) + s(jd) + s(v10m) + s(nirradiance) + s(pblmin) + s(tmin2m) + s(u10m), data = .)  677.6343
gam(log(value) ~ s(wdir) + s(jd) + s(v10m) + s(nirradiance) + s(pblmin) + s(tmin2m) + s(u10m), data = .)    697.3304
gam(log(value) ~ s(wspeed) + s(jd) + s(v10m) + s(nirradiance) + s(pblmin) + s(tmin2m) + s(u10m), data = .)  713.5341
gam(log(value) ~ s(pwspeed) + s(jd) + s(v10m) + s(nirradiance) + s(pblmin) + s(tmin2m) + s(u10m), data = .) 714.4090

Modello migliore: tmax2m - jd - v10m - nirradiance - pblmin - tmin2m - u10m 

Dati backward:  664.736506851918::tmax2m::jd::v10m::nirradiance::pblmin::tmin2m::u10m 

Scelgo il modello N 

---------- START ---------- 

                                                                                                                     IT1184A
gam(log(value) ~ s(t2m) + s(jd) + s(v10m) + s(nirradiance) + s(pblmin) + s(tmin2m) + s(tp) + s(u10m), data = .)     630.1742
gam(log(value) ~ s(tmax2m) + s(jd) + s(v10m) + s(nirradiance) + s(pblmin) + s(tmin2m) + s(tp) + s(u10m), data = .)  606.6908
gam(log(value) ~ s(ptp) + s(jd) + s(v10m) + s(nirradiance) + s(pblmin) + s(tmin2m) + s(tp) + s(u10m), data = .)     643.4488
gam(log(value) ~ s(rh) + s(jd) + s(v10m) + s(nirradiance) + s(pblmin) + s(tmin2m) + s(tp) + s(u10m), data = .)      647.5333
gam(log(value) ~ s(sp) + s(jd) + s(v10m) + s(nirradiance) + s(pblmin) + s(tmin2m) + s(tp) + s(u10m), data = .)      633.1985
gam(log(value) ~ s(pbl00) + s(jd) + s(v10m) + s(nirradiance) + s(pblmin) + s(tmin2m) + s(tp) + s(u10m), data = .)   645.4380
gam(log(value) ~ s(pbl12) + s(jd) + s(v10m) + s(nirradiance) + s(pblmin) + s(tmin2m) + s(tp) + s(u10m), data = .)   610.9069
gam(log(value) ~ s(pblmax) + s(jd) + s(v10m) + s(nirradiance) + s(pblmin) + s(tmin2m) + s(tp) + s(u10m), data = .)  620.8619
gam(log(value) ~ s(wdir) + s(jd) + s(v10m) + s(nirradiance) + s(pblmin) + s(tmin2m) + s(tp) + s(u10m), data = .)    624.1593
gam(log(value) ~ s(wspeed) + s(jd) + s(v10m) + s(nirradiance) + s(pblmin) + s(tmin2m) + s(tp) + s(u10m), data = .)  644.2429
gam(log(value) ~ s(pwspeed) + s(jd) + s(v10m) + s(nirradiance) + s(pblmin) + s(tmin2m) + s(tp) + s(u10m), data = .) 647.5921

Modello migliore: tmax2m - jd - v10m - nirradiance - pblmin - tmin2m - tp - u10m 

Variabile scelta tmax2m con AIC 606.690754080033  

Modelli BACKWARD 

                                                                                                                       IT1184A
gam(log(value) ~ s(t2m) + s(jd) + s(v10m) + s(nirradiance) + s(pblmin) + s(tmin2m) + s(tp) + s(tmax2m), data = .)     647.6141
gam(log(value) ~ s(ptp) + s(jd) + s(v10m) + s(nirradiance) + s(pblmin) + s(tmin2m) + s(tp) + s(tmax2m), data = .)     649.8192
gam(log(value) ~ s(rh) + s(jd) + s(v10m) + s(nirradiance) + s(pblmin) + s(tmin2m) + s(tp) + s(tmax2m), data = .)      649.9361
gam(log(value) ~ s(sp) + s(jd) + s(v10m) + s(nirradiance) + s(pblmin) + s(tmin2m) + s(tp) + s(tmax2m), data = .)      646.6146
gam(log(value) ~ s(pbl00) + s(jd) + s(v10m) + s(nirradiance) + s(pblmin) + s(tmin2m) + s(tp) + s(tmax2m), data = .)   654.7109
gam(log(value) ~ s(pbl12) + s(jd) + s(v10m) + s(nirradiance) + s(pblmin) + s(tmin2m) + s(tp) + s(tmax2m), data = .)   617.9871
gam(log(value) ~ s(pblmax) + s(jd) + s(v10m) + s(nirradiance) + s(pblmin) + s(tmin2m) + s(tp) + s(tmax2m), data = .)  629.0101
gam(log(value) ~ s(wdir) + s(jd) + s(v10m) + s(nirradiance) + s(pblmin) + s(tmin2m) + s(tp) + s(tmax2m), data = .)    648.6801
gam(log(value) ~ s(wspeed) + s(jd) + s(v10m) + s(nirradiance) + s(pblmin) + s(tmin2m) + s(tp) + s(tmax2m), data = .)  648.6277
gam(log(value) ~ s(pwspeed) + s(jd) + s(v10m) + s(nirradiance) + s(pblmin) + s(tmin2m) + s(tp) + s(tmax2m), data = .) 655.7695

Modello migliore: pbl12 - jd - v10m - nirradiance - pblmin - tmin2m - tp - tmax2m 

Dati backward:  617.987059125939::pbl12::jd::v10m::nirradiance::pblmin::tmin2m::tp::tmax2m 

Scelgo il modello N-1 

---------- START ---------- 

                                                                                                                     IT1184A
gam(log(value) ~ s(t2m) + s(jd) + s(v10m) + s(nirradiance) + s(pblmin) + s(tmin2m) + s(tp) + s(u10m), data = .)     630.1742
gam(log(value) ~ s(ptp) + s(jd) + s(v10m) + s(nirradiance) + s(pblmin) + s(tmin2m) + s(tp) + s(u10m), data = .)     643.4488
gam(log(value) ~ s(rh) + s(jd) + s(v10m) + s(nirradiance) + s(pblmin) + s(tmin2m) + s(tp) + s(u10m), data = .)      647.5333
gam(log(value) ~ s(sp) + s(jd) + s(v10m) + s(nirradiance) + s(pblmin) + s(tmin2m) + s(tp) + s(u10m), data = .)      633.1985
gam(log(value) ~ s(pbl00) + s(jd) + s(v10m) + s(nirradiance) + s(pblmin) + s(tmin2m) + s(tp) + s(u10m), data = .)   645.4380
gam(log(value) ~ s(pbl12) + s(jd) + s(v10m) + s(nirradiance) + s(pblmin) + s(tmin2m) + s(tp) + s(u10m), data = .)   610.9069
gam(log(value) ~ s(pblmax) + s(jd) + s(v10m) + s(nirradiance) + s(pblmin) + s(tmin2m) + s(tp) + s(u10m), data = .)  620.8619
gam(log(value) ~ s(wdir) + s(jd) + s(v10m) + s(nirradiance) + s(pblmin) + s(tmin2m) + s(tp) + s(u10m), data = .)    624.1593
gam(log(value) ~ s(wspeed) + s(jd) + s(v10m) + s(nirradiance) + s(pblmin) + s(tmin2m) + s(tp) + s(u10m), data = .)  644.2429
gam(log(value) ~ s(pwspeed) + s(jd) + s(v10m) + s(nirradiance) + s(pblmin) + s(tmin2m) + s(tp) + s(u10m), data = .) 647.5921

Modello migliore: pbl12 - jd - v10m - nirradiance - pblmin - tmin2m - tp - u10m 

Variabile scelta pbl12 con AIC 610.906866015114  

Fine per scelta MODELLO 

jd + v10m + nirradiance + pblmin + tmin2m + tp + u10m 

---------------------- 

NOTE: Log Print Time:  2021-05-11 14:36:01 
NOTE: Elapsed Time in seconds: 1.91833988030752 

Fine per scelta MODELLO 

jd + v10m + nirradiance + pblmin + tmin2m + tp + u10m 

---------------------- 

NOTE: Log Print Time:  2021-05-11 14:36:01 
NOTE: Elapsed Time in seconds: 0.00109720230102539 

Fine per scelta MODELLO 

jd + v10m + nirradiance + pblmin + tmin2m + tp + u10m 

---------------------- 

NOTE: Log Print Time:  2021-05-11 14:36:01 
NOTE: Elapsed Time in seconds: 0.000998020172119141 

Fine per scelta MODELLO 

jd + v10m + nirradiance + pblmin + tmin2m + tp + u10m 

---------------------- 

NOTE: Log Print Time:  2021-05-11 14:36:01 
NOTE: Elapsed Time in seconds: 0.00104928016662598 

Fine per scelta MODELLO 

jd + v10m + nirradiance + pblmin + tmin2m + tp + u10m 

---------------------- 

NOTE: Log Print Time:  2021-05-11 14:36:01 
NOTE: Elapsed Time in seconds: 0.0010230541229248 

Fine per scelta MODELLO 

jd + v10m + nirradiance + pblmin + tmin2m + tp + u10m 

---------------------- 

NOTE: Log Print Time:  2021-05-11 14:36:01 
NOTE: Elapsed Time in seconds: 0.000986099243164062 

Fine per scelta MODELLO 

jd + v10m + nirradiance + pblmin + tmin2m + tp + u10m 

---------------------- 

NOTE: Log Print Time:  2021-05-11 14:36:01 
NOTE: Elapsed Time in seconds: 0.000986337661743164 

Fine per scelta MODELLO 

jd + v10m + nirradiance + pblmin + tmin2m + tp + u10m 

---------------------- 

NOTE: Log Print Time:  2021-05-11 14:36:01 
NOTE: Elapsed Time in seconds: 0.00100827217102051 

========================================================================= 
Log End Time: 2021-05-11 14:36:01 
Log Elapsed Time: 0 00:00:01 
========================================================================= 
