========================================================================= 
Log Path: output/12/nox/log/pulvirus_nox_12_IT0872A.log 
Working Directory: /home/rmorelli/R/pulvirus/analisi/GAM/scelta 
User Name: rmorelli 
R Version: 4.0.5 (2021-03-31) 
Machine: pasqualino x86_64 
Operating System: Linux 4.19.0-13-amd64 #1 SMP Debian 4.19.160-2 (2020-11-28) 
Log Start Time: 2021-05-11 14:24:22 
========================================================================= 

Stazione: IT0872A 

---------- START ---------- 

                                            IT0872A
gam(log(value) ~ s(t2m), data = .)         2300.461
gam(log(value) ~ s(tmin2m), data = .)      2426.765
gam(log(value) ~ s(tmax2m), data = .)      2425.314
gam(log(value) ~ s(tp), data = .)          3253.974
gam(log(value) ~ s(ptp), data = .)         3262.926
gam(log(value) ~ s(rh), data = .)          3066.100
gam(log(value) ~ s(u10m), data = .)        2977.150
gam(log(value) ~ s(v10m), data = .)        2919.236
gam(log(value) ~ s(sp), data = .)          2851.152
gam(log(value) ~ s(nirradiance), data = .) 2216.575
gam(log(value) ~ s(pbl00), data = .)       3264.210
gam(log(value) ~ s(pbl12), data = .)       2387.286
gam(log(value) ~ s(pblmin), data = .)      3256.828
gam(log(value) ~ s(pblmax), data = .)      2554.816
gam(log(value) ~ s(wdir), data = .)        2736.763
gam(log(value) ~ s(wspeed), data = .)      3151.801
gam(log(value) ~ s(pwspeed), data = .)     3144.942
gam(log(value) ~ s(jd), data = .)          1942.077

Modello migliore: jd 

Variabile scelta jd con AIC 1942.07686225198  

---------- START ---------- 

                                                    IT0872A
gam(log(value) ~ s(t2m) + s(jd), data = .)         1769.626
gam(log(value) ~ s(tmin2m) + s(jd), data = .)      1790.599
gam(log(value) ~ s(tmax2m) + s(jd), data = .)      1838.758
gam(log(value) ~ s(tp) + s(jd), data = .)          1825.983
gam(log(value) ~ s(ptp) + s(jd), data = .)         1838.799
gam(log(value) ~ s(rh) + s(jd), data = .)          1938.799
gam(log(value) ~ s(u10m) + s(jd), data = .)        1799.733
gam(log(value) ~ s(v10m) + s(jd), data = .)        1752.419
gam(log(value) ~ s(sp) + s(jd), data = .)          1729.900
gam(log(value) ~ s(nirradiance) + s(jd), data = .) 1755.978
gam(log(value) ~ s(pbl00) + s(jd), data = .)       1784.699
gam(log(value) ~ s(pbl12) + s(jd), data = .)       1631.437
gam(log(value) ~ s(pblmin) + s(jd), data = .)      1817.111
gam(log(value) ~ s(pblmax) + s(jd), data = .)      1677.150
gam(log(value) ~ s(wdir) + s(jd), data = .)        1735.763
gam(log(value) ~ s(wspeed) + s(jd), data = .)      1837.748
gam(log(value) ~ s(pwspeed) + s(jd), data = .)     1890.565
gam(log(value) ~ s(jd) + s(jd), data = .)          1942.077

Modello migliore: pbl12 - jd 

Variabile scelta pbl12 con AIC 1631.43655871855  

Modelli BACKWARD 

                                                       IT0872A
gam(log(value) ~ s(t2m) + s(pbl12), data = .)         1958.016
gam(log(value) ~ s(tmin2m) + s(pbl12), data = .)      1980.311
gam(log(value) ~ s(tmax2m) + s(pbl12), data = .)      2063.779
gam(log(value) ~ s(tp) + s(pbl12), data = .)          2226.456
gam(log(value) ~ s(ptp) + s(pbl12), data = .)         2357.482
gam(log(value) ~ s(rh) + s(pbl12), data = .)          2374.146
gam(log(value) ~ s(u10m) + s(pbl12), data = .)        2307.856
gam(log(value) ~ s(v10m) + s(pbl12), data = .)        2142.406
gam(log(value) ~ s(sp) + s(pbl12), data = .)          2159.405
gam(log(value) ~ s(nirradiance) + s(pbl12), data = .) 2030.841
gam(log(value) ~ s(pbl00) + s(pbl12), data = .)       2356.105
gam(log(value) ~ s(pblmin) + s(pbl12), data = .)      2362.025
gam(log(value) ~ s(pblmax) + s(pbl12), data = .)      2375.117
gam(log(value) ~ s(wdir) + s(pbl12), data = .)        2099.750
gam(log(value) ~ s(wspeed) + s(pbl12), data = .)      2341.926
gam(log(value) ~ s(pwspeed) + s(pbl12), data = .)     2338.212

Modello migliore: t2m - pbl12 

Dati backward:  1958.01552035122::t2m::pbl12 

Scelgo il modello N 

---------- START ---------- 

                                                               IT0872A
gam(log(value) ~ s(t2m) + s(jd) + s(pbl12), data = .)         1507.350
gam(log(value) ~ s(tmin2m) + s(jd) + s(pbl12), data = .)      1495.782
gam(log(value) ~ s(tmax2m) + s(jd) + s(pbl12), data = .)      1558.511
gam(log(value) ~ s(tp) + s(jd) + s(pbl12), data = .)          1395.244
gam(log(value) ~ s(ptp) + s(jd) + s(pbl12), data = .)         1529.897
gam(log(value) ~ s(rh) + s(jd) + s(pbl12), data = .)          1541.783
gam(log(value) ~ s(u10m) + s(jd) + s(pbl12), data = .)        1561.157
gam(log(value) ~ s(v10m) + s(jd) + s(pbl12), data = .)        1458.788
gam(log(value) ~ s(sp) + s(jd) + s(pbl12), data = .)          1420.632
gam(log(value) ~ s(nirradiance) + s(jd) + s(pbl12), data = .) 1529.262
gam(log(value) ~ s(pbl00) + s(jd) + s(pbl12), data = .)       1487.806
gam(log(value) ~ s(pblmin) + s(jd) + s(pbl12), data = .)      1510.699
gam(log(value) ~ s(pblmax) + s(jd) + s(pbl12), data = .)      1619.791
gam(log(value) ~ s(wdir) + s(jd) + s(pbl12), data = .)        1453.747
gam(log(value) ~ s(wspeed) + s(jd) + s(pbl12), data = .)      1576.099
gam(log(value) ~ s(pwspeed) + s(jd) + s(pbl12), data = .)     1597.510

Modello migliore: tp - jd - pbl12 

Variabile scelta tp con AIC 1395.24396786924  

Modelli BACKWARD 

                                                            IT0872A
gam(log(value) ~ s(t2m) + s(jd) + s(tp), data = .)         1665.329
gam(log(value) ~ s(tmin2m) + s(jd) + s(tp), data = .)      1723.413
gam(log(value) ~ s(tmax2m) + s(jd) + s(tp), data = .)      1674.661
gam(log(value) ~ s(ptp) + s(jd) + s(tp), data = .)         1788.330
gam(log(value) ~ s(rh) + s(jd) + s(tp), data = .)          1760.528
gam(log(value) ~ s(u10m) + s(jd) + s(tp), data = .)        1660.643
gam(log(value) ~ s(v10m) + s(jd) + s(tp), data = .)        1709.413
gam(log(value) ~ s(sp) + s(jd) + s(tp), data = .)          1698.945
gam(log(value) ~ s(nirradiance) + s(jd) + s(tp), data = .) 1381.957
gam(log(value) ~ s(pbl00) + s(jd) + s(tp), data = .)       1751.001
gam(log(value) ~ s(pblmin) + s(jd) + s(tp), data = .)      1774.767
gam(log(value) ~ s(pblmax) + s(jd) + s(tp), data = .)      1492.733
gam(log(value) ~ s(wdir) + s(jd) + s(tp), data = .)        1644.331
gam(log(value) ~ s(wspeed) + s(jd) + s(tp), data = .)      1752.277
gam(log(value) ~ s(pwspeed) + s(jd) + s(tp), data = .)     1778.108

Modello migliore: nirradiance - jd - tp 

Dati backward:  1381.95692467669::nirradiance::jd::tp 

Scelgo il modello N 

---------- START ---------- 

                                                                       IT0872A
gam(log(value) ~ s(t2m) + s(jd) + s(pbl12) + s(tp), data = .)         1288.420
gam(log(value) ~ s(tmin2m) + s(jd) + s(pbl12) + s(tp), data = .)      1324.789
gam(log(value) ~ s(tmax2m) + s(jd) + s(pbl12) + s(tp), data = .)      1289.366
gam(log(value) ~ s(ptp) + s(jd) + s(pbl12) + s(tp), data = .)         1382.756
gam(log(value) ~ s(rh) + s(jd) + s(pbl12) + s(tp), data = .)          1392.407
gam(log(value) ~ s(u10m) + s(jd) + s(pbl12) + s(tp), data = .)        1302.585
gam(log(value) ~ s(v10m) + s(jd) + s(pbl12) + s(tp), data = .)        1336.246
gam(log(value) ~ s(sp) + s(jd) + s(pbl12) + s(tp), data = .)          1317.636
gam(log(value) ~ s(nirradiance) + s(jd) + s(pbl12) + s(tp), data = .) 1210.590
gam(log(value) ~ s(pbl00) + s(jd) + s(pbl12) + s(tp), data = .)       1369.366
gam(log(value) ~ s(pblmin) + s(jd) + s(pbl12) + s(tp), data = .)      1379.352
gam(log(value) ~ s(pblmax) + s(jd) + s(pbl12) + s(tp), data = .)      1389.707
gam(log(value) ~ s(wdir) + s(jd) + s(pbl12) + s(tp), data = .)        1278.760
gam(log(value) ~ s(wspeed) + s(jd) + s(pbl12) + s(tp), data = .)      1369.659
gam(log(value) ~ s(pwspeed) + s(jd) + s(pbl12) + s(tp), data = .)     1366.529

Modello migliore: nirradiance - jd - pbl12 - tp 

Variabile scelta nirradiance con AIC 1210.59002074344  

Modelli BACKWARD 

                                                                            IT0872A
gam(log(value) ~ s(t2m) + s(jd) + s(pbl12) + s(nirradiance), data = .)     1436.374
gam(log(value) ~ s(tmin2m) + s(jd) + s(pbl12) + s(nirradiance), data = .)  1404.612
gam(log(value) ~ s(tmax2m) + s(jd) + s(pbl12) + s(nirradiance), data = .)  1469.743
gam(log(value) ~ s(ptp) + s(jd) + s(pbl12) + s(nirradiance), data = .)     1430.793
gam(log(value) ~ s(rh) + s(jd) + s(pbl12) + s(nirradiance), data = .)      1433.922
gam(log(value) ~ s(u10m) + s(jd) + s(pbl12) + s(nirradiance), data = .)    1441.153
gam(log(value) ~ s(v10m) + s(jd) + s(pbl12) + s(nirradiance), data = .)    1361.585
gam(log(value) ~ s(sp) + s(jd) + s(pbl12) + s(nirradiance), data = .)      1302.269
gam(log(value) ~ s(pbl00) + s(jd) + s(pbl12) + s(nirradiance), data = .)   1369.527
gam(log(value) ~ s(pblmin) + s(jd) + s(pbl12) + s(nirradiance), data = .)  1389.687
gam(log(value) ~ s(pblmax) + s(jd) + s(pbl12) + s(nirradiance), data = .)  1503.752
gam(log(value) ~ s(wdir) + s(jd) + s(pbl12) + s(nirradiance), data = .)    1348.911
gam(log(value) ~ s(wspeed) + s(jd) + s(pbl12) + s(nirradiance), data = .)  1482.148
gam(log(value) ~ s(pwspeed) + s(jd) + s(pbl12) + s(nirradiance), data = .) 1501.521

Modello migliore: sp - jd - pbl12 - nirradiance 

Dati backward:  1302.2691102668::sp::jd::pbl12::nirradiance 

Scelgo il modello N 

---------- START ---------- 

                                                                                    IT0872A
gam(log(value) ~ s(t2m) + s(jd) + s(pbl12) + s(tp) + s(nirradiance), data = .)     1115.508
gam(log(value) ~ s(tmin2m) + s(jd) + s(pbl12) + s(tp) + s(nirradiance), data = .)  1104.715
gam(log(value) ~ s(tmax2m) + s(jd) + s(pbl12) + s(tp) + s(nirradiance), data = .)  1135.966
gam(log(value) ~ s(ptp) + s(jd) + s(pbl12) + s(tp) + s(nirradiance), data = .)     1187.750
gam(log(value) ~ s(rh) + s(jd) + s(pbl12) + s(tp) + s(nirradiance), data = .)      1198.358
gam(log(value) ~ s(u10m) + s(jd) + s(pbl12) + s(tp) + s(nirradiance), data = .)    1127.496
gam(log(value) ~ s(v10m) + s(jd) + s(pbl12) + s(tp) + s(nirradiance), data = .)    1139.868
gam(log(value) ~ s(sp) + s(jd) + s(pbl12) + s(tp) + s(nirradiance), data = .)      1094.872
gam(log(value) ~ s(pbl00) + s(jd) + s(pbl12) + s(tp) + s(nirradiance), data = .)   1148.247
gam(log(value) ~ s(pblmin) + s(jd) + s(pbl12) + s(tp) + s(nirradiance), data = .)  1151.804
gam(log(value) ~ s(pblmax) + s(jd) + s(pbl12) + s(tp) + s(nirradiance), data = .)  1208.068
gam(log(value) ~ s(wdir) + s(jd) + s(pbl12) + s(tp) + s(nirradiance), data = .)    1097.302
gam(log(value) ~ s(wspeed) + s(jd) + s(pbl12) + s(tp) + s(nirradiance), data = .)  1194.494
gam(log(value) ~ s(pwspeed) + s(jd) + s(pbl12) + s(tp) + s(nirradiance), data = .) 1196.215

Modello migliore: sp - jd - pbl12 - tp - nirradiance 

Variabile scelta sp con AIC 1094.87237703065  

Modelli BACKWARD 

                                                                           IT0872A
gam(log(value) ~ s(t2m) + s(jd) + s(pbl12) + s(tp) + s(sp), data = .)     1204.773
gam(log(value) ~ s(tmin2m) + s(jd) + s(pbl12) + s(tp) + s(sp), data = .)  1265.799
gam(log(value) ~ s(tmax2m) + s(jd) + s(pbl12) + s(tp) + s(sp), data = .)  1197.457
gam(log(value) ~ s(ptp) + s(jd) + s(pbl12) + s(tp) + s(sp), data = .)     1316.300
gam(log(value) ~ s(rh) + s(jd) + s(pbl12) + s(tp) + s(sp), data = .)      1307.432
gam(log(value) ~ s(u10m) + s(jd) + s(pbl12) + s(tp) + s(sp), data = .)    1221.212
gam(log(value) ~ s(v10m) + s(jd) + s(pbl12) + s(tp) + s(sp), data = .)    1275.436
gam(log(value) ~ s(pbl00) + s(jd) + s(pbl12) + s(tp) + s(sp), data = .)   1308.017
gam(log(value) ~ s(pblmin) + s(jd) + s(pbl12) + s(tp) + s(sp), data = .)  1308.262
gam(log(value) ~ s(pblmax) + s(jd) + s(pbl12) + s(tp) + s(sp), data = .)  1313.686
gam(log(value) ~ s(wdir) + s(jd) + s(pbl12) + s(tp) + s(sp), data = .)    1217.968
gam(log(value) ~ s(wspeed) + s(jd) + s(pbl12) + s(tp) + s(sp), data = .)  1282.694
gam(log(value) ~ s(pwspeed) + s(jd) + s(pbl12) + s(tp) + s(sp), data = .) 1285.463

Modello migliore: tmax2m - jd - pbl12 - tp - sp 

Dati backward:  1197.45652042685::tmax2m::jd::pbl12::tp::sp 

Scelgo il modello N 

---------- START ---------- 

                                                                                             IT0872A
gam(log(value) ~ s(t2m) + s(jd) + s(pbl12) + s(tp) + s(nirradiance) + s(sp), data = .)      994.8713
gam(log(value) ~ s(tmin2m) + s(jd) + s(pbl12) + s(tp) + s(nirradiance) + s(sp), data = .)  1004.3974
gam(log(value) ~ s(tmax2m) + s(jd) + s(pbl12) + s(tp) + s(nirradiance) + s(sp), data = .)  1017.4572
gam(log(value) ~ s(ptp) + s(jd) + s(pbl12) + s(tp) + s(nirradiance) + s(sp), data = .)     1090.9228
gam(log(value) ~ s(rh) + s(jd) + s(pbl12) + s(tp) + s(nirradiance) + s(sp), data = .)      1085.5263
gam(log(value) ~ s(u10m) + s(jd) + s(pbl12) + s(tp) + s(nirradiance) + s(sp), data = .)    1017.6194
gam(log(value) ~ s(v10m) + s(jd) + s(pbl12) + s(tp) + s(nirradiance) + s(sp), data = .)    1045.0937
gam(log(value) ~ s(pbl00) + s(jd) + s(pbl12) + s(tp) + s(nirradiance) + s(sp), data = .)   1060.7790
gam(log(value) ~ s(pblmin) + s(jd) + s(pbl12) + s(tp) + s(nirradiance) + s(sp), data = .)  1049.6596
gam(log(value) ~ s(pblmax) + s(jd) + s(pbl12) + s(tp) + s(nirradiance) + s(sp), data = .)  1094.3017
gam(log(value) ~ s(wdir) + s(jd) + s(pbl12) + s(tp) + s(nirradiance) + s(sp), data = .)    1000.9797
gam(log(value) ~ s(wspeed) + s(jd) + s(pbl12) + s(tp) + s(nirradiance) + s(sp), data = .)  1080.4722
gam(log(value) ~ s(pwspeed) + s(jd) + s(pbl12) + s(tp) + s(nirradiance) + s(sp), data = .) 1080.9464

Modello migliore: t2m - jd - pbl12 - tp - nirradiance - sp 

Variabile scelta t2m con AIC 994.871268773495  

Modelli BACKWARD 

                                                                                              IT0872A
gam(log(value) ~ s(tmin2m) + s(jd) + s(pbl12) + s(tp) + s(nirradiance) + s(t2m), data = .)  1006.2869
gam(log(value) ~ s(tmax2m) + s(jd) + s(pbl12) + s(tp) + s(nirradiance) + s(t2m), data = .)   912.7511
gam(log(value) ~ s(ptp) + s(jd) + s(pbl12) + s(tp) + s(nirradiance) + s(t2m), data = .)     1081.1277
gam(log(value) ~ s(rh) + s(jd) + s(pbl12) + s(tp) + s(nirradiance) + s(t2m), data = .)      1091.4319
gam(log(value) ~ s(u10m) + s(jd) + s(pbl12) + s(tp) + s(nirradiance) + s(t2m), data = .)    1018.7326
gam(log(value) ~ s(v10m) + s(jd) + s(pbl12) + s(tp) + s(nirradiance) + s(t2m), data = .)    1060.3686
gam(log(value) ~ s(pbl00) + s(jd) + s(pbl12) + s(tp) + s(nirradiance) + s(t2m), data = .)   1054.8430
gam(log(value) ~ s(pblmin) + s(jd) + s(pbl12) + s(tp) + s(nirradiance) + s(t2m), data = .)  1065.1315
gam(log(value) ~ s(pblmax) + s(jd) + s(pbl12) + s(tp) + s(nirradiance) + s(t2m), data = .)  1111.2884
gam(log(value) ~ s(wdir) + s(jd) + s(pbl12) + s(tp) + s(nirradiance) + s(t2m), data = .)     996.6321
gam(log(value) ~ s(wspeed) + s(jd) + s(pbl12) + s(tp) + s(nirradiance) + s(t2m), data = .)  1105.7536
gam(log(value) ~ s(pwspeed) + s(jd) + s(pbl12) + s(tp) + s(nirradiance) + s(t2m), data = .) 1109.8600

Modello migliore: tmax2m - jd - pbl12 - tp - nirradiance - t2m 

Dati backward:  912.751111425043::tmax2m::jd::pbl12::tp::nirradiance::t2m 

Scelgo il modello N-1 

---------- START ---------- 

                                                                                            IT0872A
gam(log(value) ~ s(tmin2m) + s(jd) + s(pbl12) + s(tp) + s(nirradiance) + s(sp), data = .)  1004.397
gam(log(value) ~ s(tmax2m) + s(jd) + s(pbl12) + s(tp) + s(nirradiance) + s(sp), data = .)  1017.457
gam(log(value) ~ s(ptp) + s(jd) + s(pbl12) + s(tp) + s(nirradiance) + s(sp), data = .)     1090.923
gam(log(value) ~ s(rh) + s(jd) + s(pbl12) + s(tp) + s(nirradiance) + s(sp), data = .)      1085.526
gam(log(value) ~ s(u10m) + s(jd) + s(pbl12) + s(tp) + s(nirradiance) + s(sp), data = .)    1017.619
gam(log(value) ~ s(v10m) + s(jd) + s(pbl12) + s(tp) + s(nirradiance) + s(sp), data = .)    1045.094
gam(log(value) ~ s(pbl00) + s(jd) + s(pbl12) + s(tp) + s(nirradiance) + s(sp), data = .)   1060.779
gam(log(value) ~ s(pblmin) + s(jd) + s(pbl12) + s(tp) + s(nirradiance) + s(sp), data = .)  1049.660
gam(log(value) ~ s(pblmax) + s(jd) + s(pbl12) + s(tp) + s(nirradiance) + s(sp), data = .)  1094.302
gam(log(value) ~ s(wdir) + s(jd) + s(pbl12) + s(tp) + s(nirradiance) + s(sp), data = .)    1000.980
gam(log(value) ~ s(wspeed) + s(jd) + s(pbl12) + s(tp) + s(nirradiance) + s(sp), data = .)  1080.472
gam(log(value) ~ s(pwspeed) + s(jd) + s(pbl12) + s(tp) + s(nirradiance) + s(sp), data = .) 1080.946

Modello migliore: wdir - jd - pbl12 - tp - nirradiance - sp 

Variabile scelta wdir con AIC 1000.97968445158  

Fine per scelta MODELLO 

jd + pbl12 + tp + nirradiance + sp 

---------------------- 

NOTE: Log Print Time:  2021-05-11 14:25:39 
NOTE: Elapsed Time in seconds: 1.28982890844345 

Fine per scelta MODELLO 

jd + pbl12 + tp + nirradiance + sp 

---------------------- 

NOTE: Log Print Time:  2021-05-11 14:25:39 
NOTE: Elapsed Time in seconds: 0.00110507011413574 

Fine per scelta MODELLO 

jd + pbl12 + tp + nirradiance + sp 

---------------------- 

NOTE: Log Print Time:  2021-05-11 14:25:39 
NOTE: Elapsed Time in seconds: 0.00103425979614258 

Fine per scelta MODELLO 

jd + pbl12 + tp + nirradiance + sp 

---------------------- 

NOTE: Log Print Time:  2021-05-11 14:25:39 
NOTE: Elapsed Time in seconds: 0.001007080078125 

Fine per scelta MODELLO 

jd + pbl12 + tp + nirradiance + sp 

---------------------- 

NOTE: Log Print Time:  2021-05-11 14:25:39 
NOTE: Elapsed Time in seconds: 0.00100874900817871 

Fine per scelta MODELLO 

jd + pbl12 + tp + nirradiance + sp 

---------------------- 

NOTE: Log Print Time:  2021-05-11 14:25:39 
NOTE: Elapsed Time in seconds: 0.00101876258850098 

========================================================================= 
Log End Time: 2021-05-11 14:25:39 
Log Elapsed Time: 0 00:00:01 
========================================================================= 
