========================================================================= 
Log Path: output/12/nox/log/pulvirus_nox_12_IT1841A.log 
Working Directory: /home/rmorelli/R/pulvirus/analisi/GAM/scelta 
User Name: rmorelli 
R Version: 4.0.5 (2021-03-31) 
Machine: pasqualino x86_64 
Operating System: Linux 4.19.0-13-amd64 #1 SMP Debian 4.19.160-2 (2020-11-28) 
Log Start Time: 2021-05-11 13:52:45 
========================================================================= 

Stazione: IT1841A 

---------- START ---------- 

                                            IT1841A
gam(log(value) ~ s(t2m), data = .)         2215.623
gam(log(value) ~ s(tmin2m), data = .)      2229.715
gam(log(value) ~ s(tmax2m), data = .)      2334.926
gam(log(value) ~ s(tp), data = .)          2610.968
gam(log(value) ~ s(ptp), data = .)         2669.121
gam(log(value) ~ s(rh), data = .)          2610.380
gam(log(value) ~ s(u10m), data = .)        2456.822
gam(log(value) ~ s(v10m), data = .)        2335.948
gam(log(value) ~ s(sp), data = .)          2337.646
gam(log(value) ~ s(nirradiance), data = .) 2262.151
gam(log(value) ~ s(pbl00), data = .)       2636.827
gam(log(value) ~ s(pbl12), data = .)       2245.028
gam(log(value) ~ s(pblmin), data = .)      2572.173
gam(log(value) ~ s(pblmax), data = .)      2489.567
gam(log(value) ~ s(wdir), data = .)        2218.927
gam(log(value) ~ s(wspeed), data = .)      2563.313
gam(log(value) ~ s(pwspeed), data = .)     2658.582
gam(log(value) ~ s(jd), data = .)          2000.050

Modello migliore: jd 

Variabile scelta jd con AIC 2000.04953413337  

---------- START ---------- 

                                                    IT1841A
gam(log(value) ~ s(t2m) + s(jd), data = .)         1823.643
gam(log(value) ~ s(tmin2m) + s(jd), data = .)      1812.993
gam(log(value) ~ s(tmax2m) + s(jd), data = .)      1939.023
gam(log(value) ~ s(tp) + s(jd), data = .)          1837.379
gam(log(value) ~ s(ptp) + s(jd), data = .)         1991.603
gam(log(value) ~ s(rh) + s(jd), data = .)          1964.540
gam(log(value) ~ s(u10m) + s(jd), data = .)        1777.411
gam(log(value) ~ s(v10m) + s(jd), data = .)        1508.549
gam(log(value) ~ s(sp) + s(jd), data = .)          1809.071
gam(log(value) ~ s(nirradiance) + s(jd), data = .) 1895.606
gam(log(value) ~ s(pbl00) + s(jd), data = .)       1842.606
gam(log(value) ~ s(pbl12) + s(jd), data = .)       1707.241
gam(log(value) ~ s(pblmin) + s(jd), data = .)      1689.731
gam(log(value) ~ s(pblmax) + s(jd), data = .)      1821.205
gam(log(value) ~ s(wdir) + s(jd), data = .)        1712.428
gam(log(value) ~ s(wspeed) + s(jd), data = .)      1668.551
gam(log(value) ~ s(pwspeed) + s(jd), data = .)     1970.777
gam(log(value) ~ s(jd) + s(jd), data = .)          2000.050

Modello migliore: v10m - jd 

Variabile scelta v10m con AIC 1508.54942008279  

Modelli BACKWARD 

                                                      IT1841A
gam(log(value) ~ s(t2m) + s(v10m), data = .)         1902.446
gam(log(value) ~ s(tmin2m) + s(v10m), data = .)      1956.541
gam(log(value) ~ s(tmax2m) + s(v10m), data = .)      1927.567
gam(log(value) ~ s(tp) + s(v10m), data = .)          2337.045
gam(log(value) ~ s(ptp) + s(v10m), data = .)         2336.000
gam(log(value) ~ s(rh) + s(v10m), data = .)          2159.756
gam(log(value) ~ s(u10m) + s(v10m), data = .)        2095.991
gam(log(value) ~ s(sp) + s(v10m), data = .)          2103.691
gam(log(value) ~ s(nirradiance) + s(v10m), data = .) 1758.378
gam(log(value) ~ s(pbl00) + s(v10m), data = .)       2336.235
gam(log(value) ~ s(pbl12) + s(v10m), data = .)       2031.066
gam(log(value) ~ s(pblmin) + s(v10m), data = .)      2325.590
gam(log(value) ~ s(pblmax) + s(v10m), data = .)      2190.973
gam(log(value) ~ s(wdir) + s(v10m), data = .)        2100.460
gam(log(value) ~ s(wspeed) + s(v10m), data = .)      2319.676
gam(log(value) ~ s(pwspeed) + s(v10m), data = .)     2315.358

Modello migliore: nirradiance - v10m 

Dati backward:  1758.37839962418::nirradiance::v10m 

Scelgo il modello N 

---------- START ---------- 

                                                              IT1841A
gam(log(value) ~ s(t2m) + s(jd) + s(v10m), data = .)         1395.116
gam(log(value) ~ s(tmin2m) + s(jd) + s(v10m), data = .)      1402.582
gam(log(value) ~ s(tmax2m) + s(jd) + s(v10m), data = .)      1434.203
gam(log(value) ~ s(tp) + s(jd) + s(v10m), data = .)          1488.341
gam(log(value) ~ s(ptp) + s(jd) + s(v10m), data = .)         1510.514
gam(log(value) ~ s(rh) + s(jd) + s(v10m), data = .)          1491.822
gam(log(value) ~ s(u10m) + s(jd) + s(v10m), data = .)        1381.818
gam(log(value) ~ s(sp) + s(jd) + s(v10m), data = .)          1430.808
gam(log(value) ~ s(nirradiance) + s(jd) + s(v10m), data = .) 1374.083
gam(log(value) ~ s(pbl00) + s(jd) + s(v10m), data = .)       1479.497
gam(log(value) ~ s(pbl12) + s(jd) + s(v10m), data = .)       1346.243
gam(log(value) ~ s(pblmin) + s(jd) + s(v10m), data = .)      1444.279
gam(log(value) ~ s(pblmax) + s(jd) + s(v10m), data = .)      1402.421
gam(log(value) ~ s(wdir) + s(jd) + s(v10m), data = .)        1453.781
gam(log(value) ~ s(wspeed) + s(jd) + s(v10m), data = .)      1449.379
gam(log(value) ~ s(pwspeed) + s(jd) + s(v10m), data = .)     1505.144

Modello migliore: pbl12 - jd - v10m 

Variabile scelta pbl12 con AIC 1346.24256011926  

Modelli BACKWARD 

                                                               IT1841A
gam(log(value) ~ s(t2m) + s(jd) + s(pbl12), data = .)         1585.692
gam(log(value) ~ s(tmin2m) + s(jd) + s(pbl12), data = .)      1561.080
gam(log(value) ~ s(tmax2m) + s(jd) + s(pbl12), data = .)      1665.552
gam(log(value) ~ s(tp) + s(jd) + s(pbl12), data = .)          1567.192
gam(log(value) ~ s(ptp) + s(jd) + s(pbl12), data = .)         1708.085
gam(log(value) ~ s(rh) + s(jd) + s(pbl12), data = .)          1641.668
gam(log(value) ~ s(u10m) + s(jd) + s(pbl12), data = .)        1543.102
gam(log(value) ~ s(sp) + s(jd) + s(pbl12), data = .)          1608.522
gam(log(value) ~ s(nirradiance) + s(jd) + s(pbl12), data = .) 1600.799
gam(log(value) ~ s(pbl00) + s(jd) + s(pbl12), data = .)       1640.222
gam(log(value) ~ s(pblmin) + s(jd) + s(pbl12), data = .)      1521.129
gam(log(value) ~ s(pblmax) + s(jd) + s(pbl12), data = .)      1706.910
gam(log(value) ~ s(wdir) + s(jd) + s(pbl12), data = .)        1477.863
gam(log(value) ~ s(wspeed) + s(jd) + s(pbl12), data = .)      1500.614
gam(log(value) ~ s(pwspeed) + s(jd) + s(pbl12), data = .)     1700.659

Modello migliore: wdir - jd - pbl12 

Dati backward:  1477.86270100982::wdir::jd::pbl12 

Scelgo il modello N 

---------- START ---------- 

                                                                         IT1841A
gam(log(value) ~ s(t2m) + s(jd) + s(v10m) + s(pbl12), data = .)         1267.819
gam(log(value) ~ s(tmin2m) + s(jd) + s(v10m) + s(pbl12), data = .)      1265.571
gam(log(value) ~ s(tmax2m) + s(jd) + s(v10m) + s(pbl12), data = .)      1288.176
gam(log(value) ~ s(tp) + s(jd) + s(v10m) + s(pbl12), data = .)          1326.013
gam(log(value) ~ s(ptp) + s(jd) + s(v10m) + s(pbl12), data = .)         1347.089
gam(log(value) ~ s(rh) + s(jd) + s(v10m) + s(pbl12), data = .)          1334.284
gam(log(value) ~ s(u10m) + s(jd) + s(v10m) + s(pbl12), data = .)        1255.325
gam(log(value) ~ s(sp) + s(jd) + s(v10m) + s(pbl12), data = .)          1302.363
gam(log(value) ~ s(nirradiance) + s(jd) + s(v10m) + s(pbl12), data = .) 1243.775
gam(log(value) ~ s(pbl00) + s(jd) + s(v10m) + s(pbl12), data = .)       1338.100
gam(log(value) ~ s(pblmin) + s(jd) + s(v10m) + s(pbl12), data = .)      1315.675
gam(log(value) ~ s(pblmax) + s(jd) + s(v10m) + s(pbl12), data = .)      1344.627
gam(log(value) ~ s(wdir) + s(jd) + s(v10m) + s(pbl12), data = .)        1311.364
gam(log(value) ~ s(wspeed) + s(jd) + s(v10m) + s(pbl12), data = .)      1314.872
gam(log(value) ~ s(pwspeed) + s(jd) + s(v10m) + s(pbl12), data = .)     1346.901

Modello migliore: nirradiance - jd - v10m - pbl12 

Variabile scelta nirradiance con AIC 1243.7752520134  

Modelli BACKWARD 

                                                                           IT1841A
gam(log(value) ~ s(t2m) + s(jd) + s(v10m) + s(nirradiance), data = .)     1294.361
gam(log(value) ~ s(tmin2m) + s(jd) + s(v10m) + s(nirradiance), data = .)  1281.625
gam(log(value) ~ s(tmax2m) + s(jd) + s(v10m) + s(nirradiance), data = .)  1325.872
gam(log(value) ~ s(tp) + s(jd) + s(v10m) + s(nirradiance), data = .)      1296.622
gam(log(value) ~ s(ptp) + s(jd) + s(v10m) + s(nirradiance), data = .)     1373.438
gam(log(value) ~ s(rh) + s(jd) + s(v10m) + s(nirradiance), data = .)      1370.193
gam(log(value) ~ s(u10m) + s(jd) + s(v10m) + s(nirradiance), data = .)    1258.430
gam(log(value) ~ s(sp) + s(jd) + s(v10m) + s(nirradiance), data = .)      1299.617
gam(log(value) ~ s(pbl00) + s(jd) + s(v10m) + s(nirradiance), data = .)   1329.414
gam(log(value) ~ s(pblmin) + s(jd) + s(v10m) + s(nirradiance), data = .)  1281.890
gam(log(value) ~ s(pblmax) + s(jd) + s(v10m) + s(nirradiance), data = .)  1270.891
gam(log(value) ~ s(wdir) + s(jd) + s(v10m) + s(nirradiance), data = .)    1338.801
gam(log(value) ~ s(wspeed) + s(jd) + s(v10m) + s(nirradiance), data = .)  1305.901
gam(log(value) ~ s(pwspeed) + s(jd) + s(v10m) + s(nirradiance), data = .) 1372.533

Modello migliore: u10m - jd - v10m - nirradiance 

Dati backward:  1258.43037984438::u10m::jd::v10m::nirradiance 

Scelgo il modello N 

---------- START ---------- 

                                                                                      IT1841A
gam(log(value) ~ s(t2m) + s(jd) + s(v10m) + s(pbl12) + s(nirradiance), data = .)     1187.745
gam(log(value) ~ s(tmin2m) + s(jd) + s(v10m) + s(pbl12) + s(nirradiance), data = .)  1176.392
gam(log(value) ~ s(tmax2m) + s(jd) + s(v10m) + s(pbl12) + s(nirradiance), data = .)  1202.957
gam(log(value) ~ s(tp) + s(jd) + s(v10m) + s(pbl12) + s(nirradiance), data = .)      1184.436
gam(log(value) ~ s(ptp) + s(jd) + s(v10m) + s(pbl12) + s(nirradiance), data = .)     1245.762
gam(log(value) ~ s(rh) + s(jd) + s(v10m) + s(pbl12) + s(nirradiance), data = .)      1241.534
gam(log(value) ~ s(u10m) + s(jd) + s(v10m) + s(pbl12) + s(nirradiance), data = .)    1164.047
gam(log(value) ~ s(sp) + s(jd) + s(v10m) + s(pbl12) + s(nirradiance), data = .)      1202.393
gam(log(value) ~ s(pbl00) + s(jd) + s(v10m) + s(pbl12) + s(nirradiance), data = .)   1228.966
gam(log(value) ~ s(pblmin) + s(jd) + s(v10m) + s(pbl12) + s(nirradiance), data = .)  1198.187
gam(log(value) ~ s(pblmax) + s(jd) + s(v10m) + s(pbl12) + s(nirradiance), data = .)  1239.456
gam(log(value) ~ s(wdir) + s(jd) + s(v10m) + s(pbl12) + s(nirradiance), data = .)    1224.115
gam(log(value) ~ s(wspeed) + s(jd) + s(v10m) + s(pbl12) + s(nirradiance), data = .)  1206.116
gam(log(value) ~ s(pwspeed) + s(jd) + s(v10m) + s(pbl12) + s(nirradiance), data = .) 1245.748

Modello migliore: u10m - jd - v10m - pbl12 - nirradiance 

Variabile scelta u10m con AIC 1164.0465354436  

Modelli BACKWARD 

                                                                               IT1841A
gam(log(value) ~ s(t2m) + s(jd) + s(v10m) + s(pbl12) + s(u10m), data = .)     1192.029
gam(log(value) ~ s(tmin2m) + s(jd) + s(v10m) + s(pbl12) + s(u10m), data = .)  1191.151
gam(log(value) ~ s(tmax2m) + s(jd) + s(v10m) + s(pbl12) + s(u10m), data = .)  1206.360
gam(log(value) ~ s(tp) + s(jd) + s(v10m) + s(pbl12) + s(u10m), data = .)      1241.080
gam(log(value) ~ s(ptp) + s(jd) + s(v10m) + s(pbl12) + s(u10m), data = .)     1254.734
gam(log(value) ~ s(rh) + s(jd) + s(v10m) + s(pbl12) + s(u10m), data = .)      1243.554
gam(log(value) ~ s(sp) + s(jd) + s(v10m) + s(pbl12) + s(u10m), data = .)      1214.842
gam(log(value) ~ s(pbl00) + s(jd) + s(v10m) + s(pbl12) + s(u10m), data = .)   1249.200
gam(log(value) ~ s(pblmin) + s(jd) + s(v10m) + s(pbl12) + s(u10m), data = .)  1247.602
gam(log(value) ~ s(pblmax) + s(jd) + s(v10m) + s(pbl12) + s(u10m), data = .)  1254.860
gam(log(value) ~ s(wdir) + s(jd) + s(v10m) + s(pbl12) + s(u10m), data = .)    1215.425
gam(log(value) ~ s(wspeed) + s(jd) + s(v10m) + s(pbl12) + s(u10m), data = .)  1255.946
gam(log(value) ~ s(pwspeed) + s(jd) + s(v10m) + s(pbl12) + s(u10m), data = .) 1250.899

Modello migliore: tmin2m - jd - v10m - pbl12 - u10m 

Dati backward:  1191.15110651614::tmin2m::jd::v10m::pbl12::u10m 

Scelgo il modello N 

---------- START ---------- 

                                                                                                IT1841A
gam(log(value) ~ s(t2m) + s(jd) + s(v10m) + s(pbl12) + s(nirradiance) + s(u10m), data = .)     1114.974
gam(log(value) ~ s(tmin2m) + s(jd) + s(v10m) + s(pbl12) + s(nirradiance) + s(u10m), data = .)  1105.820
gam(log(value) ~ s(tmax2m) + s(jd) + s(v10m) + s(pbl12) + s(nirradiance) + s(u10m), data = .)  1129.150
gam(log(value) ~ s(tp) + s(jd) + s(v10m) + s(pbl12) + s(nirradiance) + s(u10m), data = .)      1111.552
gam(log(value) ~ s(ptp) + s(jd) + s(v10m) + s(pbl12) + s(nirradiance) + s(u10m), data = .)     1165.916
gam(log(value) ~ s(rh) + s(jd) + s(v10m) + s(pbl12) + s(nirradiance) + s(u10m), data = .)      1151.106
gam(log(value) ~ s(sp) + s(jd) + s(v10m) + s(pbl12) + s(nirradiance) + s(u10m), data = .)      1123.095
gam(log(value) ~ s(pbl00) + s(jd) + s(v10m) + s(pbl12) + s(nirradiance) + s(u10m), data = .)   1155.250
gam(log(value) ~ s(pblmin) + s(jd) + s(v10m) + s(pbl12) + s(nirradiance) + s(u10m), data = .)  1148.303
gam(log(value) ~ s(pblmax) + s(jd) + s(v10m) + s(pbl12) + s(nirradiance) + s(u10m), data = .)  1159.614
gam(log(value) ~ s(wdir) + s(jd) + s(v10m) + s(pbl12) + s(nirradiance) + s(u10m), data = .)    1131.643
gam(log(value) ~ s(wspeed) + s(jd) + s(v10m) + s(pbl12) + s(nirradiance) + s(u10m), data = .)  1165.317
gam(log(value) ~ s(pwspeed) + s(jd) + s(v10m) + s(pbl12) + s(nirradiance) + s(u10m), data = .) 1164.538

Modello migliore: tmin2m - jd - v10m - pbl12 - nirradiance - u10m 

Variabile scelta tmin2m con AIC 1105.81953199643  

Modelli BACKWARD 

                                                                                                  IT1841A
gam(log(value) ~ s(t2m) + s(jd) + s(v10m) + s(pbl12) + s(nirradiance) + s(tmin2m), data = .)     1155.812
gam(log(value) ~ s(tmax2m) + s(jd) + s(v10m) + s(pbl12) + s(nirradiance) + s(tmin2m), data = .)  1151.913
gam(log(value) ~ s(tp) + s(jd) + s(v10m) + s(pbl12) + s(nirradiance) + s(tmin2m), data = .)      1119.194
gam(log(value) ~ s(ptp) + s(jd) + s(v10m) + s(pbl12) + s(nirradiance) + s(tmin2m), data = .)     1178.382
gam(log(value) ~ s(rh) + s(jd) + s(v10m) + s(pbl12) + s(nirradiance) + s(tmin2m), data = .)      1172.900
gam(log(value) ~ s(sp) + s(jd) + s(v10m) + s(pbl12) + s(nirradiance) + s(tmin2m), data = .)      1143.487
gam(log(value) ~ s(pbl00) + s(jd) + s(v10m) + s(pbl12) + s(nirradiance) + s(tmin2m), data = .)   1169.457
gam(log(value) ~ s(pblmin) + s(jd) + s(v10m) + s(pbl12) + s(nirradiance) + s(tmin2m), data = .)  1144.235
gam(log(value) ~ s(pblmax) + s(jd) + s(v10m) + s(pbl12) + s(nirradiance) + s(tmin2m), data = .)  1170.628
gam(log(value) ~ s(wdir) + s(jd) + s(v10m) + s(pbl12) + s(nirradiance) + s(tmin2m), data = .)    1166.331
gam(log(value) ~ s(wspeed) + s(jd) + s(v10m) + s(pbl12) + s(nirradiance) + s(tmin2m), data = .)  1143.242
gam(log(value) ~ s(pwspeed) + s(jd) + s(v10m) + s(pbl12) + s(nirradiance) + s(tmin2m), data = .) 1176.778

Modello migliore: tp - jd - v10m - pbl12 - nirradiance - tmin2m 

Dati backward:  1119.19422321651::tp::jd::v10m::pbl12::nirradiance::tmin2m 

Scelgo il modello N 

---------- START ---------- 

                                                                                                            IT1841A
gam(log(value) ~ s(t2m) + s(jd) + s(v10m) + s(pbl12) + s(nirradiance) + s(u10m) + s(tmin2m), data = .)     1086.262
gam(log(value) ~ s(tmax2m) + s(jd) + s(v10m) + s(pbl12) + s(nirradiance) + s(u10m) + s(tmin2m), data = .)  1080.824
gam(log(value) ~ s(tp) + s(jd) + s(v10m) + s(pbl12) + s(nirradiance) + s(u10m) + s(tmin2m), data = .)      1050.161
gam(log(value) ~ s(ptp) + s(jd) + s(v10m) + s(pbl12) + s(nirradiance) + s(u10m) + s(tmin2m), data = .)     1107.770
gam(log(value) ~ s(rh) + s(jd) + s(v10m) + s(pbl12) + s(nirradiance) + s(u10m) + s(tmin2m), data = .)      1088.738
gam(log(value) ~ s(sp) + s(jd) + s(v10m) + s(pbl12) + s(nirradiance) + s(u10m) + s(tmin2m), data = .)      1070.754
gam(log(value) ~ s(pbl00) + s(jd) + s(v10m) + s(pbl12) + s(nirradiance) + s(u10m) + s(tmin2m), data = .)   1101.447
gam(log(value) ~ s(pblmin) + s(jd) + s(v10m) + s(pbl12) + s(nirradiance) + s(u10m) + s(tmin2m), data = .)  1096.840
gam(log(value) ~ s(pblmax) + s(jd) + s(v10m) + s(pbl12) + s(nirradiance) + s(u10m) + s(tmin2m), data = .)  1098.090
gam(log(value) ~ s(wdir) + s(jd) + s(v10m) + s(pbl12) + s(nirradiance) + s(u10m) + s(tmin2m), data = .)    1076.003
gam(log(value) ~ s(wspeed) + s(jd) + s(v10m) + s(pbl12) + s(nirradiance) + s(u10m) + s(tmin2m), data = .)  1107.028
gam(log(value) ~ s(pwspeed) + s(jd) + s(v10m) + s(pbl12) + s(nirradiance) + s(u10m) + s(tmin2m), data = .) 1107.120

Modello migliore: tp - jd - v10m - pbl12 - nirradiance - u10m - tmin2m 

Variabile scelta tp con AIC 1050.16134129831  

Modelli BACKWARD 

                                                                                                        IT1841A
gam(log(value) ~ s(t2m) + s(jd) + s(v10m) + s(pbl12) + s(nirradiance) + s(u10m) + s(tp), data = .)     1053.313
gam(log(value) ~ s(tmax2m) + s(jd) + s(v10m) + s(pbl12) + s(nirradiance) + s(u10m) + s(tp), data = .)  1067.809
gam(log(value) ~ s(ptp) + s(jd) + s(v10m) + s(pbl12) + s(nirradiance) + s(u10m) + s(tp), data = .)     1108.523
gam(log(value) ~ s(rh) + s(jd) + s(v10m) + s(pbl12) + s(nirradiance) + s(u10m) + s(tp), data = .)      1107.732
gam(log(value) ~ s(sp) + s(jd) + s(v10m) + s(pbl12) + s(nirradiance) + s(u10m) + s(tp), data = .)      1084.549
gam(log(value) ~ s(pbl00) + s(jd) + s(v10m) + s(pbl12) + s(nirradiance) + s(u10m) + s(tp), data = .)   1101.487
gam(log(value) ~ s(pblmin) + s(jd) + s(v10m) + s(pbl12) + s(nirradiance) + s(u10m) + s(tp), data = .)  1101.569
gam(log(value) ~ s(pblmax) + s(jd) + s(v10m) + s(pbl12) + s(nirradiance) + s(u10m) + s(tp), data = .)  1112.222
gam(log(value) ~ s(wdir) + s(jd) + s(v10m) + s(pbl12) + s(nirradiance) + s(u10m) + s(tp), data = .)    1074.915
gam(log(value) ~ s(wspeed) + s(jd) + s(v10m) + s(pbl12) + s(nirradiance) + s(u10m) + s(tp), data = .)  1112.690
gam(log(value) ~ s(pwspeed) + s(jd) + s(v10m) + s(pbl12) + s(nirradiance) + s(u10m) + s(tp), data = .) 1109.167

Modello migliore: t2m - jd - v10m - pbl12 - nirradiance - u10m - tp 

Dati backward:  1053.3132912067::t2m::jd::v10m::pbl12::nirradiance::u10m::tp 

Scelgo il modello N 

---------- START ---------- 

                                                                                                                    IT1841A
gam(log(value) ~ s(t2m) + s(jd) + s(v10m) + s(pbl12) + s(nirradiance) + s(u10m) + s(tmin2m) + s(tp), data = .)     1039.298
gam(log(value) ~ s(tmax2m) + s(jd) + s(v10m) + s(pbl12) + s(nirradiance) + s(u10m) + s(tmin2m) + s(tp), data = .)  1039.558
gam(log(value) ~ s(ptp) + s(jd) + s(v10m) + s(pbl12) + s(nirradiance) + s(u10m) + s(tmin2m) + s(tp), data = .)     1047.790
gam(log(value) ~ s(rh) + s(jd) + s(v10m) + s(pbl12) + s(nirradiance) + s(u10m) + s(tmin2m) + s(tp), data = .)      1045.510
gam(log(value) ~ s(sp) + s(jd) + s(v10m) + s(pbl12) + s(nirradiance) + s(u10m) + s(tmin2m) + s(tp), data = .)      1035.876
gam(log(value) ~ s(pbl00) + s(jd) + s(v10m) + s(pbl12) + s(nirradiance) + s(u10m) + s(tmin2m) + s(tp), data = .)   1043.906
gam(log(value) ~ s(pblmin) + s(jd) + s(v10m) + s(pbl12) + s(nirradiance) + s(u10m) + s(tmin2m) + s(tp), data = .)  1045.253
gam(log(value) ~ s(pblmax) + s(jd) + s(v10m) + s(pbl12) + s(nirradiance) + s(u10m) + s(tmin2m) + s(tp), data = .)  1049.084
gam(log(value) ~ s(wdir) + s(jd) + s(v10m) + s(pbl12) + s(nirradiance) + s(u10m) + s(tmin2m) + s(tp), data = .)    1017.351
gam(log(value) ~ s(wspeed) + s(jd) + s(v10m) + s(pbl12) + s(nirradiance) + s(u10m) + s(tmin2m) + s(tp), data = .)  1051.232
gam(log(value) ~ s(pwspeed) + s(jd) + s(v10m) + s(pbl12) + s(nirradiance) + s(u10m) + s(tmin2m) + s(tp), data = .) 1049.505

Modello migliore: wdir - jd - v10m - pbl12 - nirradiance - u10m - tmin2m - tp 

Variabile scelta wdir con AIC 1017.35111962853  

Modelli BACKWARD 

                                                                                                                      IT1841A
gam(log(value) ~ s(t2m) + s(jd) + s(v10m) + s(pbl12) + s(nirradiance) + s(u10m) + s(tmin2m) + s(wdir), data = .)     1058.118
gam(log(value) ~ s(tmax2m) + s(jd) + s(v10m) + s(pbl12) + s(nirradiance) + s(u10m) + s(tmin2m) + s(wdir), data = .)  1055.370
gam(log(value) ~ s(ptp) + s(jd) + s(v10m) + s(pbl12) + s(nirradiance) + s(u10m) + s(tmin2m) + s(wdir), data = .)     1077.902
gam(log(value) ~ s(rh) + s(jd) + s(v10m) + s(pbl12) + s(nirradiance) + s(u10m) + s(tmin2m) + s(wdir), data = .)      1057.709
gam(log(value) ~ s(sp) + s(jd) + s(v10m) + s(pbl12) + s(nirradiance) + s(u10m) + s(tmin2m) + s(wdir), data = .)      1045.350
gam(log(value) ~ s(pbl00) + s(jd) + s(v10m) + s(pbl12) + s(nirradiance) + s(u10m) + s(tmin2m) + s(wdir), data = .)   1072.188
gam(log(value) ~ s(pblmin) + s(jd) + s(v10m) + s(pbl12) + s(nirradiance) + s(u10m) + s(tmin2m) + s(wdir), data = .)  1068.667
gam(log(value) ~ s(pblmax) + s(jd) + s(v10m) + s(pbl12) + s(nirradiance) + s(u10m) + s(tmin2m) + s(wdir), data = .)  1067.094
gam(log(value) ~ s(wspeed) + s(jd) + s(v10m) + s(pbl12) + s(nirradiance) + s(u10m) + s(tmin2m) + s(wdir), data = .)  1077.518
gam(log(value) ~ s(pwspeed) + s(jd) + s(v10m) + s(pbl12) + s(nirradiance) + s(u10m) + s(tmin2m) + s(wdir), data = .) 1076.863

Modello migliore: sp - jd - v10m - pbl12 - nirradiance - u10m - tmin2m - wdir 

Dati backward:  1045.35023892588::sp::jd::v10m::pbl12::nirradiance::u10m::tmin2m::wdir 

Scelgo il modello N 

---------- START ---------- 

                                                                                                                              IT1841A
gam(log(value) ~ s(t2m) + s(jd) + s(v10m) + s(pbl12) + s(nirradiance) + s(u10m) + s(tmin2m) + s(tp) + s(wdir), data = .)     1007.124
gam(log(value) ~ s(tmax2m) + s(jd) + s(v10m) + s(pbl12) + s(nirradiance) + s(u10m) + s(tmin2m) + s(tp) + s(wdir), data = .)  1008.407
gam(log(value) ~ s(ptp) + s(jd) + s(v10m) + s(pbl12) + s(nirradiance) + s(u10m) + s(tmin2m) + s(tp) + s(wdir), data = .)     1014.060
gam(log(value) ~ s(rh) + s(jd) + s(v10m) + s(pbl12) + s(nirradiance) + s(u10m) + s(tmin2m) + s(tp) + s(wdir), data = .)      1012.483
gam(log(value) ~ s(sp) + s(jd) + s(v10m) + s(pbl12) + s(nirradiance) + s(u10m) + s(tmin2m) + s(tp) + s(wdir), data = .)      1007.080
gam(log(value) ~ s(pbl00) + s(jd) + s(v10m) + s(pbl12) + s(nirradiance) + s(u10m) + s(tmin2m) + s(tp) + s(wdir), data = .)   1010.910
gam(log(value) ~ s(pblmin) + s(jd) + s(v10m) + s(pbl12) + s(nirradiance) + s(u10m) + s(tmin2m) + s(tp) + s(wdir), data = .)  1014.390
gam(log(value) ~ s(pblmax) + s(jd) + s(v10m) + s(pbl12) + s(nirradiance) + s(u10m) + s(tmin2m) + s(tp) + s(wdir), data = .)  1015.859
gam(log(value) ~ s(wspeed) + s(jd) + s(v10m) + s(pbl12) + s(nirradiance) + s(u10m) + s(tmin2m) + s(tp) + s(wdir), data = .)  1018.144
gam(log(value) ~ s(pwspeed) + s(jd) + s(v10m) + s(pbl12) + s(nirradiance) + s(u10m) + s(tmin2m) + s(tp) + s(wdir), data = .) 1015.846

Modello migliore: sp - jd - v10m - pbl12 - nirradiance - u10m - tmin2m - tp - wdir 

Variabile scelta sp con AIC 1007.07960135602  

Modelli BACKWARD 

                                                                                                                            IT1841A
gam(log(value) ~ s(t2m) + s(jd) + s(v10m) + s(pbl12) + s(nirradiance) + s(u10m) + s(tmin2m) + s(tp) + s(sp), data = .)     1024.615
gam(log(value) ~ s(tmax2m) + s(jd) + s(v10m) + s(pbl12) + s(nirradiance) + s(u10m) + s(tmin2m) + s(tp) + s(sp), data = .)  1025.120
gam(log(value) ~ s(ptp) + s(jd) + s(v10m) + s(pbl12) + s(nirradiance) + s(u10m) + s(tmin2m) + s(tp) + s(sp), data = .)     1029.688
gam(log(value) ~ s(rh) + s(jd) + s(v10m) + s(pbl12) + s(nirradiance) + s(u10m) + s(tmin2m) + s(tp) + s(sp), data = .)      1033.030
gam(log(value) ~ s(pbl00) + s(jd) + s(v10m) + s(pbl12) + s(nirradiance) + s(u10m) + s(tmin2m) + s(tp) + s(sp), data = .)   1030.925
gam(log(value) ~ s(pblmin) + s(jd) + s(v10m) + s(pbl12) + s(nirradiance) + s(u10m) + s(tmin2m) + s(tp) + s(sp), data = .)  1032.538
gam(log(value) ~ s(pblmax) + s(jd) + s(v10m) + s(pbl12) + s(nirradiance) + s(u10m) + s(tmin2m) + s(tp) + s(sp), data = .)  1035.621
gam(log(value) ~ s(wspeed) + s(jd) + s(v10m) + s(pbl12) + s(nirradiance) + s(u10m) + s(tmin2m) + s(tp) + s(sp), data = .)  1037.143
gam(log(value) ~ s(pwspeed) + s(jd) + s(v10m) + s(pbl12) + s(nirradiance) + s(u10m) + s(tmin2m) + s(tp) + s(sp), data = .) 1033.548

Modello migliore: t2m - jd - v10m - pbl12 - nirradiance - u10m - tmin2m - tp - sp 

Dati backward:  1024.6153049473::t2m::jd::v10m::pbl12::nirradiance::u10m::tmin2m::tp::sp 

Scelgo il modello N 

---------- START ---------- 

                                                                                                                                       IT1841A
gam(log(value) ~ s(t2m) + s(jd) + s(v10m) + s(pbl12) + s(nirradiance) + s(u10m) + s(tmin2m) + s(tp) + s(wdir) + s(sp), data = .)      996.2325
gam(log(value) ~ s(tmax2m) + s(jd) + s(v10m) + s(pbl12) + s(nirradiance) + s(u10m) + s(tmin2m) + s(tp) + s(wdir) + s(sp), data = .)   997.8426
gam(log(value) ~ s(ptp) + s(jd) + s(v10m) + s(pbl12) + s(nirradiance) + s(u10m) + s(tmin2m) + s(tp) + s(wdir) + s(sp), data = .)     1000.2360
gam(log(value) ~ s(rh) + s(jd) + s(v10m) + s(pbl12) + s(nirradiance) + s(u10m) + s(tmin2m) + s(tp) + s(wdir) + s(sp), data = .)      1003.9149
gam(log(value) ~ s(pbl00) + s(jd) + s(v10m) + s(pbl12) + s(nirradiance) + s(u10m) + s(tmin2m) + s(tp) + s(wdir) + s(sp), data = .)   1001.0106
gam(log(value) ~ s(pblmin) + s(jd) + s(v10m) + s(pbl12) + s(nirradiance) + s(u10m) + s(tmin2m) + s(tp) + s(wdir) + s(sp), data = .)  1005.3425
gam(log(value) ~ s(pblmax) + s(jd) + s(v10m) + s(pbl12) + s(nirradiance) + s(u10m) + s(tmin2m) + s(tp) + s(wdir) + s(sp), data = .)  1006.3090
gam(log(value) ~ s(wspeed) + s(jd) + s(v10m) + s(pbl12) + s(nirradiance) + s(u10m) + s(tmin2m) + s(tp) + s(wdir) + s(sp), data = .)  1007.8069
gam(log(value) ~ s(pwspeed) + s(jd) + s(v10m) + s(pbl12) + s(nirradiance) + s(u10m) + s(tmin2m) + s(tp) + s(wdir) + s(sp), data = .) 1003.7571

Modello migliore: t2m - jd - v10m - pbl12 - nirradiance - u10m - tmin2m - tp - wdir - sp 

Variabile scelta t2m con AIC 996.232523509972  

Modelli BACKWARD 

                                                                                                                                       IT1841A
gam(log(value) ~ s(tmax2m) + s(jd) + s(v10m) + s(pbl12) + s(nirradiance) + s(u10m) + s(tmin2m) + s(tp) + s(wdir) + s(t2m), data = .)  1003.989
gam(log(value) ~ s(ptp) + s(jd) + s(v10m) + s(pbl12) + s(nirradiance) + s(u10m) + s(tmin2m) + s(tp) + s(wdir) + s(t2m), data = .)     1003.692
gam(log(value) ~ s(rh) + s(jd) + s(v10m) + s(pbl12) + s(nirradiance) + s(u10m) + s(tmin2m) + s(tp) + s(wdir) + s(t2m), data = .)      1006.757
gam(log(value) ~ s(pbl00) + s(jd) + s(v10m) + s(pbl12) + s(nirradiance) + s(u10m) + s(tmin2m) + s(tp) + s(wdir) + s(t2m), data = .)   1001.589
gam(log(value) ~ s(pblmin) + s(jd) + s(v10m) + s(pbl12) + s(nirradiance) + s(u10m) + s(tmin2m) + s(tp) + s(wdir) + s(t2m), data = .)  1005.930
gam(log(value) ~ s(pblmax) + s(jd) + s(v10m) + s(pbl12) + s(nirradiance) + s(u10m) + s(tmin2m) + s(tp) + s(wdir) + s(t2m), data = .)  1005.307
gam(log(value) ~ s(wspeed) + s(jd) + s(v10m) + s(pbl12) + s(nirradiance) + s(u10m) + s(tmin2m) + s(tp) + s(wdir) + s(t2m), data = .)  1007.966
gam(log(value) ~ s(pwspeed) + s(jd) + s(v10m) + s(pbl12) + s(nirradiance) + s(u10m) + s(tmin2m) + s(tp) + s(wdir) + s(t2m), data = .) 1003.361

Modello migliore: pbl00 - jd - v10m - pbl12 - nirradiance - u10m - tmin2m - tp - wdir - t2m 

Dati backward:  1001.58879879974::pbl00::jd::v10m::pbl12::nirradiance::u10m::tmin2m::tp::wdir::t2m 

Scelgo il modello N-1 

---------- START ---------- 

                                                                                                                                       IT1841A
gam(log(value) ~ s(tmax2m) + s(jd) + s(v10m) + s(pbl12) + s(nirradiance) + s(u10m) + s(tmin2m) + s(tp) + s(wdir) + s(sp), data = .)   997.8426
gam(log(value) ~ s(ptp) + s(jd) + s(v10m) + s(pbl12) + s(nirradiance) + s(u10m) + s(tmin2m) + s(tp) + s(wdir) + s(sp), data = .)     1000.2360
gam(log(value) ~ s(rh) + s(jd) + s(v10m) + s(pbl12) + s(nirradiance) + s(u10m) + s(tmin2m) + s(tp) + s(wdir) + s(sp), data = .)      1003.9149
gam(log(value) ~ s(pbl00) + s(jd) + s(v10m) + s(pbl12) + s(nirradiance) + s(u10m) + s(tmin2m) + s(tp) + s(wdir) + s(sp), data = .)   1001.0106
gam(log(value) ~ s(pblmin) + s(jd) + s(v10m) + s(pbl12) + s(nirradiance) + s(u10m) + s(tmin2m) + s(tp) + s(wdir) + s(sp), data = .)  1005.3425
gam(log(value) ~ s(pblmax) + s(jd) + s(v10m) + s(pbl12) + s(nirradiance) + s(u10m) + s(tmin2m) + s(tp) + s(wdir) + s(sp), data = .)  1006.3090
gam(log(value) ~ s(wspeed) + s(jd) + s(v10m) + s(pbl12) + s(nirradiance) + s(u10m) + s(tmin2m) + s(tp) + s(wdir) + s(sp), data = .)  1007.8069
gam(log(value) ~ s(pwspeed) + s(jd) + s(v10m) + s(pbl12) + s(nirradiance) + s(u10m) + s(tmin2m) + s(tp) + s(wdir) + s(sp), data = .) 1003.7571

Modello migliore: tmax2m - jd - v10m - pbl12 - nirradiance - u10m - tmin2m - tp - wdir - sp 

Variabile scelta tmax2m con AIC 997.842607002333  

Fine per scelta MODELLO 

jd + v10m + pbl12 + nirradiance + u10m + tmin2m + tp + wdir + sp 

---------------------- 

NOTE: Log Print Time:  2021-05-11 13:55:13 
NOTE: Elapsed Time in seconds: 2.46915485461553 

Fine per scelta MODELLO 

jd + v10m + pbl12 + nirradiance + u10m + tmin2m + tp + wdir + sp 

---------------------- 

NOTE: Log Print Time:  2021-05-11 13:55:13 
NOTE: Elapsed Time in seconds: 0.00107240676879883 

Fine per scelta MODELLO 

jd + v10m + pbl12 + nirradiance + u10m + tmin2m + tp + wdir + sp 

---------------------- 

NOTE: Log Print Time:  2021-05-11 13:55:13 
NOTE: Elapsed Time in seconds: 0.000994682312011719 

Fine per scelta MODELLO 

jd + v10m + pbl12 + nirradiance + u10m + tmin2m + tp + wdir + sp 

---------------------- 

NOTE: Log Print Time:  2021-05-11 13:55:13 
NOTE: Elapsed Time in seconds: 0.00098109245300293 

Fine per scelta MODELLO 

jd + v10m + pbl12 + nirradiance + u10m + tmin2m + tp + wdir + sp 

---------------------- 

NOTE: Log Print Time:  2021-05-11 13:55:13 
NOTE: Elapsed Time in seconds: 0.000971317291259766 

Fine per scelta MODELLO 

jd + v10m + pbl12 + nirradiance + u10m + tmin2m + tp + wdir + sp 

---------------------- 

NOTE: Log Print Time:  2021-05-11 13:55:13 
NOTE: Elapsed Time in seconds: 0.000981330871582031 

Fine per scelta MODELLO 

jd + v10m + pbl12 + nirradiance + u10m + tmin2m + tp + wdir + sp 

---------------------- 

NOTE: Log Print Time:  2021-05-11 13:55:13 
NOTE: Elapsed Time in seconds: 0.00102138519287109 

Fine per scelta MODELLO 

jd + v10m + pbl12 + nirradiance + u10m + tmin2m + tp + wdir + sp 

---------------------- 

NOTE: Log Print Time:  2021-05-11 13:55:13 
NOTE: Elapsed Time in seconds: 0.000977516174316406 

Fine per scelta MODELLO 

jd + v10m + pbl12 + nirradiance + u10m + tmin2m + tp + wdir + sp 

---------------------- 

NOTE: Log Print Time:  2021-05-11 13:55:14 
NOTE: Elapsed Time in seconds: 0.00098109245300293 

Fine per scelta MODELLO 

jd + v10m + pbl12 + nirradiance + u10m + tmin2m + tp + wdir + sp 

---------------------- 

NOTE: Log Print Time:  2021-05-11 13:55:14 
NOTE: Elapsed Time in seconds: 0.000969648361206055 

========================================================================= 
Log End Time: 2021-05-11 13:55:14 
Log Elapsed Time: 0 00:00:02 
========================================================================= 
