========================================================================= 
Log Path: output/12/nox/log/pulvirus_nox_12_IT1200A.log 
Working Directory: /home/rmorelli/R/pulvirus/analisi/GAM/scelta 
User Name: rmorelli 
R Version: 4.0.5 (2021-03-31) 
Machine: pasqualino x86_64 
Operating System: Linux 4.19.0-13-amd64 #1 SMP Debian 4.19.160-2 (2020-11-28) 
Log Start Time: 2021-05-11 14:29:08 
========================================================================= 

Stazione: IT1200A 

---------- START ---------- 

                                            IT1200A
gam(log(value) ~ s(t2m), data = .)         2704.623
gam(log(value) ~ s(tmin2m), data = .)      2748.679
gam(log(value) ~ s(tmax2m), data = .)      2803.205
gam(log(value) ~ s(tp), data = .)          3374.665
gam(log(value) ~ s(ptp), data = .)         3396.428
gam(log(value) ~ s(rh), data = .)          3232.983
gam(log(value) ~ s(u10m), data = .)        3209.636
gam(log(value) ~ s(v10m), data = .)        3058.424
gam(log(value) ~ s(sp), data = .)          3004.427
gam(log(value) ~ s(nirradiance), data = .) 2644.337
gam(log(value) ~ s(pbl00), data = .)       3360.973
gam(log(value) ~ s(pbl12), data = .)       2788.436
gam(log(value) ~ s(pblmin), data = .)      3333.272
gam(log(value) ~ s(pblmax), data = .)      2885.538
gam(log(value) ~ s(wdir), data = .)        2952.205
gam(log(value) ~ s(wspeed), data = .)      3340.297
gam(log(value) ~ s(pwspeed), data = .)     3334.930
gam(log(value) ~ s(jd), data = .)          2342.296

Modello migliore: jd 

Variabile scelta jd con AIC 2342.29644559448  

---------- START ---------- 

                                                    IT1200A
gam(log(value) ~ s(t2m) + s(jd), data = .)         2215.518
gam(log(value) ~ s(tmin2m) + s(jd), data = .)      2201.001
gam(log(value) ~ s(tmax2m) + s(jd), data = .)      2243.023
gam(log(value) ~ s(tp) + s(jd), data = .)          2174.169
gam(log(value) ~ s(ptp) + s(jd), data = .)         2235.253
gam(log(value) ~ s(rh) + s(jd), data = .)          2309.730
gam(log(value) ~ s(u10m) + s(jd), data = .)        2239.428
gam(log(value) ~ s(v10m) + s(jd), data = .)        2057.661
gam(log(value) ~ s(sp) + s(jd), data = .)          2070.763
gam(log(value) ~ s(nirradiance) + s(jd), data = .) 2252.435
gam(log(value) ~ s(pbl00) + s(jd), data = .)       2067.193
gam(log(value) ~ s(pbl12) + s(jd), data = .)       2174.280
gam(log(value) ~ s(pblmin) + s(jd), data = .)      2049.984
gam(log(value) ~ s(pblmax) + s(jd), data = .)      2185.851
gam(log(value) ~ s(wdir) + s(jd), data = .)        2161.651
gam(log(value) ~ s(wspeed) + s(jd), data = .)      2165.952
gam(log(value) ~ s(pwspeed) + s(jd), data = .)     2281.660
gam(log(value) ~ s(jd) + s(jd), data = .)          2342.296

Modello migliore: pblmin - jd 

Variabile scelta pblmin con AIC 2049.984010317  

Modelli BACKWARD 

                                                        IT1200A
gam(log(value) ~ s(t2m) + s(pblmin), data = .)         2554.235
gam(log(value) ~ s(tmin2m) + s(pblmin), data = .)      2663.678
gam(log(value) ~ s(tmax2m) + s(pblmin), data = .)      2589.557
gam(log(value) ~ s(tp) + s(pblmin), data = .)          3325.284
gam(log(value) ~ s(ptp) + s(pblmin), data = .)         3331.544
gam(log(value) ~ s(rh) + s(pblmin), data = .)          3090.560
gam(log(value) ~ s(u10m) + s(pblmin), data = .)        3075.252
gam(log(value) ~ s(v10m) + s(pblmin), data = .)        3005.190
gam(log(value) ~ s(sp) + s(pblmin), data = .)          2959.457
gam(log(value) ~ s(nirradiance) + s(pblmin), data = .) 2258.504
gam(log(value) ~ s(pbl00) + s(pblmin), data = .)       3330.705
gam(log(value) ~ s(pbl12) + s(pblmin), data = .)       2677.151
gam(log(value) ~ s(pblmax) + s(pblmin), data = .)      2791.802
gam(log(value) ~ s(wdir) + s(pblmin), data = .)        2859.331
gam(log(value) ~ s(wspeed) + s(pblmin), data = .)      3227.650
gam(log(value) ~ s(pwspeed) + s(pblmin), data = .)     3216.074

Modello migliore: nirradiance - pblmin 

Dati backward:  2258.50371966087::nirradiance::pblmin 

Scelgo il modello N 

---------- START ---------- 

                                                                IT1200A
gam(log(value) ~ s(t2m) + s(jd) + s(pblmin), data = .)         1947.111
gam(log(value) ~ s(tmin2m) + s(jd) + s(pblmin), data = .)      1961.459
gam(log(value) ~ s(tmax2m) + s(jd) + s(pblmin), data = .)      1953.440
gam(log(value) ~ s(tp) + s(jd) + s(pblmin), data = .)          2011.574
gam(log(value) ~ s(ptp) + s(jd) + s(pblmin), data = .)         2013.323
gam(log(value) ~ s(rh) + s(jd) + s(pblmin), data = .)          2040.954
gam(log(value) ~ s(u10m) + s(jd) + s(pblmin), data = .)        1955.502
gam(log(value) ~ s(v10m) + s(jd) + s(pblmin), data = .)        1907.131
gam(log(value) ~ s(sp) + s(jd) + s(pblmin), data = .)          1897.937
gam(log(value) ~ s(nirradiance) + s(jd) + s(pblmin), data = .) 1855.266
gam(log(value) ~ s(pbl00) + s(jd) + s(pblmin), data = .)       1994.292
gam(log(value) ~ s(pbl12) + s(jd) + s(pblmin), data = .)       1888.012
gam(log(value) ~ s(pblmax) + s(jd) + s(pblmin), data = .)      1902.354
gam(log(value) ~ s(wdir) + s(jd) + s(pblmin), data = .)        1897.296
gam(log(value) ~ s(wspeed) + s(jd) + s(pblmin), data = .)      2012.135
gam(log(value) ~ s(pwspeed) + s(jd) + s(pblmin), data = .)     2016.275

Modello migliore: nirradiance - jd - pblmin 

Variabile scelta nirradiance con AIC 1855.26566063166  

Modelli BACKWARD 

                                                                 IT1200A
gam(log(value) ~ s(t2m) + s(jd) + s(nirradiance), data = .)     2151.509
gam(log(value) ~ s(tmin2m) + s(jd) + s(nirradiance), data = .)  2114.978
gam(log(value) ~ s(tmax2m) + s(jd) + s(nirradiance), data = .)  2154.831
gam(log(value) ~ s(tp) + s(jd) + s(nirradiance), data = .)      1880.109
gam(log(value) ~ s(ptp) + s(jd) + s(nirradiance), data = .)     2121.625
gam(log(value) ~ s(rh) + s(jd) + s(nirradiance), data = .)      2190.241
gam(log(value) ~ s(u10m) + s(jd) + s(nirradiance), data = .)    2142.551
gam(log(value) ~ s(v10m) + s(jd) + s(nirradiance), data = .)    1926.811
gam(log(value) ~ s(sp) + s(jd) + s(nirradiance), data = .)      1913.054
gam(log(value) ~ s(pbl00) + s(jd) + s(nirradiance), data = .)   1898.086
gam(log(value) ~ s(pbl12) + s(jd) + s(nirradiance), data = .)   2098.653
gam(log(value) ~ s(pblmax) + s(jd) + s(nirradiance), data = .)  2089.365
gam(log(value) ~ s(wdir) + s(jd) + s(nirradiance), data = .)    2081.402
gam(log(value) ~ s(wspeed) + s(jd) + s(nirradiance), data = .)  2049.430
gam(log(value) ~ s(pwspeed) + s(jd) + s(nirradiance), data = .) 2187.268

Modello migliore: tp - jd - nirradiance 

Dati backward:  1880.10877458302::tp::jd::nirradiance 

Scelgo il modello N 

---------- START ---------- 

                                                                             IT1200A
gam(log(value) ~ s(t2m) + s(jd) + s(pblmin) + s(nirradiance), data = .)     1791.594
gam(log(value) ~ s(tmin2m) + s(jd) + s(pblmin) + s(nirradiance), data = .)  1763.984
gam(log(value) ~ s(tmax2m) + s(jd) + s(pblmin) + s(nirradiance), data = .)  1797.008
gam(log(value) ~ s(tp) + s(jd) + s(pblmin) + s(nirradiance), data = .)      1626.718
gam(log(value) ~ s(ptp) + s(jd) + s(pblmin) + s(nirradiance), data = .)     1791.797
gam(log(value) ~ s(rh) + s(jd) + s(pblmin) + s(nirradiance), data = .)      1780.100
gam(log(value) ~ s(u10m) + s(jd) + s(pblmin) + s(nirradiance), data = .)    1780.693
gam(log(value) ~ s(v10m) + s(jd) + s(pblmin) + s(nirradiance), data = .)    1684.579
gam(log(value) ~ s(sp) + s(jd) + s(pblmin) + s(nirradiance), data = .)      1619.202
gam(log(value) ~ s(pbl00) + s(jd) + s(pblmin) + s(nirradiance), data = .)   1771.460
gam(log(value) ~ s(pbl12) + s(jd) + s(pblmin) + s(nirradiance), data = .)   1798.013
gam(log(value) ~ s(pblmax) + s(jd) + s(pblmin) + s(nirradiance), data = .)  1780.291
gam(log(value) ~ s(wdir) + s(jd) + s(pblmin) + s(nirradiance), data = .)    1713.026
gam(log(value) ~ s(wspeed) + s(jd) + s(pblmin) + s(nirradiance), data = .)  1840.158
gam(log(value) ~ s(pwspeed) + s(jd) + s(pblmin) + s(nirradiance), data = .) 1835.229

Modello migliore: sp - jd - pblmin - nirradiance 

Variabile scelta sp con AIC 1619.20208482518  

Modelli BACKWARD 

                                                                    IT1200A
gam(log(value) ~ s(t2m) + s(jd) + s(pblmin) + s(sp), data = .)     1795.545
gam(log(value) ~ s(tmin2m) + s(jd) + s(pblmin) + s(sp), data = .)  1844.925
gam(log(value) ~ s(tmax2m) + s(jd) + s(pblmin) + s(sp), data = .)  1760.265
gam(log(value) ~ s(tp) + s(jd) + s(pblmin) + s(sp), data = .)      1890.402
gam(log(value) ~ s(ptp) + s(jd) + s(pblmin) + s(sp), data = .)     1894.659
gam(log(value) ~ s(rh) + s(jd) + s(pblmin) + s(sp), data = .)      1855.913
gam(log(value) ~ s(u10m) + s(jd) + s(pblmin) + s(sp), data = .)    1802.563
gam(log(value) ~ s(v10m) + s(jd) + s(pblmin) + s(sp), data = .)    1804.742
gam(log(value) ~ s(pbl00) + s(jd) + s(pblmin) + s(sp), data = .)   1873.979
gam(log(value) ~ s(pbl12) + s(jd) + s(pblmin) + s(sp), data = .)   1741.882
gam(log(value) ~ s(pblmax) + s(jd) + s(pblmin) + s(sp), data = .)  1762.382
gam(log(value) ~ s(wdir) + s(jd) + s(pblmin) + s(sp), data = .)    1782.495
gam(log(value) ~ s(wspeed) + s(jd) + s(pblmin) + s(sp), data = .)  1865.381
gam(log(value) ~ s(pwspeed) + s(jd) + s(pblmin) + s(sp), data = .) 1866.528

Modello migliore: pbl12 - jd - pblmin - sp 

Dati backward:  1741.88179018437::pbl12::jd::pblmin::sp 

Scelgo il modello N 

---------- START ---------- 

                                                                                     IT1200A
gam(log(value) ~ s(t2m) + s(jd) + s(pblmin) + s(nirradiance) + s(sp), data = .)     1551.388
gam(log(value) ~ s(tmin2m) + s(jd) + s(pblmin) + s(nirradiance) + s(sp), data = .)  1547.562
gam(log(value) ~ s(tmax2m) + s(jd) + s(pblmin) + s(nirradiance) + s(sp), data = .)  1545.886
gam(log(value) ~ s(tp) + s(jd) + s(pblmin) + s(nirradiance) + s(sp), data = .)      1481.673
gam(log(value) ~ s(ptp) + s(jd) + s(pblmin) + s(nirradiance) + s(sp), data = .)     1612.784
gam(log(value) ~ s(rh) + s(jd) + s(pblmin) + s(nirradiance) + s(sp), data = .)      1573.642
gam(log(value) ~ s(u10m) + s(jd) + s(pblmin) + s(nirradiance) + s(sp), data = .)    1561.363
gam(log(value) ~ s(v10m) + s(jd) + s(pblmin) + s(nirradiance) + s(sp), data = .)    1503.014
gam(log(value) ~ s(pbl00) + s(jd) + s(pblmin) + s(nirradiance) + s(sp), data = .)   1583.464
gam(log(value) ~ s(pbl12) + s(jd) + s(pblmin) + s(nirradiance) + s(sp), data = .)   1596.586
gam(log(value) ~ s(pblmax) + s(jd) + s(pblmin) + s(nirradiance) + s(sp), data = .)  1590.345
gam(log(value) ~ s(wdir) + s(jd) + s(pblmin) + s(nirradiance) + s(sp), data = .)    1533.175
gam(log(value) ~ s(wspeed) + s(jd) + s(pblmin) + s(nirradiance) + s(sp), data = .)  1608.062
gam(log(value) ~ s(pwspeed) + s(jd) + s(pblmin) + s(nirradiance) + s(sp), data = .) 1601.695

Modello migliore: tp - jd - pblmin - nirradiance - sp 

Variabile scelta tp con AIC 1481.67320246303  

Modelli BACKWARD 

                                                                                     IT1200A
gam(log(value) ~ s(t2m) + s(jd) + s(pblmin) + s(nirradiance) + s(tp), data = .)     1562.469
gam(log(value) ~ s(tmin2m) + s(jd) + s(pblmin) + s(nirradiance) + s(tp), data = .)  1548.847
gam(log(value) ~ s(tmax2m) + s(jd) + s(pblmin) + s(nirradiance) + s(tp), data = .)  1548.535
gam(log(value) ~ s(ptp) + s(jd) + s(pblmin) + s(nirradiance) + s(tp), data = .)     1611.546
gam(log(value) ~ s(rh) + s(jd) + s(pblmin) + s(nirradiance) + s(tp), data = .)      1619.424
gam(log(value) ~ s(u10m) + s(jd) + s(pblmin) + s(nirradiance) + s(tp), data = .)    1566.547
gam(log(value) ~ s(v10m) + s(jd) + s(pblmin) + s(nirradiance) + s(tp), data = .)    1511.018
gam(log(value) ~ s(pbl00) + s(jd) + s(pblmin) + s(nirradiance) + s(tp), data = .)   1584.174
gam(log(value) ~ s(pbl12) + s(jd) + s(pblmin) + s(nirradiance) + s(tp), data = .)   1583.833
gam(log(value) ~ s(pblmax) + s(jd) + s(pblmin) + s(nirradiance) + s(tp), data = .)  1590.399
gam(log(value) ~ s(wdir) + s(jd) + s(pblmin) + s(nirradiance) + s(tp), data = .)    1544.670
gam(log(value) ~ s(wspeed) + s(jd) + s(pblmin) + s(nirradiance) + s(tp), data = .)  1599.829
gam(log(value) ~ s(pwspeed) + s(jd) + s(pblmin) + s(nirradiance) + s(tp), data = .) 1612.753

Modello migliore: v10m - jd - pblmin - nirradiance - tp 

Dati backward:  1511.01814557017::v10m::jd::pblmin::nirradiance::tp 

Scelgo il modello N 

---------- START ---------- 

                                                                                             IT1200A
gam(log(value) ~ s(t2m) + s(jd) + s(pblmin) + s(nirradiance) + s(sp) + s(tp), data = .)     1420.842
gam(log(value) ~ s(tmin2m) + s(jd) + s(pblmin) + s(nirradiance) + s(sp) + s(tp), data = .)  1426.461
gam(log(value) ~ s(tmax2m) + s(jd) + s(pblmin) + s(nirradiance) + s(sp) + s(tp), data = .)  1401.371
gam(log(value) ~ s(ptp) + s(jd) + s(pblmin) + s(nirradiance) + s(sp) + s(tp), data = .)     1481.917
gam(log(value) ~ s(rh) + s(jd) + s(pblmin) + s(nirradiance) + s(sp) + s(tp), data = .)      1472.702
gam(log(value) ~ s(u10m) + s(jd) + s(pblmin) + s(nirradiance) + s(sp) + s(tp), data = .)    1431.023
gam(log(value) ~ s(v10m) + s(jd) + s(pblmin) + s(nirradiance) + s(sp) + s(tp), data = .)    1400.140
gam(log(value) ~ s(pbl00) + s(jd) + s(pblmin) + s(nirradiance) + s(sp) + s(tp), data = .)   1462.510
gam(log(value) ~ s(pbl12) + s(jd) + s(pblmin) + s(nirradiance) + s(sp) + s(tp), data = .)   1462.550
gam(log(value) ~ s(pblmax) + s(jd) + s(pblmin) + s(nirradiance) + s(sp) + s(tp), data = .)  1469.070
gam(log(value) ~ s(wdir) + s(jd) + s(pblmin) + s(nirradiance) + s(sp) + s(tp), data = .)    1426.949
gam(log(value) ~ s(wspeed) + s(jd) + s(pblmin) + s(nirradiance) + s(sp) + s(tp), data = .)  1462.530
gam(log(value) ~ s(pwspeed) + s(jd) + s(pblmin) + s(nirradiance) + s(sp) + s(tp), data = .) 1469.343

Modello migliore: v10m - jd - pblmin - nirradiance - sp - tp 

Variabile scelta v10m con AIC 1400.13989254226  

Modelli BACKWARD 

                                                                                               IT1200A
gam(log(value) ~ s(t2m) + s(jd) + s(pblmin) + s(nirradiance) + s(sp) + s(v10m), data = .)     1450.725
gam(log(value) ~ s(tmin2m) + s(jd) + s(pblmin) + s(nirradiance) + s(sp) + s(v10m), data = .)  1447.072
gam(log(value) ~ s(tmax2m) + s(jd) + s(pblmin) + s(nirradiance) + s(sp) + s(v10m), data = .)  1444.028
gam(log(value) ~ s(ptp) + s(jd) + s(pblmin) + s(nirradiance) + s(sp) + s(v10m), data = .)     1495.585
gam(log(value) ~ s(rh) + s(jd) + s(pblmin) + s(nirradiance) + s(sp) + s(v10m), data = .)      1479.432
gam(log(value) ~ s(u10m) + s(jd) + s(pblmin) + s(nirradiance) + s(sp) + s(v10m), data = .)    1445.910
gam(log(value) ~ s(pbl00) + s(jd) + s(pblmin) + s(nirradiance) + s(sp) + s(v10m), data = .)   1471.616
gam(log(value) ~ s(pbl12) + s(jd) + s(pblmin) + s(nirradiance) + s(sp) + s(v10m), data = .)   1491.218
gam(log(value) ~ s(pblmax) + s(jd) + s(pblmin) + s(nirradiance) + s(sp) + s(v10m), data = .)  1488.242
gam(log(value) ~ s(wdir) + s(jd) + s(pblmin) + s(nirradiance) + s(sp) + s(v10m), data = .)    1461.300
gam(log(value) ~ s(wspeed) + s(jd) + s(pblmin) + s(nirradiance) + s(sp) + s(v10m), data = .)  1478.562
gam(log(value) ~ s(pwspeed) + s(jd) + s(pblmin) + s(nirradiance) + s(sp) + s(v10m), data = .) 1493.961

Modello migliore: tmax2m - jd - pblmin - nirradiance - sp - v10m 

Dati backward:  1444.02828803031::tmax2m::jd::pblmin::nirradiance::sp::v10m 

Scelgo il modello N 

---------- START ---------- 

                                                                                                       IT1200A
gam(log(value) ~ s(t2m) + s(jd) + s(pblmin) + s(nirradiance) + s(sp) + s(tp) + s(v10m), data = .)     1344.656
gam(log(value) ~ s(tmin2m) + s(jd) + s(pblmin) + s(nirradiance) + s(sp) + s(tp) + s(v10m), data = .)  1348.655
gam(log(value) ~ s(tmax2m) + s(jd) + s(pblmin) + s(nirradiance) + s(sp) + s(tp) + s(v10m), data = .)  1334.220
gam(log(value) ~ s(ptp) + s(jd) + s(pblmin) + s(nirradiance) + s(sp) + s(tp) + s(v10m), data = .)     1400.197
gam(log(value) ~ s(rh) + s(jd) + s(pblmin) + s(nirradiance) + s(sp) + s(tp) + s(v10m), data = .)      1389.656
gam(log(value) ~ s(u10m) + s(jd) + s(pblmin) + s(nirradiance) + s(sp) + s(tp) + s(v10m), data = .)    1347.369
gam(log(value) ~ s(pbl00) + s(jd) + s(pblmin) + s(nirradiance) + s(sp) + s(tp) + s(v10m), data = .)   1383.662
gam(log(value) ~ s(pbl12) + s(jd) + s(pblmin) + s(nirradiance) + s(sp) + s(tp) + s(v10m), data = .)   1389.924
gam(log(value) ~ s(pblmax) + s(jd) + s(pblmin) + s(nirradiance) + s(sp) + s(tp) + s(v10m), data = .)  1393.409
gam(log(value) ~ s(wdir) + s(jd) + s(pblmin) + s(nirradiance) + s(sp) + s(tp) + s(v10m), data = .)    1358.766
gam(log(value) ~ s(wspeed) + s(jd) + s(pblmin) + s(nirradiance) + s(sp) + s(tp) + s(v10m), data = .)  1378.292
gam(log(value) ~ s(pwspeed) + s(jd) + s(pblmin) + s(nirradiance) + s(sp) + s(tp) + s(v10m), data = .) 1395.198

Modello migliore: tmax2m - jd - pblmin - nirradiance - sp - tp - v10m 

Variabile scelta tmax2m con AIC 1334.21981063439  

Modelli BACKWARD 

                                                                                                         IT1200A
gam(log(value) ~ s(t2m) + s(jd) + s(pblmin) + s(nirradiance) + s(sp) + s(tp) + s(tmax2m), data = .)     1263.257
gam(log(value) ~ s(tmin2m) + s(jd) + s(pblmin) + s(nirradiance) + s(sp) + s(tp) + s(tmax2m), data = .)  1278.498
gam(log(value) ~ s(ptp) + s(jd) + s(pblmin) + s(nirradiance) + s(sp) + s(tp) + s(tmax2m), data = .)     1396.676
gam(log(value) ~ s(rh) + s(jd) + s(pblmin) + s(nirradiance) + s(sp) + s(tp) + s(tmax2m), data = .)      1392.812
gam(log(value) ~ s(u10m) + s(jd) + s(pblmin) + s(nirradiance) + s(sp) + s(tp) + s(tmax2m), data = .)    1353.354
gam(log(value) ~ s(pbl00) + s(jd) + s(pblmin) + s(nirradiance) + s(sp) + s(tp) + s(tmax2m), data = .)   1379.368
gam(log(value) ~ s(pbl12) + s(jd) + s(pblmin) + s(nirradiance) + s(sp) + s(tp) + s(tmax2m), data = .)   1385.026
gam(log(value) ~ s(pblmax) + s(jd) + s(pblmin) + s(nirradiance) + s(sp) + s(tp) + s(tmax2m), data = .)  1389.641
gam(log(value) ~ s(wdir) + s(jd) + s(pblmin) + s(nirradiance) + s(sp) + s(tp) + s(tmax2m), data = .)    1338.112
gam(log(value) ~ s(wspeed) + s(jd) + s(pblmin) + s(nirradiance) + s(sp) + s(tp) + s(tmax2m), data = .)  1394.896
gam(log(value) ~ s(pwspeed) + s(jd) + s(pblmin) + s(nirradiance) + s(sp) + s(tp) + s(tmax2m), data = .) 1394.203

Modello migliore: t2m - jd - pblmin - nirradiance - sp - tp - tmax2m 

Dati backward:  1263.25678695716::t2m::jd::pblmin::nirradiance::sp::tp::tmax2m 

Scelgo il modello N-1 

---------- START ---------- 

                                                                                                       IT1200A
gam(log(value) ~ s(t2m) + s(jd) + s(pblmin) + s(nirradiance) + s(sp) + s(tp) + s(v10m), data = .)     1344.656
gam(log(value) ~ s(tmin2m) + s(jd) + s(pblmin) + s(nirradiance) + s(sp) + s(tp) + s(v10m), data = .)  1348.655
gam(log(value) ~ s(ptp) + s(jd) + s(pblmin) + s(nirradiance) + s(sp) + s(tp) + s(v10m), data = .)     1400.197
gam(log(value) ~ s(rh) + s(jd) + s(pblmin) + s(nirradiance) + s(sp) + s(tp) + s(v10m), data = .)      1389.656
gam(log(value) ~ s(u10m) + s(jd) + s(pblmin) + s(nirradiance) + s(sp) + s(tp) + s(v10m), data = .)    1347.369
gam(log(value) ~ s(pbl00) + s(jd) + s(pblmin) + s(nirradiance) + s(sp) + s(tp) + s(v10m), data = .)   1383.662
gam(log(value) ~ s(pbl12) + s(jd) + s(pblmin) + s(nirradiance) + s(sp) + s(tp) + s(v10m), data = .)   1389.924
gam(log(value) ~ s(pblmax) + s(jd) + s(pblmin) + s(nirradiance) + s(sp) + s(tp) + s(v10m), data = .)  1393.409
gam(log(value) ~ s(wdir) + s(jd) + s(pblmin) + s(nirradiance) + s(sp) + s(tp) + s(v10m), data = .)    1358.766
gam(log(value) ~ s(wspeed) + s(jd) + s(pblmin) + s(nirradiance) + s(sp) + s(tp) + s(v10m), data = .)  1378.292
gam(log(value) ~ s(pwspeed) + s(jd) + s(pblmin) + s(nirradiance) + s(sp) + s(tp) + s(v10m), data = .) 1395.198

Modello migliore: t2m - jd - pblmin - nirradiance - sp - tp - v10m 

Variabile scelta t2m con AIC 1344.65636521423  

Fine per scelta MODELLO 

jd + pblmin + nirradiance + sp + tp + v10m 

---------------------- 

NOTE: Log Print Time:  2021-05-11 14:30:45 
NOTE: Elapsed Time in seconds: 1.61091856161753 

Fine per scelta MODELLO 

jd + pblmin + nirradiance + sp + tp + v10m 

---------------------- 

NOTE: Log Print Time:  2021-05-11 14:30:45 
NOTE: Elapsed Time in seconds: 0.00111484527587891 

Fine per scelta MODELLO 

jd + pblmin + nirradiance + sp + tp + v10m 

---------------------- 

NOTE: Log Print Time:  2021-05-11 14:30:45 
NOTE: Elapsed Time in seconds: 0.000980854034423828 

Fine per scelta MODELLO 

jd + pblmin + nirradiance + sp + tp + v10m 

---------------------- 

NOTE: Log Print Time:  2021-05-11 14:30:45 
NOTE: Elapsed Time in seconds: 0.000984430313110352 

Fine per scelta MODELLO 

jd + pblmin + nirradiance + sp + tp + v10m 

---------------------- 

NOTE: Log Print Time:  2021-05-11 14:30:45 
NOTE: Elapsed Time in seconds: 0.000993013381958008 

Fine per scelta MODELLO 

jd + pblmin + nirradiance + sp + tp + v10m 

---------------------- 

NOTE: Log Print Time:  2021-05-11 14:30:45 
NOTE: Elapsed Time in seconds: 0.000974178314208984 

Fine per scelta MODELLO 

jd + pblmin + nirradiance + sp + tp + v10m 

---------------------- 

NOTE: Log Print Time:  2021-05-11 14:30:45 
NOTE: Elapsed Time in seconds: 0.000980377197265625 

========================================================================= 
Log End Time: 2021-05-11 14:30:45 
Log Elapsed Time: 0 00:00:01 
========================================================================= 
