========================================================================= 
Log Path: output/12/nox/log/pulvirus_nox_12_IT0870A.log 
Working Directory: /home/rmorelli/R/pulvirus/analisi/GAM/scelta 
User Name: rmorelli 
R Version: 4.0.5 (2021-03-31) 
Machine: pasqualino x86_64 
Operating System: Linux 4.19.0-13-amd64 #1 SMP Debian 4.19.160-2 (2020-11-28) 
Log Start Time: 2021-05-11 14:41:11 
========================================================================= 

Stazione: IT0870A 

---------- START ---------- 

                                            IT0870A
gam(log(value) ~ s(t2m), data = .)         1724.376
gam(log(value) ~ s(tmin2m), data = .)      1776.357
gam(log(value) ~ s(tmax2m), data = .)      1782.168
gam(log(value) ~ s(tp), data = .)          2288.850
gam(log(value) ~ s(ptp), data = .)         2305.445
gam(log(value) ~ s(rh), data = .)          2090.211
gam(log(value) ~ s(u10m), data = .)        2013.227
gam(log(value) ~ s(v10m), data = .)        2238.611
gam(log(value) ~ s(sp), data = .)          2076.441
gam(log(value) ~ s(nirradiance), data = .) 1727.285
gam(log(value) ~ s(pbl00), data = .)       2296.420
gam(log(value) ~ s(pbl12), data = .)       1811.794
gam(log(value) ~ s(pblmin), data = .)      2296.441
gam(log(value) ~ s(pblmax), data = .)      1860.406
gam(log(value) ~ s(wdir), data = .)        1999.255
gam(log(value) ~ s(wspeed), data = .)      2284.377
gam(log(value) ~ s(pwspeed), data = .)     2292.140
gam(log(value) ~ s(jd), data = .)          1269.504

Modello migliore: jd 

Variabile scelta jd con AIC 1269.5036240558  

---------- START ---------- 

                                                    IT0870A
gam(log(value) ~ s(t2m) + s(jd), data = .)         1215.348
gam(log(value) ~ s(tmin2m) + s(jd), data = .)      1201.372
gam(log(value) ~ s(tmax2m) + s(jd), data = .)      1241.559
gam(log(value) ~ s(tp) + s(jd), data = .)          1212.470
gam(log(value) ~ s(ptp) + s(jd), data = .)         1255.844
gam(log(value) ~ s(rh) + s(jd), data = .)          1232.805
gam(log(value) ~ s(u10m) + s(jd), data = .)        1078.062
gam(log(value) ~ s(v10m) + s(jd), data = .)        1203.645
gam(log(value) ~ s(sp) + s(jd), data = .)          1175.814
gam(log(value) ~ s(nirradiance) + s(jd), data = .) 1247.155
gam(log(value) ~ s(pbl00) + s(jd), data = .)       1152.632
gam(log(value) ~ s(pbl12) + s(jd), data = .)       1189.917
gam(log(value) ~ s(pblmin) + s(jd), data = .)      1161.415
gam(log(value) ~ s(pblmax) + s(jd), data = .)      1196.124
gam(log(value) ~ s(wdir) + s(jd), data = .)        1164.393
gam(log(value) ~ s(wspeed) + s(jd), data = .)      1167.942
gam(log(value) ~ s(pwspeed) + s(jd), data = .)     1241.330
gam(log(value) ~ s(jd) + s(jd), data = .)          1269.504

Modello migliore: u10m - jd 

Variabile scelta u10m con AIC 1078.06165532678  

Modelli BACKWARD 

                                                      IT0870A
gam(log(value) ~ s(t2m) + s(u10m), data = .)         1577.325
gam(log(value) ~ s(tmin2m) + s(u10m), data = .)      1647.497
gam(log(value) ~ s(tmax2m) + s(u10m), data = .)      1606.875
gam(log(value) ~ s(tp) + s(u10m), data = .)          1996.097
gam(log(value) ~ s(ptp) + s(u10m), data = .)         2015.151
gam(log(value) ~ s(rh) + s(u10m), data = .)          1867.638
gam(log(value) ~ s(v10m) + s(u10m), data = .)        1964.881
gam(log(value) ~ s(sp) + s(u10m), data = .)          1860.342
gam(log(value) ~ s(nirradiance) + s(u10m), data = .) 1595.179
gam(log(value) ~ s(pbl00) + s(u10m), data = .)       2007.874
gam(log(value) ~ s(pbl12) + s(u10m), data = .)       1686.171
gam(log(value) ~ s(pblmin) + s(u10m), data = .)      1989.206
gam(log(value) ~ s(pblmax) + s(u10m), data = .)      1711.064
gam(log(value) ~ s(wdir) + s(u10m), data = .)        1965.974
gam(log(value) ~ s(wspeed) + s(u10m), data = .)      1992.140
gam(log(value) ~ s(pwspeed) + s(u10m), data = .)     2007.071

Modello migliore: t2m - u10m 

Dati backward:  1577.32477185588::t2m::u10m 

Scelgo il modello N 

---------- START ---------- 

                                                              IT0870A
gam(log(value) ~ s(t2m) + s(jd) + s(u10m), data = .)         1035.230
gam(log(value) ~ s(tmin2m) + s(jd) + s(u10m), data = .)      1036.840
gam(log(value) ~ s(tmax2m) + s(jd) + s(u10m), data = .)      1050.168
gam(log(value) ~ s(tp) + s(jd) + s(u10m), data = .)          1036.639
gam(log(value) ~ s(ptp) + s(jd) + s(u10m), data = .)         1073.935
gam(log(value) ~ s(rh) + s(jd) + s(u10m), data = .)          1049.398
gam(log(value) ~ s(v10m) + s(jd) + s(u10m), data = .)        1012.268
gam(log(value) ~ s(sp) + s(jd) + s(u10m), data = .)          1022.651
gam(log(value) ~ s(nirradiance) + s(jd) + s(u10m), data = .) 1069.776
gam(log(value) ~ s(pbl00) + s(jd) + s(u10m), data = .)       1010.373
gam(log(value) ~ s(pbl12) + s(jd) + s(u10m), data = .)       1020.093
gam(log(value) ~ s(pblmin) + s(jd) + s(u10m), data = .)      1005.904
gam(log(value) ~ s(pblmax) + s(jd) + s(u10m), data = .)      1017.154
gam(log(value) ~ s(wdir) + s(jd) + s(u10m), data = .)        1039.047
gam(log(value) ~ s(wspeed) + s(jd) + s(u10m), data = .)      1024.590
gam(log(value) ~ s(pwspeed) + s(jd) + s(u10m), data = .)     1062.377

Modello migliore: pblmin - jd - u10m 

Variabile scelta pblmin con AIC 1005.90414196214  

Modelli BACKWARD 

                                                                IT0870A
gam(log(value) ~ s(t2m) + s(jd) + s(pblmin), data = .)         1098.237
gam(log(value) ~ s(tmin2m) + s(jd) + s(pblmin), data = .)      1107.125
gam(log(value) ~ s(tmax2m) + s(jd) + s(pblmin), data = .)      1111.647
gam(log(value) ~ s(tp) + s(jd) + s(pblmin), data = .)          1146.095
gam(log(value) ~ s(ptp) + s(jd) + s(pblmin), data = .)         1160.692
gam(log(value) ~ s(rh) + s(jd) + s(pblmin), data = .)          1132.556
gam(log(value) ~ s(v10m) + s(jd) + s(pblmin), data = .)        1149.916
gam(log(value) ~ s(sp) + s(jd) + s(pblmin), data = .)          1115.373
gam(log(value) ~ s(nirradiance) + s(jd) + s(pblmin), data = .) 1118.893
gam(log(value) ~ s(pbl00) + s(jd) + s(pblmin), data = .)       1136.149
gam(log(value) ~ s(pbl12) + s(jd) + s(pblmin), data = .)       1081.254
gam(log(value) ~ s(pblmax) + s(jd) + s(pblmin), data = .)      1089.153
gam(log(value) ~ s(wdir) + s(jd) + s(pblmin), data = .)        1031.645
gam(log(value) ~ s(wspeed) + s(jd) + s(pblmin), data = .)      1145.567
gam(log(value) ~ s(pwspeed) + s(jd) + s(pblmin), data = .)     1160.003

Modello migliore: wdir - jd - pblmin 

Dati backward:  1031.64524370743::wdir::jd::pblmin 

Scelgo il modello N 

---------- START ---------- 

                                                                           IT0870A
gam(log(value) ~ s(t2m) + s(jd) + s(u10m) + s(pblmin), data = .)          964.3484
gam(log(value) ~ s(tmin2m) + s(jd) + s(u10m) + s(pblmin), data = .)       977.9418
gam(log(value) ~ s(tmax2m) + s(jd) + s(u10m) + s(pblmin), data = .)       969.1262
gam(log(value) ~ s(tp) + s(jd) + s(u10m) + s(pblmin), data = .)           991.8695
gam(log(value) ~ s(ptp) + s(jd) + s(u10m) + s(pblmin), data = .)         1007.6886
gam(log(value) ~ s(rh) + s(jd) + s(u10m) + s(pblmin), data = .)           983.1577
gam(log(value) ~ s(v10m) + s(jd) + s(u10m) + s(pblmin), data = .)         988.6318
gam(log(value) ~ s(sp) + s(jd) + s(u10m) + s(pblmin), data = .)           977.4660
gam(log(value) ~ s(nirradiance) + s(jd) + s(u10m) + s(pblmin), data = .)  987.6487
gam(log(value) ~ s(pbl00) + s(jd) + s(u10m) + s(pblmin), data = .)        995.8263
gam(log(value) ~ s(pbl12) + s(jd) + s(u10m) + s(pblmin), data = .)        957.0564
gam(log(value) ~ s(pblmax) + s(jd) + s(u10m) + s(pblmin), data = .)       957.7020
gam(log(value) ~ s(wdir) + s(jd) + s(u10m) + s(pblmin), data = .)         989.8270
gam(log(value) ~ s(wspeed) + s(jd) + s(u10m) + s(pblmin), data = .)       996.9821
gam(log(value) ~ s(pwspeed) + s(jd) + s(u10m) + s(pblmin), data = .)     1005.2601

Modello migliore: pbl12 - jd - u10m - pblmin 

Variabile scelta pbl12 con AIC 957.056374097092  

Modelli BACKWARD 

                                                                          IT0870A
gam(log(value) ~ s(t2m) + s(jd) + s(u10m) + s(pbl12), data = .)          991.6749
gam(log(value) ~ s(tmin2m) + s(jd) + s(u10m) + s(pbl12), data = .)       976.9377
gam(log(value) ~ s(tmax2m) + s(jd) + s(u10m) + s(pbl12), data = .)      1007.5986
gam(log(value) ~ s(tp) + s(jd) + s(u10m) + s(pbl12), data = .)           949.7806
gam(log(value) ~ s(ptp) + s(jd) + s(u10m) + s(pbl12), data = .)         1013.8163
gam(log(value) ~ s(rh) + s(jd) + s(u10m) + s(pbl12), data = .)           985.7419
gam(log(value) ~ s(v10m) + s(jd) + s(u10m) + s(pbl12), data = .)         956.5856
gam(log(value) ~ s(sp) + s(jd) + s(u10m) + s(pbl12), data = .)           964.4454
gam(log(value) ~ s(nirradiance) + s(jd) + s(u10m) + s(pbl12), data = .) 1005.4537
gam(log(value) ~ s(pbl00) + s(jd) + s(u10m) + s(pbl12), data = .)        954.3811
gam(log(value) ~ s(pblmax) + s(jd) + s(u10m) + s(pbl12), data = .)      1010.3594
gam(log(value) ~ s(wdir) + s(jd) + s(u10m) + s(pbl12), data = .)         974.4694
gam(log(value) ~ s(wspeed) + s(jd) + s(u10m) + s(pbl12), data = .)       981.5259
gam(log(value) ~ s(pwspeed) + s(jd) + s(u10m) + s(pbl12), data = .)     1001.9797

Modello migliore: tp - jd - u10m - pbl12 

Dati backward:  949.780630120287::tp::jd::u10m::pbl12 

Scelgo il modello N 

---------- START ---------- 

                                                                                     IT0870A
gam(log(value) ~ s(t2m) + s(jd) + s(u10m) + s(pblmin) + s(pbl12), data = .)         928.8325
gam(log(value) ~ s(tmin2m) + s(jd) + s(u10m) + s(pblmin) + s(pbl12), data = .)      928.2221
gam(log(value) ~ s(tmax2m) + s(jd) + s(u10m) + s(pblmin) + s(pbl12), data = .)      938.3920
gam(log(value) ~ s(tp) + s(jd) + s(u10m) + s(pblmin) + s(pbl12), data = .)          925.9645
gam(log(value) ~ s(ptp) + s(jd) + s(u10m) + s(pblmin) + s(pbl12), data = .)         958.0459
gam(log(value) ~ s(rh) + s(jd) + s(u10m) + s(pblmin) + s(pbl12), data = .)          942.8248
gam(log(value) ~ s(v10m) + s(jd) + s(u10m) + s(pblmin) + s(pbl12), data = .)        933.5879
gam(log(value) ~ s(sp) + s(jd) + s(u10m) + s(pblmin) + s(pbl12), data = .)          929.8110
gam(log(value) ~ s(nirradiance) + s(jd) + s(u10m) + s(pblmin) + s(pbl12), data = .) 953.2296
gam(log(value) ~ s(pbl00) + s(jd) + s(u10m) + s(pblmin) + s(pbl12), data = .)       943.9785
gam(log(value) ~ s(pblmax) + s(jd) + s(u10m) + s(pblmin) + s(pbl12), data = .)      951.1550
gam(log(value) ~ s(wdir) + s(jd) + s(u10m) + s(pblmin) + s(pbl12), data = .)        932.8018
gam(log(value) ~ s(wspeed) + s(jd) + s(u10m) + s(pblmin) + s(pbl12), data = .)      952.1064
gam(log(value) ~ s(pwspeed) + s(jd) + s(u10m) + s(pblmin) + s(pbl12), data = .)     954.4918

Modello migliore: tp - jd - u10m - pblmin - pbl12 

Variabile scelta tp con AIC 925.964547044419  

Modelli BACKWARD 

                                                                                  IT0870A
gam(log(value) ~ s(t2m) + s(jd) + s(u10m) + s(pblmin) + s(tp), data = .)         949.5502
gam(log(value) ~ s(tmin2m) + s(jd) + s(u10m) + s(pblmin) + s(tp), data = .)      965.6777
gam(log(value) ~ s(tmax2m) + s(jd) + s(u10m) + s(pblmin) + s(tp), data = .)      946.9741
gam(log(value) ~ s(ptp) + s(jd) + s(u10m) + s(pblmin) + s(tp), data = .)         993.8583
gam(log(value) ~ s(rh) + s(jd) + s(u10m) + s(pblmin) + s(tp), data = .)          949.1834
gam(log(value) ~ s(v10m) + s(jd) + s(u10m) + s(pblmin) + s(tp), data = .)        981.9411
gam(log(value) ~ s(sp) + s(jd) + s(u10m) + s(pblmin) + s(tp), data = .)          958.1221
gam(log(value) ~ s(nirradiance) + s(jd) + s(u10m) + s(pblmin) + s(tp), data = .) 951.8683
gam(log(value) ~ s(pbl00) + s(jd) + s(u10m) + s(pblmin) + s(tp), data = .)       983.2367
gam(log(value) ~ s(pblmax) + s(jd) + s(u10m) + s(pblmin) + s(tp), data = .)      930.4442
gam(log(value) ~ s(wdir) + s(jd) + s(u10m) + s(pblmin) + s(tp), data = .)        976.8799
gam(log(value) ~ s(wspeed) + s(jd) + s(u10m) + s(pblmin) + s(tp), data = .)      986.9820
gam(log(value) ~ s(pwspeed) + s(jd) + s(u10m) + s(pblmin) + s(tp), data = .)     992.3380

Modello migliore: pblmax - jd - u10m - pblmin - tp 

Dati backward:  930.444171354844::pblmax::jd::u10m::pblmin::tp 

Scelgo il modello N 

---------- START ---------- 

                                                                                             IT0870A
gam(log(value) ~ s(t2m) + s(jd) + s(u10m) + s(pblmin) + s(pbl12) + s(tp), data = .)         894.3083
gam(log(value) ~ s(tmin2m) + s(jd) + s(u10m) + s(pblmin) + s(pbl12) + s(tp), data = .)      899.7844
gam(log(value) ~ s(tmax2m) + s(jd) + s(u10m) + s(pblmin) + s(pbl12) + s(tp), data = .)      897.3689
gam(log(value) ~ s(ptp) + s(jd) + s(u10m) + s(pblmin) + s(pbl12) + s(tp), data = .)         927.9370
gam(log(value) ~ s(rh) + s(jd) + s(u10m) + s(pblmin) + s(pbl12) + s(tp), data = .)          909.3526
gam(log(value) ~ s(v10m) + s(jd) + s(u10m) + s(pblmin) + s(pbl12) + s(tp), data = .)        917.2444
gam(log(value) ~ s(sp) + s(jd) + s(u10m) + s(pblmin) + s(pbl12) + s(tp), data = .)          905.0651
gam(log(value) ~ s(nirradiance) + s(jd) + s(u10m) + s(pblmin) + s(pbl12) + s(tp), data = .) 918.7895
gam(log(value) ~ s(pbl00) + s(jd) + s(u10m) + s(pblmin) + s(pbl12) + s(tp), data = .)       918.4871
gam(log(value) ~ s(pblmax) + s(jd) + s(u10m) + s(pblmin) + s(pbl12) + s(tp), data = .)      920.7894
gam(log(value) ~ s(wdir) + s(jd) + s(u10m) + s(pblmin) + s(pbl12) + s(tp), data = .)        907.7335
gam(log(value) ~ s(wspeed) + s(jd) + s(u10m) + s(pblmin) + s(pbl12) + s(tp), data = .)      924.7539
gam(log(value) ~ s(pwspeed) + s(jd) + s(u10m) + s(pblmin) + s(pbl12) + s(tp), data = .)     925.4732

Modello migliore: t2m - jd - u10m - pblmin - pbl12 - tp 

Variabile scelta t2m con AIC 894.308315814254  

Modelli BACKWARD 

                                                                                              IT0870A
gam(log(value) ~ s(tmin2m) + s(jd) + s(u10m) + s(pblmin) + s(pbl12) + s(t2m), data = .)      927.9568
gam(log(value) ~ s(tmax2m) + s(jd) + s(u10m) + s(pblmin) + s(pbl12) + s(t2m), data = .)      923.8423
gam(log(value) ~ s(ptp) + s(jd) + s(u10m) + s(pblmin) + s(pbl12) + s(t2m), data = .)         927.9007
gam(log(value) ~ s(rh) + s(jd) + s(u10m) + s(pblmin) + s(pbl12) + s(t2m), data = .)          922.2755
gam(log(value) ~ s(v10m) + s(jd) + s(u10m) + s(pblmin) + s(pbl12) + s(t2m), data = .)        905.3298
gam(log(value) ~ s(sp) + s(jd) + s(u10m) + s(pblmin) + s(pbl12) + s(t2m), data = .)          890.3151
gam(log(value) ~ s(nirradiance) + s(jd) + s(u10m) + s(pblmin) + s(pbl12) + s(t2m), data = .) 928.0192
gam(log(value) ~ s(pbl00) + s(jd) + s(u10m) + s(pblmin) + s(pbl12) + s(t2m), data = .)       909.9408
gam(log(value) ~ s(pblmax) + s(jd) + s(u10m) + s(pblmin) + s(pbl12) + s(t2m), data = .)      923.5932
gam(log(value) ~ s(wdir) + s(jd) + s(u10m) + s(pblmin) + s(pbl12) + s(t2m), data = .)        903.0695
gam(log(value) ~ s(wspeed) + s(jd) + s(u10m) + s(pblmin) + s(pbl12) + s(t2m), data = .)      916.1741
gam(log(value) ~ s(pwspeed) + s(jd) + s(u10m) + s(pblmin) + s(pbl12) + s(t2m), data = .)     920.5739

Modello migliore: sp - jd - u10m - pblmin - pbl12 - t2m 

Dati backward:  890.315056565546::sp::jd::u10m::pblmin::pbl12::t2m 

Scelgo il modello N 

---------- START ---------- 

                                                                                                      IT0870A
gam(log(value) ~ s(tmin2m) + s(jd) + s(u10m) + s(pblmin) + s(pbl12) + s(tp) + s(t2m), data = .)      896.2692
gam(log(value) ~ s(tmax2m) + s(jd) + s(u10m) + s(pblmin) + s(pbl12) + s(tp) + s(t2m), data = .)      896.0531
gam(log(value) ~ s(ptp) + s(jd) + s(u10m) + s(pblmin) + s(pbl12) + s(tp) + s(t2m), data = .)         896.1420
gam(log(value) ~ s(rh) + s(jd) + s(u10m) + s(pblmin) + s(pbl12) + s(tp) + s(t2m), data = .)          888.4199
gam(log(value) ~ s(v10m) + s(jd) + s(u10m) + s(pblmin) + s(pbl12) + s(tp) + s(t2m), data = .)        886.3307
gam(log(value) ~ s(sp) + s(jd) + s(u10m) + s(pblmin) + s(pbl12) + s(tp) + s(t2m), data = .)          871.4203
gam(log(value) ~ s(nirradiance) + s(jd) + s(u10m) + s(pblmin) + s(pbl12) + s(tp) + s(t2m), data = .) 892.7401
gam(log(value) ~ s(pbl00) + s(jd) + s(u10m) + s(pblmin) + s(pbl12) + s(tp) + s(t2m), data = .)       882.8282
gam(log(value) ~ s(pblmax) + s(jd) + s(u10m) + s(pblmin) + s(pbl12) + s(tp) + s(t2m), data = .)      889.9665
gam(log(value) ~ s(wdir) + s(jd) + s(u10m) + s(pblmin) + s(pbl12) + s(tp) + s(t2m), data = .)        875.5860
gam(log(value) ~ s(wspeed) + s(jd) + s(u10m) + s(pblmin) + s(pbl12) + s(tp) + s(t2m), data = .)      887.4792
gam(log(value) ~ s(pwspeed) + s(jd) + s(u10m) + s(pblmin) + s(pbl12) + s(tp) + s(t2m), data = .)     889.6553

Modello migliore: sp - jd - u10m - pblmin - pbl12 - tp - t2m 

Variabile scelta sp con AIC 871.420258577159  

Modelli BACKWARD 

                                                                                                     IT0870A
gam(log(value) ~ s(tmin2m) + s(jd) + s(u10m) + s(pblmin) + s(pbl12) + s(tp) + s(sp), data = .)      877.5582
gam(log(value) ~ s(tmax2m) + s(jd) + s(u10m) + s(pblmin) + s(pbl12) + s(tp) + s(sp), data = .)      875.0583
gam(log(value) ~ s(ptp) + s(jd) + s(u10m) + s(pblmin) + s(pbl12) + s(tp) + s(sp), data = .)         906.5211
gam(log(value) ~ s(rh) + s(jd) + s(u10m) + s(pblmin) + s(pbl12) + s(tp) + s(sp), data = .)          885.1624
gam(log(value) ~ s(v10m) + s(jd) + s(u10m) + s(pblmin) + s(pbl12) + s(tp) + s(sp), data = .)        900.0516
gam(log(value) ~ s(nirradiance) + s(jd) + s(u10m) + s(pblmin) + s(pbl12) + s(tp) + s(sp), data = .) 897.9794
gam(log(value) ~ s(pbl00) + s(jd) + s(u10m) + s(pblmin) + s(pbl12) + s(tp) + s(sp), data = .)       902.4744
gam(log(value) ~ s(pblmax) + s(jd) + s(u10m) + s(pblmin) + s(pbl12) + s(tp) + s(sp), data = .)      900.5211
gam(log(value) ~ s(wdir) + s(jd) + s(u10m) + s(pblmin) + s(pbl12) + s(tp) + s(sp), data = .)        893.3892
gam(log(value) ~ s(wspeed) + s(jd) + s(u10m) + s(pblmin) + s(pbl12) + s(tp) + s(sp), data = .)      904.3706
gam(log(value) ~ s(pwspeed) + s(jd) + s(u10m) + s(pblmin) + s(pbl12) + s(tp) + s(sp), data = .)     904.8929

Modello migliore: tmax2m - jd - u10m - pblmin - pbl12 - tp - sp 

Dati backward:  875.058265183198::tmax2m::jd::u10m::pblmin::pbl12::tp::sp 

Scelgo il modello N 

---------- START ---------- 

                                                                                                              IT0870A
gam(log(value) ~ s(tmin2m) + s(jd) + s(u10m) + s(pblmin) + s(pbl12) + s(tp) + s(t2m) + s(sp), data = .)      873.5375
gam(log(value) ~ s(tmax2m) + s(jd) + s(u10m) + s(pblmin) + s(pbl12) + s(tp) + s(t2m) + s(sp), data = .)      873.5967
gam(log(value) ~ s(ptp) + s(jd) + s(u10m) + s(pblmin) + s(pbl12) + s(tp) + s(t2m) + s(sp), data = .)         873.2158
gam(log(value) ~ s(rh) + s(jd) + s(u10m) + s(pblmin) + s(pbl12) + s(tp) + s(t2m) + s(sp), data = .)          860.8357
gam(log(value) ~ s(v10m) + s(jd) + s(u10m) + s(pblmin) + s(pbl12) + s(tp) + s(t2m) + s(sp), data = .)        867.4955
gam(log(value) ~ s(nirradiance) + s(jd) + s(u10m) + s(pblmin) + s(pbl12) + s(tp) + s(t2m) + s(sp), data = .) 868.9114
gam(log(value) ~ s(pbl00) + s(jd) + s(u10m) + s(pblmin) + s(pbl12) + s(tp) + s(t2m) + s(sp), data = .)       864.2169
gam(log(value) ~ s(pblmax) + s(jd) + s(u10m) + s(pblmin) + s(pbl12) + s(tp) + s(t2m) + s(sp), data = .)      866.7549
gam(log(value) ~ s(wdir) + s(jd) + s(u10m) + s(pblmin) + s(pbl12) + s(tp) + s(t2m) + s(sp), data = .)        856.8992
gam(log(value) ~ s(wspeed) + s(jd) + s(u10m) + s(pblmin) + s(pbl12) + s(tp) + s(t2m) + s(sp), data = .)      866.4126
gam(log(value) ~ s(pwspeed) + s(jd) + s(u10m) + s(pblmin) + s(pbl12) + s(tp) + s(t2m) + s(sp), data = .)     867.2929

Modello migliore: wdir - jd - u10m - pblmin - pbl12 - tp - t2m - sp 

Variabile scelta wdir con AIC 856.899184109985  

Modelli BACKWARD 

                                                                                                                IT0870A
gam(log(value) ~ s(tmin2m) + s(jd) + s(u10m) + s(pblmin) + s(pbl12) + s(tp) + s(t2m) + s(wdir), data = .)      876.9453
gam(log(value) ~ s(tmax2m) + s(jd) + s(u10m) + s(pblmin) + s(pbl12) + s(tp) + s(t2m) + s(wdir), data = .)      876.8082
gam(log(value) ~ s(ptp) + s(jd) + s(u10m) + s(pblmin) + s(pbl12) + s(tp) + s(t2m) + s(wdir), data = .)         877.0248
gam(log(value) ~ s(rh) + s(jd) + s(u10m) + s(pblmin) + s(pbl12) + s(tp) + s(t2m) + s(wdir), data = .)          866.4655
gam(log(value) ~ s(v10m) + s(jd) + s(u10m) + s(pblmin) + s(pbl12) + s(tp) + s(t2m) + s(wdir), data = .)        877.3027
gam(log(value) ~ s(nirradiance) + s(jd) + s(u10m) + s(pblmin) + s(pbl12) + s(tp) + s(t2m) + s(wdir), data = .) 873.6189
gam(log(value) ~ s(pbl00) + s(jd) + s(u10m) + s(pblmin) + s(pbl12) + s(tp) + s(t2m) + s(wdir), data = .)       864.2885
gam(log(value) ~ s(pblmax) + s(jd) + s(u10m) + s(pblmin) + s(pbl12) + s(tp) + s(t2m) + s(wdir), data = .)      866.8553
gam(log(value) ~ s(wspeed) + s(jd) + s(u10m) + s(pblmin) + s(pbl12) + s(tp) + s(t2m) + s(wdir), data = .)      873.1947
gam(log(value) ~ s(pwspeed) + s(jd) + s(u10m) + s(pblmin) + s(pbl12) + s(tp) + s(t2m) + s(wdir), data = .)     869.5970

Modello migliore: pbl00 - jd - u10m - pblmin - pbl12 - tp - t2m - wdir 

Dati backward:  864.288497445501::pbl00::jd::u10m::pblmin::pbl12::tp::t2m::wdir 

Scelgo il modello N 

---------- START ---------- 

                                                                                                                        IT0870A
gam(log(value) ~ s(tmin2m) + s(jd) + s(u10m) + s(pblmin) + s(pbl12) + s(tp) + s(t2m) + s(sp) + s(wdir), data = .)      857.8391
gam(log(value) ~ s(tmax2m) + s(jd) + s(u10m) + s(pblmin) + s(pbl12) + s(tp) + s(t2m) + s(sp) + s(wdir), data = .)      857.1018
gam(log(value) ~ s(ptp) + s(jd) + s(u10m) + s(pblmin) + s(pbl12) + s(tp) + s(t2m) + s(sp) + s(wdir), data = .)         858.4697
gam(log(value) ~ s(rh) + s(jd) + s(u10m) + s(pblmin) + s(pbl12) + s(tp) + s(t2m) + s(sp) + s(wdir), data = .)          844.0222
gam(log(value) ~ s(v10m) + s(jd) + s(u10m) + s(pblmin) + s(pbl12) + s(tp) + s(t2m) + s(sp) + s(wdir), data = .)        858.7605
gam(log(value) ~ s(nirradiance) + s(jd) + s(u10m) + s(pblmin) + s(pbl12) + s(tp) + s(t2m) + s(sp) + s(wdir), data = .) 853.9664
gam(log(value) ~ s(pbl00) + s(jd) + s(u10m) + s(pblmin) + s(pbl12) + s(tp) + s(t2m) + s(sp) + s(wdir), data = .)       849.4378
gam(log(value) ~ s(pblmax) + s(jd) + s(u10m) + s(pblmin) + s(pbl12) + s(tp) + s(t2m) + s(sp) + s(wdir), data = .)      849.6564
gam(log(value) ~ s(wspeed) + s(jd) + s(u10m) + s(pblmin) + s(pbl12) + s(tp) + s(t2m) + s(sp) + s(wdir), data = .)      856.0670
gam(log(value) ~ s(pwspeed) + s(jd) + s(u10m) + s(pblmin) + s(pbl12) + s(tp) + s(t2m) + s(sp) + s(wdir), data = .)     851.8173

Modello migliore: rh - jd - u10m - pblmin - pbl12 - tp - t2m - sp - wdir 

Variabile scelta rh con AIC 844.022191453655  

Modelli BACKWARD 

                                                                                                                      IT0870A
gam(log(value) ~ s(tmin2m) + s(jd) + s(u10m) + s(pblmin) + s(pbl12) + s(tp) + s(t2m) + s(sp) + s(rh), data = .)      862.1021
gam(log(value) ~ s(tmax2m) + s(jd) + s(u10m) + s(pblmin) + s(pbl12) + s(tp) + s(t2m) + s(sp) + s(rh), data = .)      862.3894
gam(log(value) ~ s(ptp) + s(jd) + s(u10m) + s(pblmin) + s(pbl12) + s(tp) + s(t2m) + s(sp) + s(rh), data = .)         862.7655
gam(log(value) ~ s(v10m) + s(jd) + s(u10m) + s(pblmin) + s(pbl12) + s(tp) + s(t2m) + s(sp) + s(rh), data = .)        854.8761
gam(log(value) ~ s(nirradiance) + s(jd) + s(u10m) + s(pblmin) + s(pbl12) + s(tp) + s(t2m) + s(sp) + s(rh), data = .) 862.3864
gam(log(value) ~ s(pbl00) + s(jd) + s(u10m) + s(pblmin) + s(pbl12) + s(tp) + s(t2m) + s(sp) + s(rh), data = .)       855.9525
gam(log(value) ~ s(pblmax) + s(jd) + s(u10m) + s(pblmin) + s(pbl12) + s(tp) + s(t2m) + s(sp) + s(rh), data = .)      860.6549
gam(log(value) ~ s(wspeed) + s(jd) + s(u10m) + s(pblmin) + s(pbl12) + s(tp) + s(t2m) + s(sp) + s(rh), data = .)      857.5238
gam(log(value) ~ s(pwspeed) + s(jd) + s(u10m) + s(pblmin) + s(pbl12) + s(tp) + s(t2m) + s(sp) + s(rh), data = .)     859.9843

Modello migliore: v10m - jd - u10m - pblmin - pbl12 - tp - t2m - sp - rh 

Dati backward:  854.876107180774::v10m::jd::u10m::pblmin::pbl12::tp::t2m::sp::rh 

Scelgo il modello N 

---------- START ---------- 

                                                                                                                                IT0870A
gam(log(value) ~ s(tmin2m) + s(jd) + s(u10m) + s(pblmin) + s(pbl12) + s(tp) + s(t2m) + s(sp) + s(wdir) + s(rh), data = .)      845.2812
gam(log(value) ~ s(tmax2m) + s(jd) + s(u10m) + s(pblmin) + s(pbl12) + s(tp) + s(t2m) + s(sp) + s(wdir) + s(rh), data = .)      846.0112
gam(log(value) ~ s(ptp) + s(jd) + s(u10m) + s(pblmin) + s(pbl12) + s(tp) + s(t2m) + s(sp) + s(wdir) + s(rh), data = .)         845.9658
gam(log(value) ~ s(v10m) + s(jd) + s(u10m) + s(pblmin) + s(pbl12) + s(tp) + s(t2m) + s(sp) + s(wdir) + s(rh), data = .)        845.6694
gam(log(value) ~ s(nirradiance) + s(jd) + s(u10m) + s(pblmin) + s(pbl12) + s(tp) + s(t2m) + s(sp) + s(wdir) + s(rh), data = .) 845.7921
gam(log(value) ~ s(pbl00) + s(jd) + s(u10m) + s(pblmin) + s(pbl12) + s(tp) + s(t2m) + s(sp) + s(wdir) + s(rh), data = .)       838.9425
gam(log(value) ~ s(pblmax) + s(jd) + s(u10m) + s(pblmin) + s(pbl12) + s(tp) + s(t2m) + s(sp) + s(wdir) + s(rh), data = .)      841.8340
gam(log(value) ~ s(wspeed) + s(jd) + s(u10m) + s(pblmin) + s(pbl12) + s(tp) + s(t2m) + s(sp) + s(wdir) + s(rh), data = .)      844.6188
gam(log(value) ~ s(pwspeed) + s(jd) + s(u10m) + s(pblmin) + s(pbl12) + s(tp) + s(t2m) + s(sp) + s(wdir) + s(rh), data = .)     842.9780

Modello migliore: pbl00 - jd - u10m - pblmin - pbl12 - tp - t2m - sp - wdir - rh 

Variabile scelta pbl00 con AIC 838.94246067138  

Modelli BACKWARD 

                                                                                                                                   IT0870A
gam(log(value) ~ s(tmin2m) + s(jd) + s(u10m) + s(pblmin) + s(pbl12) + s(tp) + s(t2m) + s(sp) + s(wdir) + s(pbl00), data = .)      850.7210
gam(log(value) ~ s(tmax2m) + s(jd) + s(u10m) + s(pblmin) + s(pbl12) + s(tp) + s(t2m) + s(sp) + s(wdir) + s(pbl00), data = .)      848.9335
gam(log(value) ~ s(ptp) + s(jd) + s(u10m) + s(pblmin) + s(pbl12) + s(tp) + s(t2m) + s(sp) + s(wdir) + s(pbl00), data = .)         849.5699
gam(log(value) ~ s(v10m) + s(jd) + s(u10m) + s(pblmin) + s(pbl12) + s(tp) + s(t2m) + s(sp) + s(wdir) + s(pbl00), data = .)        851.3297
gam(log(value) ~ s(nirradiance) + s(jd) + s(u10m) + s(pblmin) + s(pbl12) + s(tp) + s(t2m) + s(sp) + s(wdir) + s(pbl00), data = .) 845.8435
gam(log(value) ~ s(pblmax) + s(jd) + s(u10m) + s(pblmin) + s(pbl12) + s(tp) + s(t2m) + s(sp) + s(wdir) + s(pbl00), data = .)      842.6029
gam(log(value) ~ s(wspeed) + s(jd) + s(u10m) + s(pblmin) + s(pbl12) + s(tp) + s(t2m) + s(sp) + s(wdir) + s(pbl00), data = .)      849.3884
gam(log(value) ~ s(pwspeed) + s(jd) + s(u10m) + s(pblmin) + s(pbl12) + s(tp) + s(t2m) + s(sp) + s(wdir) + s(pbl00), data = .)     847.8395

Modello migliore: pblmax - jd - u10m - pblmin - pbl12 - tp - t2m - sp - wdir - pbl00 

Dati backward:  842.602946186097::pblmax::jd::u10m::pblmin::pbl12::tp::t2m::sp::wdir::pbl00 

Scelgo il modello N 

---------- START ---------- 

                                                                                                                                           IT0870A
gam(log(value) ~ s(tmin2m) + s(jd) + s(u10m) + s(pblmin) + s(pbl12) + s(tp) + s(t2m) + s(sp) + s(wdir) + s(rh) + s(pbl00), data = .)      840.3101
gam(log(value) ~ s(tmax2m) + s(jd) + s(u10m) + s(pblmin) + s(pbl12) + s(tp) + s(t2m) + s(sp) + s(wdir) + s(rh) + s(pbl00), data = .)      840.8271
gam(log(value) ~ s(ptp) + s(jd) + s(u10m) + s(pblmin) + s(pbl12) + s(tp) + s(t2m) + s(sp) + s(wdir) + s(rh) + s(pbl00), data = .)         840.1637
gam(log(value) ~ s(v10m) + s(jd) + s(u10m) + s(pblmin) + s(pbl12) + s(tp) + s(t2m) + s(sp) + s(wdir) + s(rh) + s(pbl00), data = .)        841.1841
gam(log(value) ~ s(nirradiance) + s(jd) + s(u10m) + s(pblmin) + s(pbl12) + s(tp) + s(t2m) + s(sp) + s(wdir) + s(rh) + s(pbl00), data = .) 840.3503
gam(log(value) ~ s(pblmax) + s(jd) + s(u10m) + s(pblmin) + s(pbl12) + s(tp) + s(t2m) + s(sp) + s(wdir) + s(rh) + s(pbl00), data = .)      836.5022
gam(log(value) ~ s(wspeed) + s(jd) + s(u10m) + s(pblmin) + s(pbl12) + s(tp) + s(t2m) + s(sp) + s(wdir) + s(rh) + s(pbl00), data = .)      839.5051
gam(log(value) ~ s(pwspeed) + s(jd) + s(u10m) + s(pblmin) + s(pbl12) + s(tp) + s(t2m) + s(sp) + s(wdir) + s(rh) + s(pbl00), data = .)     839.5710

Modello migliore: pblmax - jd - u10m - pblmin - pbl12 - tp - t2m - sp - wdir - rh - pbl00 

Variabile scelta pblmax con AIC 836.502221104154  

Modelli BACKWARD 

                                                                                                                                            IT0870A
gam(log(value) ~ s(tmin2m) + s(jd) + s(u10m) + s(pblmin) + s(pbl12) + s(tp) + s(t2m) + s(sp) + s(wdir) + s(rh) + s(pblmax), data = .)      842.6928
gam(log(value) ~ s(tmax2m) + s(jd) + s(u10m) + s(pblmin) + s(pbl12) + s(tp) + s(t2m) + s(sp) + s(wdir) + s(rh) + s(pblmax), data = .)      843.7818
gam(log(value) ~ s(ptp) + s(jd) + s(u10m) + s(pblmin) + s(pbl12) + s(tp) + s(t2m) + s(sp) + s(wdir) + s(rh) + s(pblmax), data = .)         843.7944
gam(log(value) ~ s(v10m) + s(jd) + s(u10m) + s(pblmin) + s(pbl12) + s(tp) + s(t2m) + s(sp) + s(wdir) + s(rh) + s(pblmax), data = .)        846.0412
gam(log(value) ~ s(nirradiance) + s(jd) + s(u10m) + s(pblmin) + s(pbl12) + s(tp) + s(t2m) + s(sp) + s(wdir) + s(rh) + s(pblmax), data = .) 843.7687
gam(log(value) ~ s(wspeed) + s(jd) + s(u10m) + s(pblmin) + s(pbl12) + s(tp) + s(t2m) + s(sp) + s(wdir) + s(rh) + s(pblmax), data = .)      842.4359
gam(log(value) ~ s(pwspeed) + s(jd) + s(u10m) + s(pblmin) + s(pbl12) + s(tp) + s(t2m) + s(sp) + s(wdir) + s(rh) + s(pblmax), data = .)     839.8588

Modello migliore: pwspeed - jd - u10m - pblmin - pbl12 - tp - t2m - sp - wdir - rh - pblmax 

Dati backward:  839.858833908141::pwspeed::jd::u10m::pblmin::pbl12::tp::t2m::sp::wdir::rh::pblmax 

Scelgo il modello N-1 

---------- START ---------- 

                                                                                                                                           IT0870A
gam(log(value) ~ s(tmin2m) + s(jd) + s(u10m) + s(pblmin) + s(pbl12) + s(tp) + s(t2m) + s(sp) + s(wdir) + s(rh) + s(pbl00), data = .)      840.3101
gam(log(value) ~ s(tmax2m) + s(jd) + s(u10m) + s(pblmin) + s(pbl12) + s(tp) + s(t2m) + s(sp) + s(wdir) + s(rh) + s(pbl00), data = .)      840.8271
gam(log(value) ~ s(ptp) + s(jd) + s(u10m) + s(pblmin) + s(pbl12) + s(tp) + s(t2m) + s(sp) + s(wdir) + s(rh) + s(pbl00), data = .)         840.1637
gam(log(value) ~ s(v10m) + s(jd) + s(u10m) + s(pblmin) + s(pbl12) + s(tp) + s(t2m) + s(sp) + s(wdir) + s(rh) + s(pbl00), data = .)        841.1841
gam(log(value) ~ s(nirradiance) + s(jd) + s(u10m) + s(pblmin) + s(pbl12) + s(tp) + s(t2m) + s(sp) + s(wdir) + s(rh) + s(pbl00), data = .) 840.3503
gam(log(value) ~ s(wspeed) + s(jd) + s(u10m) + s(pblmin) + s(pbl12) + s(tp) + s(t2m) + s(sp) + s(wdir) + s(rh) + s(pbl00), data = .)      839.5051
gam(log(value) ~ s(pwspeed) + s(jd) + s(u10m) + s(pblmin) + s(pbl12) + s(tp) + s(t2m) + s(sp) + s(wdir) + s(rh) + s(pbl00), data = .)     839.5710

Modello migliore: wspeed - jd - u10m - pblmin - pbl12 - tp - t2m - sp - wdir - rh - pbl00 

Variabile scelta wspeed con AIC 839.505097026692  

Fine per scelta MODELLO 

jd + u10m + pblmin + pbl12 + tp + t2m + sp + wdir + rh + pbl00 

---------------------- 

NOTE: Log Print Time:  2021-05-11 14:43:50 
NOTE: Elapsed Time in seconds: 2.65117007096608 

Fine per scelta MODELLO 

jd + u10m + pblmin + pbl12 + tp + t2m + sp + wdir + rh + pbl00 

---------------------- 

NOTE: Log Print Time:  2021-05-11 14:43:50 
NOTE: Elapsed Time in seconds: 0.00109577178955078 

Fine per scelta MODELLO 

jd + u10m + pblmin + pbl12 + tp + t2m + sp + wdir + rh + pbl00 

---------------------- 

NOTE: Log Print Time:  2021-05-11 14:43:50 
NOTE: Elapsed Time in seconds: 0.000996112823486328 

Fine per scelta MODELLO 

jd + u10m + pblmin + pbl12 + tp + t2m + sp + wdir + rh + pbl00 

---------------------- 

NOTE: Log Print Time:  2021-05-11 14:43:50 
NOTE: Elapsed Time in seconds: 0.00100612640380859 

Fine per scelta MODELLO 

jd + u10m + pblmin + pbl12 + tp + t2m + sp + wdir + rh + pbl00 

---------------------- 

NOTE: Log Print Time:  2021-05-11 14:43:50 
NOTE: Elapsed Time in seconds: 0.00101780891418457 

Fine per scelta MODELLO 

jd + u10m + pblmin + pbl12 + tp + t2m + sp + wdir + rh + pbl00 

---------------------- 

NOTE: Log Print Time:  2021-05-11 14:43:50 
NOTE: Elapsed Time in seconds: 0.000983238220214844 

Fine per scelta MODELLO 

jd + u10m + pblmin + pbl12 + tp + t2m + sp + wdir + rh + pbl00 

---------------------- 

NOTE: Log Print Time:  2021-05-11 14:43:50 
NOTE: Elapsed Time in seconds: 0.000995397567749023 

Fine per scelta MODELLO 

jd + u10m + pblmin + pbl12 + tp + t2m + sp + wdir + rh + pbl00 

---------------------- 

NOTE: Log Print Time:  2021-05-11 14:43:50 
NOTE: Elapsed Time in seconds: 0.00102806091308594 

Fine per scelta MODELLO 

jd + u10m + pblmin + pbl12 + tp + t2m + sp + wdir + rh + pbl00 

---------------------- 

NOTE: Log Print Time:  2021-05-11 14:43:50 
NOTE: Elapsed Time in seconds: 0.000982999801635742 

Fine per scelta MODELLO 

jd + u10m + pblmin + pbl12 + tp + t2m + sp + wdir + rh + pbl00 

---------------------- 

NOTE: Log Print Time:  2021-05-11 14:43:50 
NOTE: Elapsed Time in seconds: 0.000984668731689453 

Fine per scelta MODELLO 

jd + u10m + pblmin + pbl12 + tp + t2m + sp + wdir + rh + pbl00 

---------------------- 

NOTE: Log Print Time:  2021-05-11 14:43:50 
NOTE: Elapsed Time in seconds: 0.000982999801635742 

========================================================================= 
Log End Time: 2021-05-11 14:43:50 
Log Elapsed Time: 0 00:00:02 
========================================================================= 
