========================================================================= 
Log Path: output/12/nox/log/pulvirus_nox_12_IT0989A.log 
Working Directory: /home/rmorelli/R/pulvirus/analisi/GAM/scelta 
User Name: rmorelli 
R Version: 4.0.5 (2021-03-31) 
Machine: pasqualino x86_64 
Operating System: Linux 4.19.0-13-amd64 #1 SMP Debian 4.19.160-2 (2020-11-28) 
Log Start Time: 2021-05-11 14:05:08 
========================================================================= 

Stazione: IT0989A 

---------- START ---------- 

                                            IT0989A
gam(log(value) ~ s(t2m), data = .)         2779.759
gam(log(value) ~ s(tmin2m), data = .)      2730.310
gam(log(value) ~ s(tmax2m), data = .)      2881.576
gam(log(value) ~ s(tp), data = .)          2917.870
gam(log(value) ~ s(ptp), data = .)         3034.908
gam(log(value) ~ s(rh), data = .)          3086.196
gam(log(value) ~ s(u10m), data = .)        2879.900
gam(log(value) ~ s(v10m), data = .)        2820.193
gam(log(value) ~ s(sp), data = .)          2922.786
gam(log(value) ~ s(nirradiance), data = .) 2757.429
gam(log(value) ~ s(pbl00), data = .)       2977.684
gam(log(value) ~ s(pbl12), data = .)       2664.964
gam(log(value) ~ s(pblmin), data = .)      2891.956
gam(log(value) ~ s(pblmax), data = .)      2667.832
gam(log(value) ~ s(wdir), data = .)        2922.317
gam(log(value) ~ s(wspeed), data = .)      2856.504
gam(log(value) ~ s(pwspeed), data = .)     3088.497
gam(log(value) ~ s(jd), data = .)          2422.835

Modello migliore: jd 

Variabile scelta jd con AIC 2422.83476954647  

---------- START ---------- 

                                                    IT0989A
gam(log(value) ~ s(t2m) + s(jd), data = .)         2396.217
gam(log(value) ~ s(tmin2m) + s(jd), data = .)      2362.573
gam(log(value) ~ s(tmax2m) + s(jd), data = .)      2413.291
gam(log(value) ~ s(tp) + s(jd), data = .)          2113.799
gam(log(value) ~ s(ptp) + s(jd), data = .)         2309.581
gam(log(value) ~ s(rh) + s(jd), data = .)          2136.389
gam(log(value) ~ s(u10m) + s(jd), data = .)        2127.280
gam(log(value) ~ s(v10m) + s(jd), data = .)        1845.136
gam(log(value) ~ s(sp) + s(jd), data = .)          2179.878
gam(log(value) ~ s(nirradiance) + s(jd), data = .) 2324.098
gam(log(value) ~ s(pbl00) + s(jd), data = .)       2000.531
gam(log(value) ~ s(pbl12) + s(jd), data = .)       2249.452
gam(log(value) ~ s(pblmin) + s(jd), data = .)      1757.207
gam(log(value) ~ s(pblmax) + s(jd), data = .)      2257.464
gam(log(value) ~ s(wdir) + s(jd), data = .)        2267.970
gam(log(value) ~ s(wspeed) + s(jd), data = .)      1798.639
gam(log(value) ~ s(pwspeed) + s(jd), data = .)     2318.030
gam(log(value) ~ s(jd) + s(jd), data = .)          2422.835

Modello migliore: pblmin - jd 

Variabile scelta pblmin con AIC 1757.2067990164  

Modelli BACKWARD 

                                                        IT0989A
gam(log(value) ~ s(t2m) + s(pblmin), data = .)         2231.713
gam(log(value) ~ s(tmin2m) + s(pblmin), data = .)      2277.581
gam(log(value) ~ s(tmax2m) + s(pblmin), data = .)      2311.954
gam(log(value) ~ s(tp) + s(pblmin), data = .)          2798.866
gam(log(value) ~ s(ptp) + s(pblmin), data = .)         2859.952
gam(log(value) ~ s(rh) + s(pblmin), data = .)          2883.590
gam(log(value) ~ s(u10m) + s(pblmin), data = .)        2716.273
gam(log(value) ~ s(v10m) + s(pblmin), data = .)        2783.409
gam(log(value) ~ s(sp) + s(pblmin), data = .)          2733.761
gam(log(value) ~ s(nirradiance) + s(pblmin), data = .) 2207.680
gam(log(value) ~ s(pbl00) + s(pblmin), data = .)       2889.090
gam(log(value) ~ s(pbl12) + s(pblmin), data = .)       2357.230
gam(log(value) ~ s(pblmax) + s(pblmin), data = .)      2346.114
gam(log(value) ~ s(wdir) + s(pblmin), data = .)        2701.599
gam(log(value) ~ s(wspeed) + s(pblmin), data = .)      2825.876
gam(log(value) ~ s(pwspeed) + s(pblmin), data = .)     2890.460

Modello migliore: nirradiance - pblmin 

Dati backward:  2207.67991631987::nirradiance::pblmin 

Scelgo il modello N 

---------- START ---------- 

                                                                IT0989A
gam(log(value) ~ s(t2m) + s(jd) + s(pblmin), data = .)         1672.682
gam(log(value) ~ s(tmin2m) + s(jd) + s(pblmin), data = .)      1671.836
gam(log(value) ~ s(tmax2m) + s(jd) + s(pblmin), data = .)      1716.390
gam(log(value) ~ s(tp) + s(jd) + s(pblmin), data = .)          1658.290
gam(log(value) ~ s(ptp) + s(jd) + s(pblmin), data = .)         1738.777
gam(log(value) ~ s(rh) + s(jd) + s(pblmin), data = .)          1679.719
gam(log(value) ~ s(u10m) + s(jd) + s(pblmin), data = .)        1672.601
gam(log(value) ~ s(v10m) + s(jd) + s(pblmin), data = .)        1619.184
gam(log(value) ~ s(sp) + s(jd) + s(pblmin), data = .)          1669.050
gam(log(value) ~ s(nirradiance) + s(jd) + s(pblmin), data = .) 1669.979
gam(log(value) ~ s(pbl00) + s(jd) + s(pblmin), data = .)       1740.086
gam(log(value) ~ s(pbl12) + s(jd) + s(pblmin), data = .)       1619.753
gam(log(value) ~ s(pblmax) + s(jd) + s(pblmin), data = .)      1615.807
gam(log(value) ~ s(wdir) + s(jd) + s(pblmin), data = .)        1683.320
gam(log(value) ~ s(wspeed) + s(jd) + s(pblmin), data = .)      1633.171
gam(log(value) ~ s(pwspeed) + s(jd) + s(pblmin), data = .)     1754.220

Modello migliore: pblmax - jd - pblmin 

Variabile scelta pblmax con AIC 1615.8067445642  

Modelli BACKWARD 

                                                                IT0989A
gam(log(value) ~ s(t2m) + s(jd) + s(pblmax), data = .)         2242.387
gam(log(value) ~ s(tmin2m) + s(jd) + s(pblmax), data = .)      2200.550
gam(log(value) ~ s(tmax2m) + s(jd) + s(pblmax), data = .)      2245.051
gam(log(value) ~ s(tp) + s(jd) + s(pblmax), data = .)          1892.497
gam(log(value) ~ s(ptp) + s(jd) + s(pblmax), data = .)         2162.880
gam(log(value) ~ s(rh) + s(jd) + s(pblmax), data = .)          1838.649
gam(log(value) ~ s(u10m) + s(jd) + s(pblmax), data = .)        1996.347
gam(log(value) ~ s(v10m) + s(jd) + s(pblmax), data = .)        1756.206
gam(log(value) ~ s(sp) + s(jd) + s(pblmax), data = .)          2042.830
gam(log(value) ~ s(nirradiance) + s(jd) + s(pblmax), data = .) 2045.979
gam(log(value) ~ s(pbl00) + s(jd) + s(pblmax), data = .)       1874.466
gam(log(value) ~ s(pbl12) + s(jd) + s(pblmax), data = .)       2235.038
gam(log(value) ~ s(wdir) + s(jd) + s(pblmax), data = .)        2145.673
gam(log(value) ~ s(wspeed) + s(jd) + s(pblmax), data = .)      1687.773
gam(log(value) ~ s(pwspeed) + s(jd) + s(pblmax), data = .)     2164.482

Modello migliore: wspeed - jd - pblmax 

Dati backward:  1687.77283672049::wspeed::jd::pblmax 

Scelgo il modello N 

---------- START ---------- 

                                                                            IT0989A
gam(log(value) ~ s(t2m) + s(jd) + s(pblmin) + s(pblmax), data = .)         1535.496
gam(log(value) ~ s(tmin2m) + s(jd) + s(pblmin) + s(pblmax), data = .)      1521.125
gam(log(value) ~ s(tmax2m) + s(jd) + s(pblmin) + s(pblmax), data = .)      1582.433
gam(log(value) ~ s(tp) + s(jd) + s(pblmin) + s(pblmax), data = .)          1463.356
gam(log(value) ~ s(ptp) + s(jd) + s(pblmin) + s(pblmax), data = .)         1600.617
gam(log(value) ~ s(rh) + s(jd) + s(pblmin) + s(pblmax), data = .)          1447.253
gam(log(value) ~ s(u10m) + s(jd) + s(pblmin) + s(pblmax), data = .)        1543.891
gam(log(value) ~ s(v10m) + s(jd) + s(pblmin) + s(pblmax), data = .)        1490.567
gam(log(value) ~ s(sp) + s(jd) + s(pblmin) + s(pblmax), data = .)          1543.684
gam(log(value) ~ s(nirradiance) + s(jd) + s(pblmin) + s(pblmax), data = .) 1520.962
gam(log(value) ~ s(pbl00) + s(jd) + s(pblmin) + s(pblmax), data = .)       1601.983
gam(log(value) ~ s(pbl12) + s(jd) + s(pblmin) + s(pblmax), data = .)       1609.876
gam(log(value) ~ s(wdir) + s(jd) + s(pblmin) + s(pblmax), data = .)        1557.557
gam(log(value) ~ s(wspeed) + s(jd) + s(pblmin) + s(pblmax), data = .)      1507.900
gam(log(value) ~ s(pwspeed) + s(jd) + s(pblmin) + s(pblmax), data = .)     1612.069

Modello migliore: rh - jd - pblmin - pblmax 

Variabile scelta rh con AIC 1447.25267803785  

Modelli BACKWARD 

                                                                        IT0989A
gam(log(value) ~ s(t2m) + s(jd) + s(pblmin) + s(rh), data = .)         1588.786
gam(log(value) ~ s(tmin2m) + s(jd) + s(pblmin) + s(rh), data = .)      1614.040
gam(log(value) ~ s(tmax2m) + s(jd) + s(pblmin) + s(rh), data = .)      1609.100
gam(log(value) ~ s(tp) + s(jd) + s(pblmin) + s(rh), data = .)          1643.535
gam(log(value) ~ s(ptp) + s(jd) + s(pblmin) + s(rh), data = .)         1679.822
gam(log(value) ~ s(u10m) + s(jd) + s(pblmin) + s(rh), data = .)        1592.390
gam(log(value) ~ s(v10m) + s(jd) + s(pblmin) + s(rh), data = .)        1561.276
gam(log(value) ~ s(sp) + s(jd) + s(pblmin) + s(rh), data = .)          1633.005
gam(log(value) ~ s(nirradiance) + s(jd) + s(pblmin) + s(rh), data = .) 1434.442
gam(log(value) ~ s(pbl00) + s(jd) + s(pblmin) + s(rh), data = .)       1665.619
gam(log(value) ~ s(pbl12) + s(jd) + s(pblmin) + s(rh), data = .)       1459.849
gam(log(value) ~ s(wdir) + s(jd) + s(pblmin) + s(rh), data = .)        1622.546
gam(log(value) ~ s(wspeed) + s(jd) + s(pblmin) + s(rh), data = .)      1526.304
gam(log(value) ~ s(pwspeed) + s(jd) + s(pblmin) + s(rh), data = .)     1678.053

Modello migliore: nirradiance - jd - pblmin - rh 

Dati backward:  1434.44217405908::nirradiance::jd::pblmin::rh 

Scelgo il modello N 

---------- START ---------- 

                                                                                    IT0989A
gam(log(value) ~ s(t2m) + s(jd) + s(pblmin) + s(pblmax) + s(rh), data = .)         1373.456
gam(log(value) ~ s(tmin2m) + s(jd) + s(pblmin) + s(pblmax) + s(rh), data = .)      1382.926
gam(log(value) ~ s(tmax2m) + s(jd) + s(pblmin) + s(pblmax) + s(rh), data = .)      1395.009
gam(log(value) ~ s(tp) + s(jd) + s(pblmin) + s(pblmax) + s(rh), data = .)          1414.593
gam(log(value) ~ s(ptp) + s(jd) + s(pblmin) + s(pblmax) + s(rh), data = .)         1448.441
gam(log(value) ~ s(u10m) + s(jd) + s(pblmin) + s(pblmax) + s(rh), data = .)        1358.413
gam(log(value) ~ s(v10m) + s(jd) + s(pblmin) + s(pblmax) + s(rh), data = .)        1357.481
gam(log(value) ~ s(sp) + s(jd) + s(pblmin) + s(pblmax) + s(rh), data = .)          1431.851
gam(log(value) ~ s(nirradiance) + s(jd) + s(pblmin) + s(pblmax) + s(rh), data = .) 1336.479
gam(log(value) ~ s(pbl00) + s(jd) + s(pblmin) + s(pblmax) + s(rh), data = .)       1428.663
gam(log(value) ~ s(pbl12) + s(jd) + s(pblmin) + s(pblmax) + s(rh), data = .)       1438.507
gam(log(value) ~ s(wdir) + s(jd) + s(pblmin) + s(pblmax) + s(rh), data = .)        1412.643
gam(log(value) ~ s(wspeed) + s(jd) + s(pblmin) + s(pblmax) + s(rh), data = .)      1302.601
gam(log(value) ~ s(pwspeed) + s(jd) + s(pblmin) + s(pblmax) + s(rh), data = .)     1445.726

Modello migliore: wspeed - jd - pblmin - pblmax - rh 

Variabile scelta wspeed con AIC 1302.60094127704  

Modelli BACKWARD 

                                                                                        IT0989A
gam(log(value) ~ s(t2m) + s(jd) + s(pblmin) + s(pblmax) + s(wspeed), data = .)         1370.544
gam(log(value) ~ s(tmin2m) + s(jd) + s(pblmin) + s(pblmax) + s(wspeed), data = .)      1357.507
gam(log(value) ~ s(tmax2m) + s(jd) + s(pblmin) + s(pblmax) + s(wspeed), data = .)      1442.120
gam(log(value) ~ s(tp) + s(jd) + s(pblmin) + s(pblmax) + s(wspeed), data = .)          1323.625
gam(log(value) ~ s(ptp) + s(jd) + s(pblmin) + s(pblmax) + s(wspeed), data = .)         1488.242
gam(log(value) ~ s(u10m) + s(jd) + s(pblmin) + s(pblmax) + s(wspeed), data = .)        1448.337
gam(log(value) ~ s(v10m) + s(jd) + s(pblmin) + s(pblmax) + s(wspeed), data = .)        1441.072
gam(log(value) ~ s(sp) + s(jd) + s(pblmin) + s(pblmax) + s(wspeed), data = .)          1430.899
gam(log(value) ~ s(nirradiance) + s(jd) + s(pblmin) + s(pblmax) + s(wspeed), data = .) 1411.344
gam(log(value) ~ s(pbl00) + s(jd) + s(pblmin) + s(pblmax) + s(wspeed), data = .)       1502.015
gam(log(value) ~ s(pbl12) + s(jd) + s(pblmin) + s(pblmax) + s(wspeed), data = .)       1505.962
gam(log(value) ~ s(wdir) + s(jd) + s(pblmin) + s(pblmax) + s(wspeed), data = .)        1441.196
gam(log(value) ~ s(pwspeed) + s(jd) + s(pblmin) + s(pblmax) + s(wspeed), data = .)     1504.960

Modello migliore: tp - jd - pblmin - pblmax - wspeed 

Dati backward:  1323.6253420387::tp::jd::pblmin::pblmax::wspeed 

Scelgo il modello N 

---------- START ---------- 

                                                                                                IT0989A
gam(log(value) ~ s(t2m) + s(jd) + s(pblmin) + s(pblmax) + s(rh) + s(wspeed), data = .)         1157.003
gam(log(value) ~ s(tmin2m) + s(jd) + s(pblmin) + s(pblmax) + s(rh) + s(wspeed), data = .)      1184.764
gam(log(value) ~ s(tmax2m) + s(jd) + s(pblmin) + s(pblmax) + s(rh) + s(wspeed), data = .)      1189.229
gam(log(value) ~ s(tp) + s(jd) + s(pblmin) + s(pblmax) + s(rh) + s(wspeed), data = .)          1266.961
gam(log(value) ~ s(ptp) + s(jd) + s(pblmin) + s(pblmax) + s(rh) + s(wspeed), data = .)         1302.556
gam(log(value) ~ s(u10m) + s(jd) + s(pblmin) + s(pblmax) + s(rh) + s(wspeed), data = .)        1269.538
gam(log(value) ~ s(v10m) + s(jd) + s(pblmin) + s(pblmax) + s(rh) + s(wspeed), data = .)        1271.986
gam(log(value) ~ s(sp) + s(jd) + s(pblmin) + s(pblmax) + s(rh) + s(wspeed), data = .)          1286.653
gam(log(value) ~ s(nirradiance) + s(jd) + s(pblmin) + s(pblmax) + s(rh) + s(wspeed), data = .) 1169.648
gam(log(value) ~ s(pbl00) + s(jd) + s(pblmin) + s(pblmax) + s(rh) + s(wspeed), data = .)       1287.415
gam(log(value) ~ s(pbl12) + s(jd) + s(pblmin) + s(pblmax) + s(rh) + s(wspeed), data = .)       1299.564
gam(log(value) ~ s(wdir) + s(jd) + s(pblmin) + s(pblmax) + s(rh) + s(wspeed), data = .)        1271.326
gam(log(value) ~ s(pwspeed) + s(jd) + s(pblmin) + s(pblmax) + s(rh) + s(wspeed), data = .)     1300.884

Modello migliore: t2m - jd - pblmin - pblmax - rh - wspeed 

Variabile scelta t2m con AIC 1157.00268973725  

Modelli BACKWARD 

                                                                                             IT0989A
gam(log(value) ~ s(tmin2m) + s(jd) + s(pblmin) + s(pblmax) + s(rh) + s(t2m), data = .)      1374.295
gam(log(value) ~ s(tmax2m) + s(jd) + s(pblmin) + s(pblmax) + s(rh) + s(t2m), data = .)      1363.420
gam(log(value) ~ s(tp) + s(jd) + s(pblmin) + s(pblmax) + s(rh) + s(t2m), data = .)          1328.753
gam(log(value) ~ s(ptp) + s(jd) + s(pblmin) + s(pblmax) + s(rh) + s(t2m), data = .)         1374.212
gam(log(value) ~ s(u10m) + s(jd) + s(pblmin) + s(pblmax) + s(rh) + s(t2m), data = .)        1240.932
gam(log(value) ~ s(v10m) + s(jd) + s(pblmin) + s(pblmax) + s(rh) + s(t2m), data = .)        1263.575
gam(log(value) ~ s(sp) + s(jd) + s(pblmin) + s(pblmax) + s(rh) + s(t2m), data = .)          1341.319
gam(log(value) ~ s(nirradiance) + s(jd) + s(pblmin) + s(pblmax) + s(rh) + s(t2m), data = .) 1287.520
gam(log(value) ~ s(pbl00) + s(jd) + s(pblmin) + s(pblmax) + s(rh) + s(t2m), data = .)       1345.292
gam(log(value) ~ s(pbl12) + s(jd) + s(pblmin) + s(pblmax) + s(rh) + s(t2m), data = .)       1363.426
gam(log(value) ~ s(wdir) + s(jd) + s(pblmin) + s(pblmax) + s(rh) + s(t2m), data = .)        1339.469
gam(log(value) ~ s(pwspeed) + s(jd) + s(pblmin) + s(pblmax) + s(rh) + s(t2m), data = .)     1363.913

Modello migliore: u10m - jd - pblmin - pblmax - rh - t2m 

Dati backward:  1240.9319581475::u10m::jd::pblmin::pblmax::rh::t2m 

Scelgo il modello N 

---------- START ---------- 

                                                                                                         IT0989A
gam(log(value) ~ s(tmin2m) + s(jd) + s(pblmin) + s(pblmax) + s(rh) + s(wspeed) + s(t2m), data = .)      1155.337
gam(log(value) ~ s(tmax2m) + s(jd) + s(pblmin) + s(pblmax) + s(rh) + s(wspeed) + s(t2m), data = .)      1152.067
gam(log(value) ~ s(tp) + s(jd) + s(pblmin) + s(pblmax) + s(rh) + s(wspeed) + s(t2m), data = .)          1106.012
gam(log(value) ~ s(ptp) + s(jd) + s(pblmin) + s(pblmax) + s(rh) + s(wspeed) + s(t2m), data = .)         1154.536
gam(log(value) ~ s(u10m) + s(jd) + s(pblmin) + s(pblmax) + s(rh) + s(wspeed) + s(t2m), data = .)        1126.909
gam(log(value) ~ s(v10m) + s(jd) + s(pblmin) + s(pblmax) + s(rh) + s(wspeed) + s(t2m), data = .)        1148.399
gam(log(value) ~ s(sp) + s(jd) + s(pblmin) + s(pblmax) + s(rh) + s(wspeed) + s(t2m), data = .)          1121.537
gam(log(value) ~ s(nirradiance) + s(jd) + s(pblmin) + s(pblmax) + s(rh) + s(wspeed) + s(t2m), data = .) 1063.832
gam(log(value) ~ s(pbl00) + s(jd) + s(pblmin) + s(pblmax) + s(rh) + s(wspeed) + s(t2m), data = .)       1136.984
gam(log(value) ~ s(pbl12) + s(jd) + s(pblmin) + s(pblmax) + s(rh) + s(wspeed) + s(t2m), data = .)       1155.424
gam(log(value) ~ s(wdir) + s(jd) + s(pblmin) + s(pblmax) + s(rh) + s(wspeed) + s(t2m), data = .)        1140.179
gam(log(value) ~ s(pwspeed) + s(jd) + s(pblmin) + s(pblmax) + s(rh) + s(wspeed) + s(t2m), data = .)     1157.176

Modello migliore: nirradiance - jd - pblmin - pblmax - rh - wspeed - t2m 

Variabile scelta nirradiance con AIC 1063.83175054243  

Modelli BACKWARD 

                                                                                                             IT0989A
gam(log(value) ~ s(tmin2m) + s(jd) + s(pblmin) + s(pblmax) + s(rh) + s(wspeed) + s(nirradiance), data = .)  1066.772
gam(log(value) ~ s(tmax2m) + s(jd) + s(pblmin) + s(pblmax) + s(rh) + s(wspeed) + s(nirradiance), data = .)  1104.284
gam(log(value) ~ s(tp) + s(jd) + s(pblmin) + s(pblmax) + s(rh) + s(wspeed) + s(nirradiance), data = .)      1104.319
gam(log(value) ~ s(ptp) + s(jd) + s(pblmin) + s(pblmax) + s(rh) + s(wspeed) + s(nirradiance), data = .)     1169.918
gam(log(value) ~ s(u10m) + s(jd) + s(pblmin) + s(pblmax) + s(rh) + s(wspeed) + s(nirradiance), data = .)    1152.383
gam(log(value) ~ s(v10m) + s(jd) + s(pblmin) + s(pblmax) + s(rh) + s(wspeed) + s(nirradiance), data = .)    1148.104
gam(log(value) ~ s(sp) + s(jd) + s(pblmin) + s(pblmax) + s(rh) + s(wspeed) + s(nirradiance), data = .)      1152.207
gam(log(value) ~ s(pbl00) + s(jd) + s(pblmin) + s(pblmax) + s(rh) + s(wspeed) + s(nirradiance), data = .)   1161.724
gam(log(value) ~ s(pbl12) + s(jd) + s(pblmin) + s(pblmax) + s(rh) + s(wspeed) + s(nirradiance), data = .)   1170.545
gam(log(value) ~ s(wdir) + s(jd) + s(pblmin) + s(pblmax) + s(rh) + s(wspeed) + s(nirradiance), data = .)    1145.688
gam(log(value) ~ s(pwspeed) + s(jd) + s(pblmin) + s(pblmax) + s(rh) + s(wspeed) + s(nirradiance), data = .) 1164.155

Modello migliore: tmin2m - jd - pblmin - pblmax - rh - wspeed - nirradiance 

Dati backward:  1066.77185564196::tmin2m::jd::pblmin::pblmax::rh::wspeed::nirradiance 

Scelgo il modello N-1 

---------- START ---------- 

                                                                                                     IT0989A
gam(log(value) ~ s(tmin2m) + s(jd) + s(pblmin) + s(pblmax) + s(rh) + s(wspeed) + s(t2m), data = .)  1155.337
gam(log(value) ~ s(tmax2m) + s(jd) + s(pblmin) + s(pblmax) + s(rh) + s(wspeed) + s(t2m), data = .)  1152.067
gam(log(value) ~ s(tp) + s(jd) + s(pblmin) + s(pblmax) + s(rh) + s(wspeed) + s(t2m), data = .)      1106.012
gam(log(value) ~ s(ptp) + s(jd) + s(pblmin) + s(pblmax) + s(rh) + s(wspeed) + s(t2m), data = .)     1154.536
gam(log(value) ~ s(u10m) + s(jd) + s(pblmin) + s(pblmax) + s(rh) + s(wspeed) + s(t2m), data = .)    1126.909
gam(log(value) ~ s(v10m) + s(jd) + s(pblmin) + s(pblmax) + s(rh) + s(wspeed) + s(t2m), data = .)    1148.399
gam(log(value) ~ s(sp) + s(jd) + s(pblmin) + s(pblmax) + s(rh) + s(wspeed) + s(t2m), data = .)      1121.537
gam(log(value) ~ s(pbl00) + s(jd) + s(pblmin) + s(pblmax) + s(rh) + s(wspeed) + s(t2m), data = .)   1136.984
gam(log(value) ~ s(pbl12) + s(jd) + s(pblmin) + s(pblmax) + s(rh) + s(wspeed) + s(t2m), data = .)   1155.424
gam(log(value) ~ s(wdir) + s(jd) + s(pblmin) + s(pblmax) + s(rh) + s(wspeed) + s(t2m), data = .)    1140.179
gam(log(value) ~ s(pwspeed) + s(jd) + s(pblmin) + s(pblmax) + s(rh) + s(wspeed) + s(t2m), data = .) 1157.176

Modello migliore: tp - jd - pblmin - pblmax - rh - wspeed - t2m 

Variabile scelta tp con AIC 1106.01197040281  

Fine per scelta MODELLO 

jd + pblmin + pblmax + rh + wspeed + t2m 

---------------------- 

NOTE: Log Print Time:  2021-05-11 14:06:30 
NOTE: Elapsed Time in seconds: 1.37049824396769 

Fine per scelta MODELLO 

jd + pblmin + pblmax + rh + wspeed + t2m 

---------------------- 

NOTE: Log Print Time:  2021-05-11 14:06:30 
NOTE: Elapsed Time in seconds: 0.00110030174255371 

Fine per scelta MODELLO 

jd + pblmin + pblmax + rh + wspeed + t2m 

---------------------- 

NOTE: Log Print Time:  2021-05-11 14:06:30 
NOTE: Elapsed Time in seconds: 0.000980377197265625 

Fine per scelta MODELLO 

jd + pblmin + pblmax + rh + wspeed + t2m 

---------------------- 

NOTE: Log Print Time:  2021-05-11 14:06:30 
NOTE: Elapsed Time in seconds: 0.000994205474853516 

Fine per scelta MODELLO 

jd + pblmin + pblmax + rh + wspeed + t2m 

---------------------- 

NOTE: Log Print Time:  2021-05-11 14:06:30 
NOTE: Elapsed Time in seconds: 0.000971555709838867 

Fine per scelta MODELLO 

jd + pblmin + pblmax + rh + wspeed + t2m 

---------------------- 

NOTE: Log Print Time:  2021-05-11 14:06:30 
NOTE: Elapsed Time in seconds: 0.000977516174316406 

Fine per scelta MODELLO 

jd + pblmin + pblmax + rh + wspeed + t2m 

---------------------- 

NOTE: Log Print Time:  2021-05-11 14:06:30 
NOTE: Elapsed Time in seconds: 0.000977754592895508 

========================================================================= 
Log End Time: 2021-05-11 14:06:30 
Log Elapsed Time: 0 00:00:01 
========================================================================= 
