========================================================================= 
Log Path: output/2/pm10/log/pulvirus_pm10_2_IT2233A.log 
Working Directory: /home/rmorelli/R/pulvirus/analisi/GAM/scelta 
User Name: rmorelli 
R Version: 4.0.5 (2021-03-31) 
Machine: pasqualino x86_64 
Operating System: Linux 4.19.0-13-amd64 #1 SMP Debian 4.19.160-2 (2020-11-28) 
Log Start Time: 2021-05-11 10:40:00 
========================================================================= 

Stazione: IT2233A 

---------- START ---------- 

                                            IT2233A
gam(log(value) ~ s(t2m), data = .)         4020.680
gam(log(value) ~ s(tmin2m), data = .)      4006.205
gam(log(value) ~ s(tmax2m), data = .)      4054.255
gam(log(value) ~ s(tp), data = .)          4020.159
gam(log(value) ~ s(ptp), data = .)         3751.049
gam(log(value) ~ s(rh), data = .)          3993.240
gam(log(value) ~ s(u10m), data = .)        3732.368
gam(log(value) ~ s(v10m), data = .)        3826.526
gam(log(value) ~ s(sp), data = .)          3992.743
gam(log(value) ~ s(nirradiance), data = .) 3994.852
gam(log(value) ~ s(pbl00), data = .)       3589.326
gam(log(value) ~ s(pbl12), data = .)       3720.083
gam(log(value) ~ s(pblmin), data = .)      3698.900
gam(log(value) ~ s(pblmax), data = .)      3739.665
gam(log(value) ~ s(wdir), data = .)        4002.750
gam(log(value) ~ s(wspeed), data = .)      3728.582
gam(log(value) ~ s(pwspeed), data = .)     3995.806
gam(log(value) ~ s(jd), data = .)          3897.392

Modello migliore: pbl00 

Variabile scelta pbl00 con AIC 3589.32608645603  

---------- START ---------- 

                                                       IT2233A
gam(log(value) ~ s(t2m) + s(pbl00), data = .)         3535.977
gam(log(value) ~ s(tmin2m) + s(pbl00), data = .)      3532.644
gam(log(value) ~ s(tmax2m) + s(pbl00), data = .)      3553.020
gam(log(value) ~ s(tp) + s(pbl00), data = .)          3554.109
gam(log(value) ~ s(ptp) + s(pbl00), data = .)         3442.006
gam(log(value) ~ s(rh) + s(pbl00), data = .)          3534.304
gam(log(value) ~ s(u10m) + s(pbl00), data = .)        3423.089
gam(log(value) ~ s(v10m) + s(pbl00), data = .)        3494.360
gam(log(value) ~ s(sp) + s(pbl00), data = .)          3561.766
gam(log(value) ~ s(nirradiance) + s(pbl00), data = .) 3484.830
gam(log(value) ~ s(pbl00) + s(pbl00), data = .)       3589.326
gam(log(value) ~ s(pbl12) + s(pbl00), data = .)       3344.367
gam(log(value) ~ s(pblmin) + s(pbl00), data = .)      3539.389
gam(log(value) ~ s(pblmax) + s(pbl00), data = .)      3345.677
gam(log(value) ~ s(wdir) + s(pbl00), data = .)        3515.418
gam(log(value) ~ s(wspeed) + s(pbl00), data = .)      3465.486
gam(log(value) ~ s(pwspeed) + s(pbl00), data = .)     3587.107
gam(log(value) ~ s(jd) + s(pbl00), data = .)          3413.737

Modello migliore: pbl12 - pbl00 

Variabile scelta pbl12 con AIC 3344.36735527682  

Modelli BACKWARD 

                                                       IT2233A
gam(log(value) ~ s(t2m) + s(pbl12), data = .)         3573.798
gam(log(value) ~ s(tmin2m) + s(pbl12), data = .)      3617.660
gam(log(value) ~ s(tmax2m) + s(pbl12), data = .)      3548.760
gam(log(value) ~ s(tp) + s(pbl12), data = .)          3635.359
gam(log(value) ~ s(ptp) + s(pbl12), data = .)         3380.917
gam(log(value) ~ s(rh) + s(pbl12), data = .)          3647.179
gam(log(value) ~ s(u10m) + s(pbl12), data = .)        3397.703
gam(log(value) ~ s(v10m) + s(pbl12), data = .)        3398.284
gam(log(value) ~ s(sp) + s(pbl12), data = .)          3588.050
gam(log(value) ~ s(nirradiance) + s(pbl12), data = .) 3628.419
gam(log(value) ~ s(pblmin) + s(pbl12), data = .)      3428.546
gam(log(value) ~ s(pblmax) + s(pbl12), data = .)      3700.920
gam(log(value) ~ s(wdir) + s(pbl12), data = .)        3616.745
gam(log(value) ~ s(wspeed) + s(pbl12), data = .)      3366.937
gam(log(value) ~ s(pwspeed) + s(pbl12), data = .)     3580.791
gam(log(value) ~ s(jd) + s(pbl12), data = .)          3705.277

Modello migliore: wspeed - pbl12 

Dati backward:  3366.93681968798::wspeed::pbl12 

Scelgo il modello N 

---------- START ---------- 

                                                                  IT2233A
gam(log(value) ~ s(t2m) + s(pbl00) + s(pbl12), data = .)         3287.812
gam(log(value) ~ s(tmin2m) + s(pbl00) + s(pbl12), data = .)      3300.558
gam(log(value) ~ s(tmax2m) + s(pbl00) + s(pbl12), data = .)      3275.759
gam(log(value) ~ s(tp) + s(pbl00) + s(pbl12), data = .)          3303.429
gam(log(value) ~ s(ptp) + s(pbl00) + s(pbl12), data = .)         3168.282
gam(log(value) ~ s(rh) + s(pbl00) + s(pbl12), data = .)          3303.697
gam(log(value) ~ s(u10m) + s(pbl00) + s(pbl12), data = .)        3182.394
gam(log(value) ~ s(v10m) + s(pbl00) + s(pbl12), data = .)        3194.891
gam(log(value) ~ s(sp) + s(pbl00) + s(pbl12), data = .)          3283.282
gam(log(value) ~ s(nirradiance) + s(pbl00) + s(pbl12), data = .) 3302.389
gam(log(value) ~ s(pblmin) + s(pbl00) + s(pbl12), data = .)      3304.167
gam(log(value) ~ s(pblmax) + s(pbl00) + s(pbl12), data = .)      3334.336
gam(log(value) ~ s(wdir) + s(pbl00) + s(pbl12), data = .)        3300.362
gam(log(value) ~ s(wspeed) + s(pbl00) + s(pbl12), data = .)      3197.438
gam(log(value) ~ s(pwspeed) + s(pbl00) + s(pbl12), data = .)     3325.966
gam(log(value) ~ s(jd) + s(pbl00) + s(pbl12), data = .)          3324.671

Modello migliore: ptp - pbl00 - pbl12 

Variabile scelta ptp con AIC 3168.28206056092  

Modelli BACKWARD 

                                                                IT2233A
gam(log(value) ~ s(t2m) + s(pbl00) + s(ptp), data = .)         3370.666
gam(log(value) ~ s(tmin2m) + s(pbl00) + s(ptp), data = .)      3375.323
gam(log(value) ~ s(tmax2m) + s(pbl00) + s(ptp), data = .)      3380.095
gam(log(value) ~ s(tp) + s(pbl00) + s(ptp), data = .)          3442.326
gam(log(value) ~ s(rh) + s(pbl00) + s(ptp), data = .)          3400.144
gam(log(value) ~ s(u10m) + s(pbl00) + s(ptp), data = .)        3266.458
gam(log(value) ~ s(v10m) + s(pbl00) + s(ptp), data = .)        3335.410
gam(log(value) ~ s(sp) + s(pbl00) + s(ptp), data = .)          3428.756
gam(log(value) ~ s(nirradiance) + s(pbl00) + s(ptp), data = .) 3285.304
gam(log(value) ~ s(pblmin) + s(pbl00) + s(ptp), data = .)      3400.830
gam(log(value) ~ s(pblmax) + s(pbl00) + s(ptp), data = .)      3166.163
gam(log(value) ~ s(wdir) + s(pbl00) + s(ptp), data = .)        3369.632
gam(log(value) ~ s(wspeed) + s(pbl00) + s(ptp), data = .)      3317.162
gam(log(value) ~ s(pwspeed) + s(pbl00) + s(ptp), data = .)     3438.628
gam(log(value) ~ s(jd) + s(pbl00) + s(ptp), data = .)          3237.045

Modello migliore: pblmax - pbl00 - ptp 

Dati backward:  3166.16251236314::pblmax::pbl00::ptp 

Scelgo il modello N 

---------- START ---------- 

                                                                           IT2233A
gam(log(value) ~ s(t2m) + s(pbl00) + s(pbl12) + s(ptp), data = .)         3119.338
gam(log(value) ~ s(tmin2m) + s(pbl00) + s(pbl12) + s(ptp), data = .)      3125.430
gam(log(value) ~ s(tmax2m) + s(pbl00) + s(pbl12) + s(ptp), data = .)      3116.665
gam(log(value) ~ s(tp) + s(pbl00) + s(pbl12) + s(ptp), data = .)          3161.655
gam(log(value) ~ s(rh) + s(pbl00) + s(pbl12) + s(ptp), data = .)          3162.046
gam(log(value) ~ s(u10m) + s(pbl00) + s(pbl12) + s(ptp), data = .)        3001.554
gam(log(value) ~ s(v10m) + s(pbl00) + s(pbl12) + s(ptp), data = .)        2996.135
gam(log(value) ~ s(sp) + s(pbl00) + s(pbl12) + s(ptp), data = .)          3132.308
gam(log(value) ~ s(nirradiance) + s(pbl00) + s(pbl12) + s(ptp), data = .) 3157.825
gam(log(value) ~ s(pblmin) + s(pbl00) + s(pbl12) + s(ptp), data = .)      3133.971
gam(log(value) ~ s(pblmax) + s(pbl00) + s(pbl12) + s(ptp), data = .)      3156.516
gam(log(value) ~ s(wdir) + s(pbl00) + s(pbl12) + s(ptp), data = .)        3113.196
gam(log(value) ~ s(wspeed) + s(pbl00) + s(pbl12) + s(ptp), data = .)      3014.643
gam(log(value) ~ s(pwspeed) + s(pbl00) + s(pbl12) + s(ptp), data = .)     3144.900
gam(log(value) ~ s(jd) + s(pbl00) + s(pbl12) + s(ptp), data = .)          3141.561

Modello migliore: v10m - pbl00 - pbl12 - ptp 

Variabile scelta v10m con AIC 2996.13451445708  

Modelli BACKWARD 

                                                                            IT2233A
gam(log(value) ~ s(t2m) + s(pbl00) + s(pbl12) + s(v10m), data = .)         3177.835
gam(log(value) ~ s(tmin2m) + s(pbl00) + s(pbl12) + s(v10m), data = .)      3183.613
gam(log(value) ~ s(tmax2m) + s(pbl00) + s(pbl12) + s(v10m), data = .)      3169.401
gam(log(value) ~ s(tp) + s(pbl00) + s(pbl12) + s(v10m), data = .)          3109.238
gam(log(value) ~ s(rh) + s(pbl00) + s(pbl12) + s(v10m), data = .)          3128.517
gam(log(value) ~ s(u10m) + s(pbl00) + s(pbl12) + s(v10m), data = .)        3148.006
gam(log(value) ~ s(sp) + s(pbl00) + s(pbl12) + s(v10m), data = .)          3137.713
gam(log(value) ~ s(nirradiance) + s(pbl00) + s(pbl12) + s(v10m), data = .) 3168.647
gam(log(value) ~ s(pblmin) + s(pbl00) + s(pbl12) + s(v10m), data = .)      3180.062
gam(log(value) ~ s(pblmax) + s(pbl00) + s(pbl12) + s(v10m), data = .)      3190.155
gam(log(value) ~ s(wdir) + s(pbl00) + s(pbl12) + s(v10m), data = .)        3187.521
gam(log(value) ~ s(wspeed) + s(pbl00) + s(pbl12) + s(v10m), data = .)      3157.528
gam(log(value) ~ s(pwspeed) + s(pbl00) + s(pbl12) + s(v10m), data = .)     3176.944
gam(log(value) ~ s(jd) + s(pbl00) + s(pbl12) + s(v10m), data = .)          3139.517

Modello migliore: tp - pbl00 - pbl12 - v10m 

Dati backward:  3109.23847573797::tp::pbl00::pbl12::v10m 

Scelgo il modello N 

---------- START ---------- 

                                                                                     IT2233A
gam(log(value) ~ s(t2m) + s(pbl00) + s(pbl12) + s(ptp) + s(v10m), data = .)         2984.937
gam(log(value) ~ s(tmin2m) + s(pbl00) + s(pbl12) + s(ptp) + s(v10m), data = .)      2987.194
gam(log(value) ~ s(tmax2m) + s(pbl00) + s(pbl12) + s(ptp) + s(v10m), data = .)      2982.905
gam(log(value) ~ s(tp) + s(pbl00) + s(pbl12) + s(ptp) + s(v10m), data = .)          2967.490
gam(log(value) ~ s(rh) + s(pbl00) + s(pbl12) + s(ptp) + s(v10m), data = .)          2983.887
gam(log(value) ~ s(u10m) + s(pbl00) + s(pbl12) + s(ptp) + s(v10m), data = .)        2958.699
gam(log(value) ~ s(sp) + s(pbl00) + s(pbl12) + s(ptp) + s(v10m), data = .)          2964.704
gam(log(value) ~ s(nirradiance) + s(pbl00) + s(pbl12) + s(ptp) + s(v10m), data = .) 2991.719
gam(log(value) ~ s(pblmin) + s(pbl00) + s(pbl12) + s(ptp) + s(v10m), data = .)      2984.362
gam(log(value) ~ s(pblmax) + s(pbl00) + s(pbl12) + s(ptp) + s(v10m), data = .)      2990.121
gam(log(value) ~ s(wdir) + s(pbl00) + s(pbl12) + s(ptp) + s(v10m), data = .)        2994.427
gam(log(value) ~ s(wspeed) + s(pbl00) + s(pbl12) + s(ptp) + s(v10m), data = .)      2954.859
gam(log(value) ~ s(pwspeed) + s(pbl00) + s(pbl12) + s(ptp) + s(v10m), data = .)     2975.085
gam(log(value) ~ s(jd) + s(pbl00) + s(pbl12) + s(ptp) + s(v10m), data = .)          2932.413

Modello migliore: jd - pbl00 - pbl12 - ptp - v10m 

Variabile scelta jd con AIC 2932.41265480872  

Modelli BACKWARD 

                                                                                   IT2233A
gam(log(value) ~ s(t2m) + s(pbl00) + s(pbl12) + s(ptp) + s(jd), data = .)         3048.098
gam(log(value) ~ s(tmin2m) + s(pbl00) + s(pbl12) + s(ptp) + s(jd), data = .)      3063.854
gam(log(value) ~ s(tmax2m) + s(pbl00) + s(pbl12) + s(ptp) + s(jd), data = .)      3045.810
gam(log(value) ~ s(tp) + s(pbl00) + s(pbl12) + s(ptp) + s(jd), data = .)          3135.776
gam(log(value) ~ s(rh) + s(pbl00) + s(pbl12) + s(ptp) + s(jd), data = .)          3130.582
gam(log(value) ~ s(u10m) + s(pbl00) + s(pbl12) + s(ptp) + s(jd), data = .)        2940.619
gam(log(value) ~ s(sp) + s(pbl00) + s(pbl12) + s(ptp) + s(jd), data = .)          3087.514
gam(log(value) ~ s(nirradiance) + s(pbl00) + s(pbl12) + s(ptp) + s(jd), data = .) 3109.247
gam(log(value) ~ s(pblmin) + s(pbl00) + s(pbl12) + s(ptp) + s(jd), data = .)      3107.169
gam(log(value) ~ s(pblmax) + s(pbl00) + s(pbl12) + s(ptp) + s(jd), data = .)      3129.541
gam(log(value) ~ s(wdir) + s(pbl00) + s(pbl12) + s(ptp) + s(jd), data = .)        3074.084
gam(log(value) ~ s(wspeed) + s(pbl00) + s(pbl12) + s(ptp) + s(jd), data = .)      2967.865
gam(log(value) ~ s(pwspeed) + s(pbl00) + s(pbl12) + s(ptp) + s(jd), data = .)     3117.923

Modello migliore: u10m - pbl00 - pbl12 - ptp - jd 

Dati backward:  2940.61872586311::u10m::pbl00::pbl12::ptp::jd 

Scelgo il modello N 

---------- START ---------- 

                                                                                             IT2233A
gam(log(value) ~ s(t2m) + s(pbl00) + s(pbl12) + s(ptp) + s(v10m) + s(jd), data = .)         2890.864
gam(log(value) ~ s(tmin2m) + s(pbl00) + s(pbl12) + s(ptp) + s(v10m) + s(jd), data = .)      2903.526
gam(log(value) ~ s(tmax2m) + s(pbl00) + s(pbl12) + s(ptp) + s(v10m) + s(jd), data = .)      2884.121
gam(log(value) ~ s(tp) + s(pbl00) + s(pbl12) + s(ptp) + s(v10m) + s(jd), data = .)          2903.014
gam(log(value) ~ s(rh) + s(pbl00) + s(pbl12) + s(ptp) + s(v10m) + s(jd), data = .)          2916.263
gam(log(value) ~ s(u10m) + s(pbl00) + s(pbl12) + s(ptp) + s(v10m) + s(jd), data = .)        2885.414
gam(log(value) ~ s(sp) + s(pbl00) + s(pbl12) + s(ptp) + s(v10m) + s(jd), data = .)          2877.478
gam(log(value) ~ s(nirradiance) + s(pbl00) + s(pbl12) + s(ptp) + s(v10m) + s(jd), data = .) 2903.494
gam(log(value) ~ s(pblmin) + s(pbl00) + s(pbl12) + s(ptp) + s(v10m) + s(jd), data = .)      2916.887
gam(log(value) ~ s(pblmax) + s(pbl00) + s(pbl12) + s(ptp) + s(v10m) + s(jd), data = .)      2930.439
gam(log(value) ~ s(wdir) + s(pbl00) + s(pbl12) + s(ptp) + s(v10m) + s(jd), data = .)        2927.117
gam(log(value) ~ s(wspeed) + s(pbl00) + s(pbl12) + s(ptp) + s(v10m) + s(jd), data = .)      2883.078
gam(log(value) ~ s(pwspeed) + s(pbl00) + s(pbl12) + s(ptp) + s(v10m) + s(jd), data = .)     2911.555

Modello migliore: sp - pbl00 - pbl12 - ptp - v10m - jd 

Variabile scelta sp con AIC 2877.47802193855  

Modelli BACKWARD 

                                                                                             IT2233A
gam(log(value) ~ s(t2m) + s(pbl00) + s(pbl12) + s(ptp) + s(v10m) + s(sp), data = .)         2959.158
gam(log(value) ~ s(tmin2m) + s(pbl00) + s(pbl12) + s(ptp) + s(v10m) + s(sp), data = .)      2959.139
gam(log(value) ~ s(tmax2m) + s(pbl00) + s(pbl12) + s(ptp) + s(v10m) + s(sp), data = .)      2960.934
gam(log(value) ~ s(tp) + s(pbl00) + s(pbl12) + s(ptp) + s(v10m) + s(sp), data = .)          2942.699
gam(log(value) ~ s(rh) + s(pbl00) + s(pbl12) + s(ptp) + s(v10m) + s(sp), data = .)          2960.053
gam(log(value) ~ s(u10m) + s(pbl00) + s(pbl12) + s(ptp) + s(v10m) + s(sp), data = .)        2936.048
gam(log(value) ~ s(nirradiance) + s(pbl00) + s(pbl12) + s(ptp) + s(v10m) + s(sp), data = .) 2958.687
gam(log(value) ~ s(pblmin) + s(pbl00) + s(pbl12) + s(ptp) + s(v10m) + s(sp), data = .)      2955.030
gam(log(value) ~ s(pblmax) + s(pbl00) + s(pbl12) + s(ptp) + s(v10m) + s(sp), data = .)      2961.269
gam(log(value) ~ s(wdir) + s(pbl00) + s(pbl12) + s(ptp) + s(v10m) + s(sp), data = .)        2963.740
gam(log(value) ~ s(wspeed) + s(pbl00) + s(pbl12) + s(ptp) + s(v10m) + s(sp), data = .)      2928.916
gam(log(value) ~ s(pwspeed) + s(pbl00) + s(pbl12) + s(ptp) + s(v10m) + s(sp), data = .)     2945.553

Modello migliore: wspeed - pbl00 - pbl12 - ptp - v10m - sp 

Dati backward:  2928.91562036099::wspeed::pbl00::pbl12::ptp::v10m::sp 

Scelgo il modello N 

---------- START ---------- 

                                                                                                     IT2233A
gam(log(value) ~ s(t2m) + s(pbl00) + s(pbl12) + s(ptp) + s(v10m) + s(jd) + s(sp), data = .)         2865.726
gam(log(value) ~ s(tmin2m) + s(pbl00) + s(pbl12) + s(ptp) + s(v10m) + s(jd) + s(sp), data = .)      2869.996
gam(log(value) ~ s(tmax2m) + s(pbl00) + s(pbl12) + s(ptp) + s(v10m) + s(jd) + s(sp), data = .)      2863.712
gam(log(value) ~ s(tp) + s(pbl00) + s(pbl12) + s(ptp) + s(v10m) + s(jd) + s(sp), data = .)          2861.463
gam(log(value) ~ s(rh) + s(pbl00) + s(pbl12) + s(ptp) + s(v10m) + s(jd) + s(sp), data = .)          2872.965
gam(log(value) ~ s(u10m) + s(pbl00) + s(pbl12) + s(ptp) + s(v10m) + s(jd) + s(sp), data = .)        2843.924
gam(log(value) ~ s(nirradiance) + s(pbl00) + s(pbl12) + s(ptp) + s(v10m) + s(jd) + s(sp), data = .) 2870.984
gam(log(value) ~ s(pblmin) + s(pbl00) + s(pbl12) + s(ptp) + s(v10m) + s(jd) + s(sp), data = .)      2864.381
gam(log(value) ~ s(pblmax) + s(pbl00) + s(pbl12) + s(ptp) + s(v10m) + s(jd) + s(sp), data = .)      2878.544
gam(log(value) ~ s(wdir) + s(pbl00) + s(pbl12) + s(ptp) + s(v10m) + s(jd) + s(sp), data = .)        2874.607
gam(log(value) ~ s(wspeed) + s(pbl00) + s(pbl12) + s(ptp) + s(v10m) + s(jd) + s(sp), data = .)      2836.305
gam(log(value) ~ s(pwspeed) + s(pbl00) + s(pbl12) + s(ptp) + s(v10m) + s(jd) + s(sp), data = .)     2857.969

Modello migliore: wspeed - pbl00 - pbl12 - ptp - v10m - jd - sp 

Variabile scelta wspeed con AIC 2836.30542432393  

Modelli BACKWARD 

                                                                                                         IT2233A
gam(log(value) ~ s(t2m) + s(pbl00) + s(pbl12) + s(ptp) + s(v10m) + s(jd) + s(wspeed), data = .)         2841.647
gam(log(value) ~ s(tmin2m) + s(pbl00) + s(pbl12) + s(ptp) + s(v10m) + s(jd) + s(wspeed), data = .)      2851.783
gam(log(value) ~ s(tmax2m) + s(pbl00) + s(pbl12) + s(ptp) + s(v10m) + s(jd) + s(wspeed), data = .)      2838.807
gam(log(value) ~ s(tp) + s(pbl00) + s(pbl12) + s(ptp) + s(v10m) + s(jd) + s(wspeed), data = .)          2867.064
gam(log(value) ~ s(rh) + s(pbl00) + s(pbl12) + s(ptp) + s(v10m) + s(jd) + s(wspeed), data = .)          2874.375
gam(log(value) ~ s(u10m) + s(pbl00) + s(pbl12) + s(ptp) + s(v10m) + s(jd) + s(wspeed), data = .)        2875.745
gam(log(value) ~ s(nirradiance) + s(pbl00) + s(pbl12) + s(ptp) + s(v10m) + s(jd) + s(wspeed), data = .) 2862.722
gam(log(value) ~ s(pblmin) + s(pbl00) + s(pbl12) + s(ptp) + s(v10m) + s(jd) + s(wspeed), data = .)      2881.311
gam(log(value) ~ s(pblmax) + s(pbl00) + s(pbl12) + s(ptp) + s(v10m) + s(jd) + s(wspeed), data = .)      2877.859
gam(log(value) ~ s(wdir) + s(pbl00) + s(pbl12) + s(ptp) + s(v10m) + s(jd) + s(wspeed), data = .)        2884.477
gam(log(value) ~ s(pwspeed) + s(pbl00) + s(pbl12) + s(ptp) + s(v10m) + s(jd) + s(wspeed), data = .)     2857.498

Modello migliore: tmax2m - pbl00 - pbl12 - ptp - v10m - jd - wspeed 

Dati backward:  2838.80673048764::tmax2m::pbl00::pbl12::ptp::v10m::jd::wspeed 

Scelgo il modello N 

---------- START ---------- 

                                                                                                                 IT2233A
gam(log(value) ~ s(t2m) + s(pbl00) + s(pbl12) + s(ptp) + s(v10m) + s(jd) + s(sp) + s(wspeed), data = .)         2822.202
gam(log(value) ~ s(tmin2m) + s(pbl00) + s(pbl12) + s(ptp) + s(v10m) + s(jd) + s(sp) + s(wspeed), data = .)      2826.803
gam(log(value) ~ s(tmax2m) + s(pbl00) + s(pbl12) + s(ptp) + s(v10m) + s(jd) + s(sp) + s(wspeed), data = .)      2822.174
gam(log(value) ~ s(tp) + s(pbl00) + s(pbl12) + s(ptp) + s(v10m) + s(jd) + s(sp) + s(wspeed), data = .)          2828.978
gam(log(value) ~ s(rh) + s(pbl00) + s(pbl12) + s(ptp) + s(v10m) + s(jd) + s(sp) + s(wspeed), data = .)          2834.661
gam(log(value) ~ s(u10m) + s(pbl00) + s(pbl12) + s(ptp) + s(v10m) + s(jd) + s(sp) + s(wspeed), data = .)        2832.453
gam(log(value) ~ s(nirradiance) + s(pbl00) + s(pbl12) + s(ptp) + s(v10m) + s(jd) + s(sp) + s(wspeed), data = .) 2831.770
gam(log(value) ~ s(pblmin) + s(pbl00) + s(pbl12) + s(ptp) + s(v10m) + s(jd) + s(sp) + s(wspeed), data = .)      2834.849
gam(log(value) ~ s(pblmax) + s(pbl00) + s(pbl12) + s(ptp) + s(v10m) + s(jd) + s(sp) + s(wspeed), data = .)      2834.222
gam(log(value) ~ s(wdir) + s(pbl00) + s(pbl12) + s(ptp) + s(v10m) + s(jd) + s(sp) + s(wspeed), data = .)        2838.154
gam(log(value) ~ s(pwspeed) + s(pbl00) + s(pbl12) + s(ptp) + s(v10m) + s(jd) + s(sp) + s(wspeed), data = .)     2811.728

Modello migliore: pwspeed - pbl00 - pbl12 - ptp - v10m - jd - sp - wspeed 

Variabile scelta pwspeed con AIC 2811.72778400692  

Modelli BACKWARD 

                                                                                                                  IT2233A
gam(log(value) ~ s(t2m) + s(pbl00) + s(pbl12) + s(ptp) + s(v10m) + s(jd) + s(sp) + s(pwspeed), data = .)         2846.945
gam(log(value) ~ s(tmin2m) + s(pbl00) + s(pbl12) + s(ptp) + s(v10m) + s(jd) + s(sp) + s(pwspeed), data = .)      2851.684
gam(log(value) ~ s(tmax2m) + s(pbl00) + s(pbl12) + s(ptp) + s(v10m) + s(jd) + s(sp) + s(pwspeed), data = .)      2844.687
gam(log(value) ~ s(tp) + s(pbl00) + s(pbl12) + s(ptp) + s(v10m) + s(jd) + s(sp) + s(pwspeed), data = .)          2842.597
gam(log(value) ~ s(rh) + s(pbl00) + s(pbl12) + s(ptp) + s(v10m) + s(jd) + s(sp) + s(pwspeed), data = .)          2851.833
gam(log(value) ~ s(u10m) + s(pbl00) + s(pbl12) + s(ptp) + s(v10m) + s(jd) + s(sp) + s(pwspeed), data = .)        2818.289
gam(log(value) ~ s(nirradiance) + s(pbl00) + s(pbl12) + s(ptp) + s(v10m) + s(jd) + s(sp) + s(pwspeed), data = .) 2849.444
gam(log(value) ~ s(pblmin) + s(pbl00) + s(pbl12) + s(ptp) + s(v10m) + s(jd) + s(sp) + s(pwspeed), data = .)      2840.395
gam(log(value) ~ s(pblmax) + s(pbl00) + s(pbl12) + s(ptp) + s(v10m) + s(jd) + s(sp) + s(pwspeed), data = .)      2859.168
gam(log(value) ~ s(wdir) + s(pbl00) + s(pbl12) + s(ptp) + s(v10m) + s(jd) + s(sp) + s(pwspeed), data = .)        2854.165

Modello migliore: u10m - pbl00 - pbl12 - ptp - v10m - jd - sp - pwspeed 

Dati backward:  2818.28860009524::u10m::pbl00::pbl12::ptp::v10m::jd::sp::pwspeed 

Scelgo il modello N 

---------- START ---------- 

                                                                                                                              IT2233A
gam(log(value) ~ s(t2m) + s(pbl00) + s(pbl12) + s(ptp) + s(v10m) + s(jd) + s(sp) + s(wspeed) + s(pwspeed), data = .)         2798.857
gam(log(value) ~ s(tmin2m) + s(pbl00) + s(pbl12) + s(ptp) + s(v10m) + s(jd) + s(sp) + s(wspeed) + s(pwspeed), data = .)      2803.967
gam(log(value) ~ s(tmax2m) + s(pbl00) + s(pbl12) + s(ptp) + s(v10m) + s(jd) + s(sp) + s(wspeed) + s(pwspeed), data = .)      2798.474
gam(log(value) ~ s(tp) + s(pbl00) + s(pbl12) + s(ptp) + s(v10m) + s(jd) + s(sp) + s(wspeed) + s(pwspeed), data = .)          2805.154
gam(log(value) ~ s(rh) + s(pbl00) + s(pbl12) + s(ptp) + s(v10m) + s(jd) + s(sp) + s(wspeed) + s(pwspeed), data = .)          2809.100
gam(log(value) ~ s(u10m) + s(pbl00) + s(pbl12) + s(ptp) + s(v10m) + s(jd) + s(sp) + s(wspeed) + s(pwspeed), data = .)        2804.359
gam(log(value) ~ s(nirradiance) + s(pbl00) + s(pbl12) + s(ptp) + s(v10m) + s(jd) + s(sp) + s(wspeed) + s(pwspeed), data = .) 2804.614
gam(log(value) ~ s(pblmin) + s(pbl00) + s(pbl12) + s(ptp) + s(v10m) + s(jd) + s(sp) + s(wspeed) + s(pwspeed), data = .)      2806.714
gam(log(value) ~ s(pblmax) + s(pbl00) + s(pbl12) + s(ptp) + s(v10m) + s(jd) + s(sp) + s(wspeed) + s(pwspeed), data = .)      2810.267
gam(log(value) ~ s(wdir) + s(pbl00) + s(pbl12) + s(ptp) + s(v10m) + s(jd) + s(sp) + s(wspeed) + s(pwspeed), data = .)        2813.504

Modello migliore: tmax2m - pbl00 - pbl12 - ptp - v10m - jd - sp - wspeed - pwspeed 

Variabile scelta tmax2m con AIC 2798.47402039063  

Modelli BACKWARD 

                                                                                                                             IT2233A
gam(log(value) ~ s(t2m) + s(pbl00) + s(pbl12) + s(ptp) + s(v10m) + s(jd) + s(sp) + s(wspeed) + s(tmax2m), data = .)         2823.027
gam(log(value) ~ s(tmin2m) + s(pbl00) + s(pbl12) + s(ptp) + s(v10m) + s(jd) + s(sp) + s(wspeed) + s(tmax2m), data = .)      2823.337
gam(log(value) ~ s(tp) + s(pbl00) + s(pbl12) + s(ptp) + s(v10m) + s(jd) + s(sp) + s(wspeed) + s(tmax2m), data = .)          2811.386
gam(log(value) ~ s(rh) + s(pbl00) + s(pbl12) + s(ptp) + s(v10m) + s(jd) + s(sp) + s(wspeed) + s(tmax2m), data = .)          2822.320
gam(log(value) ~ s(u10m) + s(pbl00) + s(pbl12) + s(ptp) + s(v10m) + s(jd) + s(sp) + s(wspeed) + s(tmax2m), data = .)        2811.635
gam(log(value) ~ s(nirradiance) + s(pbl00) + s(pbl12) + s(ptp) + s(v10m) + s(jd) + s(sp) + s(wspeed) + s(tmax2m), data = .) 2820.847
gam(log(value) ~ s(pblmin) + s(pbl00) + s(pbl12) + s(ptp) + s(v10m) + s(jd) + s(sp) + s(wspeed) + s(tmax2m), data = .)      2820.564
gam(log(value) ~ s(pblmax) + s(pbl00) + s(pbl12) + s(ptp) + s(v10m) + s(jd) + s(sp) + s(wspeed) + s(tmax2m), data = .)      2821.550
gam(log(value) ~ s(wdir) + s(pbl00) + s(pbl12) + s(ptp) + s(v10m) + s(jd) + s(sp) + s(wspeed) + s(tmax2m), data = .)        2821.270

Modello migliore: tp - pbl00 - pbl12 - ptp - v10m - jd - sp - wspeed - tmax2m 

Dati backward:  2811.38632132647::tp::pbl00::pbl12::ptp::v10m::jd::sp::wspeed::tmax2m 

Scelgo il modello N-1 

---------- START ---------- 

                                                                                                                              IT2233A
gam(log(value) ~ s(t2m) + s(pbl00) + s(pbl12) + s(ptp) + s(v10m) + s(jd) + s(sp) + s(wspeed) + s(pwspeed), data = .)         2798.857
gam(log(value) ~ s(tmin2m) + s(pbl00) + s(pbl12) + s(ptp) + s(v10m) + s(jd) + s(sp) + s(wspeed) + s(pwspeed), data = .)      2803.967
gam(log(value) ~ s(tp) + s(pbl00) + s(pbl12) + s(ptp) + s(v10m) + s(jd) + s(sp) + s(wspeed) + s(pwspeed), data = .)          2805.154
gam(log(value) ~ s(rh) + s(pbl00) + s(pbl12) + s(ptp) + s(v10m) + s(jd) + s(sp) + s(wspeed) + s(pwspeed), data = .)          2809.100
gam(log(value) ~ s(u10m) + s(pbl00) + s(pbl12) + s(ptp) + s(v10m) + s(jd) + s(sp) + s(wspeed) + s(pwspeed), data = .)        2804.359
gam(log(value) ~ s(nirradiance) + s(pbl00) + s(pbl12) + s(ptp) + s(v10m) + s(jd) + s(sp) + s(wspeed) + s(pwspeed), data = .) 2804.614
gam(log(value) ~ s(pblmin) + s(pbl00) + s(pbl12) + s(ptp) + s(v10m) + s(jd) + s(sp) + s(wspeed) + s(pwspeed), data = .)      2806.714
gam(log(value) ~ s(pblmax) + s(pbl00) + s(pbl12) + s(ptp) + s(v10m) + s(jd) + s(sp) + s(wspeed) + s(pwspeed), data = .)      2810.267
gam(log(value) ~ s(wdir) + s(pbl00) + s(pbl12) + s(ptp) + s(v10m) + s(jd) + s(sp) + s(wspeed) + s(pwspeed), data = .)        2813.504

Modello migliore: t2m - pbl00 - pbl12 - ptp - v10m - jd - sp - wspeed - pwspeed 

Variabile scelta t2m con AIC 2798.85699333169  

Fine per scelta MODELLO 

pbl00 + pbl12 + ptp + v10m + jd + sp + wspeed + pwspeed 

---------------------- 

NOTE: Log Print Time:  2021-05-11 10:41:19 
NOTE: Elapsed Time in seconds: 1.33134670257568 

Fine per scelta MODELLO 

pbl00 + pbl12 + ptp + v10m + jd + sp + wspeed + pwspeed 

---------------------- 

NOTE: Log Print Time:  2021-05-11 10:41:19 
NOTE: Elapsed Time in seconds: 0.00110960006713867 

Fine per scelta MODELLO 

pbl00 + pbl12 + ptp + v10m + jd + sp + wspeed + pwspeed 

---------------------- 

NOTE: Log Print Time:  2021-05-11 10:41:19 
NOTE: Elapsed Time in seconds: 0.00101017951965332 

Fine per scelta MODELLO 

pbl00 + pbl12 + ptp + v10m + jd + sp + wspeed + pwspeed 

---------------------- 

NOTE: Log Print Time:  2021-05-11 10:41:19 
NOTE: Elapsed Time in seconds: 0.0010228157043457 

Fine per scelta MODELLO 

pbl00 + pbl12 + ptp + v10m + jd + sp + wspeed + pwspeed 

---------------------- 

NOTE: Log Print Time:  2021-05-11 10:41:19 
NOTE: Elapsed Time in seconds: 0.00100421905517578 

Fine per scelta MODELLO 

pbl00 + pbl12 + ptp + v10m + jd + sp + wspeed + pwspeed 

---------------------- 

NOTE: Log Print Time:  2021-05-11 10:41:19 
NOTE: Elapsed Time in seconds: 0.00100445747375488 

Fine per scelta MODELLO 

pbl00 + pbl12 + ptp + v10m + jd + sp + wspeed + pwspeed 

---------------------- 

NOTE: Log Print Time:  2021-05-11 10:41:19 
NOTE: Elapsed Time in seconds: 0.00103855133056641 

Fine per scelta MODELLO 

pbl00 + pbl12 + ptp + v10m + jd + sp + wspeed + pwspeed 

---------------------- 

NOTE: Log Print Time:  2021-05-11 10:41:19 
NOTE: Elapsed Time in seconds: 0.00101709365844727 

Fine per scelta MODELLO 

pbl00 + pbl12 + ptp + v10m + jd + sp + wspeed + pwspeed 

---------------------- 

NOTE: Log Print Time:  2021-05-11 10:41:19 
NOTE: Elapsed Time in seconds: 0.000998258590698242 

========================================================================= 
Log End Time: 2021-05-11 10:41:19 
Log Elapsed Time: 0 00:00:01 
========================================================================= 
