========================================================================= 
Log Path: output/12/pm25/log/pulvirus_pm25_12_IT1183A.log 
Working Directory: /home/rmorelli/R/pulvirus/analisi/GAM/scelta 
User Name: rmorelli 
R Version: 4.0.5 (2021-03-31) 
Machine: pasqualino x86_64 
Operating System: Linux 4.19.0-13-amd64 #1 SMP Debian 4.19.160-2 (2020-11-28) 
Log Start Time: 2021-05-11 13:08:35 
========================================================================= 

Stazione: IT1183A 

---------- START ---------- 

                                            IT1183A
gam(log(value) ~ s(t2m), data = .)         3181.946
gam(log(value) ~ s(tmin2m), data = .)      3159.207
gam(log(value) ~ s(tmax2m), data = .)      3357.976
gam(log(value) ~ s(tp), data = .)          3838.034
gam(log(value) ~ s(ptp), data = .)         3780.057
gam(log(value) ~ s(rh), data = .)          3796.416
gam(log(value) ~ s(u10m), data = .)        3744.970
gam(log(value) ~ s(v10m), data = .)        3644.530
gam(log(value) ~ s(sp), data = .)          3499.552
gam(log(value) ~ s(nirradiance), data = .) 3409.125
gam(log(value) ~ s(pbl00), data = .)       3788.364
gam(log(value) ~ s(pbl12), data = .)       3358.283
gam(log(value) ~ s(pblmin), data = .)      3804.220
gam(log(value) ~ s(pblmax), data = .)      3435.682
gam(log(value) ~ s(wdir), data = .)        3706.416
gam(log(value) ~ s(wspeed), data = .)      3813.186
gam(log(value) ~ s(pwspeed), data = .)     3804.837
gam(log(value) ~ s(jd), data = .)          2973.941

Modello migliore: jd 

Variabile scelta jd con AIC 2973.94105151853  

---------- START ---------- 

                                                    IT1183A
gam(log(value) ~ s(t2m) + s(jd), data = .)         2769.794
gam(log(value) ~ s(tmin2m) + s(jd), data = .)      2726.639
gam(log(value) ~ s(tmax2m) + s(jd), data = .)      2857.315
gam(log(value) ~ s(tp) + s(jd), data = .)          2827.763
gam(log(value) ~ s(ptp) + s(jd), data = .)         2676.776
gam(log(value) ~ s(rh) + s(jd), data = .)          2962.895
gam(log(value) ~ s(u10m) + s(jd), data = .)        2870.607
gam(log(value) ~ s(v10m) + s(jd), data = .)        2808.660
gam(log(value) ~ s(sp) + s(jd), data = .)          2781.013
gam(log(value) ~ s(nirradiance) + s(jd), data = .) 2917.067
gam(log(value) ~ s(pbl00) + s(jd), data = .)       2595.852
gam(log(value) ~ s(pbl12) + s(jd), data = .)       2839.534
gam(log(value) ~ s(pblmin) + s(jd), data = .)      2701.012
gam(log(value) ~ s(pblmax) + s(jd), data = .)      2852.938
gam(log(value) ~ s(wdir) + s(jd), data = .)        2946.306
gam(log(value) ~ s(wspeed) + s(jd), data = .)      2836.143
gam(log(value) ~ s(pwspeed) + s(jd), data = .)     2919.007
gam(log(value) ~ s(jd) + s(jd), data = .)          2973.941

Modello migliore: pbl00 - jd 

Variabile scelta pbl00 con AIC 2595.85150218472  

Modelli BACKWARD 

                                                       IT1183A
gam(log(value) ~ s(t2m) + s(pbl00), data = .)         2910.133
gam(log(value) ~ s(tmin2m) + s(pbl00), data = .)      2987.857
gam(log(value) ~ s(tmax2m) + s(pbl00), data = .)      3032.579
gam(log(value) ~ s(tp) + s(pbl00), data = .)          3780.372
gam(log(value) ~ s(ptp) + s(pbl00), data = .)         3749.862
gam(log(value) ~ s(rh) + s(pbl00), data = .)          3679.327
gam(log(value) ~ s(u10m) + s(pbl00), data = .)        3646.286
gam(log(value) ~ s(v10m) + s(pbl00), data = .)        3528.540
gam(log(value) ~ s(sp) + s(pbl00), data = .)          3439.230
gam(log(value) ~ s(nirradiance) + s(pbl00), data = .) 3092.889
gam(log(value) ~ s(pbl12) + s(pbl00), data = .)       3228.172
gam(log(value) ~ s(pblmin) + s(pbl00), data = .)      3781.490
gam(log(value) ~ s(pblmax) + s(pbl00), data = .)      3345.968
gam(log(value) ~ s(wdir) + s(pbl00), data = .)        3593.047
gam(log(value) ~ s(wspeed) + s(pbl00), data = .)      3664.958
gam(log(value) ~ s(pwspeed) + s(pbl00), data = .)     3649.860

Modello migliore: t2m - pbl00 

Dati backward:  2910.13348600254::t2m::pbl00 

Scelgo il modello N 

---------- START ---------- 

                                                               IT1183A
gam(log(value) ~ s(t2m) + s(jd) + s(pbl00), data = .)         2377.290
gam(log(value) ~ s(tmin2m) + s(jd) + s(pbl00), data = .)      2381.126
gam(log(value) ~ s(tmax2m) + s(jd) + s(pbl00), data = .)      2442.670
gam(log(value) ~ s(tp) + s(jd) + s(pbl00), data = .)          2545.771
gam(log(value) ~ s(ptp) + s(jd) + s(pbl00), data = .)         2482.956
gam(log(value) ~ s(rh) + s(jd) + s(pbl00), data = .)          2590.190
gam(log(value) ~ s(u10m) + s(jd) + s(pbl00), data = .)        2559.927
gam(log(value) ~ s(v10m) + s(jd) + s(pbl00), data = .)        2518.378
gam(log(value) ~ s(sp) + s(jd) + s(pbl00), data = .)          2523.961
gam(log(value) ~ s(nirradiance) + s(jd) + s(pbl00), data = .) 2526.792
gam(log(value) ~ s(pbl12) + s(jd) + s(pbl00), data = .)       2482.710
gam(log(value) ~ s(pblmin) + s(jd) + s(pbl00), data = .)      2560.556
gam(log(value) ~ s(pblmax) + s(jd) + s(pbl00), data = .)      2518.901
gam(log(value) ~ s(wdir) + s(jd) + s(pbl00), data = .)        2566.836
gam(log(value) ~ s(wspeed) + s(jd) + s(pbl00), data = .)      2548.080
gam(log(value) ~ s(pwspeed) + s(jd) + s(pbl00), data = .)     2584.677

Modello migliore: t2m - jd - pbl00 

Variabile scelta t2m con AIC 2377.29019687131  

Modelli BACKWARD 

                                                             IT1183A
gam(log(value) ~ s(tmin2m) + s(jd) + s(t2m), data = .)      2646.125
gam(log(value) ~ s(tmax2m) + s(jd) + s(t2m), data = .)      2598.738
gam(log(value) ~ s(tp) + s(jd) + s(t2m), data = .)          2667.442
gam(log(value) ~ s(ptp) + s(jd) + s(t2m), data = .)         2490.564
gam(log(value) ~ s(rh) + s(jd) + s(t2m), data = .)          2747.526
gam(log(value) ~ s(u10m) + s(jd) + s(t2m), data = .)        2668.712
gam(log(value) ~ s(v10m) + s(jd) + s(t2m), data = .)        2550.376
gam(log(value) ~ s(sp) + s(jd) + s(t2m), data = .)          2578.889
gam(log(value) ~ s(nirradiance) + s(jd) + s(t2m), data = .) 2764.271
gam(log(value) ~ s(pbl12) + s(jd) + s(t2m), data = .)       2630.263
gam(log(value) ~ s(pblmin) + s(jd) + s(t2m), data = .)      2471.119
gam(log(value) ~ s(pblmax) + s(jd) + s(t2m), data = .)      2617.113
gam(log(value) ~ s(wdir) + s(jd) + s(t2m), data = .)        2755.960
gam(log(value) ~ s(wspeed) + s(jd) + s(t2m), data = .)      2568.653
gam(log(value) ~ s(pwspeed) + s(jd) + s(t2m), data = .)     2676.574

Modello migliore: pblmin - jd - t2m 

Dati backward:  2471.11880879603::pblmin::jd::t2m 

Scelgo il modello N 

---------- START ---------- 

                                                                        IT1183A
gam(log(value) ~ s(tmin2m) + s(jd) + s(pbl00) + s(t2m), data = .)      2351.330
gam(log(value) ~ s(tmax2m) + s(jd) + s(pbl00) + s(t2m), data = .)      2317.074
gam(log(value) ~ s(tp) + s(jd) + s(pbl00) + s(t2m), data = .)          2347.558
gam(log(value) ~ s(ptp) + s(jd) + s(pbl00) + s(t2m), data = .)         2267.286
gam(log(value) ~ s(rh) + s(jd) + s(pbl00) + s(t2m), data = .)          2374.946
gam(log(value) ~ s(u10m) + s(jd) + s(pbl00) + s(t2m), data = .)        2336.553
gam(log(value) ~ s(v10m) + s(jd) + s(pbl00) + s(t2m), data = .)        2285.950
gam(log(value) ~ s(sp) + s(jd) + s(pbl00) + s(t2m), data = .)          2310.969
gam(log(value) ~ s(nirradiance) + s(jd) + s(pbl00) + s(t2m), data = .) 2355.435
gam(log(value) ~ s(pbl12) + s(jd) + s(pbl00) + s(t2m), data = .)       2278.807
gam(log(value) ~ s(pblmin) + s(jd) + s(pbl00) + s(t2m), data = .)      2330.140
gam(log(value) ~ s(pblmax) + s(jd) + s(pbl00) + s(t2m), data = .)      2285.115
gam(log(value) ~ s(wdir) + s(jd) + s(pbl00) + s(t2m), data = .)        2367.628
gam(log(value) ~ s(wspeed) + s(jd) + s(pbl00) + s(t2m), data = .)      2310.686
gam(log(value) ~ s(pwspeed) + s(jd) + s(pbl00) + s(t2m), data = .)     2371.534

Modello migliore: ptp - jd - pbl00 - t2m 

Variabile scelta ptp con AIC 2267.28605901777  

Modelli BACKWARD 

                                                                        IT1183A
gam(log(value) ~ s(tmin2m) + s(jd) + s(pbl00) + s(ptp), data = .)      2294.500
gam(log(value) ~ s(tmax2m) + s(jd) + s(pbl00) + s(ptp), data = .)      2308.369
gam(log(value) ~ s(tp) + s(jd) + s(pbl00) + s(ptp), data = .)          2473.753
gam(log(value) ~ s(rh) + s(jd) + s(pbl00) + s(ptp), data = .)          2483.967
gam(log(value) ~ s(u10m) + s(jd) + s(pbl00) + s(ptp), data = .)        2446.914
gam(log(value) ~ s(v10m) + s(jd) + s(pbl00) + s(ptp), data = .)        2412.206
gam(log(value) ~ s(sp) + s(jd) + s(pbl00) + s(ptp), data = .)          2454.609
gam(log(value) ~ s(nirradiance) + s(jd) + s(pbl00) + s(ptp), data = .) 2399.928
gam(log(value) ~ s(pbl12) + s(jd) + s(pbl00) + s(ptp), data = .)       2364.043
gam(log(value) ~ s(pblmin) + s(jd) + s(pbl00) + s(ptp), data = .)      2446.943
gam(log(value) ~ s(pblmax) + s(jd) + s(pbl00) + s(ptp), data = .)      2406.298
gam(log(value) ~ s(wdir) + s(jd) + s(pbl00) + s(ptp), data = .)        2461.976
gam(log(value) ~ s(wspeed) + s(jd) + s(pbl00) + s(ptp), data = .)      2432.304
gam(log(value) ~ s(pwspeed) + s(jd) + s(pbl00) + s(ptp), data = .)     2467.040

Modello migliore: tmin2m - jd - pbl00 - ptp 

Dati backward:  2294.50031721119::tmin2m::jd::pbl00::ptp 

Scelgo il modello N 

---------- START ---------- 

                                                                                 IT1183A
gam(log(value) ~ s(tmin2m) + s(jd) + s(pbl00) + s(t2m) + s(ptp), data = .)      2251.225
gam(log(value) ~ s(tmax2m) + s(jd) + s(pbl00) + s(t2m) + s(ptp), data = .)      2230.942
gam(log(value) ~ s(tp) + s(jd) + s(pbl00) + s(t2m) + s(ptp), data = .)          2264.740
gam(log(value) ~ s(rh) + s(jd) + s(pbl00) + s(t2m) + s(ptp), data = .)          2242.889
gam(log(value) ~ s(u10m) + s(jd) + s(pbl00) + s(t2m) + s(ptp), data = .)        2225.503
gam(log(value) ~ s(v10m) + s(jd) + s(pbl00) + s(t2m) + s(ptp), data = .)        2168.573
gam(log(value) ~ s(sp) + s(jd) + s(pbl00) + s(t2m) + s(ptp), data = .)          2246.017
gam(log(value) ~ s(nirradiance) + s(jd) + s(pbl00) + s(t2m) + s(ptp), data = .) 2224.566
gam(log(value) ~ s(pbl12) + s(jd) + s(pbl00) + s(t2m) + s(ptp), data = .)       2165.895
gam(log(value) ~ s(pblmin) + s(jd) + s(pbl00) + s(t2m) + s(ptp), data = .)      2219.801
gam(log(value) ~ s(pblmax) + s(jd) + s(pbl00) + s(t2m) + s(ptp), data = .)      2178.491
gam(log(value) ~ s(wdir) + s(jd) + s(pbl00) + s(t2m) + s(ptp), data = .)        2259.203
gam(log(value) ~ s(wspeed) + s(jd) + s(pbl00) + s(t2m) + s(ptp), data = .)      2194.679
gam(log(value) ~ s(pwspeed) + s(jd) + s(pbl00) + s(t2m) + s(ptp), data = .)     2253.461

Modello migliore: pbl12 - jd - pbl00 - t2m - ptp 

Variabile scelta pbl12 con AIC 2165.8945044199  

Modelli BACKWARD 

                                                                                   IT1183A
gam(log(value) ~ s(tmin2m) + s(jd) + s(pbl00) + s(t2m) + s(pbl12), data = .)      2204.763
gam(log(value) ~ s(tmax2m) + s(jd) + s(pbl00) + s(t2m) + s(pbl12), data = .)      2174.911
gam(log(value) ~ s(tp) + s(jd) + s(pbl00) + s(t2m) + s(pbl12), data = .)          2198.794
gam(log(value) ~ s(rh) + s(jd) + s(pbl00) + s(t2m) + s(pbl12), data = .)          2258.298
gam(log(value) ~ s(u10m) + s(jd) + s(pbl00) + s(t2m) + s(pbl12), data = .)        2226.493
gam(log(value) ~ s(v10m) + s(jd) + s(pbl00) + s(t2m) + s(pbl12), data = .)        2194.445
gam(log(value) ~ s(sp) + s(jd) + s(pbl00) + s(t2m) + s(pbl12), data = .)          2196.508
gam(log(value) ~ s(nirradiance) + s(jd) + s(pbl00) + s(t2m) + s(pbl12), data = .) 2272.011
gam(log(value) ~ s(pblmin) + s(jd) + s(pbl00) + s(t2m) + s(pbl12), data = .)      2230.913
gam(log(value) ~ s(pblmax) + s(jd) + s(pbl00) + s(t2m) + s(pbl12), data = .)      2274.721
gam(log(value) ~ s(wdir) + s(jd) + s(pbl00) + s(t2m) + s(pbl12), data = .)        2242.123
gam(log(value) ~ s(wspeed) + s(jd) + s(pbl00) + s(t2m) + s(pbl12), data = .)      2227.191
gam(log(value) ~ s(pwspeed) + s(jd) + s(pbl00) + s(t2m) + s(pbl12), data = .)     2273.515

Modello migliore: tmax2m - jd - pbl00 - t2m - pbl12 

Dati backward:  2174.91096959385::tmax2m::jd::pbl00::t2m::pbl12 

Scelgo il modello N 

---------- START ---------- 

                                                                                            IT1183A
gam(log(value) ~ s(tmin2m) + s(jd) + s(pbl00) + s(t2m) + s(ptp) + s(pbl12), data = .)      2117.102
gam(log(value) ~ s(tmax2m) + s(jd) + s(pbl00) + s(t2m) + s(ptp) + s(pbl12), data = .)      2100.088
gam(log(value) ~ s(tp) + s(jd) + s(pbl00) + s(t2m) + s(ptp) + s(pbl12), data = .)          2134.094
gam(log(value) ~ s(rh) + s(jd) + s(pbl00) + s(t2m) + s(ptp) + s(pbl12), data = .)          2161.795
gam(log(value) ~ s(u10m) + s(jd) + s(pbl00) + s(t2m) + s(ptp) + s(pbl12), data = .)        2113.314
gam(log(value) ~ s(v10m) + s(jd) + s(pbl00) + s(t2m) + s(ptp) + s(pbl12), data = .)        2077.953
gam(log(value) ~ s(sp) + s(jd) + s(pbl00) + s(t2m) + s(ptp) + s(pbl12), data = .)          2135.940
gam(log(value) ~ s(nirradiance) + s(jd) + s(pbl00) + s(t2m) + s(ptp) + s(pbl12), data = .) 2162.129
gam(log(value) ~ s(pblmin) + s(jd) + s(pbl00) + s(t2m) + s(ptp) + s(pbl12), data = .)      2115.991
gam(log(value) ~ s(pblmax) + s(jd) + s(pbl00) + s(t2m) + s(ptp) + s(pbl12), data = .)      2165.291
gam(log(value) ~ s(wdir) + s(jd) + s(pbl00) + s(t2m) + s(ptp) + s(pbl12), data = .)        2132.107
gam(log(value) ~ s(wspeed) + s(jd) + s(pbl00) + s(t2m) + s(ptp) + s(pbl12), data = .)      2109.698
gam(log(value) ~ s(pwspeed) + s(jd) + s(pbl00) + s(t2m) + s(ptp) + s(pbl12), data = .)     2152.173

Modello migliore: v10m - jd - pbl00 - t2m - ptp - pbl12 

Variabile scelta v10m con AIC 2077.95292299978  

Modelli BACKWARD 

                                                                                           IT1183A
gam(log(value) ~ s(tmin2m) + s(jd) + s(pbl00) + s(t2m) + s(ptp) + s(v10m), data = .)      2168.835
gam(log(value) ~ s(tmax2m) + s(jd) + s(pbl00) + s(t2m) + s(ptp) + s(v10m), data = .)      2149.539
gam(log(value) ~ s(tp) + s(jd) + s(pbl00) + s(t2m) + s(ptp) + s(v10m), data = .)          2166.461
gam(log(value) ~ s(rh) + s(jd) + s(pbl00) + s(t2m) + s(ptp) + s(v10m), data = .)          2129.788
gam(log(value) ~ s(u10m) + s(jd) + s(pbl00) + s(t2m) + s(ptp) + s(v10m), data = .)        2154.049
gam(log(value) ~ s(sp) + s(jd) + s(pbl00) + s(t2m) + s(ptp) + s(v10m), data = .)          2150.372
gam(log(value) ~ s(nirradiance) + s(jd) + s(pbl00) + s(t2m) + s(ptp) + s(v10m), data = .) 2128.527
gam(log(value) ~ s(pblmin) + s(jd) + s(pbl00) + s(t2m) + s(ptp) + s(v10m), data = .)      2150.016
gam(log(value) ~ s(pblmax) + s(jd) + s(pbl00) + s(t2m) + s(ptp) + s(v10m), data = .)      2078.162
gam(log(value) ~ s(wdir) + s(jd) + s(pbl00) + s(t2m) + s(ptp) + s(v10m), data = .)        2167.385
gam(log(value) ~ s(wspeed) + s(jd) + s(pbl00) + s(t2m) + s(ptp) + s(v10m), data = .)      2159.031
gam(log(value) ~ s(pwspeed) + s(jd) + s(pbl00) + s(t2m) + s(ptp) + s(v10m), data = .)     2165.094

Modello migliore: pblmax - jd - pbl00 - t2m - ptp - v10m 

Dati backward:  2078.16178735338::pblmax::jd::pbl00::t2m::ptp::v10m 

Scelgo il modello N 

---------- START ---------- 

                                                                                                      IT1183A
gam(log(value) ~ s(tmin2m) + s(jd) + s(pbl00) + s(t2m) + s(ptp) + s(pbl12) + s(v10m), data = .)      2059.694
gam(log(value) ~ s(tmax2m) + s(jd) + s(pbl00) + s(t2m) + s(ptp) + s(pbl12) + s(v10m), data = .)      2039.603
gam(log(value) ~ s(tp) + s(jd) + s(pbl00) + s(t2m) + s(ptp) + s(pbl12) + s(v10m), data = .)          2050.715
gam(log(value) ~ s(rh) + s(jd) + s(pbl00) + s(t2m) + s(ptp) + s(pbl12) + s(v10m), data = .)          2076.427
gam(log(value) ~ s(u10m) + s(jd) + s(pbl00) + s(t2m) + s(ptp) + s(pbl12) + s(v10m), data = .)        2046.989
gam(log(value) ~ s(sp) + s(jd) + s(pbl00) + s(t2m) + s(ptp) + s(pbl12) + s(v10m), data = .)          2055.892
gam(log(value) ~ s(nirradiance) + s(jd) + s(pbl00) + s(t2m) + s(ptp) + s(pbl12) + s(v10m), data = .) 2075.017
gam(log(value) ~ s(pblmin) + s(jd) + s(pbl00) + s(t2m) + s(ptp) + s(pbl12) + s(v10m), data = .)      2053.617
gam(log(value) ~ s(pblmax) + s(jd) + s(pbl00) + s(t2m) + s(ptp) + s(pbl12) + s(v10m), data = .)      2073.700
gam(log(value) ~ s(wdir) + s(jd) + s(pbl00) + s(t2m) + s(ptp) + s(pbl12) + s(v10m), data = .)        2063.950
gam(log(value) ~ s(wspeed) + s(jd) + s(pbl00) + s(t2m) + s(ptp) + s(pbl12) + s(v10m), data = .)      2066.890
gam(log(value) ~ s(pwspeed) + s(jd) + s(pbl00) + s(t2m) + s(ptp) + s(pbl12) + s(v10m), data = .)     2072.572

Modello migliore: tmax2m - jd - pbl00 - t2m - ptp - pbl12 - v10m 

Variabile scelta tmax2m con AIC 2039.60316945057  

Modelli BACKWARD 

                                                                                                        IT1183A
gam(log(value) ~ s(tmin2m) + s(jd) + s(pbl00) + s(t2m) + s(ptp) + s(pbl12) + s(tmax2m), data = .)      2093.841
gam(log(value) ~ s(tp) + s(jd) + s(pbl00) + s(t2m) + s(ptp) + s(pbl12) + s(tmax2m), data = .)          2094.221
gam(log(value) ~ s(rh) + s(jd) + s(pbl00) + s(t2m) + s(ptp) + s(pbl12) + s(tmax2m), data = .)          2079.594
gam(log(value) ~ s(u10m) + s(jd) + s(pbl00) + s(t2m) + s(ptp) + s(pbl12) + s(tmax2m), data = .)        2061.770
gam(log(value) ~ s(sp) + s(jd) + s(pbl00) + s(t2m) + s(ptp) + s(pbl12) + s(tmax2m), data = .)          2094.097
gam(log(value) ~ s(nirradiance) + s(jd) + s(pbl00) + s(t2m) + s(ptp) + s(pbl12) + s(tmax2m), data = .) 2067.132
gam(log(value) ~ s(pblmin) + s(jd) + s(pbl00) + s(t2m) + s(ptp) + s(pbl12) + s(tmax2m), data = .)      2070.653
gam(log(value) ~ s(pblmax) + s(jd) + s(pbl00) + s(t2m) + s(ptp) + s(pbl12) + s(tmax2m), data = .)      2094.706
gam(log(value) ~ s(wdir) + s(jd) + s(pbl00) + s(t2m) + s(ptp) + s(pbl12) + s(tmax2m), data = .)        2092.142
gam(log(value) ~ s(wspeed) + s(jd) + s(pbl00) + s(t2m) + s(ptp) + s(pbl12) + s(tmax2m), data = .)      2049.937
gam(log(value) ~ s(pwspeed) + s(jd) + s(pbl00) + s(t2m) + s(ptp) + s(pbl12) + s(tmax2m), data = .)     2081.087

Modello migliore: wspeed - jd - pbl00 - t2m - ptp - pbl12 - tmax2m 

Dati backward:  2049.93737335775::wspeed::jd::pbl00::t2m::ptp::pbl12::tmax2m 

Scelgo il modello N-1 

---------- START ---------- 

                                                                                                      IT1183A
gam(log(value) ~ s(tmin2m) + s(jd) + s(pbl00) + s(t2m) + s(ptp) + s(pbl12) + s(v10m), data = .)      2059.694
gam(log(value) ~ s(tp) + s(jd) + s(pbl00) + s(t2m) + s(ptp) + s(pbl12) + s(v10m), data = .)          2050.715
gam(log(value) ~ s(rh) + s(jd) + s(pbl00) + s(t2m) + s(ptp) + s(pbl12) + s(v10m), data = .)          2076.427
gam(log(value) ~ s(u10m) + s(jd) + s(pbl00) + s(t2m) + s(ptp) + s(pbl12) + s(v10m), data = .)        2046.989
gam(log(value) ~ s(sp) + s(jd) + s(pbl00) + s(t2m) + s(ptp) + s(pbl12) + s(v10m), data = .)          2055.892
gam(log(value) ~ s(nirradiance) + s(jd) + s(pbl00) + s(t2m) + s(ptp) + s(pbl12) + s(v10m), data = .) 2075.017
gam(log(value) ~ s(pblmin) + s(jd) + s(pbl00) + s(t2m) + s(ptp) + s(pbl12) + s(v10m), data = .)      2053.617
gam(log(value) ~ s(pblmax) + s(jd) + s(pbl00) + s(t2m) + s(ptp) + s(pbl12) + s(v10m), data = .)      2073.700
gam(log(value) ~ s(wdir) + s(jd) + s(pbl00) + s(t2m) + s(ptp) + s(pbl12) + s(v10m), data = .)        2063.950
gam(log(value) ~ s(wspeed) + s(jd) + s(pbl00) + s(t2m) + s(ptp) + s(pbl12) + s(v10m), data = .)      2066.890
gam(log(value) ~ s(pwspeed) + s(jd) + s(pbl00) + s(t2m) + s(ptp) + s(pbl12) + s(v10m), data = .)     2072.572

Modello migliore: u10m - jd - pbl00 - t2m - ptp - pbl12 - v10m 

Variabile scelta u10m con AIC 2046.98892183975  

Fine per scelta MODELLO 

jd + pbl00 + t2m + ptp + pbl12 + v10m 

---------------------- 

NOTE: Log Print Time:  2021-05-11 13:09:52 
NOTE: Elapsed Time in seconds: 1.27945499022802 

Fine per scelta MODELLO 

jd + pbl00 + t2m + ptp + pbl12 + v10m 

---------------------- 

NOTE: Log Print Time:  2021-05-11 13:09:52 
NOTE: Elapsed Time in seconds: 0.00118374824523926 

Fine per scelta MODELLO 

jd + pbl00 + t2m + ptp + pbl12 + v10m 

---------------------- 

NOTE: Log Print Time:  2021-05-11 13:09:52 
NOTE: Elapsed Time in seconds: 0.00104689598083496 

Fine per scelta MODELLO 

jd + pbl00 + t2m + ptp + pbl12 + v10m 

---------------------- 

NOTE: Log Print Time:  2021-05-11 13:09:52 
NOTE: Elapsed Time in seconds: 0.00103759765625 

Fine per scelta MODELLO 

jd + pbl00 + t2m + ptp + pbl12 + v10m 

---------------------- 

NOTE: Log Print Time:  2021-05-11 13:09:52 
NOTE: Elapsed Time in seconds: 0.00108194351196289 

Fine per scelta MODELLO 

jd + pbl00 + t2m + ptp + pbl12 + v10m 

---------------------- 

NOTE: Log Print Time:  2021-05-11 13:09:52 
NOTE: Elapsed Time in seconds: 0.00103187561035156 

Fine per scelta MODELLO 

jd + pbl00 + t2m + ptp + pbl12 + v10m 

---------------------- 

NOTE: Log Print Time:  2021-05-11 13:09:52 
NOTE: Elapsed Time in seconds: 0.00102996826171875 

========================================================================= 
Log End Time: 2021-05-11 13:09:52 
Log Elapsed Time: 0 00:00:01 
========================================================================= 
