========================================================================= 
Log Path: output/12/pm25/log/pulvirus_pm25_12_IT0867A.log 
Working Directory: /home/rmorelli/R/pulvirus/analisi/GAM/scelta 
User Name: rmorelli 
R Version: 4.0.5 (2021-03-31) 
Machine: pasqualino x86_64 
Operating System: Linux 4.19.0-13-amd64 #1 SMP Debian 4.19.160-2 (2020-11-28) 
Log Start Time: 2021-05-11 13:22:14 
========================================================================= 

Stazione: IT0867A 

---------- START ---------- 

                                            IT0867A
gam(log(value) ~ s(t2m), data = .)         3005.378
gam(log(value) ~ s(tmin2m), data = .)      3005.709
gam(log(value) ~ s(tmax2m), data = .)      3183.640
gam(log(value) ~ s(tp), data = .)          3565.304
gam(log(value) ~ s(ptp), data = .)         3545.786
gam(log(value) ~ s(rh), data = .)          3642.448
gam(log(value) ~ s(u10m), data = .)        3441.069
gam(log(value) ~ s(v10m), data = .)        3554.355
gam(log(value) ~ s(sp), data = .)          3425.358
gam(log(value) ~ s(nirradiance), data = .) 3265.681
gam(log(value) ~ s(pbl00), data = .)       3564.760
gam(log(value) ~ s(pbl12), data = .)       3150.903
gam(log(value) ~ s(pblmin), data = .)      3578.215
gam(log(value) ~ s(pblmax), data = .)      3125.902
gam(log(value) ~ s(wdir), data = .)        3348.275
gam(log(value) ~ s(wspeed), data = .)      3631.696
gam(log(value) ~ s(pwspeed), data = .)     3666.871
gam(log(value) ~ s(jd), data = .)          2912.361

Modello migliore: jd 

Variabile scelta jd con AIC 2912.36124276958  

---------- START ---------- 

                                                    IT0867A
gam(log(value) ~ s(t2m) + s(jd), data = .)         2679.463
gam(log(value) ~ s(tmin2m) + s(jd), data = .)      2681.245
gam(log(value) ~ s(tmax2m) + s(jd), data = .)      2740.534
gam(log(value) ~ s(tp) + s(jd), data = .)          2659.341
gam(log(value) ~ s(ptp) + s(jd), data = .)         2627.353
gam(log(value) ~ s(rh) + s(jd), data = .)          2733.905
gam(log(value) ~ s(u10m) + s(jd), data = .)        2833.183
gam(log(value) ~ s(v10m) + s(jd), data = .)        2666.879
gam(log(value) ~ s(sp) + s(jd), data = .)          2666.926
gam(log(value) ~ s(nirradiance) + s(jd), data = .) 2780.902
gam(log(value) ~ s(pbl00) + s(jd), data = .)       2538.763
gam(log(value) ~ s(pbl12) + s(jd), data = .)       2769.337
gam(log(value) ~ s(pblmin) + s(jd), data = .)      2593.336
gam(log(value) ~ s(pblmax) + s(jd), data = .)      2737.345
gam(log(value) ~ s(wdir) + s(jd), data = .)        2753.213
gam(log(value) ~ s(wspeed) + s(jd), data = .)      2734.541
gam(log(value) ~ s(pwspeed) + s(jd), data = .)     2839.806
gam(log(value) ~ s(jd) + s(jd), data = .)          2912.361

Modello migliore: pbl00 - jd 

Variabile scelta pbl00 con AIC 2538.76345439198  

Modelli BACKWARD 

                                                       IT0867A
gam(log(value) ~ s(t2m) + s(pbl00), data = .)         2659.070
gam(log(value) ~ s(tmin2m) + s(pbl00), data = .)      2770.946
gam(log(value) ~ s(tmax2m) + s(pbl00), data = .)      2779.267
gam(log(value) ~ s(tp) + s(pbl00), data = .)          3519.468
gam(log(value) ~ s(ptp) + s(pbl00), data = .)         3499.961
gam(log(value) ~ s(rh) + s(pbl00), data = .)          3519.547
gam(log(value) ~ s(u10m) + s(pbl00), data = .)        3313.506
gam(log(value) ~ s(v10m) + s(pbl00), data = .)        3519.610
gam(log(value) ~ s(sp) + s(pbl00), data = .)          3372.241
gam(log(value) ~ s(nirradiance) + s(pbl00), data = .) 2939.227
gam(log(value) ~ s(pbl12) + s(pbl00), data = .)       3009.033
gam(log(value) ~ s(pblmin) + s(pbl00), data = .)      3558.771
gam(log(value) ~ s(pblmax) + s(pbl00), data = .)      2976.332
gam(log(value) ~ s(wdir) + s(pbl00), data = .)        3278.872
gam(log(value) ~ s(wspeed) + s(pbl00), data = .)      3543.250
gam(log(value) ~ s(pwspeed) + s(pbl00), data = .)     3545.223

Modello migliore: t2m - pbl00 

Dati backward:  2659.07047081039::t2m::pbl00 

Scelgo il modello N 

---------- START ---------- 

                                                               IT0867A
gam(log(value) ~ s(t2m) + s(jd) + s(pbl00), data = .)         2287.754
gam(log(value) ~ s(tmin2m) + s(jd) + s(pbl00), data = .)      2321.424
gam(log(value) ~ s(tmax2m) + s(jd) + s(pbl00), data = .)      2357.374
gam(log(value) ~ s(tp) + s(jd) + s(pbl00), data = .)          2441.760
gam(log(value) ~ s(ptp) + s(jd) + s(pbl00), data = .)         2407.114
gam(log(value) ~ s(rh) + s(jd) + s(pbl00), data = .)          2473.632
gam(log(value) ~ s(u10m) + s(jd) + s(pbl00), data = .)        2480.666
gam(log(value) ~ s(v10m) + s(jd) + s(pbl00), data = .)        2493.915
gam(log(value) ~ s(sp) + s(jd) + s(pbl00), data = .)          2448.916
gam(log(value) ~ s(nirradiance) + s(jd) + s(pbl00), data = .) 2446.537
gam(log(value) ~ s(pbl12) + s(jd) + s(pbl00), data = .)       2453.772
gam(log(value) ~ s(pblmin) + s(jd) + s(pbl00), data = .)      2498.146
gam(log(value) ~ s(pblmax) + s(jd) + s(pbl00), data = .)      2427.638
gam(log(value) ~ s(wdir) + s(jd) + s(pbl00), data = .)        2464.605
gam(log(value) ~ s(wspeed) + s(jd) + s(pbl00), data = .)      2500.586
gam(log(value) ~ s(pwspeed) + s(jd) + s(pbl00), data = .)     2536.213

Modello migliore: t2m - jd - pbl00 

Variabile scelta t2m con AIC 2287.75399189142  

Modelli BACKWARD 

                                                             IT0867A
gam(log(value) ~ s(tmin2m) + s(jd) + s(t2m), data = .)      2554.075
gam(log(value) ~ s(tmax2m) + s(jd) + s(t2m), data = .)      2436.703
gam(log(value) ~ s(tp) + s(jd) + s(t2m), data = .)          2464.145
gam(log(value) ~ s(ptp) + s(jd) + s(t2m), data = .)         2406.637
gam(log(value) ~ s(rh) + s(jd) + s(t2m), data = .)          2532.290
gam(log(value) ~ s(u10m) + s(jd) + s(t2m), data = .)        2582.932
gam(log(value) ~ s(v10m) + s(jd) + s(t2m), data = .)        2401.698
gam(log(value) ~ s(sp) + s(jd) + s(t2m), data = .)          2388.948
gam(log(value) ~ s(nirradiance) + s(jd) + s(t2m), data = .) 2634.876
gam(log(value) ~ s(pbl12) + s(jd) + s(t2m), data = .)       2571.880
gam(log(value) ~ s(pblmin) + s(jd) + s(t2m), data = .)      2343.070
gam(log(value) ~ s(pblmax) + s(jd) + s(t2m), data = .)      2564.968
gam(log(value) ~ s(wdir) + s(jd) + s(t2m), data = .)        2509.082
gam(log(value) ~ s(wspeed) + s(jd) + s(t2m), data = .)      2464.485
gam(log(value) ~ s(pwspeed) + s(jd) + s(t2m), data = .)     2577.911

Modello migliore: pblmin - jd - t2m 

Dati backward:  2343.07039482052::pblmin::jd::t2m 

Scelgo il modello N 

---------- START ---------- 

                                                                        IT0867A
gam(log(value) ~ s(tmin2m) + s(jd) + s(pbl00) + s(t2m), data = .)      2269.367
gam(log(value) ~ s(tmax2m) + s(jd) + s(pbl00) + s(t2m), data = .)      2205.116
gam(log(value) ~ s(tp) + s(jd) + s(pbl00) + s(t2m), data = .)          2215.065
gam(log(value) ~ s(ptp) + s(jd) + s(pbl00) + s(t2m), data = .)         2150.029
gam(log(value) ~ s(rh) + s(jd) + s(pbl00) + s(t2m), data = .)          2257.323
gam(log(value) ~ s(u10m) + s(jd) + s(pbl00) + s(t2m), data = .)        2247.519
gam(log(value) ~ s(v10m) + s(jd) + s(pbl00) + s(t2m), data = .)        2221.686
gam(log(value) ~ s(sp) + s(jd) + s(pbl00) + s(t2m), data = .)          2146.062
gam(log(value) ~ s(nirradiance) + s(jd) + s(pbl00) + s(t2m), data = .) 2271.546
gam(log(value) ~ s(pbl12) + s(jd) + s(pbl00) + s(t2m), data = .)       2227.348
gam(log(value) ~ s(pblmin) + s(jd) + s(pbl00) + s(t2m), data = .)      2242.160
gam(log(value) ~ s(pblmax) + s(jd) + s(pbl00) + s(t2m), data = .)      2214.398
gam(log(value) ~ s(wdir) + s(jd) + s(pbl00) + s(t2m), data = .)        2196.429
gam(log(value) ~ s(wspeed) + s(jd) + s(pbl00) + s(t2m), data = .)      2242.526
gam(log(value) ~ s(pwspeed) + s(jd) + s(pbl00) + s(t2m), data = .)     2289.729

Modello migliore: sp - jd - pbl00 - t2m 

Variabile scelta sp con AIC 2146.0624022863  

Modelli BACKWARD 

                                                                       IT0867A
gam(log(value) ~ s(tmin2m) + s(jd) + s(pbl00) + s(sp), data = .)      2206.231
gam(log(value) ~ s(tmax2m) + s(jd) + s(pbl00) + s(sp), data = .)      2211.992
gam(log(value) ~ s(tp) + s(jd) + s(pbl00) + s(sp), data = .)          2405.744
gam(log(value) ~ s(ptp) + s(jd) + s(pbl00) + s(sp), data = .)         2377.517
gam(log(value) ~ s(rh) + s(jd) + s(pbl00) + s(sp), data = .)          2421.830
gam(log(value) ~ s(u10m) + s(jd) + s(pbl00) + s(sp), data = .)        2401.066
gam(log(value) ~ s(v10m) + s(jd) + s(pbl00) + s(sp), data = .)        2419.932
gam(log(value) ~ s(nirradiance) + s(jd) + s(pbl00) + s(sp), data = .) 2356.412
gam(log(value) ~ s(pbl12) + s(jd) + s(pbl00) + s(sp), data = .)       2369.318
gam(log(value) ~ s(pblmin) + s(jd) + s(pbl00) + s(sp), data = .)      2419.978
gam(log(value) ~ s(pblmax) + s(jd) + s(pbl00) + s(sp), data = .)      2350.316
gam(log(value) ~ s(wdir) + s(jd) + s(pbl00) + s(sp), data = .)        2396.087
gam(log(value) ~ s(wspeed) + s(jd) + s(pbl00) + s(sp), data = .)      2408.976
gam(log(value) ~ s(pwspeed) + s(jd) + s(pbl00) + s(sp), data = .)     2445.952

Modello migliore: tmin2m - jd - pbl00 - sp 

Dati backward:  2206.23078444444::tmin2m::jd::pbl00::sp 

Scelgo il modello N 

---------- START ---------- 

                                                                                IT0867A
gam(log(value) ~ s(tmin2m) + s(jd) + s(pbl00) + s(t2m) + s(sp), data = .)      2142.197
gam(log(value) ~ s(tmax2m) + s(jd) + s(pbl00) + s(t2m) + s(sp), data = .)      2117.961
gam(log(value) ~ s(tp) + s(jd) + s(pbl00) + s(t2m) + s(sp), data = .)          2133.774
gam(log(value) ~ s(ptp) + s(jd) + s(pbl00) + s(t2m) + s(sp), data = .)         2078.824
gam(log(value) ~ s(rh) + s(jd) + s(pbl00) + s(t2m) + s(sp), data = .)          2137.606
gam(log(value) ~ s(u10m) + s(jd) + s(pbl00) + s(t2m) + s(sp), data = .)        2118.270
gam(log(value) ~ s(v10m) + s(jd) + s(pbl00) + s(t2m) + s(sp), data = .)        2077.245
gam(log(value) ~ s(nirradiance) + s(jd) + s(pbl00) + s(t2m) + s(sp), data = .) 2121.311
gam(log(value) ~ s(pbl12) + s(jd) + s(pbl00) + s(t2m) + s(sp), data = .)       2078.673
gam(log(value) ~ s(pblmin) + s(jd) + s(pbl00) + s(t2m) + s(sp), data = .)      2114.594
gam(log(value) ~ s(pblmax) + s(jd) + s(pbl00) + s(t2m) + s(sp), data = .)      2070.591
gam(log(value) ~ s(wdir) + s(jd) + s(pbl00) + s(t2m) + s(sp), data = .)        2061.451
gam(log(value) ~ s(wspeed) + s(jd) + s(pbl00) + s(t2m) + s(sp), data = .)      2102.766
gam(log(value) ~ s(pwspeed) + s(jd) + s(pbl00) + s(t2m) + s(sp), data = .)     2148.183

Modello migliore: wdir - jd - pbl00 - t2m - sp 

Variabile scelta wdir con AIC 2061.45053494563  

Modelli BACKWARD 

                                                                                  IT0867A
gam(log(value) ~ s(tmin2m) + s(jd) + s(pbl00) + s(t2m) + s(wdir), data = .)      2178.260
gam(log(value) ~ s(tmax2m) + s(jd) + s(pbl00) + s(t2m) + s(wdir), data = .)      2127.007
gam(log(value) ~ s(tp) + s(jd) + s(pbl00) + s(t2m) + s(wdir), data = .)          2104.141
gam(log(value) ~ s(ptp) + s(jd) + s(pbl00) + s(t2m) + s(wdir), data = .)         2071.255
gam(log(value) ~ s(rh) + s(jd) + s(pbl00) + s(t2m) + s(wdir), data = .)          2160.892
gam(log(value) ~ s(u10m) + s(jd) + s(pbl00) + s(t2m) + s(wdir), data = .)        2176.819
gam(log(value) ~ s(v10m) + s(jd) + s(pbl00) + s(t2m) + s(wdir), data = .)        2152.397
gam(log(value) ~ s(nirradiance) + s(jd) + s(pbl00) + s(t2m) + s(wdir), data = .) 2174.545
gam(log(value) ~ s(pbl12) + s(jd) + s(pbl00) + s(t2m) + s(wdir), data = .)       2157.676
gam(log(value) ~ s(pblmin) + s(jd) + s(pbl00) + s(t2m) + s(wdir), data = .)      2140.353
gam(log(value) ~ s(pblmax) + s(jd) + s(pbl00) + s(t2m) + s(wdir), data = .)      2147.533
gam(log(value) ~ s(wspeed) + s(jd) + s(pbl00) + s(t2m) + s(wdir), data = .)      2147.095
gam(log(value) ~ s(pwspeed) + s(jd) + s(pbl00) + s(t2m) + s(wdir), data = .)     2197.523

Modello migliore: ptp - jd - pbl00 - t2m - wdir 

Dati backward:  2071.2550999134::ptp::jd::pbl00::t2m::wdir 

Scelgo il modello N 

---------- START ---------- 

                                                                                          IT0867A
gam(log(value) ~ s(tmin2m) + s(jd) + s(pbl00) + s(t2m) + s(sp) + s(wdir), data = .)      2054.741
gam(log(value) ~ s(tmax2m) + s(jd) + s(pbl00) + s(t2m) + s(sp) + s(wdir), data = .)      2037.060
gam(log(value) ~ s(tp) + s(jd) + s(pbl00) + s(t2m) + s(sp) + s(wdir), data = .)          2037.764
gam(log(value) ~ s(ptp) + s(jd) + s(pbl00) + s(t2m) + s(sp) + s(wdir), data = .)         2003.147
gam(log(value) ~ s(rh) + s(jd) + s(pbl00) + s(t2m) + s(sp) + s(wdir), data = .)          2053.862
gam(log(value) ~ s(u10m) + s(jd) + s(pbl00) + s(t2m) + s(sp) + s(wdir), data = .)        2043.825
gam(log(value) ~ s(v10m) + s(jd) + s(pbl00) + s(t2m) + s(sp) + s(wdir), data = .)        2021.835
gam(log(value) ~ s(nirradiance) + s(jd) + s(pbl00) + s(t2m) + s(sp) + s(wdir), data = .) 2044.046
gam(log(value) ~ s(pbl12) + s(jd) + s(pbl00) + s(t2m) + s(sp) + s(wdir), data = .)       2017.544
gam(log(value) ~ s(pblmin) + s(jd) + s(pbl00) + s(t2m) + s(sp) + s(wdir), data = .)      2023.257
gam(log(value) ~ s(pblmax) + s(jd) + s(pbl00) + s(t2m) + s(sp) + s(wdir), data = .)      2010.915
gam(log(value) ~ s(wspeed) + s(jd) + s(pbl00) + s(t2m) + s(sp) + s(wdir), data = .)      2018.410
gam(log(value) ~ s(pwspeed) + s(jd) + s(pbl00) + s(t2m) + s(sp) + s(wdir), data = .)     2062.973

Modello migliore: ptp - jd - pbl00 - t2m - sp - wdir 

Variabile scelta ptp con AIC 2003.14673262844  

Modelli BACKWARD 

                                                                                         IT0867A
gam(log(value) ~ s(tmin2m) + s(jd) + s(pbl00) + s(t2m) + s(sp) + s(ptp), data = .)      2077.980
gam(log(value) ~ s(tmax2m) + s(jd) + s(pbl00) + s(t2m) + s(sp) + s(ptp), data = .)      2054.769
gam(log(value) ~ s(tp) + s(jd) + s(pbl00) + s(t2m) + s(sp) + s(ptp), data = .)          2070.207
gam(log(value) ~ s(rh) + s(jd) + s(pbl00) + s(t2m) + s(sp) + s(ptp), data = .)          2053.815
gam(log(value) ~ s(u10m) + s(jd) + s(pbl00) + s(t2m) + s(sp) + s(ptp), data = .)        2047.159
gam(log(value) ~ s(v10m) + s(jd) + s(pbl00) + s(t2m) + s(sp) + s(ptp), data = .)        2009.942
gam(log(value) ~ s(nirradiance) + s(jd) + s(pbl00) + s(t2m) + s(sp) + s(ptp), data = .) 2056.000
gam(log(value) ~ s(pbl12) + s(jd) + s(pbl00) + s(t2m) + s(sp) + s(ptp), data = .)       2010.807
gam(log(value) ~ s(pblmin) + s(jd) + s(pbl00) + s(t2m) + s(sp) + s(ptp), data = .)      2035.714
gam(log(value) ~ s(pblmax) + s(jd) + s(pbl00) + s(t2m) + s(sp) + s(ptp), data = .)      1999.548
gam(log(value) ~ s(wspeed) + s(jd) + s(pbl00) + s(t2m) + s(sp) + s(ptp), data = .)      2032.355
gam(log(value) ~ s(pwspeed) + s(jd) + s(pbl00) + s(t2m) + s(sp) + s(ptp), data = .)     2080.712

Modello migliore: pblmax - jd - pbl00 - t2m - sp - ptp 

Dati backward:  1999.54798080862::pblmax::jd::pbl00::t2m::sp::ptp 

Scelgo il modello N 

---------- START ---------- 

                                                                                                   IT0867A
gam(log(value) ~ s(tmin2m) + s(jd) + s(pbl00) + s(t2m) + s(sp) + s(wdir) + s(ptp), data = .)      2001.089
gam(log(value) ~ s(tmax2m) + s(jd) + s(pbl00) + s(t2m) + s(sp) + s(wdir) + s(ptp), data = .)      1986.143
gam(log(value) ~ s(tp) + s(jd) + s(pbl00) + s(t2m) + s(sp) + s(wdir) + s(ptp), data = .)          1989.341
gam(log(value) ~ s(rh) + s(jd) + s(pbl00) + s(t2m) + s(sp) + s(wdir) + s(ptp), data = .)          1985.736
gam(log(value) ~ s(u10m) + s(jd) + s(pbl00) + s(t2m) + s(sp) + s(wdir) + s(ptp), data = .)        1982.649
gam(log(value) ~ s(v10m) + s(jd) + s(pbl00) + s(t2m) + s(sp) + s(wdir) + s(ptp), data = .)        1958.988
gam(log(value) ~ s(nirradiance) + s(jd) + s(pbl00) + s(t2m) + s(sp) + s(wdir) + s(ptp), data = .) 1989.051
gam(log(value) ~ s(pbl12) + s(jd) + s(pbl00) + s(t2m) + s(sp) + s(wdir) + s(ptp), data = .)       1957.534
gam(log(value) ~ s(pblmin) + s(jd) + s(pbl00) + s(t2m) + s(sp) + s(wdir) + s(ptp), data = .)      1954.269
gam(log(value) ~ s(pblmax) + s(jd) + s(pbl00) + s(t2m) + s(sp) + s(wdir) + s(ptp), data = .)      1947.774
gam(log(value) ~ s(wspeed) + s(jd) + s(pbl00) + s(t2m) + s(sp) + s(wdir) + s(ptp), data = .)      1956.518
gam(log(value) ~ s(pwspeed) + s(jd) + s(pbl00) + s(t2m) + s(sp) + s(wdir) + s(ptp), data = .)     2005.078

Modello migliore: pblmax - jd - pbl00 - t2m - sp - wdir - ptp 

Variabile scelta pblmax con AIC 1947.77390585516  

Modelli BACKWARD 

                                                                                                      IT0867A
gam(log(value) ~ s(tmin2m) + s(jd) + s(pbl00) + s(t2m) + s(sp) + s(wdir) + s(pblmax), data = .)      1984.295
gam(log(value) ~ s(tmax2m) + s(jd) + s(pbl00) + s(t2m) + s(sp) + s(wdir) + s(pblmax), data = .)      1953.665
gam(log(value) ~ s(tp) + s(jd) + s(pbl00) + s(t2m) + s(sp) + s(wdir) + s(pblmax), data = .)          1970.290
gam(log(value) ~ s(rh) + s(jd) + s(pbl00) + s(t2m) + s(sp) + s(wdir) + s(pblmax), data = .)          1987.653
gam(log(value) ~ s(u10m) + s(jd) + s(pbl00) + s(t2m) + s(sp) + s(wdir) + s(pblmax), data = .)        1997.674
gam(log(value) ~ s(v10m) + s(jd) + s(pbl00) + s(t2m) + s(sp) + s(wdir) + s(pblmax), data = .)        1983.270
gam(log(value) ~ s(nirradiance) + s(jd) + s(pbl00) + s(t2m) + s(sp) + s(wdir) + s(pblmax), data = .) 1996.688
gam(log(value) ~ s(pbl12) + s(jd) + s(pbl00) + s(t2m) + s(sp) + s(wdir) + s(pblmax), data = .)       2008.979
gam(log(value) ~ s(pblmin) + s(jd) + s(pbl00) + s(t2m) + s(sp) + s(wdir) + s(pblmax), data = .)      1977.029
gam(log(value) ~ s(wspeed) + s(jd) + s(pbl00) + s(t2m) + s(sp) + s(wdir) + s(pblmax), data = .)      1982.132
gam(log(value) ~ s(pwspeed) + s(jd) + s(pbl00) + s(t2m) + s(sp) + s(wdir) + s(pblmax), data = .)     2012.197

Modello migliore: tmax2m - jd - pbl00 - t2m - sp - wdir - pblmax 

Dati backward:  1953.66456871001::tmax2m::jd::pbl00::t2m::sp::wdir::pblmax 

Scelgo il modello N 

---------- START ---------- 

                                                                                                               IT0867A
gam(log(value) ~ s(tmin2m) + s(jd) + s(pbl00) + s(t2m) + s(sp) + s(wdir) + s(ptp) + s(pblmax), data = .)      1929.699
gam(log(value) ~ s(tmax2m) + s(jd) + s(pbl00) + s(t2m) + s(sp) + s(wdir) + s(ptp) + s(pblmax), data = .)      1900.403
gam(log(value) ~ s(tp) + s(jd) + s(pbl00) + s(t2m) + s(sp) + s(wdir) + s(ptp) + s(pblmax), data = .)          1921.974
gam(log(value) ~ s(rh) + s(jd) + s(pbl00) + s(t2m) + s(sp) + s(wdir) + s(ptp) + s(pblmax), data = .)          1928.305
gam(log(value) ~ s(u10m) + s(jd) + s(pbl00) + s(t2m) + s(sp) + s(wdir) + s(ptp) + s(pblmax), data = .)        1931.031
gam(log(value) ~ s(v10m) + s(jd) + s(pbl00) + s(t2m) + s(sp) + s(wdir) + s(ptp) + s(pblmax), data = .)        1916.685
gam(log(value) ~ s(nirradiance) + s(jd) + s(pbl00) + s(t2m) + s(sp) + s(wdir) + s(ptp) + s(pblmax), data = .) 1940.586
gam(log(value) ~ s(pbl12) + s(jd) + s(pbl00) + s(t2m) + s(sp) + s(wdir) + s(ptp) + s(pblmax), data = .)       1947.483
gam(log(value) ~ s(pblmin) + s(jd) + s(pbl00) + s(t2m) + s(sp) + s(wdir) + s(ptp) + s(pblmax), data = .)      1899.056
gam(log(value) ~ s(wspeed) + s(jd) + s(pbl00) + s(t2m) + s(sp) + s(wdir) + s(ptp) + s(pblmax), data = .)      1916.117
gam(log(value) ~ s(pwspeed) + s(jd) + s(pbl00) + s(t2m) + s(sp) + s(wdir) + s(ptp) + s(pblmax), data = .)     1949.346

Modello migliore: pblmin - jd - pbl00 - t2m - sp - wdir - ptp - pblmax 

Variabile scelta pblmin con AIC 1899.05613508005  

Modelli BACKWARD 

                                                                                                               IT0867A
gam(log(value) ~ s(tmin2m) + s(jd) + s(pbl00) + s(t2m) + s(sp) + s(wdir) + s(ptp) + s(pblmin), data = .)      1948.601
gam(log(value) ~ s(tmax2m) + s(jd) + s(pbl00) + s(t2m) + s(sp) + s(wdir) + s(ptp) + s(pblmin), data = .)      1944.928
gam(log(value) ~ s(tp) + s(jd) + s(pbl00) + s(t2m) + s(sp) + s(wdir) + s(ptp) + s(pblmin), data = .)          1947.990
gam(log(value) ~ s(rh) + s(jd) + s(pbl00) + s(t2m) + s(sp) + s(wdir) + s(ptp) + s(pblmin), data = .)          1928.478
gam(log(value) ~ s(u10m) + s(jd) + s(pbl00) + s(t2m) + s(sp) + s(wdir) + s(ptp) + s(pblmin), data = .)        1941.834
gam(log(value) ~ s(v10m) + s(jd) + s(pbl00) + s(t2m) + s(sp) + s(wdir) + s(ptp) + s(pblmin), data = .)        1933.658
gam(log(value) ~ s(nirradiance) + s(jd) + s(pbl00) + s(t2m) + s(sp) + s(wdir) + s(ptp) + s(pblmin), data = .) 1921.028
gam(log(value) ~ s(pbl12) + s(jd) + s(pbl00) + s(t2m) + s(sp) + s(wdir) + s(ptp) + s(pblmin), data = .)       1916.371
gam(log(value) ~ s(wspeed) + s(jd) + s(pbl00) + s(t2m) + s(sp) + s(wdir) + s(ptp) + s(pblmin), data = .)      1931.023
gam(log(value) ~ s(pwspeed) + s(jd) + s(pbl00) + s(t2m) + s(sp) + s(wdir) + s(ptp) + s(pblmin), data = .)     1955.942

Modello migliore: pbl12 - jd - pbl00 - t2m - sp - wdir - ptp - pblmin 

Dati backward:  1916.37108519627::pbl12::jd::pbl00::t2m::sp::wdir::ptp::pblmin 

Scelgo il modello N 

---------- START ---------- 

                                                                                                                           IT0867A
gam(log(value) ~ s(tmin2m) + s(jd) + s(pbl00) + s(t2m) + s(sp) + s(wdir) + s(ptp) + s(pblmax) + s(pblmin), data = .)      1887.205
gam(log(value) ~ s(tmax2m) + s(jd) + s(pbl00) + s(t2m) + s(sp) + s(wdir) + s(ptp) + s(pblmax) + s(pblmin), data = .)      1869.220
gam(log(value) ~ s(tp) + s(jd) + s(pbl00) + s(t2m) + s(sp) + s(wdir) + s(ptp) + s(pblmax) + s(pblmin), data = .)          1887.113
gam(log(value) ~ s(rh) + s(jd) + s(pbl00) + s(t2m) + s(sp) + s(wdir) + s(ptp) + s(pblmax) + s(pblmin), data = .)          1882.953
gam(log(value) ~ s(u10m) + s(jd) + s(pbl00) + s(t2m) + s(sp) + s(wdir) + s(ptp) + s(pblmax) + s(pblmin), data = .)        1890.129
gam(log(value) ~ s(v10m) + s(jd) + s(pbl00) + s(t2m) + s(sp) + s(wdir) + s(ptp) + s(pblmax) + s(pblmin), data = .)        1889.373
gam(log(value) ~ s(nirradiance) + s(jd) + s(pbl00) + s(t2m) + s(sp) + s(wdir) + s(ptp) + s(pblmax) + s(pblmin), data = .) 1890.374
gam(log(value) ~ s(pbl12) + s(jd) + s(pbl00) + s(t2m) + s(sp) + s(wdir) + s(ptp) + s(pblmax) + s(pblmin), data = .)       1903.226
gam(log(value) ~ s(wspeed) + s(jd) + s(pbl00) + s(t2m) + s(sp) + s(wdir) + s(ptp) + s(pblmax) + s(pblmin), data = .)      1888.763
gam(log(value) ~ s(pwspeed) + s(jd) + s(pbl00) + s(t2m) + s(sp) + s(wdir) + s(ptp) + s(pblmax) + s(pblmin), data = .)     1904.648

Modello migliore: tmax2m - jd - pbl00 - t2m - sp - wdir - ptp - pblmax - pblmin 

Variabile scelta tmax2m con AIC 1869.21959765101  

Modelli BACKWARD 

                                                                                                                           IT0867A
gam(log(value) ~ s(tmin2m) + s(jd) + s(pbl00) + s(t2m) + s(sp) + s(wdir) + s(ptp) + s(pblmax) + s(tmax2m), data = .)      1896.844
gam(log(value) ~ s(tp) + s(jd) + s(pbl00) + s(t2m) + s(sp) + s(wdir) + s(ptp) + s(pblmax) + s(tmax2m), data = .)          1884.715
gam(log(value) ~ s(rh) + s(jd) + s(pbl00) + s(t2m) + s(sp) + s(wdir) + s(ptp) + s(pblmax) + s(tmax2m), data = .)          1866.234
gam(log(value) ~ s(u10m) + s(jd) + s(pbl00) + s(t2m) + s(sp) + s(wdir) + s(ptp) + s(pblmax) + s(tmax2m), data = .)        1888.565
gam(log(value) ~ s(v10m) + s(jd) + s(pbl00) + s(t2m) + s(sp) + s(wdir) + s(ptp) + s(pblmax) + s(tmax2m), data = .)        1879.660
gam(log(value) ~ s(nirradiance) + s(jd) + s(pbl00) + s(t2m) + s(sp) + s(wdir) + s(ptp) + s(pblmax) + s(tmax2m), data = .) 1891.782
gam(log(value) ~ s(pbl12) + s(jd) + s(pbl00) + s(t2m) + s(sp) + s(wdir) + s(ptp) + s(pblmax) + s(tmax2m), data = .)       1901.380
gam(log(value) ~ s(wspeed) + s(jd) + s(pbl00) + s(t2m) + s(sp) + s(wdir) + s(ptp) + s(pblmax) + s(tmax2m), data = .)      1876.961
gam(log(value) ~ s(pwspeed) + s(jd) + s(pbl00) + s(t2m) + s(sp) + s(wdir) + s(ptp) + s(pblmax) + s(tmax2m), data = .)     1898.024

Modello migliore: rh - jd - pbl00 - t2m - sp - wdir - ptp - pblmax - tmax2m 

Dati backward:  1866.23436712132::rh::jd::pbl00::t2m::sp::wdir::ptp::pblmax::tmax2m 

Scelgo il modello N-1 

---------- START ---------- 

                                                                                                                           IT0867A
gam(log(value) ~ s(tmin2m) + s(jd) + s(pbl00) + s(t2m) + s(sp) + s(wdir) + s(ptp) + s(pblmax) + s(pblmin), data = .)      1887.205
gam(log(value) ~ s(tp) + s(jd) + s(pbl00) + s(t2m) + s(sp) + s(wdir) + s(ptp) + s(pblmax) + s(pblmin), data = .)          1887.113
gam(log(value) ~ s(rh) + s(jd) + s(pbl00) + s(t2m) + s(sp) + s(wdir) + s(ptp) + s(pblmax) + s(pblmin), data = .)          1882.953
gam(log(value) ~ s(u10m) + s(jd) + s(pbl00) + s(t2m) + s(sp) + s(wdir) + s(ptp) + s(pblmax) + s(pblmin), data = .)        1890.129
gam(log(value) ~ s(v10m) + s(jd) + s(pbl00) + s(t2m) + s(sp) + s(wdir) + s(ptp) + s(pblmax) + s(pblmin), data = .)        1889.373
gam(log(value) ~ s(nirradiance) + s(jd) + s(pbl00) + s(t2m) + s(sp) + s(wdir) + s(ptp) + s(pblmax) + s(pblmin), data = .) 1890.374
gam(log(value) ~ s(pbl12) + s(jd) + s(pbl00) + s(t2m) + s(sp) + s(wdir) + s(ptp) + s(pblmax) + s(pblmin), data = .)       1903.226
gam(log(value) ~ s(wspeed) + s(jd) + s(pbl00) + s(t2m) + s(sp) + s(wdir) + s(ptp) + s(pblmax) + s(pblmin), data = .)      1888.763
gam(log(value) ~ s(pwspeed) + s(jd) + s(pbl00) + s(t2m) + s(sp) + s(wdir) + s(ptp) + s(pblmax) + s(pblmin), data = .)     1904.648

Modello migliore: rh - jd - pbl00 - t2m - sp - wdir - ptp - pblmax - pblmin 

Variabile scelta rh con AIC 1882.95329746528  

Fine per scelta MODELLO 

jd + pbl00 + t2m + sp + wdir + ptp + pblmax + pblmin 

---------------------- 

NOTE: Log Print Time:  2021-05-11 13:24:11 
NOTE: Elapsed Time in seconds: 1.94895265897115 

Fine per scelta MODELLO 

jd + pbl00 + t2m + sp + wdir + ptp + pblmax + pblmin 

---------------------- 

NOTE: Log Print Time:  2021-05-11 13:24:11 
NOTE: Elapsed Time in seconds: 0.00110435485839844 

Fine per scelta MODELLO 

jd + pbl00 + t2m + sp + wdir + ptp + pblmax + pblmin 

---------------------- 

NOTE: Log Print Time:  2021-05-11 13:24:11 
NOTE: Elapsed Time in seconds: 0.00100851058959961 

Fine per scelta MODELLO 

jd + pbl00 + t2m + sp + wdir + ptp + pblmax + pblmin 

---------------------- 

NOTE: Log Print Time:  2021-05-11 13:24:11 
NOTE: Elapsed Time in seconds: 0.00101566314697266 

Fine per scelta MODELLO 

jd + pbl00 + t2m + sp + wdir + ptp + pblmax + pblmin 

---------------------- 

NOTE: Log Print Time:  2021-05-11 13:24:11 
NOTE: Elapsed Time in seconds: 0.00102663040161133 

Fine per scelta MODELLO 

jd + pbl00 + t2m + sp + wdir + ptp + pblmax + pblmin 

---------------------- 

NOTE: Log Print Time:  2021-05-11 13:24:11 
NOTE: Elapsed Time in seconds: 0.000988245010375977 

Fine per scelta MODELLO 

jd + pbl00 + t2m + sp + wdir + ptp + pblmax + pblmin 

---------------------- 

NOTE: Log Print Time:  2021-05-11 13:24:11 
NOTE: Elapsed Time in seconds: 0.000992536544799805 

Fine per scelta MODELLO 

jd + pbl00 + t2m + sp + wdir + ptp + pblmax + pblmin 

---------------------- 

NOTE: Log Print Time:  2021-05-11 13:24:11 
NOTE: Elapsed Time in seconds: 0.00103878974914551 

Fine per scelta MODELLO 

jd + pbl00 + t2m + sp + wdir + ptp + pblmax + pblmin 

---------------------- 

NOTE: Log Print Time:  2021-05-11 13:24:11 
NOTE: Elapsed Time in seconds: 0.000995874404907227 

========================================================================= 
Log End Time: 2021-05-11 13:24:11 
Log Elapsed Time: 0 00:00:01 
========================================================================= 
