========================================================================= 
Log Path: output/12/pm25/log/pulvirus_pm25_12_IT0863A.log 
Working Directory: /home/rmorelli/R/pulvirus/analisi/GAM/scelta 
User Name: rmorelli 
R Version: 4.0.5 (2021-03-31) 
Machine: pasqualino x86_64 
Operating System: Linux 4.19.0-13-amd64 #1 SMP Debian 4.19.160-2 (2020-11-28) 
Log Start Time: 2021-05-11 13:13:34 
========================================================================= 

Stazione: IT0863A 

---------- START ---------- 

                                            IT0863A
gam(log(value) ~ s(t2m), data = .)         2144.790
gam(log(value) ~ s(tmin2m), data = .)      2087.255
gam(log(value) ~ s(tmax2m), data = .)      2223.549
gam(log(value) ~ s(tp), data = .)          2309.663
gam(log(value) ~ s(ptp), data = .)         2199.068
gam(log(value) ~ s(rh), data = .)          2327.150
gam(log(value) ~ s(u10m), data = .)        2301.939
gam(log(value) ~ s(v10m), data = .)        2284.140
gam(log(value) ~ s(sp), data = .)          2206.417
gam(log(value) ~ s(nirradiance), data = .) 2259.793
gam(log(value) ~ s(pbl00), data = .)       2287.495
gam(log(value) ~ s(pbl12), data = .)       2084.470
gam(log(value) ~ s(pblmin), data = .)      2274.904
gam(log(value) ~ s(pblmax), data = .)      2126.403
gam(log(value) ~ s(wdir), data = .)        2331.560
gam(log(value) ~ s(wspeed), data = .)      2283.745
gam(log(value) ~ s(pwspeed), data = .)     2346.164
gam(log(value) ~ s(jd), data = .)          2088.415

Modello migliore: pbl12 

Variabile scelta pbl12 con AIC 2084.46979128736  

---------- START ---------- 

                                                       IT0863A
gam(log(value) ~ s(t2m) + s(pbl12), data = .)         1964.502
gam(log(value) ~ s(tmin2m) + s(pbl12), data = .)      1924.274
gam(log(value) ~ s(tmax2m) + s(pbl12), data = .)      2009.469
gam(log(value) ~ s(tp) + s(pbl12), data = .)          1957.537
gam(log(value) ~ s(ptp) + s(pbl12), data = .)         1878.994
gam(log(value) ~ s(rh) + s(pbl12), data = .)          2065.294
gam(log(value) ~ s(u10m) + s(pbl12), data = .)        2051.962
gam(log(value) ~ s(v10m) + s(pbl12), data = .)        2014.059
gam(log(value) ~ s(sp) + s(pbl12), data = .)          1993.126
gam(log(value) ~ s(nirradiance) + s(pbl12), data = .) 2081.852
gam(log(value) ~ s(pbl00) + s(pbl12), data = .)       1989.100
gam(log(value) ~ s(pbl12) + s(pbl12), data = .)       2084.470
gam(log(value) ~ s(pblmin) + s(pbl12), data = .)      1987.380
gam(log(value) ~ s(pblmax) + s(pbl12), data = .)      2086.155
gam(log(value) ~ s(wdir) + s(pbl12), data = .)        2068.541
gam(log(value) ~ s(wspeed) + s(pbl12), data = .)      2011.155
gam(log(value) ~ s(pwspeed) + s(pbl12), data = .)     2035.342
gam(log(value) ~ s(jd) + s(pbl12), data = .)          1979.981

Modello migliore: ptp - pbl12 

Variabile scelta ptp con AIC 1878.99397862632  

Modelli BACKWARD 

                                                     IT0863A
gam(log(value) ~ s(t2m) + s(ptp), data = .)         1942.900
gam(log(value) ~ s(tmin2m) + s(ptp), data = .)      1910.944
gam(log(value) ~ s(tmax2m) + s(ptp), data = .)      1993.461
gam(log(value) ~ s(tp) + s(ptp), data = .)          2192.316
gam(log(value) ~ s(rh) + s(ptp), data = .)          2022.662
gam(log(value) ~ s(u10m) + s(ptp), data = .)        2134.548
gam(log(value) ~ s(v10m) + s(ptp), data = .)        2129.401
gam(log(value) ~ s(sp) + s(ptp), data = .)          2115.213
gam(log(value) ~ s(nirradiance) + s(ptp), data = .) 2003.127
gam(log(value) ~ s(pbl00) + s(ptp), data = .)       2163.231
gam(log(value) ~ s(pblmin) + s(ptp), data = .)      2136.693
gam(log(value) ~ s(pblmax) + s(ptp), data = .)      1922.975
gam(log(value) ~ s(wdir) + s(ptp), data = .)        2148.603
gam(log(value) ~ s(wspeed) + s(ptp), data = .)      2135.344
gam(log(value) ~ s(pwspeed) + s(ptp), data = .)     2186.574
gam(log(value) ~ s(jd) + s(ptp), data = .)          1824.233

Modello migliore: jd - ptp 

Dati backward:  1824.23258260731::jd::ptp 

Scelgo il modello N 

---------- START ---------- 

                                                                IT0863A
gam(log(value) ~ s(t2m) + s(pbl12) + s(ptp), data = .)         1774.529
gam(log(value) ~ s(tmin2m) + s(pbl12) + s(ptp), data = .)      1738.189
gam(log(value) ~ s(tmax2m) + s(pbl12) + s(ptp), data = .)      1816.973
gam(log(value) ~ s(tp) + s(pbl12) + s(ptp), data = .)          1842.589
gam(log(value) ~ s(rh) + s(pbl12) + s(ptp), data = .)          1865.741
gam(log(value) ~ s(u10m) + s(pbl12) + s(ptp), data = .)        1854.754
gam(log(value) ~ s(v10m) + s(pbl12) + s(ptp), data = .)        1821.634
gam(log(value) ~ s(sp) + s(pbl12) + s(ptp), data = .)          1867.542
gam(log(value) ~ s(nirradiance) + s(pbl12) + s(ptp), data = .) 1875.315
gam(log(value) ~ s(pbl00) + s(pbl12) + s(ptp), data = .)       1833.623
gam(log(value) ~ s(pblmin) + s(pbl12) + s(ptp), data = .)      1817.929
gam(log(value) ~ s(pblmax) + s(pbl12) + s(ptp), data = .)      1880.982
gam(log(value) ~ s(wdir) + s(pbl12) + s(ptp), data = .)        1863.729
gam(log(value) ~ s(wspeed) + s(pbl12) + s(ptp), data = .)      1827.478
gam(log(value) ~ s(pwspeed) + s(pbl12) + s(ptp), data = .)     1850.212
gam(log(value) ~ s(jd) + s(pbl12) + s(ptp), data = .)          1726.152

Modello migliore: jd - pbl12 - ptp 

Variabile scelta jd con AIC 1726.15249373139  

Modelli BACKWARD 

                                                               IT0863A
gam(log(value) ~ s(t2m) + s(pbl12) + s(jd), data = .)         1867.949
gam(log(value) ~ s(tmin2m) + s(pbl12) + s(jd), data = .)      1863.057
gam(log(value) ~ s(tmax2m) + s(pbl12) + s(jd), data = .)      1843.474
gam(log(value) ~ s(tp) + s(pbl12) + s(jd), data = .)          1846.160
gam(log(value) ~ s(rh) + s(pbl12) + s(jd), data = .)          1936.375
gam(log(value) ~ s(u10m) + s(pbl12) + s(jd), data = .)        1913.605
gam(log(value) ~ s(v10m) + s(pbl12) + s(jd), data = .)        1850.621
gam(log(value) ~ s(sp) + s(pbl12) + s(jd), data = .)          1836.113
gam(log(value) ~ s(nirradiance) + s(pbl12) + s(jd), data = .) 1875.006
gam(log(value) ~ s(pbl00) + s(pbl12) + s(jd), data = .)       1829.208
gam(log(value) ~ s(pblmin) + s(pbl12) + s(jd), data = .)      1829.937
gam(log(value) ~ s(pblmax) + s(pbl12) + s(jd), data = .)      1981.915
gam(log(value) ~ s(wdir) + s(pbl12) + s(jd), data = .)        1948.783
gam(log(value) ~ s(wspeed) + s(pbl12) + s(jd), data = .)      1841.451
gam(log(value) ~ s(pwspeed) + s(pbl12) + s(jd), data = .)     1904.240

Modello migliore: pbl00 - pbl12 - jd 

Dati backward:  1829.20845276197::pbl00::pbl12::jd 

Scelgo il modello N 

---------- START ---------- 

                                                                        IT0863A
gam(log(value) ~ s(t2m) + s(pbl12) + s(ptp) + s(jd), data = .)         1661.511
gam(log(value) ~ s(tmin2m) + s(pbl12) + s(ptp) + s(jd), data = .)      1645.549
gam(log(value) ~ s(tmax2m) + s(pbl12) + s(ptp) + s(jd), data = .)      1661.042
gam(log(value) ~ s(tp) + s(pbl12) + s(ptp) + s(jd), data = .)          1694.108
gam(log(value) ~ s(rh) + s(pbl12) + s(ptp) + s(jd), data = .)          1721.233
gam(log(value) ~ s(u10m) + s(pbl12) + s(ptp) + s(jd), data = .)        1670.182
gam(log(value) ~ s(v10m) + s(pbl12) + s(ptp) + s(jd), data = .)        1609.725
gam(log(value) ~ s(sp) + s(pbl12) + s(ptp) + s(jd), data = .)          1697.061
gam(log(value) ~ s(nirradiance) + s(pbl12) + s(ptp) + s(jd), data = .) 1694.368
gam(log(value) ~ s(pbl00) + s(pbl12) + s(ptp) + s(jd), data = .)       1645.893
gam(log(value) ~ s(pblmin) + s(pbl12) + s(ptp) + s(jd), data = .)      1615.290
gam(log(value) ~ s(pblmax) + s(pbl12) + s(ptp) + s(jd), data = .)      1728.011
gam(log(value) ~ s(wdir) + s(pbl12) + s(ptp) + s(jd), data = .)        1693.020
gam(log(value) ~ s(wspeed) + s(pbl12) + s(ptp) + s(jd), data = .)      1613.105
gam(log(value) ~ s(pwspeed) + s(pbl12) + s(ptp) + s(jd), data = .)     1674.558

Modello migliore: v10m - pbl12 - ptp - jd 

Variabile scelta v10m con AIC 1609.72497558017  

Modelli BACKWARD 

                                                                          IT0863A
gam(log(value) ~ s(t2m) + s(pbl12) + s(ptp) + s(v10m), data = .)         1664.706
gam(log(value) ~ s(tmin2m) + s(pbl12) + s(ptp) + s(v10m), data = .)      1629.401
gam(log(value) ~ s(tmax2m) + s(pbl12) + s(ptp) + s(v10m), data = .)      1721.717
gam(log(value) ~ s(tp) + s(pbl12) + s(ptp) + s(v10m), data = .)          1767.482
gam(log(value) ~ s(rh) + s(pbl12) + s(ptp) + s(v10m), data = .)          1820.227
gam(log(value) ~ s(u10m) + s(pbl12) + s(ptp) + s(v10m), data = .)        1813.769
gam(log(value) ~ s(sp) + s(pbl12) + s(ptp) + s(v10m), data = .)          1804.152
gam(log(value) ~ s(nirradiance) + s(pbl12) + s(ptp) + s(v10m), data = .) 1805.399
gam(log(value) ~ s(pbl00) + s(pbl12) + s(ptp) + s(v10m), data = .)       1807.525
gam(log(value) ~ s(pblmin) + s(pbl12) + s(ptp) + s(v10m), data = .)      1806.486
gam(log(value) ~ s(pblmax) + s(pbl12) + s(ptp) + s(v10m), data = .)      1823.524
gam(log(value) ~ s(wdir) + s(pbl12) + s(ptp) + s(v10m), data = .)        1823.058
gam(log(value) ~ s(wspeed) + s(pbl12) + s(ptp) + s(v10m), data = .)      1821.395
gam(log(value) ~ s(pwspeed) + s(pbl12) + s(ptp) + s(v10m), data = .)     1807.567

Modello migliore: tmin2m - pbl12 - ptp - v10m 

Dati backward:  1629.40070468185::tmin2m::pbl12::ptp::v10m 

Scelgo il modello N 

---------- START ---------- 

                                                                                  IT0863A
gam(log(value) ~ s(t2m) + s(pbl12) + s(ptp) + s(jd) + s(v10m), data = .)         1546.727
gam(log(value) ~ s(tmin2m) + s(pbl12) + s(ptp) + s(jd) + s(v10m), data = .)      1517.218
gam(log(value) ~ s(tmax2m) + s(pbl12) + s(ptp) + s(jd) + s(v10m), data = .)      1568.562
gam(log(value) ~ s(tp) + s(pbl12) + s(ptp) + s(jd) + s(v10m), data = .)          1562.253
gam(log(value) ~ s(rh) + s(pbl12) + s(ptp) + s(jd) + s(v10m), data = .)          1598.378
gam(log(value) ~ s(u10m) + s(pbl12) + s(ptp) + s(jd) + s(v10m), data = .)        1602.668
gam(log(value) ~ s(sp) + s(pbl12) + s(ptp) + s(jd) + s(v10m), data = .)          1578.958
gam(log(value) ~ s(nirradiance) + s(pbl12) + s(ptp) + s(jd) + s(v10m), data = .) 1570.826
gam(log(value) ~ s(pbl00) + s(pbl12) + s(ptp) + s(jd) + s(v10m), data = .)       1589.987
gam(log(value) ~ s(pblmin) + s(pbl12) + s(ptp) + s(jd) + s(v10m), data = .)      1586.227
gam(log(value) ~ s(pblmax) + s(pbl12) + s(ptp) + s(jd) + s(v10m), data = .)      1611.703
gam(log(value) ~ s(wdir) + s(pbl12) + s(ptp) + s(jd) + s(v10m), data = .)        1611.125
gam(log(value) ~ s(wspeed) + s(pbl12) + s(ptp) + s(jd) + s(v10m), data = .)      1598.320
gam(log(value) ~ s(pwspeed) + s(pbl12) + s(ptp) + s(jd) + s(v10m), data = .)     1588.870

Modello migliore: tmin2m - pbl12 - ptp - jd - v10m 

Variabile scelta tmin2m con AIC 1517.21836544259  

Modelli BACKWARD 

                                                                                    IT0863A
gam(log(value) ~ s(t2m) + s(pbl12) + s(ptp) + s(jd) + s(tmin2m), data = .)         1573.993
gam(log(value) ~ s(tmax2m) + s(pbl12) + s(ptp) + s(jd) + s(tmin2m), data = .)      1556.949
gam(log(value) ~ s(tp) + s(pbl12) + s(ptp) + s(jd) + s(tmin2m), data = .)          1617.677
gam(log(value) ~ s(rh) + s(pbl12) + s(ptp) + s(jd) + s(tmin2m), data = .)          1624.374
gam(log(value) ~ s(u10m) + s(pbl12) + s(ptp) + s(jd) + s(tmin2m), data = .)        1589.002
gam(log(value) ~ s(sp) + s(pbl12) + s(ptp) + s(jd) + s(tmin2m), data = .)          1604.418
gam(log(value) ~ s(nirradiance) + s(pbl12) + s(ptp) + s(jd) + s(tmin2m), data = .) 1623.515
gam(log(value) ~ s(pbl00) + s(pbl12) + s(ptp) + s(jd) + s(tmin2m), data = .)       1572.076
gam(log(value) ~ s(pblmin) + s(pbl12) + s(ptp) + s(jd) + s(tmin2m), data = .)      1533.441
gam(log(value) ~ s(pblmax) + s(pbl12) + s(ptp) + s(jd) + s(tmin2m), data = .)      1644.742
gam(log(value) ~ s(wdir) + s(pbl12) + s(ptp) + s(jd) + s(tmin2m), data = .)        1607.650
gam(log(value) ~ s(wspeed) + s(pbl12) + s(ptp) + s(jd) + s(tmin2m), data = .)      1528.698
gam(log(value) ~ s(pwspeed) + s(pbl12) + s(ptp) + s(jd) + s(tmin2m), data = .)     1595.165

Modello migliore: wspeed - pbl12 - ptp - jd - tmin2m 

Dati backward:  1528.6977646588::wspeed::pbl12::ptp::jd::tmin2m 

Scelgo il modello N 

---------- START ---------- 

                                                                                              IT0863A
gam(log(value) ~ s(t2m) + s(pbl12) + s(ptp) + s(jd) + s(v10m) + s(tmin2m), data = .)         1495.934
gam(log(value) ~ s(tmax2m) + s(pbl12) + s(ptp) + s(jd) + s(v10m) + s(tmin2m), data = .)      1467.455
gam(log(value) ~ s(tp) + s(pbl12) + s(ptp) + s(jd) + s(v10m) + s(tmin2m), data = .)          1475.275
gam(log(value) ~ s(rh) + s(pbl12) + s(ptp) + s(jd) + s(v10m) + s(tmin2m), data = .)          1515.845
gam(log(value) ~ s(u10m) + s(pbl12) + s(ptp) + s(jd) + s(v10m) + s(tmin2m), data = .)        1505.065
gam(log(value) ~ s(sp) + s(pbl12) + s(ptp) + s(jd) + s(v10m) + s(tmin2m), data = .)          1472.234
gam(log(value) ~ s(nirradiance) + s(pbl12) + s(ptp) + s(jd) + s(v10m) + s(tmin2m), data = .) 1491.778
gam(log(value) ~ s(pbl00) + s(pbl12) + s(ptp) + s(jd) + s(v10m) + s(tmin2m), data = .)       1503.762
gam(log(value) ~ s(pblmin) + s(pbl12) + s(ptp) + s(jd) + s(v10m) + s(tmin2m), data = .)      1497.382
gam(log(value) ~ s(pblmax) + s(pbl12) + s(ptp) + s(jd) + s(v10m) + s(tmin2m), data = .)      1517.204
gam(log(value) ~ s(wdir) + s(pbl12) + s(ptp) + s(jd) + s(v10m) + s(tmin2m), data = .)        1512.752
gam(log(value) ~ s(wspeed) + s(pbl12) + s(ptp) + s(jd) + s(v10m) + s(tmin2m), data = .)      1506.553
gam(log(value) ~ s(pwspeed) + s(pbl12) + s(ptp) + s(jd) + s(v10m) + s(tmin2m), data = .)     1497.057

Modello migliore: tmax2m - pbl12 - ptp - jd - v10m - tmin2m 

Variabile scelta tmax2m con AIC 1467.45525541048  

Modelli BACKWARD 

                                                                                              IT0863A
gam(log(value) ~ s(t2m) + s(pbl12) + s(ptp) + s(jd) + s(v10m) + s(tmax2m), data = .)         1451.266
gam(log(value) ~ s(tp) + s(pbl12) + s(ptp) + s(jd) + s(v10m) + s(tmax2m), data = .)          1525.499
gam(log(value) ~ s(rh) + s(pbl12) + s(ptp) + s(jd) + s(v10m) + s(tmax2m), data = .)          1549.490
gam(log(value) ~ s(u10m) + s(pbl12) + s(ptp) + s(jd) + s(v10m) + s(tmax2m), data = .)        1552.684
gam(log(value) ~ s(sp) + s(pbl12) + s(ptp) + s(jd) + s(v10m) + s(tmax2m), data = .)          1531.776
gam(log(value) ~ s(nirradiance) + s(pbl12) + s(ptp) + s(jd) + s(v10m) + s(tmax2m), data = .) 1528.577
gam(log(value) ~ s(pbl00) + s(pbl12) + s(ptp) + s(jd) + s(v10m) + s(tmax2m), data = .)       1551.948
gam(log(value) ~ s(pblmin) + s(pbl12) + s(ptp) + s(jd) + s(v10m) + s(tmax2m), data = .)      1541.359
gam(log(value) ~ s(pblmax) + s(pbl12) + s(ptp) + s(jd) + s(v10m) + s(tmax2m), data = .)      1569.775
gam(log(value) ~ s(wdir) + s(pbl12) + s(ptp) + s(jd) + s(v10m) + s(tmax2m), data = .)        1560.623
gam(log(value) ~ s(wspeed) + s(pbl12) + s(ptp) + s(jd) + s(v10m) + s(tmax2m), data = .)      1553.625
gam(log(value) ~ s(pwspeed) + s(pbl12) + s(ptp) + s(jd) + s(v10m) + s(tmax2m), data = .)     1548.730

Modello migliore: t2m - pbl12 - ptp - jd - v10m - tmax2m 

Dati backward:  1451.26555048413::t2m::pbl12::ptp::jd::v10m::tmax2m 

Scelgo il modello N-1 

---------- START ---------- 

                                                                                              IT0863A
gam(log(value) ~ s(t2m) + s(pbl12) + s(ptp) + s(jd) + s(v10m) + s(tmin2m), data = .)         1495.934
gam(log(value) ~ s(tp) + s(pbl12) + s(ptp) + s(jd) + s(v10m) + s(tmin2m), data = .)          1475.275
gam(log(value) ~ s(rh) + s(pbl12) + s(ptp) + s(jd) + s(v10m) + s(tmin2m), data = .)          1515.845
gam(log(value) ~ s(u10m) + s(pbl12) + s(ptp) + s(jd) + s(v10m) + s(tmin2m), data = .)        1505.065
gam(log(value) ~ s(sp) + s(pbl12) + s(ptp) + s(jd) + s(v10m) + s(tmin2m), data = .)          1472.234
gam(log(value) ~ s(nirradiance) + s(pbl12) + s(ptp) + s(jd) + s(v10m) + s(tmin2m), data = .) 1491.778
gam(log(value) ~ s(pbl00) + s(pbl12) + s(ptp) + s(jd) + s(v10m) + s(tmin2m), data = .)       1503.762
gam(log(value) ~ s(pblmin) + s(pbl12) + s(ptp) + s(jd) + s(v10m) + s(tmin2m), data = .)      1497.382
gam(log(value) ~ s(pblmax) + s(pbl12) + s(ptp) + s(jd) + s(v10m) + s(tmin2m), data = .)      1517.204
gam(log(value) ~ s(wdir) + s(pbl12) + s(ptp) + s(jd) + s(v10m) + s(tmin2m), data = .)        1512.752
gam(log(value) ~ s(wspeed) + s(pbl12) + s(ptp) + s(jd) + s(v10m) + s(tmin2m), data = .)      1506.553
gam(log(value) ~ s(pwspeed) + s(pbl12) + s(ptp) + s(jd) + s(v10m) + s(tmin2m), data = .)     1497.057

Modello migliore: sp - pbl12 - ptp - jd - v10m - tmin2m 

Variabile scelta sp con AIC 1472.23428147498  

Fine per scelta MODELLO 

pbl12 + ptp + jd + v10m + tmin2m 

---------------------- 

NOTE: Log Print Time:  2021-05-11 13:14:25 
NOTE: Elapsed Time in seconds: 51.7773485183716 

Fine per scelta MODELLO 

pbl12 + ptp + jd + v10m + tmin2m 

---------------------- 

NOTE: Log Print Time:  2021-05-11 13:14:25 
NOTE: Elapsed Time in seconds: 0.00110340118408203 

Fine per scelta MODELLO 

pbl12 + ptp + jd + v10m + tmin2m 

---------------------- 

NOTE: Log Print Time:  2021-05-11 13:14:25 
NOTE: Elapsed Time in seconds: 0.000997066497802734 

Fine per scelta MODELLO 

pbl12 + ptp + jd + v10m + tmin2m 

---------------------- 

NOTE: Log Print Time:  2021-05-11 13:14:25 
NOTE: Elapsed Time in seconds: 0.00101542472839355 

Fine per scelta MODELLO 

pbl12 + ptp + jd + v10m + tmin2m 

---------------------- 

NOTE: Log Print Time:  2021-05-11 13:14:25 
NOTE: Elapsed Time in seconds: 0.00100541114807129 

Fine per scelta MODELLO 

pbl12 + ptp + jd + v10m + tmin2m 

---------------------- 

NOTE: Log Print Time:  2021-05-11 13:14:25 
NOTE: Elapsed Time in seconds: 0.00100564956665039 

========================================================================= 
Log End Time: 2021-05-11 13:14:25 
Log Elapsed Time: 0 00:00:51 
========================================================================= 
