========================================================================= 
Log Path: output/12/pm25/log/pulvirus_pm25_12_IT1184A.log 
Working Directory: /home/rmorelli/R/pulvirus/analisi/GAM/scelta 
User Name: rmorelli 
R Version: 4.0.5 (2021-03-31) 
Machine: pasqualino x86_64 
Operating System: Linux 4.19.0-13-amd64 #1 SMP Debian 4.19.160-2 (2020-11-28) 
Log Start Time: 2021-05-11 13:07:17 
========================================================================= 

Stazione: IT1184A 

---------- START ---------- 

                                            IT1184A
gam(log(value) ~ s(t2m), data = .)         1780.525
gam(log(value) ~ s(tmin2m), data = .)      1640.570
gam(log(value) ~ s(tmax2m), data = .)      2048.510
gam(log(value) ~ s(tp), data = .)          2307.146
gam(log(value) ~ s(ptp), data = .)         2273.540
gam(log(value) ~ s(rh), data = .)          2410.773
gam(log(value) ~ s(u10m), data = .)        2321.240
gam(log(value) ~ s(v10m), data = .)        2266.923
gam(log(value) ~ s(sp), data = .)          1927.883
gam(log(value) ~ s(nirradiance), data = .) 2205.784
gam(log(value) ~ s(pbl00), data = .)       2191.265
gam(log(value) ~ s(pbl12), data = .)       2013.691
gam(log(value) ~ s(pblmin), data = .)      2247.882
gam(log(value) ~ s(pblmax), data = .)      2049.946
gam(log(value) ~ s(wdir), data = .)        2106.909
gam(log(value) ~ s(wspeed), data = .)      2371.641
gam(log(value) ~ s(pwspeed), data = .)     2412.163
gam(log(value) ~ s(jd), data = .)          2014.159

Modello migliore: tmin2m 

Variabile scelta tmin2m con AIC 1640.56962876474  

---------- START ---------- 

                                                        IT1184A
gam(log(value) ~ s(t2m) + s(tmin2m), data = .)         1593.668
gam(log(value) ~ s(tmin2m) + s(tmin2m), data = .)      1640.570
gam(log(value) ~ s(tmax2m) + s(tmin2m), data = .)      1555.043
gam(log(value) ~ s(tp) + s(tmin2m), data = .)          1504.365
gam(log(value) ~ s(ptp) + s(tmin2m), data = .)         1379.735
gam(log(value) ~ s(rh) + s(tmin2m), data = .)          1616.898
gam(log(value) ~ s(u10m) + s(tmin2m), data = .)        1575.101
gam(log(value) ~ s(v10m) + s(tmin2m), data = .)        1498.875
gam(log(value) ~ s(sp) + s(tmin2m), data = .)          1332.809
gam(log(value) ~ s(nirradiance) + s(tmin2m), data = .) 1590.019
gam(log(value) ~ s(pbl00) + s(tmin2m), data = .)       1389.329
gam(log(value) ~ s(pbl12) + s(tmin2m), data = .)       1396.178
gam(log(value) ~ s(pblmin) + s(tmin2m), data = .)      1464.940
gam(log(value) ~ s(pblmax) + s(tmin2m), data = .)      1301.397
gam(log(value) ~ s(wdir) + s(tmin2m), data = .)        1526.816
gam(log(value) ~ s(wspeed) + s(tmin2m), data = .)      1541.531
gam(log(value) ~ s(pwspeed) + s(tmin2m), data = .)     1572.626
gam(log(value) ~ s(jd) + s(tmin2m), data = .)          1504.122

Modello migliore: pblmax - tmin2m 

Variabile scelta pblmax con AIC 1301.396871643  

Modelli BACKWARD 

                                                        IT1184A
gam(log(value) ~ s(t2m) + s(pblmax), data = .)         1499.629
gam(log(value) ~ s(tmax2m) + s(pblmax), data = .)      1761.201
gam(log(value) ~ s(tp) + s(pblmax), data = .)          1843.692
gam(log(value) ~ s(ptp) + s(pblmax), data = .)         1877.889
gam(log(value) ~ s(rh) + s(pblmax), data = .)          2016.466
gam(log(value) ~ s(u10m) + s(pblmax), data = .)        2004.994
gam(log(value) ~ s(v10m) + s(pblmax), data = .)        1859.870
gam(log(value) ~ s(sp) + s(pblmax), data = .)          1693.144
gam(log(value) ~ s(nirradiance) + s(pblmax), data = .) 1954.135
gam(log(value) ~ s(pbl00) + s(pblmax), data = .)       1828.354
gam(log(value) ~ s(pbl12) + s(pblmax), data = .)       1995.764
gam(log(value) ~ s(pblmin) + s(pblmax), data = .)      1872.282
gam(log(value) ~ s(wdir) + s(pblmax), data = .)        1786.876
gam(log(value) ~ s(wspeed) + s(pblmax), data = .)      2003.361
gam(log(value) ~ s(pwspeed) + s(pblmax), data = .)     2014.749
gam(log(value) ~ s(jd) + s(pblmax), data = .)          1807.822

Modello migliore: t2m - pblmax 

Dati backward:  1499.62892312435::t2m::pblmax 

Scelgo il modello N 

---------- START ---------- 

                                                                    IT1184A
gam(log(value) ~ s(t2m) + s(tmin2m) + s(pblmax), data = .)         1199.921
gam(log(value) ~ s(tmax2m) + s(tmin2m) + s(pblmax), data = .)      1154.938
gam(log(value) ~ s(tp) + s(tmin2m) + s(pblmax), data = .)          1118.803
gam(log(value) ~ s(ptp) + s(tmin2m) + s(pblmax), data = .)         1083.729
gam(log(value) ~ s(rh) + s(tmin2m) + s(pblmax), data = .)          1286.488
gam(log(value) ~ s(u10m) + s(tmin2m) + s(pblmax), data = .)        1283.567
gam(log(value) ~ s(v10m) + s(tmin2m) + s(pblmax), data = .)        1179.279
gam(log(value) ~ s(sp) + s(tmin2m) + s(pblmax), data = .)          1069.506
gam(log(value) ~ s(nirradiance) + s(tmin2m) + s(pblmax), data = .) 1285.316
gam(log(value) ~ s(pbl00) + s(tmin2m) + s(pblmax), data = .)       1108.711
gam(log(value) ~ s(pbl12) + s(tmin2m) + s(pblmax), data = .)       1303.274
gam(log(value) ~ s(pblmin) + s(tmin2m) + s(pblmax), data = .)      1159.959
gam(log(value) ~ s(wdir) + s(tmin2m) + s(pblmax), data = .)        1193.037
gam(log(value) ~ s(wspeed) + s(tmin2m) + s(pblmax), data = .)      1239.859
gam(log(value) ~ s(pwspeed) + s(tmin2m) + s(pblmax), data = .)     1237.486
gam(log(value) ~ s(jd) + s(tmin2m) + s(pblmax), data = .)          1213.805

Modello migliore: sp - tmin2m - pblmax 

Variabile scelta sp con AIC 1069.50570233298  

Modelli BACKWARD 

                                                                IT1184A
gam(log(value) ~ s(t2m) + s(tmin2m) + s(sp), data = .)         1298.653
gam(log(value) ~ s(tmax2m) + s(tmin2m) + s(sp), data = .)      1302.967
gam(log(value) ~ s(tp) + s(tmin2m) + s(sp), data = .)          1304.838
gam(log(value) ~ s(ptp) + s(tmin2m) + s(sp), data = .)         1227.848
gam(log(value) ~ s(rh) + s(tmin2m) + s(sp), data = .)          1277.582
gam(log(value) ~ s(u10m) + s(tmin2m) + s(sp), data = .)        1303.179
gam(log(value) ~ s(v10m) + s(tmin2m) + s(sp), data = .)        1262.526
gam(log(value) ~ s(nirradiance) + s(tmin2m) + s(sp), data = .) 1259.220
gam(log(value) ~ s(pbl00) + s(tmin2m) + s(sp), data = .)       1208.639
gam(log(value) ~ s(pbl12) + s(tmin2m) + s(sp), data = .)       1108.478
gam(log(value) ~ s(pblmin) + s(tmin2m) + s(sp), data = .)      1250.500
gam(log(value) ~ s(wdir) + s(tmin2m) + s(sp), data = .)        1270.021
gam(log(value) ~ s(wspeed) + s(tmin2m) + s(sp), data = .)      1300.899
gam(log(value) ~ s(pwspeed) + s(tmin2m) + s(sp), data = .)     1311.495
gam(log(value) ~ s(jd) + s(tmin2m) + s(sp), data = .)          1234.723

Modello migliore: pbl12 - tmin2m - sp 

Dati backward:  1108.47841137498::pbl12::tmin2m::sp 

Scelgo il modello N 

---------- START ---------- 

                                                                             IT1184A
gam(log(value) ~ s(t2m) + s(tmin2m) + s(pblmax) + s(sp), data = .)         1016.3973
gam(log(value) ~ s(tmax2m) + s(tmin2m) + s(pblmax) + s(sp), data = .)      1004.4489
gam(log(value) ~ s(tp) + s(tmin2m) + s(pblmax) + s(sp), data = .)          1001.1244
gam(log(value) ~ s(ptp) + s(tmin2m) + s(pblmax) + s(sp), data = .)          973.4132
gam(log(value) ~ s(rh) + s(tmin2m) + s(pblmax) + s(sp), data = .)          1070.5799
gam(log(value) ~ s(u10m) + s(tmin2m) + s(pblmax) + s(sp), data = .)        1068.3130
gam(log(value) ~ s(v10m) + s(tmin2m) + s(pblmax) + s(sp), data = .)        1010.6769
gam(log(value) ~ s(nirradiance) + s(tmin2m) + s(pblmax) + s(sp), data = .) 1063.0915
gam(log(value) ~ s(pbl00) + s(tmin2m) + s(pblmax) + s(sp), data = .)        972.5409
gam(log(value) ~ s(pbl12) + s(tmin2m) + s(pblmax) + s(sp), data = .)       1066.6190
gam(log(value) ~ s(pblmin) + s(tmin2m) + s(pblmax) + s(sp), data = .)       999.6721
gam(log(value) ~ s(wdir) + s(tmin2m) + s(pblmax) + s(sp), data = .)        1013.6761
gam(log(value) ~ s(wspeed) + s(tmin2m) + s(pblmax) + s(sp), data = .)      1053.5793
gam(log(value) ~ s(pwspeed) + s(tmin2m) + s(pblmax) + s(sp), data = .)     1048.0407
gam(log(value) ~ s(jd) + s(tmin2m) + s(pblmax) + s(sp), data = .)          1007.3520

Modello migliore: pbl00 - tmin2m - pblmax - sp 

Variabile scelta pbl00 con AIC 972.540875364289  

Modelli BACKWARD 

                                                                                IT1184A
gam(log(value) ~ s(t2m) + s(tmin2m) + s(pblmax) + s(pbl00), data = .)         1064.0553
gam(log(value) ~ s(tmax2m) + s(tmin2m) + s(pblmax) + s(pbl00), data = .)      1054.3186
gam(log(value) ~ s(tp) + s(tmin2m) + s(pblmax) + s(pbl00), data = .)          1020.7428
gam(log(value) ~ s(ptp) + s(tmin2m) + s(pblmax) + s(pbl00), data = .)          993.3154
gam(log(value) ~ s(rh) + s(tmin2m) + s(pblmax) + s(pbl00), data = .)          1099.5548
gam(log(value) ~ s(u10m) + s(tmin2m) + s(pblmax) + s(pbl00), data = .)        1107.4841
gam(log(value) ~ s(v10m) + s(tmin2m) + s(pblmax) + s(pbl00), data = .)        1042.7249
gam(log(value) ~ s(nirradiance) + s(tmin2m) + s(pblmax) + s(pbl00), data = .) 1073.0996
gam(log(value) ~ s(pbl12) + s(tmin2m) + s(pblmax) + s(pbl00), data = .)       1108.0936
gam(log(value) ~ s(pblmin) + s(tmin2m) + s(pblmax) + s(pbl00), data = .)      1094.1921
gam(log(value) ~ s(wdir) + s(tmin2m) + s(pblmax) + s(pbl00), data = .)        1019.7625
gam(log(value) ~ s(wspeed) + s(tmin2m) + s(pblmax) + s(pbl00), data = .)      1107.6775
gam(log(value) ~ s(pwspeed) + s(tmin2m) + s(pblmax) + s(pbl00), data = .)     1101.8513
gam(log(value) ~ s(jd) + s(tmin2m) + s(pblmax) + s(pbl00), data = .)           957.0476

Modello migliore: jd - tmin2m - pblmax - pbl00 

Dati backward:  957.047618596083::jd::tmin2m::pblmax::pbl00 

Scelgo il modello N 

---------- START ---------- 

                                                                                       IT1184A
gam(log(value) ~ s(t2m) + s(tmin2m) + s(pblmax) + s(sp) + s(pbl00), data = .)         929.8884
gam(log(value) ~ s(tmax2m) + s(tmin2m) + s(pblmax) + s(sp) + s(pbl00), data = .)      937.2562
gam(log(value) ~ s(tp) + s(tmin2m) + s(pblmax) + s(sp) + s(pbl00), data = .)          934.2808
gam(log(value) ~ s(ptp) + s(tmin2m) + s(pblmax) + s(sp) + s(pbl00), data = .)         914.1304
gam(log(value) ~ s(rh) + s(tmin2m) + s(pblmax) + s(sp) + s(pbl00), data = .)          973.0010
gam(log(value) ~ s(u10m) + s(tmin2m) + s(pblmax) + s(sp) + s(pbl00), data = .)        966.8570
gam(log(value) ~ s(v10m) + s(tmin2m) + s(pblmax) + s(sp) + s(pbl00), data = .)        932.7687
gam(log(value) ~ s(nirradiance) + s(tmin2m) + s(pblmax) + s(sp) + s(pbl00), data = .) 935.9570
gam(log(value) ~ s(pbl12) + s(tmin2m) + s(pblmax) + s(sp) + s(pbl00), data = .)       966.4123
gam(log(value) ~ s(pblmin) + s(tmin2m) + s(pblmax) + s(sp) + s(pbl00), data = .)      964.1684
gam(log(value) ~ s(wdir) + s(tmin2m) + s(pblmax) + s(sp) + s(pbl00), data = .)        916.0461
gam(log(value) ~ s(wspeed) + s(tmin2m) + s(pblmax) + s(sp) + s(pbl00), data = .)      974.4136
gam(log(value) ~ s(pwspeed) + s(tmin2m) + s(pblmax) + s(sp) + s(pbl00), data = .)     969.4917
gam(log(value) ~ s(jd) + s(tmin2m) + s(pblmax) + s(sp) + s(pbl00), data = .)          855.4759

Modello migliore: jd - tmin2m - pblmax - sp - pbl00 

Variabile scelta jd con AIC 855.475906719122  

Modelli BACKWARD 

                                                                                     IT1184A
gam(log(value) ~ s(t2m) + s(tmin2m) + s(pblmax) + s(sp) + s(jd), data = .)          903.4395
gam(log(value) ~ s(tmax2m) + s(tmin2m) + s(pblmax) + s(sp) + s(jd), data = .)       880.7048
gam(log(value) ~ s(tp) + s(tmin2m) + s(pblmax) + s(sp) + s(jd), data = .)           897.9672
gam(log(value) ~ s(ptp) + s(tmin2m) + s(pblmax) + s(sp) + s(jd), data = .)          875.2856
gam(log(value) ~ s(rh) + s(tmin2m) + s(pblmax) + s(sp) + s(jd), data = .)           998.4407
gam(log(value) ~ s(u10m) + s(tmin2m) + s(pblmax) + s(sp) + s(jd), data = .)        1003.0697
gam(log(value) ~ s(v10m) + s(tmin2m) + s(pblmax) + s(sp) + s(jd), data = .)         934.4082
gam(log(value) ~ s(nirradiance) + s(tmin2m) + s(pblmax) + s(sp) + s(jd), data = .)  982.7338
gam(log(value) ~ s(pbl12) + s(tmin2m) + s(pblmax) + s(sp) + s(jd), data = .)       1008.4202
gam(log(value) ~ s(pblmin) + s(tmin2m) + s(pblmax) + s(sp) + s(jd), data = .)       895.5002
gam(log(value) ~ s(wdir) + s(tmin2m) + s(pblmax) + s(sp) + s(jd), data = .)         966.2021
gam(log(value) ~ s(wspeed) + s(tmin2m) + s(pblmax) + s(sp) + s(jd), data = .)       973.3671
gam(log(value) ~ s(pwspeed) + s(tmin2m) + s(pblmax) + s(sp) + s(jd), data = .)      974.3939

Modello migliore: ptp - tmin2m - pblmax - sp - jd 

Dati backward:  875.285628367439::ptp::tmin2m::pblmax::sp::jd 

Scelgo il modello N 

---------- START ---------- 

                                                                                               IT1184A
gam(log(value) ~ s(t2m) + s(tmin2m) + s(pblmax) + s(sp) + s(pbl00) + s(jd), data = .)         792.7364
gam(log(value) ~ s(tmax2m) + s(tmin2m) + s(pblmax) + s(sp) + s(pbl00) + s(jd), data = .)      789.3893
gam(log(value) ~ s(tp) + s(tmin2m) + s(pblmax) + s(sp) + s(pbl00) + s(jd), data = .)          786.3061
gam(log(value) ~ s(ptp) + s(tmin2m) + s(pblmax) + s(sp) + s(pbl00) + s(jd), data = .)         771.3462
gam(log(value) ~ s(rh) + s(tmin2m) + s(pblmax) + s(sp) + s(pbl00) + s(jd), data = .)          840.2780
gam(log(value) ~ s(u10m) + s(tmin2m) + s(pblmax) + s(sp) + s(pbl00) + s(jd), data = .)        854.8172
gam(log(value) ~ s(v10m) + s(tmin2m) + s(pblmax) + s(sp) + s(pbl00) + s(jd), data = .)        808.6693
gam(log(value) ~ s(nirradiance) + s(tmin2m) + s(pblmax) + s(sp) + s(pbl00) + s(jd), data = .) 837.8669
gam(log(value) ~ s(pbl12) + s(tmin2m) + s(pblmax) + s(sp) + s(pbl00) + s(jd), data = .)       855.7894
gam(log(value) ~ s(pblmin) + s(tmin2m) + s(pblmax) + s(sp) + s(pbl00) + s(jd), data = .)      837.6585
gam(log(value) ~ s(wdir) + s(tmin2m) + s(pblmax) + s(sp) + s(pbl00) + s(jd), data = .)        821.1429
gam(log(value) ~ s(wspeed) + s(tmin2m) + s(pblmax) + s(sp) + s(pbl00) + s(jd), data = .)      855.7232
gam(log(value) ~ s(pwspeed) + s(tmin2m) + s(pblmax) + s(sp) + s(pbl00) + s(jd), data = .)     851.8498

Modello migliore: ptp - tmin2m - pblmax - sp - pbl00 - jd 

Variabile scelta ptp con AIC 771.34619456161  

Modelli BACKWARD 

                                                                                                IT1184A
gam(log(value) ~ s(t2m) + s(tmin2m) + s(pblmax) + s(sp) + s(pbl00) + s(ptp), data = .)         877.7234
gam(log(value) ~ s(tmax2m) + s(tmin2m) + s(pblmax) + s(sp) + s(pbl00) + s(ptp), data = .)      884.9592
gam(log(value) ~ s(tp) + s(tmin2m) + s(pblmax) + s(sp) + s(pbl00) + s(ptp), data = .)          891.6804
gam(log(value) ~ s(rh) + s(tmin2m) + s(pblmax) + s(sp) + s(pbl00) + s(ptp), data = .)          914.0544
gam(log(value) ~ s(u10m) + s(tmin2m) + s(pblmax) + s(sp) + s(pbl00) + s(ptp), data = .)        911.0215
gam(log(value) ~ s(v10m) + s(tmin2m) + s(pblmax) + s(sp) + s(pbl00) + s(ptp), data = .)        859.1925
gam(log(value) ~ s(nirradiance) + s(tmin2m) + s(pblmax) + s(sp) + s(pbl00) + s(ptp), data = .) 860.5749
gam(log(value) ~ s(pbl12) + s(tmin2m) + s(pblmax) + s(sp) + s(pbl00) + s(ptp), data = .)       902.1531
gam(log(value) ~ s(pblmin) + s(tmin2m) + s(pblmax) + s(sp) + s(pbl00) + s(ptp), data = .)      900.6439
gam(log(value) ~ s(wdir) + s(tmin2m) + s(pblmax) + s(sp) + s(pbl00) + s(ptp), data = .)        841.8031
gam(log(value) ~ s(wspeed) + s(tmin2m) + s(pblmax) + s(sp) + s(pbl00) + s(ptp), data = .)      914.6706
gam(log(value) ~ s(pwspeed) + s(tmin2m) + s(pblmax) + s(sp) + s(pbl00) + s(ptp), data = .)     915.5983

Modello migliore: wdir - tmin2m - pblmax - sp - pbl00 - ptp 

Dati backward:  841.803099539289::wdir::tmin2m::pblmax::sp::pbl00::ptp 

Scelgo il modello N 

---------- START ---------- 

                                                                                                        IT1184A
gam(log(value) ~ s(t2m) + s(tmin2m) + s(pblmax) + s(sp) + s(pbl00) + s(jd) + s(ptp), data = .)         722.1841
gam(log(value) ~ s(tmax2m) + s(tmin2m) + s(pblmax) + s(sp) + s(pbl00) + s(jd) + s(ptp), data = .)      720.8128
gam(log(value) ~ s(tp) + s(tmin2m) + s(pblmax) + s(sp) + s(pbl00) + s(jd) + s(ptp), data = .)          724.9393
gam(log(value) ~ s(rh) + s(tmin2m) + s(pblmax) + s(sp) + s(pbl00) + s(jd) + s(ptp), data = .)          769.5100
gam(log(value) ~ s(u10m) + s(tmin2m) + s(pblmax) + s(sp) + s(pbl00) + s(jd) + s(ptp), data = .)        771.2150
gam(log(value) ~ s(v10m) + s(tmin2m) + s(pblmax) + s(sp) + s(pbl00) + s(jd) + s(ptp), data = .)        707.4568
gam(log(value) ~ s(nirradiance) + s(tmin2m) + s(pblmax) + s(sp) + s(pbl00) + s(jd) + s(ptp), data = .) 757.2305
gam(log(value) ~ s(pbl12) + s(tmin2m) + s(pblmax) + s(sp) + s(pbl00) + s(jd) + s(ptp), data = .)       769.9961
gam(log(value) ~ s(pblmin) + s(tmin2m) + s(pblmax) + s(sp) + s(pbl00) + s(jd) + s(ptp), data = .)      743.8152
gam(log(value) ~ s(wdir) + s(tmin2m) + s(pblmax) + s(sp) + s(pbl00) + s(jd) + s(ptp), data = .)        728.6039
gam(log(value) ~ s(wspeed) + s(tmin2m) + s(pblmax) + s(sp) + s(pbl00) + s(jd) + s(ptp), data = .)      766.4748
gam(log(value) ~ s(pwspeed) + s(tmin2m) + s(pblmax) + s(sp) + s(pbl00) + s(jd) + s(ptp), data = .)     772.8874

Modello migliore: v10m - tmin2m - pblmax - sp - pbl00 - jd - ptp 

Variabile scelta v10m con AIC 707.456835042941  

Modelli BACKWARD 

                                                                                                         IT1184A
gam(log(value) ~ s(t2m) + s(tmin2m) + s(pblmax) + s(sp) + s(pbl00) + s(jd) + s(v10m), data = .)         750.3190
gam(log(value) ~ s(tmax2m) + s(tmin2m) + s(pblmax) + s(sp) + s(pbl00) + s(jd) + s(v10m), data = .)      759.4003
gam(log(value) ~ s(tp) + s(tmin2m) + s(pblmax) + s(sp) + s(pbl00) + s(jd) + s(v10m), data = .)          744.3414
gam(log(value) ~ s(rh) + s(tmin2m) + s(pblmax) + s(sp) + s(pbl00) + s(jd) + s(v10m), data = .)          795.0421
gam(log(value) ~ s(u10m) + s(tmin2m) + s(pblmax) + s(sp) + s(pbl00) + s(jd) + s(v10m), data = .)        803.1331
gam(log(value) ~ s(nirradiance) + s(tmin2m) + s(pblmax) + s(sp) + s(pbl00) + s(jd) + s(v10m), data = .) 793.2772
gam(log(value) ~ s(pbl12) + s(tmin2m) + s(pblmax) + s(sp) + s(pbl00) + s(jd) + s(v10m), data = .)       808.7586
gam(log(value) ~ s(pblmin) + s(tmin2m) + s(pblmax) + s(sp) + s(pbl00) + s(jd) + s(v10m), data = .)      801.1246
gam(log(value) ~ s(wdir) + s(tmin2m) + s(pblmax) + s(sp) + s(pbl00) + s(jd) + s(v10m), data = .)        800.9682
gam(log(value) ~ s(wspeed) + s(tmin2m) + s(pblmax) + s(sp) + s(pbl00) + s(jd) + s(v10m), data = .)      806.7200
gam(log(value) ~ s(pwspeed) + s(tmin2m) + s(pblmax) + s(sp) + s(pbl00) + s(jd) + s(v10m), data = .)     802.7974

Modello migliore: tp - tmin2m - pblmax - sp - pbl00 - jd - v10m 

Dati backward:  744.34140209182::tp::tmin2m::pblmax::sp::pbl00::jd::v10m 

Scelgo il modello N 

---------- START ---------- 

                                                                                                                  IT1184A
gam(log(value) ~ s(t2m) + s(tmin2m) + s(pblmax) + s(sp) + s(pbl00) + s(jd) + s(ptp) + s(v10m), data = .)         665.6452
gam(log(value) ~ s(tmax2m) + s(tmin2m) + s(pblmax) + s(sp) + s(pbl00) + s(jd) + s(ptp) + s(v10m), data = .)      677.1933
gam(log(value) ~ s(tp) + s(tmin2m) + s(pblmax) + s(sp) + s(pbl00) + s(jd) + s(ptp) + s(v10m), data = .)          667.3419
gam(log(value) ~ s(rh) + s(tmin2m) + s(pblmax) + s(sp) + s(pbl00) + s(jd) + s(ptp) + s(v10m), data = .)          707.7188
gam(log(value) ~ s(u10m) + s(tmin2m) + s(pblmax) + s(sp) + s(pbl00) + s(jd) + s(ptp) + s(v10m), data = .)        701.4021
gam(log(value) ~ s(nirradiance) + s(tmin2m) + s(pblmax) + s(sp) + s(pbl00) + s(jd) + s(ptp) + s(v10m), data = .) 695.5767
gam(log(value) ~ s(pbl12) + s(tmin2m) + s(pblmax) + s(sp) + s(pbl00) + s(jd) + s(ptp) + s(v10m), data = .)       706.4983
gam(log(value) ~ s(pblmin) + s(tmin2m) + s(pblmax) + s(sp) + s(pbl00) + s(jd) + s(ptp) + s(v10m), data = .)      693.5886
gam(log(value) ~ s(wdir) + s(tmin2m) + s(pblmax) + s(sp) + s(pbl00) + s(jd) + s(ptp) + s(v10m), data = .)        697.4629
gam(log(value) ~ s(wspeed) + s(tmin2m) + s(pblmax) + s(sp) + s(pbl00) + s(jd) + s(ptp) + s(v10m), data = .)      708.9617
gam(log(value) ~ s(pwspeed) + s(tmin2m) + s(pblmax) + s(sp) + s(pbl00) + s(jd) + s(ptp) + s(v10m), data = .)     708.7117

Modello migliore: t2m - tmin2m - pblmax - sp - pbl00 - jd - ptp - v10m 

Variabile scelta t2m con AIC 665.645204639907  

Modelli BACKWARD 

                                                                                                                 IT1184A
gam(log(value) ~ s(tmax2m) + s(tmin2m) + s(pblmax) + s(sp) + s(pbl00) + s(jd) + s(ptp) + s(t2m), data = .)      662.6738
gam(log(value) ~ s(tp) + s(tmin2m) + s(pblmax) + s(sp) + s(pbl00) + s(jd) + s(ptp) + s(t2m), data = .)          684.1616
gam(log(value) ~ s(rh) + s(tmin2m) + s(pblmax) + s(sp) + s(pbl00) + s(jd) + s(ptp) + s(t2m), data = .)          720.8770
gam(log(value) ~ s(u10m) + s(tmin2m) + s(pblmax) + s(sp) + s(pbl00) + s(jd) + s(ptp) + s(t2m), data = .)        719.7936
gam(log(value) ~ s(nirradiance) + s(tmin2m) + s(pblmax) + s(sp) + s(pbl00) + s(jd) + s(ptp) + s(t2m), data = .) 721.7037
gam(log(value) ~ s(pbl12) + s(tmin2m) + s(pblmax) + s(sp) + s(pbl00) + s(jd) + s(ptp) + s(t2m), data = .)       715.4124
gam(log(value) ~ s(pblmin) + s(tmin2m) + s(pblmax) + s(sp) + s(pbl00) + s(jd) + s(ptp) + s(t2m), data = .)      701.1301
gam(log(value) ~ s(wdir) + s(tmin2m) + s(pblmax) + s(sp) + s(pbl00) + s(jd) + s(ptp) + s(t2m), data = .)        685.6291
gam(log(value) ~ s(wspeed) + s(tmin2m) + s(pblmax) + s(sp) + s(pbl00) + s(jd) + s(ptp) + s(t2m), data = .)      716.9172
gam(log(value) ~ s(pwspeed) + s(tmin2m) + s(pblmax) + s(sp) + s(pbl00) + s(jd) + s(ptp) + s(t2m), data = .)     721.4643

Modello migliore: tmax2m - tmin2m - pblmax - sp - pbl00 - jd - ptp - t2m 

Dati backward:  662.673790069836::tmax2m::tmin2m::pblmax::sp::pbl00::jd::ptp::t2m 

Scelgo il modello N-1 

---------- START ---------- 

                                                                                                                  IT1184A
gam(log(value) ~ s(tmax2m) + s(tmin2m) + s(pblmax) + s(sp) + s(pbl00) + s(jd) + s(ptp) + s(v10m), data = .)      677.1933
gam(log(value) ~ s(tp) + s(tmin2m) + s(pblmax) + s(sp) + s(pbl00) + s(jd) + s(ptp) + s(v10m), data = .)          667.3419
gam(log(value) ~ s(rh) + s(tmin2m) + s(pblmax) + s(sp) + s(pbl00) + s(jd) + s(ptp) + s(v10m), data = .)          707.7188
gam(log(value) ~ s(u10m) + s(tmin2m) + s(pblmax) + s(sp) + s(pbl00) + s(jd) + s(ptp) + s(v10m), data = .)        701.4021
gam(log(value) ~ s(nirradiance) + s(tmin2m) + s(pblmax) + s(sp) + s(pbl00) + s(jd) + s(ptp) + s(v10m), data = .) 695.5767
gam(log(value) ~ s(pbl12) + s(tmin2m) + s(pblmax) + s(sp) + s(pbl00) + s(jd) + s(ptp) + s(v10m), data = .)       706.4983
gam(log(value) ~ s(pblmin) + s(tmin2m) + s(pblmax) + s(sp) + s(pbl00) + s(jd) + s(ptp) + s(v10m), data = .)      693.5886
gam(log(value) ~ s(wdir) + s(tmin2m) + s(pblmax) + s(sp) + s(pbl00) + s(jd) + s(ptp) + s(v10m), data = .)        697.4629
gam(log(value) ~ s(wspeed) + s(tmin2m) + s(pblmax) + s(sp) + s(pbl00) + s(jd) + s(ptp) + s(v10m), data = .)      708.9617
gam(log(value) ~ s(pwspeed) + s(tmin2m) + s(pblmax) + s(sp) + s(pbl00) + s(jd) + s(ptp) + s(v10m), data = .)     708.7117

Modello migliore: tp - tmin2m - pblmax - sp - pbl00 - jd - ptp - v10m 

Variabile scelta tp con AIC 667.341878016344  

Fine per scelta MODELLO 

tmin2m + pblmax + sp + pbl00 + jd + ptp + v10m 

---------------------- 

NOTE: Log Print Time:  2021-05-11 13:08:27 
NOTE: Elapsed Time in seconds: 1.15967843532562 

Fine per scelta MODELLO 

tmin2m + pblmax + sp + pbl00 + jd + ptp + v10m 

---------------------- 

NOTE: Log Print Time:  2021-05-11 13:08:27 
NOTE: Elapsed Time in seconds: 0.001129150390625 

Fine per scelta MODELLO 

tmin2m + pblmax + sp + pbl00 + jd + ptp + v10m 

---------------------- 

NOTE: Log Print Time:  2021-05-11 13:08:27 
NOTE: Elapsed Time in seconds: 0.00104117393493652 

Fine per scelta MODELLO 

tmin2m + pblmax + sp + pbl00 + jd + ptp + v10m 

---------------------- 

NOTE: Log Print Time:  2021-05-11 13:08:27 
NOTE: Elapsed Time in seconds: 0.00101089477539062 

Fine per scelta MODELLO 

tmin2m + pblmax + sp + pbl00 + jd + ptp + v10m 

---------------------- 

NOTE: Log Print Time:  2021-05-11 13:08:27 
NOTE: Elapsed Time in seconds: 0.00102019309997559 

Fine per scelta MODELLO 

tmin2m + pblmax + sp + pbl00 + jd + ptp + v10m 

---------------------- 

NOTE: Log Print Time:  2021-05-11 13:08:27 
NOTE: Elapsed Time in seconds: 0.0010066032409668 

Fine per scelta MODELLO 

tmin2m + pblmax + sp + pbl00 + jd + ptp + v10m 

---------------------- 

NOTE: Log Print Time:  2021-05-11 13:08:27 
NOTE: Elapsed Time in seconds: 0.00102353096008301 

Fine per scelta MODELLO 

tmin2m + pblmax + sp + pbl00 + jd + ptp + v10m 

---------------------- 

NOTE: Log Print Time:  2021-05-11 13:08:27 
NOTE: Elapsed Time in seconds: 0.00101208686828613 

========================================================================= 
Log End Time: 2021-05-11 13:08:27 
Log Elapsed Time: 0 00:00:01 
========================================================================= 
