========================================================================= 
Log Path: output/12/pm25/log/pulvirus_pm25_12_IT2012A.log 
Working Directory: /home/rmorelli/R/pulvirus/analisi/GAM/scelta 
User Name: rmorelli 
R Version: 4.0.5 (2021-03-31) 
Machine: pasqualino x86_64 
Operating System: Linux 4.19.0-13-amd64 #1 SMP Debian 4.19.160-2 (2020-11-28) 
Log Start Time: 2021-05-11 13:04:07 
========================================================================= 

Stazione: IT2012A 

---------- START ---------- 

                                            IT2012A
gam(log(value) ~ s(t2m), data = .)         2121.834
gam(log(value) ~ s(tmin2m), data = .)      2072.459
gam(log(value) ~ s(tmax2m), data = .)      2264.395
gam(log(value) ~ s(tp), data = .)          2422.142
gam(log(value) ~ s(ptp), data = .)         2332.556
gam(log(value) ~ s(rh), data = .)          2373.246
gam(log(value) ~ s(u10m), data = .)        2366.004
gam(log(value) ~ s(v10m), data = .)        2360.809
gam(log(value) ~ s(sp), data = .)          2007.508
gam(log(value) ~ s(nirradiance), data = .) 2318.012
gam(log(value) ~ s(pbl00), data = .)       2203.071
gam(log(value) ~ s(pbl12), data = .)       1891.084
gam(log(value) ~ s(pblmin), data = .)      2266.715
gam(log(value) ~ s(pblmax), data = .)      1978.273
gam(log(value) ~ s(wdir), data = .)        2332.077
gam(log(value) ~ s(wspeed), data = .)      2351.115
gam(log(value) ~ s(pwspeed), data = .)     2441.527
gam(log(value) ~ s(jd), data = .)          2194.013

Modello migliore: pbl12 

Variabile scelta pbl12 con AIC 1891.08378545295  

---------- START ---------- 

                                                       IT2012A
gam(log(value) ~ s(t2m) + s(pbl12), data = .)         1702.887
gam(log(value) ~ s(tmin2m) + s(pbl12), data = .)      1644.414
gam(log(value) ~ s(tmax2m) + s(pbl12), data = .)      1790.453
gam(log(value) ~ s(tp) + s(pbl12), data = .)          1697.381
gam(log(value) ~ s(ptp) + s(pbl12), data = .)         1675.780
gam(log(value) ~ s(rh) + s(pbl12), data = .)          1843.189
gam(log(value) ~ s(u10m) + s(pbl12), data = .)        1836.699
gam(log(value) ~ s(v10m) + s(pbl12), data = .)        1808.134
gam(log(value) ~ s(sp) + s(pbl12), data = .)          1603.604
gam(log(value) ~ s(nirradiance) + s(pbl12), data = .) 1861.532
gam(log(value) ~ s(pbl00) + s(pbl12), data = .)       1599.840
gam(log(value) ~ s(pbl12) + s(pbl12), data = .)       1891.084
gam(log(value) ~ s(pblmin) + s(pbl12), data = .)      1698.367
gam(log(value) ~ s(pblmax) + s(pbl12), data = .)      1869.327
gam(log(value) ~ s(wdir) + s(pbl12), data = .)        1829.979
gam(log(value) ~ s(wspeed) + s(pbl12), data = .)      1788.500
gam(log(value) ~ s(pwspeed) + s(pbl12), data = .)     1774.829
gam(log(value) ~ s(jd) + s(pbl12), data = .)          1799.710

Modello migliore: pbl00 - pbl12 

Variabile scelta pbl00 con AIC 1599.84031576175  

Modelli BACKWARD 

                                                       IT2012A
gam(log(value) ~ s(t2m) + s(pbl00), data = .)         1591.075
gam(log(value) ~ s(tmin2m) + s(pbl00), data = .)      1604.862
gam(log(value) ~ s(tmax2m) + s(pbl00), data = .)      1681.859
gam(log(value) ~ s(tp) + s(pbl00), data = .)          2187.267
gam(log(value) ~ s(ptp) + s(pbl00), data = .)         2145.915
gam(log(value) ~ s(rh) + s(pbl00), data = .)          2102.998
gam(log(value) ~ s(u10m) + s(pbl00), data = .)        2001.922
gam(log(value) ~ s(v10m) + s(pbl00), data = .)        2174.046
gam(log(value) ~ s(sp) + s(pbl00), data = .)          1754.731
gam(log(value) ~ s(nirradiance) + s(pbl00), data = .) 1688.966
gam(log(value) ~ s(pblmin) + s(pbl00), data = .)      2186.004
gam(log(value) ~ s(pblmax) + s(pbl00), data = .)      1782.327
gam(log(value) ~ s(wdir) + s(pbl00), data = .)        1936.451
gam(log(value) ~ s(wspeed) + s(pbl00), data = .)      2197.092
gam(log(value) ~ s(pwspeed) + s(pbl00), data = .)     2200.655
gam(log(value) ~ s(jd) + s(pbl00), data = .)          1533.856

Modello migliore: jd - pbl00 

Dati backward:  1533.85610568122::jd::pbl00 

Scelgo il modello N 

---------- START ---------- 

                                                                  IT2012A
gam(log(value) ~ s(t2m) + s(pbl12) + s(pbl00), data = .)         1297.960
gam(log(value) ~ s(tmin2m) + s(pbl12) + s(pbl00), data = .)      1279.308
gam(log(value) ~ s(tmax2m) + s(pbl12) + s(pbl00), data = .)      1363.431
gam(log(value) ~ s(tp) + s(pbl12) + s(pbl00), data = .)          1524.723
gam(log(value) ~ s(ptp) + s(pbl12) + s(pbl00), data = .)         1512.380
gam(log(value) ~ s(rh) + s(pbl12) + s(pbl00), data = .)          1576.111
gam(log(value) ~ s(u10m) + s(pbl12) + s(pbl00), data = .)        1518.465
gam(log(value) ~ s(v10m) + s(pbl12) + s(pbl00), data = .)        1600.604
gam(log(value) ~ s(sp) + s(pbl12) + s(pbl00), data = .)          1380.302
gam(log(value) ~ s(nirradiance) + s(pbl12) + s(pbl00), data = .) 1435.912
gam(log(value) ~ s(pblmin) + s(pbl12) + s(pbl00), data = .)      1593.964
gam(log(value) ~ s(pblmax) + s(pbl12) + s(pbl00), data = .)      1600.867
gam(log(value) ~ s(wdir) + s(pbl12) + s(pbl00), data = .)        1506.815
gam(log(value) ~ s(wspeed) + s(pbl12) + s(pbl00), data = .)      1600.837
gam(log(value) ~ s(pwspeed) + s(pbl12) + s(pbl00), data = .)     1597.440
gam(log(value) ~ s(jd) + s(pbl12) + s(pbl00), data = .)          1279.961

Modello migliore: tmin2m - pbl12 - pbl00 

Variabile scelta tmin2m con AIC 1279.30770462625  

Modelli BACKWARD 

                                                                   IT2012A
gam(log(value) ~ s(t2m) + s(pbl12) + s(tmin2m), data = .)         1519.915
gam(log(value) ~ s(tmax2m) + s(pbl12) + s(tmin2m), data = .)      1485.722
gam(log(value) ~ s(tp) + s(pbl12) + s(tmin2m), data = .)          1487.227
gam(log(value) ~ s(ptp) + s(pbl12) + s(tmin2m), data = .)         1410.516
gam(log(value) ~ s(rh) + s(pbl12) + s(tmin2m), data = .)          1581.762
gam(log(value) ~ s(u10m) + s(pbl12) + s(tmin2m), data = .)        1594.980
gam(log(value) ~ s(v10m) + s(pbl12) + s(tmin2m), data = .)        1429.418
gam(log(value) ~ s(sp) + s(pbl12) + s(tmin2m), data = .)          1401.884
gam(log(value) ~ s(nirradiance) + s(pbl12) + s(tmin2m), data = .) 1637.291
gam(log(value) ~ s(pblmin) + s(pbl12) + s(tmin2m), data = .)      1374.433
gam(log(value) ~ s(pblmax) + s(pbl12) + s(tmin2m), data = .)      1573.641
gam(log(value) ~ s(wdir) + s(pbl12) + s(tmin2m), data = .)        1554.963
gam(log(value) ~ s(wspeed) + s(pbl12) + s(tmin2m), data = .)      1464.231
gam(log(value) ~ s(pwspeed) + s(pbl12) + s(tmin2m), data = .)     1433.477
gam(log(value) ~ s(jd) + s(pbl12) + s(tmin2m), data = .)          1618.279

Modello migliore: pblmin - pbl12 - tmin2m 

Dati backward:  1374.43255449217::pblmin::pbl12::tmin2m 

Scelgo il modello N 

---------- START ---------- 

                                                                              IT2012A
gam(log(value) ~ s(t2m) + s(pbl12) + s(pbl00) + s(tmin2m), data = .)         1261.156
gam(log(value) ~ s(tmax2m) + s(pbl12) + s(pbl00) + s(tmin2m), data = .)      1249.229
gam(log(value) ~ s(tp) + s(pbl12) + s(pbl00) + s(tmin2m), data = .)          1232.221
gam(log(value) ~ s(ptp) + s(pbl12) + s(pbl00) + s(tmin2m), data = .)         1176.993
gam(log(value) ~ s(rh) + s(pbl12) + s(pbl00) + s(tmin2m), data = .)          1255.103
gam(log(value) ~ s(u10m) + s(pbl12) + s(pbl00) + s(tmin2m), data = .)        1223.440
gam(log(value) ~ s(v10m) + s(pbl12) + s(pbl00) + s(tmin2m), data = .)        1202.572
gam(log(value) ~ s(sp) + s(pbl12) + s(pbl00) + s(tmin2m), data = .)          1142.252
gam(log(value) ~ s(nirradiance) + s(pbl12) + s(pbl00) + s(tmin2m), data = .) 1216.456
gam(log(value) ~ s(pblmin) + s(pbl12) + s(pbl00) + s(tmin2m), data = .)      1256.004
gam(log(value) ~ s(pblmax) + s(pbl12) + s(pbl00) + s(tmin2m), data = .)      1255.642
gam(log(value) ~ s(wdir) + s(pbl12) + s(pbl00) + s(tmin2m), data = .)        1191.670
gam(log(value) ~ s(wspeed) + s(pbl12) + s(pbl00) + s(tmin2m), data = .)      1265.347
gam(log(value) ~ s(pwspeed) + s(pbl12) + s(pbl00) + s(tmin2m), data = .)     1251.312
gam(log(value) ~ s(jd) + s(pbl12) + s(pbl00) + s(tmin2m), data = .)          1127.228

Modello migliore: jd - pbl12 - pbl00 - tmin2m 

Variabile scelta jd con AIC 1127.22788338828  

Modelli BACKWARD 

                                                                          IT2012A
gam(log(value) ~ s(t2m) + s(pbl12) + s(pbl00) + s(jd), data = .)         1161.401
gam(log(value) ~ s(tmax2m) + s(pbl12) + s(pbl00) + s(jd), data = .)      1202.825
gam(log(value) ~ s(tp) + s(pbl12) + s(pbl00) + s(jd), data = .)          1172.624
gam(log(value) ~ s(ptp) + s(pbl12) + s(pbl00) + s(jd), data = .)         1111.904
gam(log(value) ~ s(rh) + s(pbl12) + s(pbl00) + s(jd), data = .)          1242.859
gam(log(value) ~ s(u10m) + s(pbl12) + s(pbl00) + s(jd), data = .)        1260.580
gam(log(value) ~ s(v10m) + s(pbl12) + s(pbl00) + s(jd), data = .)        1253.809
gam(log(value) ~ s(sp) + s(pbl12) + s(pbl00) + s(jd), data = .)          1169.966
gam(log(value) ~ s(nirradiance) + s(pbl12) + s(pbl00) + s(jd), data = .) 1437.039
gam(log(value) ~ s(pblmin) + s(pbl12) + s(pbl00) + s(jd), data = .)      1241.503
gam(log(value) ~ s(pblmax) + s(pbl12) + s(pbl00) + s(jd), data = .)      1263.800
gam(log(value) ~ s(wdir) + s(pbl12) + s(pbl00) + s(jd), data = .)        1258.710
gam(log(value) ~ s(wspeed) + s(pbl12) + s(pbl00) + s(jd), data = .)      1252.600
gam(log(value) ~ s(pwspeed) + s(pbl12) + s(pbl00) + s(jd), data = .)     1270.258

Modello migliore: ptp - pbl12 - pbl00 - jd 

Dati backward:  1111.90393635667::ptp::pbl12::pbl00::jd 

Scelgo il modello N 

---------- START ---------- 

                                                                                       IT2012A
gam(log(value) ~ s(t2m) + s(pbl12) + s(pbl00) + s(tmin2m) + s(jd), data = .)         1096.9980
gam(log(value) ~ s(tmax2m) + s(pbl12) + s(pbl00) + s(tmin2m) + s(jd), data = .)      1071.5871
gam(log(value) ~ s(tp) + s(pbl12) + s(pbl00) + s(tmin2m) + s(jd), data = .)          1055.0166
gam(log(value) ~ s(ptp) + s(pbl12) + s(pbl00) + s(tmin2m) + s(jd), data = .)          996.2161
gam(log(value) ~ s(rh) + s(pbl12) + s(pbl00) + s(tmin2m) + s(jd), data = .)          1108.3878
gam(log(value) ~ s(u10m) + s(pbl12) + s(pbl00) + s(tmin2m) + s(jd), data = .)        1094.7235
gam(log(value) ~ s(v10m) + s(pbl12) + s(pbl00) + s(tmin2m) + s(jd), data = .)        1055.7787
gam(log(value) ~ s(sp) + s(pbl12) + s(pbl00) + s(tmin2m) + s(jd), data = .)          1024.8599
gam(log(value) ~ s(nirradiance) + s(pbl12) + s(pbl00) + s(tmin2m) + s(jd), data = .) 1122.8219
gam(log(value) ~ s(pblmin) + s(pbl12) + s(pbl00) + s(tmin2m) + s(jd), data = .)      1078.4234
gam(log(value) ~ s(pblmax) + s(pbl12) + s(pbl00) + s(tmin2m) + s(jd), data = .)      1094.3178
gam(log(value) ~ s(wdir) + s(pbl12) + s(pbl00) + s(tmin2m) + s(jd), data = .)        1069.6333
gam(log(value) ~ s(wspeed) + s(pbl12) + s(pbl00) + s(tmin2m) + s(jd), data = .)      1092.9858
gam(log(value) ~ s(pwspeed) + s(pbl12) + s(pbl00) + s(tmin2m) + s(jd), data = .)     1102.2208

Modello migliore: ptp - pbl12 - pbl00 - tmin2m - jd 

Variabile scelta ptp con AIC 996.216142919387  

Modelli BACKWARD 

                                                                                       IT2012A
gam(log(value) ~ s(t2m) + s(pbl12) + s(pbl00) + s(tmin2m) + s(ptp), data = .)         1148.233
gam(log(value) ~ s(tmax2m) + s(pbl12) + s(pbl00) + s(tmin2m) + s(ptp), data = .)      1148.469
gam(log(value) ~ s(tp) + s(pbl12) + s(pbl00) + s(tmin2m) + s(ptp), data = .)          1161.178
gam(log(value) ~ s(rh) + s(pbl12) + s(pbl00) + s(tmin2m) + s(ptp), data = .)          1116.392
gam(log(value) ~ s(u10m) + s(pbl12) + s(pbl00) + s(tmin2m) + s(ptp), data = .)        1130.004
gam(log(value) ~ s(v10m) + s(pbl12) + s(pbl00) + s(tmin2m) + s(ptp), data = .)        1096.793
gam(log(value) ~ s(sp) + s(pbl12) + s(pbl00) + s(tmin2m) + s(ptp), data = .)          1096.883
gam(log(value) ~ s(nirradiance) + s(pbl12) + s(pbl00) + s(tmin2m) + s(ptp), data = .) 1076.872
gam(log(value) ~ s(pblmin) + s(pbl12) + s(pbl00) + s(tmin2m) + s(ptp), data = .)      1148.933
gam(log(value) ~ s(pblmax) + s(pbl12) + s(pbl00) + s(tmin2m) + s(ptp), data = .)      1163.653
gam(log(value) ~ s(wdir) + s(pbl12) + s(pbl00) + s(tmin2m) + s(ptp), data = .)        1093.221
gam(log(value) ~ s(wspeed) + s(pbl12) + s(pbl00) + s(tmin2m) + s(ptp), data = .)      1160.423
gam(log(value) ~ s(pwspeed) + s(pbl12) + s(pbl00) + s(tmin2m) + s(ptp), data = .)     1159.433

Modello migliore: nirradiance - pbl12 - pbl00 - tmin2m - ptp 

Dati backward:  1076.87249306741::nirradiance::pbl12::pbl00::tmin2m::ptp 

Scelgo il modello N 

---------- START ---------- 

                                                                                               IT2012A
gam(log(value) ~ s(t2m) + s(pbl12) + s(pbl00) + s(tmin2m) + s(jd) + s(ptp), data = .)         977.0570
gam(log(value) ~ s(tmax2m) + s(pbl12) + s(pbl00) + s(tmin2m) + s(jd) + s(ptp), data = .)      964.9663
gam(log(value) ~ s(tp) + s(pbl12) + s(pbl00) + s(tmin2m) + s(jd) + s(ptp), data = .)          966.3795
gam(log(value) ~ s(rh) + s(pbl12) + s(pbl00) + s(tmin2m) + s(jd) + s(ptp), data = .)          965.4871
gam(log(value) ~ s(u10m) + s(pbl12) + s(pbl00) + s(tmin2m) + s(jd) + s(ptp), data = .)        975.4133
gam(log(value) ~ s(v10m) + s(pbl12) + s(pbl00) + s(tmin2m) + s(jd) + s(ptp), data = .)        919.7256
gam(log(value) ~ s(sp) + s(pbl12) + s(pbl00) + s(tmin2m) + s(jd) + s(ptp), data = .)          951.5657
gam(log(value) ~ s(nirradiance) + s(pbl12) + s(pbl00) + s(tmin2m) + s(jd) + s(ptp), data = .) 996.0585
gam(log(value) ~ s(pblmin) + s(pbl12) + s(pbl00) + s(tmin2m) + s(jd) + s(ptp), data = .)      936.9859
gam(log(value) ~ s(pblmax) + s(pbl12) + s(pbl00) + s(tmin2m) + s(jd) + s(ptp), data = .)      975.6755
gam(log(value) ~ s(wdir) + s(pbl12) + s(pbl00) + s(tmin2m) + s(jd) + s(ptp), data = .)        947.5190
gam(log(value) ~ s(wspeed) + s(pbl12) + s(pbl00) + s(tmin2m) + s(jd) + s(ptp), data = .)      956.2236
gam(log(value) ~ s(pwspeed) + s(pbl12) + s(pbl00) + s(tmin2m) + s(jd) + s(ptp), data = .)     983.5160

Modello migliore: v10m - pbl12 - pbl00 - tmin2m - jd - ptp 

Variabile scelta v10m con AIC 919.725554850213  

Modelli BACKWARD 

                                                                                                 IT2012A
gam(log(value) ~ s(t2m) + s(pbl12) + s(pbl00) + s(tmin2m) + s(jd) + s(v10m), data = .)         1033.7825
gam(log(value) ~ s(tmax2m) + s(pbl12) + s(pbl00) + s(tmin2m) + s(jd) + s(v10m), data = .)       996.6532
gam(log(value) ~ s(tp) + s(pbl12) + s(pbl00) + s(tmin2m) + s(jd) + s(v10m), data = .)           927.5707
gam(log(value) ~ s(rh) + s(pbl12) + s(pbl00) + s(tmin2m) + s(jd) + s(v10m), data = .)          1031.3254
gam(log(value) ~ s(u10m) + s(pbl12) + s(pbl00) + s(tmin2m) + s(jd) + s(v10m), data = .)         999.9308
gam(log(value) ~ s(sp) + s(pbl12) + s(pbl00) + s(tmin2m) + s(jd) + s(v10m), data = .)           938.8486
gam(log(value) ~ s(nirradiance) + s(pbl12) + s(pbl00) + s(tmin2m) + s(jd) + s(v10m), data = .) 1045.5669
gam(log(value) ~ s(pblmin) + s(pbl12) + s(pbl00) + s(tmin2m) + s(jd) + s(v10m), data = .)      1032.7758
gam(log(value) ~ s(pblmax) + s(pbl12) + s(pbl00) + s(tmin2m) + s(jd) + s(v10m), data = .)      1023.5954
gam(log(value) ~ s(wdir) + s(pbl12) + s(pbl00) + s(tmin2m) + s(jd) + s(v10m), data = .)         980.0628
gam(log(value) ~ s(wspeed) + s(pbl12) + s(pbl00) + s(tmin2m) + s(jd) + s(v10m), data = .)      1050.6443
gam(log(value) ~ s(pwspeed) + s(pbl12) + s(pbl00) + s(tmin2m) + s(jd) + s(v10m), data = .)     1027.7793

Modello migliore: tp - pbl12 - pbl00 - tmin2m - jd - v10m 

Dati backward:  927.570743646159::tp::pbl12::pbl00::tmin2m::jd::v10m 

Scelgo il modello N 

---------- START ---------- 

                                                                                                         IT2012A
gam(log(value) ~ s(t2m) + s(pbl12) + s(pbl00) + s(tmin2m) + s(jd) + s(ptp) + s(v10m), data = .)         915.0641
gam(log(value) ~ s(tmax2m) + s(pbl12) + s(pbl00) + s(tmin2m) + s(jd) + s(ptp) + s(v10m), data = .)      895.8224
gam(log(value) ~ s(tp) + s(pbl12) + s(pbl00) + s(tmin2m) + s(jd) + s(ptp) + s(v10m), data = .)          860.4883
gam(log(value) ~ s(rh) + s(pbl12) + s(pbl00) + s(tmin2m) + s(jd) + s(ptp) + s(v10m), data = .)          907.8640
gam(log(value) ~ s(u10m) + s(pbl12) + s(pbl00) + s(tmin2m) + s(jd) + s(ptp) + s(v10m), data = .)        876.6982
gam(log(value) ~ s(sp) + s(pbl12) + s(pbl00) + s(tmin2m) + s(jd) + s(ptp) + s(v10m), data = .)          868.5746
gam(log(value) ~ s(nirradiance) + s(pbl12) + s(pbl00) + s(tmin2m) + s(jd) + s(ptp) + s(v10m), data = .) 917.2556
gam(log(value) ~ s(pblmin) + s(pbl12) + s(pbl00) + s(tmin2m) + s(jd) + s(ptp) + s(v10m), data = .)      892.9659
gam(log(value) ~ s(pblmax) + s(pbl12) + s(pbl00) + s(tmin2m) + s(jd) + s(ptp) + s(v10m), data = .)      899.8911
gam(log(value) ~ s(wdir) + s(pbl12) + s(pbl00) + s(tmin2m) + s(jd) + s(ptp) + s(v10m), data = .)        850.5894
gam(log(value) ~ s(wspeed) + s(pbl12) + s(pbl00) + s(tmin2m) + s(jd) + s(ptp) + s(v10m), data = .)      915.7789
gam(log(value) ~ s(pwspeed) + s(pbl12) + s(pbl00) + s(tmin2m) + s(jd) + s(ptp) + s(v10m), data = .)     904.6620

Modello migliore: wdir - pbl12 - pbl00 - tmin2m - jd - ptp - v10m 

Variabile scelta wdir con AIC 850.589355295892  

Modelli BACKWARD 

                                                                                                         IT2012A
gam(log(value) ~ s(t2m) + s(pbl12) + s(pbl00) + s(tmin2m) + s(jd) + s(ptp) + s(wdir), data = .)         928.3856
gam(log(value) ~ s(tmax2m) + s(pbl12) + s(pbl00) + s(tmin2m) + s(jd) + s(ptp) + s(wdir), data = .)      912.4808
gam(log(value) ~ s(tp) + s(pbl12) + s(pbl00) + s(tmin2m) + s(jd) + s(ptp) + s(wdir), data = .)          899.5456
gam(log(value) ~ s(rh) + s(pbl12) + s(pbl00) + s(tmin2m) + s(jd) + s(ptp) + s(wdir), data = .)          922.2033
gam(log(value) ~ s(u10m) + s(pbl12) + s(pbl00) + s(tmin2m) + s(jd) + s(ptp) + s(wdir), data = .)        932.4011
gam(log(value) ~ s(sp) + s(pbl12) + s(pbl00) + s(tmin2m) + s(jd) + s(ptp) + s(wdir), data = .)          894.4577
gam(log(value) ~ s(nirradiance) + s(pbl12) + s(pbl00) + s(tmin2m) + s(jd) + s(ptp) + s(wdir), data = .) 944.6381
gam(log(value) ~ s(pblmin) + s(pbl12) + s(pbl00) + s(tmin2m) + s(jd) + s(ptp) + s(wdir), data = .)      879.3281
gam(log(value) ~ s(pblmax) + s(pbl12) + s(pbl00) + s(tmin2m) + s(jd) + s(ptp) + s(wdir), data = .)      923.5784
gam(log(value) ~ s(wspeed) + s(pbl12) + s(pbl00) + s(tmin2m) + s(jd) + s(ptp) + s(wdir), data = .)      894.5628
gam(log(value) ~ s(pwspeed) + s(pbl12) + s(pbl00) + s(tmin2m) + s(jd) + s(ptp) + s(wdir), data = .)     934.3528

Modello migliore: pblmin - pbl12 - pbl00 - tmin2m - jd - ptp - wdir 

Dati backward:  879.328119160801::pblmin::pbl12::pbl00::tmin2m::jd::ptp::wdir 

Scelgo il modello N 

---------- START ---------- 

                                                                                                                   IT2012A
gam(log(value) ~ s(t2m) + s(pbl12) + s(pbl00) + s(tmin2m) + s(jd) + s(ptp) + s(v10m) + s(wdir), data = .)         846.0115
gam(log(value) ~ s(tmax2m) + s(pbl12) + s(pbl00) + s(tmin2m) + s(jd) + s(ptp) + s(v10m) + s(wdir), data = .)      834.7395
gam(log(value) ~ s(tp) + s(pbl12) + s(pbl00) + s(tmin2m) + s(jd) + s(ptp) + s(v10m) + s(wdir), data = .)          787.2120
gam(log(value) ~ s(rh) + s(pbl12) + s(pbl00) + s(tmin2m) + s(jd) + s(ptp) + s(v10m) + s(wdir), data = .)          840.5508
gam(log(value) ~ s(u10m) + s(pbl12) + s(pbl00) + s(tmin2m) + s(jd) + s(ptp) + s(v10m) + s(wdir), data = .)        850.7351
gam(log(value) ~ s(sp) + s(pbl12) + s(pbl00) + s(tmin2m) + s(jd) + s(ptp) + s(v10m) + s(wdir), data = .)          808.7404
gam(log(value) ~ s(nirradiance) + s(pbl12) + s(pbl00) + s(tmin2m) + s(jd) + s(ptp) + s(v10m) + s(wdir), data = .) 846.0484
gam(log(value) ~ s(pblmin) + s(pbl12) + s(pbl00) + s(tmin2m) + s(jd) + s(ptp) + s(v10m) + s(wdir), data = .)      820.7117
gam(log(value) ~ s(pblmax) + s(pbl12) + s(pbl00) + s(tmin2m) + s(jd) + s(ptp) + s(v10m) + s(wdir), data = .)      822.9322
gam(log(value) ~ s(wspeed) + s(pbl12) + s(pbl00) + s(tmin2m) + s(jd) + s(ptp) + s(v10m) + s(wdir), data = .)      849.2643
gam(log(value) ~ s(pwspeed) + s(pbl12) + s(pbl00) + s(tmin2m) + s(jd) + s(ptp) + s(v10m) + s(wdir), data = .)     838.9940

Modello migliore: tp - pbl12 - pbl00 - tmin2m - jd - ptp - v10m - wdir 

Variabile scelta tp con AIC 787.212028835959  

Modelli BACKWARD 

                                                                                                                 IT2012A
gam(log(value) ~ s(t2m) + s(pbl12) + s(pbl00) + s(tmin2m) + s(jd) + s(ptp) + s(v10m) + s(tp), data = .)         862.1610
gam(log(value) ~ s(tmax2m) + s(pbl12) + s(pbl00) + s(tmin2m) + s(jd) + s(ptp) + s(v10m) + s(tp), data = .)      853.8181
gam(log(value) ~ s(rh) + s(pbl12) + s(pbl00) + s(tmin2m) + s(jd) + s(ptp) + s(v10m) + s(tp), data = .)          841.0659
gam(log(value) ~ s(u10m) + s(pbl12) + s(pbl00) + s(tmin2m) + s(jd) + s(ptp) + s(v10m) + s(tp), data = .)        815.7495
gam(log(value) ~ s(sp) + s(pbl12) + s(pbl00) + s(tmin2m) + s(jd) + s(ptp) + s(v10m) + s(tp), data = .)          826.4697
gam(log(value) ~ s(nirradiance) + s(pbl12) + s(pbl00) + s(tmin2m) + s(jd) + s(ptp) + s(v10m) + s(tp), data = .) 842.6911
gam(log(value) ~ s(pblmin) + s(pbl12) + s(pbl00) + s(tmin2m) + s(jd) + s(ptp) + s(v10m) + s(tp), data = .)      844.4545
gam(log(value) ~ s(pblmax) + s(pbl12) + s(pbl00) + s(tmin2m) + s(jd) + s(ptp) + s(v10m) + s(tp), data = .)      849.0284
gam(log(value) ~ s(wspeed) + s(pbl12) + s(pbl00) + s(tmin2m) + s(jd) + s(ptp) + s(v10m) + s(tp), data = .)      859.8734
gam(log(value) ~ s(pwspeed) + s(pbl12) + s(pbl00) + s(tmin2m) + s(jd) + s(ptp) + s(v10m) + s(tp), data = .)     843.1765

Modello migliore: u10m - pbl12 - pbl00 - tmin2m - jd - ptp - v10m - tp 

Dati backward:  815.749472477053::u10m::pbl12::pbl00::tmin2m::jd::ptp::v10m::tp 

Scelgo il modello N 

---------- START ---------- 

                                                                                                                           IT2012A
gam(log(value) ~ s(t2m) + s(pbl12) + s(pbl00) + s(tmin2m) + s(jd) + s(ptp) + s(v10m) + s(wdir) + s(tp), data = .)         787.1715
gam(log(value) ~ s(tmax2m) + s(pbl12) + s(pbl00) + s(tmin2m) + s(jd) + s(ptp) + s(v10m) + s(wdir) + s(tp), data = .)      785.8948
gam(log(value) ~ s(rh) + s(pbl12) + s(pbl00) + s(tmin2m) + s(jd) + s(ptp) + s(v10m) + s(wdir) + s(tp), data = .)          765.8890
gam(log(value) ~ s(u10m) + s(pbl12) + s(pbl00) + s(tmin2m) + s(jd) + s(ptp) + s(v10m) + s(wdir) + s(tp), data = .)        787.1953
gam(log(value) ~ s(sp) + s(pbl12) + s(pbl00) + s(tmin2m) + s(jd) + s(ptp) + s(v10m) + s(wdir) + s(tp), data = .)          756.2438
gam(log(value) ~ s(nirradiance) + s(pbl12) + s(pbl00) + s(tmin2m) + s(jd) + s(ptp) + s(v10m) + s(wdir) + s(tp), data = .) 780.4447
gam(log(value) ~ s(pblmin) + s(pbl12) + s(pbl00) + s(tmin2m) + s(jd) + s(ptp) + s(v10m) + s(wdir) + s(tp), data = .)      768.3611
gam(log(value) ~ s(pblmax) + s(pbl12) + s(pbl00) + s(tmin2m) + s(jd) + s(ptp) + s(v10m) + s(wdir) + s(tp), data = .)      769.5553
gam(log(value) ~ s(wspeed) + s(pbl12) + s(pbl00) + s(tmin2m) + s(jd) + s(ptp) + s(v10m) + s(wdir) + s(tp), data = .)      787.5922
gam(log(value) ~ s(pwspeed) + s(pbl12) + s(pbl00) + s(tmin2m) + s(jd) + s(ptp) + s(v10m) + s(wdir) + s(tp), data = .)     772.9747

Modello migliore: sp - pbl12 - pbl00 - tmin2m - jd - ptp - v10m - wdir - tp 

Variabile scelta sp con AIC 756.243837487166  

Modelli BACKWARD 

                                                                                                                           IT2012A
gam(log(value) ~ s(t2m) + s(pbl12) + s(pbl00) + s(tmin2m) + s(jd) + s(ptp) + s(v10m) + s(wdir) + s(sp), data = .)         804.9802
gam(log(value) ~ s(tmax2m) + s(pbl12) + s(pbl00) + s(tmin2m) + s(jd) + s(ptp) + s(v10m) + s(wdir) + s(sp), data = .)      799.4350
gam(log(value) ~ s(rh) + s(pbl12) + s(pbl00) + s(tmin2m) + s(jd) + s(ptp) + s(v10m) + s(wdir) + s(sp), data = .)          797.9883
gam(log(value) ~ s(u10m) + s(pbl12) + s(pbl00) + s(tmin2m) + s(jd) + s(ptp) + s(v10m) + s(wdir) + s(sp), data = .)        808.7396
gam(log(value) ~ s(nirradiance) + s(pbl12) + s(pbl00) + s(tmin2m) + s(jd) + s(ptp) + s(v10m) + s(wdir) + s(sp), data = .) 807.4142
gam(log(value) ~ s(pblmin) + s(pbl12) + s(pbl00) + s(tmin2m) + s(jd) + s(ptp) + s(v10m) + s(wdir) + s(sp), data = .)      781.5874
gam(log(value) ~ s(pblmax) + s(pbl12) + s(pbl00) + s(tmin2m) + s(jd) + s(ptp) + s(v10m) + s(wdir) + s(sp), data = .)      787.8844
gam(log(value) ~ s(wspeed) + s(pbl12) + s(pbl00) + s(tmin2m) + s(jd) + s(ptp) + s(v10m) + s(wdir) + s(sp), data = .)      809.1667
gam(log(value) ~ s(pwspeed) + s(pbl12) + s(pbl00) + s(tmin2m) + s(jd) + s(ptp) + s(v10m) + s(wdir) + s(sp), data = .)     800.3144

Modello migliore: pblmin - pbl12 - pbl00 - tmin2m - jd - ptp - v10m - wdir - sp 

Dati backward:  781.587414916254::pblmin::pbl12::pbl00::tmin2m::jd::ptp::v10m::wdir::sp 

Scelgo il modello N 

---------- START ---------- 

                                                                                                                                   IT2012A
gam(log(value) ~ s(t2m) + s(pbl12) + s(pbl00) + s(tmin2m) + s(jd) + s(ptp) + s(v10m) + s(wdir) + s(tp) + s(sp), data = .)         756.1162
gam(log(value) ~ s(tmax2m) + s(pbl12) + s(pbl00) + s(tmin2m) + s(jd) + s(ptp) + s(v10m) + s(wdir) + s(tp) + s(sp), data = .)      756.2784
gam(log(value) ~ s(rh) + s(pbl12) + s(pbl00) + s(tmin2m) + s(jd) + s(ptp) + s(v10m) + s(wdir) + s(tp) + s(sp), data = .)          738.3466
gam(log(value) ~ s(u10m) + s(pbl12) + s(pbl00) + s(tmin2m) + s(jd) + s(ptp) + s(v10m) + s(wdir) + s(tp) + s(sp), data = .)        755.1888
gam(log(value) ~ s(nirradiance) + s(pbl12) + s(pbl00) + s(tmin2m) + s(jd) + s(ptp) + s(v10m) + s(wdir) + s(tp) + s(sp), data = .) 748.7532
gam(log(value) ~ s(pblmin) + s(pbl12) + s(pbl00) + s(tmin2m) + s(jd) + s(ptp) + s(v10m) + s(wdir) + s(tp) + s(sp), data = .)      737.7092
gam(log(value) ~ s(pblmax) + s(pbl12) + s(pbl00) + s(tmin2m) + s(jd) + s(ptp) + s(v10m) + s(wdir) + s(tp) + s(sp), data = .)      741.3370
gam(log(value) ~ s(wspeed) + s(pbl12) + s(pbl00) + s(tmin2m) + s(jd) + s(ptp) + s(v10m) + s(wdir) + s(tp) + s(sp), data = .)      757.1740
gam(log(value) ~ s(pwspeed) + s(pbl12) + s(pbl00) + s(tmin2m) + s(jd) + s(ptp) + s(v10m) + s(wdir) + s(tp) + s(sp), data = .)     744.6412

Modello migliore: pblmin - pbl12 - pbl00 - tmin2m - jd - ptp - v10m - wdir - tp - sp 

Variabile scelta pblmin con AIC 737.70916908817  

Modelli BACKWARD 

                                                                                                                                       IT2012A
gam(log(value) ~ s(t2m) + s(pbl12) + s(pbl00) + s(tmin2m) + s(jd) + s(ptp) + s(v10m) + s(wdir) + s(tp) + s(pblmin), data = .)         769.2792
gam(log(value) ~ s(tmax2m) + s(pbl12) + s(pbl00) + s(tmin2m) + s(jd) + s(ptp) + s(v10m) + s(wdir) + s(tp) + s(pblmin), data = .)      768.6513
gam(log(value) ~ s(rh) + s(pbl12) + s(pbl00) + s(tmin2m) + s(jd) + s(ptp) + s(v10m) + s(wdir) + s(tp) + s(pblmin), data = .)          746.9329
gam(log(value) ~ s(u10m) + s(pbl12) + s(pbl00) + s(tmin2m) + s(jd) + s(ptp) + s(v10m) + s(wdir) + s(tp) + s(pblmin), data = .)        767.6117
gam(log(value) ~ s(nirradiance) + s(pbl12) + s(pbl00) + s(tmin2m) + s(jd) + s(ptp) + s(v10m) + s(wdir) + s(tp) + s(pblmin), data = .) 761.0752
gam(log(value) ~ s(pblmax) + s(pbl12) + s(pbl00) + s(tmin2m) + s(jd) + s(ptp) + s(v10m) + s(wdir) + s(tp) + s(pblmin), data = .)      752.3589
gam(log(value) ~ s(wspeed) + s(pbl12) + s(pbl00) + s(tmin2m) + s(jd) + s(ptp) + s(v10m) + s(wdir) + s(tp) + s(pblmin), data = .)      768.7759
gam(log(value) ~ s(pwspeed) + s(pbl12) + s(pbl00) + s(tmin2m) + s(jd) + s(ptp) + s(v10m) + s(wdir) + s(tp) + s(pblmin), data = .)     749.9998

Modello migliore: rh - pbl12 - pbl00 - tmin2m - jd - ptp - v10m - wdir - tp - pblmin 

Dati backward:  746.9328575573::rh::pbl12::pbl00::tmin2m::jd::ptp::v10m::wdir::tp::pblmin 

Scelgo il modello N 

---------- START ---------- 

                                                                                                                                               IT2012A
gam(log(value) ~ s(t2m) + s(pbl12) + s(pbl00) + s(tmin2m) + s(jd) + s(ptp) + s(v10m) + s(wdir) + s(tp) + s(sp) + s(pblmin), data = .)         738.3826
gam(log(value) ~ s(tmax2m) + s(pbl12) + s(pbl00) + s(tmin2m) + s(jd) + s(ptp) + s(v10m) + s(wdir) + s(tp) + s(sp) + s(pblmin), data = .)      738.9230
gam(log(value) ~ s(rh) + s(pbl12) + s(pbl00) + s(tmin2m) + s(jd) + s(ptp) + s(v10m) + s(wdir) + s(tp) + s(sp) + s(pblmin), data = .)          718.1223
gam(log(value) ~ s(u10m) + s(pbl12) + s(pbl00) + s(tmin2m) + s(jd) + s(ptp) + s(v10m) + s(wdir) + s(tp) + s(sp) + s(pblmin), data = .)        735.8491
gam(log(value) ~ s(nirradiance) + s(pbl12) + s(pbl00) + s(tmin2m) + s(jd) + s(ptp) + s(v10m) + s(wdir) + s(tp) + s(sp) + s(pblmin), data = .) 727.5671
gam(log(value) ~ s(pblmax) + s(pbl12) + s(pbl00) + s(tmin2m) + s(jd) + s(ptp) + s(v10m) + s(wdir) + s(tp) + s(sp) + s(pblmin), data = .)      724.3715
gam(log(value) ~ s(wspeed) + s(pbl12) + s(pbl00) + s(tmin2m) + s(jd) + s(ptp) + s(v10m) + s(wdir) + s(tp) + s(sp) + s(pblmin), data = .)      738.7201
gam(log(value) ~ s(pwspeed) + s(pbl12) + s(pbl00) + s(tmin2m) + s(jd) + s(ptp) + s(v10m) + s(wdir) + s(tp) + s(sp) + s(pblmin), data = .)     722.8872

Modello migliore: rh - pbl12 - pbl00 - tmin2m - jd - ptp - v10m - wdir - tp - sp - pblmin 

Variabile scelta rh con AIC 718.122278752581  

Modelli BACKWARD 

                                                                                                                                           IT2012A
gam(log(value) ~ s(t2m) + s(pbl12) + s(pbl00) + s(tmin2m) + s(jd) + s(ptp) + s(v10m) + s(wdir) + s(tp) + s(sp) + s(rh), data = .)         731.7380
gam(log(value) ~ s(tmax2m) + s(pbl12) + s(pbl00) + s(tmin2m) + s(jd) + s(ptp) + s(v10m) + s(wdir) + s(tp) + s(sp) + s(rh), data = .)      727.4791
gam(log(value) ~ s(u10m) + s(pbl12) + s(pbl00) + s(tmin2m) + s(jd) + s(ptp) + s(v10m) + s(wdir) + s(tp) + s(sp) + s(rh), data = .)        736.6651
gam(log(value) ~ s(nirradiance) + s(pbl12) + s(pbl00) + s(tmin2m) + s(jd) + s(ptp) + s(v10m) + s(wdir) + s(tp) + s(sp) + s(rh), data = .) 732.8251
gam(log(value) ~ s(pblmax) + s(pbl12) + s(pbl00) + s(tmin2m) + s(jd) + s(ptp) + s(v10m) + s(wdir) + s(tp) + s(sp) + s(rh), data = .)      725.1272
gam(log(value) ~ s(wspeed) + s(pbl12) + s(pbl00) + s(tmin2m) + s(jd) + s(ptp) + s(v10m) + s(wdir) + s(tp) + s(sp) + s(rh), data = .)      739.9109
gam(log(value) ~ s(pwspeed) + s(pbl12) + s(pbl00) + s(tmin2m) + s(jd) + s(ptp) + s(v10m) + s(wdir) + s(tp) + s(sp) + s(rh), data = .)     730.1533

Modello migliore: pblmax - pbl12 - pbl00 - tmin2m - jd - ptp - v10m - wdir - tp - sp - rh 

Dati backward:  725.127167601991::pblmax::pbl12::pbl00::tmin2m::jd::ptp::v10m::wdir::tp::sp::rh 

Scelgo il modello N 

---------- START ---------- 

                                                                                                                                                       IT2012A
gam(log(value) ~ s(t2m) + s(pbl12) + s(pbl00) + s(tmin2m) + s(jd) + s(ptp) + s(v10m) + s(wdir) + s(tp) + s(sp) + s(pblmin) + s(rh), data = .)         714.3171
gam(log(value) ~ s(tmax2m) + s(pbl12) + s(pbl00) + s(tmin2m) + s(jd) + s(ptp) + s(v10m) + s(wdir) + s(tp) + s(sp) + s(pblmin) + s(rh), data = .)      711.2580
gam(log(value) ~ s(u10m) + s(pbl12) + s(pbl00) + s(tmin2m) + s(jd) + s(ptp) + s(v10m) + s(wdir) + s(tp) + s(sp) + s(pblmin) + s(rh), data = .)        715.5763
gam(log(value) ~ s(nirradiance) + s(pbl12) + s(pbl00) + s(tmin2m) + s(jd) + s(ptp) + s(v10m) + s(wdir) + s(tp) + s(sp) + s(pblmin) + s(rh), data = .) 711.0962
gam(log(value) ~ s(pblmax) + s(pbl12) + s(pbl00) + s(tmin2m) + s(jd) + s(ptp) + s(v10m) + s(wdir) + s(tp) + s(sp) + s(pblmin) + s(rh), data = .)      705.4926
gam(log(value) ~ s(wspeed) + s(pbl12) + s(pbl00) + s(tmin2m) + s(jd) + s(ptp) + s(v10m) + s(wdir) + s(tp) + s(sp) + s(pblmin) + s(rh), data = .)      719.6942
gam(log(value) ~ s(pwspeed) + s(pbl12) + s(pbl00) + s(tmin2m) + s(jd) + s(ptp) + s(v10m) + s(wdir) + s(tp) + s(sp) + s(pblmin) + s(rh), data = .)     707.3370

Modello migliore: pblmax - pbl12 - pbl00 - tmin2m - jd - ptp - v10m - wdir - tp - sp - pblmin - rh 

Variabile scelta pblmax con AIC 705.492588762675  

Modelli BACKWARD 

                                                                                                                                                           IT2012A
gam(log(value) ~ s(t2m) + s(pbl12) + s(pbl00) + s(tmin2m) + s(jd) + s(ptp) + s(v10m) + s(wdir) + s(tp) + s(sp) + s(pblmin) + s(pblmax), data = .)         724.9655
gam(log(value) ~ s(tmax2m) + s(pbl12) + s(pbl00) + s(tmin2m) + s(jd) + s(ptp) + s(v10m) + s(wdir) + s(tp) + s(sp) + s(pblmin) + s(pblmax), data = .)      725.8965
gam(log(value) ~ s(u10m) + s(pbl12) + s(pbl00) + s(tmin2m) + s(jd) + s(ptp) + s(v10m) + s(wdir) + s(tp) + s(sp) + s(pblmin) + s(pblmax), data = .)        722.7396
gam(log(value) ~ s(nirradiance) + s(pbl12) + s(pbl00) + s(tmin2m) + s(jd) + s(ptp) + s(v10m) + s(wdir) + s(tp) + s(sp) + s(pblmin) + s(pblmax), data = .) 711.9402
gam(log(value) ~ s(wspeed) + s(pbl12) + s(pbl00) + s(tmin2m) + s(jd) + s(ptp) + s(v10m) + s(wdir) + s(tp) + s(sp) + s(pblmin) + s(pblmax), data = .)      724.9984
gam(log(value) ~ s(pwspeed) + s(pbl12) + s(pbl00) + s(tmin2m) + s(jd) + s(ptp) + s(v10m) + s(wdir) + s(tp) + s(sp) + s(pblmin) + s(pblmax), data = .)     708.9893

[1] "Modello migliore: pwspeed - pbl12 - pbl00 - tmin2m - jd - ptp - v10m - wdir - tp - sp - pblmin - pblmax"

[1] "Dati backward:  708.989253143511::pwspeed::pbl12::pbl00::tmin2m::jd::ptp::v10m::wdir::tp::sp::pblmin::pblmax"

Scelgo il modello N-1 

---------- START ---------- 

                                                                                                                                                       IT2012A
gam(log(value) ~ s(t2m) + s(pbl12) + s(pbl00) + s(tmin2m) + s(jd) + s(ptp) + s(v10m) + s(wdir) + s(tp) + s(sp) + s(pblmin) + s(rh), data = .)         714.3171
gam(log(value) ~ s(tmax2m) + s(pbl12) + s(pbl00) + s(tmin2m) + s(jd) + s(ptp) + s(v10m) + s(wdir) + s(tp) + s(sp) + s(pblmin) + s(rh), data = .)      711.2580
gam(log(value) ~ s(u10m) + s(pbl12) + s(pbl00) + s(tmin2m) + s(jd) + s(ptp) + s(v10m) + s(wdir) + s(tp) + s(sp) + s(pblmin) + s(rh), data = .)        715.5763
gam(log(value) ~ s(nirradiance) + s(pbl12) + s(pbl00) + s(tmin2m) + s(jd) + s(ptp) + s(v10m) + s(wdir) + s(tp) + s(sp) + s(pblmin) + s(rh), data = .) 711.0962
gam(log(value) ~ s(wspeed) + s(pbl12) + s(pbl00) + s(tmin2m) + s(jd) + s(ptp) + s(v10m) + s(wdir) + s(tp) + s(sp) + s(pblmin) + s(rh), data = .)      719.6942
gam(log(value) ~ s(pwspeed) + s(pbl12) + s(pbl00) + s(tmin2m) + s(jd) + s(ptp) + s(v10m) + s(wdir) + s(tp) + s(sp) + s(pblmin) + s(rh), data = .)     707.3370

Modello migliore: pwspeed - pbl12 - pbl00 - tmin2m - jd - ptp - v10m - wdir - tp - sp - pblmin - rh 

Variabile scelta pwspeed con AIC 707.336990848262  

Fine per scelta MODELLO 

pbl12 + pbl00 + tmin2m + jd + ptp + v10m + wdir + tp + sp + pblmin + rh 

---------------------- 

NOTE: Log Print Time:  2021-05-11 13:06:45 
NOTE: Elapsed Time in seconds: 2.63650479316711 

Fine per scelta MODELLO 

pbl12 + pbl00 + tmin2m + jd + ptp + v10m + wdir + tp + sp + pblmin + rh 

---------------------- 

NOTE: Log Print Time:  2021-05-11 13:06:45 
NOTE: Elapsed Time in seconds: 0.00115776062011719 

Fine per scelta MODELLO 

pbl12 + pbl00 + tmin2m + jd + ptp + v10m + wdir + tp + sp + pblmin + rh 

---------------------- 

NOTE: Log Print Time:  2021-05-11 13:06:45 
NOTE: Elapsed Time in seconds: 0.00103759765625 

Fine per scelta MODELLO 

pbl12 + pbl00 + tmin2m + jd + ptp + v10m + wdir + tp + sp + pblmin + rh 

---------------------- 

NOTE: Log Print Time:  2021-05-11 13:06:45 
NOTE: Elapsed Time in seconds: 0.00103139877319336 

Fine per scelta MODELLO 

pbl12 + pbl00 + tmin2m + jd + ptp + v10m + wdir + tp + sp + pblmin + rh 

---------------------- 

NOTE: Log Print Time:  2021-05-11 13:06:45 
NOTE: Elapsed Time in seconds: 0.00104308128356934 

Fine per scelta MODELLO 

pbl12 + pbl00 + tmin2m + jd + ptp + v10m + wdir + tp + sp + pblmin + rh 

---------------------- 

NOTE: Log Print Time:  2021-05-11 13:06:45 
NOTE: Elapsed Time in seconds: 0.0010523796081543 

Fine per scelta MODELLO 

pbl12 + pbl00 + tmin2m + jd + ptp + v10m + wdir + tp + sp + pblmin + rh 

---------------------- 

NOTE: Log Print Time:  2021-05-11 13:06:45 
NOTE: Elapsed Time in seconds: 0.00105810165405273 

Fine per scelta MODELLO 

pbl12 + pbl00 + tmin2m + jd + ptp + v10m + wdir + tp + sp + pblmin + rh 

---------------------- 

NOTE: Log Print Time:  2021-05-11 13:06:45 
NOTE: Elapsed Time in seconds: 0.00104165077209473 

Fine per scelta MODELLO 

pbl12 + pbl00 + tmin2m + jd + ptp + v10m + wdir + tp + sp + pblmin + rh 

---------------------- 

NOTE: Log Print Time:  2021-05-11 13:06:45 
NOTE: Elapsed Time in seconds: 0.0010216236114502 

Fine per scelta MODELLO 

pbl12 + pbl00 + tmin2m + jd + ptp + v10m + wdir + tp + sp + pblmin + rh 

---------------------- 

NOTE: Log Print Time:  2021-05-11 13:06:45 
NOTE: Elapsed Time in seconds: 0.00107145309448242 

Fine per scelta MODELLO 

pbl12 + pbl00 + tmin2m + jd + ptp + v10m + wdir + tp + sp + pblmin + rh 

---------------------- 

NOTE: Log Print Time:  2021-05-11 13:06:45 
NOTE: Elapsed Time in seconds: 0.00103878974914551 

Fine per scelta MODELLO 

pbl12 + pbl00 + tmin2m + jd + ptp + v10m + wdir + tp + sp + pblmin + rh 

---------------------- 

NOTE: Log Print Time:  2021-05-11 13:06:45 
NOTE: Elapsed Time in seconds: 0.00102663040161133 

========================================================================= 
Log End Time: 2021-05-11 13:06:45 
Log Elapsed Time: 0 00:00:02 
========================================================================= 
