========================================================================= 
Log Path: output/12/pm25/log/pulvirus_pm25_12_IT0825A.log 
Working Directory: /home/rmorelli/R/pulvirus/analisi/GAM/scelta 
User Name: rmorelli 
R Version: 4.0.5 (2021-03-31) 
Machine: pasqualino x86_64 
Operating System: Linux 4.19.0-13-amd64 #1 SMP Debian 4.19.160-2 (2020-11-28) 
Log Start Time: 2021-05-11 13:09:56 
========================================================================= 

Stazione: IT0825A 

---------- START ---------- 

                                            IT0825A
gam(log(value) ~ s(t2m), data = .)         2369.323
gam(log(value) ~ s(tmin2m), data = .)      2318.789
gam(log(value) ~ s(tmax2m), data = .)      2482.433
gam(log(value) ~ s(tp), data = .)          2339.473
gam(log(value) ~ s(ptp), data = .)         2312.443
gam(log(value) ~ s(rh), data = .)          2488.152
gam(log(value) ~ s(u10m), data = .)        2393.548
gam(log(value) ~ s(v10m), data = .)        2358.796
gam(log(value) ~ s(sp), data = .)          1937.180
gam(log(value) ~ s(nirradiance), data = .) 2464.849
gam(log(value) ~ s(pbl00), data = .)       2146.052
gam(log(value) ~ s(pbl12), data = .)       2256.497
gam(log(value) ~ s(pblmin), data = .)      2191.935
gam(log(value) ~ s(pblmax), data = .)      2235.719
gam(log(value) ~ s(wdir), data = .)        2362.422
gam(log(value) ~ s(wspeed), data = .)      2374.552
gam(log(value) ~ s(pwspeed), data = .)     2456.324
gam(log(value) ~ s(jd), data = .)          2340.063

Modello migliore: sp 

Variabile scelta sp con AIC 1937.17993247021  

---------- START ---------- 

                                                    IT0825A
gam(log(value) ~ s(t2m) + s(sp), data = .)         1804.220
gam(log(value) ~ s(tmin2m) + s(sp), data = .)      1794.020
gam(log(value) ~ s(tmax2m) + s(sp), data = .)      1856.646
gam(log(value) ~ s(tp) + s(sp), data = .)          1884.265
gam(log(value) ~ s(ptp) + s(sp), data = .)         1884.209
gam(log(value) ~ s(rh) + s(sp), data = .)          1826.953
gam(log(value) ~ s(u10m) + s(sp), data = .)        1851.647
gam(log(value) ~ s(v10m) + s(sp), data = .)        1788.788
gam(log(value) ~ s(sp) + s(sp), data = .)          1937.180
gam(log(value) ~ s(nirradiance) + s(sp), data = .) 1868.283
gam(log(value) ~ s(pbl00) + s(sp), data = .)       1697.150
gam(log(value) ~ s(pbl12) + s(sp), data = .)       1711.294
gam(log(value) ~ s(pblmin) + s(sp), data = .)      1735.790
gam(log(value) ~ s(pblmax) + s(sp), data = .)      1712.421
gam(log(value) ~ s(wdir) + s(sp), data = .)        1787.682
gam(log(value) ~ s(wspeed) + s(sp), data = .)      1843.669
gam(log(value) ~ s(pwspeed) + s(sp), data = .)     1887.723
gam(log(value) ~ s(jd) + s(sp), data = .)          1769.501

Modello migliore: pbl00 - sp 

Variabile scelta pbl00 con AIC 1697.15024674398  

Modelli BACKWARD 

                                                       IT0825A
gam(log(value) ~ s(t2m) + s(pbl00), data = .)         1836.261
gam(log(value) ~ s(tmin2m) + s(pbl00), data = .)      1833.422
gam(log(value) ~ s(tmax2m) + s(pbl00), data = .)      1905.442
gam(log(value) ~ s(tp) + s(pbl00), data = .)          2072.804
gam(log(value) ~ s(ptp) + s(pbl00), data = .)         2061.358
gam(log(value) ~ s(rh) + s(pbl00), data = .)          2072.813
gam(log(value) ~ s(u10m) + s(pbl00), data = .)        1968.636
gam(log(value) ~ s(v10m) + s(pbl00), data = .)        2119.326
gam(log(value) ~ s(nirradiance) + s(pbl00), data = .) 1864.548
gam(log(value) ~ s(pbl12) + s(pbl00), data = .)       1770.834
gam(log(value) ~ s(pblmin) + s(pbl00), data = .)      2103.073
gam(log(value) ~ s(pblmax) + s(pbl00), data = .)      1779.070
gam(log(value) ~ s(wdir) + s(pbl00), data = .)        1946.841
gam(log(value) ~ s(wspeed) + s(pbl00), data = .)      2133.736
gam(log(value) ~ s(pwspeed) + s(pbl00), data = .)     2139.898
gam(log(value) ~ s(jd) + s(pbl00), data = .)          1674.856

Modello migliore: jd - pbl00 

Dati backward:  1674.85584329063::jd::pbl00 

Scelgo il modello N 

---------- START ---------- 

                                                               IT0825A
gam(log(value) ~ s(t2m) + s(sp) + s(pbl00), data = .)         1497.609
gam(log(value) ~ s(tmin2m) + s(sp) + s(pbl00), data = .)      1516.820
gam(log(value) ~ s(tmax2m) + s(sp) + s(pbl00), data = .)      1522.540
gam(log(value) ~ s(tp) + s(sp) + s(pbl00), data = .)          1667.351
gam(log(value) ~ s(ptp) + s(sp) + s(pbl00), data = .)         1684.750
gam(log(value) ~ s(rh) + s(sp) + s(pbl00), data = .)          1605.940
gam(log(value) ~ s(u10m) + s(sp) + s(pbl00), data = .)        1577.371
gam(log(value) ~ s(v10m) + s(sp) + s(pbl00), data = .)        1656.669
gam(log(value) ~ s(nirradiance) + s(sp) + s(pbl00), data = .) 1498.967
gam(log(value) ~ s(pbl12) + s(sp) + s(pbl00), data = .)       1442.376
gam(log(value) ~ s(pblmin) + s(sp) + s(pbl00), data = .)      1669.093
gam(log(value) ~ s(pblmax) + s(sp) + s(pbl00), data = .)      1457.765
gam(log(value) ~ s(wdir) + s(sp) + s(pbl00), data = .)        1569.166
gam(log(value) ~ s(wspeed) + s(sp) + s(pbl00), data = .)      1684.461
gam(log(value) ~ s(pwspeed) + s(sp) + s(pbl00), data = .)     1693.705
gam(log(value) ~ s(jd) + s(sp) + s(pbl00), data = .)          1375.043

Modello migliore: jd - sp - pbl00 

Variabile scelta jd con AIC 1375.04330975927  

Modelli BACKWARD 

                                                            IT0825A
gam(log(value) ~ s(t2m) + s(sp) + s(jd), data = .)         1693.640
gam(log(value) ~ s(tmin2m) + s(sp) + s(jd), data = .)      1680.265
gam(log(value) ~ s(tmax2m) + s(sp) + s(jd), data = .)      1728.630
gam(log(value) ~ s(tp) + s(sp) + s(jd), data = .)          1698.285
gam(log(value) ~ s(ptp) + s(sp) + s(jd), data = .)         1647.930
gam(log(value) ~ s(rh) + s(sp) + s(jd), data = .)          1710.818
gam(log(value) ~ s(u10m) + s(sp) + s(jd), data = .)        1706.151
gam(log(value) ~ s(v10m) + s(sp) + s(jd), data = .)        1545.292
gam(log(value) ~ s(nirradiance) + s(sp) + s(jd), data = .) 1756.877
gam(log(value) ~ s(pbl12) + s(sp) + s(jd), data = .)       1619.120
gam(log(value) ~ s(pblmin) + s(sp) + s(jd), data = .)      1430.765
gam(log(value) ~ s(pblmax) + s(sp) + s(jd), data = .)      1614.535
gam(log(value) ~ s(wdir) + s(sp) + s(jd), data = .)        1650.758
gam(log(value) ~ s(wspeed) + s(sp) + s(jd), data = .)      1602.265
gam(log(value) ~ s(pwspeed) + s(sp) + s(jd), data = .)     1670.020

Modello migliore: pblmin - sp - jd 

Dati backward:  1430.76474084473::pblmin::sp::jd 

Scelgo il modello N 

---------- START ---------- 

                                                                       IT0825A
gam(log(value) ~ s(t2m) + s(sp) + s(pbl00) + s(jd), data = .)         1311.673
gam(log(value) ~ s(tmin2m) + s(sp) + s(pbl00) + s(jd), data = .)      1291.943
gam(log(value) ~ s(tmax2m) + s(sp) + s(pbl00) + s(jd), data = .)      1341.525
gam(log(value) ~ s(tp) + s(sp) + s(pbl00) + s(jd), data = .)          1342.695
gam(log(value) ~ s(ptp) + s(sp) + s(pbl00) + s(jd), data = .)         1314.686
gam(log(value) ~ s(rh) + s(sp) + s(pbl00) + s(jd), data = .)          1362.641
gam(log(value) ~ s(u10m) + s(sp) + s(pbl00) + s(jd), data = .)        1323.446
gam(log(value) ~ s(v10m) + s(sp) + s(pbl00) + s(jd), data = .)        1305.561
gam(log(value) ~ s(nirradiance) + s(sp) + s(pbl00) + s(jd), data = .) 1353.903
gam(log(value) ~ s(pbl12) + s(sp) + s(pbl00) + s(jd), data = .)       1277.417
gam(log(value) ~ s(pblmin) + s(sp) + s(pbl00) + s(jd), data = .)      1315.203
gam(log(value) ~ s(pblmax) + s(sp) + s(pbl00) + s(jd), data = .)      1278.244
gam(log(value) ~ s(wdir) + s(sp) + s(pbl00) + s(jd), data = .)        1313.703
gam(log(value) ~ s(wspeed) + s(sp) + s(pbl00) + s(jd), data = .)      1351.925
gam(log(value) ~ s(pwspeed) + s(sp) + s(pbl00) + s(jd), data = .)     1376.305

Modello migliore: pbl12 - sp - pbl00 - jd 

Variabile scelta pbl12 con AIC 1277.41694331673  

Modelli BACKWARD 

                                                                          IT0825A
gam(log(value) ~ s(t2m) + s(sp) + s(pbl00) + s(pbl12), data = .)         1338.549
gam(log(value) ~ s(tmin2m) + s(sp) + s(pbl00) + s(pbl12), data = .)      1337.857
gam(log(value) ~ s(tmax2m) + s(sp) + s(pbl00) + s(pbl12), data = .)      1367.848
gam(log(value) ~ s(tp) + s(sp) + s(pbl00) + s(pbl12), data = .)          1367.350
gam(log(value) ~ s(ptp) + s(sp) + s(pbl00) + s(pbl12), data = .)         1401.198
gam(log(value) ~ s(rh) + s(sp) + s(pbl00) + s(pbl12), data = .)          1434.584
gam(log(value) ~ s(u10m) + s(sp) + s(pbl00) + s(pbl12), data = .)        1396.867
gam(log(value) ~ s(v10m) + s(sp) + s(pbl00) + s(pbl12), data = .)        1410.078
gam(log(value) ~ s(nirradiance) + s(sp) + s(pbl00) + s(pbl12), data = .) 1420.215
gam(log(value) ~ s(pblmin) + s(sp) + s(pbl00) + s(pbl12), data = .)      1423.194
gam(log(value) ~ s(pblmax) + s(sp) + s(pbl00) + s(pbl12), data = .)      1435.853
gam(log(value) ~ s(wdir) + s(sp) + s(pbl00) + s(pbl12), data = .)        1397.171
gam(log(value) ~ s(wspeed) + s(sp) + s(pbl00) + s(pbl12), data = .)      1444.144
gam(log(value) ~ s(pwspeed) + s(sp) + s(pbl00) + s(pbl12), data = .)     1441.048

Modello migliore: tmin2m - sp - pbl00 - pbl12 

Dati backward:  1337.85724013292::tmin2m::sp::pbl00::pbl12 

Scelgo il modello N 

---------- START ---------- 

                                                                                  IT0825A
gam(log(value) ~ s(t2m) + s(sp) + s(pbl00) + s(jd) + s(pbl12), data = .)         1205.062
gam(log(value) ~ s(tmin2m) + s(sp) + s(pbl00) + s(jd) + s(pbl12), data = .)      1192.270
gam(log(value) ~ s(tmax2m) + s(sp) + s(pbl00) + s(jd) + s(pbl12), data = .)      1229.035
gam(log(value) ~ s(tp) + s(sp) + s(pbl00) + s(jd) + s(pbl12), data = .)          1208.085
gam(log(value) ~ s(ptp) + s(sp) + s(pbl00) + s(jd) + s(pbl12), data = .)         1207.912
gam(log(value) ~ s(rh) + s(sp) + s(pbl00) + s(jd) + s(pbl12), data = .)          1263.026
gam(log(value) ~ s(u10m) + s(sp) + s(pbl00) + s(jd) + s(pbl12), data = .)        1240.147
gam(log(value) ~ s(v10m) + s(sp) + s(pbl00) + s(jd) + s(pbl12), data = .)        1218.394
gam(log(value) ~ s(nirradiance) + s(sp) + s(pbl00) + s(jd) + s(pbl12), data = .) 1264.352
gam(log(value) ~ s(pblmin) + s(sp) + s(pbl00) + s(jd) + s(pbl12), data = .)      1236.738
gam(log(value) ~ s(pblmax) + s(sp) + s(pbl00) + s(jd) + s(pbl12), data = .)      1269.271
gam(log(value) ~ s(wdir) + s(sp) + s(pbl00) + s(jd) + s(pbl12), data = .)        1233.819
gam(log(value) ~ s(wspeed) + s(sp) + s(pbl00) + s(jd) + s(pbl12), data = .)      1273.128
gam(log(value) ~ s(pwspeed) + s(sp) + s(pbl00) + s(jd) + s(pbl12), data = .)     1277.099

Modello migliore: tmin2m - sp - pbl00 - jd - pbl12 

Variabile scelta tmin2m con AIC 1192.27030554279  

Modelli BACKWARD 

                                                                                   IT0825A
gam(log(value) ~ s(t2m) + s(sp) + s(pbl00) + s(jd) + s(tmin2m), data = .)         1292.511
gam(log(value) ~ s(tmax2m) + s(sp) + s(pbl00) + s(jd) + s(tmin2m), data = .)      1283.390
gam(log(value) ~ s(tp) + s(sp) + s(pbl00) + s(jd) + s(tmin2m), data = .)          1269.460
gam(log(value) ~ s(ptp) + s(sp) + s(pbl00) + s(jd) + s(tmin2m), data = .)         1249.222
gam(log(value) ~ s(rh) + s(sp) + s(pbl00) + s(jd) + s(tmin2m), data = .)          1233.776
gam(log(value) ~ s(u10m) + s(sp) + s(pbl00) + s(jd) + s(tmin2m), data = .)        1225.564
gam(log(value) ~ s(v10m) + s(sp) + s(pbl00) + s(jd) + s(tmin2m), data = .)        1179.764
gam(log(value) ~ s(nirradiance) + s(sp) + s(pbl00) + s(jd) + s(tmin2m), data = .) 1270.784
gam(log(value) ~ s(pblmin) + s(sp) + s(pbl00) + s(jd) + s(tmin2m), data = .)      1226.284
gam(log(value) ~ s(pblmax) + s(sp) + s(pbl00) + s(jd) + s(tmin2m), data = .)      1171.207
gam(log(value) ~ s(wdir) + s(sp) + s(pbl00) + s(jd) + s(tmin2m), data = .)        1195.556
gam(log(value) ~ s(wspeed) + s(sp) + s(pbl00) + s(jd) + s(tmin2m), data = .)      1270.592
gam(log(value) ~ s(pwspeed) + s(sp) + s(pbl00) + s(jd) + s(tmin2m), data = .)     1293.906

Modello migliore: pblmax - sp - pbl00 - jd - tmin2m 

Dati backward:  1171.2065046139::pblmax::sp::pbl00::jd::tmin2m 

Scelgo il modello N 

---------- START ---------- 

                                                                                              IT0825A
gam(log(value) ~ s(t2m) + s(sp) + s(pbl00) + s(jd) + s(pbl12) + s(tmin2m), data = .)         1183.404
gam(log(value) ~ s(tmax2m) + s(sp) + s(pbl00) + s(jd) + s(pbl12) + s(tmin2m), data = .)      1173.874
gam(log(value) ~ s(tp) + s(sp) + s(pbl00) + s(jd) + s(pbl12) + s(tmin2m), data = .)          1133.984
gam(log(value) ~ s(ptp) + s(sp) + s(pbl00) + s(jd) + s(pbl12) + s(tmin2m), data = .)         1142.419
gam(log(value) ~ s(rh) + s(sp) + s(pbl00) + s(jd) + s(pbl12) + s(tmin2m), data = .)          1172.814
gam(log(value) ~ s(u10m) + s(sp) + s(pbl00) + s(jd) + s(pbl12) + s(tmin2m), data = .)        1143.221
gam(log(value) ~ s(v10m) + s(sp) + s(pbl00) + s(jd) + s(pbl12) + s(tmin2m), data = .)        1111.337
gam(log(value) ~ s(nirradiance) + s(sp) + s(pbl00) + s(jd) + s(pbl12) + s(tmin2m), data = .) 1187.632
gam(log(value) ~ s(pblmin) + s(sp) + s(pbl00) + s(jd) + s(pbl12) + s(tmin2m), data = .)      1145.441
gam(log(value) ~ s(pblmax) + s(sp) + s(pbl00) + s(jd) + s(pbl12) + s(tmin2m), data = .)      1172.063
gam(log(value) ~ s(wdir) + s(sp) + s(pbl00) + s(jd) + s(pbl12) + s(tmin2m), data = .)        1125.801
gam(log(value) ~ s(wspeed) + s(sp) + s(pbl00) + s(jd) + s(pbl12) + s(tmin2m), data = .)      1188.404
gam(log(value) ~ s(pwspeed) + s(sp) + s(pbl00) + s(jd) + s(pbl12) + s(tmin2m), data = .)     1191.745

Modello migliore: v10m - sp - pbl00 - jd - pbl12 - tmin2m 

Variabile scelta v10m con AIC 1111.33714397929  

Modelli BACKWARD 

                                                                                            IT0825A
gam(log(value) ~ s(t2m) + s(sp) + s(pbl00) + s(jd) + s(pbl12) + s(v10m), data = .)         1120.222
gam(log(value) ~ s(tmax2m) + s(sp) + s(pbl00) + s(jd) + s(pbl12) + s(v10m), data = .)      1162.682
gam(log(value) ~ s(tp) + s(sp) + s(pbl00) + s(jd) + s(pbl12) + s(v10m), data = .)          1112.190
gam(log(value) ~ s(ptp) + s(sp) + s(pbl00) + s(jd) + s(pbl12) + s(v10m), data = .)         1158.284
gam(log(value) ~ s(rh) + s(sp) + s(pbl00) + s(jd) + s(pbl12) + s(v10m), data = .)          1181.522
gam(log(value) ~ s(u10m) + s(sp) + s(pbl00) + s(jd) + s(pbl12) + s(v10m), data = .)        1177.878
gam(log(value) ~ s(nirradiance) + s(sp) + s(pbl00) + s(jd) + s(pbl12) + s(v10m), data = .) 1195.770
gam(log(value) ~ s(pblmin) + s(sp) + s(pbl00) + s(jd) + s(pbl12) + s(v10m), data = .)      1189.080
gam(log(value) ~ s(pblmax) + s(sp) + s(pbl00) + s(jd) + s(pbl12) + s(v10m), data = .)      1217.719
gam(log(value) ~ s(wdir) + s(sp) + s(pbl00) + s(jd) + s(pbl12) + s(v10m), data = .)        1211.895
gam(log(value) ~ s(wspeed) + s(sp) + s(pbl00) + s(jd) + s(pbl12) + s(v10m), data = .)      1219.085
gam(log(value) ~ s(pwspeed) + s(sp) + s(pbl00) + s(jd) + s(pbl12) + s(v10m), data = .)     1217.521

Modello migliore: tp - sp - pbl00 - jd - pbl12 - v10m 

Dati backward:  1112.19009826986::tp::sp::pbl00::jd::pbl12::v10m 

Scelgo il modello N 

---------- START ---------- 

                                                                                                        IT0825A
gam(log(value) ~ s(t2m) + s(sp) + s(pbl00) + s(jd) + s(pbl12) + s(tmin2m) + s(v10m), data = .)         1098.228
gam(log(value) ~ s(tmax2m) + s(sp) + s(pbl00) + s(jd) + s(pbl12) + s(tmin2m) + s(v10m), data = .)      1076.740
gam(log(value) ~ s(tp) + s(sp) + s(pbl00) + s(jd) + s(pbl12) + s(tmin2m) + s(v10m), data = .)          1023.358
gam(log(value) ~ s(ptp) + s(sp) + s(pbl00) + s(jd) + s(pbl12) + s(tmin2m) + s(v10m), data = .)         1071.033
gam(log(value) ~ s(rh) + s(sp) + s(pbl00) + s(jd) + s(pbl12) + s(tmin2m) + s(v10m), data = .)          1099.434
gam(log(value) ~ s(u10m) + s(sp) + s(pbl00) + s(jd) + s(pbl12) + s(tmin2m) + s(v10m), data = .)        1063.516
gam(log(value) ~ s(nirradiance) + s(sp) + s(pbl00) + s(jd) + s(pbl12) + s(tmin2m) + s(v10m), data = .) 1104.124
gam(log(value) ~ s(pblmin) + s(sp) + s(pbl00) + s(jd) + s(pbl12) + s(tmin2m) + s(v10m), data = .)      1075.451
gam(log(value) ~ s(pblmax) + s(sp) + s(pbl00) + s(jd) + s(pbl12) + s(tmin2m) + s(v10m), data = .)      1101.441
gam(log(value) ~ s(wdir) + s(sp) + s(pbl00) + s(jd) + s(pbl12) + s(tmin2m) + s(v10m), data = .)        1095.159
gam(log(value) ~ s(wspeed) + s(sp) + s(pbl00) + s(jd) + s(pbl12) + s(tmin2m) + s(v10m), data = .)      1111.562
gam(log(value) ~ s(pwspeed) + s(sp) + s(pbl00) + s(jd) + s(pbl12) + s(tmin2m) + s(v10m), data = .)     1109.847

Modello migliore: tp - sp - pbl00 - jd - pbl12 - tmin2m - v10m 

Variabile scelta tp con AIC 1023.35798309038  

Modelli BACKWARD 

                                                                                                      IT0825A
gam(log(value) ~ s(t2m) + s(sp) + s(pbl00) + s(jd) + s(pbl12) + s(tmin2m) + s(tp), data = .)         1126.402
gam(log(value) ~ s(tmax2m) + s(sp) + s(pbl00) + s(jd) + s(pbl12) + s(tmin2m) + s(tp), data = .)      1121.785
gam(log(value) ~ s(ptp) + s(sp) + s(pbl00) + s(jd) + s(pbl12) + s(tmin2m) + s(tp), data = .)         1089.280
gam(log(value) ~ s(rh) + s(sp) + s(pbl00) + s(jd) + s(pbl12) + s(tmin2m) + s(tp), data = .)          1100.330
gam(log(value) ~ s(u10m) + s(sp) + s(pbl00) + s(jd) + s(pbl12) + s(tmin2m) + s(tp), data = .)        1060.390
gam(log(value) ~ s(nirradiance) + s(sp) + s(pbl00) + s(jd) + s(pbl12) + s(tmin2m) + s(tp), data = .) 1130.259
gam(log(value) ~ s(pblmin) + s(sp) + s(pbl00) + s(jd) + s(pbl12) + s(tmin2m) + s(tp), data = .)      1095.369
gam(log(value) ~ s(pblmax) + s(sp) + s(pbl00) + s(jd) + s(pbl12) + s(tmin2m) + s(tp), data = .)      1111.965
gam(log(value) ~ s(wdir) + s(sp) + s(pbl00) + s(jd) + s(pbl12) + s(tmin2m) + s(tp), data = .)        1041.037
gam(log(value) ~ s(wspeed) + s(sp) + s(pbl00) + s(jd) + s(pbl12) + s(tmin2m) + s(tp), data = .)      1134.220
gam(log(value) ~ s(pwspeed) + s(sp) + s(pbl00) + s(jd) + s(pbl12) + s(tmin2m) + s(tp), data = .)     1131.567

Modello migliore: wdir - sp - pbl00 - jd - pbl12 - tmin2m - tp 

Dati backward:  1041.0371801077::wdir::sp::pbl00::jd::pbl12::tmin2m::tp 

Scelgo il modello N 

---------- START ---------- 

                                                                                                                 IT0825A
gam(log(value) ~ s(t2m) + s(sp) + s(pbl00) + s(jd) + s(pbl12) + s(tmin2m) + s(v10m) + s(tp), data = .)         1022.3709
gam(log(value) ~ s(tmax2m) + s(sp) + s(pbl00) + s(jd) + s(pbl12) + s(tmin2m) + s(v10m) + s(tp), data = .)      1011.1162
gam(log(value) ~ s(ptp) + s(sp) + s(pbl00) + s(jd) + s(pbl12) + s(tmin2m) + s(v10m) + s(tp), data = .)          995.3044
gam(log(value) ~ s(rh) + s(sp) + s(pbl00) + s(jd) + s(pbl12) + s(tmin2m) + s(v10m) + s(tp), data = .)          1017.8012
gam(log(value) ~ s(u10m) + s(sp) + s(pbl00) + s(jd) + s(pbl12) + s(tmin2m) + s(v10m) + s(tp), data = .)         965.1207
gam(log(value) ~ s(nirradiance) + s(sp) + s(pbl00) + s(jd) + s(pbl12) + s(tmin2m) + s(v10m) + s(tp), data = .) 1023.9094
gam(log(value) ~ s(pblmin) + s(sp) + s(pbl00) + s(jd) + s(pbl12) + s(tmin2m) + s(v10m) + s(tp), data = .)       993.5668
gam(log(value) ~ s(pblmax) + s(sp) + s(pbl00) + s(jd) + s(pbl12) + s(tmin2m) + s(v10m) + s(tp), data = .)      1014.1012
gam(log(value) ~ s(wdir) + s(sp) + s(pbl00) + s(jd) + s(pbl12) + s(tmin2m) + s(v10m) + s(tp), data = .)        1001.1702
gam(log(value) ~ s(wspeed) + s(sp) + s(pbl00) + s(jd) + s(pbl12) + s(tmin2m) + s(v10m) + s(tp), data = .)      1021.3100
gam(log(value) ~ s(pwspeed) + s(sp) + s(pbl00) + s(jd) + s(pbl12) + s(tmin2m) + s(v10m) + s(tp), data = .)     1018.9698

Modello migliore: u10m - sp - pbl00 - jd - pbl12 - tmin2m - v10m - tp 

Variabile scelta u10m con AIC 965.120683499322  

Modelli BACKWARD 

                                                                                                                  IT0825A
gam(log(value) ~ s(t2m) + s(sp) + s(pbl00) + s(jd) + s(pbl12) + s(tmin2m) + s(v10m) + s(u10m), data = .)         1048.951
gam(log(value) ~ s(tmax2m) + s(sp) + s(pbl00) + s(jd) + s(pbl12) + s(tmin2m) + s(v10m) + s(u10m), data = .)      1033.086
gam(log(value) ~ s(ptp) + s(sp) + s(pbl00) + s(jd) + s(pbl12) + s(tmin2m) + s(v10m) + s(u10m), data = .)         1027.958
gam(log(value) ~ s(rh) + s(sp) + s(pbl00) + s(jd) + s(pbl12) + s(tmin2m) + s(v10m) + s(u10m), data = .)          1055.860
gam(log(value) ~ s(nirradiance) + s(sp) + s(pbl00) + s(jd) + s(pbl12) + s(tmin2m) + s(v10m) + s(u10m), data = .) 1049.627
gam(log(value) ~ s(pblmin) + s(sp) + s(pbl00) + s(jd) + s(pbl12) + s(tmin2m) + s(v10m) + s(u10m), data = .)      1016.360
gam(log(value) ~ s(pblmax) + s(sp) + s(pbl00) + s(jd) + s(pbl12) + s(tmin2m) + s(v10m) + s(u10m), data = .)      1054.394
gam(log(value) ~ s(wdir) + s(sp) + s(pbl00) + s(jd) + s(pbl12) + s(tmin2m) + s(v10m) + s(u10m), data = .)        1063.527
gam(log(value) ~ s(wspeed) + s(sp) + s(pbl00) + s(jd) + s(pbl12) + s(tmin2m) + s(v10m) + s(u10m), data = .)      1059.531
gam(log(value) ~ s(pwspeed) + s(sp) + s(pbl00) + s(jd) + s(pbl12) + s(tmin2m) + s(v10m) + s(u10m), data = .)     1059.918

Modello migliore: pblmin - sp - pbl00 - jd - pbl12 - tmin2m - v10m - u10m 

Dati backward:  1016.35977594646::pblmin::sp::pbl00::jd::pbl12::tmin2m::v10m::u10m 

Scelgo il modello N 

---------- START ---------- 

                                                                                                                          IT0825A
gam(log(value) ~ s(t2m) + s(sp) + s(pbl00) + s(jd) + s(pbl12) + s(tmin2m) + s(v10m) + s(tp) + s(u10m), data = .)         965.0914
gam(log(value) ~ s(tmax2m) + s(sp) + s(pbl00) + s(jd) + s(pbl12) + s(tmin2m) + s(v10m) + s(tp) + s(u10m), data = .)      957.3904
gam(log(value) ~ s(ptp) + s(sp) + s(pbl00) + s(jd) + s(pbl12) + s(tmin2m) + s(v10m) + s(tp) + s(u10m), data = .)         942.7849
gam(log(value) ~ s(rh) + s(sp) + s(pbl00) + s(jd) + s(pbl12) + s(tmin2m) + s(v10m) + s(tp) + s(u10m), data = .)          957.0600
gam(log(value) ~ s(nirradiance) + s(sp) + s(pbl00) + s(jd) + s(pbl12) + s(tmin2m) + s(v10m) + s(tp) + s(u10m), data = .) 966.9640
gam(log(value) ~ s(pblmin) + s(sp) + s(pbl00) + s(jd) + s(pbl12) + s(tmin2m) + s(v10m) + s(tp) + s(u10m), data = .)      929.0442
gam(log(value) ~ s(pblmax) + s(sp) + s(pbl00) + s(jd) + s(pbl12) + s(tmin2m) + s(v10m) + s(tp) + s(u10m), data = .)      957.4550
gam(log(value) ~ s(wdir) + s(sp) + s(pbl00) + s(jd) + s(pbl12) + s(tmin2m) + s(v10m) + s(tp) + s(u10m), data = .)        966.4570
gam(log(value) ~ s(wspeed) + s(sp) + s(pbl00) + s(jd) + s(pbl12) + s(tmin2m) + s(v10m) + s(tp) + s(u10m), data = .)      963.8690
gam(log(value) ~ s(pwspeed) + s(sp) + s(pbl00) + s(jd) + s(pbl12) + s(tmin2m) + s(v10m) + s(tp) + s(u10m), data = .)     956.6034

Modello migliore: pblmin - sp - pbl00 - jd - pbl12 - tmin2m - v10m - tp - u10m 

Variabile scelta pblmin con AIC 929.044245815402  

Modelli BACKWARD 

                                                                                                                            IT0825A
gam(log(value) ~ s(t2m) + s(sp) + s(pbl00) + s(jd) + s(pbl12) + s(tmin2m) + s(v10m) + s(tp) + s(pblmin), data = .)         995.6429
gam(log(value) ~ s(tmax2m) + s(sp) + s(pbl00) + s(jd) + s(pbl12) + s(tmin2m) + s(v10m) + s(tp) + s(pblmin), data = .)      987.8563
gam(log(value) ~ s(ptp) + s(sp) + s(pbl00) + s(jd) + s(pbl12) + s(tmin2m) + s(v10m) + s(tp) + s(pblmin), data = .)         968.4044
gam(log(value) ~ s(rh) + s(sp) + s(pbl00) + s(jd) + s(pbl12) + s(tmin2m) + s(v10m) + s(tp) + s(pblmin), data = .)          986.7921
gam(log(value) ~ s(nirradiance) + s(sp) + s(pbl00) + s(jd) + s(pbl12) + s(tmin2m) + s(v10m) + s(tp) + s(pblmin), data = .) 995.4979
gam(log(value) ~ s(pblmax) + s(sp) + s(pbl00) + s(jd) + s(pbl12) + s(tmin2m) + s(v10m) + s(tp) + s(pblmin), data = .)      984.4607
gam(log(value) ~ s(wdir) + s(sp) + s(pbl00) + s(jd) + s(pbl12) + s(tmin2m) + s(v10m) + s(tp) + s(pblmin), data = .)        970.9398
gam(log(value) ~ s(wspeed) + s(sp) + s(pbl00) + s(jd) + s(pbl12) + s(tmin2m) + s(v10m) + s(tp) + s(pblmin), data = .)      987.4886
gam(log(value) ~ s(pwspeed) + s(sp) + s(pbl00) + s(jd) + s(pbl12) + s(tmin2m) + s(v10m) + s(tp) + s(pblmin), data = .)     990.5276

Modello migliore: ptp - sp - pbl00 - jd - pbl12 - tmin2m - v10m - tp - pblmin 

Dati backward:  968.404435927893::ptp::sp::pbl00::jd::pbl12::tmin2m::v10m::tp::pblmin 

Scelgo il modello N 

---------- START ---------- 

                                                                                                                                      IT0825A
gam(log(value) ~ s(t2m) + s(sp) + s(pbl00) + s(jd) + s(pbl12) + s(tmin2m) + s(v10m) + s(tp) + s(u10m) + s(pblmin), data = .)         930.0145
gam(log(value) ~ s(tmax2m) + s(sp) + s(pbl00) + s(jd) + s(pbl12) + s(tmin2m) + s(v10m) + s(tp) + s(u10m) + s(pblmin), data = .)      923.9424
gam(log(value) ~ s(ptp) + s(sp) + s(pbl00) + s(jd) + s(pbl12) + s(tmin2m) + s(v10m) + s(tp) + s(u10m) + s(pblmin), data = .)         905.6729
gam(log(value) ~ s(rh) + s(sp) + s(pbl00) + s(jd) + s(pbl12) + s(tmin2m) + s(v10m) + s(tp) + s(u10m) + s(pblmin), data = .)          911.7861
gam(log(value) ~ s(nirradiance) + s(sp) + s(pbl00) + s(jd) + s(pbl12) + s(tmin2m) + s(v10m) + s(tp) + s(u10m) + s(pblmin), data = .) 929.7802
gam(log(value) ~ s(pblmax) + s(sp) + s(pbl00) + s(jd) + s(pbl12) + s(tmin2m) + s(v10m) + s(tp) + s(u10m) + s(pblmin), data = .)      921.0704
gam(log(value) ~ s(wdir) + s(sp) + s(pbl00) + s(jd) + s(pbl12) + s(tmin2m) + s(v10m) + s(tp) + s(u10m) + s(pblmin), data = .)        930.7171
gam(log(value) ~ s(wspeed) + s(sp) + s(pbl00) + s(jd) + s(pbl12) + s(tmin2m) + s(v10m) + s(tp) + s(u10m) + s(pblmin), data = .)      922.9673
gam(log(value) ~ s(pwspeed) + s(sp) + s(pbl00) + s(jd) + s(pbl12) + s(tmin2m) + s(v10m) + s(tp) + s(u10m) + s(pblmin), data = .)     922.7137

Modello migliore: ptp - sp - pbl00 - jd - pbl12 - tmin2m - v10m - tp - u10m - pblmin 

Variabile scelta ptp con AIC 905.672865770439  

Modelli BACKWARD 

                                                                                                                                   IT0825A
gam(log(value) ~ s(t2m) + s(sp) + s(pbl00) + s(jd) + s(pbl12) + s(tmin2m) + s(v10m) + s(tp) + s(u10m) + s(ptp), data = .)         942.9160
gam(log(value) ~ s(tmax2m) + s(sp) + s(pbl00) + s(jd) + s(pbl12) + s(tmin2m) + s(v10m) + s(tp) + s(u10m) + s(ptp), data = .)      937.6289
gam(log(value) ~ s(rh) + s(sp) + s(pbl00) + s(jd) + s(pbl12) + s(tmin2m) + s(v10m) + s(tp) + s(u10m) + s(ptp), data = .)          922.3661
gam(log(value) ~ s(nirradiance) + s(sp) + s(pbl00) + s(jd) + s(pbl12) + s(tmin2m) + s(v10m) + s(tp) + s(u10m) + s(ptp), data = .) 944.6666
gam(log(value) ~ s(pblmax) + s(sp) + s(pbl00) + s(jd) + s(pbl12) + s(tmin2m) + s(v10m) + s(tp) + s(u10m) + s(ptp), data = .)      933.4442
gam(log(value) ~ s(wdir) + s(sp) + s(pbl00) + s(jd) + s(pbl12) + s(tmin2m) + s(v10m) + s(tp) + s(u10m) + s(ptp), data = .)        943.8995
gam(log(value) ~ s(wspeed) + s(sp) + s(pbl00) + s(jd) + s(pbl12) + s(tmin2m) + s(v10m) + s(tp) + s(u10m) + s(ptp), data = .)      937.4946
gam(log(value) ~ s(pwspeed) + s(sp) + s(pbl00) + s(jd) + s(pbl12) + s(tmin2m) + s(v10m) + s(tp) + s(u10m) + s(ptp), data = .)     938.2904

Modello migliore: rh - sp - pbl00 - jd - pbl12 - tmin2m - v10m - tp - u10m - ptp 

Dati backward:  922.366056149353::rh::sp::pbl00::jd::pbl12::tmin2m::v10m::tp::u10m::ptp 

Scelgo il modello N 

---------- START ---------- 

                                                                                                                                               IT0825A
gam(log(value) ~ s(t2m) + s(sp) + s(pbl00) + s(jd) + s(pbl12) + s(tmin2m) + s(v10m) + s(tp) + s(u10m) + s(pblmin) + s(ptp), data = .)         906.2919
gam(log(value) ~ s(tmax2m) + s(sp) + s(pbl00) + s(jd) + s(pbl12) + s(tmin2m) + s(v10m) + s(tp) + s(u10m) + s(pblmin) + s(ptp), data = .)      904.1359
gam(log(value) ~ s(rh) + s(sp) + s(pbl00) + s(jd) + s(pbl12) + s(tmin2m) + s(v10m) + s(tp) + s(u10m) + s(pblmin) + s(ptp), data = .)          874.9815
gam(log(value) ~ s(nirradiance) + s(sp) + s(pbl00) + s(jd) + s(pbl12) + s(tmin2m) + s(v10m) + s(tp) + s(u10m) + s(pblmin) + s(ptp), data = .) 910.2104
gam(log(value) ~ s(pblmax) + s(sp) + s(pbl00) + s(jd) + s(pbl12) + s(tmin2m) + s(v10m) + s(tp) + s(u10m) + s(pblmin) + s(ptp), data = .)      897.3400
gam(log(value) ~ s(wdir) + s(sp) + s(pbl00) + s(jd) + s(pbl12) + s(tmin2m) + s(v10m) + s(tp) + s(u10m) + s(pblmin) + s(ptp), data = .)        907.4756
gam(log(value) ~ s(wspeed) + s(sp) + s(pbl00) + s(jd) + s(pbl12) + s(tmin2m) + s(v10m) + s(tp) + s(u10m) + s(pblmin) + s(ptp), data = .)      902.5087
gam(log(value) ~ s(pwspeed) + s(sp) + s(pbl00) + s(jd) + s(pbl12) + s(tmin2m) + s(v10m) + s(tp) + s(u10m) + s(pblmin) + s(ptp), data = .)     901.8658

Modello migliore: rh - sp - pbl00 - jd - pbl12 - tmin2m - v10m - tp - u10m - pblmin - ptp 

Variabile scelta rh con AIC 874.981511930198  

Modelli BACKWARD 

                                                                                                                                              IT0825A
gam(log(value) ~ s(t2m) + s(sp) + s(pbl00) + s(jd) + s(pbl12) + s(tmin2m) + s(v10m) + s(tp) + s(u10m) + s(pblmin) + s(rh), data = .)         903.6970
gam(log(value) ~ s(tmax2m) + s(sp) + s(pbl00) + s(jd) + s(pbl12) + s(tmin2m) + s(v10m) + s(tp) + s(u10m) + s(pblmin) + s(rh), data = .)      892.8147
gam(log(value) ~ s(nirradiance) + s(sp) + s(pbl00) + s(jd) + s(pbl12) + s(tmin2m) + s(v10m) + s(tp) + s(u10m) + s(pblmin) + s(rh), data = .) 908.6480
gam(log(value) ~ s(pblmax) + s(sp) + s(pbl00) + s(jd) + s(pbl12) + s(tmin2m) + s(v10m) + s(tp) + s(u10m) + s(pblmin) + s(rh), data = .)      905.8205
gam(log(value) ~ s(wdir) + s(sp) + s(pbl00) + s(jd) + s(pbl12) + s(tmin2m) + s(v10m) + s(tp) + s(u10m) + s(pblmin) + s(rh), data = .)        913.6716
gam(log(value) ~ s(wspeed) + s(sp) + s(pbl00) + s(jd) + s(pbl12) + s(tmin2m) + s(v10m) + s(tp) + s(u10m) + s(pblmin) + s(rh), data = .)      904.7618
gam(log(value) ~ s(pwspeed) + s(sp) + s(pbl00) + s(jd) + s(pbl12) + s(tmin2m) + s(v10m) + s(tp) + s(u10m) + s(pblmin) + s(rh), data = .)     905.5722

Modello migliore: tmax2m - sp - pbl00 - jd - pbl12 - tmin2m - v10m - tp - u10m - pblmin - rh 

Dati backward:  892.814720266698::tmax2m::sp::pbl00::jd::pbl12::tmin2m::v10m::tp::u10m::pblmin::rh 

Scelgo il modello N 

---------- START ---------- 

                                                                                                                                                       IT0825A
gam(log(value) ~ s(t2m) + s(sp) + s(pbl00) + s(jd) + s(pbl12) + s(tmin2m) + s(v10m) + s(tp) + s(u10m) + s(pblmin) + s(ptp) + s(rh), data = .)         867.0842
gam(log(value) ~ s(tmax2m) + s(sp) + s(pbl00) + s(jd) + s(pbl12) + s(tmin2m) + s(v10m) + s(tp) + s(u10m) + s(pblmin) + s(ptp) + s(rh), data = .)      856.9418
gam(log(value) ~ s(nirradiance) + s(sp) + s(pbl00) + s(jd) + s(pbl12) + s(tmin2m) + s(v10m) + s(tp) + s(u10m) + s(pblmin) + s(ptp) + s(rh), data = .) 870.6111
gam(log(value) ~ s(pblmax) + s(sp) + s(pbl00) + s(jd) + s(pbl12) + s(tmin2m) + s(v10m) + s(tp) + s(u10m) + s(pblmin) + s(ptp) + s(rh), data = .)      870.4176
gam(log(value) ~ s(wdir) + s(sp) + s(pbl00) + s(jd) + s(pbl12) + s(tmin2m) + s(v10m) + s(tp) + s(u10m) + s(pblmin) + s(ptp) + s(rh), data = .)        877.0795
gam(log(value) ~ s(wspeed) + s(sp) + s(pbl00) + s(jd) + s(pbl12) + s(tmin2m) + s(v10m) + s(tp) + s(u10m) + s(pblmin) + s(ptp) + s(rh), data = .)      866.2867
gam(log(value) ~ s(pwspeed) + s(sp) + s(pbl00) + s(jd) + s(pbl12) + s(tmin2m) + s(v10m) + s(tp) + s(u10m) + s(pblmin) + s(ptp) + s(rh), data = .)     871.3136

Modello migliore: tmax2m - sp - pbl00 - jd - pbl12 - tmin2m - v10m - tp - u10m - pblmin - ptp - rh 

Variabile scelta tmax2m con AIC 856.941830222048  

Modelli BACKWARD 

                                                                                                                                                           IT0825A
gam(log(value) ~ s(t2m) + s(sp) + s(pbl00) + s(jd) + s(pbl12) + s(tmin2m) + s(v10m) + s(tp) + s(u10m) + s(pblmin) + s(ptp) + s(tmax2m), data = .)         893.2944
gam(log(value) ~ s(nirradiance) + s(sp) + s(pbl00) + s(jd) + s(pbl12) + s(tmin2m) + s(v10m) + s(tp) + s(u10m) + s(pblmin) + s(ptp) + s(tmax2m), data = .) 901.3457
gam(log(value) ~ s(pblmax) + s(sp) + s(pbl00) + s(jd) + s(pbl12) + s(tmin2m) + s(v10m) + s(tp) + s(u10m) + s(pblmin) + s(ptp) + s(tmax2m), data = .)      895.3045
gam(log(value) ~ s(wdir) + s(sp) + s(pbl00) + s(jd) + s(pbl12) + s(tmin2m) + s(v10m) + s(tp) + s(u10m) + s(pblmin) + s(ptp) + s(tmax2m), data = .)        905.9696
gam(log(value) ~ s(wspeed) + s(sp) + s(pbl00) + s(jd) + s(pbl12) + s(tmin2m) + s(v10m) + s(tp) + s(u10m) + s(pblmin) + s(ptp) + s(tmax2m), data = .)      898.5436
gam(log(value) ~ s(pwspeed) + s(sp) + s(pbl00) + s(jd) + s(pbl12) + s(tmin2m) + s(v10m) + s(tp) + s(u10m) + s(pblmin) + s(ptp) + s(tmax2m), data = .)     899.4086

Modello migliore: t2m - sp - pbl00 - jd - pbl12 - tmin2m - v10m - tp - u10m - pblmin - ptp - tmax2m 

[1] "Dati backward:  893.294429265623::t2m::sp::pbl00::jd::pbl12::tmin2m::v10m::tp::u10m::pblmin::ptp::tmax2m"

Scelgo il modello N-1 

---------- START ---------- 

                                                                                                                                                       IT0825A
gam(log(value) ~ s(t2m) + s(sp) + s(pbl00) + s(jd) + s(pbl12) + s(tmin2m) + s(v10m) + s(tp) + s(u10m) + s(pblmin) + s(ptp) + s(rh), data = .)         867.0842
gam(log(value) ~ s(nirradiance) + s(sp) + s(pbl00) + s(jd) + s(pbl12) + s(tmin2m) + s(v10m) + s(tp) + s(u10m) + s(pblmin) + s(ptp) + s(rh), data = .) 870.6111
gam(log(value) ~ s(pblmax) + s(sp) + s(pbl00) + s(jd) + s(pbl12) + s(tmin2m) + s(v10m) + s(tp) + s(u10m) + s(pblmin) + s(ptp) + s(rh), data = .)      870.4176
gam(log(value) ~ s(wdir) + s(sp) + s(pbl00) + s(jd) + s(pbl12) + s(tmin2m) + s(v10m) + s(tp) + s(u10m) + s(pblmin) + s(ptp) + s(rh), data = .)        877.0795
gam(log(value) ~ s(wspeed) + s(sp) + s(pbl00) + s(jd) + s(pbl12) + s(tmin2m) + s(v10m) + s(tp) + s(u10m) + s(pblmin) + s(ptp) + s(rh), data = .)      866.2867
gam(log(value) ~ s(pwspeed) + s(sp) + s(pbl00) + s(jd) + s(pbl12) + s(tmin2m) + s(v10m) + s(tp) + s(u10m) + s(pblmin) + s(ptp) + s(rh), data = .)     871.3136

Modello migliore: wspeed - sp - pbl00 - jd - pbl12 - tmin2m - v10m - tp - u10m - pblmin - ptp - rh 

Variabile scelta wspeed con AIC 866.286662810856  

Fine per scelta MODELLO 

sp + pbl00 + jd + pbl12 + tmin2m + v10m + tp + u10m + pblmin + ptp + rh 

---------------------- 

NOTE: Log Print Time:  2021-05-11 13:12:29 
NOTE: Elapsed Time in seconds: 2.5466525276502 

Fine per scelta MODELLO 

sp + pbl00 + jd + pbl12 + tmin2m + v10m + tp + u10m + pblmin + ptp + rh 

---------------------- 

NOTE: Log Print Time:  2021-05-11 13:12:29 
NOTE: Elapsed Time in seconds: 0.0011603832244873 

Fine per scelta MODELLO 

sp + pbl00 + jd + pbl12 + tmin2m + v10m + tp + u10m + pblmin + ptp + rh 

---------------------- 

NOTE: Log Print Time:  2021-05-11 13:12:29 
NOTE: Elapsed Time in seconds: 0.00101995468139648 

Fine per scelta MODELLO 

sp + pbl00 + jd + pbl12 + tmin2m + v10m + tp + u10m + pblmin + ptp + rh 

---------------------- 

NOTE: Log Print Time:  2021-05-11 13:12:29 
NOTE: Elapsed Time in seconds: 0.00100207328796387 

Fine per scelta MODELLO 

sp + pbl00 + jd + pbl12 + tmin2m + v10m + tp + u10m + pblmin + ptp + rh 

---------------------- 

NOTE: Log Print Time:  2021-05-11 13:12:29 
NOTE: Elapsed Time in seconds: 0.00101852416992188 

Fine per scelta MODELLO 

sp + pbl00 + jd + pbl12 + tmin2m + v10m + tp + u10m + pblmin + ptp + rh 

---------------------- 

NOTE: Log Print Time:  2021-05-11 13:12:29 
NOTE: Elapsed Time in seconds: 0.00100135803222656 

Fine per scelta MODELLO 

sp + pbl00 + jd + pbl12 + tmin2m + v10m + tp + u10m + pblmin + ptp + rh 

---------------------- 

NOTE: Log Print Time:  2021-05-11 13:12:29 
NOTE: Elapsed Time in seconds: 0.000994443893432617 

Fine per scelta MODELLO 

sp + pbl00 + jd + pbl12 + tmin2m + v10m + tp + u10m + pblmin + ptp + rh 

---------------------- 

NOTE: Log Print Time:  2021-05-11 13:12:29 
NOTE: Elapsed Time in seconds: 0.000991106033325195 

Fine per scelta MODELLO 

sp + pbl00 + jd + pbl12 + tmin2m + v10m + tp + u10m + pblmin + ptp + rh 

---------------------- 

NOTE: Log Print Time:  2021-05-11 13:12:29 
NOTE: Elapsed Time in seconds: 0.00101137161254883 

Fine per scelta MODELLO 

sp + pbl00 + jd + pbl12 + tmin2m + v10m + tp + u10m + pblmin + ptp + rh 

---------------------- 

NOTE: Log Print Time:  2021-05-11 13:12:29 
NOTE: Elapsed Time in seconds: 0.00103998184204102 

Fine per scelta MODELLO 

sp + pbl00 + jd + pbl12 + tmin2m + v10m + tp + u10m + pblmin + ptp + rh 

---------------------- 

NOTE: Log Print Time:  2021-05-11 13:12:29 
NOTE: Elapsed Time in seconds: 0.00100517272949219 

Fine per scelta MODELLO 

sp + pbl00 + jd + pbl12 + tmin2m + v10m + tp + u10m + pblmin + ptp + rh 

---------------------- 

NOTE: Log Print Time:  2021-05-11 13:12:29 
NOTE: Elapsed Time in seconds: 0.000992536544799805 

========================================================================= 
Log End Time: 2021-05-11 13:12:29 
Log Elapsed Time: 0 00:00:02 
========================================================================= 
