========================================================================= 
Log Path: output/12/pm25/log/pulvirus_pm25_12_IT1906A.log 
Working Directory: /home/rmorelli/R/pulvirus/analisi/GAM/scelta 
User Name: rmorelli 
R Version: 4.0.5 (2021-03-31) 
Machine: pasqualino x86_64 
Operating System: Linux 4.19.0-13-amd64 #1 SMP Debian 4.19.160-2 (2020-11-28) 
Log Start Time: 2021-05-11 13:19:29 
========================================================================= 

Stazione: IT1906A 

---------- START ---------- 

                                            IT1906A
gam(log(value) ~ s(t2m), data = .)         2436.723
gam(log(value) ~ s(tmin2m), data = .)      2404.440
gam(log(value) ~ s(tmax2m), data = .)      2553.526
gam(log(value) ~ s(tp), data = .)          2572.704
gam(log(value) ~ s(ptp), data = .)         2509.539
gam(log(value) ~ s(rh), data = .)          2605.110
gam(log(value) ~ s(u10m), data = .)        2476.887
gam(log(value) ~ s(v10m), data = .)        2557.245
gam(log(value) ~ s(sp), data = .)          2283.965
gam(log(value) ~ s(nirradiance), data = .) 2514.210
gam(log(value) ~ s(pbl00), data = .)       2388.912
gam(log(value) ~ s(pbl12), data = .)       2283.252
gam(log(value) ~ s(pblmin), data = .)      2393.094
gam(log(value) ~ s(pblmax), data = .)      2282.494
gam(log(value) ~ s(wdir), data = .)        2401.870
gam(log(value) ~ s(wspeed), data = .)      2586.597
gam(log(value) ~ s(pwspeed), data = .)     2632.735
gam(log(value) ~ s(jd), data = .)          2384.320

Modello migliore: pblmax 

Variabile scelta pblmax con AIC 2282.4935475676  

---------- START ---------- 

                                                        IT1906A
gam(log(value) ~ s(t2m) + s(pblmax), data = .)         2179.602
gam(log(value) ~ s(tmin2m) + s(pblmax), data = .)      2148.538
gam(log(value) ~ s(tmax2m) + s(pblmax), data = .)      2239.228
gam(log(value) ~ s(tp) + s(pblmax), data = .)          2037.044
gam(log(value) ~ s(ptp) + s(pblmax), data = .)         2029.856
gam(log(value) ~ s(rh) + s(pblmax), data = .)          2219.903
gam(log(value) ~ s(u10m) + s(pblmax), data = .)        2203.210
gam(log(value) ~ s(v10m) + s(pblmax), data = .)        2166.818
gam(log(value) ~ s(sp) + s(pblmax), data = .)          2028.964
gam(log(value) ~ s(nirradiance) + s(pblmax), data = .) 2223.227
gam(log(value) ~ s(pbl00) + s(pblmax), data = .)       1934.085
gam(log(value) ~ s(pbl12) + s(pblmax), data = .)       2260.484
gam(log(value) ~ s(pblmin) + s(pblmax), data = .)      1967.827
gam(log(value) ~ s(pblmax) + s(pblmax), data = .)      2282.494
gam(log(value) ~ s(wdir) + s(pblmax), data = .)        2169.611
gam(log(value) ~ s(wspeed) + s(pblmax), data = .)      2177.834
gam(log(value) ~ s(pwspeed) + s(pblmax), data = .)     2177.690
gam(log(value) ~ s(jd) + s(pblmax), data = .)          2180.842

Modello migliore: pbl00 - pblmax 

Variabile scelta pbl00 con AIC 1934.08467565467  

Modelli BACKWARD 

                                                       IT1906A
gam(log(value) ~ s(t2m) + s(pbl00), data = .)         2000.707
gam(log(value) ~ s(tmin2m) + s(pbl00), data = .)      2019.436
gam(log(value) ~ s(tmax2m) + s(pbl00), data = .)      2061.145
gam(log(value) ~ s(tp) + s(pbl00), data = .)          2364.666
gam(log(value) ~ s(ptp) + s(pbl00), data = .)         2333.135
gam(log(value) ~ s(rh) + s(pbl00), data = .)          2291.927
gam(log(value) ~ s(u10m) + s(pbl00), data = .)        2103.422
gam(log(value) ~ s(v10m) + s(pbl00), data = .)        2370.139
gam(log(value) ~ s(sp) + s(pbl00), data = .)          2085.614
gam(log(value) ~ s(nirradiance) + s(pbl00), data = .) 1974.852
gam(log(value) ~ s(pbl12) + s(pbl00), data = .)       1903.128
gam(log(value) ~ s(pblmin) + s(pbl00), data = .)      2345.292
gam(log(value) ~ s(wdir) + s(pbl00), data = .)        2064.053
gam(log(value) ~ s(wspeed) + s(pbl00), data = .)      2387.969
gam(log(value) ~ s(pwspeed) + s(pbl00), data = .)     2376.654
gam(log(value) ~ s(jd) + s(pbl00), data = .)          1813.500

Modello migliore: jd - pbl00 

Dati backward:  1813.49959143755::jd::pbl00 

Scelgo il modello N 

---------- START ---------- 

                                                                   IT1906A
gam(log(value) ~ s(t2m) + s(pblmax) + s(pbl00), data = .)         1798.142
gam(log(value) ~ s(tmin2m) + s(pblmax) + s(pbl00), data = .)      1780.354
gam(log(value) ~ s(tmax2m) + s(pblmax) + s(pbl00), data = .)      1847.844
gam(log(value) ~ s(tp) + s(pblmax) + s(pbl00), data = .)          1837.371
gam(log(value) ~ s(ptp) + s(pblmax) + s(pbl00), data = .)         1838.358
gam(log(value) ~ s(rh) + s(pblmax) + s(pbl00), data = .)          1909.566
gam(log(value) ~ s(u10m) + s(pblmax) + s(pbl00), data = .)        1826.513
gam(log(value) ~ s(v10m) + s(pblmax) + s(pbl00), data = .)        1927.097
gam(log(value) ~ s(sp) + s(pblmax) + s(pbl00), data = .)          1804.922
gam(log(value) ~ s(nirradiance) + s(pblmax) + s(pbl00), data = .) 1829.915
gam(log(value) ~ s(pbl12) + s(pblmax) + s(pbl00), data = .)       1890.996
gam(log(value) ~ s(pblmin) + s(pblmax) + s(pbl00), data = .)      1895.586
gam(log(value) ~ s(wdir) + s(pblmax) + s(pbl00), data = .)        1814.373
gam(log(value) ~ s(wspeed) + s(pblmax) + s(pbl00), data = .)      1934.587
gam(log(value) ~ s(pwspeed) + s(pblmax) + s(pbl00), data = .)     1933.435
gam(log(value) ~ s(jd) + s(pblmax) + s(pbl00), data = .)          1673.508

Modello migliore: jd - pblmax - pbl00 

Variabile scelta jd con AIC 1673.507809482  

Modelli BACKWARD 

                                                                IT1906A
gam(log(value) ~ s(t2m) + s(pblmax) + s(jd), data = .)         2094.338
gam(log(value) ~ s(tmin2m) + s(pblmax) + s(jd), data = .)      2066.131
gam(log(value) ~ s(tmax2m) + s(pblmax) + s(jd), data = .)      2109.515
gam(log(value) ~ s(tp) + s(pblmax) + s(jd), data = .)          1886.446
gam(log(value) ~ s(ptp) + s(pblmax) + s(jd), data = .)         1839.279
gam(log(value) ~ s(rh) + s(pblmax) + s(jd), data = .)          2090.267
gam(log(value) ~ s(u10m) + s(pblmax) + s(jd), data = .)        2103.081
gam(log(value) ~ s(v10m) + s(pblmax) + s(jd), data = .)        2008.129
gam(log(value) ~ s(sp) + s(pblmax) + s(jd), data = .)          1915.478
gam(log(value) ~ s(nirradiance) + s(pblmax) + s(jd), data = .) 2023.174
gam(log(value) ~ s(pbl12) + s(pblmax) + s(jd), data = .)       2167.330
gam(log(value) ~ s(pblmin) + s(pblmax) + s(jd), data = .)      1706.574
gam(log(value) ~ s(wdir) + s(pblmax) + s(jd), data = .)        2089.733
gam(log(value) ~ s(wspeed) + s(pblmax) + s(jd), data = .)      2007.932
gam(log(value) ~ s(pwspeed) + s(pblmax) + s(jd), data = .)     2031.264

Modello migliore: pblmin - pblmax - jd 

Dati backward:  1706.57416742148::pblmin::pblmax::jd 

Scelgo il modello N 

---------- START ---------- 

                                                                           IT1906A
gam(log(value) ~ s(t2m) + s(pblmax) + s(pbl00) + s(jd), data = .)         1635.154
gam(log(value) ~ s(tmin2m) + s(pblmax) + s(pbl00) + s(jd), data = .)      1611.501
gam(log(value) ~ s(tmax2m) + s(pblmax) + s(pbl00) + s(jd), data = .)      1657.278
gam(log(value) ~ s(tp) + s(pblmax) + s(pbl00) + s(jd), data = .)          1561.200
gam(log(value) ~ s(ptp) + s(pblmax) + s(pbl00) + s(jd), data = .)         1528.054
gam(log(value) ~ s(rh) + s(pblmax) + s(pbl00) + s(jd), data = .)          1614.010
gam(log(value) ~ s(u10m) + s(pblmax) + s(pbl00) + s(jd), data = .)        1605.932
gam(log(value) ~ s(v10m) + s(pblmax) + s(pbl00) + s(jd), data = .)        1655.608
gam(log(value) ~ s(sp) + s(pblmax) + s(pbl00) + s(jd), data = .)          1590.486
gam(log(value) ~ s(nirradiance) + s(pblmax) + s(pbl00) + s(jd), data = .) 1618.276
gam(log(value) ~ s(pbl12) + s(pblmax) + s(pbl00) + s(jd), data = .)       1661.007
gam(log(value) ~ s(pblmin) + s(pblmax) + s(pbl00) + s(jd), data = .)      1596.277
gam(log(value) ~ s(wdir) + s(pblmax) + s(pbl00) + s(jd), data = .)        1615.256
gam(log(value) ~ s(wspeed) + s(pblmax) + s(pbl00) + s(jd), data = .)      1672.257
gam(log(value) ~ s(pwspeed) + s(pblmax) + s(pbl00) + s(jd), data = .)     1674.955

Modello migliore: ptp - pblmax - pbl00 - jd 

Variabile scelta ptp con AIC 1528.05351546196  

Modelli BACKWARD 

                                                                            IT1906A
gam(log(value) ~ s(t2m) + s(pblmax) + s(pbl00) + s(ptp), data = .)         1688.016
gam(log(value) ~ s(tmin2m) + s(pblmax) + s(pbl00) + s(ptp), data = .)      1683.386
gam(log(value) ~ s(tmax2m) + s(pblmax) + s(pbl00) + s(ptp), data = .)      1733.867
gam(log(value) ~ s(tp) + s(pblmax) + s(pbl00) + s(ptp), data = .)          1778.172
gam(log(value) ~ s(rh) + s(pblmax) + s(pbl00) + s(ptp), data = .)          1820.840
gam(log(value) ~ s(u10m) + s(pblmax) + s(pbl00) + s(ptp), data = .)        1741.150
gam(log(value) ~ s(v10m) + s(pblmax) + s(pbl00) + s(ptp), data = .)        1829.033
gam(log(value) ~ s(sp) + s(pblmax) + s(pbl00) + s(ptp), data = .)          1749.548
gam(log(value) ~ s(nirradiance) + s(pblmax) + s(pbl00) + s(ptp), data = .) 1710.670
gam(log(value) ~ s(pbl12) + s(pblmax) + s(pbl00) + s(ptp), data = .)       1784.960
gam(log(value) ~ s(pblmin) + s(pblmax) + s(pbl00) + s(ptp), data = .)      1804.253
gam(log(value) ~ s(wdir) + s(pblmax) + s(pbl00) + s(ptp), data = .)        1709.916
gam(log(value) ~ s(wspeed) + s(pblmax) + s(pbl00) + s(ptp), data = .)      1838.453
gam(log(value) ~ s(pwspeed) + s(pblmax) + s(pbl00) + s(ptp), data = .)     1835.466

Modello migliore: tmin2m - pblmax - pbl00 - ptp 

Dati backward:  1683.38644164999::tmin2m::pblmax::pbl00::ptp 

Scelgo il modello N 

---------- START ---------- 

                                                                                    IT1906A
gam(log(value) ~ s(t2m) + s(pblmax) + s(pbl00) + s(jd) + s(ptp), data = .)         1493.095
gam(log(value) ~ s(tmin2m) + s(pblmax) + s(pbl00) + s(jd) + s(ptp), data = .)      1479.540
gam(log(value) ~ s(tmax2m) + s(pblmax) + s(pbl00) + s(jd) + s(ptp), data = .)      1523.122
gam(log(value) ~ s(tp) + s(pblmax) + s(pbl00) + s(jd) + s(ptp), data = .)          1468.686
gam(log(value) ~ s(rh) + s(pblmax) + s(pbl00) + s(jd) + s(ptp), data = .)          1511.544
gam(log(value) ~ s(u10m) + s(pblmax) + s(pbl00) + s(jd) + s(ptp), data = .)        1475.502
gam(log(value) ~ s(v10m) + s(pblmax) + s(pbl00) + s(jd) + s(ptp), data = .)        1509.897
gam(log(value) ~ s(sp) + s(pblmax) + s(pbl00) + s(jd) + s(ptp), data = .)          1494.736
gam(log(value) ~ s(nirradiance) + s(pblmax) + s(pbl00) + s(jd) + s(ptp), data = .) 1493.544
gam(log(value) ~ s(pbl12) + s(pblmax) + s(pbl00) + s(jd) + s(ptp), data = .)       1512.547
gam(log(value) ~ s(pblmin) + s(pblmax) + s(pbl00) + s(jd) + s(ptp), data = .)      1451.305
gam(log(value) ~ s(wdir) + s(pblmax) + s(pbl00) + s(jd) + s(ptp), data = .)        1471.213
gam(log(value) ~ s(wspeed) + s(pblmax) + s(pbl00) + s(jd) + s(ptp), data = .)      1522.008
gam(log(value) ~ s(pwspeed) + s(pblmax) + s(pbl00) + s(jd) + s(ptp), data = .)     1527.944

Modello migliore: pblmin - pblmax - pbl00 - jd - ptp 

Variabile scelta pblmin con AIC 1451.30538728702  

Modelli BACKWARD 

                                                                                       IT1906A
gam(log(value) ~ s(t2m) + s(pblmax) + s(pbl00) + s(jd) + s(pblmin), data = .)         1555.396
gam(log(value) ~ s(tmin2m) + s(pblmax) + s(pbl00) + s(jd) + s(pblmin), data = .)      1532.809
gam(log(value) ~ s(tmax2m) + s(pblmax) + s(pbl00) + s(jd) + s(pblmin), data = .)      1578.986
gam(log(value) ~ s(tp) + s(pblmax) + s(pbl00) + s(jd) + s(pblmin), data = .)          1514.333
gam(log(value) ~ s(rh) + s(pblmax) + s(pbl00) + s(jd) + s(pblmin), data = .)          1546.189
gam(log(value) ~ s(u10m) + s(pblmax) + s(pbl00) + s(jd) + s(pblmin), data = .)        1489.692
gam(log(value) ~ s(v10m) + s(pblmax) + s(pbl00) + s(jd) + s(pblmin), data = .)        1582.509
gam(log(value) ~ s(sp) + s(pblmax) + s(pbl00) + s(jd) + s(pblmin), data = .)          1533.976
gam(log(value) ~ s(nirradiance) + s(pblmax) + s(pbl00) + s(jd) + s(pblmin), data = .) 1557.561
gam(log(value) ~ s(pbl12) + s(pblmax) + s(pbl00) + s(jd) + s(pblmin), data = .)       1584.363
gam(log(value) ~ s(wdir) + s(pblmax) + s(pbl00) + s(jd) + s(pblmin), data = .)        1526.943
gam(log(value) ~ s(wspeed) + s(pblmax) + s(pbl00) + s(jd) + s(pblmin), data = .)      1592.288
gam(log(value) ~ s(pwspeed) + s(pblmax) + s(pbl00) + s(jd) + s(pblmin), data = .)     1598.266

Modello migliore: u10m - pblmax - pbl00 - jd - pblmin 

Dati backward:  1489.69197821725::u10m::pblmax::pbl00::jd::pblmin 

Scelgo il modello N 

---------- START ---------- 

                                                                                                IT1906A
gam(log(value) ~ s(t2m) + s(pblmax) + s(pbl00) + s(jd) + s(ptp) + s(pblmin), data = .)         1413.396
gam(log(value) ~ s(tmin2m) + s(pblmax) + s(pbl00) + s(jd) + s(ptp) + s(pblmin), data = .)      1402.928
gam(log(value) ~ s(tmax2m) + s(pblmax) + s(pbl00) + s(jd) + s(ptp) + s(pblmin), data = .)      1443.877
gam(log(value) ~ s(tp) + s(pblmax) + s(pbl00) + s(jd) + s(ptp) + s(pblmin), data = .)          1414.610
gam(log(value) ~ s(rh) + s(pblmax) + s(pbl00) + s(jd) + s(ptp) + s(pblmin), data = .)          1440.444
gam(log(value) ~ s(u10m) + s(pblmax) + s(pbl00) + s(jd) + s(ptp) + s(pblmin), data = .)        1362.501
gam(log(value) ~ s(v10m) + s(pblmax) + s(pbl00) + s(jd) + s(ptp) + s(pblmin), data = .)        1440.670
gam(log(value) ~ s(sp) + s(pblmax) + s(pbl00) + s(jd) + s(ptp) + s(pblmin), data = .)          1428.364
gam(log(value) ~ s(nirradiance) + s(pblmax) + s(pbl00) + s(jd) + s(ptp) + s(pblmin), data = .) 1422.938
gam(log(value) ~ s(pbl12) + s(pblmax) + s(pbl00) + s(jd) + s(ptp) + s(pblmin), data = .)       1436.147
gam(log(value) ~ s(wdir) + s(pblmax) + s(pbl00) + s(jd) + s(ptp) + s(pblmin), data = .)        1383.581
gam(log(value) ~ s(wspeed) + s(pblmax) + s(pbl00) + s(jd) + s(ptp) + s(pblmin), data = .)      1450.097
gam(log(value) ~ s(pwspeed) + s(pblmax) + s(pbl00) + s(jd) + s(ptp) + s(pblmin), data = .)     1452.281

Modello migliore: u10m - pblmax - pbl00 - jd - ptp - pblmin 

Variabile scelta u10m con AIC 1362.501498292  

Modelli BACKWARD 

                                                                                              IT1906A
gam(log(value) ~ s(t2m) + s(pblmax) + s(pbl00) + s(jd) + s(ptp) + s(u10m), data = .)         1433.043
gam(log(value) ~ s(tmin2m) + s(pblmax) + s(pbl00) + s(jd) + s(ptp) + s(u10m), data = .)      1418.043
gam(log(value) ~ s(tmax2m) + s(pblmax) + s(pbl00) + s(jd) + s(ptp) + s(u10m), data = .)      1462.076
gam(log(value) ~ s(tp) + s(pblmax) + s(pbl00) + s(jd) + s(ptp) + s(u10m), data = .)          1394.082
gam(log(value) ~ s(rh) + s(pblmax) + s(pbl00) + s(jd) + s(ptp) + s(u10m), data = .)          1459.946
gam(log(value) ~ s(v10m) + s(pblmax) + s(pbl00) + s(jd) + s(ptp) + s(u10m), data = .)        1444.808
gam(log(value) ~ s(sp) + s(pblmax) + s(pbl00) + s(jd) + s(ptp) + s(u10m), data = .)          1438.070
gam(log(value) ~ s(nirradiance) + s(pblmax) + s(pbl00) + s(jd) + s(ptp) + s(u10m), data = .) 1427.529
gam(log(value) ~ s(pbl12) + s(pblmax) + s(pbl00) + s(jd) + s(ptp) + s(u10m), data = .)       1460.469
gam(log(value) ~ s(wdir) + s(pblmax) + s(pbl00) + s(jd) + s(ptp) + s(u10m), data = .)        1462.231
gam(log(value) ~ s(wspeed) + s(pblmax) + s(pbl00) + s(jd) + s(ptp) + s(u10m), data = .)      1442.959
gam(log(value) ~ s(pwspeed) + s(pblmax) + s(pbl00) + s(jd) + s(ptp) + s(u10m), data = .)     1475.948

Modello migliore: tp - pblmax - pbl00 - jd - ptp - u10m 

Dati backward:  1394.08229591048::tp::pblmax::pbl00::jd::ptp::u10m 

Scelgo il modello N 

---------- START ---------- 

                                                                                                          IT1906A
gam(log(value) ~ s(t2m) + s(pblmax) + s(pbl00) + s(jd) + s(ptp) + s(pblmin) + s(u10m), data = .)         1310.872
gam(log(value) ~ s(tmin2m) + s(pblmax) + s(pbl00) + s(jd) + s(ptp) + s(pblmin) + s(u10m), data = .)      1299.827
gam(log(value) ~ s(tmax2m) + s(pblmax) + s(pbl00) + s(jd) + s(ptp) + s(pblmin) + s(u10m), data = .)      1342.728
gam(log(value) ~ s(tp) + s(pblmax) + s(pbl00) + s(jd) + s(ptp) + s(pblmin) + s(u10m), data = .)          1309.900
gam(log(value) ~ s(rh) + s(pblmax) + s(pbl00) + s(jd) + s(ptp) + s(pblmin) + s(u10m), data = .)          1357.066
gam(log(value) ~ s(v10m) + s(pblmax) + s(pbl00) + s(jd) + s(ptp) + s(pblmin) + s(u10m), data = .)        1361.062
gam(log(value) ~ s(sp) + s(pblmax) + s(pbl00) + s(jd) + s(ptp) + s(pblmin) + s(u10m), data = .)          1332.280
gam(log(value) ~ s(nirradiance) + s(pblmax) + s(pbl00) + s(jd) + s(ptp) + s(pblmin) + s(u10m), data = .) 1334.178
gam(log(value) ~ s(pbl12) + s(pblmax) + s(pbl00) + s(jd) + s(ptp) + s(pblmin) + s(u10m), data = .)       1349.291
gam(log(value) ~ s(wdir) + s(pblmax) + s(pbl00) + s(jd) + s(ptp) + s(pblmin) + s(u10m), data = .)        1360.580
gam(log(value) ~ s(wspeed) + s(pblmax) + s(pbl00) + s(jd) + s(ptp) + s(pblmin) + s(u10m), data = .)      1362.602
gam(log(value) ~ s(pwspeed) + s(pblmax) + s(pbl00) + s(jd) + s(ptp) + s(pblmin) + s(u10m), data = .)     1364.316

Modello migliore: tmin2m - pblmax - pbl00 - jd - ptp - pblmin - u10m 

Variabile scelta tmin2m con AIC 1299.8274073877  

Modelli BACKWARD 

                                                                                                            IT1906A
gam(log(value) ~ s(t2m) + s(pblmax) + s(pbl00) + s(jd) + s(ptp) + s(pblmin) + s(tmin2m), data = .)         1393.514
gam(log(value) ~ s(tmax2m) + s(pblmax) + s(pbl00) + s(jd) + s(ptp) + s(pblmin) + s(tmin2m), data = .)      1371.630
gam(log(value) ~ s(tp) + s(pblmax) + s(pbl00) + s(jd) + s(ptp) + s(pblmin) + s(tmin2m), data = .)          1375.799
gam(log(value) ~ s(rh) + s(pblmax) + s(pbl00) + s(jd) + s(ptp) + s(pblmin) + s(tmin2m), data = .)          1399.554
gam(log(value) ~ s(v10m) + s(pblmax) + s(pbl00) + s(jd) + s(ptp) + s(pblmin) + s(tmin2m), data = .)        1371.340
gam(log(value) ~ s(sp) + s(pblmax) + s(pbl00) + s(jd) + s(ptp) + s(pblmin) + s(tmin2m), data = .)          1382.270
gam(log(value) ~ s(nirradiance) + s(pblmax) + s(pbl00) + s(jd) + s(ptp) + s(pblmin) + s(tmin2m), data = .) 1375.210
gam(log(value) ~ s(pbl12) + s(pblmax) + s(pbl00) + s(jd) + s(ptp) + s(pblmin) + s(tmin2m), data = .)       1399.136
gam(log(value) ~ s(wdir) + s(pblmax) + s(pbl00) + s(jd) + s(ptp) + s(pblmin) + s(tmin2m), data = .)        1325.858
gam(log(value) ~ s(wspeed) + s(pblmax) + s(pbl00) + s(jd) + s(ptp) + s(pblmin) + s(tmin2m), data = .)      1402.131
gam(log(value) ~ s(pwspeed) + s(pblmax) + s(pbl00) + s(jd) + s(ptp) + s(pblmin) + s(tmin2m), data = .)     1404.808

Modello migliore: wdir - pblmax - pbl00 - jd - ptp - pblmin - tmin2m 

Dati backward:  1325.85814387723::wdir::pblmax::pbl00::jd::ptp::pblmin::tmin2m 

Scelgo il modello N 

---------- START ---------- 

                                                                                                                      IT1906A
gam(log(value) ~ s(t2m) + s(pblmax) + s(pbl00) + s(jd) + s(ptp) + s(pblmin) + s(u10m) + s(tmin2m), data = .)         1289.922
gam(log(value) ~ s(tmax2m) + s(pblmax) + s(pbl00) + s(jd) + s(ptp) + s(pblmin) + s(u10m) + s(tmin2m), data = .)      1268.391
gam(log(value) ~ s(tp) + s(pblmax) + s(pbl00) + s(jd) + s(ptp) + s(pblmin) + s(u10m) + s(tmin2m), data = .)          1258.651
gam(log(value) ~ s(rh) + s(pblmax) + s(pbl00) + s(jd) + s(ptp) + s(pblmin) + s(u10m) + s(tmin2m), data = .)          1301.602
gam(log(value) ~ s(v10m) + s(pblmax) + s(pbl00) + s(jd) + s(ptp) + s(pblmin) + s(u10m) + s(tmin2m), data = .)        1287.268
gam(log(value) ~ s(sp) + s(pblmax) + s(pbl00) + s(jd) + s(ptp) + s(pblmin) + s(u10m) + s(tmin2m), data = .)          1274.092
gam(log(value) ~ s(nirradiance) + s(pblmax) + s(pbl00) + s(jd) + s(ptp) + s(pblmin) + s(u10m) + s(tmin2m), data = .) 1279.406
gam(log(value) ~ s(pbl12) + s(pblmax) + s(pbl00) + s(jd) + s(ptp) + s(pblmin) + s(u10m) + s(tmin2m), data = .)       1298.890
gam(log(value) ~ s(wdir) + s(pblmax) + s(pbl00) + s(jd) + s(ptp) + s(pblmin) + s(u10m) + s(tmin2m), data = .)        1301.046
gam(log(value) ~ s(wspeed) + s(pblmax) + s(pbl00) + s(jd) + s(ptp) + s(pblmin) + s(u10m) + s(tmin2m), data = .)      1296.879
gam(log(value) ~ s(pwspeed) + s(pblmax) + s(pbl00) + s(jd) + s(ptp) + s(pblmin) + s(u10m) + s(tmin2m), data = .)     1301.234

Modello migliore: tp - pblmax - pbl00 - jd - ptp - pblmin - u10m - tmin2m 

Variabile scelta tp con AIC 1258.65141279712  

Modelli BACKWARD 

                                                                                                                  IT1906A
gam(log(value) ~ s(t2m) + s(pblmax) + s(pbl00) + s(jd) + s(ptp) + s(pblmin) + s(u10m) + s(tp), data = .)         1267.851
gam(log(value) ~ s(tmax2m) + s(pblmax) + s(pbl00) + s(jd) + s(ptp) + s(pblmin) + s(u10m) + s(tp), data = .)      1291.619
gam(log(value) ~ s(rh) + s(pblmax) + s(pbl00) + s(jd) + s(ptp) + s(pblmin) + s(u10m) + s(tp), data = .)          1309.863
gam(log(value) ~ s(v10m) + s(pblmax) + s(pbl00) + s(jd) + s(ptp) + s(pblmin) + s(u10m) + s(tp), data = .)        1292.797
gam(log(value) ~ s(sp) + s(pblmax) + s(pbl00) + s(jd) + s(ptp) + s(pblmin) + s(u10m) + s(tp), data = .)          1276.418
gam(log(value) ~ s(nirradiance) + s(pblmax) + s(pbl00) + s(jd) + s(ptp) + s(pblmin) + s(u10m) + s(tp), data = .) 1293.584
gam(log(value) ~ s(pbl12) + s(pblmax) + s(pbl00) + s(jd) + s(ptp) + s(pblmin) + s(u10m) + s(tp), data = .)       1288.541
gam(log(value) ~ s(wdir) + s(pblmax) + s(pbl00) + s(jd) + s(ptp) + s(pblmin) + s(u10m) + s(tp), data = .)        1309.380
gam(log(value) ~ s(wspeed) + s(pblmax) + s(pbl00) + s(jd) + s(ptp) + s(pblmin) + s(u10m) + s(tp), data = .)      1309.196
gam(log(value) ~ s(pwspeed) + s(pblmax) + s(pbl00) + s(jd) + s(ptp) + s(pblmin) + s(u10m) + s(tp), data = .)     1311.763

Modello migliore: t2m - pblmax - pbl00 - jd - ptp - pblmin - u10m - tp 

Dati backward:  1267.85148004021::t2m::pblmax::pbl00::jd::ptp::pblmin::u10m::tp 

Scelgo il modello N 

---------- START ---------- 

                                                                                                                              IT1906A
gam(log(value) ~ s(t2m) + s(pblmax) + s(pbl00) + s(jd) + s(ptp) + s(pblmin) + s(u10m) + s(tmin2m) + s(tp), data = .)         1252.145
gam(log(value) ~ s(tmax2m) + s(pblmax) + s(pbl00) + s(jd) + s(ptp) + s(pblmin) + s(u10m) + s(tmin2m) + s(tp), data = .)      1243.247
gam(log(value) ~ s(rh) + s(pblmax) + s(pbl00) + s(jd) + s(ptp) + s(pblmin) + s(u10m) + s(tmin2m) + s(tp), data = .)          1248.461
gam(log(value) ~ s(v10m) + s(pblmax) + s(pbl00) + s(jd) + s(ptp) + s(pblmin) + s(u10m) + s(tmin2m) + s(tp), data = .)        1223.797
gam(log(value) ~ s(sp) + s(pblmax) + s(pbl00) + s(jd) + s(ptp) + s(pblmin) + s(u10m) + s(tmin2m) + s(tp), data = .)          1230.920
gam(log(value) ~ s(nirradiance) + s(pblmax) + s(pbl00) + s(jd) + s(ptp) + s(pblmin) + s(u10m) + s(tmin2m) + s(tp), data = .) 1242.320
gam(log(value) ~ s(pbl12) + s(pblmax) + s(pbl00) + s(jd) + s(ptp) + s(pblmin) + s(u10m) + s(tmin2m) + s(tp), data = .)       1249.931
gam(log(value) ~ s(wdir) + s(pblmax) + s(pbl00) + s(jd) + s(ptp) + s(pblmin) + s(u10m) + s(tmin2m) + s(tp), data = .)        1257.158
gam(log(value) ~ s(wspeed) + s(pblmax) + s(pbl00) + s(jd) + s(ptp) + s(pblmin) + s(u10m) + s(tmin2m) + s(tp), data = .)      1255.140
gam(log(value) ~ s(pwspeed) + s(pblmax) + s(pbl00) + s(jd) + s(ptp) + s(pblmin) + s(u10m) + s(tmin2m) + s(tp), data = .)     1259.478

Modello migliore: v10m - pblmax - pbl00 - jd - ptp - pblmin - u10m - tmin2m - tp 

Variabile scelta v10m con AIC 1223.79729184691  

Modelli BACKWARD 

                                                                                                                                IT1906A
gam(log(value) ~ s(t2m) + s(pblmax) + s(pbl00) + s(jd) + s(ptp) + s(pblmin) + s(u10m) + s(tmin2m) + s(v10m), data = .)         1280.505
gam(log(value) ~ s(tmax2m) + s(pblmax) + s(pbl00) + s(jd) + s(ptp) + s(pblmin) + s(u10m) + s(tmin2m) + s(v10m), data = .)      1258.970
gam(log(value) ~ s(rh) + s(pblmax) + s(pbl00) + s(jd) + s(ptp) + s(pblmin) + s(u10m) + s(tmin2m) + s(v10m), data = .)          1286.848
gam(log(value) ~ s(sp) + s(pblmax) + s(pbl00) + s(jd) + s(ptp) + s(pblmin) + s(u10m) + s(tmin2m) + s(v10m), data = .)          1259.887
gam(log(value) ~ s(nirradiance) + s(pblmax) + s(pbl00) + s(jd) + s(ptp) + s(pblmin) + s(u10m) + s(tmin2m) + s(v10m), data = .) 1260.444
gam(log(value) ~ s(pbl12) + s(pblmax) + s(pbl00) + s(jd) + s(ptp) + s(pblmin) + s(u10m) + s(tmin2m) + s(v10m), data = .)       1285.838
gam(log(value) ~ s(wdir) + s(pblmax) + s(pbl00) + s(jd) + s(ptp) + s(pblmin) + s(u10m) + s(tmin2m) + s(v10m), data = .)        1272.885
gam(log(value) ~ s(wspeed) + s(pblmax) + s(pbl00) + s(jd) + s(ptp) + s(pblmin) + s(u10m) + s(tmin2m) + s(v10m), data = .)      1287.167
gam(log(value) ~ s(pwspeed) + s(pblmax) + s(pbl00) + s(jd) + s(ptp) + s(pblmin) + s(u10m) + s(tmin2m) + s(v10m), data = .)     1288.468

Modello migliore: tmax2m - pblmax - pbl00 - jd - ptp - pblmin - u10m - tmin2m - v10m 

Dati backward:  1258.96976555616::tmax2m::pblmax::pbl00::jd::ptp::pblmin::u10m::tmin2m::v10m 

Scelgo il modello N 

---------- START ---------- 

                                                                                                                                        IT1906A
gam(log(value) ~ s(t2m) + s(pblmax) + s(pbl00) + s(jd) + s(ptp) + s(pblmin) + s(u10m) + s(tmin2m) + s(tp) + s(v10m), data = .)         1225.589
gam(log(value) ~ s(tmax2m) + s(pblmax) + s(pbl00) + s(jd) + s(ptp) + s(pblmin) + s(u10m) + s(tmin2m) + s(tp) + s(v10m), data = .)      1216.021
gam(log(value) ~ s(rh) + s(pblmax) + s(pbl00) + s(jd) + s(ptp) + s(pblmin) + s(u10m) + s(tmin2m) + s(tp) + s(v10m), data = .)          1223.529
gam(log(value) ~ s(sp) + s(pblmax) + s(pbl00) + s(jd) + s(ptp) + s(pblmin) + s(u10m) + s(tmin2m) + s(tp) + s(v10m), data = .)          1196.735
gam(log(value) ~ s(nirradiance) + s(pblmax) + s(pbl00) + s(jd) + s(ptp) + s(pblmin) + s(u10m) + s(tmin2m) + s(tp) + s(v10m), data = .) 1202.307
gam(log(value) ~ s(pbl12) + s(pblmax) + s(pbl00) + s(jd) + s(ptp) + s(pblmin) + s(u10m) + s(tmin2m) + s(tp) + s(v10m), data = .)       1211.311
gam(log(value) ~ s(wdir) + s(pblmax) + s(pbl00) + s(jd) + s(ptp) + s(pblmin) + s(u10m) + s(tmin2m) + s(tp) + s(v10m), data = .)        1206.898
gam(log(value) ~ s(wspeed) + s(pblmax) + s(pbl00) + s(jd) + s(ptp) + s(pblmin) + s(u10m) + s(tmin2m) + s(tp) + s(v10m), data = .)      1223.600
gam(log(value) ~ s(pwspeed) + s(pblmax) + s(pbl00) + s(jd) + s(ptp) + s(pblmin) + s(u10m) + s(tmin2m) + s(tp) + s(v10m), data = .)     1225.100

Modello migliore: sp - pblmax - pbl00 - jd - ptp - pblmin - u10m - tmin2m - tp - v10m 

Variabile scelta sp con AIC 1196.7346384393  

Modelli BACKWARD 

                                                                                                                                      IT1906A
gam(log(value) ~ s(t2m) + s(pblmax) + s(pbl00) + s(jd) + s(ptp) + s(pblmin) + s(u10m) + s(tmin2m) + s(tp) + s(sp), data = .)         1223.362
gam(log(value) ~ s(tmax2m) + s(pblmax) + s(pbl00) + s(jd) + s(ptp) + s(pblmin) + s(u10m) + s(tmin2m) + s(tp) + s(sp), data = .)      1216.701
gam(log(value) ~ s(rh) + s(pblmax) + s(pbl00) + s(jd) + s(ptp) + s(pblmin) + s(u10m) + s(tmin2m) + s(tp) + s(sp), data = .)          1218.028
gam(log(value) ~ s(nirradiance) + s(pblmax) + s(pbl00) + s(jd) + s(ptp) + s(pblmin) + s(u10m) + s(tmin2m) + s(tp) + s(sp), data = .) 1213.385
gam(log(value) ~ s(pbl12) + s(pblmax) + s(pbl00) + s(jd) + s(ptp) + s(pblmin) + s(u10m) + s(tmin2m) + s(tp) + s(sp), data = .)       1224.568
gam(log(value) ~ s(wdir) + s(pblmax) + s(pbl00) + s(jd) + s(ptp) + s(pblmin) + s(u10m) + s(tmin2m) + s(tp) + s(sp), data = .)        1229.527
gam(log(value) ~ s(wspeed) + s(pblmax) + s(pbl00) + s(jd) + s(ptp) + s(pblmin) + s(u10m) + s(tmin2m) + s(tp) + s(sp), data = .)      1228.695
gam(log(value) ~ s(pwspeed) + s(pblmax) + s(pbl00) + s(jd) + s(ptp) + s(pblmin) + s(u10m) + s(tmin2m) + s(tp) + s(sp), data = .)     1232.616

Modello migliore: nirradiance - pblmax - pbl00 - jd - ptp - pblmin - u10m - tmin2m - tp - sp 

Dati backward:  1213.38513056893::nirradiance::pblmax::pbl00::jd::ptp::pblmin::u10m::tmin2m::tp::sp 

Scelgo il modello N 

---------- START ---------- 

                                                                                                                                                IT1906A
gam(log(value) ~ s(t2m) + s(pblmax) + s(pbl00) + s(jd) + s(ptp) + s(pblmin) + s(u10m) + s(tmin2m) + s(tp) + s(v10m) + s(sp), data = .)         1198.030
gam(log(value) ~ s(tmax2m) + s(pblmax) + s(pbl00) + s(jd) + s(ptp) + s(pblmin) + s(u10m) + s(tmin2m) + s(tp) + s(v10m) + s(sp), data = .)      1191.604
gam(log(value) ~ s(rh) + s(pblmax) + s(pbl00) + s(jd) + s(ptp) + s(pblmin) + s(u10m) + s(tmin2m) + s(tp) + s(v10m) + s(sp), data = .)          1195.404
gam(log(value) ~ s(nirradiance) + s(pblmax) + s(pbl00) + s(jd) + s(ptp) + s(pblmin) + s(u10m) + s(tmin2m) + s(tp) + s(v10m) + s(sp), data = .) 1174.761
gam(log(value) ~ s(pbl12) + s(pblmax) + s(pbl00) + s(jd) + s(ptp) + s(pblmin) + s(u10m) + s(tmin2m) + s(tp) + s(v10m) + s(sp), data = .)       1186.178
gam(log(value) ~ s(wdir) + s(pblmax) + s(pbl00) + s(jd) + s(ptp) + s(pblmin) + s(u10m) + s(tmin2m) + s(tp) + s(v10m) + s(sp), data = .)        1183.112
gam(log(value) ~ s(wspeed) + s(pblmax) + s(pbl00) + s(jd) + s(ptp) + s(pblmin) + s(u10m) + s(tmin2m) + s(tp) + s(v10m) + s(sp), data = .)      1195.557
gam(log(value) ~ s(pwspeed) + s(pblmax) + s(pbl00) + s(jd) + s(ptp) + s(pblmin) + s(u10m) + s(tmin2m) + s(tp) + s(v10m) + s(sp), data = .)     1198.634

Modello migliore: nirradiance - pblmax - pbl00 - jd - ptp - pblmin - u10m - tmin2m - tp - v10m - sp 

Variabile scelta nirradiance con AIC 1174.76098688284  

Modelli BACKWARD 

                                                                                                                                                     IT1906A
gam(log(value) ~ s(t2m) + s(pblmax) + s(pbl00) + s(jd) + s(ptp) + s(pblmin) + s(u10m) + s(tmin2m) + s(tp) + s(v10m) + s(nirradiance), data = .)     1202.754
gam(log(value) ~ s(tmax2m) + s(pblmax) + s(pbl00) + s(jd) + s(ptp) + s(pblmin) + s(u10m) + s(tmin2m) + s(tp) + s(v10m) + s(nirradiance), data = .)  1179.273
gam(log(value) ~ s(rh) + s(pblmax) + s(pbl00) + s(jd) + s(ptp) + s(pblmin) + s(u10m) + s(tmin2m) + s(tp) + s(v10m) + s(nirradiance), data = .)      1202.006
gam(log(value) ~ s(pbl12) + s(pblmax) + s(pbl00) + s(jd) + s(ptp) + s(pblmin) + s(u10m) + s(tmin2m) + s(tp) + s(v10m) + s(nirradiance), data = .)   1193.149
gam(log(value) ~ s(wdir) + s(pblmax) + s(pbl00) + s(jd) + s(ptp) + s(pblmin) + s(u10m) + s(tmin2m) + s(tp) + s(v10m) + s(nirradiance), data = .)    1188.119
gam(log(value) ~ s(wspeed) + s(pblmax) + s(pbl00) + s(jd) + s(ptp) + s(pblmin) + s(u10m) + s(tmin2m) + s(tp) + s(v10m) + s(nirradiance), data = .)  1203.093
gam(log(value) ~ s(pwspeed) + s(pblmax) + s(pbl00) + s(jd) + s(ptp) + s(pblmin) + s(u10m) + s(tmin2m) + s(tp) + s(v10m) + s(nirradiance), data = .) 1202.064

[1] "Modello migliore: tmax2m - pblmax - pbl00 - jd - ptp - pblmin - u10m - tmin2m - tp - v10m - nirradiance"

[1] "Dati backward:  1179.27264410563::tmax2m::pblmax::pbl00::jd::ptp::pblmin::u10m::tmin2m::tp::v10m::nirradiance"

Scelgo il modello N 

---------- START ---------- 

                                                                                                                                                             IT1906A
gam(log(value) ~ s(t2m) + s(pblmax) + s(pbl00) + s(jd) + s(ptp) + s(pblmin) + s(u10m) + s(tmin2m) + s(tp) + s(v10m) + s(sp) + s(nirradiance), data = .)     1175.714
gam(log(value) ~ s(tmax2m) + s(pblmax) + s(pbl00) + s(jd) + s(ptp) + s(pblmin) + s(u10m) + s(tmin2m) + s(tp) + s(v10m) + s(sp) + s(nirradiance), data = .)  1157.099
gam(log(value) ~ s(rh) + s(pblmax) + s(pbl00) + s(jd) + s(ptp) + s(pblmin) + s(u10m) + s(tmin2m) + s(tp) + s(v10m) + s(sp) + s(nirradiance), data = .)      1173.123
gam(log(value) ~ s(pbl12) + s(pblmax) + s(pbl00) + s(jd) + s(ptp) + s(pblmin) + s(u10m) + s(tmin2m) + s(tp) + s(v10m) + s(sp) + s(nirradiance), data = .)   1167.900
gam(log(value) ~ s(wdir) + s(pblmax) + s(pbl00) + s(jd) + s(ptp) + s(pblmin) + s(u10m) + s(tmin2m) + s(tp) + s(v10m) + s(sp) + s(nirradiance), data = .)    1162.810
gam(log(value) ~ s(wspeed) + s(pblmax) + s(pbl00) + s(jd) + s(ptp) + s(pblmin) + s(u10m) + s(tmin2m) + s(tp) + s(v10m) + s(sp) + s(nirradiance), data = .)  1174.874
gam(log(value) ~ s(pwspeed) + s(pblmax) + s(pbl00) + s(jd) + s(ptp) + s(pblmin) + s(u10m) + s(tmin2m) + s(tp) + s(v10m) + s(sp) + s(nirradiance), data = .) 1176.008

[1] "Modello migliore: tmax2m - pblmax - pbl00 - jd - ptp - pblmin - u10m - tmin2m - tp - v10m - sp - nirradiance"

Variabile scelta tmax2m con AIC 1157.09875000734  

Modelli BACKWARD 

                                                                                                                                                        IT1906A
gam(log(value) ~ s(t2m) + s(pblmax) + s(pbl00) + s(jd) + s(ptp) + s(pblmin) + s(u10m) + s(tmin2m) + s(tp) + s(v10m) + s(sp) + s(tmax2m), data = .)     1148.362
gam(log(value) ~ s(rh) + s(pblmax) + s(pbl00) + s(jd) + s(ptp) + s(pblmin) + s(u10m) + s(tmin2m) + s(tp) + s(v10m) + s(sp) + s(tmax2m), data = .)      1181.146
gam(log(value) ~ s(pbl12) + s(pblmax) + s(pbl00) + s(jd) + s(ptp) + s(pblmin) + s(u10m) + s(tmin2m) + s(tp) + s(v10m) + s(sp) + s(tmax2m), data = .)   1179.782
gam(log(value) ~ s(wdir) + s(pblmax) + s(pbl00) + s(jd) + s(ptp) + s(pblmin) + s(u10m) + s(tmin2m) + s(tp) + s(v10m) + s(sp) + s(tmax2m), data = .)    1178.000
gam(log(value) ~ s(wspeed) + s(pblmax) + s(pbl00) + s(jd) + s(ptp) + s(pblmin) + s(u10m) + s(tmin2m) + s(tp) + s(v10m) + s(sp) + s(tmax2m), data = .)  1190.324
gam(log(value) ~ s(pwspeed) + s(pblmax) + s(pbl00) + s(jd) + s(ptp) + s(pblmin) + s(u10m) + s(tmin2m) + s(tp) + s(v10m) + s(sp) + s(tmax2m), data = .) 1193.387

[1] "Modello migliore: t2m - pblmax - pbl00 - jd - ptp - pblmin - u10m - tmin2m - tp - v10m - sp - tmax2m"

[1] "Dati backward:  1148.36211850002::t2m::pblmax::pbl00::jd::ptp::pblmin::u10m::tmin2m::tp::v10m::sp::tmax2m"

Scelgo il modello N-1 

---------- START ---------- 

                                                                                                                                                             IT1906A
gam(log(value) ~ s(t2m) + s(pblmax) + s(pbl00) + s(jd) + s(ptp) + s(pblmin) + s(u10m) + s(tmin2m) + s(tp) + s(v10m) + s(sp) + s(nirradiance), data = .)     1175.714
gam(log(value) ~ s(rh) + s(pblmax) + s(pbl00) + s(jd) + s(ptp) + s(pblmin) + s(u10m) + s(tmin2m) + s(tp) + s(v10m) + s(sp) + s(nirradiance), data = .)      1173.123
gam(log(value) ~ s(pbl12) + s(pblmax) + s(pbl00) + s(jd) + s(ptp) + s(pblmin) + s(u10m) + s(tmin2m) + s(tp) + s(v10m) + s(sp) + s(nirradiance), data = .)   1167.900
gam(log(value) ~ s(wdir) + s(pblmax) + s(pbl00) + s(jd) + s(ptp) + s(pblmin) + s(u10m) + s(tmin2m) + s(tp) + s(v10m) + s(sp) + s(nirradiance), data = .)    1162.810
gam(log(value) ~ s(wspeed) + s(pblmax) + s(pbl00) + s(jd) + s(ptp) + s(pblmin) + s(u10m) + s(tmin2m) + s(tp) + s(v10m) + s(sp) + s(nirradiance), data = .)  1174.874
gam(log(value) ~ s(pwspeed) + s(pblmax) + s(pbl00) + s(jd) + s(ptp) + s(pblmin) + s(u10m) + s(tmin2m) + s(tp) + s(v10m) + s(sp) + s(nirradiance), data = .) 1176.008

[1] "Modello migliore: wdir - pblmax - pbl00 - jd - ptp - pblmin - u10m - tmin2m - tp - v10m - sp - nirradiance"

Variabile scelta wdir con AIC 1162.8104659089  

Fine per scelta MODELLO 

pblmax + pbl00 + jd + ptp + pblmin + u10m + tmin2m + tp + v10m + sp + nirradiance 

---------------------- 

NOTE: Log Print Time:  2021-05-11 13:21:59 
NOTE: Elapsed Time in seconds: 2.50605420271556 

Fine per scelta MODELLO 

pblmax + pbl00 + jd + ptp + pblmin + u10m + tmin2m + tp + v10m + sp + nirradiance 

---------------------- 

NOTE: Log Print Time:  2021-05-11 13:21:59 
NOTE: Elapsed Time in seconds: 0.0011594295501709 

Fine per scelta MODELLO 

pblmax + pbl00 + jd + ptp + pblmin + u10m + tmin2m + tp + v10m + sp + nirradiance 

---------------------- 

NOTE: Log Print Time:  2021-05-11 13:21:59 
NOTE: Elapsed Time in seconds: 0.00100064277648926 

Fine per scelta MODELLO 

pblmax + pbl00 + jd + ptp + pblmin + u10m + tmin2m + tp + v10m + sp + nirradiance 

---------------------- 

NOTE: Log Print Time:  2021-05-11 13:21:59 
NOTE: Elapsed Time in seconds: 0.000996828079223633 

Fine per scelta MODELLO 

pblmax + pbl00 + jd + ptp + pblmin + u10m + tmin2m + tp + v10m + sp + nirradiance 

---------------------- 

NOTE: Log Print Time:  2021-05-11 13:21:59 
NOTE: Elapsed Time in seconds: 0.00102472305297852 

Fine per scelta MODELLO 

pblmax + pbl00 + jd + ptp + pblmin + u10m + tmin2m + tp + v10m + sp + nirradiance 

---------------------- 

NOTE: Log Print Time:  2021-05-11 13:21:59 
NOTE: Elapsed Time in seconds: 0.0010073184967041 

Fine per scelta MODELLO 

pblmax + pbl00 + jd + ptp + pblmin + u10m + tmin2m + tp + v10m + sp + nirradiance 

---------------------- 

NOTE: Log Print Time:  2021-05-11 13:21:59 
NOTE: Elapsed Time in seconds: 0.000994205474853516 

Fine per scelta MODELLO 

pblmax + pbl00 + jd + ptp + pblmin + u10m + tmin2m + tp + v10m + sp + nirradiance 

---------------------- 

NOTE: Log Print Time:  2021-05-11 13:21:59 
NOTE: Elapsed Time in seconds: 0.000997066497802734 

Fine per scelta MODELLO 

pblmax + pbl00 + jd + ptp + pblmin + u10m + tmin2m + tp + v10m + sp + nirradiance 

---------------------- 

NOTE: Log Print Time:  2021-05-11 13:21:59 
NOTE: Elapsed Time in seconds: 0.000997066497802734 

Fine per scelta MODELLO 

pblmax + pbl00 + jd + ptp + pblmin + u10m + tmin2m + tp + v10m + sp + nirradiance 

---------------------- 

NOTE: Log Print Time:  2021-05-11 13:21:59 
NOTE: Elapsed Time in seconds: 0.001007080078125 

Fine per scelta MODELLO 

pblmax + pbl00 + jd + ptp + pblmin + u10m + tmin2m + tp + v10m + sp + nirradiance 

---------------------- 

NOTE: Log Print Time:  2021-05-11 13:21:59 
NOTE: Elapsed Time in seconds: 0.00100040435791016 

Fine per scelta MODELLO 

pblmax + pbl00 + jd + ptp + pblmin + u10m + tmin2m + tp + v10m + sp + nirradiance 

---------------------- 

NOTE: Log Print Time:  2021-05-11 13:21:59 
NOTE: Elapsed Time in seconds: 0.000996589660644531 

========================================================================= 
Log End Time: 2021-05-11 13:21:59 
Log Elapsed Time: 0 00:00:02 
========================================================================= 
