========================================================================= 
Log Path: output/12/pm25/log/pulvirus_pm25_12_IT0957A.log 
Working Directory: /home/rmorelli/R/pulvirus/analisi/GAM/scelta 
User Name: rmorelli 
R Version: 4.0.5 (2021-03-31) 
Machine: pasqualino x86_64 
Operating System: Linux 4.19.0-13-amd64 #1 SMP Debian 4.19.160-2 (2020-11-28) 
Log Start Time: 2021-05-11 13:07:04 
========================================================================= 

Stazione: IT0957A 

---------- START ---------- 

                                            IT0957A
gam(log(value) ~ s(t2m), data = .)         1987.803
gam(log(value) ~ s(tmin2m), data = .)      1951.059
gam(log(value) ~ s(tmax2m), data = .)      2180.430
gam(log(value) ~ s(tp), data = .)          2323.565
gam(log(value) ~ s(ptp), data = .)         2237.341
gam(log(value) ~ s(rh), data = .)          2444.399
gam(log(value) ~ s(u10m), data = .)        2254.495
gam(log(value) ~ s(v10m), data = .)        2325.053
gam(log(value) ~ s(sp), data = .)          2015.347
gam(log(value) ~ s(nirradiance), data = .) 2280.531
gam(log(value) ~ s(pbl00), data = .)       2296.988
gam(log(value) ~ s(pbl12), data = .)       2064.835
gam(log(value) ~ s(pblmin), data = .)      2328.591
gam(log(value) ~ s(pblmax), data = .)      2087.950
gam(log(value) ~ s(wdir), data = .)        2160.766
gam(log(value) ~ s(wspeed), data = .)      2415.002
gam(log(value) ~ s(pwspeed), data = .)     2428.723
gam(log(value) ~ s(jd), data = .)          2126.213

Modello migliore: tmin2m 

Variabile scelta tmin2m con AIC 1951.05895151793  

---------- START ---------- 

                                                        IT0957A
gam(log(value) ~ s(t2m) + s(tmin2m), data = .)         1886.198
gam(log(value) ~ s(tmin2m) + s(tmin2m), data = .)      1951.059
gam(log(value) ~ s(tmax2m) + s(tmin2m), data = .)      1806.683
gam(log(value) ~ s(tp) + s(tmin2m), data = .)          1827.652
gam(log(value) ~ s(ptp) + s(tmin2m), data = .)         1646.868
gam(log(value) ~ s(rh) + s(tmin2m), data = .)          1939.063
gam(log(value) ~ s(u10m) + s(tmin2m), data = .)        1826.828
gam(log(value) ~ s(v10m) + s(tmin2m), data = .)        1740.237
gam(log(value) ~ s(sp) + s(tmin2m), data = .)          1676.335
gam(log(value) ~ s(nirradiance) + s(tmin2m), data = .) 1920.361
gam(log(value) ~ s(pbl00) + s(tmin2m), data = .)       1700.834
gam(log(value) ~ s(pbl12) + s(tmin2m), data = .)       1786.981
gam(log(value) ~ s(pblmin) + s(tmin2m), data = .)      1741.506
gam(log(value) ~ s(pblmax) + s(tmin2m), data = .)      1745.789
gam(log(value) ~ s(wdir) + s(tmin2m), data = .)        1757.775
gam(log(value) ~ s(wspeed) + s(tmin2m), data = .)      1843.839
gam(log(value) ~ s(pwspeed) + s(tmin2m), data = .)     1820.522
gam(log(value) ~ s(jd) + s(tmin2m), data = .)          1948.940

Modello migliore: ptp - tmin2m 

Variabile scelta ptp con AIC 1646.86755379907  

Modelli BACKWARD 

                                                     IT0957A
gam(log(value) ~ s(t2m) + s(ptp), data = .)         1632.102
gam(log(value) ~ s(tmax2m) + s(ptp), data = .)      1781.019
gam(log(value) ~ s(tp) + s(ptp), data = .)          2190.132
gam(log(value) ~ s(rh) + s(ptp), data = .)          2071.656
gam(log(value) ~ s(u10m) + s(ptp), data = .)        1981.809
gam(log(value) ~ s(v10m) + s(ptp), data = .)        2101.385
gam(log(value) ~ s(sp) + s(ptp), data = .)          1902.751
gam(log(value) ~ s(nirradiance) + s(ptp), data = .) 1883.248
gam(log(value) ~ s(pbl00) + s(ptp), data = .)       2156.099
gam(log(value) ~ s(pbl12) + s(ptp), data = .)       1721.390
gam(log(value) ~ s(pblmin) + s(ptp), data = .)      2147.662
gam(log(value) ~ s(pblmax) + s(ptp), data = .)      1755.741
gam(log(value) ~ s(wdir) + s(ptp), data = .)        1881.468
gam(log(value) ~ s(wspeed) + s(ptp), data = .)      2186.875
gam(log(value) ~ s(pwspeed) + s(ptp), data = .)     2216.688
gam(log(value) ~ s(jd) + s(ptp), data = .)          1711.370

Modello migliore: t2m - ptp 

Dati backward:  1632.10164316844::t2m::ptp 

Scelgo il modello N 

---------- START ---------- 

                                                                 IT0957A
gam(log(value) ~ s(t2m) + s(tmin2m) + s(ptp), data = .)         1604.904
gam(log(value) ~ s(tmax2m) + s(tmin2m) + s(ptp), data = .)      1562.489
gam(log(value) ~ s(tp) + s(tmin2m) + s(ptp), data = .)          1622.454
gam(log(value) ~ s(rh) + s(tmin2m) + s(ptp), data = .)          1541.362
gam(log(value) ~ s(u10m) + s(tmin2m) + s(ptp), data = .)        1533.247
gam(log(value) ~ s(v10m) + s(tmin2m) + s(ptp), data = .)        1469.634
gam(log(value) ~ s(sp) + s(tmin2m) + s(ptp), data = .)          1533.683
gam(log(value) ~ s(nirradiance) + s(tmin2m) + s(ptp), data = .) 1565.803
gam(log(value) ~ s(pbl00) + s(tmin2m) + s(ptp), data = .)       1520.148
gam(log(value) ~ s(pbl12) + s(tmin2m) + s(ptp), data = .)       1435.875
gam(log(value) ~ s(pblmin) + s(tmin2m) + s(ptp), data = .)      1508.444
gam(log(value) ~ s(pblmax) + s(tmin2m) + s(ptp), data = .)      1397.908
gam(log(value) ~ s(wdir) + s(tmin2m) + s(ptp), data = .)        1464.246
gam(log(value) ~ s(wspeed) + s(tmin2m) + s(ptp), data = .)      1561.948
gam(log(value) ~ s(pwspeed) + s(tmin2m) + s(ptp), data = .)     1591.088
gam(log(value) ~ s(jd) + s(tmin2m) + s(ptp), data = .)          1515.031

Modello migliore: pblmax - tmin2m - ptp 

Variabile scelta pblmax con AIC 1397.90816723822  

Modelli BACKWARD 

                                                                    IT0957A
gam(log(value) ~ s(t2m) + s(tmin2m) + s(pblmax), data = .)         1564.536
gam(log(value) ~ s(tmax2m) + s(tmin2m) + s(pblmax), data = .)      1449.776
gam(log(value) ~ s(tp) + s(tmin2m) + s(pblmax), data = .)          1511.379
gam(log(value) ~ s(rh) + s(tmin2m) + s(pblmax), data = .)          1691.529
gam(log(value) ~ s(u10m) + s(tmin2m) + s(pblmax), data = .)        1679.403
gam(log(value) ~ s(v10m) + s(tmin2m) + s(pblmax), data = .)        1589.385
gam(log(value) ~ s(sp) + s(tmin2m) + s(pblmax), data = .)          1493.951
gam(log(value) ~ s(nirradiance) + s(tmin2m) + s(pblmax), data = .) 1707.837
gam(log(value) ~ s(pbl00) + s(tmin2m) + s(pblmax), data = .)       1496.921
gam(log(value) ~ s(pbl12) + s(tmin2m) + s(pblmax), data = .)       1735.570
gam(log(value) ~ s(pblmin) + s(tmin2m) + s(pblmax), data = .)      1532.943
gam(log(value) ~ s(wdir) + s(tmin2m) + s(pblmax), data = .)        1644.617
gam(log(value) ~ s(wspeed) + s(tmin2m) + s(pblmax), data = .)      1641.840
gam(log(value) ~ s(pwspeed) + s(tmin2m) + s(pblmax), data = .)     1600.492
gam(log(value) ~ s(jd) + s(tmin2m) + s(pblmax), data = .)          1743.168

Modello migliore: tmax2m - tmin2m - pblmax 

Dati backward:  1449.77555736463::tmax2m::tmin2m::pblmax 

Scelgo il modello N 

---------- START ---------- 

                                                                             IT0957A
gam(log(value) ~ s(t2m) + s(tmin2m) + s(ptp) + s(pblmax), data = .)         1327.081
gam(log(value) ~ s(tmax2m) + s(tmin2m) + s(ptp) + s(pblmax), data = .)      1248.680
gam(log(value) ~ s(tp) + s(tmin2m) + s(ptp) + s(pblmax), data = .)          1312.404
gam(log(value) ~ s(rh) + s(tmin2m) + s(ptp) + s(pblmax), data = .)          1378.009
gam(log(value) ~ s(u10m) + s(tmin2m) + s(ptp) + s(pblmax), data = .)        1344.193
gam(log(value) ~ s(v10m) + s(tmin2m) + s(ptp) + s(pblmax), data = .)        1279.479
gam(log(value) ~ s(sp) + s(tmin2m) + s(ptp) + s(pblmax), data = .)          1312.560
gam(log(value) ~ s(nirradiance) + s(tmin2m) + s(ptp) + s(pblmax), data = .) 1385.634
gam(log(value) ~ s(pbl00) + s(tmin2m) + s(ptp) + s(pblmax), data = .)       1281.463
gam(log(value) ~ s(pbl12) + s(tmin2m) + s(ptp) + s(pblmax), data = .)       1387.428
gam(log(value) ~ s(pblmin) + s(tmin2m) + s(ptp) + s(pblmax), data = .)      1265.548
gam(log(value) ~ s(wdir) + s(tmin2m) + s(ptp) + s(pblmax), data = .)        1310.566
gam(log(value) ~ s(wspeed) + s(tmin2m) + s(ptp) + s(pblmax), data = .)      1319.410
gam(log(value) ~ s(pwspeed) + s(tmin2m) + s(ptp) + s(pblmax), data = .)     1337.199
gam(log(value) ~ s(jd) + s(tmin2m) + s(ptp) + s(pblmax), data = .)          1364.164

Modello migliore: tmax2m - tmin2m - ptp - pblmax 

Variabile scelta tmax2m con AIC 1248.68016076117  

Modelli BACKWARD 

                                                                             IT0957A
gam(log(value) ~ s(t2m) + s(tmin2m) + s(ptp) + s(tmax2m), data = .)         1476.290
gam(log(value) ~ s(tp) + s(tmin2m) + s(ptp) + s(tmax2m), data = .)          1541.222
gam(log(value) ~ s(rh) + s(tmin2m) + s(ptp) + s(tmax2m), data = .)          1348.131
gam(log(value) ~ s(u10m) + s(tmin2m) + s(ptp) + s(tmax2m), data = .)        1448.214
gam(log(value) ~ s(v10m) + s(tmin2m) + s(ptp) + s(tmax2m), data = .)        1408.270
gam(log(value) ~ s(sp) + s(tmin2m) + s(ptp) + s(tmax2m), data = .)          1463.239
gam(log(value) ~ s(nirradiance) + s(tmin2m) + s(ptp) + s(tmax2m), data = .) 1330.590
gam(log(value) ~ s(pbl00) + s(tmin2m) + s(ptp) + s(tmax2m), data = .)       1431.585
gam(log(value) ~ s(pbl12) + s(tmin2m) + s(ptp) + s(tmax2m), data = .)       1296.890
gam(log(value) ~ s(pblmin) + s(tmin2m) + s(ptp) + s(tmax2m), data = .)      1425.553
gam(log(value) ~ s(wdir) + s(tmin2m) + s(ptp) + s(tmax2m), data = .)        1387.596
gam(log(value) ~ s(wspeed) + s(tmin2m) + s(ptp) + s(tmax2m), data = .)      1478.694
gam(log(value) ~ s(pwspeed) + s(tmin2m) + s(ptp) + s(tmax2m), data = .)     1506.946
gam(log(value) ~ s(jd) + s(tmin2m) + s(ptp) + s(tmax2m), data = .)          1373.680

Modello migliore: pbl12 - tmin2m - ptp - tmax2m 

Dati backward:  1296.89027052549::pbl12::tmin2m::ptp::tmax2m 

Scelgo il modello N-1 

---------- START ---------- 

                                                                             IT0957A
gam(log(value) ~ s(t2m) + s(tmin2m) + s(ptp) + s(pblmax), data = .)         1327.081
gam(log(value) ~ s(tp) + s(tmin2m) + s(ptp) + s(pblmax), data = .)          1312.404
gam(log(value) ~ s(rh) + s(tmin2m) + s(ptp) + s(pblmax), data = .)          1378.009
gam(log(value) ~ s(u10m) + s(tmin2m) + s(ptp) + s(pblmax), data = .)        1344.193
gam(log(value) ~ s(v10m) + s(tmin2m) + s(ptp) + s(pblmax), data = .)        1279.479
gam(log(value) ~ s(sp) + s(tmin2m) + s(ptp) + s(pblmax), data = .)          1312.560
gam(log(value) ~ s(nirradiance) + s(tmin2m) + s(ptp) + s(pblmax), data = .) 1385.634
gam(log(value) ~ s(pbl00) + s(tmin2m) + s(ptp) + s(pblmax), data = .)       1281.463
gam(log(value) ~ s(pbl12) + s(tmin2m) + s(ptp) + s(pblmax), data = .)       1387.428
gam(log(value) ~ s(pblmin) + s(tmin2m) + s(ptp) + s(pblmax), data = .)      1265.548
gam(log(value) ~ s(wdir) + s(tmin2m) + s(ptp) + s(pblmax), data = .)        1310.566
gam(log(value) ~ s(wspeed) + s(tmin2m) + s(ptp) + s(pblmax), data = .)      1319.410
gam(log(value) ~ s(pwspeed) + s(tmin2m) + s(ptp) + s(pblmax), data = .)     1337.199
gam(log(value) ~ s(jd) + s(tmin2m) + s(ptp) + s(pblmax), data = .)          1364.164

Modello migliore: pblmin - tmin2m - ptp - pblmax 

Variabile scelta pblmin con AIC 1265.5477738626  

Fine per scelta MODELLO 

tmin2m + ptp + pblmax 

---------------------- 

NOTE: Log Print Time:  2021-05-11 13:07:17 
NOTE: Elapsed Time in seconds: 12.3048813343048 

Fine per scelta MODELLO 

tmin2m + ptp + pblmax 

---------------------- 

NOTE: Log Print Time:  2021-05-11 13:07:17 
NOTE: Elapsed Time in seconds: 0.00109434127807617 

Fine per scelta MODELLO 

tmin2m + ptp + pblmax 

---------------------- 

NOTE: Log Print Time:  2021-05-11 13:07:17 
NOTE: Elapsed Time in seconds: 0.000991106033325195 

Fine per scelta MODELLO 

tmin2m + ptp + pblmax 

---------------------- 

NOTE: Log Print Time:  2021-05-11 13:07:17 
NOTE: Elapsed Time in seconds: 0.00102496147155762 

========================================================================= 
Log End Time: 2021-05-11 13:07:17 
Log Elapsed Time: 0 00:00:12 
========================================================================= 
