========================================================================= 
Log Path: output/12/pm25/log/pulvirus_pm25_12_IT0887A.log 
Working Directory: /home/rmorelli/R/pulvirus/analisi/GAM/scelta 
User Name: rmorelli 
R Version: 4.0.5 (2021-03-31) 
Machine: pasqualino x86_64 
Operating System: Linux 4.19.0-13-amd64 #1 SMP Debian 4.19.160-2 (2020-11-28) 
Log Start Time: 2021-05-11 13:25:15 
========================================================================= 

Stazione: IT0887A 

---------- START ---------- 

                                            IT0887A
gam(log(value) ~ s(t2m), data = .)         1997.718
gam(log(value) ~ s(tmin2m), data = .)      1967.577
gam(log(value) ~ s(tmax2m), data = .)      2208.126
gam(log(value) ~ s(tp), data = .)          2334.364
gam(log(value) ~ s(ptp), data = .)         2310.394
gam(log(value) ~ s(rh), data = .)          2466.750
gam(log(value) ~ s(u10m), data = .)        2344.274
gam(log(value) ~ s(v10m), data = .)        2244.336
gam(log(value) ~ s(sp), data = .)          1990.833
gam(log(value) ~ s(nirradiance), data = .) 2308.845
gam(log(value) ~ s(pbl00), data = .)       2286.997
gam(log(value) ~ s(pbl12), data = .)       2028.325
gam(log(value) ~ s(pblmin), data = .)      2285.616
gam(log(value) ~ s(pblmax), data = .)      2042.629
gam(log(value) ~ s(wdir), data = .)        2127.169
gam(log(value) ~ s(wspeed), data = .)      2365.157
gam(log(value) ~ s(pwspeed), data = .)     2449.018
gam(log(value) ~ s(jd), data = .)          2070.180

Modello migliore: tmin2m 

Variabile scelta tmin2m con AIC 1967.57715934866  

---------- START ---------- 

                                                        IT0887A
gam(log(value) ~ s(t2m) + s(tmin2m), data = .)         1887.353
gam(log(value) ~ s(tmin2m) + s(tmin2m), data = .)      1967.577
gam(log(value) ~ s(tmax2m) + s(tmin2m), data = .)      1803.409
gam(log(value) ~ s(tp) + s(tmin2m), data = .)          1804.425
gam(log(value) ~ s(ptp) + s(tmin2m), data = .)         1690.742
gam(log(value) ~ s(rh) + s(tmin2m), data = .)          1949.749
gam(log(value) ~ s(u10m) + s(tmin2m), data = .)        1893.252
gam(log(value) ~ s(v10m) + s(tmin2m), data = .)        1608.924
gam(log(value) ~ s(sp) + s(tmin2m), data = .)          1614.238
gam(log(value) ~ s(nirradiance) + s(tmin2m), data = .) 1932.655
gam(log(value) ~ s(pbl00) + s(tmin2m), data = .)       1630.598
gam(log(value) ~ s(pbl12) + s(tmin2m), data = .)       1747.219
gam(log(value) ~ s(pblmin) + s(tmin2m), data = .)      1645.172
gam(log(value) ~ s(pblmax) + s(tmin2m), data = .)      1698.038
gam(log(value) ~ s(wdir) + s(tmin2m), data = .)        1682.524
gam(log(value) ~ s(wspeed) + s(tmin2m), data = .)      1722.953
gam(log(value) ~ s(pwspeed) + s(tmin2m), data = .)     1794.923
gam(log(value) ~ s(jd) + s(tmin2m), data = .)          1825.553

Modello migliore: v10m - tmin2m 

Variabile scelta v10m con AIC 1608.92410108424  

Modelli BACKWARD 

                                                      IT0887A
gam(log(value) ~ s(t2m) + s(v10m), data = .)         1584.283
gam(log(value) ~ s(tmax2m) + s(v10m), data = .)      1783.397
gam(log(value) ~ s(tp) + s(v10m), data = .)          2122.181
gam(log(value) ~ s(ptp) + s(v10m), data = .)         2061.154
gam(log(value) ~ s(rh) + s(v10m), data = .)          2192.522
gam(log(value) ~ s(u10m) + s(v10m), data = .)        2041.118
gam(log(value) ~ s(sp) + s(v10m), data = .)          1831.933
gam(log(value) ~ s(nirradiance) + s(v10m), data = .) 1947.513
gam(log(value) ~ s(pbl00) + s(v10m), data = .)       2132.734
gam(log(value) ~ s(pbl12) + s(v10m), data = .)       1806.669
gam(log(value) ~ s(pblmin) + s(v10m), data = .)      2158.758
gam(log(value) ~ s(pblmax) + s(v10m), data = .)      1816.723
gam(log(value) ~ s(wdir) + s(v10m), data = .)        2029.854
gam(log(value) ~ s(wspeed) + s(v10m), data = .)      2155.153
gam(log(value) ~ s(pwspeed) + s(v10m), data = .)     2219.803
gam(log(value) ~ s(jd) + s(v10m), data = .)          1666.564

Modello migliore: t2m - v10m 

Dati backward:  1584.28315063666::t2m::v10m 

Scelgo il modello N 

---------- START ---------- 

                                                                  IT0887A
gam(log(value) ~ s(t2m) + s(tmin2m) + s(v10m), data = .)         1551.012
gam(log(value) ~ s(tmax2m) + s(tmin2m) + s(v10m), data = .)      1538.460
gam(log(value) ~ s(tp) + s(tmin2m) + s(v10m), data = .)          1459.176
gam(log(value) ~ s(ptp) + s(tmin2m) + s(v10m), data = .)         1363.403
gam(log(value) ~ s(rh) + s(tmin2m) + s(v10m), data = .)          1610.789
gam(log(value) ~ s(u10m) + s(tmin2m) + s(v10m), data = .)        1518.156
gam(log(value) ~ s(sp) + s(tmin2m) + s(v10m), data = .)          1360.431
gam(log(value) ~ s(nirradiance) + s(tmin2m) + s(v10m), data = .) 1544.903
gam(log(value) ~ s(pbl00) + s(tmin2m) + s(v10m), data = .)       1479.422
gam(log(value) ~ s(pbl12) + s(tmin2m) + s(v10m), data = .)       1452.035
gam(log(value) ~ s(pblmin) + s(tmin2m) + s(v10m), data = .)      1525.553
gam(log(value) ~ s(pblmax) + s(tmin2m) + s(v10m), data = .)      1408.459
gam(log(value) ~ s(wdir) + s(tmin2m) + s(v10m), data = .)        1503.725
gam(log(value) ~ s(wspeed) + s(tmin2m) + s(v10m), data = .)      1593.795
gam(log(value) ~ s(pwspeed) + s(tmin2m) + s(v10m), data = .)     1536.578
gam(log(value) ~ s(jd) + s(tmin2m) + s(v10m), data = .)          1411.325

Modello migliore: sp - tmin2m - v10m 

Variabile scelta sp con AIC 1360.43147744532  

Modelli BACKWARD 

                                                                IT0887A
gam(log(value) ~ s(t2m) + s(tmin2m) + s(sp), data = .)         1555.361
gam(log(value) ~ s(tmax2m) + s(tmin2m) + s(sp), data = .)      1536.840
gam(log(value) ~ s(tp) + s(tmin2m) + s(sp), data = .)          1580.578
gam(log(value) ~ s(ptp) + s(tmin2m) + s(sp), data = .)         1509.168
gam(log(value) ~ s(rh) + s(tmin2m) + s(sp), data = .)          1558.117
gam(log(value) ~ s(u10m) + s(tmin2m) + s(sp), data = .)        1566.945
gam(log(value) ~ s(nirradiance) + s(tmin2m) + s(sp), data = .) 1551.026
gam(log(value) ~ s(pbl00) + s(tmin2m) + s(sp), data = .)       1420.734
gam(log(value) ~ s(pbl12) + s(tmin2m) + s(sp), data = .)       1406.804
gam(log(value) ~ s(pblmin) + s(tmin2m) + s(sp), data = .)      1431.149
gam(log(value) ~ s(pblmax) + s(tmin2m) + s(sp), data = .)      1384.639
gam(log(value) ~ s(wdir) + s(tmin2m) + s(sp), data = .)        1419.339
gam(log(value) ~ s(wspeed) + s(tmin2m) + s(sp), data = .)      1469.962
gam(log(value) ~ s(pwspeed) + s(tmin2m) + s(sp), data = .)     1519.944
gam(log(value) ~ s(jd) + s(tmin2m) + s(sp), data = .)          1469.628

Modello migliore: pblmax - tmin2m - sp 

Dati backward:  1384.63870555971::pblmax::tmin2m::sp 

Scelgo il modello N 

---------- START ---------- 

                                                                          IT0887A
gam(log(value) ~ s(t2m) + s(tmin2m) + s(v10m) + s(sp), data = .)         1281.386
gam(log(value) ~ s(tmax2m) + s(tmin2m) + s(v10m) + s(sp), data = .)      1308.820
gam(log(value) ~ s(tp) + s(tmin2m) + s(v10m) + s(sp), data = .)          1309.920
gam(log(value) ~ s(ptp) + s(tmin2m) + s(v10m) + s(sp), data = .)         1246.930
gam(log(value) ~ s(rh) + s(tmin2m) + s(v10m) + s(sp), data = .)          1352.311
gam(log(value) ~ s(u10m) + s(tmin2m) + s(v10m) + s(sp), data = .)        1296.005
gam(log(value) ~ s(nirradiance) + s(tmin2m) + s(v10m) + s(sp), data = .) 1282.404
gam(log(value) ~ s(pbl00) + s(tmin2m) + s(v10m) + s(sp), data = .)       1289.963
gam(log(value) ~ s(pbl12) + s(tmin2m) + s(v10m) + s(sp), data = .)       1218.422
gam(log(value) ~ s(pblmin) + s(tmin2m) + s(v10m) + s(sp), data = .)      1322.698
gam(log(value) ~ s(pblmax) + s(tmin2m) + s(v10m) + s(sp), data = .)      1192.913
gam(log(value) ~ s(wdir) + s(tmin2m) + s(v10m) + s(sp), data = .)        1286.226
gam(log(value) ~ s(wspeed) + s(tmin2m) + s(v10m) + s(sp), data = .)      1334.934
gam(log(value) ~ s(pwspeed) + s(tmin2m) + s(v10m) + s(sp), data = .)     1315.676
gam(log(value) ~ s(jd) + s(tmin2m) + s(v10m) + s(sp), data = .)          1187.405

Modello migliore: jd - tmin2m - v10m - sp 

Variabile scelta jd con AIC 1187.40491032798  

Modelli BACKWARD 

                                                                          IT0887A
gam(log(value) ~ s(t2m) + s(tmin2m) + s(v10m) + s(jd), data = .)         1285.286
gam(log(value) ~ s(tmax2m) + s(tmin2m) + s(v10m) + s(jd), data = .)      1221.157
gam(log(value) ~ s(tp) + s(tmin2m) + s(v10m) + s(jd), data = .)          1166.632
gam(log(value) ~ s(ptp) + s(tmin2m) + s(v10m) + s(jd), data = .)         1099.373
gam(log(value) ~ s(rh) + s(tmin2m) + s(v10m) + s(jd), data = .)          1364.736
gam(log(value) ~ s(u10m) + s(tmin2m) + s(v10m) + s(jd), data = .)        1358.705
gam(log(value) ~ s(nirradiance) + s(tmin2m) + s(v10m) + s(jd), data = .) 1356.197
gam(log(value) ~ s(pbl00) + s(tmin2m) + s(v10m) + s(jd), data = .)       1187.503
gam(log(value) ~ s(pbl12) + s(tmin2m) + s(v10m) + s(jd), data = .)       1343.040
gam(log(value) ~ s(pblmin) + s(tmin2m) + s(v10m) + s(jd), data = .)      1245.375
gam(log(value) ~ s(pblmax) + s(tmin2m) + s(v10m) + s(jd), data = .)      1311.752
gam(log(value) ~ s(wdir) + s(tmin2m) + s(v10m) + s(jd), data = .)        1341.133
gam(log(value) ~ s(wspeed) + s(tmin2m) + s(v10m) + s(jd), data = .)      1409.162
gam(log(value) ~ s(pwspeed) + s(tmin2m) + s(v10m) + s(jd), data = .)     1323.725

Modello migliore: ptp - tmin2m - v10m - jd 

Dati backward:  1099.37329249811::ptp::tmin2m::v10m::jd 

Scelgo il modello N 

---------- START ---------- 

                                                                                  IT0887A
gam(log(value) ~ s(t2m) + s(tmin2m) + s(v10m) + s(sp) + s(jd), data = .)         1097.812
gam(log(value) ~ s(tmax2m) + s(tmin2m) + s(v10m) + s(sp) + s(jd), data = .)      1084.387
gam(log(value) ~ s(tp) + s(tmin2m) + s(v10m) + s(sp) + s(jd), data = .)          1075.283
gam(log(value) ~ s(ptp) + s(tmin2m) + s(v10m) + s(sp) + s(jd), data = .)         1013.535
gam(log(value) ~ s(rh) + s(tmin2m) + s(v10m) + s(sp) + s(jd), data = .)          1177.251
gam(log(value) ~ s(u10m) + s(tmin2m) + s(v10m) + s(sp) + s(jd), data = .)        1154.742
gam(log(value) ~ s(nirradiance) + s(tmin2m) + s(v10m) + s(sp) + s(jd), data = .) 1156.902
gam(log(value) ~ s(pbl00) + s(tmin2m) + s(v10m) + s(sp) + s(jd), data = .)       1048.893
gam(log(value) ~ s(pbl12) + s(tmin2m) + s(v10m) + s(sp) + s(jd), data = .)       1114.155
gam(log(value) ~ s(pblmin) + s(tmin2m) + s(v10m) + s(sp) + s(jd), data = .)      1091.025
gam(log(value) ~ s(pblmax) + s(tmin2m) + s(v10m) + s(sp) + s(jd), data = .)      1094.973
gam(log(value) ~ s(wdir) + s(tmin2m) + s(v10m) + s(sp) + s(jd), data = .)        1139.057
gam(log(value) ~ s(wspeed) + s(tmin2m) + s(v10m) + s(sp) + s(jd), data = .)      1175.883
gam(log(value) ~ s(pwspeed) + s(tmin2m) + s(v10m) + s(sp) + s(jd), data = .)     1135.245

Modello migliore: ptp - tmin2m - v10m - sp - jd 

Variabile scelta ptp con AIC 1013.53521255032  

Modelli BACKWARD 

                                                                                   IT0887A
gam(log(value) ~ s(t2m) + s(tmin2m) + s(v10m) + s(sp) + s(ptp), data = .)         1166.341
gam(log(value) ~ s(tmax2m) + s(tmin2m) + s(v10m) + s(sp) + s(ptp), data = .)      1197.473
gam(log(value) ~ s(tp) + s(tmin2m) + s(v10m) + s(sp) + s(ptp), data = .)          1225.236
gam(log(value) ~ s(rh) + s(tmin2m) + s(v10m) + s(sp) + s(ptp), data = .)          1194.863
gam(log(value) ~ s(u10m) + s(tmin2m) + s(v10m) + s(sp) + s(ptp), data = .)        1182.670
gam(log(value) ~ s(nirradiance) + s(tmin2m) + s(v10m) + s(sp) + s(ptp), data = .) 1144.259
gam(log(value) ~ s(pbl00) + s(tmin2m) + s(v10m) + s(sp) + s(ptp), data = .)       1203.375
gam(log(value) ~ s(pbl12) + s(tmin2m) + s(v10m) + s(sp) + s(ptp), data = .)       1081.955
gam(log(value) ~ s(pblmin) + s(tmin2m) + s(v10m) + s(sp) + s(ptp), data = .)      1213.965
gam(log(value) ~ s(pblmax) + s(tmin2m) + s(v10m) + s(sp) + s(ptp), data = .)      1057.320
gam(log(value) ~ s(wdir) + s(tmin2m) + s(v10m) + s(sp) + s(ptp), data = .)        1173.657
gam(log(value) ~ s(wspeed) + s(tmin2m) + s(v10m) + s(sp) + s(ptp), data = .)      1220.874
gam(log(value) ~ s(pwspeed) + s(tmin2m) + s(v10m) + s(sp) + s(ptp), data = .)     1214.783

Modello migliore: pblmax - tmin2m - v10m - sp - ptp 

Dati backward:  1057.31951803623::pblmax::tmin2m::v10m::sp::ptp 

Scelgo il modello N 

---------- START ---------- 

                                                                                            IT0887A
gam(log(value) ~ s(t2m) + s(tmin2m) + s(v10m) + s(sp) + s(jd) + s(ptp), data = .)          962.9334
gam(log(value) ~ s(tmax2m) + s(tmin2m) + s(v10m) + s(sp) + s(jd) + s(ptp), data = .)       953.4773
gam(log(value) ~ s(tp) + s(tmin2m) + s(v10m) + s(sp) + s(jd) + s(ptp), data = .)           952.3552
gam(log(value) ~ s(rh) + s(tmin2m) + s(v10m) + s(sp) + s(jd) + s(ptp), data = .)          1010.9842
gam(log(value) ~ s(u10m) + s(tmin2m) + s(v10m) + s(sp) + s(jd) + s(ptp), data = .)         986.0106
gam(log(value) ~ s(nirradiance) + s(tmin2m) + s(v10m) + s(sp) + s(jd) + s(ptp), data = .)  995.3003
gam(log(value) ~ s(pbl00) + s(tmin2m) + s(v10m) + s(sp) + s(jd) + s(ptp), data = .)        914.5924
gam(log(value) ~ s(pbl12) + s(tmin2m) + s(v10m) + s(sp) + s(jd) + s(ptp), data = .)        934.3147
gam(log(value) ~ s(pblmin) + s(tmin2m) + s(v10m) + s(sp) + s(jd) + s(ptp), data = .)       920.0587
gam(log(value) ~ s(pblmax) + s(tmin2m) + s(v10m) + s(sp) + s(jd) + s(ptp), data = .)       917.3144
gam(log(value) ~ s(wdir) + s(tmin2m) + s(v10m) + s(sp) + s(jd) + s(ptp), data = .)         971.4673
gam(log(value) ~ s(wspeed) + s(tmin2m) + s(v10m) + s(sp) + s(jd) + s(ptp), data = .)       998.9507
gam(log(value) ~ s(pwspeed) + s(tmin2m) + s(v10m) + s(sp) + s(jd) + s(ptp), data = .)      983.1290

Modello migliore: pbl00 - tmin2m - v10m - sp - jd - ptp 

Variabile scelta pbl00 con AIC 914.592398300182  

Modelli BACKWARD 

                                                                                              IT0887A
gam(log(value) ~ s(t2m) + s(tmin2m) + s(v10m) + s(sp) + s(jd) + s(pbl00), data = .)          996.8007
gam(log(value) ~ s(tmax2m) + s(tmin2m) + s(v10m) + s(sp) + s(jd) + s(pbl00), data = .)       989.8604
gam(log(value) ~ s(tp) + s(tmin2m) + s(v10m) + s(sp) + s(jd) + s(pbl00), data = .)           966.4263
gam(log(value) ~ s(rh) + s(tmin2m) + s(v10m) + s(sp) + s(jd) + s(pbl00), data = .)          1036.9460
gam(log(value) ~ s(u10m) + s(tmin2m) + s(v10m) + s(sp) + s(jd) + s(pbl00), data = .)        1029.1190
gam(log(value) ~ s(nirradiance) + s(tmin2m) + s(v10m) + s(sp) + s(jd) + s(pbl00), data = .) 1024.2548
gam(log(value) ~ s(pbl12) + s(tmin2m) + s(v10m) + s(sp) + s(jd) + s(pbl00), data = .)        972.7853
gam(log(value) ~ s(pblmin) + s(tmin2m) + s(v10m) + s(sp) + s(jd) + s(pbl00), data = .)      1027.8097
gam(log(value) ~ s(pblmax) + s(tmin2m) + s(v10m) + s(sp) + s(jd) + s(pbl00), data = .)       954.0946
gam(log(value) ~ s(wdir) + s(tmin2m) + s(v10m) + s(sp) + s(jd) + s(pbl00), data = .)        1010.0791
gam(log(value) ~ s(wspeed) + s(tmin2m) + s(v10m) + s(sp) + s(jd) + s(pbl00), data = .)      1030.3131
gam(log(value) ~ s(pwspeed) + s(tmin2m) + s(v10m) + s(sp) + s(jd) + s(pbl00), data = .)     1049.3793

Modello migliore: pblmax - tmin2m - v10m - sp - jd - pbl00 

Dati backward:  954.094615145679::pblmax::tmin2m::v10m::sp::jd::pbl00 

Scelgo il modello N 

---------- START ---------- 

                                                                                                      IT0887A
gam(log(value) ~ s(t2m) + s(tmin2m) + s(v10m) + s(sp) + s(jd) + s(ptp) + s(pbl00), data = .)         885.6262
gam(log(value) ~ s(tmax2m) + s(tmin2m) + s(v10m) + s(sp) + s(jd) + s(ptp) + s(pbl00), data = .)      877.5445
gam(log(value) ~ s(tp) + s(tmin2m) + s(v10m) + s(sp) + s(jd) + s(ptp) + s(pbl00), data = .)          866.8211
gam(log(value) ~ s(rh) + s(tmin2m) + s(v10m) + s(sp) + s(jd) + s(ptp) + s(pbl00), data = .)          915.8340
gam(log(value) ~ s(u10m) + s(tmin2m) + s(v10m) + s(sp) + s(jd) + s(ptp) + s(pbl00), data = .)        897.9165
gam(log(value) ~ s(nirradiance) + s(tmin2m) + s(v10m) + s(sp) + s(jd) + s(ptp) + s(pbl00), data = .) 899.5796
gam(log(value) ~ s(pbl12) + s(tmin2m) + s(v10m) + s(sp) + s(jd) + s(ptp) + s(pbl00), data = .)       833.0171
gam(log(value) ~ s(pblmin) + s(tmin2m) + s(v10m) + s(sp) + s(jd) + s(ptp) + s(pbl00), data = .)      882.6403
gam(log(value) ~ s(pblmax) + s(tmin2m) + s(v10m) + s(sp) + s(jd) + s(ptp) + s(pbl00), data = .)      816.7145
gam(log(value) ~ s(wdir) + s(tmin2m) + s(v10m) + s(sp) + s(jd) + s(ptp) + s(pbl00), data = .)        885.4148
gam(log(value) ~ s(wspeed) + s(tmin2m) + s(v10m) + s(sp) + s(jd) + s(ptp) + s(pbl00), data = .)      899.0352
gam(log(value) ~ s(pwspeed) + s(tmin2m) + s(v10m) + s(sp) + s(jd) + s(ptp) + s(pbl00), data = .)     914.9318

Modello migliore: pblmax - tmin2m - v10m - sp - jd - ptp - pbl00 

Variabile scelta pblmax con AIC 816.71450253485  

Modelli BACKWARD 

                                                                                                       IT0887A
gam(log(value) ~ s(t2m) + s(tmin2m) + s(v10m) + s(sp) + s(jd) + s(ptp) + s(pblmax), data = .)         832.6203
gam(log(value) ~ s(tmax2m) + s(tmin2m) + s(v10m) + s(sp) + s(jd) + s(ptp) + s(pblmax), data = .)      783.2650
gam(log(value) ~ s(tp) + s(tmin2m) + s(v10m) + s(sp) + s(jd) + s(ptp) + s(pblmax), data = .)          809.0923
gam(log(value) ~ s(rh) + s(tmin2m) + s(v10m) + s(sp) + s(jd) + s(ptp) + s(pblmax), data = .)          893.6633
gam(log(value) ~ s(u10m) + s(tmin2m) + s(v10m) + s(sp) + s(jd) + s(ptp) + s(pblmax), data = .)        903.3174
gam(log(value) ~ s(nirradiance) + s(tmin2m) + s(v10m) + s(sp) + s(jd) + s(ptp) + s(pblmax), data = .) 874.0608
gam(log(value) ~ s(pbl12) + s(tmin2m) + s(v10m) + s(sp) + s(jd) + s(ptp) + s(pblmax), data = .)       916.6438
gam(log(value) ~ s(pblmin) + s(tmin2m) + s(v10m) + s(sp) + s(jd) + s(ptp) + s(pblmax), data = .)      805.9614
gam(log(value) ~ s(wdir) + s(tmin2m) + s(v10m) + s(sp) + s(jd) + s(ptp) + s(pblmax), data = .)        891.6230
gam(log(value) ~ s(wspeed) + s(tmin2m) + s(v10m) + s(sp) + s(jd) + s(ptp) + s(pblmax), data = .)      914.0310
gam(log(value) ~ s(pwspeed) + s(tmin2m) + s(v10m) + s(sp) + s(jd) + s(ptp) + s(pblmax), data = .)     884.5388

Modello migliore: tmax2m - tmin2m - v10m - sp - jd - ptp - pblmax 

Dati backward:  783.264973008971::tmax2m::tmin2m::v10m::sp::jd::ptp::pblmax 

Scelgo il modello N 

---------- START ---------- 

                                                                                                                  IT0887A
gam(log(value) ~ s(t2m) + s(tmin2m) + s(v10m) + s(sp) + s(jd) + s(ptp) + s(pbl00) + s(pblmax), data = .)         770.7928
gam(log(value) ~ s(tmax2m) + s(tmin2m) + s(v10m) + s(sp) + s(jd) + s(ptp) + s(pbl00) + s(pblmax), data = .)      735.4243
gam(log(value) ~ s(tp) + s(tmin2m) + s(v10m) + s(sp) + s(jd) + s(ptp) + s(pbl00) + s(pblmax), data = .)          726.7581
gam(log(value) ~ s(rh) + s(tmin2m) + s(v10m) + s(sp) + s(jd) + s(ptp) + s(pbl00) + s(pblmax), data = .)          791.5332
gam(log(value) ~ s(u10m) + s(tmin2m) + s(v10m) + s(sp) + s(jd) + s(ptp) + s(pbl00) + s(pblmax), data = .)        811.6159
gam(log(value) ~ s(nirradiance) + s(tmin2m) + s(v10m) + s(sp) + s(jd) + s(ptp) + s(pbl00) + s(pblmax), data = .) 785.8028
gam(log(value) ~ s(pbl12) + s(tmin2m) + s(v10m) + s(sp) + s(jd) + s(ptp) + s(pbl00) + s(pblmax), data = .)       814.6421
gam(log(value) ~ s(pblmin) + s(tmin2m) + s(v10m) + s(sp) + s(jd) + s(ptp) + s(pbl00) + s(pblmax), data = .)      776.8282
gam(log(value) ~ s(wdir) + s(tmin2m) + s(v10m) + s(sp) + s(jd) + s(ptp) + s(pbl00) + s(pblmax), data = .)        798.7822
gam(log(value) ~ s(wspeed) + s(tmin2m) + s(v10m) + s(sp) + s(jd) + s(ptp) + s(pbl00) + s(pblmax), data = .)      816.1230
gam(log(value) ~ s(pwspeed) + s(tmin2m) + s(v10m) + s(sp) + s(jd) + s(ptp) + s(pbl00) + s(pblmax), data = .)     818.3083

Modello migliore: tp - tmin2m - v10m - sp - jd - ptp - pbl00 - pblmax 

Variabile scelta tp con AIC 726.758081198966  

Modelli BACKWARD 

                                                                                                              IT0887A
gam(log(value) ~ s(t2m) + s(tmin2m) + s(v10m) + s(sp) + s(jd) + s(ptp) + s(pbl00) + s(tp), data = .)         843.6152
gam(log(value) ~ s(tmax2m) + s(tmin2m) + s(v10m) + s(sp) + s(jd) + s(ptp) + s(pbl00) + s(tp), data = .)      846.1989
gam(log(value) ~ s(rh) + s(tmin2m) + s(v10m) + s(sp) + s(jd) + s(ptp) + s(pbl00) + s(tp), data = .)          852.3065
gam(log(value) ~ s(u10m) + s(tmin2m) + s(v10m) + s(sp) + s(jd) + s(ptp) + s(pbl00) + s(tp), data = .)        842.7022
gam(log(value) ~ s(nirradiance) + s(tmin2m) + s(v10m) + s(sp) + s(jd) + s(ptp) + s(pbl00) + s(tp), data = .) 834.5559
gam(log(value) ~ s(pbl12) + s(tmin2m) + s(v10m) + s(sp) + s(jd) + s(ptp) + s(pbl00) + s(tp), data = .)       739.6067
gam(log(value) ~ s(pblmin) + s(tmin2m) + s(v10m) + s(sp) + s(jd) + s(ptp) + s(pbl00) + s(tp), data = .)      842.0410
gam(log(value) ~ s(wdir) + s(tmin2m) + s(v10m) + s(sp) + s(jd) + s(ptp) + s(pbl00) + s(tp), data = .)        824.7722
gam(log(value) ~ s(wspeed) + s(tmin2m) + s(v10m) + s(sp) + s(jd) + s(ptp) + s(pbl00) + s(tp), data = .)      849.1814
gam(log(value) ~ s(pwspeed) + s(tmin2m) + s(v10m) + s(sp) + s(jd) + s(ptp) + s(pbl00) + s(tp), data = .)     868.0269

Modello migliore: pbl12 - tmin2m - v10m - sp - jd - ptp - pbl00 - tp 

Dati backward:  739.606685147467::pbl12::tmin2m::v10m::sp::jd::ptp::pbl00::tp 

Scelgo il modello N 

---------- START ---------- 

                                                                                                                          IT0887A
gam(log(value) ~ s(t2m) + s(tmin2m) + s(v10m) + s(sp) + s(jd) + s(ptp) + s(pbl00) + s(pblmax) + s(tp), data = .)         706.5383
gam(log(value) ~ s(tmax2m) + s(tmin2m) + s(v10m) + s(sp) + s(jd) + s(ptp) + s(pbl00) + s(pblmax) + s(tp), data = .)      683.2016
gam(log(value) ~ s(rh) + s(tmin2m) + s(v10m) + s(sp) + s(jd) + s(ptp) + s(pbl00) + s(pblmax) + s(tp), data = .)          726.2095
gam(log(value) ~ s(u10m) + s(tmin2m) + s(v10m) + s(sp) + s(jd) + s(ptp) + s(pbl00) + s(pblmax) + s(tp), data = .)        719.5344
gam(log(value) ~ s(nirradiance) + s(tmin2m) + s(v10m) + s(sp) + s(jd) + s(ptp) + s(pbl00) + s(pblmax) + s(tp), data = .) 725.5587
gam(log(value) ~ s(pbl12) + s(tmin2m) + s(v10m) + s(sp) + s(jd) + s(ptp) + s(pbl00) + s(pblmax) + s(tp), data = .)       717.9696
gam(log(value) ~ s(pblmin) + s(tmin2m) + s(v10m) + s(sp) + s(jd) + s(ptp) + s(pbl00) + s(pblmax) + s(tp), data = .)      695.6999
gam(log(value) ~ s(wdir) + s(tmin2m) + s(v10m) + s(sp) + s(jd) + s(ptp) + s(pbl00) + s(pblmax) + s(tp), data = .)        704.8670
gam(log(value) ~ s(wspeed) + s(tmin2m) + s(v10m) + s(sp) + s(jd) + s(ptp) + s(pbl00) + s(pblmax) + s(tp), data = .)      727.6094
gam(log(value) ~ s(pwspeed) + s(tmin2m) + s(v10m) + s(sp) + s(jd) + s(ptp) + s(pbl00) + s(pblmax) + s(tp), data = .)     727.1869

Modello migliore: tmax2m - tmin2m - v10m - sp - jd - ptp - pbl00 - pblmax - tp 

Variabile scelta tmax2m con AIC 683.20157824892  

Modelli BACKWARD 

                                                                                                                              IT0887A
gam(log(value) ~ s(t2m) + s(tmin2m) + s(v10m) + s(sp) + s(jd) + s(ptp) + s(pbl00) + s(pblmax) + s(tmax2m), data = .)         660.1273
gam(log(value) ~ s(rh) + s(tmin2m) + s(v10m) + s(sp) + s(jd) + s(ptp) + s(pbl00) + s(pblmax) + s(tmax2m), data = .)          709.3181
gam(log(value) ~ s(u10m) + s(tmin2m) + s(v10m) + s(sp) + s(jd) + s(ptp) + s(pbl00) + s(pblmax) + s(tmax2m), data = .)        729.2568
gam(log(value) ~ s(nirradiance) + s(tmin2m) + s(v10m) + s(sp) + s(jd) + s(ptp) + s(pbl00) + s(pblmax) + s(tmax2m), data = .) 720.9681
gam(log(value) ~ s(pbl12) + s(tmin2m) + s(v10m) + s(sp) + s(jd) + s(ptp) + s(pbl00) + s(pblmax) + s(tmax2m), data = .)       733.2617
gam(log(value) ~ s(pblmin) + s(tmin2m) + s(v10m) + s(sp) + s(jd) + s(ptp) + s(pbl00) + s(pblmax) + s(tmax2m), data = .)      708.5861
gam(log(value) ~ s(wdir) + s(tmin2m) + s(v10m) + s(sp) + s(jd) + s(ptp) + s(pbl00) + s(pblmax) + s(tmax2m), data = .)        713.3622
gam(log(value) ~ s(wspeed) + s(tmin2m) + s(v10m) + s(sp) + s(jd) + s(ptp) + s(pbl00) + s(pblmax) + s(tmax2m), data = .)      730.2101
gam(log(value) ~ s(pwspeed) + s(tmin2m) + s(v10m) + s(sp) + s(jd) + s(ptp) + s(pbl00) + s(pblmax) + s(tmax2m), data = .)     736.0506

Modello migliore: t2m - tmin2m - v10m - sp - jd - ptp - pbl00 - pblmax - tmax2m 

Dati backward:  660.127344801504::t2m::tmin2m::v10m::sp::jd::ptp::pbl00::pblmax::tmax2m 

Scelgo il modello N-1 

---------- START ---------- 

                                                                                                                          IT0887A
gam(log(value) ~ s(t2m) + s(tmin2m) + s(v10m) + s(sp) + s(jd) + s(ptp) + s(pbl00) + s(pblmax) + s(tp), data = .)         706.5383
gam(log(value) ~ s(rh) + s(tmin2m) + s(v10m) + s(sp) + s(jd) + s(ptp) + s(pbl00) + s(pblmax) + s(tp), data = .)          726.2095
gam(log(value) ~ s(u10m) + s(tmin2m) + s(v10m) + s(sp) + s(jd) + s(ptp) + s(pbl00) + s(pblmax) + s(tp), data = .)        719.5344
gam(log(value) ~ s(nirradiance) + s(tmin2m) + s(v10m) + s(sp) + s(jd) + s(ptp) + s(pbl00) + s(pblmax) + s(tp), data = .) 725.5587
gam(log(value) ~ s(pbl12) + s(tmin2m) + s(v10m) + s(sp) + s(jd) + s(ptp) + s(pbl00) + s(pblmax) + s(tp), data = .)       717.9696
gam(log(value) ~ s(pblmin) + s(tmin2m) + s(v10m) + s(sp) + s(jd) + s(ptp) + s(pbl00) + s(pblmax) + s(tp), data = .)      695.6999
gam(log(value) ~ s(wdir) + s(tmin2m) + s(v10m) + s(sp) + s(jd) + s(ptp) + s(pbl00) + s(pblmax) + s(tp), data = .)        704.8670
gam(log(value) ~ s(wspeed) + s(tmin2m) + s(v10m) + s(sp) + s(jd) + s(ptp) + s(pbl00) + s(pblmax) + s(tp), data = .)      727.6094
gam(log(value) ~ s(pwspeed) + s(tmin2m) + s(v10m) + s(sp) + s(jd) + s(ptp) + s(pbl00) + s(pblmax) + s(tp), data = .)     727.1869

Modello migliore: pblmin - tmin2m - v10m - sp - jd - ptp - pbl00 - pblmax - tp 

Variabile scelta pblmin con AIC 695.699886044604  

Fine per scelta MODELLO 

tmin2m + v10m + sp + jd + ptp + pbl00 + pblmax + tp 

---------------------- 

NOTE: Log Print Time:  2021-05-11 13:26:46 
NOTE: Elapsed Time in seconds: 1.51864553689957 

Fine per scelta MODELLO 

tmin2m + v10m + sp + jd + ptp + pbl00 + pblmax + tp 

---------------------- 

NOTE: Log Print Time:  2021-05-11 13:26:46 
NOTE: Elapsed Time in seconds: 0.00109314918518066 

Fine per scelta MODELLO 

tmin2m + v10m + sp + jd + ptp + pbl00 + pblmax + tp 

---------------------- 

NOTE: Log Print Time:  2021-05-11 13:26:46 
NOTE: Elapsed Time in seconds: 0.00100135803222656 

Fine per scelta MODELLO 

tmin2m + v10m + sp + jd + ptp + pbl00 + pblmax + tp 

---------------------- 

NOTE: Log Print Time:  2021-05-11 13:26:46 
NOTE: Elapsed Time in seconds: 0.000995635986328125 

Fine per scelta MODELLO 

tmin2m + v10m + sp + jd + ptp + pbl00 + pblmax + tp 

---------------------- 

NOTE: Log Print Time:  2021-05-11 13:26:46 
NOTE: Elapsed Time in seconds: 0.00100445747375488 

Fine per scelta MODELLO 

tmin2m + v10m + sp + jd + ptp + pbl00 + pblmax + tp 

---------------------- 

NOTE: Log Print Time:  2021-05-11 13:26:46 
NOTE: Elapsed Time in seconds: 0.000988483428955078 

Fine per scelta MODELLO 

tmin2m + v10m + sp + jd + ptp + pbl00 + pblmax + tp 

---------------------- 

NOTE: Log Print Time:  2021-05-11 13:26:46 
NOTE: Elapsed Time in seconds: 0.000984430313110352 

Fine per scelta MODELLO 

tmin2m + v10m + sp + jd + ptp + pbl00 + pblmax + tp 

---------------------- 

NOTE: Log Print Time:  2021-05-11 13:26:46 
NOTE: Elapsed Time in seconds: 0.000993967056274414 

Fine per scelta MODELLO 

tmin2m + v10m + sp + jd + ptp + pbl00 + pblmax + tp 

---------------------- 

NOTE: Log Print Time:  2021-05-11 13:26:46 
NOTE: Elapsed Time in seconds: 0.00100851058959961 

========================================================================= 
Log End Time: 2021-05-11 13:26:46 
Log Elapsed Time: 0 00:00:01 
========================================================================= 
