========================================================================= 
Log Path: output/12/pm10/log/pulvirus_pm10_12_IT0956A.log 
Working Directory: /home/rmorelli/R/pulvirus/analisi/GAM/scelta 
User Name: rmorelli 
R Version: 4.0.5 (2021-03-31) 
Machine: pasqualino x86_64 
Operating System: Linux 4.19.0-13-amd64 #1 SMP Debian 4.19.160-2 (2020-11-28) 
Log Start Time: 2021-05-11 12:40:14 
========================================================================= 

Stazione: IT0956A 

---------- START ---------- 

                                            IT0956A
gam(log(value) ~ s(t2m), data = .)         1812.653
gam(log(value) ~ s(tmin2m), data = .)      1783.136
gam(log(value) ~ s(tmax2m), data = .)      1832.882
gam(log(value) ~ s(tp), data = .)          1804.106
gam(log(value) ~ s(ptp), data = .)         1706.075
gam(log(value) ~ s(rh), data = .)          1827.680
gam(log(value) ~ s(u10m), data = .)        1822.619
gam(log(value) ~ s(v10m), data = .)        1665.820
gam(log(value) ~ s(sp), data = .)          1608.039
gam(log(value) ~ s(nirradiance), data = .) 1821.417
gam(log(value) ~ s(pbl00), data = .)       1700.192
gam(log(value) ~ s(pbl12), data = .)       1520.408
gam(log(value) ~ s(pblmin), data = .)      1653.069
gam(log(value) ~ s(pblmax), data = .)      1522.599
gam(log(value) ~ s(wdir), data = .)        1713.446
gam(log(value) ~ s(wspeed), data = .)      1772.693
gam(log(value) ~ s(pwspeed), data = .)     1847.194
gam(log(value) ~ s(jd), data = .)          1778.065

Modello migliore: pbl12 

Variabile scelta pbl12 con AIC 1520.40839035592  

---------- START ---------- 

                                                       IT0956A
gam(log(value) ~ s(t2m) + s(pbl12), data = .)         1499.570
gam(log(value) ~ s(tmin2m) + s(pbl12), data = .)      1483.224
gam(log(value) ~ s(tmax2m) + s(pbl12), data = .)      1476.096
gam(log(value) ~ s(tp) + s(pbl12), data = .)          1414.940
gam(log(value) ~ s(ptp) + s(pbl12), data = .)         1348.699
gam(log(value) ~ s(rh) + s(pbl12), data = .)          1489.650
gam(log(value) ~ s(u10m) + s(pbl12), data = .)        1500.136
gam(log(value) ~ s(v10m) + s(pbl12), data = .)        1332.549
gam(log(value) ~ s(sp) + s(pbl12), data = .)          1368.840
gam(log(value) ~ s(nirradiance) + s(pbl12), data = .) 1487.553
gam(log(value) ~ s(pbl00) + s(pbl12), data = .)       1414.483
gam(log(value) ~ s(pbl12) + s(pbl12), data = .)       1520.408
gam(log(value) ~ s(pblmin) + s(pbl12), data = .)      1381.561
gam(log(value) ~ s(pblmax) + s(pbl12), data = .)      1479.373
gam(log(value) ~ s(wdir) + s(pbl12), data = .)        1418.851
gam(log(value) ~ s(wspeed) + s(pbl12), data = .)      1476.597
gam(log(value) ~ s(pwspeed) + s(pbl12), data = .)     1482.999
gam(log(value) ~ s(jd) + s(pbl12), data = .)          1458.296

Modello migliore: v10m - pbl12 

Variabile scelta v10m con AIC 1332.54947165301  

Modelli BACKWARD 

                                                      IT0956A
gam(log(value) ~ s(t2m) + s(v10m), data = .)         1450.879
gam(log(value) ~ s(tmin2m) + s(v10m), data = .)      1412.867
gam(log(value) ~ s(tmax2m) + s(v10m), data = .)      1558.340
gam(log(value) ~ s(tp) + s(v10m), data = .)          1514.259
gam(log(value) ~ s(ptp) + s(v10m), data = .)         1493.887
gam(log(value) ~ s(rh) + s(v10m), data = .)          1624.398
gam(log(value) ~ s(u10m) + s(v10m), data = .)        1562.891
gam(log(value) ~ s(sp) + s(v10m), data = .)          1328.299
gam(log(value) ~ s(nirradiance) + s(v10m), data = .) 1522.386
gam(log(value) ~ s(pbl00) + s(v10m), data = .)       1554.415
gam(log(value) ~ s(pblmin) + s(v10m), data = .)      1528.905
gam(log(value) ~ s(pblmax) + s(v10m), data = .)      1399.286
gam(log(value) ~ s(wdir) + s(v10m), data = .)        1567.034
gam(log(value) ~ s(wspeed) + s(v10m), data = .)      1653.786
gam(log(value) ~ s(pwspeed) + s(v10m), data = .)     1644.705
gam(log(value) ~ s(jd) + s(v10m), data = .)          1453.598

Modello migliore: sp - v10m 

Dati backward:  1328.29948311903::sp::v10m 

Scelgo il modello N 

---------- START ---------- 

                                                                 IT0956A
gam(log(value) ~ s(t2m) + s(pbl12) + s(v10m), data = .)         1254.693
gam(log(value) ~ s(tmin2m) + s(pbl12) + s(v10m), data = .)      1214.711
gam(log(value) ~ s(tmax2m) + s(pbl12) + s(v10m), data = .)      1304.348
gam(log(value) ~ s(tp) + s(pbl12) + s(v10m), data = .)          1121.726
gam(log(value) ~ s(ptp) + s(pbl12) + s(v10m), data = .)         1175.540
gam(log(value) ~ s(rh) + s(pbl12) + s(v10m), data = .)          1294.792
gam(log(value) ~ s(u10m) + s(pbl12) + s(v10m), data = .)        1312.121
gam(log(value) ~ s(sp) + s(pbl12) + s(v10m), data = .)          1131.875
gam(log(value) ~ s(nirradiance) + s(pbl12) + s(v10m), data = .) 1259.044
gam(log(value) ~ s(pbl00) + s(pbl12) + s(v10m), data = .)       1255.491
gam(log(value) ~ s(pblmin) + s(pbl12) + s(v10m), data = .)      1242.814
gam(log(value) ~ s(pblmax) + s(pbl12) + s(v10m), data = .)      1324.377
gam(log(value) ~ s(wdir) + s(pbl12) + s(v10m), data = .)        1307.056
gam(log(value) ~ s(wspeed) + s(pbl12) + s(v10m), data = .)      1331.590
gam(log(value) ~ s(pwspeed) + s(pbl12) + s(v10m), data = .)     1312.124
gam(log(value) ~ s(jd) + s(pbl12) + s(v10m), data = .)          1228.012

Modello migliore: tp - pbl12 - v10m 

Variabile scelta tp con AIC 1121.72634426227  

Modelli BACKWARD 

                                                               IT0956A
gam(log(value) ~ s(t2m) + s(pbl12) + s(tp), data = .)         1398.723
gam(log(value) ~ s(tmin2m) + s(pbl12) + s(tp), data = .)      1399.714
gam(log(value) ~ s(tmax2m) + s(pbl12) + s(tp), data = .)      1363.776
gam(log(value) ~ s(ptp) + s(pbl12) + s(tp), data = .)         1320.280
gam(log(value) ~ s(rh) + s(pbl12) + s(tp), data = .)          1332.985
gam(log(value) ~ s(u10m) + s(pbl12) + s(tp), data = .)        1354.925
gam(log(value) ~ s(sp) + s(pbl12) + s(tp), data = .)          1329.616
gam(log(value) ~ s(nirradiance) + s(pbl12) + s(tp), data = .) 1363.921
gam(log(value) ~ s(pbl00) + s(pbl12) + s(tp), data = .)       1349.325
gam(log(value) ~ s(pblmin) + s(pbl12) + s(tp), data = .)      1319.370
gam(log(value) ~ s(pblmax) + s(pbl12) + s(tp), data = .)      1399.632
gam(log(value) ~ s(wdir) + s(pbl12) + s(tp), data = .)        1236.691
gam(log(value) ~ s(wspeed) + s(pbl12) + s(tp), data = .)      1396.716
gam(log(value) ~ s(pwspeed) + s(pbl12) + s(tp), data = .)     1400.226
gam(log(value) ~ s(jd) + s(pbl12) + s(tp), data = .)          1317.879

Modello migliore: wdir - pbl12 - tp 

Dati backward:  1236.69061527935::wdir::pbl12::tp 

Scelgo il modello N 

---------- START ---------- 

                                                                          IT0956A
gam(log(value) ~ s(t2m) + s(pbl12) + s(v10m) + s(tp), data = .)         1027.1542
gam(log(value) ~ s(tmin2m) + s(pbl12) + s(v10m) + s(tp), data = .)      1015.2833
gam(log(value) ~ s(tmax2m) + s(pbl12) + s(v10m) + s(tp), data = .)      1058.2538
gam(log(value) ~ s(ptp) + s(pbl12) + s(v10m) + s(tp), data = .)         1071.0940
gam(log(value) ~ s(rh) + s(pbl12) + s(v10m) + s(tp), data = .)          1071.0754
gam(log(value) ~ s(u10m) + s(pbl12) + s(v10m) + s(tp), data = .)        1078.6196
gam(log(value) ~ s(sp) + s(pbl12) + s(v10m) + s(tp), data = .)           997.7851
gam(log(value) ~ s(nirradiance) + s(pbl12) + s(v10m) + s(tp), data = .)  992.2796
gam(log(value) ~ s(pbl00) + s(pbl12) + s(v10m) + s(tp), data = .)       1085.8499
gam(log(value) ~ s(pblmin) + s(pbl12) + s(v10m) + s(tp), data = .)      1084.4544
gam(log(value) ~ s(pblmax) + s(pbl12) + s(v10m) + s(tp), data = .)      1118.9826
gam(log(value) ~ s(wdir) + s(pbl12) + s(v10m) + s(tp), data = .)        1069.2976
gam(log(value) ~ s(wspeed) + s(pbl12) + s(v10m) + s(tp), data = .)      1111.6875
gam(log(value) ~ s(pwspeed) + s(pbl12) + s(v10m) + s(tp), data = .)     1114.0027
gam(log(value) ~ s(jd) + s(pbl12) + s(v10m) + s(tp), data = .)           945.5146

Modello migliore: jd - pbl12 - v10m - tp 

Variabile scelta jd con AIC 945.514559180904  

Modelli BACKWARD 

                                                                         IT0956A
gam(log(value) ~ s(t2m) + s(pbl12) + s(v10m) + s(jd), data = .)         1172.504
gam(log(value) ~ s(tmin2m) + s(pbl12) + s(v10m) + s(jd), data = .)      1147.410
gam(log(value) ~ s(tmax2m) + s(pbl12) + s(v10m) + s(jd), data = .)      1166.143
gam(log(value) ~ s(ptp) + s(pbl12) + s(v10m) + s(jd), data = .)         1009.910
gam(log(value) ~ s(rh) + s(pbl12) + s(v10m) + s(jd), data = .)          1122.309
gam(log(value) ~ s(u10m) + s(pbl12) + s(v10m) + s(jd), data = .)        1225.706
gam(log(value) ~ s(sp) + s(pbl12) + s(v10m) + s(jd), data = .)          1050.421
gam(log(value) ~ s(nirradiance) + s(pbl12) + s(v10m) + s(jd), data = .) 1103.786
gam(log(value) ~ s(pbl00) + s(pbl12) + s(v10m) + s(jd), data = .)       1091.561
gam(log(value) ~ s(pblmin) + s(pbl12) + s(v10m) + s(jd), data = .)      1086.072
gam(log(value) ~ s(pblmax) + s(pbl12) + s(v10m) + s(jd), data = .)      1199.751
gam(log(value) ~ s(wdir) + s(pbl12) + s(v10m) + s(jd), data = .)        1226.790
gam(log(value) ~ s(wspeed) + s(pbl12) + s(v10m) + s(jd), data = .)      1220.340
gam(log(value) ~ s(pwspeed) + s(pbl12) + s(v10m) + s(jd), data = .)     1189.914

Modello migliore: ptp - pbl12 - v10m - jd 

Dati backward:  1009.90979423614::ptp::pbl12::v10m::jd 

Scelgo il modello N 

---------- START ---------- 

                                                                                 IT0956A
gam(log(value) ~ s(t2m) + s(pbl12) + s(v10m) + s(tp) + s(jd), data = .)         918.7497
gam(log(value) ~ s(tmin2m) + s(pbl12) + s(v10m) + s(tp) + s(jd), data = .)      896.2074
gam(log(value) ~ s(tmax2m) + s(pbl12) + s(v10m) + s(tp) + s(jd), data = .)      933.4761
gam(log(value) ~ s(ptp) + s(pbl12) + s(v10m) + s(tp) + s(jd), data = .)         865.4480
gam(log(value) ~ s(rh) + s(pbl12) + s(v10m) + s(tp) + s(jd), data = .)          938.6985
gam(log(value) ~ s(u10m) + s(pbl12) + s(v10m) + s(tp) + s(jd), data = .)        944.4488
gam(log(value) ~ s(sp) + s(pbl12) + s(v10m) + s(tp) + s(jd), data = .)          879.2292
gam(log(value) ~ s(nirradiance) + s(pbl12) + s(v10m) + s(tp) + s(jd), data = .) 925.3832
gam(log(value) ~ s(pbl00) + s(pbl12) + s(v10m) + s(tp) + s(jd), data = .)       878.4741
gam(log(value) ~ s(pblmin) + s(pbl12) + s(v10m) + s(tp) + s(jd), data = .)      885.2976
gam(log(value) ~ s(pblmax) + s(pbl12) + s(v10m) + s(tp) + s(jd), data = .)      943.0978
gam(log(value) ~ s(wdir) + s(pbl12) + s(v10m) + s(tp) + s(jd), data = .)        940.0745
gam(log(value) ~ s(wspeed) + s(pbl12) + s(v10m) + s(tp) + s(jd), data = .)      944.8236
gam(log(value) ~ s(pwspeed) + s(pbl12) + s(v10m) + s(tp) + s(jd), data = .)     929.8600

Modello migliore: ptp - pbl12 - v10m - tp - jd 

Variabile scelta ptp con AIC 865.448014907282  

Modelli BACKWARD 

                                                                                   IT0956A
gam(log(value) ~ s(t2m) + s(pbl12) + s(v10m) + s(tp) + s(ptp), data = .)          968.9854
gam(log(value) ~ s(tmin2m) + s(pbl12) + s(v10m) + s(tp) + s(ptp), data = .)       964.4356
gam(log(value) ~ s(tmax2m) + s(pbl12) + s(v10m) + s(tp) + s(ptp), data = .)       991.1866
gam(log(value) ~ s(rh) + s(pbl12) + s(v10m) + s(tp) + s(ptp), data = .)           979.0408
gam(log(value) ~ s(u10m) + s(pbl12) + s(v10m) + s(tp) + s(ptp), data = .)        1030.6779
gam(log(value) ~ s(sp) + s(pbl12) + s(v10m) + s(tp) + s(ptp), data = .)           962.3945
gam(log(value) ~ s(nirradiance) + s(pbl12) + s(v10m) + s(tp) + s(ptp), data = .)  922.0640
gam(log(value) ~ s(pbl00) + s(pbl12) + s(v10m) + s(tp) + s(ptp), data = .)       1041.4484
gam(log(value) ~ s(pblmin) + s(pbl12) + s(v10m) + s(tp) + s(ptp), data = .)      1036.9324
gam(log(value) ~ s(pblmax) + s(pbl12) + s(v10m) + s(tp) + s(ptp), data = .)      1066.9014
gam(log(value) ~ s(wdir) + s(pbl12) + s(v10m) + s(tp) + s(ptp), data = .)        1021.0390
gam(log(value) ~ s(wspeed) + s(pbl12) + s(v10m) + s(tp) + s(ptp), data = .)      1064.7573
gam(log(value) ~ s(pwspeed) + s(pbl12) + s(v10m) + s(tp) + s(ptp), data = .)     1064.2452

Modello migliore: nirradiance - pbl12 - v10m - tp - ptp 

Dati backward:  922.06396927221::nirradiance::pbl12::v10m::tp::ptp 

Scelgo il modello N 

---------- START ---------- 

                                                                                          IT0956A
gam(log(value) ~ s(t2m) + s(pbl12) + s(v10m) + s(tp) + s(jd) + s(ptp), data = .)         848.1198
gam(log(value) ~ s(tmin2m) + s(pbl12) + s(v10m) + s(tp) + s(jd) + s(ptp), data = .)      829.6080
gam(log(value) ~ s(tmax2m) + s(pbl12) + s(v10m) + s(tp) + s(jd) + s(ptp), data = .)      859.2657
gam(log(value) ~ s(rh) + s(pbl12) + s(v10m) + s(tp) + s(jd) + s(ptp), data = .)          850.4316
gam(log(value) ~ s(u10m) + s(pbl12) + s(v10m) + s(tp) + s(jd) + s(ptp), data = .)        863.8536
gam(log(value) ~ s(sp) + s(pbl12) + s(v10m) + s(tp) + s(jd) + s(ptp), data = .)          819.7175
gam(log(value) ~ s(nirradiance) + s(pbl12) + s(v10m) + s(tp) + s(jd) + s(ptp), data = .) 840.2885
gam(log(value) ~ s(pbl00) + s(pbl12) + s(v10m) + s(tp) + s(jd) + s(ptp), data = .)       815.4005
gam(log(value) ~ s(pblmin) + s(pbl12) + s(v10m) + s(tp) + s(jd) + s(ptp), data = .)      806.7665
gam(log(value) ~ s(pblmax) + s(pbl12) + s(v10m) + s(tp) + s(jd) + s(ptp), data = .)      863.9091
gam(log(value) ~ s(wdir) + s(pbl12) + s(v10m) + s(tp) + s(jd) + s(ptp), data = .)        862.1141
gam(log(value) ~ s(wspeed) + s(pbl12) + s(v10m) + s(tp) + s(jd) + s(ptp), data = .)      861.5878
gam(log(value) ~ s(pwspeed) + s(pbl12) + s(v10m) + s(tp) + s(jd) + s(ptp), data = .)     856.9846

Modello migliore: pblmin - pbl12 - v10m - tp - jd - ptp 

Variabile scelta pblmin con AIC 806.766497647378  

Modelli BACKWARD 

                                                                                             IT0956A
gam(log(value) ~ s(t2m) + s(pbl12) + s(v10m) + s(tp) + s(jd) + s(pblmin), data = .)         855.2993
gam(log(value) ~ s(tmin2m) + s(pbl12) + s(v10m) + s(tp) + s(jd) + s(pblmin), data = .)      831.7385
gam(log(value) ~ s(tmax2m) + s(pbl12) + s(v10m) + s(tp) + s(jd) + s(pblmin), data = .)      871.3689
gam(log(value) ~ s(rh) + s(pbl12) + s(v10m) + s(tp) + s(jd) + s(pblmin), data = .)          883.6012
gam(log(value) ~ s(u10m) + s(pbl12) + s(v10m) + s(tp) + s(jd) + s(pblmin), data = .)        878.8859
gam(log(value) ~ s(sp) + s(pbl12) + s(v10m) + s(tp) + s(jd) + s(pblmin), data = .)          830.7337
gam(log(value) ~ s(nirradiance) + s(pbl12) + s(v10m) + s(tp) + s(jd) + s(pblmin), data = .) 867.5682
gam(log(value) ~ s(pbl00) + s(pbl12) + s(v10m) + s(tp) + s(jd) + s(pblmin), data = .)       865.7645
gam(log(value) ~ s(pblmax) + s(pbl12) + s(v10m) + s(tp) + s(jd) + s(pblmin), data = .)      883.0999
gam(log(value) ~ s(wdir) + s(pbl12) + s(v10m) + s(tp) + s(jd) + s(pblmin), data = .)        878.5929
gam(log(value) ~ s(wspeed) + s(pbl12) + s(v10m) + s(tp) + s(jd) + s(pblmin), data = .)      879.9183
gam(log(value) ~ s(pwspeed) + s(pbl12) + s(v10m) + s(tp) + s(jd) + s(pblmin), data = .)     873.3343

Modello migliore: sp - pbl12 - v10m - tp - jd - pblmin 

Dati backward:  830.733701510713::sp::pbl12::v10m::tp::jd::pblmin 

Scelgo il modello N 

---------- START ---------- 

                                                                                                      IT0956A
gam(log(value) ~ s(t2m) + s(pbl12) + s(v10m) + s(tp) + s(jd) + s(ptp) + s(pblmin), data = .)         787.3090
gam(log(value) ~ s(tmin2m) + s(pbl12) + s(v10m) + s(tp) + s(jd) + s(ptp) + s(pblmin), data = .)      766.8666
gam(log(value) ~ s(tmax2m) + s(pbl12) + s(v10m) + s(tp) + s(jd) + s(ptp) + s(pblmin), data = .)      799.4396
gam(log(value) ~ s(rh) + s(pbl12) + s(v10m) + s(tp) + s(jd) + s(ptp) + s(pblmin), data = .)          796.2934
gam(log(value) ~ s(u10m) + s(pbl12) + s(v10m) + s(tp) + s(jd) + s(ptp) + s(pblmin), data = .)        801.7478
gam(log(value) ~ s(sp) + s(pbl12) + s(v10m) + s(tp) + s(jd) + s(ptp) + s(pblmin), data = .)          770.5076
gam(log(value) ~ s(nirradiance) + s(pbl12) + s(v10m) + s(tp) + s(jd) + s(ptp) + s(pblmin), data = .) 785.3261
gam(log(value) ~ s(pbl00) + s(pbl12) + s(v10m) + s(tp) + s(jd) + s(ptp) + s(pblmin), data = .)       795.7038
gam(log(value) ~ s(pblmax) + s(pbl12) + s(v10m) + s(tp) + s(jd) + s(ptp) + s(pblmin), data = .)      805.1127
gam(log(value) ~ s(wdir) + s(pbl12) + s(v10m) + s(tp) + s(jd) + s(ptp) + s(pblmin), data = .)        804.2862
gam(log(value) ~ s(wspeed) + s(pbl12) + s(v10m) + s(tp) + s(jd) + s(ptp) + s(pblmin), data = .)      801.9489
gam(log(value) ~ s(pwspeed) + s(pbl12) + s(v10m) + s(tp) + s(jd) + s(ptp) + s(pblmin), data = .)     798.5720

Modello migliore: tmin2m - pbl12 - v10m - tp - jd - ptp - pblmin 

Variabile scelta tmin2m con AIC 766.866557748584  

Modelli BACKWARD 

                                                                                                      IT0956A
gam(log(value) ~ s(t2m) + s(pbl12) + s(v10m) + s(tp) + s(jd) + s(ptp) + s(tmin2m), data = .)         813.5572
gam(log(value) ~ s(tmax2m) + s(pbl12) + s(v10m) + s(tp) + s(jd) + s(ptp) + s(tmin2m), data = .)      767.7265
gam(log(value) ~ s(rh) + s(pbl12) + s(v10m) + s(tp) + s(jd) + s(ptp) + s(tmin2m), data = .)          790.8246
gam(log(value) ~ s(u10m) + s(pbl12) + s(v10m) + s(tp) + s(jd) + s(ptp) + s(tmin2m), data = .)        828.0083
gam(log(value) ~ s(sp) + s(pbl12) + s(v10m) + s(tp) + s(jd) + s(ptp) + s(tmin2m), data = .)          794.5068
gam(log(value) ~ s(nirradiance) + s(pbl12) + s(v10m) + s(tp) + s(jd) + s(ptp) + s(tmin2m), data = .) 805.2628
gam(log(value) ~ s(pbl00) + s(pbl12) + s(v10m) + s(tp) + s(jd) + s(ptp) + s(tmin2m), data = .)       776.4406
gam(log(value) ~ s(pblmax) + s(pbl12) + s(v10m) + s(tp) + s(jd) + s(ptp) + s(tmin2m), data = .)      823.4909
gam(log(value) ~ s(wdir) + s(pbl12) + s(v10m) + s(tp) + s(jd) + s(ptp) + s(tmin2m), data = .)        820.3819
gam(log(value) ~ s(wspeed) + s(pbl12) + s(v10m) + s(tp) + s(jd) + s(ptp) + s(tmin2m), data = .)      828.0529
gam(log(value) ~ s(pwspeed) + s(pbl12) + s(v10m) + s(tp) + s(jd) + s(ptp) + s(tmin2m), data = .)     819.5225

Modello migliore: tmax2m - pbl12 - v10m - tp - jd - ptp - tmin2m 

Dati backward:  767.726465212086::tmax2m::pbl12::v10m::tp::jd::ptp::tmin2m 

Scelgo il modello N 

---------- START ---------- 

                                                                                                                  IT0956A
gam(log(value) ~ s(t2m) + s(pbl12) + s(v10m) + s(tp) + s(jd) + s(ptp) + s(pblmin) + s(tmin2m), data = .)         758.1859
gam(log(value) ~ s(tmax2m) + s(pbl12) + s(v10m) + s(tp) + s(jd) + s(ptp) + s(pblmin) + s(tmin2m), data = .)      723.6468
gam(log(value) ~ s(rh) + s(pbl12) + s(v10m) + s(tp) + s(jd) + s(ptp) + s(pblmin) + s(tmin2m), data = .)          725.5147
gam(log(value) ~ s(u10m) + s(pbl12) + s(v10m) + s(tp) + s(jd) + s(ptp) + s(pblmin) + s(tmin2m), data = .)        762.2997
gam(log(value) ~ s(sp) + s(pbl12) + s(v10m) + s(tp) + s(jd) + s(ptp) + s(pblmin) + s(tmin2m), data = .)          738.4911
gam(log(value) ~ s(nirradiance) + s(pbl12) + s(v10m) + s(tp) + s(jd) + s(ptp) + s(pblmin) + s(tmin2m), data = .) 743.5435
gam(log(value) ~ s(pbl00) + s(pbl12) + s(v10m) + s(tp) + s(jd) + s(ptp) + s(pblmin) + s(tmin2m), data = .)       754.1836
gam(log(value) ~ s(pblmax) + s(pbl12) + s(v10m) + s(tp) + s(jd) + s(ptp) + s(pblmin) + s(tmin2m), data = .)      762.2150
gam(log(value) ~ s(wdir) + s(pbl12) + s(v10m) + s(tp) + s(jd) + s(ptp) + s(pblmin) + s(tmin2m), data = .)        758.2950
gam(log(value) ~ s(wspeed) + s(pbl12) + s(v10m) + s(tp) + s(jd) + s(ptp) + s(pblmin) + s(tmin2m), data = .)      765.9072
gam(log(value) ~ s(pwspeed) + s(pbl12) + s(v10m) + s(tp) + s(jd) + s(ptp) + s(pblmin) + s(tmin2m), data = .)     759.7971

Modello migliore: tmax2m - pbl12 - v10m - tp - jd - ptp - pblmin - tmin2m 

Variabile scelta tmax2m con AIC 723.646799961425  

Modelli BACKWARD 

                                                                                                                  IT0956A
gam(log(value) ~ s(t2m) + s(pbl12) + s(v10m) + s(tp) + s(jd) + s(ptp) + s(pblmin) + s(tmax2m), data = .)         698.9718
gam(log(value) ~ s(rh) + s(pbl12) + s(v10m) + s(tp) + s(jd) + s(ptp) + s(pblmin) + s(tmax2m), data = .)          758.7487
gam(log(value) ~ s(u10m) + s(pbl12) + s(v10m) + s(tp) + s(jd) + s(ptp) + s(pblmin) + s(tmax2m), data = .)        794.2708
gam(log(value) ~ s(sp) + s(pbl12) + s(v10m) + s(tp) + s(jd) + s(ptp) + s(pblmin) + s(tmax2m), data = .)          762.7539
gam(log(value) ~ s(nirradiance) + s(pbl12) + s(v10m) + s(tp) + s(jd) + s(ptp) + s(pblmin) + s(tmax2m), data = .) 769.3925
gam(log(value) ~ s(pbl00) + s(pbl12) + s(v10m) + s(tp) + s(jd) + s(ptp) + s(pblmin) + s(tmax2m), data = .)       788.8692
gam(log(value) ~ s(pblmax) + s(pbl12) + s(v10m) + s(tp) + s(jd) + s(ptp) + s(pblmin) + s(tmax2m), data = .)      798.4516
gam(log(value) ~ s(wdir) + s(pbl12) + s(v10m) + s(tp) + s(jd) + s(ptp) + s(pblmin) + s(tmax2m), data = .)        793.6153
gam(log(value) ~ s(wspeed) + s(pbl12) + s(v10m) + s(tp) + s(jd) + s(ptp) + s(pblmin) + s(tmax2m), data = .)      793.8069
gam(log(value) ~ s(pwspeed) + s(pbl12) + s(v10m) + s(tp) + s(jd) + s(ptp) + s(pblmin) + s(tmax2m), data = .)     791.8802

Modello migliore: t2m - pbl12 - v10m - tp - jd - ptp - pblmin - tmax2m 

Dati backward:  698.971818217172::t2m::pbl12::v10m::tp::jd::ptp::pblmin::tmax2m 

Scelgo il modello N-1 

---------- START ---------- 

                                                                                                                  IT0956A
gam(log(value) ~ s(t2m) + s(pbl12) + s(v10m) + s(tp) + s(jd) + s(ptp) + s(pblmin) + s(tmin2m), data = .)         758.1859
gam(log(value) ~ s(rh) + s(pbl12) + s(v10m) + s(tp) + s(jd) + s(ptp) + s(pblmin) + s(tmin2m), data = .)          725.5147
gam(log(value) ~ s(u10m) + s(pbl12) + s(v10m) + s(tp) + s(jd) + s(ptp) + s(pblmin) + s(tmin2m), data = .)        762.2997
gam(log(value) ~ s(sp) + s(pbl12) + s(v10m) + s(tp) + s(jd) + s(ptp) + s(pblmin) + s(tmin2m), data = .)          738.4911
gam(log(value) ~ s(nirradiance) + s(pbl12) + s(v10m) + s(tp) + s(jd) + s(ptp) + s(pblmin) + s(tmin2m), data = .) 743.5435
gam(log(value) ~ s(pbl00) + s(pbl12) + s(v10m) + s(tp) + s(jd) + s(ptp) + s(pblmin) + s(tmin2m), data = .)       754.1836
gam(log(value) ~ s(pblmax) + s(pbl12) + s(v10m) + s(tp) + s(jd) + s(ptp) + s(pblmin) + s(tmin2m), data = .)      762.2150
gam(log(value) ~ s(wdir) + s(pbl12) + s(v10m) + s(tp) + s(jd) + s(ptp) + s(pblmin) + s(tmin2m), data = .)        758.2950
gam(log(value) ~ s(wspeed) + s(pbl12) + s(v10m) + s(tp) + s(jd) + s(ptp) + s(pblmin) + s(tmin2m), data = .)      765.9072
gam(log(value) ~ s(pwspeed) + s(pbl12) + s(v10m) + s(tp) + s(jd) + s(ptp) + s(pblmin) + s(tmin2m), data = .)     759.7971

Modello migliore: rh - pbl12 - v10m - tp - jd - ptp - pblmin - tmin2m 

Variabile scelta rh con AIC 725.514722981328  

Fine per scelta MODELLO 

pbl12 + v10m + tp + jd + ptp + pblmin + tmin2m 

---------------------- 

NOTE: Log Print Time:  2021-05-11 12:41:20 
NOTE: Elapsed Time in seconds: 1.09605742295583 

Fine per scelta MODELLO 

pbl12 + v10m + tp + jd + ptp + pblmin + tmin2m 

---------------------- 

NOTE: Log Print Time:  2021-05-11 12:41:20 
NOTE: Elapsed Time in seconds: 0.00106048583984375 

Fine per scelta MODELLO 

pbl12 + v10m + tp + jd + ptp + pblmin + tmin2m 

---------------------- 

NOTE: Log Print Time:  2021-05-11 12:41:20 
NOTE: Elapsed Time in seconds: 0.000962257385253906 

Fine per scelta MODELLO 

pbl12 + v10m + tp + jd + ptp + pblmin + tmin2m 

---------------------- 

NOTE: Log Print Time:  2021-05-11 12:41:20 
NOTE: Elapsed Time in seconds: 0.000980854034423828 

Fine per scelta MODELLO 

pbl12 + v10m + tp + jd + ptp + pblmin + tmin2m 

---------------------- 

NOTE: Log Print Time:  2021-05-11 12:41:20 
NOTE: Elapsed Time in seconds: 0.000962734222412109 

Fine per scelta MODELLO 

pbl12 + v10m + tp + jd + ptp + pblmin + tmin2m 

---------------------- 

NOTE: Log Print Time:  2021-05-11 12:41:20 
NOTE: Elapsed Time in seconds: 0.000962018966674805 

Fine per scelta MODELLO 

pbl12 + v10m + tp + jd + ptp + pblmin + tmin2m 

---------------------- 

NOTE: Log Print Time:  2021-05-11 12:41:20 
NOTE: Elapsed Time in seconds: 0.000966072082519531 

Fine per scelta MODELLO 

pbl12 + v10m + tp + jd + ptp + pblmin + tmin2m 

---------------------- 

NOTE: Log Print Time:  2021-05-11 12:41:20 
NOTE: Elapsed Time in seconds: 0.00100445747375488 

========================================================================= 
Log End Time: 2021-05-11 12:41:20 
Log Elapsed Time: 0 00:00:01 
========================================================================= 
