========================================================================= 
Log Path: output/12/pm10/log/pulvirus_pm10_12_IT1200A.log 
Working Directory: /home/rmorelli/R/pulvirus/analisi/GAM/scelta 
User Name: rmorelli 
R Version: 4.0.5 (2021-03-31) 
Machine: pasqualino x86_64 
Operating System: Linux 4.19.0-13-amd64 #1 SMP Debian 4.19.160-2 (2020-11-28) 
Log Start Time: 2021-05-11 12:41:26 
========================================================================= 

Stazione: IT1200A 

---------- START ---------- 

                                            IT1200A
gam(log(value) ~ s(t2m), data = .)         2571.747
gam(log(value) ~ s(tmin2m), data = .)      2639.949
gam(log(value) ~ s(tmax2m), data = .)      2789.763
gam(log(value) ~ s(tp), data = .)          3599.604
gam(log(value) ~ s(ptp), data = .)         3557.349
gam(log(value) ~ s(rh), data = .)          3416.221
gam(log(value) ~ s(u10m), data = .)        3395.466
gam(log(value) ~ s(v10m), data = .)        3347.753
gam(log(value) ~ s(sp), data = .)          3179.021
gam(log(value) ~ s(nirradiance), data = .) 2845.563
gam(log(value) ~ s(pbl00), data = .)       3566.303
gam(log(value) ~ s(pbl12), data = .)       2787.287
gam(log(value) ~ s(pblmin), data = .)      3556.921
gam(log(value) ~ s(pblmax), data = .)      2891.179
gam(log(value) ~ s(wdir), data = .)        3233.529
gam(log(value) ~ s(wspeed), data = .)      3546.340
gam(log(value) ~ s(pwspeed), data = .)     3535.085
gam(log(value) ~ s(jd), data = .)          2462.109

Modello migliore: jd 

Variabile scelta jd con AIC 2462.10897514028  

---------- START ---------- 

                                                    IT1200A
gam(log(value) ~ s(t2m) + s(jd), data = .)         2228.926
gam(log(value) ~ s(tmin2m) + s(jd), data = .)      2217.904
gam(log(value) ~ s(tmax2m) + s(jd), data = .)      2347.151
gam(log(value) ~ s(tp) + s(jd), data = .)          2289.487
gam(log(value) ~ s(ptp) + s(jd), data = .)         2161.755
gam(log(value) ~ s(rh) + s(jd), data = .)          2449.541
gam(log(value) ~ s(u10m) + s(jd), data = .)        2374.294
gam(log(value) ~ s(v10m) + s(jd), data = .)        2244.916
gam(log(value) ~ s(sp) + s(jd), data = .)          2196.302
gam(log(value) ~ s(nirradiance) + s(jd), data = .) 2383.571
gam(log(value) ~ s(pbl00) + s(jd), data = .)       2112.273
gam(log(value) ~ s(pbl12) + s(jd), data = .)       2223.909
gam(log(value) ~ s(pblmin) + s(jd), data = .)      2212.110
gam(log(value) ~ s(pblmax) + s(jd), data = .)      2224.545
gam(log(value) ~ s(wdir) + s(jd), data = .)        2377.760
gam(log(value) ~ s(wspeed) + s(jd), data = .)      2294.582
gam(log(value) ~ s(pwspeed) + s(jd), data = .)     2399.552
gam(log(value) ~ s(jd) + s(jd), data = .)          2462.109

Modello migliore: pbl00 - jd 

Variabile scelta pbl00 con AIC 2112.27254415817  

Modelli BACKWARD 

                                                       IT1200A
gam(log(value) ~ s(t2m) + s(pbl00), data = .)         2309.584
gam(log(value) ~ s(tmin2m) + s(pbl00), data = .)      2511.113
gam(log(value) ~ s(tmax2m) + s(pbl00), data = .)      2407.915
gam(log(value) ~ s(tp) + s(pbl00), data = .)          3561.297
gam(log(value) ~ s(ptp) + s(pbl00), data = .)         3534.165
gam(log(value) ~ s(rh) + s(pbl00), data = .)          3242.318
gam(log(value) ~ s(u10m) + s(pbl00), data = .)        3316.095
gam(log(value) ~ s(v10m) + s(pbl00), data = .)        3297.204
gam(log(value) ~ s(sp) + s(pbl00), data = .)          3156.292
gam(log(value) ~ s(nirradiance) + s(pbl00), data = .) 2414.298
gam(log(value) ~ s(pbl12) + s(pbl00), data = .)       2644.027
gam(log(value) ~ s(pblmin) + s(pbl00), data = .)      3542.719
gam(log(value) ~ s(pblmax) + s(pbl00), data = .)      2793.272
gam(log(value) ~ s(wdir) + s(pbl00), data = .)        3164.320
gam(log(value) ~ s(wspeed) + s(pbl00), data = .)      3450.576
gam(log(value) ~ s(pwspeed) + s(pbl00), data = .)     3407.886

Modello migliore: t2m - pbl00 

Dati backward:  2309.58390186358::t2m::pbl00 

Scelgo il modello N 

---------- START ---------- 

                                                               IT1200A
gam(log(value) ~ s(t2m) + s(jd) + s(pbl00), data = .)         1879.455
gam(log(value) ~ s(tmin2m) + s(jd) + s(pbl00), data = .)      1937.017
gam(log(value) ~ s(tmax2m) + s(jd) + s(pbl00), data = .)      1935.864
gam(log(value) ~ s(tp) + s(jd) + s(pbl00), data = .)          2074.137
gam(log(value) ~ s(ptp) + s(jd) + s(pbl00), data = .)         1986.820
gam(log(value) ~ s(rh) + s(jd) + s(pbl00), data = .)          2113.385
gam(log(value) ~ s(u10m) + s(jd) + s(pbl00), data = .)        2070.508
gam(log(value) ~ s(v10m) + s(jd) + s(pbl00), data = .)        2002.653
gam(log(value) ~ s(sp) + s(jd) + s(pbl00), data = .)          2018.803
gam(log(value) ~ s(nirradiance) + s(jd) + s(pbl00), data = .) 1977.545
gam(log(value) ~ s(pbl12) + s(jd) + s(pbl00), data = .)       1882.581
gam(log(value) ~ s(pblmin) + s(jd) + s(pbl00), data = .)      2082.523
gam(log(value) ~ s(pblmax) + s(jd) + s(pbl00), data = .)      1904.884
gam(log(value) ~ s(wdir) + s(jd) + s(pbl00), data = .)        2047.798
gam(log(value) ~ s(wspeed) + s(jd) + s(pbl00), data = .)      2065.143
gam(log(value) ~ s(pwspeed) + s(jd) + s(pbl00), data = .)     2063.470

Modello migliore: t2m - jd - pbl00 

Variabile scelta t2m con AIC 1879.45513275922  

Modelli BACKWARD 

                                                             IT1200A
gam(log(value) ~ s(tmin2m) + s(jd) + s(t2m), data = .)      2153.529
gam(log(value) ~ s(tmax2m) + s(jd) + s(t2m), data = .)      2066.285
gam(log(value) ~ s(tp) + s(jd) + s(t2m), data = .)          2088.646
gam(log(value) ~ s(ptp) + s(jd) + s(t2m), data = .)         1919.854
gam(log(value) ~ s(rh) + s(jd) + s(t2m), data = .)          2206.028
gam(log(value) ~ s(u10m) + s(jd) + s(t2m), data = .)        2123.699
gam(log(value) ~ s(v10m) + s(jd) + s(t2m), data = .)        1964.009
gam(log(value) ~ s(sp) + s(jd) + s(t2m), data = .)          1936.989
gam(log(value) ~ s(nirradiance) + s(jd) + s(t2m), data = .) 2208.762
gam(log(value) ~ s(pbl12) + s(jd) + s(t2m), data = .)       2002.150
gam(log(value) ~ s(pblmin) + s(jd) + s(t2m), data = .)      1991.332
gam(log(value) ~ s(pblmax) + s(jd) + s(t2m), data = .)      1956.786
gam(log(value) ~ s(wdir) + s(jd) + s(t2m), data = .)        2155.697
gam(log(value) ~ s(wspeed) + s(jd) + s(t2m), data = .)      2054.139
gam(log(value) ~ s(pwspeed) + s(jd) + s(t2m), data = .)     2181.571

Modello migliore: ptp - jd - t2m 

Dati backward:  1919.85354904458::ptp::jd::t2m 

Scelgo il modello N 

---------- START ---------- 

                                                                        IT1200A
gam(log(value) ~ s(tmin2m) + s(jd) + s(pbl00) + s(t2m), data = .)      1876.459
gam(log(value) ~ s(tmax2m) + s(jd) + s(pbl00) + s(t2m), data = .)      1836.517
gam(log(value) ~ s(tp) + s(jd) + s(pbl00) + s(t2m), data = .)          1850.389
gam(log(value) ~ s(ptp) + s(jd) + s(pbl00) + s(t2m), data = .)         1729.050
gam(log(value) ~ s(rh) + s(jd) + s(pbl00) + s(t2m), data = .)          1864.541
gam(log(value) ~ s(u10m) + s(jd) + s(pbl00) + s(t2m), data = .)        1817.481
gam(log(value) ~ s(v10m) + s(jd) + s(pbl00) + s(t2m), data = .)        1737.486
gam(log(value) ~ s(sp) + s(jd) + s(pbl00) + s(t2m), data = .)          1763.135
gam(log(value) ~ s(nirradiance) + s(jd) + s(pbl00) + s(t2m), data = .) 1802.952
gam(log(value) ~ s(pbl12) + s(jd) + s(pbl00) + s(t2m), data = .)       1664.582
gam(log(value) ~ s(pblmin) + s(jd) + s(pbl00) + s(t2m), data = .)      1847.805
gam(log(value) ~ s(pblmax) + s(jd) + s(pbl00) + s(t2m), data = .)      1642.806
gam(log(value) ~ s(wdir) + s(jd) + s(pbl00) + s(t2m), data = .)        1807.409
gam(log(value) ~ s(wspeed) + s(jd) + s(pbl00) + s(t2m), data = .)      1847.357
gam(log(value) ~ s(pwspeed) + s(jd) + s(pbl00) + s(t2m), data = .)     1866.196

Modello migliore: pblmax - jd - pbl00 - t2m 

Variabile scelta pblmax con AIC 1642.80569033861  

Modelli BACKWARD 

                                                                           IT1200A
gam(log(value) ~ s(tmin2m) + s(jd) + s(pbl00) + s(pblmax), data = .)      1674.159
gam(log(value) ~ s(tmax2m) + s(jd) + s(pbl00) + s(pblmax), data = .)      1728.210
gam(log(value) ~ s(tp) + s(jd) + s(pbl00) + s(pblmax), data = .)          1812.480
gam(log(value) ~ s(ptp) + s(jd) + s(pbl00) + s(pblmax), data = .)         1786.744
gam(log(value) ~ s(rh) + s(jd) + s(pbl00) + s(pblmax), data = .)          1873.540
gam(log(value) ~ s(u10m) + s(jd) + s(pbl00) + s(pblmax), data = .)        1887.324
gam(log(value) ~ s(v10m) + s(jd) + s(pbl00) + s(pblmax), data = .)        1822.850
gam(log(value) ~ s(sp) + s(jd) + s(pbl00) + s(pblmax), data = .)          1810.136
gam(log(value) ~ s(nirradiance) + s(jd) + s(pbl00) + s(pblmax), data = .) 1846.164
gam(log(value) ~ s(pbl12) + s(jd) + s(pbl00) + s(pblmax), data = .)       1871.764
gam(log(value) ~ s(pblmin) + s(jd) + s(pbl00) + s(pblmax), data = .)      1874.815
gam(log(value) ~ s(wdir) + s(jd) + s(pbl00) + s(pblmax), data = .)        1858.185
gam(log(value) ~ s(wspeed) + s(jd) + s(pbl00) + s(pblmax), data = .)      1879.147
gam(log(value) ~ s(pwspeed) + s(jd) + s(pbl00) + s(pblmax), data = .)     1866.600

Modello migliore: tmin2m - jd - pbl00 - pblmax 

Dati backward:  1674.15855154449::tmin2m::jd::pbl00::pblmax 

Scelgo il modello N 

---------- START ---------- 

                                                                                    IT1200A
gam(log(value) ~ s(tmin2m) + s(jd) + s(pbl00) + s(t2m) + s(pblmax), data = .)      1607.299
gam(log(value) ~ s(tmax2m) + s(jd) + s(pbl00) + s(t2m) + s(pblmax), data = .)      1556.044
gam(log(value) ~ s(tp) + s(jd) + s(pbl00) + s(t2m) + s(pblmax), data = .)          1560.069
gam(log(value) ~ s(ptp) + s(jd) + s(pbl00) + s(t2m) + s(pblmax), data = .)         1506.130
gam(log(value) ~ s(rh) + s(jd) + s(pbl00) + s(t2m) + s(pblmax), data = .)          1629.841
gam(log(value) ~ s(u10m) + s(jd) + s(pbl00) + s(t2m) + s(pblmax), data = .)        1603.607
gam(log(value) ~ s(v10m) + s(jd) + s(pbl00) + s(t2m) + s(pblmax), data = .)        1543.380
gam(log(value) ~ s(sp) + s(jd) + s(pbl00) + s(t2m) + s(pblmax), data = .)          1505.694
gam(log(value) ~ s(nirradiance) + s(jd) + s(pbl00) + s(t2m) + s(pblmax), data = .) 1632.474
gam(log(value) ~ s(pbl12) + s(jd) + s(pbl00) + s(t2m) + s(pblmax), data = .)       1634.153
gam(log(value) ~ s(pblmin) + s(jd) + s(pbl00) + s(t2m) + s(pblmax), data = .)      1612.759
gam(log(value) ~ s(wdir) + s(jd) + s(pbl00) + s(t2m) + s(pblmax), data = .)        1592.897
gam(log(value) ~ s(wspeed) + s(jd) + s(pbl00) + s(t2m) + s(pblmax), data = .)      1631.261
gam(log(value) ~ s(pwspeed) + s(jd) + s(pbl00) + s(t2m) + s(pblmax), data = .)     1633.681

Modello migliore: sp - jd - pbl00 - t2m - pblmax 

Variabile scelta sp con AIC 1505.69351326866  

Modelli BACKWARD 

                                                                                IT1200A
gam(log(value) ~ s(tmin2m) + s(jd) + s(pbl00) + s(t2m) + s(sp), data = .)      1760.783
gam(log(value) ~ s(tmax2m) + s(jd) + s(pbl00) + s(t2m) + s(sp), data = .)      1744.834
gam(log(value) ~ s(tp) + s(jd) + s(pbl00) + s(t2m) + s(sp), data = .)          1761.551
gam(log(value) ~ s(ptp) + s(jd) + s(pbl00) + s(t2m) + s(sp), data = .)         1674.674
gam(log(value) ~ s(rh) + s(jd) + s(pbl00) + s(t2m) + s(sp), data = .)          1694.567
gam(log(value) ~ s(u10m) + s(jd) + s(pbl00) + s(t2m) + s(sp), data = .)        1691.905
gam(log(value) ~ s(v10m) + s(jd) + s(pbl00) + s(t2m) + s(sp), data = .)        1603.360
gam(log(value) ~ s(nirradiance) + s(jd) + s(pbl00) + s(t2m) + s(sp), data = .) 1629.205
gam(log(value) ~ s(pbl12) + s(jd) + s(pbl00) + s(t2m) + s(sp), data = .)       1514.325
gam(log(value) ~ s(pblmin) + s(jd) + s(pbl00) + s(t2m) + s(sp), data = .)      1741.463
gam(log(value) ~ s(wdir) + s(jd) + s(pbl00) + s(t2m) + s(sp), data = .)        1673.707
gam(log(value) ~ s(wspeed) + s(jd) + s(pbl00) + s(t2m) + s(sp), data = .)      1735.765
gam(log(value) ~ s(pwspeed) + s(jd) + s(pbl00) + s(t2m) + s(sp), data = .)     1747.043

Modello migliore: pbl12 - jd - pbl00 - t2m - sp 

Dati backward:  1514.32538451176::pbl12::jd::pbl00::t2m::sp 

Scelgo il modello N 

---------- START ---------- 

                                                                                            IT1200A
gam(log(value) ~ s(tmin2m) + s(jd) + s(pbl00) + s(t2m) + s(pblmax) + s(sp), data = .)      1500.471
gam(log(value) ~ s(tmax2m) + s(jd) + s(pbl00) + s(t2m) + s(pblmax) + s(sp), data = .)      1471.544
gam(log(value) ~ s(tp) + s(jd) + s(pbl00) + s(t2m) + s(pblmax) + s(sp), data = .)          1480.457
gam(log(value) ~ s(ptp) + s(jd) + s(pbl00) + s(t2m) + s(pblmax) + s(sp), data = .)         1434.134
gam(log(value) ~ s(rh) + s(jd) + s(pbl00) + s(t2m) + s(pblmax) + s(sp), data = .)          1505.350
gam(log(value) ~ s(u10m) + s(jd) + s(pbl00) + s(t2m) + s(pblmax) + s(sp), data = .)        1456.562
gam(log(value) ~ s(v10m) + s(jd) + s(pbl00) + s(t2m) + s(pblmax) + s(sp), data = .)        1403.545
gam(log(value) ~ s(nirradiance) + s(jd) + s(pbl00) + s(t2m) + s(pblmax) + s(sp), data = .) 1483.624
gam(log(value) ~ s(pbl12) + s(jd) + s(pbl00) + s(t2m) + s(pblmax) + s(sp), data = .)       1491.151
gam(log(value) ~ s(pblmin) + s(jd) + s(pbl00) + s(t2m) + s(pblmax) + s(sp), data = .)      1484.110
gam(log(value) ~ s(wdir) + s(jd) + s(pbl00) + s(t2m) + s(pblmax) + s(sp), data = .)        1458.724
gam(log(value) ~ s(wspeed) + s(jd) + s(pbl00) + s(t2m) + s(pblmax) + s(sp), data = .)      1498.305
gam(log(value) ~ s(pwspeed) + s(jd) + s(pbl00) + s(t2m) + s(pblmax) + s(sp), data = .)     1494.347

Modello migliore: v10m - jd - pbl00 - t2m - pblmax - sp 

Variabile scelta v10m con AIC 1403.54548680569  

Modelli BACKWARD 

                                                                                              IT1200A
gam(log(value) ~ s(tmin2m) + s(jd) + s(pbl00) + s(t2m) + s(pblmax) + s(v10m), data = .)      1522.347
gam(log(value) ~ s(tmax2m) + s(jd) + s(pbl00) + s(t2m) + s(pblmax) + s(v10m), data = .)      1459.872
gam(log(value) ~ s(tp) + s(jd) + s(pbl00) + s(t2m) + s(pblmax) + s(v10m), data = .)          1457.696
gam(log(value) ~ s(ptp) + s(jd) + s(pbl00) + s(t2m) + s(pblmax) + s(v10m), data = .)         1399.256
gam(log(value) ~ s(rh) + s(jd) + s(pbl00) + s(t2m) + s(pblmax) + s(v10m), data = .)          1536.791
gam(log(value) ~ s(u10m) + s(jd) + s(pbl00) + s(t2m) + s(pblmax) + s(v10m), data = .)        1492.233
gam(log(value) ~ s(nirradiance) + s(jd) + s(pbl00) + s(t2m) + s(pblmax) + s(v10m), data = .) 1530.412
gam(log(value) ~ s(pbl12) + s(jd) + s(pbl00) + s(t2m) + s(pblmax) + s(v10m), data = .)       1533.871
gam(log(value) ~ s(pblmin) + s(jd) + s(pbl00) + s(t2m) + s(pblmax) + s(v10m), data = .)      1525.965
gam(log(value) ~ s(wdir) + s(jd) + s(pbl00) + s(t2m) + s(pblmax) + s(v10m), data = .)        1493.169
gam(log(value) ~ s(wspeed) + s(jd) + s(pbl00) + s(t2m) + s(pblmax) + s(v10m), data = .)      1537.869
gam(log(value) ~ s(pwspeed) + s(jd) + s(pbl00) + s(t2m) + s(pblmax) + s(v10m), data = .)     1535.216

Modello migliore: ptp - jd - pbl00 - t2m - pblmax - v10m 

Dati backward:  1399.25648019362::ptp::jd::pbl00::t2m::pblmax::v10m 

Scelgo il modello N 

---------- START ---------- 

                                                                                                      IT1200A
gam(log(value) ~ s(tmin2m) + s(jd) + s(pbl00) + s(t2m) + s(pblmax) + s(sp) + s(v10m), data = .)      1402.097
gam(log(value) ~ s(tmax2m) + s(jd) + s(pbl00) + s(t2m) + s(pblmax) + s(sp) + s(v10m), data = .)      1367.801
gam(log(value) ~ s(tp) + s(jd) + s(pbl00) + s(t2m) + s(pblmax) + s(sp) + s(v10m), data = .)          1374.389
gam(log(value) ~ s(ptp) + s(jd) + s(pbl00) + s(t2m) + s(pblmax) + s(sp) + s(v10m), data = .)         1329.474
gam(log(value) ~ s(rh) + s(jd) + s(pbl00) + s(t2m) + s(pblmax) + s(sp) + s(v10m), data = .)          1405.109
gam(log(value) ~ s(u10m) + s(jd) + s(pbl00) + s(t2m) + s(pblmax) + s(sp) + s(v10m), data = .)        1349.912
gam(log(value) ~ s(nirradiance) + s(jd) + s(pbl00) + s(t2m) + s(pblmax) + s(sp) + s(v10m), data = .) 1376.038
gam(log(value) ~ s(pbl12) + s(jd) + s(pbl00) + s(t2m) + s(pblmax) + s(sp) + s(v10m), data = .)       1387.232
gam(log(value) ~ s(pblmin) + s(jd) + s(pbl00) + s(t2m) + s(pblmax) + s(sp) + s(v10m), data = .)      1395.500
gam(log(value) ~ s(wdir) + s(jd) + s(pbl00) + s(t2m) + s(pblmax) + s(sp) + s(v10m), data = .)        1347.919
gam(log(value) ~ s(wspeed) + s(jd) + s(pbl00) + s(t2m) + s(pblmax) + s(sp) + s(v10m), data = .)      1392.178
gam(log(value) ~ s(pwspeed) + s(jd) + s(pbl00) + s(t2m) + s(pblmax) + s(sp) + s(v10m), data = .)     1391.503

Modello migliore: ptp - jd - pbl00 - t2m - pblmax - sp - v10m 

Variabile scelta ptp con AIC 1329.47351609108  

Modelli BACKWARD 

                                                                                                     IT1200A
gam(log(value) ~ s(tmin2m) + s(jd) + s(pbl00) + s(t2m) + s(pblmax) + s(sp) + s(ptp), data = .)      1431.767
gam(log(value) ~ s(tmax2m) + s(jd) + s(pbl00) + s(t2m) + s(pblmax) + s(sp) + s(ptp), data = .)      1406.717
gam(log(value) ~ s(tp) + s(jd) + s(pbl00) + s(t2m) + s(pblmax) + s(sp) + s(ptp), data = .)          1416.574
gam(log(value) ~ s(rh) + s(jd) + s(pbl00) + s(t2m) + s(pblmax) + s(sp) + s(ptp), data = .)          1423.449
gam(log(value) ~ s(u10m) + s(jd) + s(pbl00) + s(t2m) + s(pblmax) + s(sp) + s(ptp), data = .)        1392.437
gam(log(value) ~ s(nirradiance) + s(jd) + s(pbl00) + s(t2m) + s(pblmax) + s(sp) + s(ptp), data = .) 1406.655
gam(log(value) ~ s(pbl12) + s(jd) + s(pbl00) + s(t2m) + s(pblmax) + s(sp) + s(ptp), data = .)       1415.917
gam(log(value) ~ s(pblmin) + s(jd) + s(pbl00) + s(t2m) + s(pblmax) + s(sp) + s(ptp), data = .)      1410.266
gam(log(value) ~ s(wdir) + s(jd) + s(pbl00) + s(t2m) + s(pblmax) + s(sp) + s(ptp), data = .)        1382.707
gam(log(value) ~ s(wspeed) + s(jd) + s(pbl00) + s(t2m) + s(pblmax) + s(sp) + s(ptp), data = .)      1424.183
gam(log(value) ~ s(pwspeed) + s(jd) + s(pbl00) + s(t2m) + s(pblmax) + s(sp) + s(ptp), data = .)     1424.000

Modello migliore: wdir - jd - pbl00 - t2m - pblmax - sp - ptp 

Dati backward:  1382.70743473057::wdir::jd::pbl00::t2m::pblmax::sp::ptp 

Scelgo il modello N 

---------- START ---------- 

                                                                                                               IT1200A
gam(log(value) ~ s(tmin2m) + s(jd) + s(pbl00) + s(t2m) + s(pblmax) + s(sp) + s(v10m) + s(ptp), data = .)      1330.860
gam(log(value) ~ s(tmax2m) + s(jd) + s(pbl00) + s(t2m) + s(pblmax) + s(sp) + s(v10m) + s(ptp), data = .)      1305.715
gam(log(value) ~ s(tp) + s(jd) + s(pbl00) + s(t2m) + s(pblmax) + s(sp) + s(v10m) + s(ptp), data = .)          1311.736
gam(log(value) ~ s(rh) + s(jd) + s(pbl00) + s(t2m) + s(pblmax) + s(sp) + s(v10m) + s(ptp), data = .)          1320.101
gam(log(value) ~ s(u10m) + s(jd) + s(pbl00) + s(t2m) + s(pblmax) + s(sp) + s(v10m) + s(ptp), data = .)        1280.684
gam(log(value) ~ s(nirradiance) + s(jd) + s(pbl00) + s(t2m) + s(pblmax) + s(sp) + s(v10m) + s(ptp), data = .) 1293.754
gam(log(value) ~ s(pbl12) + s(jd) + s(pbl00) + s(t2m) + s(pblmax) + s(sp) + s(v10m) + s(ptp), data = .)       1311.766
gam(log(value) ~ s(pblmin) + s(jd) + s(pbl00) + s(t2m) + s(pblmax) + s(sp) + s(v10m) + s(ptp), data = .)      1320.926
gam(log(value) ~ s(wdir) + s(jd) + s(pbl00) + s(t2m) + s(pblmax) + s(sp) + s(v10m) + s(ptp), data = .)        1269.837
gam(log(value) ~ s(wspeed) + s(jd) + s(pbl00) + s(t2m) + s(pblmax) + s(sp) + s(v10m) + s(ptp), data = .)      1324.029
gam(log(value) ~ s(pwspeed) + s(jd) + s(pbl00) + s(t2m) + s(pblmax) + s(sp) + s(v10m) + s(ptp), data = .)     1318.220

Modello migliore: wdir - jd - pbl00 - t2m - pblmax - sp - v10m - ptp 

Variabile scelta wdir con AIC 1269.83729657109  

Modelli BACKWARD 

                                                                                                                IT1200A
gam(log(value) ~ s(tmin2m) + s(jd) + s(pbl00) + s(t2m) + s(pblmax) + s(sp) + s(v10m) + s(wdir), data = .)      1344.153
gam(log(value) ~ s(tmax2m) + s(jd) + s(pbl00) + s(t2m) + s(pblmax) + s(sp) + s(v10m) + s(wdir), data = .)      1314.203
gam(log(value) ~ s(tp) + s(jd) + s(pbl00) + s(t2m) + s(pblmax) + s(sp) + s(v10m) + s(wdir), data = .)          1308.813
gam(log(value) ~ s(rh) + s(jd) + s(pbl00) + s(t2m) + s(pblmax) + s(sp) + s(v10m) + s(wdir), data = .)          1348.795
gam(log(value) ~ s(u10m) + s(jd) + s(pbl00) + s(t2m) + s(pblmax) + s(sp) + s(v10m) + s(wdir), data = .)        1331.545
gam(log(value) ~ s(nirradiance) + s(jd) + s(pbl00) + s(t2m) + s(pblmax) + s(sp) + s(v10m) + s(wdir), data = .) 1325.223
gam(log(value) ~ s(pbl12) + s(jd) + s(pbl00) + s(t2m) + s(pblmax) + s(sp) + s(v10m) + s(wdir), data = .)       1333.754
gam(log(value) ~ s(pblmin) + s(jd) + s(pbl00) + s(t2m) + s(pblmax) + s(sp) + s(v10m) + s(wdir), data = .)      1334.147
gam(log(value) ~ s(wspeed) + s(jd) + s(pbl00) + s(t2m) + s(pblmax) + s(sp) + s(v10m) + s(wdir), data = .)      1340.499
gam(log(value) ~ s(pwspeed) + s(jd) + s(pbl00) + s(t2m) + s(pblmax) + s(sp) + s(v10m) + s(wdir), data = .)     1339.301

Modello migliore: tp - jd - pbl00 - t2m - pblmax - sp - v10m - wdir 

Dati backward:  1308.81342557576::tp::jd::pbl00::t2m::pblmax::sp::v10m::wdir 

Scelgo il modello N 

---------- START ---------- 

                                                                                                                         IT1200A
gam(log(value) ~ s(tmin2m) + s(jd) + s(pbl00) + s(t2m) + s(pblmax) + s(sp) + s(v10m) + s(ptp) + s(wdir), data = .)      1270.272
gam(log(value) ~ s(tmax2m) + s(jd) + s(pbl00) + s(t2m) + s(pblmax) + s(sp) + s(v10m) + s(ptp) + s(wdir), data = .)      1248.840
gam(log(value) ~ s(tp) + s(jd) + s(pbl00) + s(t2m) + s(pblmax) + s(sp) + s(v10m) + s(ptp) + s(wdir), data = .)          1245.205
gam(log(value) ~ s(rh) + s(jd) + s(pbl00) + s(t2m) + s(pblmax) + s(sp) + s(v10m) + s(ptp) + s(wdir), data = .)          1257.209
gam(log(value) ~ s(u10m) + s(jd) + s(pbl00) + s(t2m) + s(pblmax) + s(sp) + s(v10m) + s(ptp) + s(wdir), data = .)        1256.885
gam(log(value) ~ s(nirradiance) + s(jd) + s(pbl00) + s(t2m) + s(pblmax) + s(sp) + s(v10m) + s(ptp) + s(wdir), data = .) 1240.844
gam(log(value) ~ s(pbl12) + s(jd) + s(pbl00) + s(t2m) + s(pblmax) + s(sp) + s(v10m) + s(ptp) + s(wdir), data = .)       1254.422
gam(log(value) ~ s(pblmin) + s(jd) + s(pbl00) + s(t2m) + s(pblmax) + s(sp) + s(v10m) + s(ptp) + s(wdir), data = .)      1256.012
gam(log(value) ~ s(wspeed) + s(jd) + s(pbl00) + s(t2m) + s(pblmax) + s(sp) + s(v10m) + s(ptp) + s(wdir), data = .)      1265.582
gam(log(value) ~ s(pwspeed) + s(jd) + s(pbl00) + s(t2m) + s(pblmax) + s(sp) + s(v10m) + s(ptp) + s(wdir), data = .)     1262.023

Modello migliore: nirradiance - jd - pbl00 - t2m - pblmax - sp - v10m - ptp - wdir 

Variabile scelta nirradiance con AIC 1240.8435289183  

Modelli BACKWARD 

                                                                                                                            IT1200A
gam(log(value) ~ s(tmin2m) + s(jd) + s(pbl00) + s(t2m) + s(pblmax) + s(sp) + s(v10m) + s(ptp) + s(nirradiance), data = .)  1281.044
gam(log(value) ~ s(tmax2m) + s(jd) + s(pbl00) + s(t2m) + s(pblmax) + s(sp) + s(v10m) + s(ptp) + s(nirradiance), data = .)  1189.346
gam(log(value) ~ s(tp) + s(jd) + s(pbl00) + s(t2m) + s(pblmax) + s(sp) + s(v10m) + s(ptp) + s(nirradiance), data = .)      1232.451
gam(log(value) ~ s(rh) + s(jd) + s(pbl00) + s(t2m) + s(pblmax) + s(sp) + s(v10m) + s(ptp) + s(nirradiance), data = .)      1290.367
gam(log(value) ~ s(u10m) + s(jd) + s(pbl00) + s(t2m) + s(pblmax) + s(sp) + s(v10m) + s(ptp) + s(nirradiance), data = .)    1250.691
gam(log(value) ~ s(pbl12) + s(jd) + s(pbl00) + s(t2m) + s(pblmax) + s(sp) + s(v10m) + s(ptp) + s(nirradiance), data = .)   1283.871
gam(log(value) ~ s(pblmin) + s(jd) + s(pbl00) + s(t2m) + s(pblmax) + s(sp) + s(v10m) + s(ptp) + s(nirradiance), data = .)  1273.697
gam(log(value) ~ s(wspeed) + s(jd) + s(pbl00) + s(t2m) + s(pblmax) + s(sp) + s(v10m) + s(ptp) + s(nirradiance), data = .)  1292.697
gam(log(value) ~ s(pwspeed) + s(jd) + s(pbl00) + s(t2m) + s(pblmax) + s(sp) + s(v10m) + s(ptp) + s(nirradiance), data = .) 1286.643

Modello migliore: tmax2m - jd - pbl00 - t2m - pblmax - sp - v10m - ptp - nirradiance 

Dati backward:  1189.34558758844::tmax2m::jd::pbl00::t2m::pblmax::sp::v10m::ptp::nirradiance 

Scelgo il modello N-1 

---------- START ---------- 

                                                                                                                     IT1200A
gam(log(value) ~ s(tmin2m) + s(jd) + s(pbl00) + s(t2m) + s(pblmax) + s(sp) + s(v10m) + s(ptp) + s(wdir), data = .)  1270.272
gam(log(value) ~ s(tmax2m) + s(jd) + s(pbl00) + s(t2m) + s(pblmax) + s(sp) + s(v10m) + s(ptp) + s(wdir), data = .)  1248.840
gam(log(value) ~ s(tp) + s(jd) + s(pbl00) + s(t2m) + s(pblmax) + s(sp) + s(v10m) + s(ptp) + s(wdir), data = .)      1245.205
gam(log(value) ~ s(rh) + s(jd) + s(pbl00) + s(t2m) + s(pblmax) + s(sp) + s(v10m) + s(ptp) + s(wdir), data = .)      1257.209
gam(log(value) ~ s(u10m) + s(jd) + s(pbl00) + s(t2m) + s(pblmax) + s(sp) + s(v10m) + s(ptp) + s(wdir), data = .)    1256.885
gam(log(value) ~ s(pbl12) + s(jd) + s(pbl00) + s(t2m) + s(pblmax) + s(sp) + s(v10m) + s(ptp) + s(wdir), data = .)   1254.422
gam(log(value) ~ s(pblmin) + s(jd) + s(pbl00) + s(t2m) + s(pblmax) + s(sp) + s(v10m) + s(ptp) + s(wdir), data = .)  1256.012
gam(log(value) ~ s(wspeed) + s(jd) + s(pbl00) + s(t2m) + s(pblmax) + s(sp) + s(v10m) + s(ptp) + s(wdir), data = .)  1265.582
gam(log(value) ~ s(pwspeed) + s(jd) + s(pbl00) + s(t2m) + s(pblmax) + s(sp) + s(v10m) + s(ptp) + s(wdir), data = .) 1262.023

Modello migliore: tp - jd - pbl00 - t2m - pblmax - sp - v10m - ptp - wdir 

Variabile scelta tp con AIC 1245.20522816989  

Fine per scelta MODELLO 

jd + pbl00 + t2m + pblmax + sp + v10m + ptp + wdir 

---------------------- 

NOTE: Log Print Time:  2021-05-11 12:43:19 
NOTE: Elapsed Time in seconds: 1.87604252497355 

Fine per scelta MODELLO 

jd + pbl00 + t2m + pblmax + sp + v10m + ptp + wdir 

---------------------- 

NOTE: Log Print Time:  2021-05-11 12:43:19 
NOTE: Elapsed Time in seconds: 0.00113129615783691 

Fine per scelta MODELLO 

jd + pbl00 + t2m + pblmax + sp + v10m + ptp + wdir 

---------------------- 

NOTE: Log Print Time:  2021-05-11 12:43:19 
NOTE: Elapsed Time in seconds: 0.00100183486938477 

Fine per scelta MODELLO 

jd + pbl00 + t2m + pblmax + sp + v10m + ptp + wdir 

---------------------- 

NOTE: Log Print Time:  2021-05-11 12:43:19 
NOTE: Elapsed Time in seconds: 0.000984430313110352 

Fine per scelta MODELLO 

jd + pbl00 + t2m + pblmax + sp + v10m + ptp + wdir 

---------------------- 

NOTE: Log Print Time:  2021-05-11 12:43:19 
NOTE: Elapsed Time in seconds: 0.000974655151367188 

Fine per scelta MODELLO 

jd + pbl00 + t2m + pblmax + sp + v10m + ptp + wdir 

---------------------- 

NOTE: Log Print Time:  2021-05-11 12:43:19 
NOTE: Elapsed Time in seconds: 0.000997781753540039 

Fine per scelta MODELLO 

jd + pbl00 + t2m + pblmax + sp + v10m + ptp + wdir 

---------------------- 

NOTE: Log Print Time:  2021-05-11 12:43:19 
NOTE: Elapsed Time in seconds: 0.000973701477050781 

Fine per scelta MODELLO 

jd + pbl00 + t2m + pblmax + sp + v10m + ptp + wdir 

---------------------- 

NOTE: Log Print Time:  2021-05-11 12:43:19 
NOTE: Elapsed Time in seconds: 0.000982999801635742 

Fine per scelta MODELLO 

jd + pbl00 + t2m + pblmax + sp + v10m + ptp + wdir 

---------------------- 

NOTE: Log Print Time:  2021-05-11 12:43:19 
NOTE: Elapsed Time in seconds: 0.000972986221313477 

========================================================================= 
Log End Time: 2021-05-11 12:43:19 
Log Elapsed Time: 0 00:00:01 
========================================================================= 
