========================================================================= 
Log Path: output/12/pm10/log/pulvirus_pm10_12_IT2246A.log 
Working Directory: /home/rmorelli/R/pulvirus/analisi/GAM/scelta 
User Name: rmorelli 
R Version: 4.0.5 (2021-03-31) 
Machine: pasqualino x86_64 
Operating System: Linux 4.19.0-13-amd64 #1 SMP Debian 4.19.160-2 (2020-11-28) 
Log Start Time: 2021-05-11 12:46:47 
========================================================================= 

Stazione: IT2246A 

---------- START ---------- 

                                            IT2246A
gam(log(value) ~ s(t2m), data = .)         2196.033
gam(log(value) ~ s(tmin2m), data = .)      2206.596
gam(log(value) ~ s(tmax2m), data = .)      2184.837
gam(log(value) ~ s(tp), data = .)          2230.955
gam(log(value) ~ s(ptp), data = .)         2230.168
gam(log(value) ~ s(rh), data = .)          2210.156
gam(log(value) ~ s(u10m), data = .)        2168.496
gam(log(value) ~ s(v10m), data = .)        2200.712
gam(log(value) ~ s(sp), data = .)          2220.517
gam(log(value) ~ s(nirradiance), data = .) 2221.897
gam(log(value) ~ s(pbl00), data = .)       2189.350
gam(log(value) ~ s(pbl12), data = .)       2198.240
gam(log(value) ~ s(pblmin), data = .)      2186.116
gam(log(value) ~ s(pblmax), data = .)      2225.860
gam(log(value) ~ s(wdir), data = .)        2199.061
gam(log(value) ~ s(wspeed), data = .)      2231.107
gam(log(value) ~ s(pwspeed), data = .)     2217.960
gam(log(value) ~ s(jd), data = .)          2059.305

Modello migliore: jd 

Variabile scelta jd con AIC 2059.30508880991  

---------- START ---------- 

                                                    IT2246A
gam(log(value) ~ s(t2m) + s(jd), data = .)         2040.327
gam(log(value) ~ s(tmin2m) + s(jd), data = .)      2047.759
gam(log(value) ~ s(tmax2m) + s(jd), data = .)      2032.978
gam(log(value) ~ s(tp) + s(jd), data = .)          2052.353
gam(log(value) ~ s(ptp) + s(jd), data = .)         2050.899
gam(log(value) ~ s(rh) + s(jd), data = .)          2041.800
gam(log(value) ~ s(u10m) + s(jd), data = .)        2009.998
gam(log(value) ~ s(v10m) + s(jd), data = .)        2030.572
gam(log(value) ~ s(sp) + s(jd), data = .)          2055.883
gam(log(value) ~ s(nirradiance) + s(jd), data = .) 2060.738
gam(log(value) ~ s(pbl00) + s(jd), data = .)       2029.972
gam(log(value) ~ s(pbl12) + s(jd), data = .)       2033.660
gam(log(value) ~ s(pblmin) + s(jd), data = .)      2020.218
gam(log(value) ~ s(pblmax) + s(jd), data = .)      2053.663
gam(log(value) ~ s(wdir) + s(jd), data = .)        2020.870
gam(log(value) ~ s(wspeed) + s(jd), data = .)      2060.941
gam(log(value) ~ s(pwspeed) + s(jd), data = .)     2052.955
gam(log(value) ~ s(jd) + s(jd), data = .)          2059.305

Modello migliore: u10m - jd 

Variabile scelta u10m con AIC 2009.9982774629  

Modelli BACKWARD 

                                                      IT2246A
gam(log(value) ~ s(t2m) + s(u10m), data = .)         2139.331
gam(log(value) ~ s(tmin2m) + s(u10m), data = .)      2140.878
gam(log(value) ~ s(tmax2m) + s(u10m), data = .)      2132.190
gam(log(value) ~ s(tp) + s(u10m), data = .)          2161.700
gam(log(value) ~ s(ptp) + s(u10m), data = .)         2154.520
gam(log(value) ~ s(rh) + s(u10m), data = .)          2126.506
gam(log(value) ~ s(v10m) + s(u10m), data = .)        2137.048
gam(log(value) ~ s(sp) + s(u10m), data = .)          2149.549
gam(log(value) ~ s(nirradiance) + s(u10m), data = .) 2154.854
gam(log(value) ~ s(pbl00) + s(u10m), data = .)       2142.875
gam(log(value) ~ s(pbl12) + s(u10m), data = .)       2146.908
gam(log(value) ~ s(pblmin) + s(u10m), data = .)      2124.007
gam(log(value) ~ s(pblmax) + s(u10m), data = .)      2168.227
gam(log(value) ~ s(wdir) + s(u10m), data = .)        2138.785
gam(log(value) ~ s(wspeed) + s(u10m), data = .)      2167.753
gam(log(value) ~ s(pwspeed) + s(u10m), data = .)     2163.129

Modello migliore: pblmin - u10m 

Dati backward:  2124.00716754803::pblmin::u10m 

Scelgo il modello N 

---------- START ---------- 

                                                              IT2246A
gam(log(value) ~ s(t2m) + s(jd) + s(u10m), data = .)         1997.261
gam(log(value) ~ s(tmin2m) + s(jd) + s(u10m), data = .)      1997.678
gam(log(value) ~ s(tmax2m) + s(jd) + s(u10m), data = .)      1993.742
gam(log(value) ~ s(tp) + s(jd) + s(u10m), data = .)          1998.081
gam(log(value) ~ s(ptp) + s(jd) + s(u10m), data = .)         1988.111
gam(log(value) ~ s(rh) + s(jd) + s(u10m), data = .)          1976.947
gam(log(value) ~ s(v10m) + s(jd) + s(u10m), data = .)        1979.833
gam(log(value) ~ s(sp) + s(jd) + s(u10m), data = .)          1997.383
gam(log(value) ~ s(nirradiance) + s(jd) + s(u10m), data = .) 2011.224
gam(log(value) ~ s(pbl00) + s(jd) + s(u10m), data = .)       1990.269
gam(log(value) ~ s(pbl12) + s(jd) + s(u10m), data = .)       1988.367
gam(log(value) ~ s(pblmin) + s(jd) + s(u10m), data = .)      1966.047
gam(log(value) ~ s(pblmax) + s(jd) + s(u10m), data = .)      2003.320
gam(log(value) ~ s(wdir) + s(jd) + s(u10m), data = .)        1980.054
gam(log(value) ~ s(wspeed) + s(jd) + s(u10m), data = .)      2007.653
gam(log(value) ~ s(pwspeed) + s(jd) + s(u10m), data = .)     2008.653

Modello migliore: pblmin - jd - u10m 

Variabile scelta pblmin con AIC 1966.04729184659  

Modelli BACKWARD 

                                                                IT2246A
gam(log(value) ~ s(t2m) + s(jd) + s(pblmin), data = .)         2000.094
gam(log(value) ~ s(tmin2m) + s(jd) + s(pblmin), data = .)      2005.583
gam(log(value) ~ s(tmax2m) + s(jd) + s(pblmin), data = .)      1994.489
gam(log(value) ~ s(tp) + s(jd) + s(pblmin), data = .)          2014.254
gam(log(value) ~ s(ptp) + s(jd) + s(pblmin), data = .)         2012.533
gam(log(value) ~ s(rh) + s(jd) + s(pblmin), data = .)          2007.790
gam(log(value) ~ s(v10m) + s(jd) + s(pblmin), data = .)        1999.925
gam(log(value) ~ s(sp) + s(jd) + s(pblmin), data = .)          2017.991
gam(log(value) ~ s(nirradiance) + s(jd) + s(pblmin), data = .) 2020.969
gam(log(value) ~ s(pbl00) + s(jd) + s(pblmin), data = .)       2010.682
gam(log(value) ~ s(pbl12) + s(jd) + s(pblmin), data = .)       2010.929
gam(log(value) ~ s(pblmax) + s(jd) + s(pblmin), data = .)      2021.519
gam(log(value) ~ s(wdir) + s(jd) + s(pblmin), data = .)        1994.918
gam(log(value) ~ s(wspeed) + s(jd) + s(pblmin), data = .)      2013.581
gam(log(value) ~ s(pwspeed) + s(jd) + s(pblmin), data = .)     2011.270

Modello migliore: tmax2m - jd - pblmin 

Dati backward:  1994.48945387462::tmax2m::jd::pblmin 

Scelgo il modello N 

---------- START ---------- 

                                                                          IT2246A
gam(log(value) ~ s(t2m) + s(jd) + s(u10m) + s(pblmin), data = .)         1953.451
gam(log(value) ~ s(tmin2m) + s(jd) + s(u10m) + s(pblmin), data = .)      1953.283
gam(log(value) ~ s(tmax2m) + s(jd) + s(u10m) + s(pblmin), data = .)      1950.806
gam(log(value) ~ s(tp) + s(jd) + s(u10m) + s(pblmin), data = .)          1960.557
gam(log(value) ~ s(ptp) + s(jd) + s(u10m) + s(pblmin), data = .)         1951.043
gam(log(value) ~ s(rh) + s(jd) + s(u10m) + s(pblmin), data = .)          1941.659
gam(log(value) ~ s(v10m) + s(jd) + s(u10m) + s(pblmin), data = .)        1940.157
gam(log(value) ~ s(sp) + s(jd) + s(u10m) + s(pblmin), data = .)          1960.572
gam(log(value) ~ s(nirradiance) + s(jd) + s(u10m) + s(pblmin), data = .) 1965.426
gam(log(value) ~ s(pbl00) + s(jd) + s(u10m) + s(pblmin), data = .)       1963.395
gam(log(value) ~ s(pbl12) + s(jd) + s(u10m) + s(pblmin), data = .)       1962.327
gam(log(value) ~ s(pblmax) + s(jd) + s(u10m) + s(pblmin), data = .)      1967.609
gam(log(value) ~ s(wdir) + s(jd) + s(u10m) + s(pblmin), data = .)        1943.957
gam(log(value) ~ s(wspeed) + s(jd) + s(u10m) + s(pblmin), data = .)      1967.933
gam(log(value) ~ s(pwspeed) + s(jd) + s(u10m) + s(pblmin), data = .)     1959.190

Modello migliore: v10m - jd - u10m - pblmin 

Variabile scelta v10m con AIC 1940.15655284805  

Modelli BACKWARD 

                                                                        IT2246A
gam(log(value) ~ s(t2m) + s(jd) + s(u10m) + s(v10m), data = .)         1956.860
gam(log(value) ~ s(tmin2m) + s(jd) + s(u10m) + s(v10m), data = .)      1949.182
gam(log(value) ~ s(tmax2m) + s(jd) + s(u10m) + s(v10m), data = .)      1960.878
gam(log(value) ~ s(tp) + s(jd) + s(u10m) + s(v10m), data = .)          1946.115
gam(log(value) ~ s(ptp) + s(jd) + s(u10m) + s(v10m), data = .)         1956.946
gam(log(value) ~ s(rh) + s(jd) + s(u10m) + s(v10m), data = .)          1965.025
gam(log(value) ~ s(sp) + s(jd) + s(u10m) + s(v10m), data = .)          1959.447
gam(log(value) ~ s(nirradiance) + s(jd) + s(u10m) + s(v10m), data = .) 1981.657
gam(log(value) ~ s(pbl00) + s(jd) + s(u10m) + s(v10m), data = .)       1962.825
gam(log(value) ~ s(pbl12) + s(jd) + s(u10m) + s(v10m), data = .)       1943.518
gam(log(value) ~ s(pblmax) + s(jd) + s(u10m) + s(v10m), data = .)      1966.820
gam(log(value) ~ s(wdir) + s(jd) + s(u10m) + s(v10m), data = .)        1975.753
gam(log(value) ~ s(wspeed) + s(jd) + s(u10m) + s(v10m), data = .)      1980.494
gam(log(value) ~ s(pwspeed) + s(jd) + s(u10m) + s(v10m), data = .)     1973.615

Modello migliore: pbl12 - jd - u10m - v10m 

Dati backward:  1943.51836686605::pbl12::jd::u10m::v10m 

Scelgo il modello N 

---------- START ---------- 

                                                                                    IT2246A
gam(log(value) ~ s(t2m) + s(jd) + s(u10m) + s(pblmin) + s(v10m), data = .)         1917.507
gam(log(value) ~ s(tmin2m) + s(jd) + s(u10m) + s(pblmin) + s(v10m), data = .)      1912.710
gam(log(value) ~ s(tmax2m) + s(jd) + s(u10m) + s(pblmin) + s(v10m), data = .)      1921.549
gam(log(value) ~ s(tp) + s(jd) + s(u10m) + s(pblmin) + s(v10m), data = .)          1918.600
gam(log(value) ~ s(ptp) + s(jd) + s(u10m) + s(pblmin) + s(v10m), data = .)         1924.592
gam(log(value) ~ s(rh) + s(jd) + s(u10m) + s(pblmin) + s(v10m), data = .)          1924.856
gam(log(value) ~ s(sp) + s(jd) + s(u10m) + s(pblmin) + s(v10m), data = .)          1927.958
gam(log(value) ~ s(nirradiance) + s(jd) + s(u10m) + s(pblmin) + s(v10m), data = .) 1942.053
gam(log(value) ~ s(pbl00) + s(jd) + s(u10m) + s(pblmin) + s(v10m), data = .)       1937.088
gam(log(value) ~ s(pbl12) + s(jd) + s(u10m) + s(pblmin) + s(v10m), data = .)       1924.879
gam(log(value) ~ s(pblmax) + s(jd) + s(u10m) + s(pblmin) + s(v10m), data = .)      1939.395
gam(log(value) ~ s(wdir) + s(jd) + s(u10m) + s(pblmin) + s(v10m), data = .)        1937.273
gam(log(value) ~ s(wspeed) + s(jd) + s(u10m) + s(pblmin) + s(v10m), data = .)      1940.277
gam(log(value) ~ s(pwspeed) + s(jd) + s(u10m) + s(pblmin) + s(v10m), data = .)     1928.364

Modello migliore: tmin2m - jd - u10m - pblmin - v10m 

Variabile scelta tmin2m con AIC 1912.70981336499  

Modelli BACKWARD 

                                                                                      IT2246A
gam(log(value) ~ s(t2m) + s(jd) + s(u10m) + s(pblmin) + s(tmin2m), data = .)         1939.967
gam(log(value) ~ s(tmax2m) + s(jd) + s(u10m) + s(pblmin) + s(tmin2m), data = .)      1941.629
gam(log(value) ~ s(tp) + s(jd) + s(u10m) + s(pblmin) + s(tmin2m), data = .)          1950.371
gam(log(value) ~ s(ptp) + s(jd) + s(u10m) + s(pblmin) + s(tmin2m), data = .)         1940.236
gam(log(value) ~ s(rh) + s(jd) + s(u10m) + s(pblmin) + s(tmin2m), data = .)          1917.476
gam(log(value) ~ s(sp) + s(jd) + s(u10m) + s(pblmin) + s(tmin2m), data = .)          1948.036
gam(log(value) ~ s(nirradiance) + s(jd) + s(u10m) + s(pblmin) + s(tmin2m), data = .) 1951.869
gam(log(value) ~ s(pbl00) + s(jd) + s(u10m) + s(pblmin) + s(tmin2m), data = .)       1950.093
gam(log(value) ~ s(pbl12) + s(jd) + s(u10m) + s(pblmin) + s(tmin2m), data = .)       1950.952
gam(log(value) ~ s(pblmax) + s(jd) + s(u10m) + s(pblmin) + s(tmin2m), data = .)      1954.672
gam(log(value) ~ s(wdir) + s(jd) + s(u10m) + s(pblmin) + s(tmin2m), data = .)        1919.529
gam(log(value) ~ s(wspeed) + s(jd) + s(u10m) + s(pblmin) + s(tmin2m), data = .)      1955.143
gam(log(value) ~ s(pwspeed) + s(jd) + s(u10m) + s(pblmin) + s(tmin2m), data = .)     1947.286

Modello migliore: rh - jd - u10m - pblmin - tmin2m 

Dati backward:  1917.47561904664::rh::jd::u10m::pblmin::tmin2m 

Scelgo il modello N 

---------- START ---------- 

                                                                                                IT2246A
gam(log(value) ~ s(t2m) + s(jd) + s(u10m) + s(pblmin) + s(v10m) + s(tmin2m), data = .)         1913.564
gam(log(value) ~ s(tmax2m) + s(jd) + s(u10m) + s(pblmin) + s(v10m) + s(tmin2m), data = .)      1913.363
gam(log(value) ~ s(tp) + s(jd) + s(u10m) + s(pblmin) + s(v10m) + s(tmin2m), data = .)          1894.266
gam(log(value) ~ s(ptp) + s(jd) + s(u10m) + s(pblmin) + s(v10m) + s(tmin2m), data = .)         1900.063
gam(log(value) ~ s(rh) + s(jd) + s(u10m) + s(pblmin) + s(v10m) + s(tmin2m), data = .)          1889.252
gam(log(value) ~ s(sp) + s(jd) + s(u10m) + s(pblmin) + s(v10m) + s(tmin2m), data = .)          1903.511
gam(log(value) ~ s(nirradiance) + s(jd) + s(u10m) + s(pblmin) + s(v10m) + s(tmin2m), data = .) 1914.103
gam(log(value) ~ s(pbl00) + s(jd) + s(u10m) + s(pblmin) + s(v10m) + s(tmin2m), data = .)       1908.603
gam(log(value) ~ s(pbl12) + s(jd) + s(u10m) + s(pblmin) + s(v10m) + s(tmin2m), data = .)       1899.203
gam(log(value) ~ s(pblmax) + s(jd) + s(u10m) + s(pblmin) + s(v10m) + s(tmin2m), data = .)      1911.630
gam(log(value) ~ s(wdir) + s(jd) + s(u10m) + s(pblmin) + s(v10m) + s(tmin2m), data = .)        1908.235
gam(log(value) ~ s(wspeed) + s(jd) + s(u10m) + s(pblmin) + s(v10m) + s(tmin2m), data = .)      1913.926
gam(log(value) ~ s(pwspeed) + s(jd) + s(u10m) + s(pblmin) + s(v10m) + s(tmin2m), data = .)     1903.380

Modello migliore: rh - jd - u10m - pblmin - v10m - tmin2m 

Variabile scelta rh con AIC 1889.25163335526  

Modelli BACKWARD 

                                                                                            IT2246A
gam(log(value) ~ s(t2m) + s(jd) + s(u10m) + s(pblmin) + s(v10m) + s(rh), data = .)         1897.149
gam(log(value) ~ s(tmax2m) + s(jd) + s(u10m) + s(pblmin) + s(v10m) + s(rh), data = .)      1904.561
gam(log(value) ~ s(tp) + s(jd) + s(u10m) + s(pblmin) + s(v10m) + s(rh), data = .)          1897.063
gam(log(value) ~ s(ptp) + s(jd) + s(u10m) + s(pblmin) + s(v10m) + s(rh), data = .)         1910.047
gam(log(value) ~ s(sp) + s(jd) + s(u10m) + s(pblmin) + s(v10m) + s(rh), data = .)          1915.481
gam(log(value) ~ s(nirradiance) + s(jd) + s(u10m) + s(pblmin) + s(v10m) + s(rh), data = .) 1926.815
gam(log(value) ~ s(pbl00) + s(jd) + s(u10m) + s(pblmin) + s(v10m) + s(rh), data = .)       1923.040
gam(log(value) ~ s(pbl12) + s(jd) + s(u10m) + s(pblmin) + s(v10m) + s(rh), data = .)       1912.341
gam(log(value) ~ s(pblmax) + s(jd) + s(u10m) + s(pblmin) + s(v10m) + s(rh), data = .)      1926.192
gam(log(value) ~ s(wdir) + s(jd) + s(u10m) + s(pblmin) + s(v10m) + s(rh), data = .)        1922.299
gam(log(value) ~ s(wspeed) + s(jd) + s(u10m) + s(pblmin) + s(v10m) + s(rh), data = .)      1926.337
gam(log(value) ~ s(pwspeed) + s(jd) + s(u10m) + s(pblmin) + s(v10m) + s(rh), data = .)     1912.716

Modello migliore: tp - jd - u10m - pblmin - v10m - rh 

Dati backward:  1897.06338262575::tp::jd::u10m::pblmin::v10m::rh 

Scelgo il modello N 

---------- START ---------- 

                                                                                                        IT2246A
gam(log(value) ~ s(t2m) + s(jd) + s(u10m) + s(pblmin) + s(v10m) + s(tmin2m) + s(rh), data = .)         1888.771
gam(log(value) ~ s(tmax2m) + s(jd) + s(u10m) + s(pblmin) + s(v10m) + s(tmin2m) + s(rh), data = .)      1887.939
gam(log(value) ~ s(tp) + s(jd) + s(u10m) + s(pblmin) + s(v10m) + s(tmin2m) + s(rh), data = .)          1862.890
gam(log(value) ~ s(ptp) + s(jd) + s(u10m) + s(pblmin) + s(v10m) + s(tmin2m) + s(rh), data = .)         1878.289
gam(log(value) ~ s(sp) + s(jd) + s(u10m) + s(pblmin) + s(v10m) + s(tmin2m) + s(rh), data = .)          1882.651
gam(log(value) ~ s(nirradiance) + s(jd) + s(u10m) + s(pblmin) + s(v10m) + s(tmin2m) + s(rh), data = .) 1890.146
gam(log(value) ~ s(pbl00) + s(jd) + s(u10m) + s(pblmin) + s(v10m) + s(tmin2m) + s(rh), data = .)       1885.969
gam(log(value) ~ s(pbl12) + s(jd) + s(u10m) + s(pblmin) + s(v10m) + s(tmin2m) + s(rh), data = .)       1877.339
gam(log(value) ~ s(pblmax) + s(jd) + s(u10m) + s(pblmin) + s(v10m) + s(tmin2m) + s(rh), data = .)      1889.722
gam(log(value) ~ s(wdir) + s(jd) + s(u10m) + s(pblmin) + s(v10m) + s(tmin2m) + s(rh), data = .)        1884.190
gam(log(value) ~ s(wspeed) + s(jd) + s(u10m) + s(pblmin) + s(v10m) + s(tmin2m) + s(rh), data = .)      1891.328
gam(log(value) ~ s(pwspeed) + s(jd) + s(u10m) + s(pblmin) + s(v10m) + s(tmin2m) + s(rh), data = .)     1880.083

Modello migliore: tp - jd - u10m - pblmin - v10m - tmin2m - rh 

Variabile scelta tp con AIC 1862.89040508392  

Modelli BACKWARD 

                                                                                                        IT2246A
gam(log(value) ~ s(t2m) + s(jd) + s(u10m) + s(pblmin) + s(v10m) + s(tmin2m) + s(tp), data = .)         1895.878
gam(log(value) ~ s(tmax2m) + s(jd) + s(u10m) + s(pblmin) + s(v10m) + s(tmin2m) + s(tp), data = .)      1895.982
gam(log(value) ~ s(ptp) + s(jd) + s(u10m) + s(pblmin) + s(v10m) + s(tmin2m) + s(tp), data = .)         1889.377
gam(log(value) ~ s(sp) + s(jd) + s(u10m) + s(pblmin) + s(v10m) + s(tmin2m) + s(tp), data = .)          1890.464
gam(log(value) ~ s(nirradiance) + s(jd) + s(u10m) + s(pblmin) + s(v10m) + s(tmin2m) + s(tp), data = .) 1884.751
gam(log(value) ~ s(pbl00) + s(jd) + s(u10m) + s(pblmin) + s(v10m) + s(tmin2m) + s(tp), data = .)       1884.587
gam(log(value) ~ s(pbl12) + s(jd) + s(u10m) + s(pblmin) + s(v10m) + s(tmin2m) + s(tp), data = .)       1880.482
gam(log(value) ~ s(pblmax) + s(jd) + s(u10m) + s(pblmin) + s(v10m) + s(tmin2m) + s(tp), data = .)      1894.451
gam(log(value) ~ s(wdir) + s(jd) + s(u10m) + s(pblmin) + s(v10m) + s(tmin2m) + s(tp), data = .)        1889.050
gam(log(value) ~ s(wspeed) + s(jd) + s(u10m) + s(pblmin) + s(v10m) + s(tmin2m) + s(tp), data = .)      1894.496
gam(log(value) ~ s(pwspeed) + s(jd) + s(u10m) + s(pblmin) + s(v10m) + s(tmin2m) + s(tp), data = .)     1880.110

Modello migliore: pwspeed - jd - u10m - pblmin - v10m - tmin2m - tp 

Dati backward:  1880.10956877372::pwspeed::jd::u10m::pblmin::v10m::tmin2m::tp 

Scelgo il modello N 

---------- START ---------- 

                                                                                                                IT2246A
gam(log(value) ~ s(t2m) + s(jd) + s(u10m) + s(pblmin) + s(v10m) + s(tmin2m) + s(rh) + s(tp), data = .)         1864.354
gam(log(value) ~ s(tmax2m) + s(jd) + s(u10m) + s(pblmin) + s(v10m) + s(tmin2m) + s(rh) + s(tp), data = .)      1864.110
gam(log(value) ~ s(ptp) + s(jd) + s(u10m) + s(pblmin) + s(v10m) + s(tmin2m) + s(rh) + s(tp), data = .)         1860.214
gam(log(value) ~ s(sp) + s(jd) + s(u10m) + s(pblmin) + s(v10m) + s(tmin2m) + s(rh) + s(tp), data = .)          1862.114
gam(log(value) ~ s(nirradiance) + s(jd) + s(u10m) + s(pblmin) + s(v10m) + s(tmin2m) + s(rh) + s(tp), data = .) 1853.860
gam(log(value) ~ s(pbl00) + s(jd) + s(u10m) + s(pblmin) + s(v10m) + s(tmin2m) + s(rh) + s(tp), data = .)       1851.117
gam(log(value) ~ s(pbl12) + s(jd) + s(u10m) + s(pblmin) + s(v10m) + s(tmin2m) + s(rh) + s(tp), data = .)       1850.402
gam(log(value) ~ s(pblmax) + s(jd) + s(u10m) + s(pblmin) + s(v10m) + s(tmin2m) + s(rh) + s(tp), data = .)      1864.759
gam(log(value) ~ s(wdir) + s(jd) + s(u10m) + s(pblmin) + s(v10m) + s(tmin2m) + s(rh) + s(tp), data = .)        1856.244
gam(log(value) ~ s(wspeed) + s(jd) + s(u10m) + s(pblmin) + s(v10m) + s(tmin2m) + s(rh) + s(tp), data = .)      1864.311
gam(log(value) ~ s(pwspeed) + s(jd) + s(u10m) + s(pblmin) + s(v10m) + s(tmin2m) + s(rh) + s(tp), data = .)     1846.033

Modello migliore: pwspeed - jd - u10m - pblmin - v10m - tmin2m - rh - tp 

Variabile scelta pwspeed con AIC 1846.03282122298  

Modelli BACKWARD 

                                                                                                                     IT2246A
gam(log(value) ~ s(t2m) + s(jd) + s(u10m) + s(pblmin) + s(v10m) + s(tmin2m) + s(rh) + s(pwspeed), data = .)         1876.925
gam(log(value) ~ s(tmax2m) + s(jd) + s(u10m) + s(pblmin) + s(v10m) + s(tmin2m) + s(rh) + s(pwspeed), data = .)      1874.359
gam(log(value) ~ s(ptp) + s(jd) + s(u10m) + s(pblmin) + s(v10m) + s(tmin2m) + s(rh) + s(pwspeed), data = .)         1859.041
gam(log(value) ~ s(sp) + s(jd) + s(u10m) + s(pblmin) + s(v10m) + s(tmin2m) + s(rh) + s(pwspeed), data = .)          1868.179
gam(log(value) ~ s(nirradiance) + s(jd) + s(u10m) + s(pblmin) + s(v10m) + s(tmin2m) + s(rh) + s(pwspeed), data = .) 1881.331
gam(log(value) ~ s(pbl00) + s(jd) + s(u10m) + s(pblmin) + s(v10m) + s(tmin2m) + s(rh) + s(pwspeed), data = .)       1880.685
gam(log(value) ~ s(pbl12) + s(jd) + s(u10m) + s(pblmin) + s(v10m) + s(tmin2m) + s(rh) + s(pwspeed), data = .)       1867.955
gam(log(value) ~ s(pblmax) + s(jd) + s(u10m) + s(pblmin) + s(v10m) + s(tmin2m) + s(rh) + s(pwspeed), data = .)      1879.796
gam(log(value) ~ s(wdir) + s(jd) + s(u10m) + s(pblmin) + s(v10m) + s(tmin2m) + s(rh) + s(pwspeed), data = .)        1874.075
gam(log(value) ~ s(wspeed) + s(jd) + s(u10m) + s(pblmin) + s(v10m) + s(tmin2m) + s(rh) + s(pwspeed), data = .)      1882.077

Modello migliore: ptp - jd - u10m - pblmin - v10m - tmin2m - rh - pwspeed 

Dati backward:  1859.04050464639::ptp::jd::u10m::pblmin::v10m::tmin2m::rh::pwspeed 

Scelgo il modello N 

---------- START ---------- 

                                                                                                                             IT2246A
gam(log(value) ~ s(t2m) + s(jd) + s(u10m) + s(pblmin) + s(v10m) + s(tmin2m) + s(rh) + s(tp) + s(pwspeed), data = .)         1845.854
gam(log(value) ~ s(tmax2m) + s(jd) + s(u10m) + s(pblmin) + s(v10m) + s(tmin2m) + s(rh) + s(tp) + s(pwspeed), data = .)      1844.603
gam(log(value) ~ s(ptp) + s(jd) + s(u10m) + s(pblmin) + s(v10m) + s(tmin2m) + s(rh) + s(tp) + s(pwspeed), data = .)         1836.537
gam(log(value) ~ s(sp) + s(jd) + s(u10m) + s(pblmin) + s(v10m) + s(tmin2m) + s(rh) + s(tp) + s(pwspeed), data = .)          1843.107
gam(log(value) ~ s(nirradiance) + s(jd) + s(u10m) + s(pblmin) + s(v10m) + s(tmin2m) + s(rh) + s(tp) + s(pwspeed), data = .) 1838.120
gam(log(value) ~ s(pbl00) + s(jd) + s(u10m) + s(pblmin) + s(v10m) + s(tmin2m) + s(rh) + s(tp) + s(pwspeed), data = .)       1842.321
gam(log(value) ~ s(pbl12) + s(jd) + s(u10m) + s(pblmin) + s(v10m) + s(tmin2m) + s(rh) + s(tp) + s(pwspeed), data = .)       1832.975
gam(log(value) ~ s(pblmax) + s(jd) + s(u10m) + s(pblmin) + s(v10m) + s(tmin2m) + s(rh) + s(tp) + s(pwspeed), data = .)      1847.915
gam(log(value) ~ s(wdir) + s(jd) + s(u10m) + s(pblmin) + s(v10m) + s(tmin2m) + s(rh) + s(tp) + s(pwspeed), data = .)        1838.091
gam(log(value) ~ s(wspeed) + s(jd) + s(u10m) + s(pblmin) + s(v10m) + s(tmin2m) + s(rh) + s(tp) + s(pwspeed), data = .)      1847.944

Modello migliore: pbl12 - jd - u10m - pblmin - v10m - tmin2m - rh - tp - pwspeed 

Variabile scelta pbl12 con AIC 1832.97455716101  

Modelli BACKWARD 

                                                                                                                           IT2246A
gam(log(value) ~ s(t2m) + s(jd) + s(u10m) + s(pblmin) + s(v10m) + s(tmin2m) + s(rh) + s(tp) + s(pbl12), data = .)         1852.344
gam(log(value) ~ s(tmax2m) + s(jd) + s(u10m) + s(pblmin) + s(v10m) + s(tmin2m) + s(rh) + s(tp) + s(pbl12), data = .)      1852.258
gam(log(value) ~ s(ptp) + s(jd) + s(u10m) + s(pblmin) + s(v10m) + s(tmin2m) + s(rh) + s(tp) + s(pbl12), data = .)         1848.752
gam(log(value) ~ s(sp) + s(jd) + s(u10m) + s(pblmin) + s(v10m) + s(tmin2m) + s(rh) + s(tp) + s(pbl12), data = .)          1850.940
gam(log(value) ~ s(nirradiance) + s(jd) + s(u10m) + s(pblmin) + s(v10m) + s(tmin2m) + s(rh) + s(tp) + s(pbl12), data = .) 1839.580
gam(log(value) ~ s(pbl00) + s(jd) + s(u10m) + s(pblmin) + s(v10m) + s(tmin2m) + s(rh) + s(tp) + s(pbl12), data = .)       1836.729
gam(log(value) ~ s(pblmax) + s(jd) + s(u10m) + s(pblmin) + s(v10m) + s(tmin2m) + s(rh) + s(tp) + s(pbl12), data = .)      1847.913
gam(log(value) ~ s(wdir) + s(jd) + s(u10m) + s(pblmin) + s(v10m) + s(tmin2m) + s(rh) + s(tp) + s(pbl12), data = .)        1846.868
gam(log(value) ~ s(wspeed) + s(jd) + s(u10m) + s(pblmin) + s(v10m) + s(tmin2m) + s(rh) + s(tp) + s(pbl12), data = .)      1851.686

Modello migliore: pbl00 - jd - u10m - pblmin - v10m - tmin2m - rh - tp - pbl12 

Dati backward:  1836.72948224126::pbl00::jd::u10m::pblmin::v10m::tmin2m::rh::tp::pbl12 

Scelgo il modello N 

---------- START ---------- 

                                                                                                                                        IT2246A
gam(log(value) ~ s(t2m) + s(jd) + s(u10m) + s(pblmin) + s(v10m) + s(tmin2m) + s(rh) + s(tp) + s(pwspeed) + s(pbl12), data = .)         1834.439
gam(log(value) ~ s(tmax2m) + s(jd) + s(u10m) + s(pblmin) + s(v10m) + s(tmin2m) + s(rh) + s(tp) + s(pwspeed) + s(pbl12), data = .)      1834.063
gam(log(value) ~ s(ptp) + s(jd) + s(u10m) + s(pblmin) + s(v10m) + s(tmin2m) + s(rh) + s(tp) + s(pwspeed) + s(pbl12), data = .)         1824.945
gam(log(value) ~ s(sp) + s(jd) + s(u10m) + s(pblmin) + s(v10m) + s(tmin2m) + s(rh) + s(tp) + s(pwspeed) + s(pbl12), data = .)          1831.645
gam(log(value) ~ s(nirradiance) + s(jd) + s(u10m) + s(pblmin) + s(v10m) + s(tmin2m) + s(rh) + s(tp) + s(pwspeed) + s(pbl12), data = .) 1823.363
gam(log(value) ~ s(pbl00) + s(jd) + s(u10m) + s(pblmin) + s(v10m) + s(tmin2m) + s(rh) + s(tp) + s(pwspeed) + s(pbl12), data = .)       1828.186
gam(log(value) ~ s(pblmax) + s(jd) + s(u10m) + s(pblmin) + s(v10m) + s(tmin2m) + s(rh) + s(tp) + s(pwspeed) + s(pbl12), data = .)      1830.596
gam(log(value) ~ s(wdir) + s(jd) + s(u10m) + s(pblmin) + s(v10m) + s(tmin2m) + s(rh) + s(tp) + s(pwspeed) + s(pbl12), data = .)        1828.269
gam(log(value) ~ s(wspeed) + s(jd) + s(u10m) + s(pblmin) + s(v10m) + s(tmin2m) + s(rh) + s(tp) + s(pwspeed) + s(pbl12), data = .)      1834.928

Modello migliore: nirradiance - jd - u10m - pblmin - v10m - tmin2m - rh - tp - pwspeed - pbl12 

Variabile scelta nirradiance con AIC 1823.36255519937  

Modelli BACKWARD 

                                                                                                                                         IT2246A
gam(log(value) ~ s(t2m) + s(jd) + s(u10m) + s(pblmin) + s(v10m) + s(tmin2m) + s(rh) + s(tp) + s(pwspeed) + s(nirradiance), data = .)    1835.146
gam(log(value) ~ s(tmax2m) + s(jd) + s(u10m) + s(pblmin) + s(v10m) + s(tmin2m) + s(rh) + s(tp) + s(pwspeed) + s(nirradiance), data = .) 1833.928
gam(log(value) ~ s(ptp) + s(jd) + s(u10m) + s(pblmin) + s(v10m) + s(tmin2m) + s(rh) + s(tp) + s(pwspeed) + s(nirradiance), data = .)    1828.811
gam(log(value) ~ s(sp) + s(jd) + s(u10m) + s(pblmin) + s(v10m) + s(tmin2m) + s(rh) + s(tp) + s(pwspeed) + s(nirradiance), data = .)     1836.412
gam(log(value) ~ s(pbl00) + s(jd) + s(u10m) + s(pblmin) + s(v10m) + s(tmin2m) + s(rh) + s(tp) + s(pwspeed) + s(nirradiance), data = .)  1835.293
gam(log(value) ~ s(pblmax) + s(jd) + s(u10m) + s(pblmin) + s(v10m) + s(tmin2m) + s(rh) + s(tp) + s(pwspeed) + s(nirradiance), data = .) 1839.497
gam(log(value) ~ s(wdir) + s(jd) + s(u10m) + s(pblmin) + s(v10m) + s(tmin2m) + s(rh) + s(tp) + s(pwspeed) + s(nirradiance), data = .)   1832.121
gam(log(value) ~ s(wspeed) + s(jd) + s(u10m) + s(pblmin) + s(v10m) + s(tmin2m) + s(rh) + s(tp) + s(pwspeed) + s(nirradiance), data = .) 1840.031

Modello migliore: ptp - jd - u10m - pblmin - v10m - tmin2m - rh - tp - pwspeed - nirradiance 

Dati backward:  1828.81125766725::ptp::jd::u10m::pblmin::v10m::tmin2m::rh::tp::pwspeed::nirradiance 

Scelgo il modello N 

---------- START ---------- 

                                                                                                                                                    IT2246A
gam(log(value) ~ s(t2m) + s(jd) + s(u10m) + s(pblmin) + s(v10m) + s(tmin2m) + s(rh) + s(tp) + s(pwspeed) + s(pbl12) + s(nirradiance), data = .)    1823.216
gam(log(value) ~ s(tmax2m) + s(jd) + s(u10m) + s(pblmin) + s(v10m) + s(tmin2m) + s(rh) + s(tp) + s(pwspeed) + s(pbl12) + s(nirradiance), data = .) 1823.339
gam(log(value) ~ s(ptp) + s(jd) + s(u10m) + s(pblmin) + s(v10m) + s(tmin2m) + s(rh) + s(tp) + s(pwspeed) + s(pbl12) + s(nirradiance), data = .)    1815.996
gam(log(value) ~ s(sp) + s(jd) + s(u10m) + s(pblmin) + s(v10m) + s(tmin2m) + s(rh) + s(tp) + s(pwspeed) + s(pbl12) + s(nirradiance), data = .)     1823.354
gam(log(value) ~ s(pbl00) + s(jd) + s(u10m) + s(pblmin) + s(v10m) + s(tmin2m) + s(rh) + s(tp) + s(pwspeed) + s(pbl12) + s(nirradiance), data = .)  1819.404
gam(log(value) ~ s(pblmax) + s(jd) + s(u10m) + s(pblmin) + s(v10m) + s(tmin2m) + s(rh) + s(tp) + s(pwspeed) + s(pbl12) + s(nirradiance), data = .) 1823.794
gam(log(value) ~ s(wdir) + s(jd) + s(u10m) + s(pblmin) + s(v10m) + s(tmin2m) + s(rh) + s(tp) + s(pwspeed) + s(pbl12) + s(nirradiance), data = .)   1820.402
gam(log(value) ~ s(wspeed) + s(jd) + s(u10m) + s(pblmin) + s(v10m) + s(tmin2m) + s(rh) + s(tp) + s(pwspeed) + s(pbl12) + s(nirradiance), data = .) 1825.126

[1] "Modello migliore: ptp - jd - u10m - pblmin - v10m - tmin2m - rh - tp - pwspeed - pbl12 - nirradiance"

Variabile scelta ptp con AIC 1815.99628017616  

Modelli BACKWARD 

                                                                                                                                            IT2246A
gam(log(value) ~ s(t2m) + s(jd) + s(u10m) + s(pblmin) + s(v10m) + s(tmin2m) + s(rh) + s(tp) + s(pwspeed) + s(pbl12) + s(ptp), data = .)    1826.554
gam(log(value) ~ s(tmax2m) + s(jd) + s(u10m) + s(pblmin) + s(v10m) + s(tmin2m) + s(rh) + s(tp) + s(pwspeed) + s(pbl12) + s(ptp), data = .) 1826.788
gam(log(value) ~ s(sp) + s(jd) + s(u10m) + s(pblmin) + s(v10m) + s(tmin2m) + s(rh) + s(tp) + s(pwspeed) + s(pbl12) + s(ptp), data = .)     1823.934
gam(log(value) ~ s(pbl00) + s(jd) + s(u10m) + s(pblmin) + s(v10m) + s(tmin2m) + s(rh) + s(tp) + s(pwspeed) + s(pbl12) + s(ptp), data = .)  1818.088
gam(log(value) ~ s(pblmax) + s(jd) + s(u10m) + s(pblmin) + s(v10m) + s(tmin2m) + s(rh) + s(tp) + s(pwspeed) + s(pbl12) + s(ptp), data = .) 1821.481
gam(log(value) ~ s(wdir) + s(jd) + s(u10m) + s(pblmin) + s(v10m) + s(tmin2m) + s(rh) + s(tp) + s(pwspeed) + s(pbl12) + s(ptp), data = .)   1819.053
gam(log(value) ~ s(wspeed) + s(jd) + s(u10m) + s(pblmin) + s(v10m) + s(tmin2m) + s(rh) + s(tp) + s(pwspeed) + s(pbl12) + s(ptp), data = .) 1826.960

Modello migliore: pbl00 - jd - u10m - pblmin - v10m - tmin2m - rh - tp - pwspeed - pbl12 - ptp 

[1] "Dati backward:  1818.08847895764::pbl00::jd::u10m::pblmin::v10m::tmin2m::rh::tp::pwspeed::pbl12::ptp"

Scelgo il modello N 

---------- START ---------- 

                                                                                                                                                             IT2246A
gam(log(value) ~ s(t2m) + s(jd) + s(u10m) + s(pblmin) + s(v10m) + s(tmin2m) + s(rh) + s(tp) + s(pwspeed) + s(pbl12) + s(nirradiance) + s(ptp), data = .)    1816.085
gam(log(value) ~ s(tmax2m) + s(jd) + s(u10m) + s(pblmin) + s(v10m) + s(tmin2m) + s(rh) + s(tp) + s(pwspeed) + s(pbl12) + s(nirradiance) + s(ptp), data = .) 1816.094
gam(log(value) ~ s(sp) + s(jd) + s(u10m) + s(pblmin) + s(v10m) + s(tmin2m) + s(rh) + s(tp) + s(pwspeed) + s(pbl12) + s(nirradiance) + s(ptp), data = .)     1815.994
gam(log(value) ~ s(pbl00) + s(jd) + s(u10m) + s(pblmin) + s(v10m) + s(tmin2m) + s(rh) + s(tp) + s(pwspeed) + s(pbl12) + s(nirradiance) + s(ptp), data = .)  1809.770
gam(log(value) ~ s(pblmax) + s(jd) + s(u10m) + s(pblmin) + s(v10m) + s(tmin2m) + s(rh) + s(tp) + s(pwspeed) + s(pbl12) + s(nirradiance) + s(ptp), data = .) 1815.454
gam(log(value) ~ s(wdir) + s(jd) + s(u10m) + s(pblmin) + s(v10m) + s(tmin2m) + s(rh) + s(tp) + s(pwspeed) + s(pbl12) + s(nirradiance) + s(ptp), data = .)   1811.963
gam(log(value) ~ s(wspeed) + s(jd) + s(u10m) + s(pblmin) + s(v10m) + s(tmin2m) + s(rh) + s(tp) + s(pwspeed) + s(pbl12) + s(nirradiance) + s(ptp), data = .) 1817.873

[1] "Modello migliore: pbl00 - jd - u10m - pblmin - v10m - tmin2m - rh - tp - pwspeed - pbl12 - nirradiance - ptp"

Variabile scelta pbl00 con AIC 1809.77041013795  

Modelli BACKWARD 

                                                                                                                                                               IT2246A
gam(log(value) ~ s(t2m) + s(jd) + s(u10m) + s(pblmin) + s(v10m) + s(tmin2m) + s(rh) + s(tp) + s(pwspeed) + s(pbl12) + s(nirradiance) + s(pbl00), data = .)    1817.935
gam(log(value) ~ s(tmax2m) + s(jd) + s(u10m) + s(pblmin) + s(v10m) + s(tmin2m) + s(rh) + s(tp) + s(pwspeed) + s(pbl12) + s(nirradiance) + s(pbl00), data = .) 1817.698
gam(log(value) ~ s(sp) + s(jd) + s(u10m) + s(pblmin) + s(v10m) + s(tmin2m) + s(rh) + s(tp) + s(pwspeed) + s(pbl12) + s(nirradiance) + s(pbl00), data = .)     1819.082
gam(log(value) ~ s(pblmax) + s(jd) + s(u10m) + s(pblmin) + s(v10m) + s(tmin2m) + s(rh) + s(tp) + s(pwspeed) + s(pbl12) + s(nirradiance) + s(pbl00), data = .) 1820.056
gam(log(value) ~ s(wdir) + s(jd) + s(u10m) + s(pblmin) + s(v10m) + s(tmin2m) + s(rh) + s(tp) + s(pwspeed) + s(pbl12) + s(nirradiance) + s(pbl00), data = .)   1816.070
gam(log(value) ~ s(wspeed) + s(jd) + s(u10m) + s(pblmin) + s(v10m) + s(tmin2m) + s(rh) + s(tp) + s(pwspeed) + s(pbl12) + s(nirradiance) + s(pbl00), data = .) 1821.123

[1] "Modello migliore: wdir - jd - u10m - pblmin - v10m - tmin2m - rh - tp - pwspeed - pbl12 - nirradiance - pbl00"

[1] "Dati backward:  1816.06977743614::wdir::jd::u10m::pblmin::v10m::tmin2m::rh::tp::pwspeed::pbl12::nirradiance::pbl00"

Scelgo il modello N 

---------- START ---------- 

                                                                                                                                                                        IT2246A
gam(log(value) ~ s(t2m) + s(jd) + s(u10m) + s(pblmin) + s(v10m) + s(tmin2m) + s(rh) + s(tp) + s(pwspeed) + s(pbl12) + s(nirradiance) + s(ptp) + s(pbl00), data = .)    1808.452
gam(log(value) ~ s(tmax2m) + s(jd) + s(u10m) + s(pblmin) + s(v10m) + s(tmin2m) + s(rh) + s(tp) + s(pwspeed) + s(pbl12) + s(nirradiance) + s(ptp) + s(pbl00), data = .) 1808.340
gam(log(value) ~ s(sp) + s(jd) + s(u10m) + s(pblmin) + s(v10m) + s(tmin2m) + s(rh) + s(tp) + s(pwspeed) + s(pbl12) + s(nirradiance) + s(ptp) + s(pbl00), data = .)     1809.613
gam(log(value) ~ s(pblmax) + s(jd) + s(u10m) + s(pblmin) + s(v10m) + s(tmin2m) + s(rh) + s(tp) + s(pwspeed) + s(pbl12) + s(nirradiance) + s(ptp) + s(pbl00), data = .) 1809.833
gam(log(value) ~ s(wdir) + s(jd) + s(u10m) + s(pblmin) + s(v10m) + s(tmin2m) + s(rh) + s(tp) + s(pwspeed) + s(pbl12) + s(nirradiance) + s(ptp) + s(pbl00), data = .)   1805.331
gam(log(value) ~ s(wspeed) + s(jd) + s(u10m) + s(pblmin) + s(v10m) + s(tmin2m) + s(rh) + s(tp) + s(pwspeed) + s(pbl12) + s(nirradiance) + s(ptp) + s(pbl00), data = .) 1811.610

[1] "Modello migliore: wdir - jd - u10m - pblmin - v10m - tmin2m - rh - tp - pwspeed - pbl12 - nirradiance - ptp - pbl00"

Variabile scelta wdir con AIC 1805.33076366202  

Modelli BACKWARD 

                                                                                                                                                                       IT2246A
gam(log(value) ~ s(t2m) + s(jd) + s(u10m) + s(pblmin) + s(v10m) + s(tmin2m) + s(rh) + s(tp) + s(pwspeed) + s(pbl12) + s(nirradiance) + s(ptp) + s(wdir), data = .)    1812.962
gam(log(value) ~ s(tmax2m) + s(jd) + s(u10m) + s(pblmin) + s(v10m) + s(tmin2m) + s(rh) + s(tp) + s(pwspeed) + s(pbl12) + s(nirradiance) + s(ptp) + s(wdir), data = .) 1813.109
gam(log(value) ~ s(sp) + s(jd) + s(u10m) + s(pblmin) + s(v10m) + s(tmin2m) + s(rh) + s(tp) + s(pwspeed) + s(pbl12) + s(nirradiance) + s(ptp) + s(wdir), data = .)     1812.139
gam(log(value) ~ s(pblmax) + s(jd) + s(u10m) + s(pblmin) + s(v10m) + s(tmin2m) + s(rh) + s(tp) + s(pwspeed) + s(pbl12) + s(nirradiance) + s(ptp) + s(wdir), data = .) 1813.071
gam(log(value) ~ s(wspeed) + s(jd) + s(u10m) + s(pblmin) + s(v10m) + s(tmin2m) + s(rh) + s(tp) + s(pwspeed) + s(pbl12) + s(nirradiance) + s(ptp) + s(wdir), data = .) 1813.302

[1] "Modello migliore: sp - jd - u10m - pblmin - v10m - tmin2m - rh - tp - pwspeed - pbl12 - nirradiance - ptp - wdir"

[1] "Dati backward:  1812.13858122826::sp::jd::u10m::pblmin::v10m::tmin2m::rh::tp::pwspeed::pbl12::nirradiance::ptp::wdir"

Scelgo il modello N 

---------- START ---------- 

                                                                                                                                                                                  IT2246A
gam(log(value) ~ s(t2m) + s(jd) + s(u10m) + s(pblmin) + s(v10m) + s(tmin2m) + s(rh) + s(tp) + s(pwspeed) + s(pbl12) + s(nirradiance) + s(ptp) + s(pbl00) + s(wdir), data = .)    1805.221
gam(log(value) ~ s(tmax2m) + s(jd) + s(u10m) + s(pblmin) + s(v10m) + s(tmin2m) + s(rh) + s(tp) + s(pwspeed) + s(pbl12) + s(nirradiance) + s(ptp) + s(pbl00) + s(wdir), data = .) 1805.389
gam(log(value) ~ s(sp) + s(jd) + s(u10m) + s(pblmin) + s(v10m) + s(tmin2m) + s(rh) + s(tp) + s(pwspeed) + s(pbl12) + s(nirradiance) + s(ptp) + s(pbl00) + s(wdir), data = .)     1805.400
gam(log(value) ~ s(pblmax) + s(jd) + s(u10m) + s(pblmin) + s(v10m) + s(tmin2m) + s(rh) + s(tp) + s(pwspeed) + s(pbl12) + s(nirradiance) + s(ptp) + s(pbl00) + s(wdir), data = .) 1806.626
gam(log(value) ~ s(wspeed) + s(jd) + s(u10m) + s(pblmin) + s(v10m) + s(tmin2m) + s(rh) + s(tp) + s(pwspeed) + s(pbl12) + s(nirradiance) + s(ptp) + s(pbl00) + s(wdir), data = .) 1806.479

[1] "Modello migliore: t2m - jd - u10m - pblmin - v10m - tmin2m - rh - tp - pwspeed - pbl12 - nirradiance - ptp - pbl00 - wdir"

Variabile scelta t2m con AIC 1805.22067093025  

Modelli BACKWARD 

                                                                                                                                                                                 IT2246A
gam(log(value) ~ s(tmax2m) + s(jd) + s(u10m) + s(pblmin) + s(v10m) + s(tmin2m) + s(rh) + s(tp) + s(pwspeed) + s(pbl12) + s(nirradiance) + s(ptp) + s(pbl00) + s(t2m), data = .) 1810.207
gam(log(value) ~ s(sp) + s(jd) + s(u10m) + s(pblmin) + s(v10m) + s(tmin2m) + s(rh) + s(tp) + s(pwspeed) + s(pbl12) + s(nirradiance) + s(ptp) + s(pbl00) + s(t2m), data = .)     1808.091
gam(log(value) ~ s(pblmax) + s(jd) + s(u10m) + s(pblmin) + s(v10m) + s(tmin2m) + s(rh) + s(tp) + s(pwspeed) + s(pbl12) + s(nirradiance) + s(ptp) + s(pbl00) + s(t2m), data = .) 1807.534
gam(log(value) ~ s(wspeed) + s(jd) + s(u10m) + s(pblmin) + s(v10m) + s(tmin2m) + s(rh) + s(tp) + s(pwspeed) + s(pbl12) + s(nirradiance) + s(ptp) + s(pbl00) + s(t2m), data = .) 1810.156

[1] "Modello migliore: pblmax - jd - u10m - pblmin - v10m - tmin2m - rh - tp - pwspeed - pbl12 - nirradiance - ptp - pbl00 - t2m"

[1] "Dati backward:  1807.53431999217::pblmax::jd::u10m::pblmin::v10m::tmin2m::rh::tp::pwspeed::pbl12::nirradiance::ptp::pbl00::t2m"

Scelgo il modello N-1 

---------- START ---------- 

                                                                                                                                                                                  IT2246A
gam(log(value) ~ s(tmax2m) + s(jd) + s(u10m) + s(pblmin) + s(v10m) + s(tmin2m) + s(rh) + s(tp) + s(pwspeed) + s(pbl12) + s(nirradiance) + s(ptp) + s(pbl00) + s(wdir), data = .) 1805.389
gam(log(value) ~ s(sp) + s(jd) + s(u10m) + s(pblmin) + s(v10m) + s(tmin2m) + s(rh) + s(tp) + s(pwspeed) + s(pbl12) + s(nirradiance) + s(ptp) + s(pbl00) + s(wdir), data = .)     1805.400
gam(log(value) ~ s(pblmax) + s(jd) + s(u10m) + s(pblmin) + s(v10m) + s(tmin2m) + s(rh) + s(tp) + s(pwspeed) + s(pbl12) + s(nirradiance) + s(ptp) + s(pbl00) + s(wdir), data = .) 1806.626
gam(log(value) ~ s(wspeed) + s(jd) + s(u10m) + s(pblmin) + s(v10m) + s(tmin2m) + s(rh) + s(tp) + s(pwspeed) + s(pbl12) + s(nirradiance) + s(ptp) + s(pbl00) + s(wdir), data = .) 1806.479

[1] "Modello migliore: tmax2m - jd - u10m - pblmin - v10m - tmin2m - rh - tp - pwspeed - pbl12 - nirradiance - ptp - pbl00 - wdir"

Variabile scelta tmax2m con AIC 1805.38927659345  

Fine per scelta MODELLO 

jd + u10m + pblmin + v10m + tmin2m + rh + tp + pwspeed + pbl12 + nirradiance + ptp + pbl00 + wdir 

---------------------- 

NOTE: Log Print Time:  2021-05-11 12:50:16 
NOTE: Elapsed Time in seconds: 3.48218293587367 

Fine per scelta MODELLO 

jd + u10m + pblmin + v10m + tmin2m + rh + tp + pwspeed + pbl12 + nirradiance + ptp + pbl00 + wdir 

---------------------- 

NOTE: Log Print Time:  2021-05-11 12:50:16 
NOTE: Elapsed Time in seconds: 0.00108838081359863 

Fine per scelta MODELLO 

jd + u10m + pblmin + v10m + tmin2m + rh + tp + pwspeed + pbl12 + nirradiance + ptp + pbl00 + wdir 

---------------------- 

NOTE: Log Print Time:  2021-05-11 12:50:16 
NOTE: Elapsed Time in seconds: 0.00101161003112793 

Fine per scelta MODELLO 

jd + u10m + pblmin + v10m + tmin2m + rh + tp + pwspeed + pbl12 + nirradiance + ptp + pbl00 + wdir 

---------------------- 

NOTE: Log Print Time:  2021-05-11 12:50:16 
NOTE: Elapsed Time in seconds: 0.00101971626281738 

Fine per scelta MODELLO 

jd + u10m + pblmin + v10m + tmin2m + rh + tp + pwspeed + pbl12 + nirradiance + ptp + pbl00 + wdir 

---------------------- 

NOTE: Log Print Time:  2021-05-11 12:50:16 
NOTE: Elapsed Time in seconds: 0.000983715057373047 

Fine per scelta MODELLO 

jd + u10m + pblmin + v10m + tmin2m + rh + tp + pwspeed + pbl12 + nirradiance + ptp + pbl00 + wdir 

---------------------- 

NOTE: Log Print Time:  2021-05-11 12:50:16 
NOTE: Elapsed Time in seconds: 0.000979423522949219 

Fine per scelta MODELLO 

jd + u10m + pblmin + v10m + tmin2m + rh + tp + pwspeed + pbl12 + nirradiance + ptp + pbl00 + wdir 

---------------------- 

NOTE: Log Print Time:  2021-05-11 12:50:16 
NOTE: Elapsed Time in seconds: 0.000978946685791016 

Fine per scelta MODELLO 

jd + u10m + pblmin + v10m + tmin2m + rh + tp + pwspeed + pbl12 + nirradiance + ptp + pbl00 + wdir 

---------------------- 

NOTE: Log Print Time:  2021-05-11 12:50:16 
NOTE: Elapsed Time in seconds: 0.000993490219116211 

Fine per scelta MODELLO 

jd + u10m + pblmin + v10m + tmin2m + rh + tp + pwspeed + pbl12 + nirradiance + ptp + pbl00 + wdir 

---------------------- 

NOTE: Log Print Time:  2021-05-11 12:50:16 
NOTE: Elapsed Time in seconds: 0.000984668731689453 

Fine per scelta MODELLO 

jd + u10m + pblmin + v10m + tmin2m + rh + tp + pwspeed + pbl12 + nirradiance + ptp + pbl00 + wdir 

---------------------- 

NOTE: Log Print Time:  2021-05-11 12:50:16 
NOTE: Elapsed Time in seconds: 0.000977277755737305 

Fine per scelta MODELLO 

jd + u10m + pblmin + v10m + tmin2m + rh + tp + pwspeed + pbl12 + nirradiance + ptp + pbl00 + wdir 

---------------------- 

NOTE: Log Print Time:  2021-05-11 12:50:16 
NOTE: Elapsed Time in seconds: 0.00098109245300293 

Fine per scelta MODELLO 

jd + u10m + pblmin + v10m + tmin2m + rh + tp + pwspeed + pbl12 + nirradiance + ptp + pbl00 + wdir 

---------------------- 

NOTE: Log Print Time:  2021-05-11 12:50:16 
NOTE: Elapsed Time in seconds: 0.00100159645080566 

Fine per scelta MODELLO 

jd + u10m + pblmin + v10m + tmin2m + rh + tp + pwspeed + pbl12 + nirradiance + ptp + pbl00 + wdir 

---------------------- 

NOTE: Log Print Time:  2021-05-11 12:50:16 
NOTE: Elapsed Time in seconds: 0.000987052917480469 

Fine per scelta MODELLO 

jd + u10m + pblmin + v10m + tmin2m + rh + tp + pwspeed + pbl12 + nirradiance + ptp + pbl00 + wdir 

---------------------- 

NOTE: Log Print Time:  2021-05-11 12:50:16 
NOTE: Elapsed Time in seconds: 0.000985383987426758 

========================================================================= 
Log End Time: 2021-05-11 12:50:16 
Log Elapsed Time: 0 00:00:03 
========================================================================= 
