========================================================================= 
Log Path: output/12/pm10/log/pulvirus_pm10_12_IT1184A.log 
Working Directory: /home/rmorelli/R/pulvirus/analisi/GAM/scelta 
User Name: rmorelli 
R Version: 4.0.5 (2021-03-31) 
Machine: pasqualino x86_64 
Operating System: Linux 4.19.0-13-amd64 #1 SMP Debian 4.19.160-2 (2020-11-28) 
Log Start Time: 2021-05-11 12:45:29 
========================================================================= 

Stazione: IT1184A 

---------- START ---------- 

                                            IT1184A
gam(log(value) ~ s(t2m), data = .)         1522.317
gam(log(value) ~ s(tmin2m), data = .)      1426.642
gam(log(value) ~ s(tmax2m), data = .)      1639.018
gam(log(value) ~ s(tp), data = .)          1788.053
gam(log(value) ~ s(ptp), data = .)         1727.582
gam(log(value) ~ s(rh), data = .)          1790.596
gam(log(value) ~ s(u10m), data = .)        1784.828
gam(log(value) ~ s(v10m), data = .)        1763.254
gam(log(value) ~ s(sp), data = .)          1591.184
gam(log(value) ~ s(nirradiance), data = .) 1676.450
gam(log(value) ~ s(pbl00), data = .)       1745.170
gam(log(value) ~ s(pbl12), data = .)       1508.373
gam(log(value) ~ s(pblmin), data = .)      1761.973
gam(log(value) ~ s(pblmax), data = .)      1544.982
gam(log(value) ~ s(wdir), data = .)        1734.631
gam(log(value) ~ s(wspeed), data = .)      1817.767
gam(log(value) ~ s(pwspeed), data = .)     1821.739
gam(log(value) ~ s(jd), data = .)          1608.353

Modello migliore: tmin2m 

Variabile scelta tmin2m con AIC 1426.64238206077  

---------- START ---------- 

                                                        IT1184A
gam(log(value) ~ s(t2m) + s(tmin2m), data = .)         1417.988
gam(log(value) ~ s(tmin2m) + s(tmin2m), data = .)      1426.642
gam(log(value) ~ s(tmax2m) + s(tmin2m), data = .)      1388.468
gam(log(value) ~ s(tp) + s(tmin2m), data = .)          1384.800
gam(log(value) ~ s(ptp) + s(tmin2m), data = .)         1291.373
gam(log(value) ~ s(rh) + s(tmin2m), data = .)          1369.170
gam(log(value) ~ s(u10m) + s(tmin2m), data = .)        1402.865
gam(log(value) ~ s(v10m) + s(tmin2m), data = .)        1336.091
gam(log(value) ~ s(sp) + s(tmin2m), data = .)          1308.652
gam(log(value) ~ s(nirradiance) + s(tmin2m), data = .) 1361.478
gam(log(value) ~ s(pbl00) + s(tmin2m), data = .)       1361.609
gam(log(value) ~ s(pbl12) + s(tmin2m), data = .)       1181.377
gam(log(value) ~ s(pblmin) + s(tmin2m), data = .)      1367.723
gam(log(value) ~ s(pblmax) + s(tmin2m), data = .)      1165.993
gam(log(value) ~ s(wdir) + s(tmin2m), data = .)        1396.181
gam(log(value) ~ s(wspeed) + s(tmin2m), data = .)      1413.434
gam(log(value) ~ s(pwspeed) + s(tmin2m), data = .)     1414.913
gam(log(value) ~ s(jd) + s(tmin2m), data = .)          1327.073

Modello migliore: pblmax - tmin2m 

Variabile scelta pblmax con AIC 1165.99319369577  

Modelli BACKWARD 

                                                        IT1184A
gam(log(value) ~ s(t2m) + s(pblmax), data = .)         1296.206
gam(log(value) ~ s(tmax2m) + s(pblmax), data = .)      1413.013
gam(log(value) ~ s(tp) + s(pblmax), data = .)          1464.639
gam(log(value) ~ s(ptp) + s(pblmax), data = .)         1443.204
gam(log(value) ~ s(rh) + s(pblmax), data = .)          1534.827
gam(log(value) ~ s(u10m) + s(pblmax), data = .)        1526.462
gam(log(value) ~ s(v10m) + s(pblmax), data = .)        1477.199
gam(log(value) ~ s(sp) + s(pblmax), data = .)          1401.480
gam(log(value) ~ s(nirradiance) + s(pblmax), data = .) 1485.718
gam(log(value) ~ s(pbl00) + s(pblmax), data = .)       1474.716
gam(log(value) ~ s(pbl12) + s(pblmax), data = .)       1502.654
gam(log(value) ~ s(pblmin) + s(pblmax), data = .)      1491.762
gam(log(value) ~ s(wdir) + s(pblmax), data = .)        1486.710
gam(log(value) ~ s(wspeed) + s(pblmax), data = .)      1534.846
gam(log(value) ~ s(pwspeed) + s(pblmax), data = .)     1529.584
gam(log(value) ~ s(jd) + s(pblmax), data = .)          1436.416

Modello migliore: t2m - pblmax 

Dati backward:  1296.20627418999::t2m::pblmax 

Scelgo il modello N 

---------- START ---------- 

                                                                    IT1184A
gam(log(value) ~ s(t2m) + s(tmin2m) + s(pblmax), data = .)         1151.794
gam(log(value) ~ s(tmax2m) + s(tmin2m) + s(pblmax), data = .)      1119.224
gam(log(value) ~ s(tp) + s(tmin2m) + s(pblmax), data = .)          1112.020
gam(log(value) ~ s(ptp) + s(tmin2m) + s(pblmax), data = .)         1068.453
gam(log(value) ~ s(rh) + s(tmin2m) + s(pblmax), data = .)          1166.987
gam(log(value) ~ s(u10m) + s(tmin2m) + s(pblmax), data = .)        1149.342
gam(log(value) ~ s(v10m) + s(tmin2m) + s(pblmax), data = .)        1115.086
gam(log(value) ~ s(sp) + s(tmin2m) + s(pblmax), data = .)          1094.818
gam(log(value) ~ s(nirradiance) + s(tmin2m) + s(pblmax), data = .) 1141.129
gam(log(value) ~ s(pbl00) + s(tmin2m) + s(pblmax), data = .)       1125.133
gam(log(value) ~ s(pbl12) + s(tmin2m) + s(pblmax), data = .)       1157.484
gam(log(value) ~ s(pblmin) + s(tmin2m) + s(pblmax), data = .)      1129.781
gam(log(value) ~ s(wdir) + s(tmin2m) + s(pblmax), data = .)        1153.515
gam(log(value) ~ s(wspeed) + s(tmin2m) + s(pblmax), data = .)      1161.069
gam(log(value) ~ s(pwspeed) + s(tmin2m) + s(pblmax), data = .)     1155.191
gam(log(value) ~ s(jd) + s(tmin2m) + s(pblmax), data = .)          1112.541

Modello migliore: ptp - tmin2m - pblmax 

Variabile scelta ptp con AIC 1068.45274477333  

Modelli BACKWARD 

                                                                 IT1184A
gam(log(value) ~ s(t2m) + s(tmin2m) + s(ptp), data = .)         1274.782
gam(log(value) ~ s(tmax2m) + s(tmin2m) + s(ptp), data = .)      1258.926
gam(log(value) ~ s(tp) + s(tmin2m) + s(ptp), data = .)          1288.298
gam(log(value) ~ s(rh) + s(tmin2m) + s(ptp), data = .)          1178.601
gam(log(value) ~ s(u10m) + s(tmin2m) + s(ptp), data = .)        1266.300
gam(log(value) ~ s(v10m) + s(tmin2m) + s(ptp), data = .)        1210.646
gam(log(value) ~ s(sp) + s(tmin2m) + s(ptp), data = .)          1233.012
gam(log(value) ~ s(nirradiance) + s(tmin2m) + s(ptp), data = .) 1177.475
gam(log(value) ~ s(pbl00) + s(tmin2m) + s(ptp), data = .)       1269.549
gam(log(value) ~ s(pbl12) + s(tmin2m) + s(ptp), data = .)       1051.204
gam(log(value) ~ s(pblmin) + s(tmin2m) + s(ptp), data = .)      1260.107
gam(log(value) ~ s(wdir) + s(tmin2m) + s(ptp), data = .)        1268.795
gam(log(value) ~ s(wspeed) + s(tmin2m) + s(ptp), data = .)      1285.047
gam(log(value) ~ s(pwspeed) + s(tmin2m) + s(ptp), data = .)     1281.064
gam(log(value) ~ s(jd) + s(tmin2m) + s(ptp), data = .)          1143.884

Modello migliore: pbl12 - tmin2m - ptp 

Dati backward:  1051.20363689941::pbl12::tmin2m::ptp 

Scelgo il modello N 

---------- START ---------- 

                                                                              IT1184A
gam(log(value) ~ s(t2m) + s(tmin2m) + s(pblmax) + s(ptp), data = .)         1062.8218
gam(log(value) ~ s(tmax2m) + s(tmin2m) + s(pblmax) + s(ptp), data = .)      1046.9045
gam(log(value) ~ s(tp) + s(tmin2m) + s(pblmax) + s(ptp), data = .)          1054.6202
gam(log(value) ~ s(rh) + s(tmin2m) + s(pblmax) + s(ptp), data = .)          1060.9849
gam(log(value) ~ s(u10m) + s(tmin2m) + s(pblmax) + s(ptp), data = .)        1037.5864
gam(log(value) ~ s(v10m) + s(tmin2m) + s(pblmax) + s(ptp), data = .)        1017.7480
gam(log(value) ~ s(sp) + s(tmin2m) + s(pblmax) + s(ptp), data = .)          1031.0932
gam(log(value) ~ s(nirradiance) + s(tmin2m) + s(pblmax) + s(ptp), data = .) 1022.1863
gam(log(value) ~ s(pbl00) + s(tmin2m) + s(pblmax) + s(ptp), data = .)       1042.2180
gam(log(value) ~ s(pbl12) + s(tmin2m) + s(pblmax) + s(ptp), data = .)       1043.4152
gam(log(value) ~ s(pblmin) + s(tmin2m) + s(pblmax) + s(ptp), data = .)      1043.4683
gam(log(value) ~ s(wdir) + s(tmin2m) + s(pblmax) + s(ptp), data = .)        1057.4299
gam(log(value) ~ s(wspeed) + s(tmin2m) + s(pblmax) + s(ptp), data = .)      1060.9839
gam(log(value) ~ s(pwspeed) + s(tmin2m) + s(pblmax) + s(ptp), data = .)     1051.9719
gam(log(value) ~ s(jd) + s(tmin2m) + s(pblmax) + s(ptp), data = .)           981.5035

Modello migliore: jd - tmin2m - pblmax - ptp 

Variabile scelta jd con AIC 981.503526028057  

Modelli BACKWARD 

                                                                            IT1184A
gam(log(value) ~ s(t2m) + s(tmin2m) + s(pblmax) + s(jd), data = .)         1046.605
gam(log(value) ~ s(tmax2m) + s(tmin2m) + s(pblmax) + s(jd), data = .)      1007.636
gam(log(value) ~ s(tp) + s(tmin2m) + s(pblmax) + s(jd), data = .)          1020.670
gam(log(value) ~ s(rh) + s(tmin2m) + s(pblmax) + s(jd), data = .)          1098.758
gam(log(value) ~ s(u10m) + s(tmin2m) + s(pblmax) + s(jd), data = .)        1103.416
gam(log(value) ~ s(v10m) + s(tmin2m) + s(pblmax) + s(jd), data = .)        1056.500
gam(log(value) ~ s(sp) + s(tmin2m) + s(pblmax) + s(jd), data = .)          1044.602
gam(log(value) ~ s(nirradiance) + s(tmin2m) + s(pblmax) + s(jd), data = .) 1086.240
gam(log(value) ~ s(pbl00) + s(tmin2m) + s(pblmax) + s(jd), data = .)       1056.899
gam(log(value) ~ s(pbl12) + s(tmin2m) + s(pblmax) + s(jd), data = .)       1110.453
gam(log(value) ~ s(pblmin) + s(tmin2m) + s(pblmax) + s(jd), data = .)      1058.534
gam(log(value) ~ s(wdir) + s(tmin2m) + s(pblmax) + s(jd), data = .)        1106.868
gam(log(value) ~ s(wspeed) + s(tmin2m) + s(pblmax) + s(jd), data = .)      1107.027
gam(log(value) ~ s(pwspeed) + s(tmin2m) + s(pblmax) + s(jd), data = .)     1103.251

Modello migliore: tmax2m - tmin2m - pblmax - jd 

Dati backward:  1007.63572701632::tmax2m::tmin2m::pblmax::jd 

Scelgo il modello N 

---------- START ---------- 

                                                                                     IT1184A
gam(log(value) ~ s(t2m) + s(tmin2m) + s(pblmax) + s(ptp) + s(jd), data = .)         954.5706
gam(log(value) ~ s(tmax2m) + s(tmin2m) + s(pblmax) + s(ptp) + s(jd), data = .)      930.1526
gam(log(value) ~ s(tp) + s(tmin2m) + s(pblmax) + s(ptp) + s(jd), data = .)          950.5922
gam(log(value) ~ s(rh) + s(tmin2m) + s(pblmax) + s(ptp) + s(jd), data = .)          980.8710
gam(log(value) ~ s(u10m) + s(tmin2m) + s(pblmax) + s(ptp) + s(jd), data = .)        959.8874
gam(log(value) ~ s(v10m) + s(tmin2m) + s(pblmax) + s(ptp) + s(jd), data = .)        927.5977
gam(log(value) ~ s(sp) + s(tmin2m) + s(pblmax) + s(ptp) + s(jd), data = .)          951.4716
gam(log(value) ~ s(nirradiance) + s(tmin2m) + s(pblmax) + s(ptp) + s(jd), data = .) 973.0049
gam(log(value) ~ s(pbl00) + s(tmin2m) + s(pblmax) + s(ptp) + s(jd), data = .)       955.5473
gam(log(value) ~ s(pbl12) + s(tmin2m) + s(pblmax) + s(ptp) + s(jd), data = .)       970.0668
gam(log(value) ~ s(pblmin) + s(tmin2m) + s(pblmax) + s(ptp) + s(jd), data = .)      946.3577
gam(log(value) ~ s(wdir) + s(tmin2m) + s(pblmax) + s(ptp) + s(jd), data = .)        977.2924
gam(log(value) ~ s(wspeed) + s(tmin2m) + s(pblmax) + s(ptp) + s(jd), data = .)      976.0118
gam(log(value) ~ s(pwspeed) + s(tmin2m) + s(pblmax) + s(ptp) + s(jd), data = .)     970.3906

Modello migliore: v10m - tmin2m - pblmax - ptp - jd 

Variabile scelta v10m con AIC 927.597674163731  

Modelli BACKWARD 

                                                                                        IT1184A
gam(log(value) ~ s(t2m) + s(tmin2m) + s(pblmax) + s(ptp) + s(v10m), data = .)         1016.0128
gam(log(value) ~ s(tmax2m) + s(tmin2m) + s(pblmax) + s(ptp) + s(v10m), data = .)      1006.7586
gam(log(value) ~ s(tp) + s(tmin2m) + s(pblmax) + s(ptp) + s(v10m), data = .)           992.3118
gam(log(value) ~ s(rh) + s(tmin2m) + s(pblmax) + s(ptp) + s(v10m), data = .)          1014.4994
gam(log(value) ~ s(u10m) + s(tmin2m) + s(pblmax) + s(ptp) + s(v10m), data = .)         981.7092
gam(log(value) ~ s(sp) + s(tmin2m) + s(pblmax) + s(ptp) + s(v10m), data = .)           990.4944
gam(log(value) ~ s(nirradiance) + s(tmin2m) + s(pblmax) + s(ptp) + s(v10m), data = .)  962.3211
gam(log(value) ~ s(pbl00) + s(tmin2m) + s(pblmax) + s(ptp) + s(v10m), data = .)        989.3943
gam(log(value) ~ s(pbl12) + s(tmin2m) + s(pblmax) + s(ptp) + s(v10m), data = .)        991.4712
gam(log(value) ~ s(pblmin) + s(tmin2m) + s(pblmax) + s(ptp) + s(v10m), data = .)      1003.3853
gam(log(value) ~ s(wdir) + s(tmin2m) + s(pblmax) + s(ptp) + s(v10m), data = .)        1011.7723
gam(log(value) ~ s(wspeed) + s(tmin2m) + s(pblmax) + s(ptp) + s(v10m), data = .)      1006.8029
gam(log(value) ~ s(pwspeed) + s(tmin2m) + s(pblmax) + s(ptp) + s(v10m), data = .)     1000.0680

Modello migliore: nirradiance - tmin2m - pblmax - ptp - v10m 

Dati backward:  962.321065121837::nirradiance::tmin2m::pblmax::ptp::v10m 

Scelgo il modello N 

---------- START ---------- 

                                                                                               IT1184A
gam(log(value) ~ s(t2m) + s(tmin2m) + s(pblmax) + s(ptp) + s(jd) + s(v10m), data = .)         917.8882
gam(log(value) ~ s(tmax2m) + s(tmin2m) + s(pblmax) + s(ptp) + s(jd) + s(v10m), data = .)      897.5555
gam(log(value) ~ s(tp) + s(tmin2m) + s(pblmax) + s(ptp) + s(jd) + s(v10m), data = .)          883.1103
gam(log(value) ~ s(rh) + s(tmin2m) + s(pblmax) + s(ptp) + s(jd) + s(v10m), data = .)          928.4066
gam(log(value) ~ s(u10m) + s(tmin2m) + s(pblmax) + s(ptp) + s(jd) + s(v10m), data = .)        903.5102
gam(log(value) ~ s(sp) + s(tmin2m) + s(pblmax) + s(ptp) + s(jd) + s(v10m), data = .)          908.7697
gam(log(value) ~ s(nirradiance) + s(tmin2m) + s(pblmax) + s(ptp) + s(jd) + s(v10m), data = .) 941.0293
gam(log(value) ~ s(pbl00) + s(tmin2m) + s(pblmax) + s(ptp) + s(jd) + s(v10m), data = .)       897.5461
gam(log(value) ~ s(pbl12) + s(tmin2m) + s(pblmax) + s(ptp) + s(jd) + s(v10m), data = .)       914.0567
gam(log(value) ~ s(pblmin) + s(tmin2m) + s(pblmax) + s(ptp) + s(jd) + s(v10m), data = .)      905.3168
gam(log(value) ~ s(wdir) + s(tmin2m) + s(pblmax) + s(ptp) + s(jd) + s(v10m), data = .)        929.5023
gam(log(value) ~ s(wspeed) + s(tmin2m) + s(pblmax) + s(ptp) + s(jd) + s(v10m), data = .)      924.7851
gam(log(value) ~ s(pwspeed) + s(tmin2m) + s(pblmax) + s(ptp) + s(jd) + s(v10m), data = .)     914.0693

Modello migliore: tp - tmin2m - pblmax - ptp - jd - v10m 

Variabile scelta tp con AIC 883.110297682891  

Modelli BACKWARD 

                                                                                             IT1184A
gam(log(value) ~ s(t2m) + s(tmin2m) + s(pblmax) + s(ptp) + s(jd) + s(tp), data = .)         936.9192
gam(log(value) ~ s(tmax2m) + s(tmin2m) + s(pblmax) + s(ptp) + s(jd) + s(tp), data = .)      920.7972
gam(log(value) ~ s(rh) + s(tmin2m) + s(pblmax) + s(ptp) + s(jd) + s(tp), data = .)          940.3700
gam(log(value) ~ s(u10m) + s(tmin2m) + s(pblmax) + s(ptp) + s(jd) + s(tp), data = .)        926.1135
gam(log(value) ~ s(sp) + s(tmin2m) + s(pblmax) + s(ptp) + s(jd) + s(tp), data = .)          917.7548
gam(log(value) ~ s(nirradiance) + s(tmin2m) + s(pblmax) + s(ptp) + s(jd) + s(tp), data = .) 947.4065
gam(log(value) ~ s(pbl00) + s(tmin2m) + s(pblmax) + s(ptp) + s(jd) + s(tp), data = .)       925.8808
gam(log(value) ~ s(pbl12) + s(tmin2m) + s(pblmax) + s(ptp) + s(jd) + s(tp), data = .)       926.0461
gam(log(value) ~ s(pblmin) + s(tmin2m) + s(pblmax) + s(ptp) + s(jd) + s(tp), data = .)      925.0047
gam(log(value) ~ s(wdir) + s(tmin2m) + s(pblmax) + s(ptp) + s(jd) + s(tp), data = .)        951.2900
gam(log(value) ~ s(wspeed) + s(tmin2m) + s(pblmax) + s(ptp) + s(jd) + s(tp), data = .)      947.4286
gam(log(value) ~ s(pwspeed) + s(tmin2m) + s(pblmax) + s(ptp) + s(jd) + s(tp), data = .)     936.5306

Modello migliore: sp - tmin2m - pblmax - ptp - jd - tp 

Dati backward:  917.754809864102::sp::tmin2m::pblmax::ptp::jd::tp 

Scelgo il modello N 

---------- START ---------- 

                                                                                                       IT1184A
gam(log(value) ~ s(t2m) + s(tmin2m) + s(pblmax) + s(ptp) + s(jd) + s(v10m) + s(tp), data = .)         881.9624
gam(log(value) ~ s(tmax2m) + s(tmin2m) + s(pblmax) + s(ptp) + s(jd) + s(v10m) + s(tp), data = .)      872.3898
gam(log(value) ~ s(rh) + s(tmin2m) + s(pblmax) + s(ptp) + s(jd) + s(v10m) + s(tp), data = .)          879.1193
gam(log(value) ~ s(u10m) + s(tmin2m) + s(pblmax) + s(ptp) + s(jd) + s(v10m) + s(tp), data = .)        849.2036
gam(log(value) ~ s(sp) + s(tmin2m) + s(pblmax) + s(ptp) + s(jd) + s(v10m) + s(tp), data = .)          855.5678
gam(log(value) ~ s(nirradiance) + s(tmin2m) + s(pblmax) + s(ptp) + s(jd) + s(v10m) + s(tp), data = .) 881.0517
gam(log(value) ~ s(pbl00) + s(tmin2m) + s(pblmax) + s(ptp) + s(jd) + s(v10m) + s(tp), data = .)       854.6128
gam(log(value) ~ s(pbl12) + s(tmin2m) + s(pblmax) + s(ptp) + s(jd) + s(v10m) + s(tp), data = .)       852.1133
gam(log(value) ~ s(pblmin) + s(tmin2m) + s(pblmax) + s(ptp) + s(jd) + s(v10m) + s(tp), data = .)      869.9047
gam(log(value) ~ s(wdir) + s(tmin2m) + s(pblmax) + s(ptp) + s(jd) + s(v10m) + s(tp), data = .)        886.3207
gam(log(value) ~ s(wspeed) + s(tmin2m) + s(pblmax) + s(ptp) + s(jd) + s(v10m) + s(tp), data = .)      877.4211
gam(log(value) ~ s(pwspeed) + s(tmin2m) + s(pblmax) + s(ptp) + s(jd) + s(v10m) + s(tp), data = .)     866.5376

Modello migliore: u10m - tmin2m - pblmax - ptp - jd - v10m - tp 

Variabile scelta u10m con AIC 849.203586213547  

Modelli BACKWARD 

                                                                                                         IT1184A
gam(log(value) ~ s(t2m) + s(tmin2m) + s(pblmax) + s(ptp) + s(jd) + s(v10m) + s(u10m), data = .)         889.6434
gam(log(value) ~ s(tmax2m) + s(tmin2m) + s(pblmax) + s(ptp) + s(jd) + s(v10m) + s(u10m), data = .)      862.8818
gam(log(value) ~ s(rh) + s(tmin2m) + s(pblmax) + s(ptp) + s(jd) + s(v10m) + s(u10m), data = .)          904.3088
gam(log(value) ~ s(sp) + s(tmin2m) + s(pblmax) + s(ptp) + s(jd) + s(v10m) + s(u10m), data = .)          883.4835
gam(log(value) ~ s(nirradiance) + s(tmin2m) + s(pblmax) + s(ptp) + s(jd) + s(v10m) + s(u10m), data = .) 916.1955
gam(log(value) ~ s(pbl00) + s(tmin2m) + s(pblmax) + s(ptp) + s(jd) + s(v10m) + s(u10m), data = .)       879.1368
gam(log(value) ~ s(pbl12) + s(tmin2m) + s(pblmax) + s(ptp) + s(jd) + s(v10m) + s(u10m), data = .)       888.7447
gam(log(value) ~ s(pblmin) + s(tmin2m) + s(pblmax) + s(ptp) + s(jd) + s(v10m) + s(u10m), data = .)      873.6586
gam(log(value) ~ s(wdir) + s(tmin2m) + s(pblmax) + s(ptp) + s(jd) + s(v10m) + s(u10m), data = .)        896.0748
gam(log(value) ~ s(wspeed) + s(tmin2m) + s(pblmax) + s(ptp) + s(jd) + s(v10m) + s(u10m), data = .)      901.8663
gam(log(value) ~ s(pwspeed) + s(tmin2m) + s(pblmax) + s(ptp) + s(jd) + s(v10m) + s(u10m), data = .)     890.7850

Modello migliore: tmax2m - tmin2m - pblmax - ptp - jd - v10m - u10m 

Dati backward:  862.881840502493::tmax2m::tmin2m::pblmax::ptp::jd::v10m::u10m 

Scelgo il modello N 

---------- START ---------- 

                                                                                                                 IT1184A
gam(log(value) ~ s(t2m) + s(tmin2m) + s(pblmax) + s(ptp) + s(jd) + s(v10m) + s(tp) + s(u10m), data = .)         848.4936
gam(log(value) ~ s(tmax2m) + s(tmin2m) + s(pblmax) + s(ptp) + s(jd) + s(v10m) + s(tp) + s(u10m), data = .)      835.0222
gam(log(value) ~ s(rh) + s(tmin2m) + s(pblmax) + s(ptp) + s(jd) + s(v10m) + s(tp) + s(u10m), data = .)          842.7825
gam(log(value) ~ s(sp) + s(tmin2m) + s(pblmax) + s(ptp) + s(jd) + s(v10m) + s(tp) + s(u10m), data = .)          825.4937
gam(log(value) ~ s(nirradiance) + s(tmin2m) + s(pblmax) + s(ptp) + s(jd) + s(v10m) + s(tp) + s(u10m), data = .) 841.7031
gam(log(value) ~ s(pbl00) + s(tmin2m) + s(pblmax) + s(ptp) + s(jd) + s(v10m) + s(tp) + s(u10m), data = .)       831.1622
gam(log(value) ~ s(pbl12) + s(tmin2m) + s(pblmax) + s(ptp) + s(jd) + s(v10m) + s(tp) + s(u10m), data = .)       812.1579
gam(log(value) ~ s(pblmin) + s(tmin2m) + s(pblmax) + s(ptp) + s(jd) + s(v10m) + s(tp) + s(u10m), data = .)      831.5571
gam(log(value) ~ s(wdir) + s(tmin2m) + s(pblmax) + s(ptp) + s(jd) + s(v10m) + s(tp) + s(u10m), data = .)        838.3560
gam(log(value) ~ s(wspeed) + s(tmin2m) + s(pblmax) + s(ptp) + s(jd) + s(v10m) + s(tp) + s(u10m), data = .)      848.8282
gam(log(value) ~ s(pwspeed) + s(tmin2m) + s(pblmax) + s(ptp) + s(jd) + s(v10m) + s(tp) + s(u10m), data = .)     834.9770

Modello migliore: pbl12 - tmin2m - pblmax - ptp - jd - v10m - tp - u10m 

Variabile scelta pbl12 con AIC 812.15789121718  

Modelli BACKWARD 

                                                                                                                  IT1184A
gam(log(value) ~ s(t2m) + s(tmin2m) + s(pblmax) + s(ptp) + s(jd) + s(v10m) + s(tp) + s(pbl12), data = .)         844.3712
gam(log(value) ~ s(tmax2m) + s(tmin2m) + s(pblmax) + s(ptp) + s(jd) + s(v10m) + s(tp) + s(pbl12), data = .)      839.6645
gam(log(value) ~ s(rh) + s(tmin2m) + s(pblmax) + s(ptp) + s(jd) + s(v10m) + s(tp) + s(pbl12), data = .)          848.8404
gam(log(value) ~ s(sp) + s(tmin2m) + s(pblmax) + s(ptp) + s(jd) + s(v10m) + s(tp) + s(pbl12), data = .)          825.6975
gam(log(value) ~ s(nirradiance) + s(tmin2m) + s(pblmax) + s(ptp) + s(jd) + s(v10m) + s(tp) + s(pbl12), data = .) 858.2643
gam(log(value) ~ s(pbl00) + s(tmin2m) + s(pblmax) + s(ptp) + s(jd) + s(v10m) + s(tp) + s(pbl12), data = .)       822.3817
gam(log(value) ~ s(pblmin) + s(tmin2m) + s(pblmax) + s(ptp) + s(jd) + s(v10m) + s(tp) + s(pbl12), data = .)      839.1383
gam(log(value) ~ s(wdir) + s(tmin2m) + s(pblmax) + s(ptp) + s(jd) + s(v10m) + s(tp) + s(pbl12), data = .)        853.0240
gam(log(value) ~ s(wspeed) + s(tmin2m) + s(pblmax) + s(ptp) + s(jd) + s(v10m) + s(tp) + s(pbl12), data = .)      843.9540
gam(log(value) ~ s(pwspeed) + s(tmin2m) + s(pblmax) + s(ptp) + s(jd) + s(v10m) + s(tp) + s(pbl12), data = .)     839.1811

Modello migliore: pbl00 - tmin2m - pblmax - ptp - jd - v10m - tp - pbl12 

Dati backward:  822.381717105992::pbl00::tmin2m::pblmax::ptp::jd::v10m::tp::pbl12 

Scelgo il modello N-1 

---------- START ---------- 

                                                                                                                 IT1184A
gam(log(value) ~ s(t2m) + s(tmin2m) + s(pblmax) + s(ptp) + s(jd) + s(v10m) + s(tp) + s(u10m), data = .)         848.4936
gam(log(value) ~ s(tmax2m) + s(tmin2m) + s(pblmax) + s(ptp) + s(jd) + s(v10m) + s(tp) + s(u10m), data = .)      835.0222
gam(log(value) ~ s(rh) + s(tmin2m) + s(pblmax) + s(ptp) + s(jd) + s(v10m) + s(tp) + s(u10m), data = .)          842.7825
gam(log(value) ~ s(sp) + s(tmin2m) + s(pblmax) + s(ptp) + s(jd) + s(v10m) + s(tp) + s(u10m), data = .)          825.4937
gam(log(value) ~ s(nirradiance) + s(tmin2m) + s(pblmax) + s(ptp) + s(jd) + s(v10m) + s(tp) + s(u10m), data = .) 841.7031
gam(log(value) ~ s(pbl00) + s(tmin2m) + s(pblmax) + s(ptp) + s(jd) + s(v10m) + s(tp) + s(u10m), data = .)       831.1622
gam(log(value) ~ s(pblmin) + s(tmin2m) + s(pblmax) + s(ptp) + s(jd) + s(v10m) + s(tp) + s(u10m), data = .)      831.5571
gam(log(value) ~ s(wdir) + s(tmin2m) + s(pblmax) + s(ptp) + s(jd) + s(v10m) + s(tp) + s(u10m), data = .)        838.3560
gam(log(value) ~ s(wspeed) + s(tmin2m) + s(pblmax) + s(ptp) + s(jd) + s(v10m) + s(tp) + s(u10m), data = .)      848.8282
gam(log(value) ~ s(pwspeed) + s(tmin2m) + s(pblmax) + s(ptp) + s(jd) + s(v10m) + s(tp) + s(u10m), data = .)     834.9770

Modello migliore: sp - tmin2m - pblmax - ptp - jd - v10m - tp - u10m 

Variabile scelta sp con AIC 825.493744182925  

Fine per scelta MODELLO 

tmin2m + pblmax + ptp + jd + v10m + tp + u10m 

---------------------- 

NOTE: Log Print Time:  2021-05-11 12:46:40 
NOTE: Elapsed Time in seconds: 1.18936782280604 

Fine per scelta MODELLO 

tmin2m + pblmax + ptp + jd + v10m + tp + u10m 

---------------------- 

NOTE: Log Print Time:  2021-05-11 12:46:40 
NOTE: Elapsed Time in seconds: 0.00109148025512695 

Fine per scelta MODELLO 

tmin2m + pblmax + ptp + jd + v10m + tp + u10m 

---------------------- 

NOTE: Log Print Time:  2021-05-11 12:46:40 
NOTE: Elapsed Time in seconds: 0.00103640556335449 

Fine per scelta MODELLO 

tmin2m + pblmax + ptp + jd + v10m + tp + u10m 

---------------------- 

NOTE: Log Print Time:  2021-05-11 12:46:40 
NOTE: Elapsed Time in seconds: 0.000993490219116211 

Fine per scelta MODELLO 

tmin2m + pblmax + ptp + jd + v10m + tp + u10m 

---------------------- 

NOTE: Log Print Time:  2021-05-11 12:46:40 
NOTE: Elapsed Time in seconds: 0.000993251800537109 

Fine per scelta MODELLO 

tmin2m + pblmax + ptp + jd + v10m + tp + u10m 

---------------------- 

NOTE: Log Print Time:  2021-05-11 12:46:40 
NOTE: Elapsed Time in seconds: 0.00101685523986816 

Fine per scelta MODELLO 

tmin2m + pblmax + ptp + jd + v10m + tp + u10m 

---------------------- 

NOTE: Log Print Time:  2021-05-11 12:46:40 
NOTE: Elapsed Time in seconds: 0.00101828575134277 

Fine per scelta MODELLO 

tmin2m + pblmax + ptp + jd + v10m + tp + u10m 

---------------------- 

NOTE: Log Print Time:  2021-05-11 12:46:40 
NOTE: Elapsed Time in seconds: 0.000993013381958008 

========================================================================= 
Log End Time: 2021-05-11 12:46:40 
Log Elapsed Time: 0 00:00:01 
========================================================================= 
