========================================================================= 
Log Path: output/12/pm10/log/pulvirus_pm10_12_IT0884A.log 
Working Directory: /home/rmorelli/R/pulvirus/analisi/GAM/scelta 
User Name: rmorelli 
R Version: 4.0.5 (2021-03-31) 
Machine: pasqualino x86_64 
Operating System: Linux 4.19.0-13-amd64 #1 SMP Debian 4.19.160-2 (2020-11-28) 
Log Start Time: 2021-05-11 12:01:00 
========================================================================= 

Stazione: IT0884A 

---------- START ---------- 

                                            IT0884A
gam(log(value) ~ s(t2m), data = .)         2532.860
gam(log(value) ~ s(tmin2m), data = .)      2524.932
gam(log(value) ~ s(tmax2m), data = .)      2519.008
gam(log(value) ~ s(tp), data = .)          2617.339
gam(log(value) ~ s(ptp), data = .)         2560.138
gam(log(value) ~ s(rh), data = .)          2602.985
gam(log(value) ~ s(u10m), data = .)        2619.139
gam(log(value) ~ s(v10m), data = .)        2369.247
gam(log(value) ~ s(sp), data = .)          2619.786
gam(log(value) ~ s(nirradiance), data = .) 2620.964
gam(log(value) ~ s(pbl00), data = .)       2585.450
gam(log(value) ~ s(pbl12), data = .)       2617.830
gam(log(value) ~ s(pblmin), data = .)      2569.098
gam(log(value) ~ s(pblmax), data = .)      2619.124
gam(log(value) ~ s(wdir), data = .)        2507.889
gam(log(value) ~ s(wspeed), data = .)      2574.386
gam(log(value) ~ s(pwspeed), data = .)     2626.218
gam(log(value) ~ s(jd), data = .)          2621.757

Modello migliore: v10m 

Variabile scelta v10m con AIC 2369.24713504754  

---------- START ---------- 

                                                      IT0884A
gam(log(value) ~ s(t2m) + s(v10m), data = .)         2290.486
gam(log(value) ~ s(tmin2m) + s(v10m), data = .)      2255.149
gam(log(value) ~ s(tmax2m) + s(v10m), data = .)      2297.060
gam(log(value) ~ s(tp) + s(v10m), data = .)          2245.095
gam(log(value) ~ s(ptp) + s(v10m), data = .)         2285.590
gam(log(value) ~ s(rh) + s(v10m), data = .)          2339.471
gam(log(value) ~ s(u10m) + s(v10m), data = .)        2364.383
gam(log(value) ~ s(v10m) + s(v10m), data = .)        2369.247
gam(log(value) ~ s(sp) + s(v10m), data = .)          2320.973
gam(log(value) ~ s(nirradiance) + s(v10m), data = .) 2307.550
gam(log(value) ~ s(pbl00) + s(v10m), data = .)       2355.539
gam(log(value) ~ s(pbl12) + s(v10m), data = .)       2370.942
gam(log(value) ~ s(pblmin) + s(v10m), data = .)      2342.863
gam(log(value) ~ s(pblmax) + s(v10m), data = .)      2370.349
gam(log(value) ~ s(wdir) + s(v10m), data = .)        2367.193
gam(log(value) ~ s(wspeed) + s(v10m), data = .)      2364.433
gam(log(value) ~ s(pwspeed) + s(v10m), data = .)     2365.915
gam(log(value) ~ s(jd) + s(v10m), data = .)          2342.722

Modello migliore: tp - v10m 

Variabile scelta tp con AIC 2245.09476672503  

Modelli BACKWARD 

                                                    IT0884A
gam(log(value) ~ s(t2m) + s(tp), data = .)         2508.225
gam(log(value) ~ s(tmin2m) + s(tp), data = .)      2499.322
gam(log(value) ~ s(tmax2m) + s(tp), data = .)      2500.662
gam(log(value) ~ s(ptp) + s(tp), data = .)         2551.137
gam(log(value) ~ s(rh) + s(tp), data = .)          2532.238
gam(log(value) ~ s(u10m) + s(tp), data = .)        2590.340
gam(log(value) ~ s(sp) + s(tp), data = .)          2605.843
gam(log(value) ~ s(nirradiance) + s(tp), data = .) 2607.432
gam(log(value) ~ s(pbl00) + s(tp), data = .)       2570.020
gam(log(value) ~ s(pbl12) + s(tp), data = .)       2573.479
gam(log(value) ~ s(pblmin) + s(tp), data = .)      2557.344
gam(log(value) ~ s(pblmax) + s(tp), data = .)      2572.977
gam(log(value) ~ s(wdir) + s(tp), data = .)        2404.681
gam(log(value) ~ s(wspeed) + s(tp), data = .)      2557.189
gam(log(value) ~ s(pwspeed) + s(tp), data = .)     2599.161
gam(log(value) ~ s(jd) + s(tp), data = .)          2588.125

Modello migliore: wdir - tp 

Dati backward:  2404.68102189451::wdir::tp 

Scelgo il modello N 

---------- START ---------- 

                                                              IT0884A
gam(log(value) ~ s(t2m) + s(v10m) + s(tp), data = .)         2191.882
gam(log(value) ~ s(tmin2m) + s(v10m) + s(tp), data = .)      2155.607
gam(log(value) ~ s(tmax2m) + s(v10m) + s(tp), data = .)      2203.280
gam(log(value) ~ s(ptp) + s(v10m) + s(tp), data = .)         2221.006
gam(log(value) ~ s(rh) + s(v10m) + s(tp), data = .)          2244.114
gam(log(value) ~ s(u10m) + s(v10m) + s(tp), data = .)        2236.553
gam(log(value) ~ s(sp) + s(v10m) + s(tp), data = .)          2240.561
gam(log(value) ~ s(nirradiance) + s(v10m) + s(tp), data = .) 2230.089
gam(log(value) ~ s(pbl00) + s(v10m) + s(tp), data = .)       2245.128
gam(log(value) ~ s(pbl12) + s(v10m) + s(tp), data = .)       2244.583
gam(log(value) ~ s(pblmin) + s(v10m) + s(tp), data = .)      2241.208
gam(log(value) ~ s(pblmax) + s(v10m) + s(tp), data = .)      2247.090
gam(log(value) ~ s(wdir) + s(v10m) + s(tp), data = .)        2239.749
gam(log(value) ~ s(wspeed) + s(v10m) + s(tp), data = .)      2243.239
gam(log(value) ~ s(pwspeed) + s(v10m) + s(tp), data = .)     2240.118
gam(log(value) ~ s(jd) + s(v10m) + s(tp), data = .)          2207.452

Modello migliore: tmin2m - v10m - tp 

Variabile scelta tmin2m con AIC 2155.60708356362  

Modelli BACKWARD 

                                                                  IT0884A
gam(log(value) ~ s(t2m) + s(v10m) + s(tmin2m), data = .)         2224.239
gam(log(value) ~ s(tmax2m) + s(v10m) + s(tmin2m), data = .)      2188.352
gam(log(value) ~ s(ptp) + s(v10m) + s(tmin2m), data = .)         2196.015
gam(log(value) ~ s(rh) + s(v10m) + s(tmin2m), data = .)          2243.953
gam(log(value) ~ s(u10m) + s(v10m) + s(tmin2m), data = .)        2234.644
gam(log(value) ~ s(sp) + s(v10m) + s(tmin2m), data = .)          2202.490
gam(log(value) ~ s(nirradiance) + s(v10m) + s(tmin2m), data = .) 2196.563
gam(log(value) ~ s(pbl00) + s(v10m) + s(tmin2m), data = .)       2246.123
gam(log(value) ~ s(pbl12) + s(v10m) + s(tmin2m), data = .)       2249.908
gam(log(value) ~ s(pblmin) + s(v10m) + s(tmin2m), data = .)      2223.878
gam(log(value) ~ s(pblmax) + s(v10m) + s(tmin2m), data = .)      2253.253
gam(log(value) ~ s(wdir) + s(v10m) + s(tmin2m), data = .)        2241.875
gam(log(value) ~ s(wspeed) + s(v10m) + s(tmin2m), data = .)      2251.416
gam(log(value) ~ s(pwspeed) + s(v10m) + s(tmin2m), data = .)     2252.433
gam(log(value) ~ s(jd) + s(v10m) + s(tmin2m), data = .)          2231.258

Modello migliore: tmax2m - v10m - tmin2m 

Dati backward:  2188.35171630417::tmax2m::v10m::tmin2m 

Scelgo il modello N 

---------- START ---------- 

                                                                          IT0884A
gam(log(value) ~ s(t2m) + s(v10m) + s(tp) + s(tmin2m), data = .)         2132.713
gam(log(value) ~ s(tmax2m) + s(v10m) + s(tp) + s(tmin2m), data = .)      2126.490
gam(log(value) ~ s(ptp) + s(v10m) + s(tp) + s(tmin2m), data = .)         2135.380
gam(log(value) ~ s(rh) + s(v10m) + s(tp) + s(tmin2m), data = .)          2139.755
gam(log(value) ~ s(u10m) + s(v10m) + s(tp) + s(tmin2m), data = .)        2131.192
gam(log(value) ~ s(sp) + s(v10m) + s(tp) + s(tmin2m), data = .)          2144.776
gam(log(value) ~ s(nirradiance) + s(v10m) + s(tp) + s(tmin2m), data = .) 2118.124
gam(log(value) ~ s(pbl00) + s(v10m) + s(tp) + s(tmin2m), data = .)       2154.693
gam(log(value) ~ s(pbl12) + s(v10m) + s(tp) + s(tmin2m), data = .)       2139.431
gam(log(value) ~ s(pblmin) + s(v10m) + s(tp) + s(tmin2m), data = .)      2145.800
gam(log(value) ~ s(pblmax) + s(v10m) + s(tp) + s(tmin2m), data = .)      2151.791
gam(log(value) ~ s(wdir) + s(v10m) + s(tp) + s(tmin2m), data = .)        2139.927
gam(log(value) ~ s(wspeed) + s(v10m) + s(tp) + s(tmin2m), data = .)      2150.927
gam(log(value) ~ s(pwspeed) + s(v10m) + s(tp) + s(tmin2m), data = .)     2148.214
gam(log(value) ~ s(jd) + s(v10m) + s(tp) + s(tmin2m), data = .)          2113.527

Modello migliore: jd - v10m - tp - tmin2m 

Variabile scelta jd con AIC 2113.52714089179  

Modelli BACKWARD 

                                                                      IT0884A
gam(log(value) ~ s(t2m) + s(v10m) + s(tp) + s(jd), data = .)         2143.325
gam(log(value) ~ s(tmax2m) + s(v10m) + s(tp) + s(jd), data = .)      2151.692
gam(log(value) ~ s(ptp) + s(v10m) + s(tp) + s(jd), data = .)         2183.470
gam(log(value) ~ s(rh) + s(v10m) + s(tp) + s(jd), data = .)          2207.549
gam(log(value) ~ s(u10m) + s(v10m) + s(tp) + s(jd), data = .)        2199.423
gam(log(value) ~ s(sp) + s(v10m) + s(tp) + s(jd), data = .)          2203.757
gam(log(value) ~ s(nirradiance) + s(v10m) + s(tp) + s(jd), data = .) 2193.535
gam(log(value) ~ s(pbl00) + s(v10m) + s(tp) + s(jd), data = .)       2207.205
gam(log(value) ~ s(pbl12) + s(v10m) + s(tp) + s(jd), data = .)       2207.254
gam(log(value) ~ s(pblmin) + s(v10m) + s(tp) + s(jd), data = .)      2203.612
gam(log(value) ~ s(pblmax) + s(v10m) + s(tp) + s(jd), data = .)      2209.154
gam(log(value) ~ s(wdir) + s(v10m) + s(tp) + s(jd), data = .)        2204.633
gam(log(value) ~ s(wspeed) + s(v10m) + s(tp) + s(jd), data = .)      2205.671
gam(log(value) ~ s(pwspeed) + s(v10m) + s(tp) + s(jd), data = .)     2201.862

Modello migliore: t2m - v10m - tp - jd 

Dati backward:  2143.3247654203::t2m::v10m::tp::jd 

Scelgo il modello N 

---------- START ---------- 

                                                                                  IT0884A
gam(log(value) ~ s(t2m) + s(v10m) + s(tp) + s(tmin2m) + s(jd), data = .)         2093.024
gam(log(value) ~ s(tmax2m) + s(v10m) + s(tp) + s(tmin2m) + s(jd), data = .)      2077.848
gam(log(value) ~ s(ptp) + s(v10m) + s(tp) + s(tmin2m) + s(jd), data = .)         2095.723
gam(log(value) ~ s(rh) + s(v10m) + s(tp) + s(tmin2m) + s(jd), data = .)          2107.754
gam(log(value) ~ s(u10m) + s(v10m) + s(tp) + s(tmin2m) + s(jd), data = .)        2100.741
gam(log(value) ~ s(sp) + s(v10m) + s(tp) + s(tmin2m) + s(jd), data = .)          2109.763
gam(log(value) ~ s(nirradiance) + s(v10m) + s(tp) + s(tmin2m) + s(jd), data = .) 2086.714
gam(log(value) ~ s(pbl00) + s(v10m) + s(tp) + s(tmin2m) + s(jd), data = .)       2112.150
gam(log(value) ~ s(pbl12) + s(v10m) + s(tp) + s(tmin2m) + s(jd), data = .)       2108.853
gam(log(value) ~ s(pblmin) + s(v10m) + s(tp) + s(tmin2m) + s(jd), data = .)      2102.051
gam(log(value) ~ s(pblmax) + s(v10m) + s(tp) + s(tmin2m) + s(jd), data = .)      2114.839
gam(log(value) ~ s(wdir) + s(v10m) + s(tp) + s(tmin2m) + s(jd), data = .)        2107.551
gam(log(value) ~ s(wspeed) + s(v10m) + s(tp) + s(tmin2m) + s(jd), data = .)      2110.746
gam(log(value) ~ s(pwspeed) + s(v10m) + s(tp) + s(tmin2m) + s(jd), data = .)     2106.823

Modello migliore: tmax2m - v10m - tp - tmin2m - jd 

Variabile scelta tmax2m con AIC 2077.84832490273  

Modelli BACKWARD 

                                                                                      IT0884A
gam(log(value) ~ s(t2m) + s(v10m) + s(tp) + s(tmin2m) + s(tmax2m), data = .)         2098.573
gam(log(value) ~ s(ptp) + s(v10m) + s(tp) + s(tmin2m) + s(tmax2m), data = .)         2110.620
gam(log(value) ~ s(rh) + s(v10m) + s(tp) + s(tmin2m) + s(tmax2m), data = .)          2110.766
gam(log(value) ~ s(u10m) + s(v10m) + s(tp) + s(tmin2m) + s(tmax2m), data = .)        2097.945
gam(log(value) ~ s(sp) + s(v10m) + s(tp) + s(tmin2m) + s(tmax2m), data = .)          2122.049
gam(log(value) ~ s(nirradiance) + s(v10m) + s(tp) + s(tmin2m) + s(tmax2m), data = .) 2093.203
gam(log(value) ~ s(pbl00) + s(v10m) + s(tp) + s(tmin2m) + s(tmax2m), data = .)       2125.808
gam(log(value) ~ s(pbl12) + s(v10m) + s(tp) + s(tmin2m) + s(tmax2m), data = .)       2107.550
gam(log(value) ~ s(pblmin) + s(v10m) + s(tp) + s(tmin2m) + s(tmax2m), data = .)      2118.426
gam(log(value) ~ s(pblmax) + s(v10m) + s(tp) + s(tmin2m) + s(tmax2m), data = .)      2120.355
gam(log(value) ~ s(wdir) + s(v10m) + s(tp) + s(tmin2m) + s(tmax2m), data = .)        2112.373
gam(log(value) ~ s(wspeed) + s(v10m) + s(tp) + s(tmin2m) + s(tmax2m), data = .)      2116.835
gam(log(value) ~ s(pwspeed) + s(v10m) + s(tp) + s(tmin2m) + s(tmax2m), data = .)     2118.504

Modello migliore: nirradiance - v10m - tp - tmin2m - tmax2m 

Dati backward:  2093.20269644259::nirradiance::v10m::tp::tmin2m::tmax2m 

Scelgo il modello N-1 

---------- START ---------- 

                                                                                  IT0884A
gam(log(value) ~ s(t2m) + s(v10m) + s(tp) + s(tmin2m) + s(jd), data = .)         2093.024
gam(log(value) ~ s(ptp) + s(v10m) + s(tp) + s(tmin2m) + s(jd), data = .)         2095.723
gam(log(value) ~ s(rh) + s(v10m) + s(tp) + s(tmin2m) + s(jd), data = .)          2107.754
gam(log(value) ~ s(u10m) + s(v10m) + s(tp) + s(tmin2m) + s(jd), data = .)        2100.741
gam(log(value) ~ s(sp) + s(v10m) + s(tp) + s(tmin2m) + s(jd), data = .)          2109.763
gam(log(value) ~ s(nirradiance) + s(v10m) + s(tp) + s(tmin2m) + s(jd), data = .) 2086.714
gam(log(value) ~ s(pbl00) + s(v10m) + s(tp) + s(tmin2m) + s(jd), data = .)       2112.150
gam(log(value) ~ s(pbl12) + s(v10m) + s(tp) + s(tmin2m) + s(jd), data = .)       2108.853
gam(log(value) ~ s(pblmin) + s(v10m) + s(tp) + s(tmin2m) + s(jd), data = .)      2102.051
gam(log(value) ~ s(pblmax) + s(v10m) + s(tp) + s(tmin2m) + s(jd), data = .)      2114.839
gam(log(value) ~ s(wdir) + s(v10m) + s(tp) + s(tmin2m) + s(jd), data = .)        2107.551
gam(log(value) ~ s(wspeed) + s(v10m) + s(tp) + s(tmin2m) + s(jd), data = .)      2110.746
gam(log(value) ~ s(pwspeed) + s(v10m) + s(tp) + s(tmin2m) + s(jd), data = .)     2106.823

Modello migliore: nirradiance - v10m - tp - tmin2m - jd 

Variabile scelta nirradiance con AIC 2086.71354580575  

Fine per scelta MODELLO 

v10m + tp + tmin2m + jd 

---------------------- 

NOTE: Log Print Time:  2021-05-11 12:01:29 
NOTE: Elapsed Time in seconds: 29.3424882888794 

Fine per scelta MODELLO 

v10m + tp + tmin2m + jd 

---------------------- 

NOTE: Log Print Time:  2021-05-11 12:01:29 
NOTE: Elapsed Time in seconds: 0.00108742713928223 

Fine per scelta MODELLO 

v10m + tp + tmin2m + jd 

---------------------- 

NOTE: Log Print Time:  2021-05-11 12:01:29 
NOTE: Elapsed Time in seconds: 0.00103092193603516 

Fine per scelta MODELLO 

v10m + tp + tmin2m + jd 

---------------------- 

NOTE: Log Print Time:  2021-05-11 12:01:29 
NOTE: Elapsed Time in seconds: 0.000992536544799805 

Fine per scelta MODELLO 

v10m + tp + tmin2m + jd 

---------------------- 

NOTE: Log Print Time:  2021-05-11 12:01:29 
NOTE: Elapsed Time in seconds: 0.000985622406005859 

========================================================================= 
Log End Time: 2021-05-11 12:01:29 
Log Elapsed Time: 0 00:00:29 
========================================================================= 
