========================================================================= 
Log Path: output/12/pm10/log/pulvirus_pm10_12_IT1836A.log 
Working Directory: /home/rmorelli/R/pulvirus/analisi/GAM/scelta 
User Name: rmorelli 
R Version: 4.0.5 (2021-03-31) 
Machine: pasqualino x86_64 
Operating System: Linux 4.19.0-13-amd64 #1 SMP Debian 4.19.160-2 (2020-11-28) 
Log Start Time: 2021-05-11 12:05:21 
========================================================================= 

Stazione: IT1836A 

---------- START ---------- 

                                            IT1836A
gam(log(value) ~ s(t2m), data = .)         2046.457
gam(log(value) ~ s(tmin2m), data = .)      2043.701
gam(log(value) ~ s(tmax2m), data = .)      2019.149
gam(log(value) ~ s(tp), data = .)          2042.314
gam(log(value) ~ s(ptp), data = .)         1965.791
gam(log(value) ~ s(rh), data = .)          1936.936
gam(log(value) ~ s(u10m), data = .)        2074.703
gam(log(value) ~ s(v10m), data = .)        1841.668
gam(log(value) ~ s(sp), data = .)          1775.247
gam(log(value) ~ s(nirradiance), data = .) 1990.902
gam(log(value) ~ s(pbl00), data = .)       1893.487
gam(log(value) ~ s(pbl12), data = .)       1858.571
gam(log(value) ~ s(pblmin), data = .)      1886.940
gam(log(value) ~ s(pblmax), data = .)      1831.564
gam(log(value) ~ s(wdir), data = .)        1958.697
gam(log(value) ~ s(wspeed), data = .)      1999.529
gam(log(value) ~ s(pwspeed), data = .)     2074.272
gam(log(value) ~ s(jd), data = .)          1936.985

Modello migliore: sp 

Variabile scelta sp con AIC 1775.24718980205  

---------- START ---------- 

                                                    IT1836A
gam(log(value) ~ s(t2m) + s(sp), data = .)         1735.311
gam(log(value) ~ s(tmin2m) + s(sp), data = .)      1754.111
gam(log(value) ~ s(tmax2m) + s(sp), data = .)      1704.927
gam(log(value) ~ s(tp) + s(sp), data = .)          1763.732
gam(log(value) ~ s(ptp) + s(sp), data = .)         1736.299
gam(log(value) ~ s(rh) + s(sp), data = .)          1550.572
gam(log(value) ~ s(u10m) + s(sp), data = .)        1749.039
gam(log(value) ~ s(v10m) + s(sp), data = .)        1389.998
gam(log(value) ~ s(sp) + s(sp), data = .)          1775.247
gam(log(value) ~ s(nirradiance) + s(sp), data = .) 1704.266
gam(log(value) ~ s(pbl00) + s(sp), data = .)       1650.158
gam(log(value) ~ s(pbl12) + s(sp), data = .)       1600.572
gam(log(value) ~ s(pblmin) + s(sp), data = .)      1650.524
gam(log(value) ~ s(pblmax) + s(sp), data = .)      1579.781
gam(log(value) ~ s(wdir) + s(sp), data = .)        1533.167
gam(log(value) ~ s(wspeed) + s(sp), data = .)      1714.773
gam(log(value) ~ s(pwspeed) + s(sp), data = .)     1760.638
gam(log(value) ~ s(jd) + s(sp), data = .)          1646.752

Modello migliore: v10m - sp 

Variabile scelta v10m con AIC 1389.99794129389  

Modelli BACKWARD 

                                                      IT1836A
gam(log(value) ~ s(t2m) + s(v10m), data = .)         1626.534
gam(log(value) ~ s(tmin2m) + s(v10m), data = .)      1594.220
gam(log(value) ~ s(tmax2m) + s(v10m), data = .)      1685.306
gam(log(value) ~ s(tp) + s(v10m), data = .)          1711.059
gam(log(value) ~ s(ptp) + s(v10m), data = .)         1725.517
gam(log(value) ~ s(rh) + s(v10m), data = .)          1762.874
gam(log(value) ~ s(u10m) + s(v10m), data = .)        1743.899
gam(log(value) ~ s(nirradiance) + s(v10m), data = .) 1597.784
gam(log(value) ~ s(pbl00) + s(v10m), data = .)       1729.463
gam(log(value) ~ s(pbl12) + s(v10m), data = .)       1562.895
gam(log(value) ~ s(pblmin) + s(v10m), data = .)      1727.856
gam(log(value) ~ s(pblmax) + s(v10m), data = .)      1573.536
gam(log(value) ~ s(wdir) + s(v10m), data = .)        1732.164
gam(log(value) ~ s(wspeed) + s(v10m), data = .)      1840.985
gam(log(value) ~ s(pwspeed) + s(v10m), data = .)     1837.368
gam(log(value) ~ s(jd) + s(v10m), data = .)          1506.193

Modello migliore: jd - v10m 

Dati backward:  1506.19316230758::jd::v10m 

Scelgo il modello N 

---------- START ---------- 

                                                              IT1836A
gam(log(value) ~ s(t2m) + s(sp) + s(v10m), data = .)         1273.826
gam(log(value) ~ s(tmin2m) + s(sp) + s(v10m), data = .)      1271.036
gam(log(value) ~ s(tmax2m) + s(sp) + s(v10m), data = .)      1299.375
gam(log(value) ~ s(tp) + s(sp) + s(v10m), data = .)          1332.892
gam(log(value) ~ s(ptp) + s(sp) + s(v10m), data = .)         1367.729
gam(log(value) ~ s(rh) + s(sp) + s(v10m), data = .)          1340.904
gam(log(value) ~ s(u10m) + s(sp) + s(v10m), data = .)        1357.355
gam(log(value) ~ s(nirradiance) + s(sp) + s(v10m), data = .) 1257.808
gam(log(value) ~ s(pbl00) + s(sp) + s(v10m), data = .)       1351.669
gam(log(value) ~ s(pbl12) + s(sp) + s(v10m), data = .)       1241.818
gam(log(value) ~ s(pblmin) + s(sp) + s(v10m), data = .)      1353.964
gam(log(value) ~ s(pblmax) + s(sp) + s(v10m), data = .)      1260.996
gam(log(value) ~ s(wdir) + s(sp) + s(v10m), data = .)        1355.184
gam(log(value) ~ s(wspeed) + s(sp) + s(v10m), data = .)      1382.615
gam(log(value) ~ s(pwspeed) + s(sp) + s(v10m), data = .)     1390.476
gam(log(value) ~ s(jd) + s(sp) + s(v10m), data = .)          1165.637

Modello migliore: jd - sp - v10m 

Variabile scelta jd con AIC 1165.63651532856  

Modelli BACKWARD 

                                                            IT1836A
gam(log(value) ~ s(t2m) + s(sp) + s(jd), data = .)         1577.298
gam(log(value) ~ s(tmin2m) + s(sp) + s(jd), data = .)      1607.970
gam(log(value) ~ s(tmax2m) + s(sp) + s(jd), data = .)      1543.092
gam(log(value) ~ s(tp) + s(sp) + s(jd), data = .)          1627.534
gam(log(value) ~ s(ptp) + s(sp) + s(jd), data = .)         1553.934
gam(log(value) ~ s(rh) + s(sp) + s(jd), data = .)          1467.095
gam(log(value) ~ s(u10m) + s(sp) + s(jd), data = .)        1636.298
gam(log(value) ~ s(nirradiance) + s(sp) + s(jd), data = .) 1635.809
gam(log(value) ~ s(pbl00) + s(sp) + s(jd), data = .)       1434.244
gam(log(value) ~ s(pbl12) + s(sp) + s(jd), data = .)       1528.066
gam(log(value) ~ s(pblmin) + s(sp) + s(jd), data = .)      1435.284
gam(log(value) ~ s(pblmax) + s(sp) + s(jd), data = .)      1509.367
gam(log(value) ~ s(wdir) + s(sp) + s(jd), data = .)        1381.460
gam(log(value) ~ s(wspeed) + s(sp) + s(jd), data = .)      1530.950
gam(log(value) ~ s(pwspeed) + s(sp) + s(jd), data = .)     1607.137

Modello migliore: wdir - sp - jd 

Dati backward:  1381.45992315147::wdir::sp::jd 

Scelgo il modello N 

---------- START ---------- 

                                                                      IT1836A
gam(log(value) ~ s(t2m) + s(sp) + s(v10m) + s(jd), data = .)         1116.147
gam(log(value) ~ s(tmin2m) + s(sp) + s(v10m) + s(jd), data = .)      1108.740
gam(log(value) ~ s(tmax2m) + s(sp) + s(v10m) + s(jd), data = .)      1122.805
gam(log(value) ~ s(tp) + s(sp) + s(v10m) + s(jd), data = .)          1050.951
gam(log(value) ~ s(ptp) + s(sp) + s(v10m) + s(jd), data = .)         1094.341
gam(log(value) ~ s(rh) + s(sp) + s(v10m) + s(jd), data = .)          1158.049
gam(log(value) ~ s(u10m) + s(sp) + s(v10m) + s(jd), data = .)        1166.139
gam(log(value) ~ s(nirradiance) + s(sp) + s(v10m) + s(jd), data = .) 1136.370
gam(log(value) ~ s(pbl00) + s(sp) + s(v10m) + s(jd), data = .)       1074.659
gam(log(value) ~ s(pbl12) + s(sp) + s(v10m) + s(jd), data = .)       1121.596
gam(log(value) ~ s(pblmin) + s(sp) + s(v10m) + s(jd), data = .)      1079.568
gam(log(value) ~ s(pblmax) + s(sp) + s(v10m) + s(jd), data = .)      1131.245
gam(log(value) ~ s(wdir) + s(sp) + s(v10m) + s(jd), data = .)        1166.407
gam(log(value) ~ s(wspeed) + s(sp) + s(v10m) + s(jd), data = .)      1162.466
gam(log(value) ~ s(pwspeed) + s(sp) + s(v10m) + s(jd), data = .)     1160.144

Modello migliore: tp - sp - v10m - jd 

Variabile scelta tp con AIC 1050.95129177272  

Modelli BACKWARD 

                                                                      IT1836A
gam(log(value) ~ s(t2m) + s(sp) + s(v10m) + s(tp), data = .)         1213.359
gam(log(value) ~ s(tmin2m) + s(sp) + s(v10m) + s(tp), data = .)      1220.736
gam(log(value) ~ s(tmax2m) + s(sp) + s(v10m) + s(tp), data = .)      1229.054
gam(log(value) ~ s(ptp) + s(sp) + s(v10m) + s(tp), data = .)         1322.190
gam(log(value) ~ s(rh) + s(sp) + s(v10m) + s(tp), data = .)          1222.256
gam(log(value) ~ s(u10m) + s(sp) + s(v10m) + s(tp), data = .)        1284.198
gam(log(value) ~ s(nirradiance) + s(sp) + s(v10m) + s(tp), data = .) 1098.268
gam(log(value) ~ s(pbl00) + s(sp) + s(v10m) + s(tp), data = .)       1303.208
gam(log(value) ~ s(pbl12) + s(sp) + s(v10m) + s(tp), data = .)       1096.033
gam(log(value) ~ s(pblmin) + s(sp) + s(v10m) + s(tp), data = .)      1309.932
gam(log(value) ~ s(pblmax) + s(sp) + s(v10m) + s(tp), data = .)      1137.990
gam(log(value) ~ s(wdir) + s(sp) + s(v10m) + s(tp), data = .)        1277.756
gam(log(value) ~ s(wspeed) + s(sp) + s(v10m) + s(tp), data = .)      1321.032
gam(log(value) ~ s(pwspeed) + s(sp) + s(v10m) + s(tp), data = .)     1331.732

Modello migliore: pbl12 - sp - v10m - tp 

Dati backward:  1096.03296570444::pbl12::sp::v10m::tp 

Scelgo il modello N 

---------- START ---------- 

                                                                               IT1836A
gam(log(value) ~ s(t2m) + s(sp) + s(v10m) + s(jd) + s(tp), data = .)         1018.4723
gam(log(value) ~ s(tmin2m) + s(sp) + s(v10m) + s(jd) + s(tp), data = .)      1011.4593
gam(log(value) ~ s(tmax2m) + s(sp) + s(v10m) + s(jd) + s(tp), data = .)      1027.4957
gam(log(value) ~ s(ptp) + s(sp) + s(v10m) + s(jd) + s(tp), data = .)         1014.7979
gam(log(value) ~ s(rh) + s(sp) + s(v10m) + s(jd) + s(tp), data = .)          1027.9087
gam(log(value) ~ s(u10m) + s(sp) + s(v10m) + s(jd) + s(tp), data = .)        1047.6897
gam(log(value) ~ s(nirradiance) + s(sp) + s(v10m) + s(jd) + s(tp), data = .) 1021.5261
gam(log(value) ~ s(pbl00) + s(sp) + s(v10m) + s(jd) + s(tp), data = .)        980.3467
gam(log(value) ~ s(pbl12) + s(sp) + s(v10m) + s(jd) + s(tp), data = .)        955.6141
gam(log(value) ~ s(pblmin) + s(sp) + s(v10m) + s(jd) + s(tp), data = .)       997.9111
gam(log(value) ~ s(pblmax) + s(sp) + s(v10m) + s(jd) + s(tp), data = .)       981.2541
gam(log(value) ~ s(wdir) + s(sp) + s(v10m) + s(jd) + s(tp), data = .)        1046.2280
gam(log(value) ~ s(wspeed) + s(sp) + s(v10m) + s(jd) + s(tp), data = .)      1049.0740
gam(log(value) ~ s(pwspeed) + s(sp) + s(v10m) + s(jd) + s(tp), data = .)     1048.0252

Modello migliore: pbl12 - sp - v10m - jd - tp 

Variabile scelta pbl12 con AIC 955.61407066546  

Modelli BACKWARD 

                                                                                 IT1836A
gam(log(value) ~ s(t2m) + s(sp) + s(v10m) + s(jd) + s(pbl12), data = .)         1065.666
gam(log(value) ~ s(tmin2m) + s(sp) + s(v10m) + s(jd) + s(pbl12), data = .)      1068.265
gam(log(value) ~ s(tmax2m) + s(sp) + s(v10m) + s(jd) + s(pbl12), data = .)      1053.547
gam(log(value) ~ s(ptp) + s(sp) + s(v10m) + s(jd) + s(pbl12), data = .)         1049.411
gam(log(value) ~ s(rh) + s(sp) + s(v10m) + s(jd) + s(pbl12), data = .)          1101.949
gam(log(value) ~ s(u10m) + s(sp) + s(v10m) + s(jd) + s(pbl12), data = .)        1123.018
gam(log(value) ~ s(nirradiance) + s(sp) + s(v10m) + s(jd) + s(pbl12), data = .) 1061.825
gam(log(value) ~ s(pbl00) + s(sp) + s(v10m) + s(jd) + s(pbl12), data = .)       1027.310
gam(log(value) ~ s(pblmin) + s(sp) + s(v10m) + s(jd) + s(pbl12), data = .)      1037.004
gam(log(value) ~ s(pblmax) + s(sp) + s(v10m) + s(jd) + s(pbl12), data = .)      1120.874
gam(log(value) ~ s(wdir) + s(sp) + s(v10m) + s(jd) + s(pbl12), data = .)        1122.884
gam(log(value) ~ s(wspeed) + s(sp) + s(v10m) + s(jd) + s(pbl12), data = .)      1117.074
gam(log(value) ~ s(pwspeed) + s(sp) + s(v10m) + s(jd) + s(pbl12), data = .)     1111.585

Modello migliore: pbl00 - sp - v10m - jd - pbl12 

Dati backward:  1027.30967049604::pbl00::sp::v10m::jd::pbl12 

Scelgo il modello N 

---------- START ---------- 

                                                                                         IT1836A
gam(log(value) ~ s(t2m) + s(sp) + s(v10m) + s(jd) + s(tp) + s(pbl12), data = .)         919.8881
gam(log(value) ~ s(tmin2m) + s(sp) + s(v10m) + s(jd) + s(tp) + s(pbl12), data = .)      918.4331
gam(log(value) ~ s(tmax2m) + s(sp) + s(v10m) + s(jd) + s(tp) + s(pbl12), data = .)      910.0125
gam(log(value) ~ s(ptp) + s(sp) + s(v10m) + s(jd) + s(tp) + s(pbl12), data = .)         923.1189
gam(log(value) ~ s(rh) + s(sp) + s(v10m) + s(jd) + s(tp) + s(pbl12), data = .)          950.3126
gam(log(value) ~ s(u10m) + s(sp) + s(v10m) + s(jd) + s(tp) + s(pbl12), data = .)        951.2134
gam(log(value) ~ s(nirradiance) + s(sp) + s(v10m) + s(jd) + s(tp) + s(pbl12), data = .) 947.3355
gam(log(value) ~ s(pbl00) + s(sp) + s(v10m) + s(jd) + s(tp) + s(pbl12), data = .)       882.6553
gam(log(value) ~ s(pblmin) + s(sp) + s(v10m) + s(jd) + s(tp) + s(pbl12), data = .)      911.7568
gam(log(value) ~ s(pblmax) + s(sp) + s(v10m) + s(jd) + s(tp) + s(pbl12), data = .)      949.8995
gam(log(value) ~ s(wdir) + s(sp) + s(v10m) + s(jd) + s(tp) + s(pbl12), data = .)        952.0231
gam(log(value) ~ s(wspeed) + s(sp) + s(v10m) + s(jd) + s(tp) + s(pbl12), data = .)      947.3693
gam(log(value) ~ s(pwspeed) + s(sp) + s(v10m) + s(jd) + s(tp) + s(pbl12), data = .)     944.5395

Modello migliore: pbl00 - sp - v10m - jd - tp - pbl12 

Variabile scelta pbl00 con AIC 882.655335933639  

Modelli BACKWARD 

                                                                                         IT1836A
gam(log(value) ~ s(t2m) + s(sp) + s(v10m) + s(jd) + s(tp) + s(pbl00), data = .)         947.9606
gam(log(value) ~ s(tmin2m) + s(sp) + s(v10m) + s(jd) + s(tp) + s(pbl00), data = .)      933.4586
gam(log(value) ~ s(tmax2m) + s(sp) + s(v10m) + s(jd) + s(tp) + s(pbl00), data = .)      955.6895
gam(log(value) ~ s(ptp) + s(sp) + s(v10m) + s(jd) + s(tp) + s(pbl00), data = .)         956.2711
gam(log(value) ~ s(rh) + s(sp) + s(v10m) + s(jd) + s(tp) + s(pbl00), data = .)          973.3156
gam(log(value) ~ s(u10m) + s(sp) + s(v10m) + s(jd) + s(tp) + s(pbl00), data = .)        970.8903
gam(log(value) ~ s(nirradiance) + s(sp) + s(v10m) + s(jd) + s(tp) + s(pbl00), data = .) 944.1322
gam(log(value) ~ s(pblmin) + s(sp) + s(v10m) + s(jd) + s(tp) + s(pbl00), data = .)      971.3513
gam(log(value) ~ s(pblmax) + s(sp) + s(v10m) + s(jd) + s(tp) + s(pbl00), data = .)      904.6500
gam(log(value) ~ s(wdir) + s(sp) + s(v10m) + s(jd) + s(tp) + s(pbl00), data = .)        973.6917
gam(log(value) ~ s(wspeed) + s(sp) + s(v10m) + s(jd) + s(tp) + s(pbl00), data = .)      973.5246
gam(log(value) ~ s(pwspeed) + s(sp) + s(v10m) + s(jd) + s(tp) + s(pbl00), data = .)     974.2404

Modello migliore: pblmax - sp - v10m - jd - tp - pbl00 

Dati backward:  904.650039684053::pblmax::sp::v10m::jd::tp::pbl00 

Scelgo il modello N 

---------- START ---------- 

                                                                                                    IT1836A
gam(log(value) ~ s(t2m) + s(sp) + s(v10m) + s(jd) + s(tp) + s(pbl12) + s(pbl00), data = .)         848.4749
gam(log(value) ~ s(tmin2m) + s(sp) + s(v10m) + s(jd) + s(tp) + s(pbl12) + s(pbl00), data = .)      842.6480
gam(log(value) ~ s(tmax2m) + s(sp) + s(v10m) + s(jd) + s(tp) + s(pbl12) + s(pbl00), data = .)      842.7204
gam(log(value) ~ s(ptp) + s(sp) + s(v10m) + s(jd) + s(tp) + s(pbl12) + s(pbl00), data = .)         864.5856
gam(log(value) ~ s(rh) + s(sp) + s(v10m) + s(jd) + s(tp) + s(pbl12) + s(pbl00), data = .)          885.2681
gam(log(value) ~ s(u10m) + s(sp) + s(v10m) + s(jd) + s(tp) + s(pbl12) + s(pbl00), data = .)        870.0403
gam(log(value) ~ s(nirradiance) + s(sp) + s(v10m) + s(jd) + s(tp) + s(pbl12) + s(pbl00), data = .) 870.0274
gam(log(value) ~ s(pblmin) + s(sp) + s(v10m) + s(jd) + s(tp) + s(pbl12) + s(pbl00), data = .)      877.9317
gam(log(value) ~ s(pblmax) + s(sp) + s(v10m) + s(jd) + s(tp) + s(pbl12) + s(pbl00), data = .)      877.1507
gam(log(value) ~ s(wdir) + s(sp) + s(v10m) + s(jd) + s(tp) + s(pbl12) + s(pbl00), data = .)        880.7388
gam(log(value) ~ s(wspeed) + s(sp) + s(v10m) + s(jd) + s(tp) + s(pbl12) + s(pbl00), data = .)      869.4991
gam(log(value) ~ s(pwspeed) + s(sp) + s(v10m) + s(jd) + s(tp) + s(pbl12) + s(pbl00), data = .)     879.4754

Modello migliore: tmin2m - sp - v10m - jd - tp - pbl12 - pbl00 

Variabile scelta tmin2m con AIC 842.64796038265  

Modelli BACKWARD 

                                                                                                     IT1836A
gam(log(value) ~ s(t2m) + s(sp) + s(v10m) + s(jd) + s(tp) + s(pbl12) + s(tmin2m), data = .)         885.6364
gam(log(value) ~ s(tmax2m) + s(sp) + s(v10m) + s(jd) + s(tp) + s(pbl12) + s(tmin2m), data = .)      852.2366
gam(log(value) ~ s(ptp) + s(sp) + s(v10m) + s(jd) + s(tp) + s(pbl12) + s(tmin2m), data = .)         896.2570
gam(log(value) ~ s(rh) + s(sp) + s(v10m) + s(jd) + s(tp) + s(pbl12) + s(tmin2m), data = .)          896.9662
gam(log(value) ~ s(u10m) + s(sp) + s(v10m) + s(jd) + s(tp) + s(pbl12) + s(tmin2m), data = .)        912.2439
gam(log(value) ~ s(nirradiance) + s(sp) + s(v10m) + s(jd) + s(tp) + s(pbl12) + s(tmin2m), data = .) 908.8021
gam(log(value) ~ s(pblmin) + s(sp) + s(v10m) + s(jd) + s(tp) + s(pbl12) + s(tmin2m), data = .)      861.2003
gam(log(value) ~ s(pblmax) + s(sp) + s(v10m) + s(jd) + s(tp) + s(pbl12) + s(tmin2m), data = .)      910.2331
gam(log(value) ~ s(wdir) + s(sp) + s(v10m) + s(jd) + s(tp) + s(pbl12) + s(tmin2m), data = .)        911.5304
gam(log(value) ~ s(wspeed) + s(sp) + s(v10m) + s(jd) + s(tp) + s(pbl12) + s(tmin2m), data = .)      907.8011
gam(log(value) ~ s(pwspeed) + s(sp) + s(v10m) + s(jd) + s(tp) + s(pbl12) + s(tmin2m), data = .)     908.4499

Modello migliore: tmax2m - sp - v10m - jd - tp - pbl12 - tmin2m 

Dati backward:  852.236595094409::tmax2m::sp::v10m::jd::tp::pbl12::tmin2m 

Scelgo il modello N 

---------- START ---------- 

                                                                                                                IT1836A
gam(log(value) ~ s(t2m) + s(sp) + s(v10m) + s(jd) + s(tp) + s(pbl12) + s(pbl00) + s(tmin2m), data = .)         823.2103
gam(log(value) ~ s(tmax2m) + s(sp) + s(v10m) + s(jd) + s(tp) + s(pbl12) + s(pbl00) + s(tmin2m), data = .)      799.0805
gam(log(value) ~ s(ptp) + s(sp) + s(v10m) + s(jd) + s(tp) + s(pbl12) + s(pbl00) + s(tmin2m), data = .)         829.0233
gam(log(value) ~ s(rh) + s(sp) + s(v10m) + s(jd) + s(tp) + s(pbl12) + s(pbl00) + s(tmin2m), data = .)          836.0613
gam(log(value) ~ s(u10m) + s(sp) + s(v10m) + s(jd) + s(tp) + s(pbl12) + s(pbl00) + s(tmin2m), data = .)        827.8641
gam(log(value) ~ s(nirradiance) + s(sp) + s(v10m) + s(jd) + s(tp) + s(pbl12) + s(pbl00) + s(tmin2m), data = .) 829.1630
gam(log(value) ~ s(pblmin) + s(sp) + s(v10m) + s(jd) + s(tp) + s(pbl12) + s(pbl00) + s(tmin2m), data = .)      830.5530
gam(log(value) ~ s(pblmax) + s(sp) + s(v10m) + s(jd) + s(tp) + s(pbl12) + s(pbl00) + s(tmin2m), data = .)      831.8735
gam(log(value) ~ s(wdir) + s(sp) + s(v10m) + s(jd) + s(tp) + s(pbl12) + s(pbl00) + s(tmin2m), data = .)        836.1412
gam(log(value) ~ s(wspeed) + s(sp) + s(v10m) + s(jd) + s(tp) + s(pbl12) + s(pbl00) + s(tmin2m), data = .)      828.1557
gam(log(value) ~ s(pwspeed) + s(sp) + s(v10m) + s(jd) + s(tp) + s(pbl12) + s(pbl00) + s(tmin2m), data = .)     836.2206

Modello migliore: tmax2m - sp - v10m - jd - tp - pbl12 - pbl00 - tmin2m 

Variabile scelta tmax2m con AIC 799.080526742684  

Modelli BACKWARD 

                                                                                                                IT1836A
gam(log(value) ~ s(t2m) + s(sp) + s(v10m) + s(jd) + s(tp) + s(pbl12) + s(pbl00) + s(tmax2m), data = .)         794.1043
gam(log(value) ~ s(ptp) + s(sp) + s(v10m) + s(jd) + s(tp) + s(pbl12) + s(pbl00) + s(tmax2m), data = .)         825.6302
gam(log(value) ~ s(rh) + s(sp) + s(v10m) + s(jd) + s(tp) + s(pbl12) + s(pbl00) + s(tmax2m), data = .)          836.3180
gam(log(value) ~ s(u10m) + s(sp) + s(v10m) + s(jd) + s(tp) + s(pbl12) + s(pbl00) + s(tmax2m), data = .)        826.1483
gam(log(value) ~ s(nirradiance) + s(sp) + s(v10m) + s(jd) + s(tp) + s(pbl12) + s(pbl00) + s(tmax2m), data = .) 824.0230
gam(log(value) ~ s(pblmin) + s(sp) + s(v10m) + s(jd) + s(tp) + s(pbl12) + s(pbl00) + s(tmax2m), data = .)      831.9483
gam(log(value) ~ s(pblmax) + s(sp) + s(v10m) + s(jd) + s(tp) + s(pbl12) + s(pbl00) + s(tmax2m), data = .)      839.5134
gam(log(value) ~ s(wdir) + s(sp) + s(v10m) + s(jd) + s(tp) + s(pbl12) + s(pbl00) + s(tmax2m), data = .)        838.4639
gam(log(value) ~ s(wspeed) + s(sp) + s(v10m) + s(jd) + s(tp) + s(pbl12) + s(pbl00) + s(tmax2m), data = .)      830.3263
gam(log(value) ~ s(pwspeed) + s(sp) + s(v10m) + s(jd) + s(tp) + s(pbl12) + s(pbl00) + s(tmax2m), data = .)     835.9951

Modello migliore: t2m - sp - v10m - jd - tp - pbl12 - pbl00 - tmax2m 

Dati backward:  794.104270711344::t2m::sp::v10m::jd::tp::pbl12::pbl00::tmax2m 

Scelgo il modello N-1 

---------- START ---------- 

                                                                                                                IT1836A
gam(log(value) ~ s(t2m) + s(sp) + s(v10m) + s(jd) + s(tp) + s(pbl12) + s(pbl00) + s(tmin2m), data = .)         823.2103
gam(log(value) ~ s(ptp) + s(sp) + s(v10m) + s(jd) + s(tp) + s(pbl12) + s(pbl00) + s(tmin2m), data = .)         829.0233
gam(log(value) ~ s(rh) + s(sp) + s(v10m) + s(jd) + s(tp) + s(pbl12) + s(pbl00) + s(tmin2m), data = .)          836.0613
gam(log(value) ~ s(u10m) + s(sp) + s(v10m) + s(jd) + s(tp) + s(pbl12) + s(pbl00) + s(tmin2m), data = .)        827.8641
gam(log(value) ~ s(nirradiance) + s(sp) + s(v10m) + s(jd) + s(tp) + s(pbl12) + s(pbl00) + s(tmin2m), data = .) 829.1630
gam(log(value) ~ s(pblmin) + s(sp) + s(v10m) + s(jd) + s(tp) + s(pbl12) + s(pbl00) + s(tmin2m), data = .)      830.5530
gam(log(value) ~ s(pblmax) + s(sp) + s(v10m) + s(jd) + s(tp) + s(pbl12) + s(pbl00) + s(tmin2m), data = .)      831.8735
gam(log(value) ~ s(wdir) + s(sp) + s(v10m) + s(jd) + s(tp) + s(pbl12) + s(pbl00) + s(tmin2m), data = .)        836.1412
gam(log(value) ~ s(wspeed) + s(sp) + s(v10m) + s(jd) + s(tp) + s(pbl12) + s(pbl00) + s(tmin2m), data = .)      828.1557
gam(log(value) ~ s(pwspeed) + s(sp) + s(v10m) + s(jd) + s(tp) + s(pbl12) + s(pbl00) + s(tmin2m), data = .)     836.2206

Modello migliore: t2m - sp - v10m - jd - tp - pbl12 - pbl00 - tmin2m 

Variabile scelta t2m con AIC 823.210257772158  

Fine per scelta MODELLO 

sp + v10m + jd + tp + pbl12 + pbl00 + tmin2m 

---------------------- 

NOTE: Log Print Time:  2021-05-11 12:06:42 
NOTE: Elapsed Time in seconds: 1.35708730618159 

Fine per scelta MODELLO 

sp + v10m + jd + tp + pbl12 + pbl00 + tmin2m 

---------------------- 

NOTE: Log Print Time:  2021-05-11 12:06:42 
NOTE: Elapsed Time in seconds: 0.00106954574584961 

Fine per scelta MODELLO 

sp + v10m + jd + tp + pbl12 + pbl00 + tmin2m 

---------------------- 

NOTE: Log Print Time:  2021-05-11 12:06:42 
NOTE: Elapsed Time in seconds: 0.000988960266113281 

Fine per scelta MODELLO 

sp + v10m + jd + tp + pbl12 + pbl00 + tmin2m 

---------------------- 

NOTE: Log Print Time:  2021-05-11 12:06:42 
NOTE: Elapsed Time in seconds: 0.000969409942626953 

Fine per scelta MODELLO 

sp + v10m + jd + tp + pbl12 + pbl00 + tmin2m 

---------------------- 

NOTE: Log Print Time:  2021-05-11 12:06:42 
NOTE: Elapsed Time in seconds: 0.000970125198364258 

Fine per scelta MODELLO 

sp + v10m + jd + tp + pbl12 + pbl00 + tmin2m 

---------------------- 

NOTE: Log Print Time:  2021-05-11 12:06:42 
NOTE: Elapsed Time in seconds: 0.000971317291259766 

Fine per scelta MODELLO 

sp + v10m + jd + tp + pbl12 + pbl00 + tmin2m 

---------------------- 

NOTE: Log Print Time:  2021-05-11 12:06:42 
NOTE: Elapsed Time in seconds: 0.00100588798522949 

Fine per scelta MODELLO 

sp + v10m + jd + tp + pbl12 + pbl00 + tmin2m 

---------------------- 

NOTE: Log Print Time:  2021-05-11 12:06:42 
NOTE: Elapsed Time in seconds: 0.000970602035522461 

========================================================================= 
Log End Time: 2021-05-11 12:06:42 
Log Elapsed Time: 0 00:00:01 
========================================================================= 
