========================================================================= 
Log Path: output/12/pm10/log/pulvirus_pm10_12_IT2013A.log 
Working Directory: /home/rmorelli/R/pulvirus/analisi/GAM/scelta 
User Name: rmorelli 
R Version: 4.0.5 (2021-03-31) 
Machine: pasqualino x86_64 
Operating System: Linux 4.19.0-13-amd64 #1 SMP Debian 4.19.160-2 (2020-11-28) 
Log Start Time: 2021-05-11 12:12:22 
========================================================================= 

Stazione: IT2013A 

---------- START ---------- 

                                            IT2013A
gam(log(value) ~ s(t2m), data = .)         2170.644
gam(log(value) ~ s(tmin2m), data = .)      2197.146
gam(log(value) ~ s(tmax2m), data = .)      2247.624
gam(log(value) ~ s(tp), data = .)          2527.717
gam(log(value) ~ s(ptp), data = .)         2420.490
gam(log(value) ~ s(rh), data = .)          2486.420
gam(log(value) ~ s(u10m), data = .)        2505.377
gam(log(value) ~ s(v10m), data = .)        2428.538
gam(log(value) ~ s(sp), data = .)          2338.748
gam(log(value) ~ s(nirradiance), data = .) 2280.522
gam(log(value) ~ s(pbl00), data = .)       2452.145
gam(log(value) ~ s(pbl12), data = .)       2139.240
gam(log(value) ~ s(pblmin), data = .)      2482.204
gam(log(value) ~ s(pblmax), data = .)      2158.147
gam(log(value) ~ s(wdir), data = .)        2467.774
gam(log(value) ~ s(wspeed), data = .)      2511.511
gam(log(value) ~ s(pwspeed), data = .)     2522.900
gam(log(value) ~ s(jd), data = .)          2153.551

Modello migliore: pbl12 

Variabile scelta pbl12 con AIC 2139.23984400223  

---------- START ---------- 

                                                       IT2013A
gam(log(value) ~ s(t2m) + s(pbl12), data = .)         1960.847
gam(log(value) ~ s(tmin2m) + s(pbl12), data = .)      1953.798
gam(log(value) ~ s(tmax2m) + s(pbl12), data = .)      2022.028
gam(log(value) ~ s(tp) + s(pbl12), data = .)          1943.591
gam(log(value) ~ s(ptp) + s(pbl12), data = .)         1894.371
gam(log(value) ~ s(rh) + s(pbl12), data = .)          2115.748
gam(log(value) ~ s(u10m) + s(pbl12), data = .)        2126.976
gam(log(value) ~ s(v10m) + s(pbl12), data = .)        2042.811
gam(log(value) ~ s(sp) + s(pbl12), data = .)          2011.732
gam(log(value) ~ s(nirradiance) + s(pbl12), data = .) 2116.429
gam(log(value) ~ s(pbl00) + s(pbl12), data = .)       1930.039
gam(log(value) ~ s(pbl12) + s(pbl12), data = .)       2139.240
gam(log(value) ~ s(pblmin) + s(pbl12), data = .)      1986.497
gam(log(value) ~ s(pblmax) + s(pbl12), data = .)      2122.215
gam(log(value) ~ s(wdir) + s(pbl12), data = .)        2128.414
gam(log(value) ~ s(wspeed) + s(pbl12), data = .)      2085.431
gam(log(value) ~ s(pwspeed) + s(pbl12), data = .)     2083.075
gam(log(value) ~ s(jd) + s(pbl12), data = .)          2025.815

Modello migliore: ptp - pbl12 

Variabile scelta ptp con AIC 1894.37092585609  

Modelli BACKWARD 

                                                     IT2013A
gam(log(value) ~ s(t2m) + s(ptp), data = .)         1948.095
gam(log(value) ~ s(tmin2m) + s(ptp), data = .)      2036.109
gam(log(value) ~ s(tmax2m) + s(ptp), data = .)      1964.607
gam(log(value) ~ s(tp) + s(ptp), data = .)          2420.238
gam(log(value) ~ s(rh) + s(ptp), data = .)          2161.236
gam(log(value) ~ s(u10m) + s(ptp), data = .)        2355.601
gam(log(value) ~ s(v10m) + s(ptp), data = .)        2284.472
gam(log(value) ~ s(sp) + s(ptp), data = .)          2256.961
gam(log(value) ~ s(nirradiance) + s(ptp), data = .) 1977.023
gam(log(value) ~ s(pbl00) + s(ptp), data = .)       2379.045
gam(log(value) ~ s(pblmin) + s(ptp), data = .)      2388.274
gam(log(value) ~ s(pblmax) + s(ptp), data = .)      1936.462
gam(log(value) ~ s(wdir) + s(ptp), data = .)        2312.216
gam(log(value) ~ s(wspeed) + s(ptp), data = .)      2375.509
gam(log(value) ~ s(pwspeed) + s(ptp), data = .)     2381.202
gam(log(value) ~ s(jd) + s(ptp), data = .)          1872.200

Modello migliore: jd - ptp 

Dati backward:  1872.20021466685::jd::ptp 

Scelgo il modello N 

---------- START ---------- 

                                                                IT2013A
gam(log(value) ~ s(t2m) + s(pbl12) + s(ptp), data = .)         1711.149
gam(log(value) ~ s(tmin2m) + s(pbl12) + s(ptp), data = .)      1735.910
gam(log(value) ~ s(tmax2m) + s(pbl12) + s(ptp), data = .)      1747.323
gam(log(value) ~ s(tp) + s(pbl12) + s(ptp), data = .)          1825.627
gam(log(value) ~ s(rh) + s(pbl12) + s(ptp), data = .)          1879.940
gam(log(value) ~ s(u10m) + s(pbl12) + s(ptp), data = .)        1887.324
gam(log(value) ~ s(v10m) + s(pbl12) + s(ptp), data = .)        1811.944
gam(log(value) ~ s(sp) + s(pbl12) + s(ptp), data = .)          1865.058
gam(log(value) ~ s(nirradiance) + s(pbl12) + s(ptp), data = .) 1854.232
gam(log(value) ~ s(pbl00) + s(pbl12) + s(ptp), data = .)       1804.664
gam(log(value) ~ s(pblmin) + s(pbl12) + s(ptp), data = .)      1820.929
gam(log(value) ~ s(pblmax) + s(pbl12) + s(ptp), data = .)      1884.391
gam(log(value) ~ s(wdir) + s(pbl12) + s(ptp), data = .)        1886.891
gam(log(value) ~ s(wspeed) + s(pbl12) + s(ptp), data = .)      1864.780
gam(log(value) ~ s(pwspeed) + s(pbl12) + s(ptp), data = .)     1866.226
gam(log(value) ~ s(jd) + s(pbl12) + s(ptp), data = .)          1717.173

Modello migliore: t2m - pbl12 - ptp 

Variabile scelta t2m con AIC 1711.14915119859  

Modelli BACKWARD 

                                                                IT2013A
gam(log(value) ~ s(tmin2m) + s(pbl12) + s(t2m), data = .)      1872.478
gam(log(value) ~ s(tmax2m) + s(pbl12) + s(t2m), data = .)      1848.125
gam(log(value) ~ s(tp) + s(pbl12) + s(t2m), data = .)          1805.706
gam(log(value) ~ s(rh) + s(pbl12) + s(t2m), data = .)          1946.047
gam(log(value) ~ s(u10m) + s(pbl12) + s(t2m), data = .)        1943.167
gam(log(value) ~ s(v10m) + s(pbl12) + s(t2m), data = .)        1790.907
gam(log(value) ~ s(sp) + s(pbl12) + s(t2m), data = .)          1834.334
gam(log(value) ~ s(nirradiance) + s(pbl12) + s(t2m), data = .) 1961.038
gam(log(value) ~ s(pbl00) + s(pbl12) + s(t2m), data = .)       1732.409
gam(log(value) ~ s(pblmin) + s(pbl12) + s(t2m), data = .)      1796.438
gam(log(value) ~ s(pblmax) + s(pbl12) + s(t2m), data = .)      1937.485
gam(log(value) ~ s(wdir) + s(pbl12) + s(t2m), data = .)        1948.704
gam(log(value) ~ s(wspeed) + s(pbl12) + s(t2m), data = .)      1879.644
gam(log(value) ~ s(pwspeed) + s(pbl12) + s(t2m), data = .)     1894.239
gam(log(value) ~ s(jd) + s(pbl12) + s(t2m), data = .)          1956.434

Modello migliore: pbl00 - pbl12 - t2m 

Dati backward:  1732.40909551299::pbl00::pbl12::t2m 

Scelgo il modello N 

---------- START ---------- 

                                                                         IT2013A
gam(log(value) ~ s(tmin2m) + s(pbl12) + s(ptp) + s(t2m), data = .)      1689.243
gam(log(value) ~ s(tmax2m) + s(pbl12) + s(ptp) + s(t2m), data = .)      1680.636
gam(log(value) ~ s(tp) + s(pbl12) + s(ptp) + s(t2m), data = .)          1663.904
gam(log(value) ~ s(rh) + s(pbl12) + s(ptp) + s(t2m), data = .)          1685.719
gam(log(value) ~ s(u10m) + s(pbl12) + s(ptp) + s(t2m), data = .)        1703.303
gam(log(value) ~ s(v10m) + s(pbl12) + s(ptp) + s(t2m), data = .)        1554.873
gam(log(value) ~ s(sp) + s(pbl12) + s(ptp) + s(t2m), data = .)          1693.337
gam(log(value) ~ s(nirradiance) + s(pbl12) + s(ptp) + s(t2m), data = .) 1708.514
gam(log(value) ~ s(pbl00) + s(pbl12) + s(ptp) + s(t2m), data = .)       1596.985
gam(log(value) ~ s(pblmin) + s(pbl12) + s(ptp) + s(t2m), data = .)      1619.624
gam(log(value) ~ s(pblmax) + s(pbl12) + s(ptp) + s(t2m), data = .)      1696.927
gam(log(value) ~ s(wdir) + s(pbl12) + s(ptp) + s(t2m), data = .)        1705.232
gam(log(value) ~ s(wspeed) + s(pbl12) + s(ptp) + s(t2m), data = .)      1654.267
gam(log(value) ~ s(pwspeed) + s(pbl12) + s(ptp) + s(t2m), data = .)     1674.944
gam(log(value) ~ s(jd) + s(pbl12) + s(ptp) + s(t2m), data = .)          1618.870

Modello migliore: v10m - pbl12 - ptp - t2m 

Variabile scelta v10m con AIC 1554.87295127044  

Modelli BACKWARD 

                                                                          IT2013A
gam(log(value) ~ s(tmin2m) + s(pbl12) + s(ptp) + s(v10m), data = .)      1589.815
gam(log(value) ~ s(tmax2m) + s(pbl12) + s(ptp) + s(v10m), data = .)      1612.166
gam(log(value) ~ s(tp) + s(pbl12) + s(ptp) + s(v10m), data = .)          1731.335
gam(log(value) ~ s(rh) + s(pbl12) + s(ptp) + s(v10m), data = .)          1794.897
gam(log(value) ~ s(u10m) + s(pbl12) + s(ptp) + s(v10m), data = .)        1808.895
gam(log(value) ~ s(sp) + s(pbl12) + s(ptp) + s(v10m), data = .)          1789.273
gam(log(value) ~ s(nirradiance) + s(pbl12) + s(ptp) + s(v10m), data = .) 1739.816
gam(log(value) ~ s(pbl00) + s(pbl12) + s(ptp) + s(v10m), data = .)       1755.291
gam(log(value) ~ s(pblmin) + s(pbl12) + s(ptp) + s(v10m), data = .)      1770.917
gam(log(value) ~ s(pblmax) + s(pbl12) + s(ptp) + s(v10m), data = .)      1799.917
gam(log(value) ~ s(wdir) + s(pbl12) + s(ptp) + s(v10m), data = .)        1808.873
gam(log(value) ~ s(wspeed) + s(pbl12) + s(ptp) + s(v10m), data = .)      1809.323
gam(log(value) ~ s(pwspeed) + s(pbl12) + s(ptp) + s(v10m), data = .)     1794.835
gam(log(value) ~ s(jd) + s(pbl12) + s(ptp) + s(v10m), data = .)          1583.072

Modello migliore: jd - pbl12 - ptp - v10m 

Dati backward:  1583.07178468358::jd::pbl12::ptp::v10m 

Scelgo il modello N 

---------- START ---------- 

                                                                                   IT2013A
gam(log(value) ~ s(tmin2m) + s(pbl12) + s(ptp) + s(t2m) + s(v10m), data = .)      1548.079
gam(log(value) ~ s(tmax2m) + s(pbl12) + s(ptp) + s(t2m) + s(v10m), data = .)      1523.258
gam(log(value) ~ s(tp) + s(pbl12) + s(ptp) + s(t2m) + s(v10m), data = .)          1490.533
gam(log(value) ~ s(rh) + s(pbl12) + s(ptp) + s(t2m) + s(v10m), data = .)          1544.580
gam(log(value) ~ s(u10m) + s(pbl12) + s(ptp) + s(t2m) + s(v10m), data = .)        1549.880
gam(log(value) ~ s(sp) + s(pbl12) + s(ptp) + s(t2m) + s(v10m), data = .)          1539.519
gam(log(value) ~ s(nirradiance) + s(pbl12) + s(ptp) + s(t2m) + s(v10m), data = .) 1548.945
gam(log(value) ~ s(pbl00) + s(pbl12) + s(ptp) + s(t2m) + s(v10m), data = .)       1496.188
gam(log(value) ~ s(pblmin) + s(pbl12) + s(ptp) + s(t2m) + s(v10m), data = .)      1518.902
gam(log(value) ~ s(pblmax) + s(pbl12) + s(ptp) + s(t2m) + s(v10m), data = .)      1538.849
gam(log(value) ~ s(wdir) + s(pbl12) + s(ptp) + s(t2m) + s(v10m), data = .)        1545.696
gam(log(value) ~ s(wspeed) + s(pbl12) + s(ptp) + s(t2m) + s(v10m), data = .)      1555.691
gam(log(value) ~ s(pwspeed) + s(pbl12) + s(ptp) + s(t2m) + s(v10m), data = .)     1536.237
gam(log(value) ~ s(jd) + s(pbl12) + s(ptp) + s(t2m) + s(v10m), data = .)          1463.754

Modello migliore: jd - pbl12 - ptp - t2m - v10m 

Variabile scelta jd con AIC 1463.75351608966  

Modelli BACKWARD 

                                                                                 IT2013A
gam(log(value) ~ s(tmin2m) + s(pbl12) + s(ptp) + s(t2m) + s(jd), data = .)      1581.577
gam(log(value) ~ s(tmax2m) + s(pbl12) + s(ptp) + s(t2m) + s(jd), data = .)      1583.014
gam(log(value) ~ s(tp) + s(pbl12) + s(ptp) + s(t2m) + s(jd), data = .)          1571.405
gam(log(value) ~ s(rh) + s(pbl12) + s(ptp) + s(t2m) + s(jd), data = .)          1598.661
gam(log(value) ~ s(u10m) + s(pbl12) + s(ptp) + s(t2m) + s(jd), data = .)        1612.590
gam(log(value) ~ s(sp) + s(pbl12) + s(ptp) + s(t2m) + s(jd), data = .)          1606.026
gam(log(value) ~ s(nirradiance) + s(pbl12) + s(ptp) + s(t2m) + s(jd), data = .) 1612.061
gam(log(value) ~ s(pbl00) + s(pbl12) + s(ptp) + s(t2m) + s(jd), data = .)       1491.953
gam(log(value) ~ s(pblmin) + s(pbl12) + s(ptp) + s(t2m) + s(jd), data = .)      1517.122
gam(log(value) ~ s(pblmax) + s(pbl12) + s(ptp) + s(t2m) + s(jd), data = .)      1608.408
gam(log(value) ~ s(wdir) + s(pbl12) + s(ptp) + s(t2m) + s(jd), data = .)        1621.026
gam(log(value) ~ s(wspeed) + s(pbl12) + s(ptp) + s(t2m) + s(jd), data = .)      1552.865
gam(log(value) ~ s(pwspeed) + s(pbl12) + s(ptp) + s(t2m) + s(jd), data = .)     1583.807

Modello migliore: pbl00 - pbl12 - ptp - t2m - jd 

Dati backward:  1491.95325695299::pbl00::pbl12::ptp::t2m::jd 

Scelgo il modello N 

---------- START ---------- 

                                                                                           IT2013A
gam(log(value) ~ s(tmin2m) + s(pbl12) + s(ptp) + s(t2m) + s(v10m) + s(jd), data = .)      1442.025
gam(log(value) ~ s(tmax2m) + s(pbl12) + s(ptp) + s(t2m) + s(v10m) + s(jd), data = .)      1422.928
gam(log(value) ~ s(tp) + s(pbl12) + s(ptp) + s(t2m) + s(v10m) + s(jd), data = .)          1400.749
gam(log(value) ~ s(rh) + s(pbl12) + s(ptp) + s(t2m) + s(v10m) + s(jd), data = .)          1460.429
gam(log(value) ~ s(u10m) + s(pbl12) + s(ptp) + s(t2m) + s(v10m) + s(jd), data = .)        1461.855
gam(log(value) ~ s(sp) + s(pbl12) + s(ptp) + s(t2m) + s(v10m) + s(jd), data = .)          1453.708
gam(log(value) ~ s(nirradiance) + s(pbl12) + s(ptp) + s(t2m) + s(v10m) + s(jd), data = .) 1459.074
gam(log(value) ~ s(pbl00) + s(pbl12) + s(ptp) + s(t2m) + s(v10m) + s(jd), data = .)       1392.903
gam(log(value) ~ s(pblmin) + s(pbl12) + s(ptp) + s(t2m) + s(v10m) + s(jd), data = .)      1417.058
gam(log(value) ~ s(pblmax) + s(pbl12) + s(ptp) + s(t2m) + s(v10m) + s(jd), data = .)      1451.968
gam(log(value) ~ s(wdir) + s(pbl12) + s(ptp) + s(t2m) + s(v10m) + s(jd), data = .)        1458.943
gam(log(value) ~ s(wspeed) + s(pbl12) + s(ptp) + s(t2m) + s(v10m) + s(jd), data = .)      1465.662
gam(log(value) ~ s(pwspeed) + s(pbl12) + s(ptp) + s(t2m) + s(v10m) + s(jd), data = .)     1445.538

Modello migliore: pbl00 - pbl12 - ptp - t2m - v10m - jd 

Variabile scelta pbl00 con AIC 1392.90262637594  

Modelli BACKWARD 

                                                                                              IT2013A
gam(log(value) ~ s(tmin2m) + s(pbl12) + s(ptp) + s(t2m) + s(v10m) + s(pbl00), data = .)      1497.881
gam(log(value) ~ s(tmax2m) + s(pbl12) + s(ptp) + s(t2m) + s(v10m) + s(pbl00), data = .)      1485.804
gam(log(value) ~ s(tp) + s(pbl12) + s(ptp) + s(t2m) + s(v10m) + s(pbl00), data = .)          1456.534
gam(log(value) ~ s(rh) + s(pbl12) + s(ptp) + s(t2m) + s(v10m) + s(pbl00), data = .)          1487.062
gam(log(value) ~ s(u10m) + s(pbl12) + s(ptp) + s(t2m) + s(v10m) + s(pbl00), data = .)        1490.016
gam(log(value) ~ s(sp) + s(pbl12) + s(ptp) + s(t2m) + s(v10m) + s(pbl00), data = .)          1490.409
gam(log(value) ~ s(nirradiance) + s(pbl12) + s(ptp) + s(t2m) + s(v10m) + s(pbl00), data = .) 1477.524
gam(log(value) ~ s(pblmin) + s(pbl12) + s(ptp) + s(t2m) + s(v10m) + s(pbl00), data = .)      1493.680
gam(log(value) ~ s(pblmax) + s(pbl12) + s(ptp) + s(t2m) + s(v10m) + s(pbl00), data = .)      1481.590
gam(log(value) ~ s(wdir) + s(pbl12) + s(ptp) + s(t2m) + s(v10m) + s(pbl00), data = .)        1489.744
gam(log(value) ~ s(wspeed) + s(pbl12) + s(ptp) + s(t2m) + s(v10m) + s(pbl00), data = .)      1495.208
gam(log(value) ~ s(pwspeed) + s(pbl12) + s(ptp) + s(t2m) + s(v10m) + s(pbl00), data = .)     1489.950

Modello migliore: tp - pbl12 - ptp - t2m - v10m - pbl00 

Dati backward:  1456.53360659819::tp::pbl12::ptp::t2m::v10m::pbl00 

Scelgo il modello N 

---------- START ---------- 

                                                                                                      IT2013A
gam(log(value) ~ s(tmin2m) + s(pbl12) + s(ptp) + s(t2m) + s(v10m) + s(jd) + s(pbl00), data = .)      1389.819
gam(log(value) ~ s(tmax2m) + s(pbl12) + s(ptp) + s(t2m) + s(v10m) + s(jd) + s(pbl00), data = .)      1380.354
gam(log(value) ~ s(tp) + s(pbl12) + s(ptp) + s(t2m) + s(v10m) + s(jd) + s(pbl00), data = .)          1356.507
gam(log(value) ~ s(rh) + s(pbl12) + s(ptp) + s(t2m) + s(v10m) + s(jd) + s(pbl00), data = .)          1391.726
gam(log(value) ~ s(u10m) + s(pbl12) + s(ptp) + s(t2m) + s(v10m) + s(jd) + s(pbl00), data = .)        1391.439
gam(log(value) ~ s(sp) + s(pbl12) + s(ptp) + s(t2m) + s(v10m) + s(jd) + s(pbl00), data = .)          1391.766
gam(log(value) ~ s(nirradiance) + s(pbl12) + s(ptp) + s(t2m) + s(v10m) + s(jd) + s(pbl00), data = .) 1392.746
gam(log(value) ~ s(pblmin) + s(pbl12) + s(ptp) + s(t2m) + s(v10m) + s(jd) + s(pbl00), data = .)      1388.310
gam(log(value) ~ s(pblmax) + s(pbl12) + s(ptp) + s(t2m) + s(v10m) + s(jd) + s(pbl00), data = .)      1382.845
gam(log(value) ~ s(wdir) + s(pbl12) + s(ptp) + s(t2m) + s(v10m) + s(jd) + s(pbl00), data = .)        1391.324
gam(log(value) ~ s(wspeed) + s(pbl12) + s(ptp) + s(t2m) + s(v10m) + s(jd) + s(pbl00), data = .)      1393.824
gam(log(value) ~ s(pwspeed) + s(pbl12) + s(ptp) + s(t2m) + s(v10m) + s(jd) + s(pbl00), data = .)     1389.242

Modello migliore: tp - pbl12 - ptp - t2m - v10m - jd - pbl00 

Variabile scelta tp con AIC 1356.50699596  

Modelli BACKWARD 

                                                                                                   IT2013A
gam(log(value) ~ s(tmin2m) + s(pbl12) + s(ptp) + s(t2m) + s(v10m) + s(jd) + s(tp), data = .)      1398.512
gam(log(value) ~ s(tmax2m) + s(pbl12) + s(ptp) + s(t2m) + s(v10m) + s(jd) + s(tp), data = .)      1390.134
gam(log(value) ~ s(rh) + s(pbl12) + s(ptp) + s(t2m) + s(v10m) + s(jd) + s(tp), data = .)          1373.218
gam(log(value) ~ s(u10m) + s(pbl12) + s(ptp) + s(t2m) + s(v10m) + s(jd) + s(tp), data = .)        1399.807
gam(log(value) ~ s(sp) + s(pbl12) + s(ptp) + s(t2m) + s(v10m) + s(jd) + s(tp), data = .)          1400.100
gam(log(value) ~ s(nirradiance) + s(pbl12) + s(ptp) + s(t2m) + s(v10m) + s(jd) + s(tp), data = .) 1396.675
gam(log(value) ~ s(pblmin) + s(pbl12) + s(ptp) + s(t2m) + s(v10m) + s(jd) + s(tp), data = .)      1378.006
gam(log(value) ~ s(pblmax) + s(pbl12) + s(ptp) + s(t2m) + s(v10m) + s(jd) + s(tp), data = .)      1390.014
gam(log(value) ~ s(wdir) + s(pbl12) + s(ptp) + s(t2m) + s(v10m) + s(jd) + s(tp), data = .)        1396.168
gam(log(value) ~ s(wspeed) + s(pbl12) + s(ptp) + s(t2m) + s(v10m) + s(jd) + s(tp), data = .)      1402.673
gam(log(value) ~ s(pwspeed) + s(pbl12) + s(ptp) + s(t2m) + s(v10m) + s(jd) + s(tp), data = .)     1390.537

Modello migliore: rh - pbl12 - ptp - t2m - v10m - jd - tp 

Dati backward:  1373.21826365291::rh::pbl12::ptp::t2m::v10m::jd::tp 

Scelgo il modello N 

---------- START ---------- 

                                                                                                              IT2013A
gam(log(value) ~ s(tmin2m) + s(pbl12) + s(ptp) + s(t2m) + s(v10m) + s(jd) + s(pbl00) + s(tp), data = .)      1358.474
gam(log(value) ~ s(tmax2m) + s(pbl12) + s(ptp) + s(t2m) + s(v10m) + s(jd) + s(pbl00) + s(tp), data = .)      1355.401
gam(log(value) ~ s(rh) + s(pbl12) + s(ptp) + s(t2m) + s(v10m) + s(jd) + s(pbl00) + s(tp), data = .)          1337.478
gam(log(value) ~ s(u10m) + s(pbl12) + s(ptp) + s(t2m) + s(v10m) + s(jd) + s(pbl00) + s(tp), data = .)        1353.352
gam(log(value) ~ s(sp) + s(pbl12) + s(ptp) + s(t2m) + s(v10m) + s(jd) + s(pbl00) + s(tp), data = .)          1357.593
gam(log(value) ~ s(nirradiance) + s(pbl12) + s(ptp) + s(t2m) + s(v10m) + s(jd) + s(pbl00) + s(tp), data = .) 1348.957
gam(log(value) ~ s(pblmin) + s(pbl12) + s(ptp) + s(t2m) + s(v10m) + s(jd) + s(pbl00) + s(tp), data = .)      1356.558
gam(log(value) ~ s(pblmax) + s(pbl12) + s(ptp) + s(t2m) + s(v10m) + s(jd) + s(pbl00) + s(tp), data = .)      1347.588
gam(log(value) ~ s(wdir) + s(pbl12) + s(ptp) + s(t2m) + s(v10m) + s(jd) + s(pbl00) + s(tp), data = .)        1353.995
gam(log(value) ~ s(wspeed) + s(pbl12) + s(ptp) + s(t2m) + s(v10m) + s(jd) + s(pbl00) + s(tp), data = .)      1355.746
gam(log(value) ~ s(pwspeed) + s(pbl12) + s(ptp) + s(t2m) + s(v10m) + s(jd) + s(pbl00) + s(tp), data = .)     1353.615

Modello migliore: rh - pbl12 - ptp - t2m - v10m - jd - pbl00 - tp 

Variabile scelta rh con AIC 1337.47849135845  

Modelli BACKWARD 

                                                                                                              IT2013A
gam(log(value) ~ s(tmin2m) + s(pbl12) + s(ptp) + s(t2m) + s(v10m) + s(jd) + s(pbl00) + s(rh), data = .)      1380.141
gam(log(value) ~ s(tmax2m) + s(pbl12) + s(ptp) + s(t2m) + s(v10m) + s(jd) + s(pbl00) + s(rh), data = .)      1366.507
gam(log(value) ~ s(u10m) + s(pbl12) + s(ptp) + s(t2m) + s(v10m) + s(jd) + s(pbl00) + s(rh), data = .)        1389.377
gam(log(value) ~ s(sp) + s(pbl12) + s(ptp) + s(t2m) + s(v10m) + s(jd) + s(pbl00) + s(rh), data = .)          1389.157
gam(log(value) ~ s(nirradiance) + s(pbl12) + s(ptp) + s(t2m) + s(v10m) + s(jd) + s(pbl00) + s(rh), data = .) 1388.721
gam(log(value) ~ s(pblmin) + s(pbl12) + s(ptp) + s(t2m) + s(v10m) + s(jd) + s(pbl00) + s(rh), data = .)      1386.303
gam(log(value) ~ s(pblmax) + s(pbl12) + s(ptp) + s(t2m) + s(v10m) + s(jd) + s(pbl00) + s(rh), data = .)      1383.256
gam(log(value) ~ s(wdir) + s(pbl12) + s(ptp) + s(t2m) + s(v10m) + s(jd) + s(pbl00) + s(rh), data = .)        1389.100
gam(log(value) ~ s(wspeed) + s(pbl12) + s(ptp) + s(t2m) + s(v10m) + s(jd) + s(pbl00) + s(rh), data = .)      1392.521
gam(log(value) ~ s(pwspeed) + s(pbl12) + s(ptp) + s(t2m) + s(v10m) + s(jd) + s(pbl00) + s(rh), data = .)     1388.564

Modello migliore: tmax2m - pbl12 - ptp - t2m - v10m - jd - pbl00 - rh 

Dati backward:  1366.50660415175::tmax2m::pbl12::ptp::t2m::v10m::jd::pbl00::rh 

Scelgo il modello N 

---------- START ---------- 

                                                                                                                      IT2013A
gam(log(value) ~ s(tmin2m) + s(pbl12) + s(ptp) + s(t2m) + s(v10m) + s(jd) + s(pbl00) + s(tp) + s(rh), data = .)      1333.387
gam(log(value) ~ s(tmax2m) + s(pbl12) + s(ptp) + s(t2m) + s(v10m) + s(jd) + s(pbl00) + s(tp) + s(rh), data = .)      1324.127
gam(log(value) ~ s(u10m) + s(pbl12) + s(ptp) + s(t2m) + s(v10m) + s(jd) + s(pbl00) + s(tp) + s(rh), data = .)        1328.905
gam(log(value) ~ s(sp) + s(pbl12) + s(ptp) + s(t2m) + s(v10m) + s(jd) + s(pbl00) + s(tp) + s(rh), data = .)          1337.809
gam(log(value) ~ s(nirradiance) + s(pbl12) + s(ptp) + s(t2m) + s(v10m) + s(jd) + s(pbl00) + s(tp) + s(rh), data = .) 1337.875
gam(log(value) ~ s(pblmin) + s(pbl12) + s(ptp) + s(t2m) + s(v10m) + s(jd) + s(pbl00) + s(tp) + s(rh), data = .)      1336.883
gam(log(value) ~ s(pblmax) + s(pbl12) + s(ptp) + s(t2m) + s(v10m) + s(jd) + s(pbl00) + s(tp) + s(rh), data = .)      1331.973
gam(log(value) ~ s(wdir) + s(pbl12) + s(ptp) + s(t2m) + s(v10m) + s(jd) + s(pbl00) + s(tp) + s(rh), data = .)        1330.681
gam(log(value) ~ s(wspeed) + s(pbl12) + s(ptp) + s(t2m) + s(v10m) + s(jd) + s(pbl00) + s(tp) + s(rh), data = .)      1335.085
gam(log(value) ~ s(pwspeed) + s(pbl12) + s(ptp) + s(t2m) + s(v10m) + s(jd) + s(pbl00) + s(tp) + s(rh), data = .)     1336.221

Modello migliore: tmax2m - pbl12 - ptp - t2m - v10m - jd - pbl00 - tp - rh 

Variabile scelta tmax2m con AIC 1324.12651244587  

Modelli BACKWARD 

                                                                                                                          IT2013A
gam(log(value) ~ s(tmin2m) + s(pbl12) + s(ptp) + s(t2m) + s(v10m) + s(jd) + s(pbl00) + s(tp) + s(tmax2m), data = .)      1355.829
gam(log(value) ~ s(u10m) + s(pbl12) + s(ptp) + s(t2m) + s(v10m) + s(jd) + s(pbl00) + s(tp) + s(tmax2m), data = .)        1352.667
gam(log(value) ~ s(sp) + s(pbl12) + s(ptp) + s(t2m) + s(v10m) + s(jd) + s(pbl00) + s(tp) + s(tmax2m), data = .)          1356.805
gam(log(value) ~ s(nirradiance) + s(pbl12) + s(ptp) + s(t2m) + s(v10m) + s(jd) + s(pbl00) + s(tp) + s(tmax2m), data = .) 1333.393
gam(log(value) ~ s(pblmin) + s(pbl12) + s(ptp) + s(t2m) + s(v10m) + s(jd) + s(pbl00) + s(tp) + s(tmax2m), data = .)      1356.248
gam(log(value) ~ s(pblmax) + s(pbl12) + s(ptp) + s(t2m) + s(v10m) + s(jd) + s(pbl00) + s(tp) + s(tmax2m), data = .)      1342.532
gam(log(value) ~ s(wdir) + s(pbl12) + s(ptp) + s(t2m) + s(v10m) + s(jd) + s(pbl00) + s(tp) + s(tmax2m), data = .)        1353.789
gam(log(value) ~ s(wspeed) + s(pbl12) + s(ptp) + s(t2m) + s(v10m) + s(jd) + s(pbl00) + s(tp) + s(tmax2m), data = .)      1354.191
gam(log(value) ~ s(pwspeed) + s(pbl12) + s(ptp) + s(t2m) + s(v10m) + s(jd) + s(pbl00) + s(tp) + s(tmax2m), data = .)     1351.948

Modello migliore: nirradiance - pbl12 - ptp - t2m - v10m - jd - pbl00 - tp - tmax2m 

Dati backward:  1333.39297232415::nirradiance::pbl12::ptp::t2m::v10m::jd::pbl00::tp::tmax2m 

Scelgo il modello N-1 

---------- START ---------- 

                                                                                                                      IT2013A
gam(log(value) ~ s(tmin2m) + s(pbl12) + s(ptp) + s(t2m) + s(v10m) + s(jd) + s(pbl00) + s(tp) + s(rh), data = .)      1333.387
gam(log(value) ~ s(u10m) + s(pbl12) + s(ptp) + s(t2m) + s(v10m) + s(jd) + s(pbl00) + s(tp) + s(rh), data = .)        1328.905
gam(log(value) ~ s(sp) + s(pbl12) + s(ptp) + s(t2m) + s(v10m) + s(jd) + s(pbl00) + s(tp) + s(rh), data = .)          1337.809
gam(log(value) ~ s(nirradiance) + s(pbl12) + s(ptp) + s(t2m) + s(v10m) + s(jd) + s(pbl00) + s(tp) + s(rh), data = .) 1337.875
gam(log(value) ~ s(pblmin) + s(pbl12) + s(ptp) + s(t2m) + s(v10m) + s(jd) + s(pbl00) + s(tp) + s(rh), data = .)      1336.883
gam(log(value) ~ s(pblmax) + s(pbl12) + s(ptp) + s(t2m) + s(v10m) + s(jd) + s(pbl00) + s(tp) + s(rh), data = .)      1331.973
gam(log(value) ~ s(wdir) + s(pbl12) + s(ptp) + s(t2m) + s(v10m) + s(jd) + s(pbl00) + s(tp) + s(rh), data = .)        1330.681
gam(log(value) ~ s(wspeed) + s(pbl12) + s(ptp) + s(t2m) + s(v10m) + s(jd) + s(pbl00) + s(tp) + s(rh), data = .)      1335.085
gam(log(value) ~ s(pwspeed) + s(pbl12) + s(ptp) + s(t2m) + s(v10m) + s(jd) + s(pbl00) + s(tp) + s(rh), data = .)     1336.221

Modello migliore: u10m - pbl12 - ptp - t2m - v10m - jd - pbl00 - tp - rh 

Variabile scelta u10m con AIC 1328.90500538296  

Fine per scelta MODELLO 

pbl12 + ptp + t2m + v10m + jd + pbl00 + tp + rh 

---------------------- 

NOTE: Log Print Time:  2021-05-11 12:13:43 
NOTE: Elapsed Time in seconds: 1.34694739580154 

Fine per scelta MODELLO 

pbl12 + ptp + t2m + v10m + jd + pbl00 + tp + rh 

---------------------- 

NOTE: Log Print Time:  2021-05-11 12:13:43 
NOTE: Elapsed Time in seconds: 0.00109243392944336 

Fine per scelta MODELLO 

pbl12 + ptp + t2m + v10m + jd + pbl00 + tp + rh 

---------------------- 

NOTE: Log Print Time:  2021-05-11 12:13:43 
NOTE: Elapsed Time in seconds: 0.000990629196166992 

Fine per scelta MODELLO 

pbl12 + ptp + t2m + v10m + jd + pbl00 + tp + rh 

---------------------- 

NOTE: Log Print Time:  2021-05-11 12:13:43 
NOTE: Elapsed Time in seconds: 0.000992774963378906 

Fine per scelta MODELLO 

pbl12 + ptp + t2m + v10m + jd + pbl00 + tp + rh 

---------------------- 

NOTE: Log Print Time:  2021-05-11 12:13:43 
NOTE: Elapsed Time in seconds: 0.00100374221801758 

Fine per scelta MODELLO 

pbl12 + ptp + t2m + v10m + jd + pbl00 + tp + rh 

---------------------- 

NOTE: Log Print Time:  2021-05-11 12:13:43 
NOTE: Elapsed Time in seconds: 0.000992059707641602 

Fine per scelta MODELLO 

pbl12 + ptp + t2m + v10m + jd + pbl00 + tp + rh 

---------------------- 

NOTE: Log Print Time:  2021-05-11 12:13:43 
NOTE: Elapsed Time in seconds: 0.000988006591796875 

Fine per scelta MODELLO 

pbl12 + ptp + t2m + v10m + jd + pbl00 + tp + rh 

---------------------- 

NOTE: Log Print Time:  2021-05-11 12:13:43 
NOTE: Elapsed Time in seconds: 0.000984668731689453 

Fine per scelta MODELLO 

pbl12 + ptp + t2m + v10m + jd + pbl00 + tp + rh 

---------------------- 

NOTE: Log Print Time:  2021-05-11 12:13:43 
NOTE: Elapsed Time in seconds: 0.00102066993713379 

========================================================================= 
Log End Time: 2021-05-11 12:13:43 
Log Elapsed Time: 0 00:00:01 
========================================================================= 
