========================================================================= 
Log Path: output/12/pm10/log/pulvirus_pm10_12_IT0992A.log 
Working Directory: /home/rmorelli/R/pulvirus/analisi/GAM/scelta 
User Name: rmorelli 
R Version: 4.0.5 (2021-03-31) 
Machine: pasqualino x86_64 
Operating System: Linux 4.19.0-13-amd64 #1 SMP Debian 4.19.160-2 (2020-11-28) 
Log Start Time: 2021-05-11 12:27:40 
========================================================================= 

Stazione: IT0992A 

---------- START ---------- 

                                            IT0992A
gam(log(value) ~ s(t2m), data = .)         2003.391
gam(log(value) ~ s(tmin2m), data = .)      2016.346
gam(log(value) ~ s(tmax2m), data = .)      2052.891
gam(log(value) ~ s(tp), data = .)          2187.472
gam(log(value) ~ s(ptp), data = .)         2048.630
gam(log(value) ~ s(rh), data = .)          2223.289
gam(log(value) ~ s(u10m), data = .)        2236.828
gam(log(value) ~ s(v10m), data = .)        2148.915
gam(log(value) ~ s(sp), data = .)          2081.964
gam(log(value) ~ s(nirradiance), data = .) 2164.657
gam(log(value) ~ s(pbl00), data = .)       2060.729
gam(log(value) ~ s(pbl12), data = .)       2037.276
gam(log(value) ~ s(pblmin), data = .)      2104.344
gam(log(value) ~ s(pblmax), data = .)      2046.277
gam(log(value) ~ s(wdir), data = .)        2234.528
gam(log(value) ~ s(wspeed), data = .)      2172.835
gam(log(value) ~ s(pwspeed), data = .)     2243.834
gam(log(value) ~ s(jd), data = .)          2081.181

Modello migliore: t2m 

Variabile scelta t2m con AIC 2003.39146497883  

---------- START ---------- 

                                                     IT0992A
gam(log(value) ~ s(t2m) + s(t2m), data = .)         2003.391
gam(log(value) ~ s(tmin2m) + s(t2m), data = .)      1964.121
gam(log(value) ~ s(tmax2m) + s(t2m), data = .)      1944.895
gam(log(value) ~ s(tp) + s(t2m), data = .)          1943.801
gam(log(value) ~ s(ptp) + s(t2m), data = .)         1780.158
gam(log(value) ~ s(rh) + s(t2m), data = .)          2001.561
gam(log(value) ~ s(u10m) + s(t2m), data = .)        1983.980
gam(log(value) ~ s(v10m) + s(t2m), data = .)        1809.646
gam(log(value) ~ s(sp) + s(t2m), data = .)          1828.249
gam(log(value) ~ s(nirradiance) + s(t2m), data = .) 1972.999
gam(log(value) ~ s(pbl00) + s(t2m), data = .)       1754.011
gam(log(value) ~ s(pbl12) + s(t2m), data = .)       1835.594
gam(log(value) ~ s(pblmin) + s(t2m), data = .)      1811.503
gam(log(value) ~ s(pblmax) + s(t2m), data = .)      1861.460
gam(log(value) ~ s(wdir) + s(t2m), data = .)        1963.287
gam(log(value) ~ s(wspeed) + s(t2m), data = .)      1855.677
gam(log(value) ~ s(pwspeed) + s(t2m), data = .)     1975.216
gam(log(value) ~ s(jd) + s(t2m), data = .)          1807.052

Modello migliore: pbl00 - t2m 

Variabile scelta pbl00 con AIC 1754.01149744886  

Modelli BACKWARD 

                                                       IT0992A
gam(log(value) ~ s(tmin2m) + s(pbl00), data = .)      1814.970
gam(log(value) ~ s(tmax2m) + s(pbl00), data = .)      1774.955
gam(log(value) ~ s(tp) + s(pbl00), data = .)          2042.236
gam(log(value) ~ s(ptp) + s(pbl00), data = .)         1950.221
gam(log(value) ~ s(rh) + s(pbl00), data = .)          2020.431
gam(log(value) ~ s(u10m) + s(pbl00), data = .)        2053.707
gam(log(value) ~ s(v10m) + s(pbl00), data = .)        2018.636
gam(log(value) ~ s(sp) + s(pbl00), data = .)          1951.657
gam(log(value) ~ s(nirradiance) + s(pbl00), data = .) 1888.093
gam(log(value) ~ s(pbl12) + s(pbl00), data = .)       1819.162
gam(log(value) ~ s(pblmin) + s(pbl00), data = .)      2048.304
gam(log(value) ~ s(pblmax) + s(pbl00), data = .)      1835.309
gam(log(value) ~ s(wdir) + s(pbl00), data = .)        2048.007
gam(log(value) ~ s(wspeed) + s(pbl00), data = .)      2042.977
gam(log(value) ~ s(pwspeed) + s(pbl00), data = .)     2049.040
gam(log(value) ~ s(jd) + s(pbl00), data = .)          1774.273

Modello migliore: jd - pbl00 

Dati backward:  1774.27325382526::jd::pbl00 

Scelgo il modello N 

---------- START ---------- 

                                                                IT0992A
gam(log(value) ~ s(tmin2m) + s(t2m) + s(pbl00), data = .)      1729.028
gam(log(value) ~ s(tmax2m) + s(t2m) + s(pbl00), data = .)      1733.267
gam(log(value) ~ s(tp) + s(t2m) + s(pbl00), data = .)          1731.642
gam(log(value) ~ s(ptp) + s(t2m) + s(pbl00), data = .)         1625.877
gam(log(value) ~ s(rh) + s(t2m) + s(pbl00), data = .)          1753.900
gam(log(value) ~ s(u10m) + s(t2m) + s(pbl00), data = .)        1753.139
gam(log(value) ~ s(v10m) + s(t2m) + s(pbl00), data = .)        1652.033
gam(log(value) ~ s(sp) + s(t2m) + s(pbl00), data = .)          1668.956
gam(log(value) ~ s(nirradiance) + s(t2m) + s(pbl00), data = .) 1703.965
gam(log(value) ~ s(pbl12) + s(t2m) + s(pbl00), data = .)       1622.400
gam(log(value) ~ s(pblmin) + s(t2m) + s(pbl00), data = .)      1727.977
gam(log(value) ~ s(pblmax) + s(t2m) + s(pbl00), data = .)      1646.544
gam(log(value) ~ s(wdir) + s(t2m) + s(pbl00), data = .)        1720.916
gam(log(value) ~ s(wspeed) + s(t2m) + s(pbl00), data = .)      1711.654
gam(log(value) ~ s(pwspeed) + s(t2m) + s(pbl00), data = .)     1755.968
gam(log(value) ~ s(jd) + s(t2m) + s(pbl00), data = .)          1561.592

Modello migliore: jd - t2m - pbl00 

Variabile scelta jd con AIC 1561.5917489664  

Modelli BACKWARD 

                                                             IT0992A
gam(log(value) ~ s(tmin2m) + s(t2m) + s(jd), data = .)      1739.167
gam(log(value) ~ s(tmax2m) + s(t2m) + s(jd), data = .)      1724.099
gam(log(value) ~ s(tp) + s(t2m) + s(jd), data = .)          1753.423
gam(log(value) ~ s(ptp) + s(t2m) + s(jd), data = .)         1607.151
gam(log(value) ~ s(rh) + s(t2m) + s(jd), data = .)          1790.557
gam(log(value) ~ s(u10m) + s(t2m) + s(jd), data = .)        1789.590
gam(log(value) ~ s(v10m) + s(t2m) + s(jd), data = .)        1636.573
gam(log(value) ~ s(sp) + s(t2m) + s(jd), data = .)          1680.381
gam(log(value) ~ s(nirradiance) + s(t2m) + s(jd), data = .) 1797.982
gam(log(value) ~ s(pbl12) + s(t2m) + s(jd), data = .)       1718.053
gam(log(value) ~ s(pblmin) + s(t2m) + s(jd), data = .)      1616.731
gam(log(value) ~ s(pblmax) + s(t2m) + s(jd), data = .)      1737.807
gam(log(value) ~ s(wdir) + s(t2m) + s(jd), data = .)        1782.233
gam(log(value) ~ s(wspeed) + s(t2m) + s(jd), data = .)      1658.283
gam(log(value) ~ s(pwspeed) + s(t2m) + s(jd), data = .)     1786.955

Modello migliore: ptp - t2m - jd 

Dati backward:  1607.15080106605::ptp::t2m::jd 

Scelgo il modello N 

---------- START ---------- 

                                                                        IT0992A
gam(log(value) ~ s(tmin2m) + s(t2m) + s(pbl00) + s(jd), data = .)      1527.678
gam(log(value) ~ s(tmax2m) + s(t2m) + s(pbl00) + s(jd), data = .)      1529.775
gam(log(value) ~ s(tp) + s(t2m) + s(pbl00) + s(jd), data = .)          1546.528
gam(log(value) ~ s(ptp) + s(t2m) + s(pbl00) + s(jd), data = .)         1452.597
gam(log(value) ~ s(rh) + s(t2m) + s(pbl00) + s(jd), data = .)          1563.574
gam(log(value) ~ s(u10m) + s(t2m) + s(pbl00) + s(jd), data = .)        1563.497
gam(log(value) ~ s(v10m) + s(t2m) + s(pbl00) + s(jd), data = .)        1474.902
gam(log(value) ~ s(sp) + s(t2m) + s(pbl00) + s(jd), data = .)          1513.301
gam(log(value) ~ s(nirradiance) + s(t2m) + s(pbl00) + s(jd), data = .) 1557.892
gam(log(value) ~ s(pbl12) + s(t2m) + s(pbl00) + s(jd), data = .)       1498.140
gam(log(value) ~ s(pblmin) + s(t2m) + s(pbl00) + s(jd), data = .)      1536.704
gam(log(value) ~ s(pblmax) + s(t2m) + s(pbl00) + s(jd), data = .)      1516.412
gam(log(value) ~ s(wdir) + s(t2m) + s(pbl00) + s(jd), data = .)        1534.447
gam(log(value) ~ s(wspeed) + s(t2m) + s(pbl00) + s(jd), data = .)      1518.127
gam(log(value) ~ s(pwspeed) + s(t2m) + s(pbl00) + s(jd), data = .)     1562.294

Modello migliore: ptp - t2m - pbl00 - jd 

Variabile scelta ptp con AIC 1452.59724732525  

Modelli BACKWARD 

                                                                         IT0992A
gam(log(value) ~ s(tmin2m) + s(t2m) + s(pbl00) + s(ptp), data = .)      1593.324
gam(log(value) ~ s(tmax2m) + s(t2m) + s(pbl00) + s(ptp), data = .)      1614.852
gam(log(value) ~ s(tp) + s(t2m) + s(pbl00) + s(ptp), data = .)          1628.000
gam(log(value) ~ s(rh) + s(t2m) + s(pbl00) + s(ptp), data = .)          1606.102
gam(log(value) ~ s(u10m) + s(t2m) + s(pbl00) + s(ptp), data = .)        1627.309
gam(log(value) ~ s(v10m) + s(t2m) + s(pbl00) + s(ptp), data = .)        1507.691
gam(log(value) ~ s(sp) + s(t2m) + s(pbl00) + s(ptp), data = .)          1592.308
gam(log(value) ~ s(nirradiance) + s(t2m) + s(pbl00) + s(ptp), data = .) 1569.324
gam(log(value) ~ s(pbl12) + s(t2m) + s(pbl00) + s(ptp), data = .)       1488.736
gam(log(value) ~ s(pblmin) + s(t2m) + s(pbl00) + s(ptp), data = .)      1601.408
gam(log(value) ~ s(pblmax) + s(t2m) + s(pbl00) + s(ptp), data = .)      1520.243
gam(log(value) ~ s(wdir) + s(t2m) + s(pbl00) + s(ptp), data = .)        1591.448
gam(log(value) ~ s(wspeed) + s(t2m) + s(pbl00) + s(ptp), data = .)      1568.444
gam(log(value) ~ s(pwspeed) + s(t2m) + s(pbl00) + s(ptp), data = .)     1622.139

Modello migliore: pbl12 - t2m - pbl00 - ptp 

Dati backward:  1488.73601800549::pbl12::t2m::pbl00::ptp 

Scelgo il modello N 

---------- START ---------- 

                                                                                 IT0992A
gam(log(value) ~ s(tmin2m) + s(t2m) + s(pbl00) + s(jd) + s(ptp), data = .)      1420.527
gam(log(value) ~ s(tmax2m) + s(t2m) + s(pbl00) + s(jd) + s(ptp), data = .)      1436.989
gam(log(value) ~ s(tp) + s(t2m) + s(pbl00) + s(jd) + s(ptp), data = .)          1453.948
gam(log(value) ~ s(rh) + s(t2m) + s(pbl00) + s(jd) + s(ptp), data = .)          1447.765
gam(log(value) ~ s(u10m) + s(t2m) + s(pbl00) + s(jd) + s(ptp), data = .)        1454.465
gam(log(value) ~ s(v10m) + s(t2m) + s(pbl00) + s(jd) + s(ptp), data = .)        1352.787
gam(log(value) ~ s(sp) + s(t2m) + s(pbl00) + s(jd) + s(ptp), data = .)          1439.451
gam(log(value) ~ s(nirradiance) + s(t2m) + s(pbl00) + s(jd) + s(ptp), data = .) 1453.623
gam(log(value) ~ s(pbl12) + s(t2m) + s(pbl00) + s(jd) + s(ptp), data = .)       1380.502
gam(log(value) ~ s(pblmin) + s(t2m) + s(pbl00) + s(jd) + s(ptp), data = .)      1430.383
gam(log(value) ~ s(pblmax) + s(t2m) + s(pbl00) + s(jd) + s(ptp), data = .)      1404.380
gam(log(value) ~ s(wdir) + s(t2m) + s(pbl00) + s(jd) + s(ptp), data = .)        1425.429
gam(log(value) ~ s(wspeed) + s(t2m) + s(pbl00) + s(jd) + s(ptp), data = .)      1398.510
gam(log(value) ~ s(pwspeed) + s(t2m) + s(pbl00) + s(jd) + s(ptp), data = .)     1451.868

Modello migliore: v10m - t2m - pbl00 - jd - ptp 

Variabile scelta v10m con AIC 1352.78661715336  

Modelli BACKWARD 

                                                                                  IT0992A
gam(log(value) ~ s(tmin2m) + s(t2m) + s(pbl00) + s(jd) + s(v10m), data = .)      1441.012
gam(log(value) ~ s(tmax2m) + s(t2m) + s(pbl00) + s(jd) + s(v10m), data = .)      1405.938
gam(log(value) ~ s(tp) + s(t2m) + s(pbl00) + s(jd) + s(v10m), data = .)          1423.246
gam(log(value) ~ s(rh) + s(t2m) + s(pbl00) + s(jd) + s(v10m), data = .)          1452.335
gam(log(value) ~ s(u10m) + s(t2m) + s(pbl00) + s(jd) + s(v10m), data = .)        1465.137
gam(log(value) ~ s(sp) + s(t2m) + s(pbl00) + s(jd) + s(v10m), data = .)          1346.784
gam(log(value) ~ s(nirradiance) + s(t2m) + s(pbl00) + s(jd) + s(v10m), data = .) 1454.428
gam(log(value) ~ s(pbl12) + s(t2m) + s(pbl00) + s(jd) + s(v10m), data = .)       1437.848
gam(log(value) ~ s(pblmin) + s(t2m) + s(pbl00) + s(jd) + s(v10m), data = .)      1464.782
gam(log(value) ~ s(pblmax) + s(t2m) + s(pbl00) + s(jd) + s(v10m), data = .)      1447.144
gam(log(value) ~ s(wdir) + s(t2m) + s(pbl00) + s(jd) + s(v10m), data = .)        1457.332
gam(log(value) ~ s(wspeed) + s(t2m) + s(pbl00) + s(jd) + s(v10m), data = .)      1476.771
gam(log(value) ~ s(pwspeed) + s(t2m) + s(pbl00) + s(jd) + s(v10m), data = .)     1470.169

Modello migliore: sp - t2m - pbl00 - jd - v10m 

Dati backward:  1346.78356193105::sp::t2m::pbl00::jd::v10m 

Scelgo il modello N 

---------- START ---------- 

                                                                                           IT0992A
gam(log(value) ~ s(tmin2m) + s(t2m) + s(pbl00) + s(jd) + s(ptp) + s(v10m), data = .)      1331.233
gam(log(value) ~ s(tmax2m) + s(t2m) + s(pbl00) + s(jd) + s(ptp) + s(v10m), data = .)      1317.590
gam(log(value) ~ s(tp) + s(t2m) + s(pbl00) + s(jd) + s(ptp) + s(v10m), data = .)          1340.422
gam(log(value) ~ s(rh) + s(t2m) + s(pbl00) + s(jd) + s(ptp) + s(v10m), data = .)          1349.843
gam(log(value) ~ s(u10m) + s(t2m) + s(pbl00) + s(jd) + s(ptp) + s(v10m), data = .)        1345.738
gam(log(value) ~ s(sp) + s(t2m) + s(pbl00) + s(jd) + s(ptp) + s(v10m), data = .)          1294.969
gam(log(value) ~ s(nirradiance) + s(t2m) + s(pbl00) + s(jd) + s(ptp) + s(v10m), data = .) 1347.030
gam(log(value) ~ s(pbl12) + s(t2m) + s(pbl00) + s(jd) + s(ptp) + s(v10m), data = .)       1310.211
gam(log(value) ~ s(pblmin) + s(t2m) + s(pbl00) + s(jd) + s(ptp) + s(v10m), data = .)      1345.776
gam(log(value) ~ s(pblmax) + s(t2m) + s(pbl00) + s(jd) + s(ptp) + s(v10m), data = .)      1324.264
gam(log(value) ~ s(wdir) + s(t2m) + s(pbl00) + s(jd) + s(ptp) + s(v10m), data = .)        1337.388
gam(log(value) ~ s(wspeed) + s(t2m) + s(pbl00) + s(jd) + s(ptp) + s(v10m), data = .)      1354.664
gam(log(value) ~ s(pwspeed) + s(t2m) + s(pbl00) + s(jd) + s(ptp) + s(v10m), data = .)     1353.903

Modello migliore: sp - t2m - pbl00 - jd - ptp - v10m 

Variabile scelta sp con AIC 1294.968909287  

Modelli BACKWARD 

                                                                                         IT0992A
gam(log(value) ~ s(tmin2m) + s(t2m) + s(pbl00) + s(jd) + s(ptp) + s(sp), data = .)      1403.545
gam(log(value) ~ s(tmax2m) + s(t2m) + s(pbl00) + s(jd) + s(ptp) + s(sp), data = .)      1426.497
gam(log(value) ~ s(tp) + s(t2m) + s(pbl00) + s(jd) + s(ptp) + s(sp), data = .)          1440.119
gam(log(value) ~ s(rh) + s(t2m) + s(pbl00) + s(jd) + s(ptp) + s(sp), data = .)          1424.059
gam(log(value) ~ s(u10m) + s(t2m) + s(pbl00) + s(jd) + s(ptp) + s(sp), data = .)        1440.634
gam(log(value) ~ s(nirradiance) + s(t2m) + s(pbl00) + s(jd) + s(ptp) + s(sp), data = .) 1437.051
gam(log(value) ~ s(pbl12) + s(t2m) + s(pbl00) + s(jd) + s(ptp) + s(sp), data = .)       1365.832
gam(log(value) ~ s(pblmin) + s(t2m) + s(pbl00) + s(jd) + s(ptp) + s(sp), data = .)      1418.129
gam(log(value) ~ s(pblmax) + s(t2m) + s(pbl00) + s(jd) + s(ptp) + s(sp), data = .)      1390.607
gam(log(value) ~ s(wdir) + s(t2m) + s(pbl00) + s(jd) + s(ptp) + s(sp), data = .)        1392.434
gam(log(value) ~ s(wspeed) + s(t2m) + s(pbl00) + s(jd) + s(ptp) + s(sp), data = .)      1375.891
gam(log(value) ~ s(pwspeed) + s(t2m) + s(pbl00) + s(jd) + s(ptp) + s(sp), data = .)     1436.064

Modello migliore: pbl12 - t2m - pbl00 - jd - ptp - sp 

Dati backward:  1365.83217095298::pbl12::t2m::pbl00::jd::ptp::sp 

Scelgo il modello N 

---------- START ---------- 

                                                                                                   IT0992A
gam(log(value) ~ s(tmin2m) + s(t2m) + s(pbl00) + s(jd) + s(ptp) + s(v10m) + s(sp), data = .)      1281.416
gam(log(value) ~ s(tmax2m) + s(t2m) + s(pbl00) + s(jd) + s(ptp) + s(v10m) + s(sp), data = .)      1280.168
gam(log(value) ~ s(tp) + s(t2m) + s(pbl00) + s(jd) + s(ptp) + s(v10m) + s(sp), data = .)          1291.817
gam(log(value) ~ s(rh) + s(t2m) + s(pbl00) + s(jd) + s(ptp) + s(v10m) + s(sp), data = .)          1292.956
gam(log(value) ~ s(u10m) + s(t2m) + s(pbl00) + s(jd) + s(ptp) + s(v10m) + s(sp), data = .)        1286.994
gam(log(value) ~ s(nirradiance) + s(t2m) + s(pbl00) + s(jd) + s(ptp) + s(v10m) + s(sp), data = .) 1296.432
gam(log(value) ~ s(pbl12) + s(t2m) + s(pbl00) + s(jd) + s(ptp) + s(v10m) + s(sp), data = .)       1256.367
gam(log(value) ~ s(pblmin) + s(t2m) + s(pbl00) + s(jd) + s(ptp) + s(v10m) + s(sp), data = .)      1289.406
gam(log(value) ~ s(pblmax) + s(t2m) + s(pbl00) + s(jd) + s(ptp) + s(v10m) + s(sp), data = .)      1271.034
gam(log(value) ~ s(wdir) + s(t2m) + s(pbl00) + s(jd) + s(ptp) + s(v10m) + s(sp), data = .)        1283.378
gam(log(value) ~ s(wspeed) + s(t2m) + s(pbl00) + s(jd) + s(ptp) + s(v10m) + s(sp), data = .)      1295.736
gam(log(value) ~ s(pwspeed) + s(t2m) + s(pbl00) + s(jd) + s(ptp) + s(v10m) + s(sp), data = .)     1296.911

Modello migliore: pbl12 - t2m - pbl00 - jd - ptp - v10m - sp 

Variabile scelta pbl12 con AIC 1256.36695585424  

Modelli BACKWARD 

                                                                                                      IT0992A
gam(log(value) ~ s(tmin2m) + s(t2m) + s(pbl00) + s(jd) + s(ptp) + s(v10m) + s(pbl12), data = .)      1271.837
gam(log(value) ~ s(tmax2m) + s(t2m) + s(pbl00) + s(jd) + s(ptp) + s(v10m) + s(pbl12), data = .)      1251.087
gam(log(value) ~ s(tp) + s(t2m) + s(pbl00) + s(jd) + s(ptp) + s(v10m) + s(pbl12), data = .)          1268.796
gam(log(value) ~ s(rh) + s(t2m) + s(pbl00) + s(jd) + s(ptp) + s(v10m) + s(pbl12), data = .)          1277.331
gam(log(value) ~ s(u10m) + s(t2m) + s(pbl00) + s(jd) + s(ptp) + s(v10m) + s(pbl12), data = .)        1306.937
gam(log(value) ~ s(nirradiance) + s(t2m) + s(pbl00) + s(jd) + s(ptp) + s(v10m) + s(pbl12), data = .) 1264.168
gam(log(value) ~ s(pblmin) + s(t2m) + s(pbl00) + s(jd) + s(ptp) + s(v10m) + s(pbl12), data = .)      1301.936
gam(log(value) ~ s(pblmax) + s(t2m) + s(pbl00) + s(jd) + s(ptp) + s(v10m) + s(pbl12), data = .)      1312.189
gam(log(value) ~ s(wdir) + s(t2m) + s(pbl00) + s(jd) + s(ptp) + s(v10m) + s(pbl12), data = .)        1297.424
gam(log(value) ~ s(wspeed) + s(t2m) + s(pbl00) + s(jd) + s(ptp) + s(v10m) + s(pbl12), data = .)      1312.279
gam(log(value) ~ s(pwspeed) + s(t2m) + s(pbl00) + s(jd) + s(ptp) + s(v10m) + s(pbl12), data = .)     1311.899

Modello migliore: tmax2m - t2m - pbl00 - jd - ptp - v10m - pbl12 

Dati backward:  1251.08713877114::tmax2m::t2m::pbl00::jd::ptp::v10m::pbl12 

Scelgo il modello N 

---------- START ---------- 

                                                                                                              IT0992A
gam(log(value) ~ s(tmin2m) + s(t2m) + s(pbl00) + s(jd) + s(ptp) + s(v10m) + s(sp) + s(pbl12), data = .)      1234.329
gam(log(value) ~ s(tmax2m) + s(t2m) + s(pbl00) + s(jd) + s(ptp) + s(v10m) + s(sp) + s(pbl12), data = .)      1224.176
gam(log(value) ~ s(tp) + s(t2m) + s(pbl00) + s(jd) + s(ptp) + s(v10m) + s(sp) + s(pbl12), data = .)          1236.320
gam(log(value) ~ s(rh) + s(t2m) + s(pbl00) + s(jd) + s(ptp) + s(v10m) + s(sp) + s(pbl12), data = .)          1231.466
gam(log(value) ~ s(u10m) + s(t2m) + s(pbl00) + s(jd) + s(ptp) + s(v10m) + s(sp) + s(pbl12), data = .)        1254.142
gam(log(value) ~ s(nirradiance) + s(t2m) + s(pbl00) + s(jd) + s(ptp) + s(v10m) + s(sp) + s(pbl12), data = .) 1233.127
gam(log(value) ~ s(pblmin) + s(t2m) + s(pbl00) + s(jd) + s(ptp) + s(v10m) + s(sp) + s(pbl12), data = .)      1250.648
gam(log(value) ~ s(pblmax) + s(t2m) + s(pbl00) + s(jd) + s(ptp) + s(v10m) + s(sp) + s(pbl12), data = .)      1258.357
gam(log(value) ~ s(wdir) + s(t2m) + s(pbl00) + s(jd) + s(ptp) + s(v10m) + s(sp) + s(pbl12), data = .)        1246.717
gam(log(value) ~ s(wspeed) + s(t2m) + s(pbl00) + s(jd) + s(ptp) + s(v10m) + s(sp) + s(pbl12), data = .)      1257.793
gam(log(value) ~ s(pwspeed) + s(t2m) + s(pbl00) + s(jd) + s(ptp) + s(v10m) + s(sp) + s(pbl12), data = .)     1258.270

Modello migliore: tmax2m - t2m - pbl00 - jd - ptp - v10m - sp - pbl12 

Variabile scelta tmax2m con AIC 1224.17585120445  

Modelli BACKWARD 

                                                                                                               IT0992A
gam(log(value) ~ s(tmin2m) + s(t2m) + s(pbl00) + s(jd) + s(ptp) + s(v10m) + s(sp) + s(tmax2m), data = .)      1270.830
gam(log(value) ~ s(tp) + s(t2m) + s(pbl00) + s(jd) + s(ptp) + s(v10m) + s(sp) + s(tmax2m), data = .)          1280.829
gam(log(value) ~ s(rh) + s(t2m) + s(pbl00) + s(jd) + s(ptp) + s(v10m) + s(sp) + s(tmax2m), data = .)          1277.928
gam(log(value) ~ s(u10m) + s(t2m) + s(pbl00) + s(jd) + s(ptp) + s(v10m) + s(sp) + s(tmax2m), data = .)        1268.263
gam(log(value) ~ s(nirradiance) + s(t2m) + s(pbl00) + s(jd) + s(ptp) + s(v10m) + s(sp) + s(tmax2m), data = .) 1269.425
gam(log(value) ~ s(pblmin) + s(t2m) + s(pbl00) + s(jd) + s(ptp) + s(v10m) + s(sp) + s(tmax2m), data = .)      1275.651
gam(log(value) ~ s(pblmax) + s(t2m) + s(pbl00) + s(jd) + s(ptp) + s(v10m) + s(sp) + s(tmax2m), data = .)      1237.539
gam(log(value) ~ s(wdir) + s(t2m) + s(pbl00) + s(jd) + s(ptp) + s(v10m) + s(sp) + s(tmax2m), data = .)        1265.431
gam(log(value) ~ s(wspeed) + s(t2m) + s(pbl00) + s(jd) + s(ptp) + s(v10m) + s(sp) + s(tmax2m), data = .)      1280.539
gam(log(value) ~ s(pwspeed) + s(t2m) + s(pbl00) + s(jd) + s(ptp) + s(v10m) + s(sp) + s(tmax2m), data = .)     1281.874

Modello migliore: pblmax - t2m - pbl00 - jd - ptp - v10m - sp - tmax2m 

Dati backward:  1237.53882297335::pblmax::t2m::pbl00::jd::ptp::v10m::sp::tmax2m 

Scelgo il modello N-1 

---------- START ---------- 

                                                                                                              IT0992A
gam(log(value) ~ s(tmin2m) + s(t2m) + s(pbl00) + s(jd) + s(ptp) + s(v10m) + s(sp) + s(pbl12), data = .)      1234.329
gam(log(value) ~ s(tp) + s(t2m) + s(pbl00) + s(jd) + s(ptp) + s(v10m) + s(sp) + s(pbl12), data = .)          1236.320
gam(log(value) ~ s(rh) + s(t2m) + s(pbl00) + s(jd) + s(ptp) + s(v10m) + s(sp) + s(pbl12), data = .)          1231.466
gam(log(value) ~ s(u10m) + s(t2m) + s(pbl00) + s(jd) + s(ptp) + s(v10m) + s(sp) + s(pbl12), data = .)        1254.142
gam(log(value) ~ s(nirradiance) + s(t2m) + s(pbl00) + s(jd) + s(ptp) + s(v10m) + s(sp) + s(pbl12), data = .) 1233.127
gam(log(value) ~ s(pblmin) + s(t2m) + s(pbl00) + s(jd) + s(ptp) + s(v10m) + s(sp) + s(pbl12), data = .)      1250.648
gam(log(value) ~ s(pblmax) + s(t2m) + s(pbl00) + s(jd) + s(ptp) + s(v10m) + s(sp) + s(pbl12), data = .)      1258.357
gam(log(value) ~ s(wdir) + s(t2m) + s(pbl00) + s(jd) + s(ptp) + s(v10m) + s(sp) + s(pbl12), data = .)        1246.717
gam(log(value) ~ s(wspeed) + s(t2m) + s(pbl00) + s(jd) + s(ptp) + s(v10m) + s(sp) + s(pbl12), data = .)      1257.793
gam(log(value) ~ s(pwspeed) + s(t2m) + s(pbl00) + s(jd) + s(ptp) + s(v10m) + s(sp) + s(pbl12), data = .)     1258.270

Modello migliore: rh - t2m - pbl00 - jd - ptp - v10m - sp - pbl12 

Variabile scelta rh con AIC 1231.46564585405  

Fine per scelta MODELLO 

t2m + pbl00 + jd + ptp + v10m + sp + pbl12 

---------------------- 

NOTE: Log Print Time:  2021-05-11 12:29:01 
NOTE: Elapsed Time in seconds: 1.34845184485118 

Fine per scelta MODELLO 

t2m + pbl00 + jd + ptp + v10m + sp + pbl12 

---------------------- 

NOTE: Log Print Time:  2021-05-11 12:29:01 
NOTE: Elapsed Time in seconds: 0.00107192993164062 

Fine per scelta MODELLO 

t2m + pbl00 + jd + ptp + v10m + sp + pbl12 

---------------------- 

NOTE: Log Print Time:  2021-05-11 12:29:01 
NOTE: Elapsed Time in seconds: 0.000972986221313477 

Fine per scelta MODELLO 

t2m + pbl00 + jd + ptp + v10m + sp + pbl12 

---------------------- 

NOTE: Log Print Time:  2021-05-11 12:29:01 
NOTE: Elapsed Time in seconds: 0.00100374221801758 

Fine per scelta MODELLO 

t2m + pbl00 + jd + ptp + v10m + sp + pbl12 

---------------------- 

NOTE: Log Print Time:  2021-05-11 12:29:01 
NOTE: Elapsed Time in seconds: 0.000969409942626953 

Fine per scelta MODELLO 

t2m + pbl00 + jd + ptp + v10m + sp + pbl12 

---------------------- 

NOTE: Log Print Time:  2021-05-11 12:29:01 
NOTE: Elapsed Time in seconds: 0.000968456268310547 

Fine per scelta MODELLO 

t2m + pbl00 + jd + ptp + v10m + sp + pbl12 

---------------------- 

NOTE: Log Print Time:  2021-05-11 12:29:01 
NOTE: Elapsed Time in seconds: 0.000966072082519531 

Fine per scelta MODELLO 

t2m + pbl00 + jd + ptp + v10m + sp + pbl12 

---------------------- 

NOTE: Log Print Time:  2021-05-11 12:29:01 
NOTE: Elapsed Time in seconds: 0.000991344451904297 

========================================================================= 
Log End Time: 2021-05-11 12:29:01 
Log Elapsed Time: 0 00:00:01 
========================================================================= 
