========================================================================= 
Log Path: output/12/pm10/log/pulvirus_pm10_12_IT0870A.log 
Working Directory: /home/rmorelli/R/pulvirus/analisi/GAM/scelta 
User Name: rmorelli 
R Version: 4.0.5 (2021-03-31) 
Machine: pasqualino x86_64 
Operating System: Linux 4.19.0-13-amd64 #1 SMP Debian 4.19.160-2 (2020-11-28) 
Log Start Time: 2021-05-11 12:37:16 
========================================================================= 

Stazione: IT0870A 

---------- START ---------- 

                                            IT0870A
gam(log(value) ~ s(t2m), data = .)         2289.116
gam(log(value) ~ s(tmin2m), data = .)      2258.340
gam(log(value) ~ s(tmax2m), data = .)      2342.981
gam(log(value) ~ s(tp), data = .)          2237.891
gam(log(value) ~ s(ptp), data = .)         2100.698
gam(log(value) ~ s(rh), data = .)          2378.258
gam(log(value) ~ s(u10m), data = .)        2389.928
gam(log(value) ~ s(v10m), data = .)        2324.063
gam(log(value) ~ s(sp), data = .)          2163.289
gam(log(value) ~ s(nirradiance), data = .) 2359.574
gam(log(value) ~ s(pbl00), data = .)       2227.638
gam(log(value) ~ s(pbl12), data = .)       2357.945
gam(log(value) ~ s(pblmin), data = .)      2268.056
gam(log(value) ~ s(pblmax), data = .)      2362.308
gam(log(value) ~ s(wdir), data = .)        2394.181
gam(log(value) ~ s(wspeed), data = .)      2364.906
gam(log(value) ~ s(pwspeed), data = .)     2397.439
gam(log(value) ~ s(jd), data = .)          2229.195

Modello migliore: ptp 

Variabile scelta ptp con AIC 2100.69816693331  

---------- START ---------- 

                                                     IT0870A
gam(log(value) ~ s(t2m) + s(ptp), data = .)         1976.778
gam(log(value) ~ s(tmin2m) + s(ptp), data = .)      1960.966
gam(log(value) ~ s(tmax2m) + s(ptp), data = .)      2012.062
gam(log(value) ~ s(tp) + s(ptp), data = .)          2061.040
gam(log(value) ~ s(ptp) + s(ptp), data = .)         2100.698
gam(log(value) ~ s(rh) + s(ptp), data = .)          2053.626
gam(log(value) ~ s(u10m) + s(ptp), data = .)        2068.448
gam(log(value) ~ s(v10m) + s(ptp), data = .)        2022.076
gam(log(value) ~ s(sp) + s(ptp), data = .)          2008.716
gam(log(value) ~ s(nirradiance) + s(ptp), data = .) 2035.843
gam(log(value) ~ s(pbl00) + s(ptp), data = .)       2029.778
gam(log(value) ~ s(pbl12) + s(ptp), data = .)       2006.444
gam(log(value) ~ s(pblmin) + s(ptp), data = .)      2025.644
gam(log(value) ~ s(pblmax) + s(ptp), data = .)      2019.270
gam(log(value) ~ s(wdir) + s(ptp), data = .)        2077.404
gam(log(value) ~ s(wspeed) + s(ptp), data = .)      2056.734
gam(log(value) ~ s(pwspeed) + s(ptp), data = .)     2097.676
gam(log(value) ~ s(jd) + s(ptp), data = .)          1827.721

Modello migliore: jd - ptp 

Variabile scelta jd con AIC 1827.72113531008  

Modelli BACKWARD 

                                                    IT0870A
gam(log(value) ~ s(t2m) + s(jd), data = .)         2107.746
gam(log(value) ~ s(tmin2m) + s(jd), data = .)      2096.176
gam(log(value) ~ s(tmax2m) + s(jd), data = .)      2099.979
gam(log(value) ~ s(tp) + s(jd), data = .)          2004.941
gam(log(value) ~ s(rh) + s(jd), data = .)          2118.858
gam(log(value) ~ s(u10m) + s(jd), data = .)        2211.885
gam(log(value) ~ s(v10m) + s(jd), data = .)        2084.385
gam(log(value) ~ s(sp) + s(jd), data = .)          1972.603
gam(log(value) ~ s(nirradiance) + s(jd), data = .) 2125.921
gam(log(value) ~ s(pbl00) + s(jd), data = .)       1955.105
gam(log(value) ~ s(pbl12) + s(jd), data = .)       2210.857
gam(log(value) ~ s(pblmin) + s(jd), data = .)      2017.398
gam(log(value) ~ s(pblmax) + s(jd), data = .)      2213.971
gam(log(value) ~ s(wdir) + s(jd), data = .)        2213.209
gam(log(value) ~ s(wspeed) + s(jd), data = .)      2123.669
gam(log(value) ~ s(pwspeed) + s(jd), data = .)     2182.824

Modello migliore: pbl00 - jd 

Dati backward:  1955.10540810545::pbl00::jd 

Scelgo il modello N 

---------- START ---------- 

                                                             IT0870A
gam(log(value) ~ s(t2m) + s(ptp) + s(jd), data = .)         1767.271
gam(log(value) ~ s(tmin2m) + s(ptp) + s(jd), data = .)      1746.760
gam(log(value) ~ s(tmax2m) + s(ptp) + s(jd), data = .)      1773.905
gam(log(value) ~ s(tp) + s(ptp) + s(jd), data = .)          1766.579
gam(log(value) ~ s(rh) + s(ptp) + s(jd), data = .)          1792.376
gam(log(value) ~ s(u10m) + s(ptp) + s(jd), data = .)        1815.196
gam(log(value) ~ s(v10m) + s(ptp) + s(jd), data = .)        1700.134
gam(log(value) ~ s(sp) + s(ptp) + s(jd), data = .)          1762.167
gam(log(value) ~ s(nirradiance) + s(ptp) + s(jd), data = .) 1801.819
gam(log(value) ~ s(pbl00) + s(ptp) + s(jd), data = .)       1710.634
gam(log(value) ~ s(pbl12) + s(ptp) + s(jd), data = .)       1800.695
gam(log(value) ~ s(pblmin) + s(ptp) + s(jd), data = .)      1706.496
gam(log(value) ~ s(pblmax) + s(ptp) + s(jd), data = .)      1809.637
gam(log(value) ~ s(wdir) + s(ptp) + s(jd), data = .)        1823.789
gam(log(value) ~ s(wspeed) + s(ptp) + s(jd), data = .)      1737.672
gam(log(value) ~ s(pwspeed) + s(ptp) + s(jd), data = .)     1815.331

Modello migliore: v10m - ptp - jd 

Variabile scelta v10m con AIC 1700.13385464821  

Modelli BACKWARD 

                                                               IT0870A
gam(log(value) ~ s(t2m) + s(ptp) + s(v10m), data = .)         1822.864
gam(log(value) ~ s(tmin2m) + s(ptp) + s(v10m), data = .)      1802.307
gam(log(value) ~ s(tmax2m) + s(ptp) + s(v10m), data = .)      1883.331
gam(log(value) ~ s(tp) + s(ptp) + s(v10m), data = .)          1958.358
gam(log(value) ~ s(rh) + s(ptp) + s(v10m), data = .)          1993.568
gam(log(value) ~ s(u10m) + s(ptp) + s(v10m), data = .)        1980.841
gam(log(value) ~ s(sp) + s(ptp) + s(v10m), data = .)          1918.675
gam(log(value) ~ s(nirradiance) + s(ptp) + s(v10m), data = .) 1935.761
gam(log(value) ~ s(pbl00) + s(ptp) + s(v10m), data = .)       1977.008
gam(log(value) ~ s(pbl12) + s(ptp) + s(v10m), data = .)       1939.943
gam(log(value) ~ s(pblmin) + s(ptp) + s(v10m), data = .)      1973.744
gam(log(value) ~ s(pblmax) + s(ptp) + s(v10m), data = .)      1950.500
gam(log(value) ~ s(wdir) + s(ptp) + s(v10m), data = .)        1992.323
gam(log(value) ~ s(wspeed) + s(ptp) + s(v10m), data = .)      2014.600
gam(log(value) ~ s(pwspeed) + s(ptp) + s(v10m), data = .)     2019.874

Modello migliore: tmin2m - ptp - v10m 

Dati backward:  1802.30733366431::tmin2m::ptp::v10m 

Scelgo il modello N 

---------- START ---------- 

                                                                       IT0870A
gam(log(value) ~ s(t2m) + s(ptp) + s(jd) + s(v10m), data = .)         1609.488
gam(log(value) ~ s(tmin2m) + s(ptp) + s(jd) + s(v10m), data = .)      1577.127
gam(log(value) ~ s(tmax2m) + s(ptp) + s(jd) + s(v10m), data = .)      1642.842
gam(log(value) ~ s(tp) + s(ptp) + s(jd) + s(v10m), data = .)          1593.760
gam(log(value) ~ s(rh) + s(ptp) + s(jd) + s(v10m), data = .)          1648.056
gam(log(value) ~ s(u10m) + s(ptp) + s(jd) + s(v10m), data = .)        1687.390
gam(log(value) ~ s(sp) + s(ptp) + s(jd) + s(v10m), data = .)          1633.910
gam(log(value) ~ s(nirradiance) + s(ptp) + s(jd) + s(v10m), data = .) 1652.631
gam(log(value) ~ s(pbl00) + s(ptp) + s(jd) + s(v10m), data = .)       1629.836
gam(log(value) ~ s(pbl12) + s(ptp) + s(jd) + s(v10m), data = .)       1691.244
gam(log(value) ~ s(pblmin) + s(ptp) + s(jd) + s(v10m), data = .)      1632.393
gam(log(value) ~ s(pblmax) + s(ptp) + s(jd) + s(v10m), data = .)      1696.028
gam(log(value) ~ s(wdir) + s(ptp) + s(jd) + s(v10m), data = .)        1693.303
gam(log(value) ~ s(wspeed) + s(ptp) + s(jd) + s(v10m), data = .)      1688.902
gam(log(value) ~ s(pwspeed) + s(ptp) + s(jd) + s(v10m), data = .)     1699.457

Modello migliore: tmin2m - ptp - jd - v10m 

Variabile scelta tmin2m con AIC 1577.1267176697  

Modelli BACKWARD 

                                                                         IT0870A
gam(log(value) ~ s(t2m) + s(ptp) + s(jd) + s(tmin2m), data = .)         1705.356
gam(log(value) ~ s(tmax2m) + s(ptp) + s(jd) + s(tmin2m), data = .)      1674.258
gam(log(value) ~ s(tp) + s(ptp) + s(jd) + s(tmin2m), data = .)          1701.333
gam(log(value) ~ s(rh) + s(ptp) + s(jd) + s(tmin2m), data = .)          1692.307
gam(log(value) ~ s(u10m) + s(ptp) + s(jd) + s(tmin2m), data = .)        1723.470
gam(log(value) ~ s(sp) + s(ptp) + s(jd) + s(tmin2m), data = .)          1673.170
gam(log(value) ~ s(nirradiance) + s(ptp) + s(jd) + s(tmin2m), data = .) 1732.196
gam(log(value) ~ s(pbl00) + s(ptp) + s(jd) + s(tmin2m), data = .)       1636.931
gam(log(value) ~ s(pbl12) + s(ptp) + s(jd) + s(tmin2m), data = .)       1705.403
gam(log(value) ~ s(pblmin) + s(ptp) + s(jd) + s(tmin2m), data = .)      1638.247
gam(log(value) ~ s(pblmax) + s(ptp) + s(jd) + s(tmin2m), data = .)      1707.741
gam(log(value) ~ s(wdir) + s(ptp) + s(jd) + s(tmin2m), data = .)        1726.373
gam(log(value) ~ s(wspeed) + s(ptp) + s(jd) + s(tmin2m), data = .)      1646.653
gam(log(value) ~ s(pwspeed) + s(ptp) + s(jd) + s(tmin2m), data = .)     1733.416

Modello migliore: pbl00 - ptp - jd - tmin2m 

Dati backward:  1636.9306473517::pbl00::ptp::jd::tmin2m 

Scelgo il modello N 

---------- START ---------- 

                                                                                   IT0870A
gam(log(value) ~ s(t2m) + s(ptp) + s(jd) + s(v10m) + s(tmin2m), data = .)         1548.435
gam(log(value) ~ s(tmax2m) + s(ptp) + s(jd) + s(v10m) + s(tmin2m), data = .)      1508.986
gam(log(value) ~ s(tp) + s(ptp) + s(jd) + s(v10m) + s(tmin2m), data = .)          1485.427
gam(log(value) ~ s(rh) + s(ptp) + s(jd) + s(v10m) + s(tmin2m), data = .)          1542.214
gam(log(value) ~ s(u10m) + s(ptp) + s(jd) + s(v10m) + s(tmin2m), data = .)        1553.190
gam(log(value) ~ s(sp) + s(ptp) + s(jd) + s(v10m) + s(tmin2m), data = .)          1492.591
gam(log(value) ~ s(nirradiance) + s(ptp) + s(jd) + s(v10m) + s(tmin2m), data = .) 1547.147
gam(log(value) ~ s(pbl00) + s(ptp) + s(jd) + s(v10m) + s(tmin2m), data = .)       1522.829
gam(log(value) ~ s(pbl12) + s(ptp) + s(jd) + s(v10m) + s(tmin2m), data = .)       1566.328
gam(log(value) ~ s(pblmin) + s(ptp) + s(jd) + s(v10m) + s(tmin2m), data = .)      1533.808
gam(log(value) ~ s(pblmax) + s(ptp) + s(jd) + s(v10m) + s(tmin2m), data = .)      1566.697
gam(log(value) ~ s(wdir) + s(ptp) + s(jd) + s(v10m) + s(tmin2m), data = .)        1562.975
gam(log(value) ~ s(wspeed) + s(ptp) + s(jd) + s(v10m) + s(tmin2m), data = .)      1564.942
gam(log(value) ~ s(pwspeed) + s(ptp) + s(jd) + s(v10m) + s(tmin2m), data = .)     1575.924

Modello migliore: tp - ptp - jd - v10m - tmin2m 

Variabile scelta tp con AIC 1485.42658828457  

Modelli BACKWARD 

                                                                               IT0870A
gam(log(value) ~ s(t2m) + s(ptp) + s(jd) + s(v10m) + s(tp), data = .)         1506.837
gam(log(value) ~ s(tmax2m) + s(ptp) + s(jd) + s(v10m) + s(tp), data = .)      1540.458
gam(log(value) ~ s(rh) + s(ptp) + s(jd) + s(v10m) + s(tp), data = .)          1590.309
gam(log(value) ~ s(u10m) + s(ptp) + s(jd) + s(v10m) + s(tp), data = .)        1580.326
gam(log(value) ~ s(sp) + s(ptp) + s(jd) + s(v10m) + s(tp), data = .)          1558.043
gam(log(value) ~ s(nirradiance) + s(ptp) + s(jd) + s(v10m) + s(tp), data = .) 1590.070
gam(log(value) ~ s(pbl00) + s(ptp) + s(jd) + s(v10m) + s(tp), data = .)       1552.196
gam(log(value) ~ s(pbl12) + s(ptp) + s(jd) + s(v10m) + s(tp), data = .)       1547.192
gam(log(value) ~ s(pblmin) + s(ptp) + s(jd) + s(v10m) + s(tp), data = .)      1553.762
gam(log(value) ~ s(pblmax) + s(ptp) + s(jd) + s(v10m) + s(tp), data = .)      1570.065
gam(log(value) ~ s(wdir) + s(ptp) + s(jd) + s(v10m) + s(tp), data = .)        1581.532
gam(log(value) ~ s(wspeed) + s(ptp) + s(jd) + s(v10m) + s(tp), data = .)      1589.519
gam(log(value) ~ s(pwspeed) + s(ptp) + s(jd) + s(v10m) + s(tp), data = .)     1595.638

Modello migliore: t2m - ptp - jd - v10m - tp 

Dati backward:  1506.83687047793::t2m::ptp::jd::v10m::tp 

Scelgo il modello N 

---------- START ---------- 

                                                                                           IT0870A
gam(log(value) ~ s(t2m) + s(ptp) + s(jd) + s(v10m) + s(tmin2m) + s(tp), data = .)         1484.019
gam(log(value) ~ s(tmax2m) + s(ptp) + s(jd) + s(v10m) + s(tmin2m) + s(tp), data = .)      1465.767
gam(log(value) ~ s(rh) + s(ptp) + s(jd) + s(v10m) + s(tmin2m) + s(tp), data = .)          1468.976
gam(log(value) ~ s(u10m) + s(ptp) + s(jd) + s(v10m) + s(tmin2m) + s(tp), data = .)        1456.776
gam(log(value) ~ s(sp) + s(ptp) + s(jd) + s(v10m) + s(tmin2m) + s(tp), data = .)          1436.109
gam(log(value) ~ s(nirradiance) + s(ptp) + s(jd) + s(v10m) + s(tmin2m) + s(tp), data = .) 1483.238
gam(log(value) ~ s(pbl00) + s(ptp) + s(jd) + s(v10m) + s(tmin2m) + s(tp), data = .)       1452.809
gam(log(value) ~ s(pbl12) + s(ptp) + s(jd) + s(v10m) + s(tmin2m) + s(tp), data = .)       1445.950
gam(log(value) ~ s(pblmin) + s(ptp) + s(jd) + s(v10m) + s(tmin2m) + s(tp), data = .)      1459.707
gam(log(value) ~ s(pblmax) + s(ptp) + s(jd) + s(v10m) + s(tmin2m) + s(tp), data = .)      1457.640
gam(log(value) ~ s(wdir) + s(ptp) + s(jd) + s(v10m) + s(tmin2m) + s(tp), data = .)        1461.904
gam(log(value) ~ s(wspeed) + s(ptp) + s(jd) + s(v10m) + s(tmin2m) + s(tp), data = .)      1478.488
gam(log(value) ~ s(pwspeed) + s(ptp) + s(jd) + s(v10m) + s(tmin2m) + s(tp), data = .)     1487.734

Modello migliore: sp - ptp - jd - v10m - tmin2m - tp 

Variabile scelta sp con AIC 1436.10881764121  

Modelli BACKWARD 

                                                                                           IT0870A
gam(log(value) ~ s(t2m) + s(ptp) + s(jd) + s(v10m) + s(tmin2m) + s(sp), data = .)         1479.509
gam(log(value) ~ s(tmax2m) + s(ptp) + s(jd) + s(v10m) + s(tmin2m) + s(sp), data = .)      1459.426
gam(log(value) ~ s(rh) + s(ptp) + s(jd) + s(v10m) + s(tmin2m) + s(sp), data = .)          1465.456
gam(log(value) ~ s(u10m) + s(ptp) + s(jd) + s(v10m) + s(tmin2m) + s(sp), data = .)        1477.283
gam(log(value) ~ s(nirradiance) + s(ptp) + s(jd) + s(v10m) + s(tmin2m) + s(sp), data = .) 1473.728
gam(log(value) ~ s(pbl00) + s(ptp) + s(jd) + s(v10m) + s(tmin2m) + s(sp), data = .)       1459.905
gam(log(value) ~ s(pbl12) + s(ptp) + s(jd) + s(v10m) + s(tmin2m) + s(sp), data = .)       1481.175
gam(log(value) ~ s(pblmin) + s(ptp) + s(jd) + s(v10m) + s(tmin2m) + s(sp), data = .)      1470.006
gam(log(value) ~ s(pblmax) + s(ptp) + s(jd) + s(v10m) + s(tmin2m) + s(sp), data = .)      1482.658
gam(log(value) ~ s(wdir) + s(ptp) + s(jd) + s(v10m) + s(tmin2m) + s(sp), data = .)        1482.075
gam(log(value) ~ s(wspeed) + s(ptp) + s(jd) + s(v10m) + s(tmin2m) + s(sp), data = .)      1485.752
gam(log(value) ~ s(pwspeed) + s(ptp) + s(jd) + s(v10m) + s(tmin2m) + s(sp), data = .)     1493.794

Modello migliore: tmax2m - ptp - jd - v10m - tmin2m - sp 

Dati backward:  1459.42598864349::tmax2m::ptp::jd::v10m::tmin2m::sp 

Scelgo il modello N 

---------- START ---------- 

                                                                                                   IT0870A
gam(log(value) ~ s(t2m) + s(ptp) + s(jd) + s(v10m) + s(tmin2m) + s(tp) + s(sp), data = .)         1435.548
gam(log(value) ~ s(tmax2m) + s(ptp) + s(jd) + s(v10m) + s(tmin2m) + s(tp) + s(sp), data = .)      1424.969
gam(log(value) ~ s(rh) + s(ptp) + s(jd) + s(v10m) + s(tmin2m) + s(tp) + s(sp), data = .)          1418.439
gam(log(value) ~ s(u10m) + s(ptp) + s(jd) + s(v10m) + s(tmin2m) + s(tp) + s(sp), data = .)        1414.650
gam(log(value) ~ s(nirradiance) + s(ptp) + s(jd) + s(v10m) + s(tmin2m) + s(tp) + s(sp), data = .) 1432.357
gam(log(value) ~ s(pbl00) + s(ptp) + s(jd) + s(v10m) + s(tmin2m) + s(tp) + s(sp), data = .)       1415.488
gam(log(value) ~ s(pbl12) + s(ptp) + s(jd) + s(v10m) + s(tmin2m) + s(tp) + s(sp), data = .)       1404.395
gam(log(value) ~ s(pblmin) + s(ptp) + s(jd) + s(v10m) + s(tmin2m) + s(tp) + s(sp), data = .)      1419.924
gam(log(value) ~ s(pblmax) + s(ptp) + s(jd) + s(v10m) + s(tmin2m) + s(tp) + s(sp), data = .)      1414.204
gam(log(value) ~ s(wdir) + s(ptp) + s(jd) + s(v10m) + s(tmin2m) + s(tp) + s(sp), data = .)        1419.299
gam(log(value) ~ s(wspeed) + s(ptp) + s(jd) + s(v10m) + s(tmin2m) + s(tp) + s(sp), data = .)      1429.787
gam(log(value) ~ s(pwspeed) + s(ptp) + s(jd) + s(v10m) + s(tmin2m) + s(tp) + s(sp), data = .)     1438.069

Modello migliore: pbl12 - ptp - jd - v10m - tmin2m - tp - sp 

Variabile scelta pbl12 con AIC 1404.39457005069  

Modelli BACKWARD 

                                                                                                      IT0870A
gam(log(value) ~ s(t2m) + s(ptp) + s(jd) + s(v10m) + s(tmin2m) + s(tp) + s(pbl12), data = .)         1431.802
gam(log(value) ~ s(tmax2m) + s(ptp) + s(jd) + s(v10m) + s(tmin2m) + s(tp) + s(pbl12), data = .)      1409.016
gam(log(value) ~ s(rh) + s(ptp) + s(jd) + s(v10m) + s(tmin2m) + s(tp) + s(pbl12), data = .)          1434.486
gam(log(value) ~ s(u10m) + s(ptp) + s(jd) + s(v10m) + s(tmin2m) + s(tp) + s(pbl12), data = .)        1426.729
gam(log(value) ~ s(nirradiance) + s(ptp) + s(jd) + s(v10m) + s(tmin2m) + s(tp) + s(pbl12), data = .) 1437.684
gam(log(value) ~ s(pbl00) + s(ptp) + s(jd) + s(v10m) + s(tmin2m) + s(tp) + s(pbl12), data = .)       1413.843
gam(log(value) ~ s(pblmin) + s(ptp) + s(jd) + s(v10m) + s(tmin2m) + s(tp) + s(pbl12), data = .)      1421.871
gam(log(value) ~ s(pblmax) + s(ptp) + s(jd) + s(v10m) + s(tmin2m) + s(tp) + s(pbl12), data = .)      1447.862
gam(log(value) ~ s(wdir) + s(ptp) + s(jd) + s(v10m) + s(tmin2m) + s(tp) + s(pbl12), data = .)        1430.047
gam(log(value) ~ s(wspeed) + s(ptp) + s(jd) + s(v10m) + s(tmin2m) + s(tp) + s(pbl12), data = .)      1431.953
gam(log(value) ~ s(pwspeed) + s(ptp) + s(jd) + s(v10m) + s(tmin2m) + s(tp) + s(pbl12), data = .)     1447.167

Modello migliore: tmax2m - ptp - jd - v10m - tmin2m - tp - pbl12 

Dati backward:  1409.0161505186::tmax2m::ptp::jd::v10m::tmin2m::tp::pbl12 

Scelgo il modello N 

---------- START ---------- 

                                                                                                              IT0870A
gam(log(value) ~ s(t2m) + s(ptp) + s(jd) + s(v10m) + s(tmin2m) + s(tp) + s(sp) + s(pbl12), data = .)         1395.622
gam(log(value) ~ s(tmax2m) + s(ptp) + s(jd) + s(v10m) + s(tmin2m) + s(tp) + s(sp) + s(pbl12), data = .)      1379.859
gam(log(value) ~ s(rh) + s(ptp) + s(jd) + s(v10m) + s(tmin2m) + s(tp) + s(sp) + s(pbl12), data = .)          1391.305
gam(log(value) ~ s(u10m) + s(ptp) + s(jd) + s(v10m) + s(tmin2m) + s(tp) + s(sp) + s(pbl12), data = .)        1390.328
gam(log(value) ~ s(nirradiance) + s(ptp) + s(jd) + s(v10m) + s(tmin2m) + s(tp) + s(sp) + s(pbl12), data = .) 1399.576
gam(log(value) ~ s(pbl00) + s(ptp) + s(jd) + s(v10m) + s(tmin2m) + s(tp) + s(sp) + s(pbl12), data = .)       1382.608
gam(log(value) ~ s(pblmin) + s(ptp) + s(jd) + s(v10m) + s(tmin2m) + s(tp) + s(sp) + s(pbl12), data = .)      1388.347
gam(log(value) ~ s(pblmax) + s(ptp) + s(jd) + s(v10m) + s(tmin2m) + s(tp) + s(sp) + s(pbl12), data = .)      1406.329
gam(log(value) ~ s(wdir) + s(ptp) + s(jd) + s(v10m) + s(tmin2m) + s(tp) + s(sp) + s(pbl12), data = .)        1394.244
gam(log(value) ~ s(wspeed) + s(ptp) + s(jd) + s(v10m) + s(tmin2m) + s(tp) + s(sp) + s(pbl12), data = .)      1392.392
gam(log(value) ~ s(pwspeed) + s(ptp) + s(jd) + s(v10m) + s(tmin2m) + s(tp) + s(sp) + s(pbl12), data = .)     1406.329

Modello migliore: tmax2m - ptp - jd - v10m - tmin2m - tp - sp - pbl12 

Variabile scelta tmax2m con AIC 1379.85874984516  

Modelli BACKWARD 

                                                                                                               IT0870A
gam(log(value) ~ s(t2m) + s(ptp) + s(jd) + s(v10m) + s(tmin2m) + s(tp) + s(sp) + s(tmax2m), data = .)         1406.584
gam(log(value) ~ s(rh) + s(ptp) + s(jd) + s(v10m) + s(tmin2m) + s(tp) + s(sp) + s(tmax2m), data = .)          1385.740
gam(log(value) ~ s(u10m) + s(ptp) + s(jd) + s(v10m) + s(tmin2m) + s(tp) + s(sp) + s(tmax2m), data = .)        1404.925
gam(log(value) ~ s(nirradiance) + s(ptp) + s(jd) + s(v10m) + s(tmin2m) + s(tp) + s(sp) + s(tmax2m), data = .) 1408.395
gam(log(value) ~ s(pbl00) + s(ptp) + s(jd) + s(v10m) + s(tmin2m) + s(tp) + s(sp) + s(tmax2m), data = .)       1407.998
gam(log(value) ~ s(pblmin) + s(ptp) + s(jd) + s(v10m) + s(tmin2m) + s(tp) + s(sp) + s(tmax2m), data = .)      1413.474
gam(log(value) ~ s(pblmax) + s(ptp) + s(jd) + s(v10m) + s(tmin2m) + s(tp) + s(sp) + s(tmax2m), data = .)      1386.044
gam(log(value) ~ s(wdir) + s(ptp) + s(jd) + s(v10m) + s(tmin2m) + s(tp) + s(sp) + s(tmax2m), data = .)        1408.973
gam(log(value) ~ s(wspeed) + s(ptp) + s(jd) + s(v10m) + s(tmin2m) + s(tp) + s(sp) + s(tmax2m), data = .)      1420.614
gam(log(value) ~ s(pwspeed) + s(ptp) + s(jd) + s(v10m) + s(tmin2m) + s(tp) + s(sp) + s(tmax2m), data = .)     1428.555

Modello migliore: rh - ptp - jd - v10m - tmin2m - tp - sp - tmax2m 

Dati backward:  1385.74025637958::rh::ptp::jd::v10m::tmin2m::tp::sp::tmax2m 

Scelgo il modello N-1 

---------- START ---------- 

                                                                                                              IT0870A
gam(log(value) ~ s(t2m) + s(ptp) + s(jd) + s(v10m) + s(tmin2m) + s(tp) + s(sp) + s(pbl12), data = .)         1395.622
gam(log(value) ~ s(rh) + s(ptp) + s(jd) + s(v10m) + s(tmin2m) + s(tp) + s(sp) + s(pbl12), data = .)          1391.305
gam(log(value) ~ s(u10m) + s(ptp) + s(jd) + s(v10m) + s(tmin2m) + s(tp) + s(sp) + s(pbl12), data = .)        1390.328
gam(log(value) ~ s(nirradiance) + s(ptp) + s(jd) + s(v10m) + s(tmin2m) + s(tp) + s(sp) + s(pbl12), data = .) 1399.576
gam(log(value) ~ s(pbl00) + s(ptp) + s(jd) + s(v10m) + s(tmin2m) + s(tp) + s(sp) + s(pbl12), data = .)       1382.608
gam(log(value) ~ s(pblmin) + s(ptp) + s(jd) + s(v10m) + s(tmin2m) + s(tp) + s(sp) + s(pbl12), data = .)      1388.347
gam(log(value) ~ s(pblmax) + s(ptp) + s(jd) + s(v10m) + s(tmin2m) + s(tp) + s(sp) + s(pbl12), data = .)      1406.329
gam(log(value) ~ s(wdir) + s(ptp) + s(jd) + s(v10m) + s(tmin2m) + s(tp) + s(sp) + s(pbl12), data = .)        1394.244
gam(log(value) ~ s(wspeed) + s(ptp) + s(jd) + s(v10m) + s(tmin2m) + s(tp) + s(sp) + s(pbl12), data = .)      1392.392
gam(log(value) ~ s(pwspeed) + s(ptp) + s(jd) + s(v10m) + s(tmin2m) + s(tp) + s(sp) + s(pbl12), data = .)     1406.329

Modello migliore: pbl00 - ptp - jd - v10m - tmin2m - tp - sp - pbl12 

Variabile scelta pbl00 con AIC 1382.60758978791  

Fine per scelta MODELLO 

ptp + jd + v10m + tmin2m + tp + sp + pbl12 

---------------------- 

NOTE: Log Print Time:  2021-05-11 12:38:47 
NOTE: Elapsed Time in seconds: 1.51451813379924 

Fine per scelta MODELLO 

ptp + jd + v10m + tmin2m + tp + sp + pbl12 

---------------------- 

NOTE: Log Print Time:  2021-05-11 12:38:47 
NOTE: Elapsed Time in seconds: 0.00110244750976562 

Fine per scelta MODELLO 

ptp + jd + v10m + tmin2m + tp + sp + pbl12 

---------------------- 

NOTE: Log Print Time:  2021-05-11 12:38:47 
NOTE: Elapsed Time in seconds: 0.000998735427856445 

Fine per scelta MODELLO 

ptp + jd + v10m + tmin2m + tp + sp + pbl12 

---------------------- 

NOTE: Log Print Time:  2021-05-11 12:38:47 
NOTE: Elapsed Time in seconds: 0.000991106033325195 

Fine per scelta MODELLO 

ptp + jd + v10m + tmin2m + tp + sp + pbl12 

---------------------- 

NOTE: Log Print Time:  2021-05-11 12:38:47 
NOTE: Elapsed Time in seconds: 0.00100111961364746 

Fine per scelta MODELLO 

ptp + jd + v10m + tmin2m + tp + sp + pbl12 

---------------------- 

NOTE: Log Print Time:  2021-05-11 12:38:47 
NOTE: Elapsed Time in seconds: 0.000996828079223633 

Fine per scelta MODELLO 

ptp + jd + v10m + tmin2m + tp + sp + pbl12 

---------------------- 

NOTE: Log Print Time:  2021-05-11 12:38:47 
NOTE: Elapsed Time in seconds: 0.000993490219116211 

Fine per scelta MODELLO 

ptp + jd + v10m + tmin2m + tp + sp + pbl12 

---------------------- 

NOTE: Log Print Time:  2021-05-11 12:38:47 
NOTE: Elapsed Time in seconds: 0.000992774963378906 

========================================================================= 
Log End Time: 2021-05-11 12:38:47 
Log Elapsed Time: 0 00:00:01 
========================================================================= 
