========================================================================= 
Log Path: output/12/pm10/log/pulvirus_pm10_12_IT0989A.log 
Working Directory: /home/rmorelli/R/pulvirus/analisi/GAM/scelta 
User Name: rmorelli 
R Version: 4.0.5 (2021-03-31) 
Machine: pasqualino x86_64 
Operating System: Linux 4.19.0-13-amd64 #1 SMP Debian 4.19.160-2 (2020-11-28) 
Log Start Time: 2021-05-11 12:38:55 
========================================================================= 

Stazione: IT0989A 

---------- START ---------- 

                                            IT0989A
gam(log(value) ~ s(t2m), data = .)         2489.792
gam(log(value) ~ s(tmin2m), data = .)      2483.344
gam(log(value) ~ s(tmax2m), data = .)      2486.866
gam(log(value) ~ s(tp), data = .)          2360.514
gam(log(value) ~ s(ptp), data = .)         2359.263
gam(log(value) ~ s(rh), data = .)          2307.636
gam(log(value) ~ s(u10m), data = .)        2560.632
gam(log(value) ~ s(v10m), data = .)        2450.440
gam(log(value) ~ s(sp), data = .)          2393.670
gam(log(value) ~ s(nirradiance), data = .) 2500.750
gam(log(value) ~ s(pbl00), data = .)       2360.409
gam(log(value) ~ s(pbl12), data = .)       2547.326
gam(log(value) ~ s(pblmin), data = .)      2349.911
gam(log(value) ~ s(pblmax), data = .)      2534.862
gam(log(value) ~ s(wdir), data = .)        2501.731
gam(log(value) ~ s(wspeed), data = .)      2502.512
gam(log(value) ~ s(pwspeed), data = .)     2555.461
gam(log(value) ~ s(jd), data = .)          2588.276

Modello migliore: rh 

Variabile scelta rh con AIC 2307.63637260793  

---------- START ---------- 

                                                    IT0989A
gam(log(value) ~ s(t2m) + s(rh), data = .)         2268.040
gam(log(value) ~ s(tmin2m) + s(rh), data = .)      2265.331
gam(log(value) ~ s(tmax2m) + s(rh), data = .)      2285.194
gam(log(value) ~ s(tp) + s(rh), data = .)          2274.391
gam(log(value) ~ s(ptp) + s(rh), data = .)         2210.613
gam(log(value) ~ s(rh) + s(rh), data = .)          2307.636
gam(log(value) ~ s(u10m) + s(rh), data = .)        2259.671
gam(log(value) ~ s(v10m) + s(rh), data = .)        2155.268
gam(log(value) ~ s(sp) + s(rh), data = .)          2269.433
gam(log(value) ~ s(nirradiance) + s(rh), data = .) 2245.465
gam(log(value) ~ s(pbl00) + s(rh), data = .)       2209.827
gam(log(value) ~ s(pbl12) + s(rh), data = .)       2211.326
gam(log(value) ~ s(pblmin) + s(rh), data = .)      2203.444
gam(log(value) ~ s(pblmax) + s(rh), data = .)      2230.179
gam(log(value) ~ s(wdir) + s(rh), data = .)        2148.064
gam(log(value) ~ s(wspeed) + s(rh), data = .)      2261.700
gam(log(value) ~ s(pwspeed) + s(rh), data = .)     2283.642
gam(log(value) ~ s(jd) + s(rh), data = .)          2207.987

Modello migliore: wdir - rh 

Variabile scelta wdir con AIC 2148.06387088799  

Modelli BACKWARD 

                                                      IT0989A
gam(log(value) ~ s(t2m) + s(wdir), data = .)         2375.247
gam(log(value) ~ s(tmin2m) + s(wdir), data = .)      2371.932
gam(log(value) ~ s(tmax2m) + s(wdir), data = .)      2379.113
gam(log(value) ~ s(tp) + s(wdir), data = .)          2232.446
gam(log(value) ~ s(ptp) + s(wdir), data = .)         2297.588
gam(log(value) ~ s(u10m) + s(wdir), data = .)        2468.846
gam(log(value) ~ s(v10m) + s(wdir), data = .)        2442.594
gam(log(value) ~ s(sp) + s(wdir), data = .)          2299.678
gam(log(value) ~ s(nirradiance) + s(wdir), data = .) 2373.005
gam(log(value) ~ s(pbl00) + s(wdir), data = .)       2305.028
gam(log(value) ~ s(pbl12) + s(wdir), data = .)       2452.473
gam(log(value) ~ s(pblmin) + s(wdir), data = .)      2284.579
gam(log(value) ~ s(pblmax) + s(wdir), data = .)      2436.542
gam(log(value) ~ s(wspeed) + s(wdir), data = .)      2448.468
gam(log(value) ~ s(pwspeed) + s(wdir), data = .)     2476.534
gam(log(value) ~ s(jd) + s(wdir), data = .)          2491.689

Modello migliore: tp - wdir 

Dati backward:  2232.44630054643::tp::wdir 

Scelgo il modello N 

---------- START ---------- 

                                                              IT0989A
gam(log(value) ~ s(t2m) + s(rh) + s(wdir), data = .)         2099.097
gam(log(value) ~ s(tmin2m) + s(rh) + s(wdir), data = .)      2094.179
gam(log(value) ~ s(tmax2m) + s(rh) + s(wdir), data = .)      2122.127
gam(log(value) ~ s(tp) + s(rh) + s(wdir), data = .)          2116.314
gam(log(value) ~ s(ptp) + s(rh) + s(wdir), data = .)         2099.099
gam(log(value) ~ s(u10m) + s(rh) + s(wdir), data = .)        2128.376
gam(log(value) ~ s(v10m) + s(rh) + s(wdir), data = .)        2108.154
gam(log(value) ~ s(sp) + s(rh) + s(wdir), data = .)          2122.186
gam(log(value) ~ s(nirradiance) + s(rh) + s(wdir), data = .) 2103.830
gam(log(value) ~ s(pbl00) + s(rh) + s(wdir), data = .)       2085.158
gam(log(value) ~ s(pbl12) + s(rh) + s(wdir), data = .)       2081.118
gam(log(value) ~ s(pblmin) + s(rh) + s(wdir), data = .)      2069.323
gam(log(value) ~ s(pblmax) + s(rh) + s(wdir), data = .)      2099.233
gam(log(value) ~ s(wspeed) + s(rh) + s(wdir), data = .)      2131.273
gam(log(value) ~ s(pwspeed) + s(rh) + s(wdir), data = .)     2136.318
gam(log(value) ~ s(jd) + s(rh) + s(wdir), data = .)          2059.522

Modello migliore: jd - rh - wdir 

Variabile scelta jd con AIC 2059.52200473881  

Modelli BACKWARD 

                                                            IT0989A
gam(log(value) ~ s(t2m) + s(rh) + s(jd), data = .)         2109.701
gam(log(value) ~ s(tmin2m) + s(rh) + s(jd), data = .)      2123.214
gam(log(value) ~ s(tmax2m) + s(rh) + s(jd), data = .)      2109.735
gam(log(value) ~ s(tp) + s(rh) + s(jd), data = .)          2197.501
gam(log(value) ~ s(ptp) + s(rh) + s(jd), data = .)         2132.483
gam(log(value) ~ s(u10m) + s(rh) + s(jd), data = .)        2131.364
gam(log(value) ~ s(v10m) + s(rh) + s(jd), data = .)        2031.101
gam(log(value) ~ s(sp) + s(rh) + s(jd), data = .)          2176.754
gam(log(value) ~ s(nirradiance) + s(rh) + s(jd), data = .) 2206.293
gam(log(value) ~ s(pbl00) + s(rh) + s(jd), data = .)       2111.087
gam(log(value) ~ s(pbl12) + s(rh) + s(jd), data = .)       2172.063
gam(log(value) ~ s(pblmin) + s(rh) + s(jd), data = .)      2110.355
gam(log(value) ~ s(pblmax) + s(rh) + s(jd), data = .)      2184.594
gam(log(value) ~ s(wspeed) + s(rh) + s(jd), data = .)      2161.676
gam(log(value) ~ s(pwspeed) + s(rh) + s(jd), data = .)     2182.448

Modello migliore: v10m - rh - jd 

Dati backward:  2031.10085704646::v10m::rh::jd 

Scelgo il modello N 

---------- START ---------- 

                                                                      IT0989A
gam(log(value) ~ s(t2m) + s(rh) + s(wdir) + s(jd), data = .)         1989.128
gam(log(value) ~ s(tmin2m) + s(rh) + s(wdir) + s(jd), data = .)      1994.030
gam(log(value) ~ s(tmax2m) + s(rh) + s(wdir) + s(jd), data = .)      1997.265
gam(log(value) ~ s(tp) + s(rh) + s(wdir) + s(jd), data = .)          2047.431
gam(log(value) ~ s(ptp) + s(rh) + s(wdir) + s(jd), data = .)         2025.352
gam(log(value) ~ s(u10m) + s(rh) + s(wdir) + s(jd), data = .)        2031.251
gam(log(value) ~ s(v10m) + s(rh) + s(wdir) + s(jd), data = .)        2018.127
gam(log(value) ~ s(sp) + s(rh) + s(wdir) + s(jd), data = .)          2037.019
gam(log(value) ~ s(nirradiance) + s(rh) + s(wdir) + s(jd), data = .) 2057.277
gam(log(value) ~ s(pbl00) + s(rh) + s(wdir) + s(jd), data = .)       1998.502
gam(log(value) ~ s(pbl12) + s(rh) + s(wdir) + s(jd), data = .)       2028.081
gam(log(value) ~ s(pblmin) + s(rh) + s(wdir) + s(jd), data = .)      1992.804
gam(log(value) ~ s(pblmax) + s(rh) + s(wdir) + s(jd), data = .)      2038.999
gam(log(value) ~ s(wspeed) + s(rh) + s(wdir) + s(jd), data = .)      2042.395
gam(log(value) ~ s(pwspeed) + s(rh) + s(wdir) + s(jd), data = .)     2049.423

Modello migliore: t2m - rh - wdir - jd 

Variabile scelta t2m con AIC 1989.12814901035  

Modelli BACKWARD 

                                                                       IT0989A
gam(log(value) ~ s(tmin2m) + s(rh) + s(wdir) + s(t2m), data = .)      2094.243
gam(log(value) ~ s(tmax2m) + s(rh) + s(wdir) + s(t2m), data = .)      2076.673
gam(log(value) ~ s(tp) + s(rh) + s(wdir) + s(t2m), data = .)          2070.470
gam(log(value) ~ s(ptp) + s(rh) + s(wdir) + s(t2m), data = .)         2053.056
gam(log(value) ~ s(u10m) + s(rh) + s(wdir) + s(t2m), data = .)        2074.531
gam(log(value) ~ s(v10m) + s(rh) + s(wdir) + s(t2m), data = .)        2052.125
gam(log(value) ~ s(sp) + s(rh) + s(wdir) + s(t2m), data = .)          2063.684
gam(log(value) ~ s(nirradiance) + s(rh) + s(wdir) + s(t2m), data = .) 2059.518
gam(log(value) ~ s(pbl00) + s(rh) + s(wdir) + s(t2m), data = .)       2035.346
gam(log(value) ~ s(pbl12) + s(rh) + s(wdir) + s(t2m), data = .)       2037.819
gam(log(value) ~ s(pblmin) + s(rh) + s(wdir) + s(t2m), data = .)      2012.364
gam(log(value) ~ s(pblmax) + s(rh) + s(wdir) + s(t2m), data = .)      2054.708
gam(log(value) ~ s(wspeed) + s(rh) + s(wdir) + s(t2m), data = .)      2077.755
gam(log(value) ~ s(pwspeed) + s(rh) + s(wdir) + s(t2m), data = .)     2087.250

Modello migliore: pblmin - rh - wdir - t2m 

Dati backward:  2012.36442334291::pblmin::rh::wdir::t2m 

Scelgo il modello N 

---------- START ---------- 

                                                                               IT0989A
gam(log(value) ~ s(tmin2m) + s(rh) + s(wdir) + s(jd) + s(t2m), data = .)      1977.220
gam(log(value) ~ s(tmax2m) + s(rh) + s(wdir) + s(jd) + s(t2m), data = .)      1958.142
gam(log(value) ~ s(tp) + s(rh) + s(wdir) + s(jd) + s(t2m), data = .)          1977.467
gam(log(value) ~ s(ptp) + s(rh) + s(wdir) + s(jd) + s(t2m), data = .)         1961.971
gam(log(value) ~ s(u10m) + s(rh) + s(wdir) + s(jd) + s(t2m), data = .)        1968.578
gam(log(value) ~ s(v10m) + s(rh) + s(wdir) + s(jd) + s(t2m), data = .)        1957.863
gam(log(value) ~ s(sp) + s(rh) + s(wdir) + s(jd) + s(t2m), data = .)          1977.447
gam(log(value) ~ s(nirradiance) + s(rh) + s(wdir) + s(jd) + s(t2m), data = .) 1989.214
gam(log(value) ~ s(pbl00) + s(rh) + s(wdir) + s(jd) + s(t2m), data = .)       1941.127
gam(log(value) ~ s(pbl12) + s(rh) + s(wdir) + s(jd) + s(t2m), data = .)       1956.594
gam(log(value) ~ s(pblmin) + s(rh) + s(wdir) + s(jd) + s(t2m), data = .)      1920.518
gam(log(value) ~ s(pblmax) + s(rh) + s(wdir) + s(jd) + s(t2m), data = .)      1967.896
gam(log(value) ~ s(wspeed) + s(rh) + s(wdir) + s(jd) + s(t2m), data = .)      1977.188
gam(log(value) ~ s(pwspeed) + s(rh) + s(wdir) + s(jd) + s(t2m), data = .)     1987.868

Modello migliore: pblmin - rh - wdir - jd - t2m 

Variabile scelta pblmin con AIC 1920.51773951163  

Modelli BACKWARD 

                                                                                  IT0989A
gam(log(value) ~ s(tmin2m) + s(rh) + s(wdir) + s(jd) + s(pblmin), data = .)      1920.255
gam(log(value) ~ s(tmax2m) + s(rh) + s(wdir) + s(jd) + s(pblmin), data = .)      1932.952
gam(log(value) ~ s(tp) + s(rh) + s(wdir) + s(jd) + s(pblmin), data = .)          1981.374
gam(log(value) ~ s(ptp) + s(rh) + s(wdir) + s(jd) + s(pblmin), data = .)         1962.631
gam(log(value) ~ s(u10m) + s(rh) + s(wdir) + s(jd) + s(pblmin), data = .)        1986.278
gam(log(value) ~ s(v10m) + s(rh) + s(wdir) + s(jd) + s(pblmin), data = .)        1970.053
gam(log(value) ~ s(sp) + s(rh) + s(wdir) + s(jd) + s(pblmin), data = .)          1979.578
gam(log(value) ~ s(nirradiance) + s(rh) + s(wdir) + s(jd) + s(pblmin), data = .) 1989.061
gam(log(value) ~ s(pbl00) + s(rh) + s(wdir) + s(jd) + s(pblmin), data = .)       1983.182
gam(log(value) ~ s(pbl12) + s(rh) + s(wdir) + s(jd) + s(pblmin), data = .)       1970.332
gam(log(value) ~ s(pblmax) + s(rh) + s(wdir) + s(jd) + s(pblmin), data = .)      1980.062
gam(log(value) ~ s(wspeed) + s(rh) + s(wdir) + s(jd) + s(pblmin), data = .)      1990.849
gam(log(value) ~ s(pwspeed) + s(rh) + s(wdir) + s(jd) + s(pblmin), data = .)     1987.535

Modello migliore: tmin2m - rh - wdir - jd - pblmin 

Dati backward:  1920.25458645158::tmin2m::rh::wdir::jd::pblmin 

Scelgo il modello N 

---------- START ---------- 

                                                                                           IT0989A
gam(log(value) ~ s(tmin2m) + s(rh) + s(wdir) + s(jd) + s(t2m) + s(pblmin), data = .)      1915.121
gam(log(value) ~ s(tmax2m) + s(rh) + s(wdir) + s(jd) + s(t2m) + s(pblmin), data = .)      1902.233
gam(log(value) ~ s(tp) + s(rh) + s(wdir) + s(jd) + s(t2m) + s(pblmin), data = .)          1909.681
gam(log(value) ~ s(ptp) + s(rh) + s(wdir) + s(jd) + s(t2m) + s(pblmin), data = .)         1900.220
gam(log(value) ~ s(u10m) + s(rh) + s(wdir) + s(jd) + s(t2m) + s(pblmin), data = .)        1919.123
gam(log(value) ~ s(v10m) + s(rh) + s(wdir) + s(jd) + s(t2m) + s(pblmin), data = .)        1903.778
gam(log(value) ~ s(sp) + s(rh) + s(wdir) + s(jd) + s(t2m) + s(pblmin), data = .)          1913.657
gam(log(value) ~ s(nirradiance) + s(rh) + s(wdir) + s(jd) + s(t2m) + s(pblmin), data = .) 1920.137
gam(log(value) ~ s(pbl00) + s(rh) + s(wdir) + s(jd) + s(t2m) + s(pblmin), data = .)       1918.066
gam(log(value) ~ s(pbl12) + s(rh) + s(wdir) + s(jd) + s(t2m) + s(pblmin), data = .)       1899.598
gam(log(value) ~ s(pblmax) + s(rh) + s(wdir) + s(jd) + s(t2m) + s(pblmin), data = .)      1905.906
gam(log(value) ~ s(wspeed) + s(rh) + s(wdir) + s(jd) + s(t2m) + s(pblmin), data = .)      1920.065
gam(log(value) ~ s(pwspeed) + s(rh) + s(wdir) + s(jd) + s(t2m) + s(pblmin), data = .)     1920.570

Modello migliore: pbl12 - rh - wdir - jd - t2m - pblmin 

Variabile scelta pbl12 con AIC 1899.59759208269  

Modelli BACKWARD 

                                                                                          IT0989A
gam(log(value) ~ s(tmin2m) + s(rh) + s(wdir) + s(jd) + s(t2m) + s(pbl12), data = .)      1943.851
gam(log(value) ~ s(tmax2m) + s(rh) + s(wdir) + s(jd) + s(t2m) + s(pbl12), data = .)      1923.840
gam(log(value) ~ s(tp) + s(rh) + s(wdir) + s(jd) + s(t2m) + s(pbl12), data = .)          1947.470
gam(log(value) ~ s(ptp) + s(rh) + s(wdir) + s(jd) + s(t2m) + s(pbl12), data = .)         1935.873
gam(log(value) ~ s(u10m) + s(rh) + s(wdir) + s(jd) + s(t2m) + s(pbl12), data = .)        1941.451
gam(log(value) ~ s(v10m) + s(rh) + s(wdir) + s(jd) + s(t2m) + s(pbl12), data = .)        1935.037
gam(log(value) ~ s(sp) + s(rh) + s(wdir) + s(jd) + s(t2m) + s(pbl12), data = .)          1951.314
gam(log(value) ~ s(nirradiance) + s(rh) + s(wdir) + s(jd) + s(t2m) + s(pbl12), data = .) 1954.216
gam(log(value) ~ s(pbl00) + s(rh) + s(wdir) + s(jd) + s(t2m) + s(pbl12), data = .)       1916.816
gam(log(value) ~ s(pblmax) + s(rh) + s(wdir) + s(jd) + s(t2m) + s(pbl12), data = .)      1952.627
gam(log(value) ~ s(wspeed) + s(rh) + s(wdir) + s(jd) + s(t2m) + s(pbl12), data = .)      1951.179
gam(log(value) ~ s(pwspeed) + s(rh) + s(wdir) + s(jd) + s(t2m) + s(pbl12), data = .)     1955.109

Modello migliore: pbl00 - rh - wdir - jd - t2m - pbl12 

Dati backward:  1916.81581295479::pbl00::rh::wdir::jd::t2m::pbl12 

Scelgo il modello N 

---------- START ---------- 

                                                                                                      IT0989A
gam(log(value) ~ s(tmin2m) + s(rh) + s(wdir) + s(jd) + s(t2m) + s(pblmin) + s(pbl12), data = .)      1894.344
gam(log(value) ~ s(tmax2m) + s(rh) + s(wdir) + s(jd) + s(t2m) + s(pblmin) + s(pbl12), data = .)      1879.132
gam(log(value) ~ s(tp) + s(rh) + s(wdir) + s(jd) + s(t2m) + s(pblmin) + s(pbl12), data = .)          1888.952
gam(log(value) ~ s(ptp) + s(rh) + s(wdir) + s(jd) + s(t2m) + s(pblmin) + s(pbl12), data = .)         1881.466
gam(log(value) ~ s(u10m) + s(rh) + s(wdir) + s(jd) + s(t2m) + s(pblmin) + s(pbl12), data = .)        1897.632
gam(log(value) ~ s(v10m) + s(rh) + s(wdir) + s(jd) + s(t2m) + s(pblmin) + s(pbl12), data = .)        1881.665
gam(log(value) ~ s(sp) + s(rh) + s(wdir) + s(jd) + s(t2m) + s(pblmin) + s(pbl12), data = .)          1895.982
gam(log(value) ~ s(nirradiance) + s(rh) + s(wdir) + s(jd) + s(t2m) + s(pblmin) + s(pbl12), data = .) 1898.287
gam(log(value) ~ s(pbl00) + s(rh) + s(wdir) + s(jd) + s(t2m) + s(pblmin) + s(pbl12), data = .)       1896.446
gam(log(value) ~ s(pblmax) + s(rh) + s(wdir) + s(jd) + s(t2m) + s(pblmin) + s(pbl12), data = .)      1896.432
gam(log(value) ~ s(wspeed) + s(rh) + s(wdir) + s(jd) + s(t2m) + s(pblmin) + s(pbl12), data = .)      1897.640
gam(log(value) ~ s(pwspeed) + s(rh) + s(wdir) + s(jd) + s(t2m) + s(pblmin) + s(pbl12), data = .)     1898.127

Modello migliore: tmax2m - rh - wdir - jd - t2m - pblmin - pbl12 

Variabile scelta tmax2m con AIC 1879.13163477791  

Modelli BACKWARD 

                                                                                                       IT0989A
gam(log(value) ~ s(tmin2m) + s(rh) + s(wdir) + s(jd) + s(t2m) + s(pblmin) + s(tmax2m), data = .)      1902.833
gam(log(value) ~ s(tp) + s(rh) + s(wdir) + s(jd) + s(t2m) + s(pblmin) + s(tmax2m), data = .)          1890.795
gam(log(value) ~ s(ptp) + s(rh) + s(wdir) + s(jd) + s(t2m) + s(pblmin) + s(tmax2m), data = .)         1883.892
gam(log(value) ~ s(u10m) + s(rh) + s(wdir) + s(jd) + s(t2m) + s(pblmin) + s(tmax2m), data = .)        1901.176
gam(log(value) ~ s(v10m) + s(rh) + s(wdir) + s(jd) + s(t2m) + s(pblmin) + s(tmax2m), data = .)        1890.968
gam(log(value) ~ s(sp) + s(rh) + s(wdir) + s(jd) + s(t2m) + s(pblmin) + s(tmax2m), data = .)          1896.979
gam(log(value) ~ s(nirradiance) + s(rh) + s(wdir) + s(jd) + s(t2m) + s(pblmin) + s(tmax2m), data = .) 1894.444
gam(log(value) ~ s(pbl00) + s(rh) + s(wdir) + s(jd) + s(t2m) + s(pblmin) + s(tmax2m), data = .)       1898.650
gam(log(value) ~ s(pblmax) + s(rh) + s(wdir) + s(jd) + s(t2m) + s(pblmin) + s(tmax2m), data = .)      1882.669
gam(log(value) ~ s(wspeed) + s(rh) + s(wdir) + s(jd) + s(t2m) + s(pblmin) + s(tmax2m), data = .)      1902.036
gam(log(value) ~ s(pwspeed) + s(rh) + s(wdir) + s(jd) + s(t2m) + s(pblmin) + s(tmax2m), data = .)     1897.803

Modello migliore: pblmax - rh - wdir - jd - t2m - pblmin - tmax2m 

Dati backward:  1882.66868291768::pblmax::rh::wdir::jd::t2m::pblmin::tmax2m 

Scelgo il modello N-1 

---------- START ---------- 

                                                                                                      IT0989A
gam(log(value) ~ s(tmin2m) + s(rh) + s(wdir) + s(jd) + s(t2m) + s(pblmin) + s(pbl12), data = .)      1894.344
gam(log(value) ~ s(tp) + s(rh) + s(wdir) + s(jd) + s(t2m) + s(pblmin) + s(pbl12), data = .)          1888.952
gam(log(value) ~ s(ptp) + s(rh) + s(wdir) + s(jd) + s(t2m) + s(pblmin) + s(pbl12), data = .)         1881.466
gam(log(value) ~ s(u10m) + s(rh) + s(wdir) + s(jd) + s(t2m) + s(pblmin) + s(pbl12), data = .)        1897.632
gam(log(value) ~ s(v10m) + s(rh) + s(wdir) + s(jd) + s(t2m) + s(pblmin) + s(pbl12), data = .)        1881.665
gam(log(value) ~ s(sp) + s(rh) + s(wdir) + s(jd) + s(t2m) + s(pblmin) + s(pbl12), data = .)          1895.982
gam(log(value) ~ s(nirradiance) + s(rh) + s(wdir) + s(jd) + s(t2m) + s(pblmin) + s(pbl12), data = .) 1898.287
gam(log(value) ~ s(pbl00) + s(rh) + s(wdir) + s(jd) + s(t2m) + s(pblmin) + s(pbl12), data = .)       1896.446
gam(log(value) ~ s(pblmax) + s(rh) + s(wdir) + s(jd) + s(t2m) + s(pblmin) + s(pbl12), data = .)      1896.432
gam(log(value) ~ s(wspeed) + s(rh) + s(wdir) + s(jd) + s(t2m) + s(pblmin) + s(pbl12), data = .)      1897.640
gam(log(value) ~ s(pwspeed) + s(rh) + s(wdir) + s(jd) + s(t2m) + s(pblmin) + s(pbl12), data = .)     1898.127

Modello migliore: ptp - rh - wdir - jd - t2m - pblmin - pbl12 

Variabile scelta ptp con AIC 1881.46561906302  

Fine per scelta MODELLO 

rh + wdir + jd + t2m + pblmin + pbl12 

---------------------- 

NOTE: Log Print Time:  2021-05-11 12:40:08 
NOTE: Elapsed Time in seconds: 1.21828858455022 

Fine per scelta MODELLO 

rh + wdir + jd + t2m + pblmin + pbl12 

---------------------- 

NOTE: Log Print Time:  2021-05-11 12:40:08 
NOTE: Elapsed Time in seconds: 0.00112438201904297 

Fine per scelta MODELLO 

rh + wdir + jd + t2m + pblmin + pbl12 

---------------------- 

NOTE: Log Print Time:  2021-05-11 12:40:08 
NOTE: Elapsed Time in seconds: 0.00102615356445312 

Fine per scelta MODELLO 

rh + wdir + jd + t2m + pblmin + pbl12 

---------------------- 

NOTE: Log Print Time:  2021-05-11 12:40:08 
NOTE: Elapsed Time in seconds: 0.00106358528137207 

Fine per scelta MODELLO 

rh + wdir + jd + t2m + pblmin + pbl12 

---------------------- 

NOTE: Log Print Time:  2021-05-11 12:40:08 
NOTE: Elapsed Time in seconds: 0.00102567672729492 

Fine per scelta MODELLO 

rh + wdir + jd + t2m + pblmin + pbl12 

---------------------- 

NOTE: Log Print Time:  2021-05-11 12:40:08 
NOTE: Elapsed Time in seconds: 0.00104618072509766 

Fine per scelta MODELLO 

rh + wdir + jd + t2m + pblmin + pbl12 

---------------------- 

NOTE: Log Print Time:  2021-05-11 12:40:08 
NOTE: Elapsed Time in seconds: 0.00100278854370117 

========================================================================= 
Log End Time: 2021-05-11 12:40:08 
Log Elapsed Time: 0 00:00:01 
========================================================================= 
