========================================================================= 
Log Path: output/12/pm10/log/pulvirus_pm10_12_IT2012A.log 
Working Directory: /home/rmorelli/R/pulvirus/analisi/GAM/scelta 
User Name: rmorelli 
R Version: 4.0.5 (2021-03-31) 
Machine: pasqualino x86_64 
Operating System: Linux 4.19.0-13-amd64 #1 SMP Debian 4.19.160-2 (2020-11-28) 
Log Start Time: 2021-05-11 12:07:53 
========================================================================= 

Stazione: IT2012A 

---------- START ---------- 

                                            IT2012A
gam(log(value) ~ s(t2m), data = .)         1836.960
gam(log(value) ~ s(tmin2m), data = .)      1829.384
gam(log(value) ~ s(tmax2m), data = .)      1832.271
gam(log(value) ~ s(tp), data = .)          1932.834
gam(log(value) ~ s(ptp), data = .)         1847.684
gam(log(value) ~ s(rh), data = .)          1763.778
gam(log(value) ~ s(u10m), data = .)        1942.457
gam(log(value) ~ s(v10m), data = .)        1753.554
gam(log(value) ~ s(sp), data = .)          1727.623
gam(log(value) ~ s(nirradiance), data = .) 1848.174
gam(log(value) ~ s(pbl00), data = .)       1761.696
gam(log(value) ~ s(pbl12), data = .)       1565.860
gam(log(value) ~ s(pblmin), data = .)      1770.264
gam(log(value) ~ s(pblmax), data = .)      1587.025
gam(log(value) ~ s(wdir), data = .)        1859.997
gam(log(value) ~ s(wspeed), data = .)      1871.327
gam(log(value) ~ s(pwspeed), data = .)     1930.870
gam(log(value) ~ s(jd), data = .)          1802.714

Modello migliore: pbl12 

Variabile scelta pbl12 con AIC 1565.86009755809  

---------- START ---------- 

                                                       IT2012A
gam(log(value) ~ s(t2m) + s(pbl12), data = .)         1518.791
gam(log(value) ~ s(tmin2m) + s(pbl12), data = .)      1523.011
gam(log(value) ~ s(tmax2m) + s(pbl12), data = .)      1495.147
gam(log(value) ~ s(tp) + s(pbl12), data = .)          1493.843
gam(log(value) ~ s(ptp) + s(pbl12), data = .)         1444.073
gam(log(value) ~ s(rh) + s(pbl12), data = .)          1503.549
gam(log(value) ~ s(u10m) + s(pbl12), data = .)        1554.141
gam(log(value) ~ s(v10m) + s(pbl12), data = .)        1372.004
gam(log(value) ~ s(sp) + s(pbl12), data = .)          1465.805
gam(log(value) ~ s(nirradiance) + s(pbl12), data = .) 1553.766
gam(log(value) ~ s(pbl00) + s(pbl12), data = .)       1402.721
gam(log(value) ~ s(pbl12) + s(pbl12), data = .)       1565.860
gam(log(value) ~ s(pblmin) + s(pbl12), data = .)      1425.262
gam(log(value) ~ s(pblmax) + s(pbl12), data = .)      1544.483
gam(log(value) ~ s(wdir) + s(pbl12), data = .)        1489.703
gam(log(value) ~ s(wspeed) + s(pbl12), data = .)      1526.896
gam(log(value) ~ s(pwspeed) + s(pbl12), data = .)     1520.823
gam(log(value) ~ s(jd) + s(pbl12), data = .)          1532.414

Modello migliore: v10m - pbl12 

Variabile scelta v10m con AIC 1372.00358153612  

Modelli BACKWARD 

                                                      IT2012A
gam(log(value) ~ s(t2m) + s(v10m), data = .)         1424.642
gam(log(value) ~ s(tmin2m) + s(v10m), data = .)      1391.998
gam(log(value) ~ s(tmax2m) + s(v10m), data = .)      1506.148
gam(log(value) ~ s(tp) + s(v10m), data = .)          1684.239
gam(log(value) ~ s(ptp) + s(v10m), data = .)         1655.687
gam(log(value) ~ s(rh) + s(v10m), data = .)          1654.796
gam(log(value) ~ s(u10m) + s(v10m), data = .)        1665.931
gam(log(value) ~ s(sp) + s(v10m), data = .)          1419.769
gam(log(value) ~ s(nirradiance) + s(v10m), data = .) 1521.728
gam(log(value) ~ s(pbl00) + s(v10m), data = .)       1644.562
gam(log(value) ~ s(pblmin) + s(v10m), data = .)      1666.712
gam(log(value) ~ s(pblmax) + s(v10m), data = .)      1435.284
gam(log(value) ~ s(wdir) + s(v10m), data = .)        1657.311
gam(log(value) ~ s(wspeed) + s(v10m), data = .)      1753.677
gam(log(value) ~ s(pwspeed) + s(v10m), data = .)     1747.731
gam(log(value) ~ s(jd) + s(v10m), data = .)          1438.705

Modello migliore: tmin2m - v10m 

Dati backward:  1391.9979364005::tmin2m::v10m 

Scelgo il modello N 

---------- START ---------- 

                                                                 IT2012A
gam(log(value) ~ s(t2m) + s(pbl12) + s(v10m), data = .)         1243.516
gam(log(value) ~ s(tmin2m) + s(pbl12) + s(v10m), data = .)      1204.094
gam(log(value) ~ s(tmax2m) + s(pbl12) + s(v10m), data = .)      1288.293
gam(log(value) ~ s(tp) + s(pbl12) + s(v10m), data = .)          1198.892
gam(log(value) ~ s(ptp) + s(pbl12) + s(v10m), data = .)         1260.380
gam(log(value) ~ s(rh) + s(pbl12) + s(v10m), data = .)          1347.313
gam(log(value) ~ s(u10m) + s(pbl12) + s(v10m), data = .)        1357.524
gam(log(value) ~ s(sp) + s(pbl12) + s(v10m), data = .)          1206.061
gam(log(value) ~ s(nirradiance) + s(pbl12) + s(v10m), data = .) 1315.674
gam(log(value) ~ s(pbl00) + s(pbl12) + s(v10m), data = .)       1258.917
gam(log(value) ~ s(pblmin) + s(pbl12) + s(v10m), data = .)      1291.140
gam(log(value) ~ s(pblmax) + s(pbl12) + s(v10m), data = .)      1363.140
gam(log(value) ~ s(wdir) + s(pbl12) + s(v10m), data = .)        1359.215
gam(log(value) ~ s(wspeed) + s(pbl12) + s(v10m), data = .)      1368.418
gam(log(value) ~ s(pwspeed) + s(pbl12) + s(v10m), data = .)     1350.112
gam(log(value) ~ s(jd) + s(pbl12) + s(v10m), data = .)          1264.973

Modello migliore: tp - pbl12 - v10m 

Variabile scelta tp con AIC 1198.89158140248  

Modelli BACKWARD 

                                                               IT2012A
gam(log(value) ~ s(t2m) + s(pbl12) + s(tp), data = .)         1448.389
gam(log(value) ~ s(tmin2m) + s(pbl12) + s(tp), data = .)      1465.450
gam(log(value) ~ s(tmax2m) + s(pbl12) + s(tp), data = .)      1420.354
gam(log(value) ~ s(ptp) + s(pbl12) + s(tp), data = .)         1426.719
gam(log(value) ~ s(rh) + s(pbl12) + s(tp), data = .)          1355.780
gam(log(value) ~ s(u10m) + s(pbl12) + s(tp), data = .)        1462.087
gam(log(value) ~ s(sp) + s(pbl12) + s(tp), data = .)          1427.677
gam(log(value) ~ s(nirradiance) + s(pbl12) + s(tp), data = .) 1459.481
gam(log(value) ~ s(pbl00) + s(pbl12) + s(tp), data = .)       1366.589
gam(log(value) ~ s(pblmin) + s(pbl12) + s(tp), data = .)      1394.734
gam(log(value) ~ s(pblmax) + s(pbl12) + s(tp), data = .)      1487.048
gam(log(value) ~ s(wdir) + s(pbl12) + s(tp), data = .)        1357.317
gam(log(value) ~ s(wspeed) + s(pbl12) + s(tp), data = .)      1482.799
gam(log(value) ~ s(pwspeed) + s(pbl12) + s(tp), data = .)     1468.275
gam(log(value) ~ s(jd) + s(pbl12) + s(tp), data = .)          1436.158

Modello migliore: rh - pbl12 - tp 

Dati backward:  1355.77979843522::rh::pbl12::tp 

Scelgo il modello N 

---------- START ---------- 

                                                                         IT2012A
gam(log(value) ~ s(t2m) + s(pbl12) + s(v10m) + s(tp), data = .)         1050.888
gam(log(value) ~ s(tmin2m) + s(pbl12) + s(v10m) + s(tp), data = .)      1035.710
gam(log(value) ~ s(tmax2m) + s(pbl12) + s(v10m) + s(tp), data = .)      1079.490
gam(log(value) ~ s(ptp) + s(pbl12) + s(v10m) + s(tp), data = .)         1170.454
gam(log(value) ~ s(rh) + s(pbl12) + s(v10m) + s(tp), data = .)          1154.659
gam(log(value) ~ s(u10m) + s(pbl12) + s(v10m) + s(tp), data = .)        1166.399
gam(log(value) ~ s(sp) + s(pbl12) + s(v10m) + s(tp), data = .)          1079.828
gam(log(value) ~ s(nirradiance) + s(pbl12) + s(v10m) + s(tp), data = .) 1079.440
gam(log(value) ~ s(pbl00) + s(pbl12) + s(v10m) + s(tp), data = .)       1124.032
gam(log(value) ~ s(pblmin) + s(pbl12) + s(v10m) + s(tp), data = .)      1164.106
gam(log(value) ~ s(pblmax) + s(pbl12) + s(v10m) + s(tp), data = .)      1195.639
gam(log(value) ~ s(wdir) + s(pbl12) + s(v10m) + s(tp), data = .)        1178.204
gam(log(value) ~ s(wspeed) + s(pbl12) + s(v10m) + s(tp), data = .)      1182.908
gam(log(value) ~ s(pwspeed) + s(pbl12) + s(v10m) + s(tp), data = .)     1185.100
gam(log(value) ~ s(jd) + s(pbl12) + s(v10m) + s(tp), data = .)          1036.965

Modello migliore: tmin2m - pbl12 - v10m - tp 

Variabile scelta tmin2m con AIC 1035.70980773629  

Modelli BACKWARD 

                                                                             IT2012A
gam(log(value) ~ s(t2m) + s(pbl12) + s(v10m) + s(tmin2m), data = .)         1175.625
gam(log(value) ~ s(tmax2m) + s(pbl12) + s(v10m) + s(tmin2m), data = .)      1135.361
gam(log(value) ~ s(ptp) + s(pbl12) + s(v10m) + s(tmin2m), data = .)         1094.739
gam(log(value) ~ s(rh) + s(pbl12) + s(v10m) + s(tmin2m), data = .)          1189.384
gam(log(value) ~ s(u10m) + s(pbl12) + s(v10m) + s(tmin2m), data = .)        1201.128
gam(log(value) ~ s(sp) + s(pbl12) + s(v10m) + s(tmin2m), data = .)          1090.273
gam(log(value) ~ s(nirradiance) + s(pbl12) + s(v10m) + s(tmin2m), data = .) 1178.841
gam(log(value) ~ s(pbl00) + s(pbl12) + s(v10m) + s(tmin2m), data = .)       1094.819
gam(log(value) ~ s(pblmin) + s(pbl12) + s(v10m) + s(tmin2m), data = .)      1122.105
gam(log(value) ~ s(pblmax) + s(pbl12) + s(v10m) + s(tmin2m), data = .)      1176.514
gam(log(value) ~ s(wdir) + s(pbl12) + s(v10m) + s(tmin2m), data = .)        1198.393
gam(log(value) ~ s(wspeed) + s(pbl12) + s(v10m) + s(tmin2m), data = .)      1201.020
gam(log(value) ~ s(pwspeed) + s(pbl12) + s(v10m) + s(tmin2m), data = .)     1166.477
gam(log(value) ~ s(jd) + s(pbl12) + s(v10m) + s(tmin2m), data = .)          1163.166

Modello migliore: sp - pbl12 - v10m - tmin2m 

Dati backward:  1090.27252420219::sp::pbl12::v10m::tmin2m 

Scelgo il modello N 

---------- START ---------- 

                                                                                      IT2012A
gam(log(value) ~ s(t2m) + s(pbl12) + s(v10m) + s(tp) + s(tmin2m), data = .)         1033.1624
gam(log(value) ~ s(tmax2m) + s(pbl12) + s(v10m) + s(tp) + s(tmin2m), data = .)      1024.1285
gam(log(value) ~ s(ptp) + s(pbl12) + s(v10m) + s(tp) + s(tmin2m), data = .)         1008.9218
gam(log(value) ~ s(rh) + s(pbl12) + s(v10m) + s(tp) + s(tmin2m), data = .)           994.6179
gam(log(value) ~ s(u10m) + s(pbl12) + s(v10m) + s(tp) + s(tmin2m), data = .)        1020.2802
gam(log(value) ~ s(sp) + s(pbl12) + s(v10m) + s(tp) + s(tmin2m), data = .)           985.6805
gam(log(value) ~ s(nirradiance) + s(pbl12) + s(v10m) + s(tp) + s(tmin2m), data = .)  984.5532
gam(log(value) ~ s(pbl00) + s(pbl12) + s(v10m) + s(tp) + s(tmin2m), data = .)        964.8301
gam(log(value) ~ s(pblmin) + s(pbl12) + s(v10m) + s(tp) + s(tmin2m), data = .)      1002.0093
gam(log(value) ~ s(pblmax) + s(pbl12) + s(v10m) + s(tp) + s(tmin2m), data = .)      1028.5715
gam(log(value) ~ s(wdir) + s(pbl12) + s(v10m) + s(tp) + s(tmin2m), data = .)        1025.6174
gam(log(value) ~ s(wspeed) + s(pbl12) + s(v10m) + s(tp) + s(tmin2m), data = .)      1024.2953
gam(log(value) ~ s(pwspeed) + s(pbl12) + s(v10m) + s(tp) + s(tmin2m), data = .)     1017.0508
gam(log(value) ~ s(jd) + s(pbl12) + s(v10m) + s(tp) + s(tmin2m), data = .)           965.5422

Modello migliore: pbl00 - pbl12 - v10m - tp - tmin2m 

Variabile scelta pbl00 con AIC 964.830089214323  

Modelli BACKWARD 

                                                                                     IT2012A
gam(log(value) ~ s(t2m) + s(pbl12) + s(v10m) + s(tp) + s(pbl00), data = .)          971.2856
gam(log(value) ~ s(tmax2m) + s(pbl12) + s(v10m) + s(tp) + s(pbl00), data = .)       995.3458
gam(log(value) ~ s(ptp) + s(pbl12) + s(v10m) + s(tp) + s(pbl00), data = .)         1102.8259
gam(log(value) ~ s(rh) + s(pbl12) + s(v10m) + s(tp) + s(pbl00), data = .)          1096.1245
gam(log(value) ~ s(u10m) + s(pbl12) + s(v10m) + s(tp) + s(pbl00), data = .)        1081.1176
gam(log(value) ~ s(sp) + s(pbl12) + s(v10m) + s(tp) + s(pbl00), data = .)          1016.8369
gam(log(value) ~ s(nirradiance) + s(pbl12) + s(v10m) + s(tp) + s(pbl00), data = .)  977.2168
gam(log(value) ~ s(pblmin) + s(pbl12) + s(v10m) + s(tp) + s(pbl00), data = .)      1122.0303
gam(log(value) ~ s(pblmax) + s(pbl12) + s(v10m) + s(tp) + s(pbl00), data = .)      1120.6015
gam(log(value) ~ s(wdir) + s(pbl12) + s(v10m) + s(tp) + s(pbl00), data = .)        1093.8389
gam(log(value) ~ s(wspeed) + s(pbl12) + s(v10m) + s(tp) + s(pbl00), data = .)      1105.3468
gam(log(value) ~ s(pwspeed) + s(pbl12) + s(v10m) + s(tp) + s(pbl00), data = .)     1118.4012
gam(log(value) ~ s(jd) + s(pbl12) + s(v10m) + s(tp) + s(pbl00), data = .)           937.7530

Modello migliore: jd - pbl12 - v10m - tp - pbl00 

Dati backward:  937.752960122391::jd::pbl12::v10m::tp::pbl00 

Scelgo il modello N 

---------- START ---------- 

                                                                                                IT2012A
gam(log(value) ~ s(t2m) + s(pbl12) + s(v10m) + s(tp) + s(tmin2m) + s(pbl00), data = .)         952.3916
gam(log(value) ~ s(tmax2m) + s(pbl12) + s(v10m) + s(tp) + s(tmin2m) + s(pbl00), data = .)      955.1490
gam(log(value) ~ s(ptp) + s(pbl12) + s(v10m) + s(tp) + s(tmin2m) + s(pbl00), data = .)         942.3478
gam(log(value) ~ s(rh) + s(pbl12) + s(v10m) + s(tp) + s(tmin2m) + s(pbl00), data = .)          935.4334
gam(log(value) ~ s(u10m) + s(pbl12) + s(v10m) + s(tp) + s(tmin2m) + s(pbl00), data = .)        943.6524
gam(log(value) ~ s(sp) + s(pbl12) + s(v10m) + s(tp) + s(tmin2m) + s(pbl00), data = .)          921.7064
gam(log(value) ~ s(nirradiance) + s(pbl12) + s(v10m) + s(tp) + s(tmin2m) + s(pbl00), data = .) 888.7905
gam(log(value) ~ s(pblmin) + s(pbl12) + s(v10m) + s(tp) + s(tmin2m) + s(pbl00), data = .)      961.0092
gam(log(value) ~ s(pblmax) + s(pbl12) + s(v10m) + s(tp) + s(tmin2m) + s(pbl00), data = .)      958.3377
gam(log(value) ~ s(wdir) + s(pbl12) + s(v10m) + s(tp) + s(tmin2m) + s(pbl00), data = .)        951.4684
gam(log(value) ~ s(wspeed) + s(pbl12) + s(v10m) + s(tp) + s(tmin2m) + s(pbl00), data = .)      952.9903
gam(log(value) ~ s(pwspeed) + s(pbl12) + s(v10m) + s(tp) + s(tmin2m) + s(pbl00), data = .)     958.2181
gam(log(value) ~ s(jd) + s(pbl12) + s(v10m) + s(tp) + s(tmin2m) + s(pbl00), data = .)          869.9624

Modello migliore: jd - pbl12 - v10m - tp - tmin2m - pbl00 

Variabile scelta jd con AIC 869.962424458084  

Modelli BACKWARD 

                                                                                             IT2012A
gam(log(value) ~ s(t2m) + s(pbl12) + s(v10m) + s(tp) + s(tmin2m) + s(jd), data = .)         954.9571
gam(log(value) ~ s(tmax2m) + s(pbl12) + s(v10m) + s(tp) + s(tmin2m) + s(jd), data = .)      936.6819
gam(log(value) ~ s(ptp) + s(pbl12) + s(v10m) + s(tp) + s(tmin2m) + s(jd), data = .)         928.0454
gam(log(value) ~ s(rh) + s(pbl12) + s(v10m) + s(tp) + s(tmin2m) + s(jd), data = .)          939.6452
gam(log(value) ~ s(u10m) + s(pbl12) + s(v10m) + s(tp) + s(tmin2m) + s(jd), data = .)        963.5744
gam(log(value) ~ s(sp) + s(pbl12) + s(v10m) + s(tp) + s(tmin2m) + s(jd), data = .)          935.8782
gam(log(value) ~ s(nirradiance) + s(pbl12) + s(v10m) + s(tp) + s(tmin2m) + s(jd), data = .) 963.8445
gam(log(value) ~ s(pblmin) + s(pbl12) + s(v10m) + s(tp) + s(tmin2m) + s(jd), data = .)      911.3749
gam(log(value) ~ s(pblmax) + s(pbl12) + s(v10m) + s(tp) + s(tmin2m) + s(jd), data = .)      957.4836
gam(log(value) ~ s(wdir) + s(pbl12) + s(v10m) + s(tp) + s(tmin2m) + s(jd), data = .)        963.0152
gam(log(value) ~ s(wspeed) + s(pbl12) + s(v10m) + s(tp) + s(tmin2m) + s(jd), data = .)      964.1024
gam(log(value) ~ s(pwspeed) + s(pbl12) + s(v10m) + s(tp) + s(tmin2m) + s(jd), data = .)     941.7696

Modello migliore: pblmin - pbl12 - v10m - tp - tmin2m - jd 

Dati backward:  911.374887662972::pblmin::pbl12::v10m::tp::tmin2m::jd 

Scelgo il modello N 

---------- START ---------- 

                                                                                                        IT2012A
gam(log(value) ~ s(t2m) + s(pbl12) + s(v10m) + s(tp) + s(tmin2m) + s(pbl00) + s(jd), data = .)         870.0338
gam(log(value) ~ s(tmax2m) + s(pbl12) + s(v10m) + s(tp) + s(tmin2m) + s(pbl00) + s(jd), data = .)      860.4805
gam(log(value) ~ s(ptp) + s(pbl12) + s(v10m) + s(tp) + s(tmin2m) + s(pbl00) + s(jd), data = .)         839.0650
gam(log(value) ~ s(rh) + s(pbl12) + s(v10m) + s(tp) + s(tmin2m) + s(pbl00) + s(jd), data = .)          859.2771
gam(log(value) ~ s(u10m) + s(pbl12) + s(v10m) + s(tp) + s(tmin2m) + s(pbl00) + s(jd), data = .)        861.2948
gam(log(value) ~ s(sp) + s(pbl12) + s(v10m) + s(tp) + s(tmin2m) + s(pbl00) + s(jd), data = .)          846.0993
gam(log(value) ~ s(nirradiance) + s(pbl12) + s(v10m) + s(tp) + s(tmin2m) + s(pbl00) + s(jd), data = .) 863.9431
gam(log(value) ~ s(pblmin) + s(pbl12) + s(v10m) + s(tp) + s(tmin2m) + s(pbl00) + s(jd), data = .)      862.3607
gam(log(value) ~ s(pblmax) + s(pbl12) + s(v10m) + s(tp) + s(tmin2m) + s(pbl00) + s(jd), data = .)      863.0546
gam(log(value) ~ s(wdir) + s(pbl12) + s(v10m) + s(tp) + s(tmin2m) + s(pbl00) + s(jd), data = .)        867.2895
gam(log(value) ~ s(wspeed) + s(pbl12) + s(v10m) + s(tp) + s(tmin2m) + s(pbl00) + s(jd), data = .)      864.2547
gam(log(value) ~ s(pwspeed) + s(pbl12) + s(v10m) + s(tp) + s(tmin2m) + s(pbl00) + s(jd), data = .)     862.6954

Modello migliore: ptp - pbl12 - v10m - tp - tmin2m - pbl00 - jd 

Variabile scelta ptp con AIC 839.065033979356  

Modelli BACKWARD 

                                                                                                         IT2012A
gam(log(value) ~ s(t2m) + s(pbl12) + s(v10m) + s(tp) + s(tmin2m) + s(pbl00) + s(ptp), data = .)         927.0838
gam(log(value) ~ s(tmax2m) + s(pbl12) + s(v10m) + s(tp) + s(tmin2m) + s(pbl00) + s(ptp), data = .)      929.4546
gam(log(value) ~ s(rh) + s(pbl12) + s(v10m) + s(tp) + s(tmin2m) + s(pbl00) + s(ptp), data = .)          905.7619
gam(log(value) ~ s(u10m) + s(pbl12) + s(v10m) + s(tp) + s(tmin2m) + s(pbl00) + s(ptp), data = .)        919.8738
gam(log(value) ~ s(sp) + s(pbl12) + s(v10m) + s(tp) + s(tmin2m) + s(pbl00) + s(ptp), data = .)          903.1884
gam(log(value) ~ s(nirradiance) + s(pbl12) + s(v10m) + s(tp) + s(tmin2m) + s(pbl00) + s(ptp), data = .) 862.1724
gam(log(value) ~ s(pblmin) + s(pbl12) + s(v10m) + s(tp) + s(tmin2m) + s(pbl00) + s(ptp), data = .)      937.2263
gam(log(value) ~ s(pblmax) + s(pbl12) + s(v10m) + s(tp) + s(tmin2m) + s(pbl00) + s(ptp), data = .)      936.2082
gam(log(value) ~ s(wdir) + s(pbl12) + s(v10m) + s(tp) + s(tmin2m) + s(pbl00) + s(ptp), data = .)        930.0870
gam(log(value) ~ s(wspeed) + s(pbl12) + s(v10m) + s(tp) + s(tmin2m) + s(pbl00) + s(ptp), data = .)      930.6062
gam(log(value) ~ s(pwspeed) + s(pbl12) + s(v10m) + s(tp) + s(tmin2m) + s(pbl00) + s(ptp), data = .)     936.6351

Modello migliore: nirradiance - pbl12 - v10m - tp - tmin2m - pbl00 - ptp 

Dati backward:  862.172395800528::nirradiance::pbl12::v10m::tp::tmin2m::pbl00::ptp 

Scelgo il modello N 

---------- START ---------- 

                                                                                                                 IT2012A
gam(log(value) ~ s(t2m) + s(pbl12) + s(v10m) + s(tp) + s(tmin2m) + s(pbl00) + s(jd) + s(ptp), data = .)         838.7756
gam(log(value) ~ s(tmax2m) + s(pbl12) + s(v10m) + s(tp) + s(tmin2m) + s(pbl00) + s(jd) + s(ptp), data = .)      832.0211
gam(log(value) ~ s(rh) + s(pbl12) + s(v10m) + s(tp) + s(tmin2m) + s(pbl00) + s(jd) + s(ptp), data = .)          827.5267
gam(log(value) ~ s(u10m) + s(pbl12) + s(v10m) + s(tp) + s(tmin2m) + s(pbl00) + s(jd) + s(ptp), data = .)        831.4359
gam(log(value) ~ s(sp) + s(pbl12) + s(v10m) + s(tp) + s(tmin2m) + s(pbl00) + s(jd) + s(ptp), data = .)          815.0052
gam(log(value) ~ s(nirradiance) + s(pbl12) + s(v10m) + s(tp) + s(tmin2m) + s(pbl00) + s(jd) + s(ptp), data = .) 834.0987
gam(log(value) ~ s(pblmin) + s(pbl12) + s(v10m) + s(tp) + s(tmin2m) + s(pbl00) + s(jd) + s(ptp), data = .)      828.4664
gam(log(value) ~ s(pblmax) + s(pbl12) + s(v10m) + s(tp) + s(tmin2m) + s(pbl00) + s(jd) + s(ptp), data = .)      832.6753
gam(log(value) ~ s(wdir) + s(pbl12) + s(v10m) + s(tp) + s(tmin2m) + s(pbl00) + s(jd) + s(ptp), data = .)        836.8806
gam(log(value) ~ s(wspeed) + s(pbl12) + s(v10m) + s(tp) + s(tmin2m) + s(pbl00) + s(jd) + s(ptp), data = .)      835.2193
gam(log(value) ~ s(pwspeed) + s(pbl12) + s(v10m) + s(tp) + s(tmin2m) + s(pbl00) + s(jd) + s(ptp), data = .)     831.9941

Modello migliore: sp - pbl12 - v10m - tp - tmin2m - pbl00 - jd - ptp 

Variabile scelta sp con AIC 815.005228260926  

Modelli BACKWARD 

                                                                                                                IT2012A
gam(log(value) ~ s(t2m) + s(pbl12) + s(v10m) + s(tp) + s(tmin2m) + s(pbl00) + s(jd) + s(sp), data = .)         845.3354
gam(log(value) ~ s(tmax2m) + s(pbl12) + s(v10m) + s(tp) + s(tmin2m) + s(pbl00) + s(jd) + s(sp), data = .)      838.9643
gam(log(value) ~ s(rh) + s(pbl12) + s(v10m) + s(tp) + s(tmin2m) + s(pbl00) + s(jd) + s(sp), data = .)          840.8263
gam(log(value) ~ s(u10m) + s(pbl12) + s(v10m) + s(tp) + s(tmin2m) + s(pbl00) + s(jd) + s(sp), data = .)        838.8242
gam(log(value) ~ s(nirradiance) + s(pbl12) + s(v10m) + s(tp) + s(tmin2m) + s(pbl00) + s(jd) + s(sp), data = .) 843.0656
gam(log(value) ~ s(pblmin) + s(pbl12) + s(v10m) + s(tp) + s(tmin2m) + s(pbl00) + s(jd) + s(sp), data = .)      838.0785
gam(log(value) ~ s(pblmax) + s(pbl12) + s(v10m) + s(tp) + s(tmin2m) + s(pbl00) + s(jd) + s(sp), data = .)      839.8582
gam(log(value) ~ s(wdir) + s(pbl12) + s(v10m) + s(tp) + s(tmin2m) + s(pbl00) + s(jd) + s(sp), data = .)        844.4221
gam(log(value) ~ s(wspeed) + s(pbl12) + s(v10m) + s(tp) + s(tmin2m) + s(pbl00) + s(jd) + s(sp), data = .)      840.1699
gam(log(value) ~ s(pwspeed) + s(pbl12) + s(v10m) + s(tp) + s(tmin2m) + s(pbl00) + s(jd) + s(sp), data = .)     838.9322

Modello migliore: pblmin - pbl12 - v10m - tp - tmin2m - pbl00 - jd - sp 

Dati backward:  838.078496939596::pblmin::pbl12::v10m::tp::tmin2m::pbl00::jd::sp 

Scelgo il modello N 

---------- START ---------- 

                                                                                                                         IT2012A
gam(log(value) ~ s(t2m) + s(pbl12) + s(v10m) + s(tp) + s(tmin2m) + s(pbl00) + s(jd) + s(ptp) + s(sp), data = .)         813.4564
gam(log(value) ~ s(tmax2m) + s(pbl12) + s(v10m) + s(tp) + s(tmin2m) + s(pbl00) + s(jd) + s(ptp) + s(sp), data = .)      808.9077
gam(log(value) ~ s(rh) + s(pbl12) + s(v10m) + s(tp) + s(tmin2m) + s(pbl00) + s(jd) + s(ptp) + s(sp), data = .)          805.4918
gam(log(value) ~ s(u10m) + s(pbl12) + s(v10m) + s(tp) + s(tmin2m) + s(pbl00) + s(jd) + s(ptp) + s(sp), data = .)        808.4044
gam(log(value) ~ s(nirradiance) + s(pbl12) + s(v10m) + s(tp) + s(tmin2m) + s(pbl00) + s(jd) + s(ptp) + s(sp), data = .) 812.9958
gam(log(value) ~ s(pblmin) + s(pbl12) + s(v10m) + s(tp) + s(tmin2m) + s(pbl00) + s(jd) + s(ptp) + s(sp), data = .)      804.2920
gam(log(value) ~ s(pblmax) + s(pbl12) + s(v10m) + s(tp) + s(tmin2m) + s(pbl00) + s(jd) + s(ptp) + s(sp), data = .)      809.1269
gam(log(value) ~ s(wdir) + s(pbl12) + s(v10m) + s(tp) + s(tmin2m) + s(pbl00) + s(jd) + s(ptp) + s(sp), data = .)        813.2639
gam(log(value) ~ s(wspeed) + s(pbl12) + s(v10m) + s(tp) + s(tmin2m) + s(pbl00) + s(jd) + s(ptp) + s(sp), data = .)      810.2119
gam(log(value) ~ s(pwspeed) + s(pbl12) + s(v10m) + s(tp) + s(tmin2m) + s(pbl00) + s(jd) + s(ptp) + s(sp), data = .)     806.6510

Modello migliore: pblmin - pbl12 - v10m - tp - tmin2m - pbl00 - jd - ptp - sp 

Variabile scelta pblmin con AIC 804.292000056495  

Modelli BACKWARD 

                                                                                                                             IT2012A
gam(log(value) ~ s(t2m) + s(pbl12) + s(v10m) + s(tp) + s(tmin2m) + s(pbl00) + s(jd) + s(ptp) + s(pblmin), data = .)         828.0664
gam(log(value) ~ s(tmax2m) + s(pbl12) + s(v10m) + s(tp) + s(tmin2m) + s(pbl00) + s(jd) + s(ptp) + s(pblmin), data = .)      822.2830
gam(log(value) ~ s(rh) + s(pbl12) + s(v10m) + s(tp) + s(tmin2m) + s(pbl00) + s(jd) + s(ptp) + s(pblmin), data = .)          817.4415
gam(log(value) ~ s(u10m) + s(pbl12) + s(v10m) + s(tp) + s(tmin2m) + s(pbl00) + s(jd) + s(ptp) + s(pblmin), data = .)        817.7482
gam(log(value) ~ s(nirradiance) + s(pbl12) + s(v10m) + s(tp) + s(tmin2m) + s(pbl00) + s(jd) + s(ptp) + s(pblmin), data = .) 823.5536
gam(log(value) ~ s(pblmax) + s(pbl12) + s(v10m) + s(tp) + s(tmin2m) + s(pbl00) + s(jd) + s(ptp) + s(pblmin), data = .)      822.1773
gam(log(value) ~ s(wdir) + s(pbl12) + s(v10m) + s(tp) + s(tmin2m) + s(pbl00) + s(jd) + s(ptp) + s(pblmin), data = .)        825.6602
gam(log(value) ~ s(wspeed) + s(pbl12) + s(v10m) + s(tp) + s(tmin2m) + s(pbl00) + s(jd) + s(ptp) + s(pblmin), data = .)      822.0120
gam(log(value) ~ s(pwspeed) + s(pbl12) + s(v10m) + s(tp) + s(tmin2m) + s(pbl00) + s(jd) + s(ptp) + s(pblmin), data = .)     821.1697

Modello migliore: rh - pbl12 - v10m - tp - tmin2m - pbl00 - jd - ptp - pblmin 

Dati backward:  817.441544353716::rh::pbl12::v10m::tp::tmin2m::pbl00::jd::ptp::pblmin 

Scelgo il modello N 

---------- START ---------- 

                                                                                                                                     IT2012A
gam(log(value) ~ s(t2m) + s(pbl12) + s(v10m) + s(tp) + s(tmin2m) + s(pbl00) + s(jd) + s(ptp) + s(sp) + s(pblmin), data = .)         802.9973
gam(log(value) ~ s(tmax2m) + s(pbl12) + s(v10m) + s(tp) + s(tmin2m) + s(pbl00) + s(jd) + s(ptp) + s(sp) + s(pblmin), data = .)      799.3820
gam(log(value) ~ s(rh) + s(pbl12) + s(v10m) + s(tp) + s(tmin2m) + s(pbl00) + s(jd) + s(ptp) + s(sp) + s(pblmin), data = .)          795.3361
gam(log(value) ~ s(u10m) + s(pbl12) + s(v10m) + s(tp) + s(tmin2m) + s(pbl00) + s(jd) + s(ptp) + s(sp) + s(pblmin), data = .)        793.7783
gam(log(value) ~ s(nirradiance) + s(pbl12) + s(v10m) + s(tp) + s(tmin2m) + s(pbl00) + s(jd) + s(ptp) + s(sp) + s(pblmin), data = .) 800.8811
gam(log(value) ~ s(pblmax) + s(pbl12) + s(v10m) + s(tp) + s(tmin2m) + s(pbl00) + s(jd) + s(ptp) + s(sp) + s(pblmin), data = .)      798.8742
gam(log(value) ~ s(wdir) + s(pbl12) + s(v10m) + s(tp) + s(tmin2m) + s(pbl00) + s(jd) + s(ptp) + s(sp) + s(pblmin), data = .)        801.5525
gam(log(value) ~ s(wspeed) + s(pbl12) + s(v10m) + s(tp) + s(tmin2m) + s(pbl00) + s(jd) + s(ptp) + s(sp) + s(pblmin), data = .)      796.6140
gam(log(value) ~ s(pwspeed) + s(pbl12) + s(v10m) + s(tp) + s(tmin2m) + s(pbl00) + s(jd) + s(ptp) + s(sp) + s(pblmin), data = .)     796.1106

Modello migliore: u10m - pbl12 - v10m - tp - tmin2m - pbl00 - jd - ptp - sp - pblmin 

Variabile scelta u10m con AIC 793.778292372535  

Modelli BACKWARD 

                                                                                                                                   IT2012A
gam(log(value) ~ s(t2m) + s(pbl12) + s(v10m) + s(tp) + s(tmin2m) + s(pbl00) + s(jd) + s(ptp) + s(sp) + s(u10m), data = .)         806.5021
gam(log(value) ~ s(tmax2m) + s(pbl12) + s(v10m) + s(tp) + s(tmin2m) + s(pbl00) + s(jd) + s(ptp) + s(sp) + s(u10m), data = .)      800.9319
gam(log(value) ~ s(rh) + s(pbl12) + s(v10m) + s(tp) + s(tmin2m) + s(pbl00) + s(jd) + s(ptp) + s(sp) + s(u10m), data = .)          794.3713
gam(log(value) ~ s(nirradiance) + s(pbl12) + s(v10m) + s(tp) + s(tmin2m) + s(pbl00) + s(jd) + s(ptp) + s(sp) + s(u10m), data = .) 806.2363
gam(log(value) ~ s(pblmax) + s(pbl12) + s(v10m) + s(tp) + s(tmin2m) + s(pbl00) + s(jd) + s(ptp) + s(sp) + s(u10m), data = .)      803.8787
gam(log(value) ~ s(wdir) + s(pbl12) + s(v10m) + s(tp) + s(tmin2m) + s(pbl00) + s(jd) + s(ptp) + s(sp) + s(u10m), data = .)        800.2668
gam(log(value) ~ s(wspeed) + s(pbl12) + s(v10m) + s(tp) + s(tmin2m) + s(pbl00) + s(jd) + s(ptp) + s(sp) + s(u10m), data = .)      809.0258
gam(log(value) ~ s(pwspeed) + s(pbl12) + s(v10m) + s(tp) + s(tmin2m) + s(pbl00) + s(jd) + s(ptp) + s(sp) + s(u10m), data = .)     799.3036

Modello migliore: rh - pbl12 - v10m - tp - tmin2m - pbl00 - jd - ptp - sp - u10m 

Dati backward:  794.3712603398::rh::pbl12::v10m::tp::tmin2m::pbl00::jd::ptp::sp::u10m 

Scelgo il modello N 

---------- START ---------- 

                                                                                                                                               IT2012A
gam(log(value) ~ s(t2m) + s(pbl12) + s(v10m) + s(tp) + s(tmin2m) + s(pbl00) + s(jd) + s(ptp) + s(sp) + s(pblmin) + s(u10m), data = .)         791.8825
gam(log(value) ~ s(tmax2m) + s(pbl12) + s(v10m) + s(tp) + s(tmin2m) + s(pbl00) + s(jd) + s(ptp) + s(sp) + s(pblmin) + s(u10m), data = .)      787.4133
gam(log(value) ~ s(rh) + s(pbl12) + s(v10m) + s(tp) + s(tmin2m) + s(pbl00) + s(jd) + s(ptp) + s(sp) + s(pblmin) + s(u10m), data = .)          778.7619
gam(log(value) ~ s(nirradiance) + s(pbl12) + s(v10m) + s(tp) + s(tmin2m) + s(pbl00) + s(jd) + s(ptp) + s(sp) + s(pblmin) + s(u10m), data = .) 790.2390
gam(log(value) ~ s(pblmax) + s(pbl12) + s(v10m) + s(tp) + s(tmin2m) + s(pbl00) + s(jd) + s(ptp) + s(sp) + s(pblmin) + s(u10m), data = .)      789.7123
gam(log(value) ~ s(wdir) + s(pbl12) + s(v10m) + s(tp) + s(tmin2m) + s(pbl00) + s(jd) + s(ptp) + s(sp) + s(pblmin) + s(u10m), data = .)        786.6496
gam(log(value) ~ s(wspeed) + s(pbl12) + s(v10m) + s(tp) + s(tmin2m) + s(pbl00) + s(jd) + s(ptp) + s(sp) + s(pblmin) + s(u10m), data = .)      794.5700
gam(log(value) ~ s(pwspeed) + s(pbl12) + s(v10m) + s(tp) + s(tmin2m) + s(pbl00) + s(jd) + s(ptp) + s(sp) + s(pblmin) + s(u10m), data = .)     784.5318

Modello migliore: rh - pbl12 - v10m - tp - tmin2m - pbl00 - jd - ptp - sp - pblmin - u10m 

Variabile scelta rh con AIC 778.761909782521  

Modelli BACKWARD 

                                                                                                                                             IT2012A
gam(log(value) ~ s(t2m) + s(pbl12) + s(v10m) + s(tp) + s(tmin2m) + s(pbl00) + s(jd) + s(ptp) + s(sp) + s(pblmin) + s(rh), data = .)         794.3514
gam(log(value) ~ s(tmax2m) + s(pbl12) + s(v10m) + s(tp) + s(tmin2m) + s(pbl00) + s(jd) + s(ptp) + s(sp) + s(pblmin) + s(rh), data = .)      788.4852
gam(log(value) ~ s(nirradiance) + s(pbl12) + s(v10m) + s(tp) + s(tmin2m) + s(pbl00) + s(jd) + s(ptp) + s(sp) + s(pblmin) + s(rh), data = .) 795.3492
gam(log(value) ~ s(pblmax) + s(pbl12) + s(v10m) + s(tp) + s(tmin2m) + s(pbl00) + s(jd) + s(ptp) + s(sp) + s(pblmin) + s(rh), data = .)      787.5397
gam(log(value) ~ s(wdir) + s(pbl12) + s(v10m) + s(tp) + s(tmin2m) + s(pbl00) + s(jd) + s(ptp) + s(sp) + s(pblmin) + s(rh), data = .)        791.0622
gam(log(value) ~ s(wspeed) + s(pbl12) + s(v10m) + s(tp) + s(tmin2m) + s(pbl00) + s(jd) + s(ptp) + s(sp) + s(pblmin) + s(rh), data = .)      782.4384
gam(log(value) ~ s(pwspeed) + s(pbl12) + s(v10m) + s(tp) + s(tmin2m) + s(pbl00) + s(jd) + s(ptp) + s(sp) + s(pblmin) + s(rh), data = .)     786.9693

Modello migliore: wspeed - pbl12 - v10m - tp - tmin2m - pbl00 - jd - ptp - sp - pblmin - rh 

Dati backward:  782.438394634471::wspeed::pbl12::v10m::tp::tmin2m::pbl00::jd::ptp::sp::pblmin::rh 

Scelgo il modello N 

---------- START ---------- 

                                                                                                                                                       IT2012A
gam(log(value) ~ s(t2m) + s(pbl12) + s(v10m) + s(tp) + s(tmin2m) + s(pbl00) + s(jd) + s(ptp) + s(sp) + s(pblmin) + s(u10m) + s(rh), data = .)         776.8829
gam(log(value) ~ s(tmax2m) + s(pbl12) + s(v10m) + s(tp) + s(tmin2m) + s(pbl00) + s(jd) + s(ptp) + s(sp) + s(pblmin) + s(u10m) + s(rh), data = .)      768.2633
gam(log(value) ~ s(nirradiance) + s(pbl12) + s(v10m) + s(tp) + s(tmin2m) + s(pbl00) + s(jd) + s(ptp) + s(sp) + s(pblmin) + s(u10m) + s(rh), data = .) 778.2983
gam(log(value) ~ s(pblmax) + s(pbl12) + s(v10m) + s(tp) + s(tmin2m) + s(pbl00) + s(jd) + s(ptp) + s(sp) + s(pblmin) + s(u10m) + s(rh), data = .)      773.4727
gam(log(value) ~ s(wdir) + s(pbl12) + s(v10m) + s(tp) + s(tmin2m) + s(pbl00) + s(jd) + s(ptp) + s(sp) + s(pblmin) + s(u10m) + s(rh), data = .)        771.5222
gam(log(value) ~ s(wspeed) + s(pbl12) + s(v10m) + s(tp) + s(tmin2m) + s(pbl00) + s(jd) + s(ptp) + s(sp) + s(pblmin) + s(u10m) + s(rh), data = .)      779.3351
gam(log(value) ~ s(pwspeed) + s(pbl12) + s(v10m) + s(tp) + s(tmin2m) + s(pbl00) + s(jd) + s(ptp) + s(sp) + s(pblmin) + s(u10m) + s(rh), data = .)     769.5423

Modello migliore: tmax2m - pbl12 - v10m - tp - tmin2m - pbl00 - jd - ptp - sp - pblmin - u10m - rh 

Variabile scelta tmax2m con AIC 768.263259961512  

Modelli BACKWARD 

                                                                                                                                                           IT2012A
gam(log(value) ~ s(t2m) + s(pbl12) + s(v10m) + s(tp) + s(tmin2m) + s(pbl00) + s(jd) + s(ptp) + s(sp) + s(pblmin) + s(u10m) + s(tmax2m), data = .)         781.4948
gam(log(value) ~ s(nirradiance) + s(pbl12) + s(v10m) + s(tp) + s(tmin2m) + s(pbl00) + s(jd) + s(ptp) + s(sp) + s(pblmin) + s(u10m) + s(tmax2m), data = .) 780.4739
gam(log(value) ~ s(pblmax) + s(pbl12) + s(v10m) + s(tp) + s(tmin2m) + s(pbl00) + s(jd) + s(ptp) + s(sp) + s(pblmin) + s(u10m) + s(tmax2m), data = .)      784.0912
gam(log(value) ~ s(wdir) + s(pbl12) + s(v10m) + s(tp) + s(tmin2m) + s(pbl00) + s(jd) + s(ptp) + s(sp) + s(pblmin) + s(u10m) + s(tmax2m), data = .)        782.5302
gam(log(value) ~ s(wspeed) + s(pbl12) + s(v10m) + s(tp) + s(tmin2m) + s(pbl00) + s(jd) + s(ptp) + s(sp) + s(pblmin) + s(u10m) + s(tmax2m), data = .)      788.0981
gam(log(value) ~ s(pwspeed) + s(pbl12) + s(v10m) + s(tp) + s(tmin2m) + s(pbl00) + s(jd) + s(ptp) + s(sp) + s(pblmin) + s(u10m) + s(tmax2m), data = .)     777.3690

[1] "Modello migliore: pwspeed - pbl12 - v10m - tp - tmin2m - pbl00 - jd - ptp - sp - pblmin - u10m - tmax2m"

[1] "Dati backward:  777.369004841276::pwspeed::pbl12::v10m::tp::tmin2m::pbl00::jd::ptp::sp::pblmin::u10m::tmax2m"

Scelgo il modello N-1 

---------- START ---------- 

                                                                                                                                                       IT2012A
gam(log(value) ~ s(t2m) + s(pbl12) + s(v10m) + s(tp) + s(tmin2m) + s(pbl00) + s(jd) + s(ptp) + s(sp) + s(pblmin) + s(u10m) + s(rh), data = .)         776.8829
gam(log(value) ~ s(nirradiance) + s(pbl12) + s(v10m) + s(tp) + s(tmin2m) + s(pbl00) + s(jd) + s(ptp) + s(sp) + s(pblmin) + s(u10m) + s(rh), data = .) 778.2983
gam(log(value) ~ s(pblmax) + s(pbl12) + s(v10m) + s(tp) + s(tmin2m) + s(pbl00) + s(jd) + s(ptp) + s(sp) + s(pblmin) + s(u10m) + s(rh), data = .)      773.4727
gam(log(value) ~ s(wdir) + s(pbl12) + s(v10m) + s(tp) + s(tmin2m) + s(pbl00) + s(jd) + s(ptp) + s(sp) + s(pblmin) + s(u10m) + s(rh), data = .)        771.5222
gam(log(value) ~ s(wspeed) + s(pbl12) + s(v10m) + s(tp) + s(tmin2m) + s(pbl00) + s(jd) + s(ptp) + s(sp) + s(pblmin) + s(u10m) + s(rh), data = .)      779.3351
gam(log(value) ~ s(pwspeed) + s(pbl12) + s(v10m) + s(tp) + s(tmin2m) + s(pbl00) + s(jd) + s(ptp) + s(sp) + s(pblmin) + s(u10m) + s(rh), data = .)     769.5423

Modello migliore: pwspeed - pbl12 - v10m - tp - tmin2m - pbl00 - jd - ptp - sp - pblmin - u10m - rh 

Variabile scelta pwspeed con AIC 769.542257289591  

Fine per scelta MODELLO 

pbl12 + v10m + tp + tmin2m + pbl00 + jd + ptp + sp + pblmin + u10m + rh 

---------------------- 

NOTE: Log Print Time:  2021-05-11 12:10:05 
NOTE: Elapsed Time in seconds: 2.19071946144104 

Fine per scelta MODELLO 

pbl12 + v10m + tp + tmin2m + pbl00 + jd + ptp + sp + pblmin + u10m + rh 

---------------------- 

NOTE: Log Print Time:  2021-05-11 12:10:05 
NOTE: Elapsed Time in seconds: 0.00109267234802246 

Fine per scelta MODELLO 

pbl12 + v10m + tp + tmin2m + pbl00 + jd + ptp + sp + pblmin + u10m + rh 

---------------------- 

NOTE: Log Print Time:  2021-05-11 12:10:05 
NOTE: Elapsed Time in seconds: 0.00101423263549805 

Fine per scelta MODELLO 

pbl12 + v10m + tp + tmin2m + pbl00 + jd + ptp + sp + pblmin + u10m + rh 

---------------------- 

NOTE: Log Print Time:  2021-05-11 12:10:05 
NOTE: Elapsed Time in seconds: 0.000979900360107422 

Fine per scelta MODELLO 

pbl12 + v10m + tp + tmin2m + pbl00 + jd + ptp + sp + pblmin + u10m + rh 

---------------------- 

NOTE: Log Print Time:  2021-05-11 12:10:05 
NOTE: Elapsed Time in seconds: 0.000973701477050781 

Fine per scelta MODELLO 

pbl12 + v10m + tp + tmin2m + pbl00 + jd + ptp + sp + pblmin + u10m + rh 

---------------------- 

NOTE: Log Print Time:  2021-05-11 12:10:05 
NOTE: Elapsed Time in seconds: 0.00097346305847168 

Fine per scelta MODELLO 

pbl12 + v10m + tp + tmin2m + pbl00 + jd + ptp + sp + pblmin + u10m + rh 

---------------------- 

NOTE: Log Print Time:  2021-05-11 12:10:05 
NOTE: Elapsed Time in seconds: 0.000993251800537109 

Fine per scelta MODELLO 

pbl12 + v10m + tp + tmin2m + pbl00 + jd + ptp + sp + pblmin + u10m + rh 

---------------------- 

NOTE: Log Print Time:  2021-05-11 12:10:05 
NOTE: Elapsed Time in seconds: 0.00100827217102051 

Fine per scelta MODELLO 

pbl12 + v10m + tp + tmin2m + pbl00 + jd + ptp + sp + pblmin + u10m + rh 

---------------------- 

NOTE: Log Print Time:  2021-05-11 12:10:05 
NOTE: Elapsed Time in seconds: 0.000977039337158203 

Fine per scelta MODELLO 

pbl12 + v10m + tp + tmin2m + pbl00 + jd + ptp + sp + pblmin + u10m + rh 

---------------------- 

NOTE: Log Print Time:  2021-05-11 12:10:05 
NOTE: Elapsed Time in seconds: 0.000976324081420898 

Fine per scelta MODELLO 

pbl12 + v10m + tp + tmin2m + pbl00 + jd + ptp + sp + pblmin + u10m + rh 

---------------------- 

NOTE: Log Print Time:  2021-05-11 12:10:05 
NOTE: Elapsed Time in seconds: 0.000990867614746094 

Fine per scelta MODELLO 

pbl12 + v10m + tp + tmin2m + pbl00 + jd + ptp + sp + pblmin + u10m + rh 

---------------------- 

NOTE: Log Print Time:  2021-05-11 12:10:05 
NOTE: Elapsed Time in seconds: 0.000980854034423828 

========================================================================= 
Log End Time: 2021-05-11 12:10:05 
Log Elapsed Time: 0 00:00:02 
========================================================================= 
