========================================================================= 
Log Path: output/12/pm10/log/pulvirus_pm10_12_IT1183A.log 
Working Directory: /home/rmorelli/R/pulvirus/analisi/GAM/scelta 
User Name: rmorelli 
R Version: 4.0.5 (2021-03-31) 
Machine: pasqualino x86_64 
Operating System: Linux 4.19.0-13-amd64 #1 SMP Debian 4.19.160-2 (2020-11-28) 
Log Start Time: 2021-05-11 11:58:28 
========================================================================= 

Stazione: IT1183A 

---------- START ---------- 

                                            IT1183A
gam(log(value) ~ s(t2m), data = .)         2679.899
gam(log(value) ~ s(tmin2m), data = .)      2661.085
gam(log(value) ~ s(tmax2m), data = .)      2814.474
gam(log(value) ~ s(tp), data = .)          3213.577
gam(log(value) ~ s(ptp), data = .)         3129.857
gam(log(value) ~ s(rh), data = .)          3159.873
gam(log(value) ~ s(u10m), data = .)        3132.980
gam(log(value) ~ s(v10m), data = .)        3059.894
gam(log(value) ~ s(sp), data = .)          2887.360
gam(log(value) ~ s(nirradiance), data = .) 2803.509
gam(log(value) ~ s(pbl00), data = .)       3161.512
gam(log(value) ~ s(pbl12), data = .)       2679.468
gam(log(value) ~ s(pblmin), data = .)      3170.625
gam(log(value) ~ s(pblmax), data = .)      2773.414
gam(log(value) ~ s(wdir), data = .)        3136.088
gam(log(value) ~ s(wspeed), data = .)      3175.779
gam(log(value) ~ s(pwspeed), data = .)     3175.646
gam(log(value) ~ s(jd), data = .)          2388.078

Modello migliore: jd 

Variabile scelta jd con AIC 2388.07836421507  

---------- START ---------- 

                                                    IT1183A
gam(log(value) ~ s(t2m) + s(jd), data = .)         2243.524
gam(log(value) ~ s(tmin2m) + s(jd), data = .)      2204.811
gam(log(value) ~ s(tmax2m) + s(jd), data = .)      2287.285
gam(log(value) ~ s(tp) + s(jd), data = .)          2257.428
gam(log(value) ~ s(ptp) + s(jd), data = .)         2058.313
gam(log(value) ~ s(rh) + s(jd), data = .)          2385.397
gam(log(value) ~ s(u10m) + s(jd), data = .)        2291.982
gam(log(value) ~ s(v10m) + s(jd), data = .)        2228.144
gam(log(value) ~ s(sp) + s(jd), data = .)          2209.278
gam(log(value) ~ s(nirradiance) + s(jd), data = .) 2330.455
gam(log(value) ~ s(pbl00) + s(jd), data = .)       2024.189
gam(log(value) ~ s(pbl12) + s(jd), data = .)       2199.288
gam(log(value) ~ s(pblmin) + s(jd), data = .)      2101.285
gam(log(value) ~ s(pblmax) + s(jd), data = .)      2227.939
gam(log(value) ~ s(wdir) + s(jd), data = .)        2386.445
gam(log(value) ~ s(wspeed) + s(jd), data = .)      2235.070
gam(log(value) ~ s(pwspeed) + s(jd), data = .)     2322.053
gam(log(value) ~ s(jd) + s(jd), data = .)          2388.078

Modello migliore: pbl00 - jd 

Variabile scelta pbl00 con AIC 2024.18892689648  

Modelli BACKWARD 

                                                       IT1183A
gam(log(value) ~ s(t2m) + s(pbl00), data = .)         2441.640
gam(log(value) ~ s(tmin2m) + s(pbl00), data = .)      2510.089
gam(log(value) ~ s(tmax2m) + s(pbl00), data = .)      2527.270
gam(log(value) ~ s(tp) + s(pbl00), data = .)          3152.966
gam(log(value) ~ s(ptp) + s(pbl00), data = .)         3100.865
gam(log(value) ~ s(rh) + s(pbl00), data = .)          3039.917
gam(log(value) ~ s(u10m) + s(pbl00), data = .)        3028.534
gam(log(value) ~ s(v10m) + s(pbl00), data = .)        2942.651
gam(log(value) ~ s(sp) + s(pbl00), data = .)          2824.838
gam(log(value) ~ s(nirradiance) + s(pbl00), data = .) 2500.220
gam(log(value) ~ s(pbl12) + s(pbl00), data = .)       2545.057
gam(log(value) ~ s(pblmin) + s(pbl00), data = .)      3150.690
gam(log(value) ~ s(pblmax) + s(pbl00), data = .)      2682.107
gam(log(value) ~ s(wdir) + s(pbl00), data = .)        3024.635
gam(log(value) ~ s(wspeed) + s(pbl00), data = .)      3028.081
gam(log(value) ~ s(pwspeed) + s(pbl00), data = .)     3025.630

Modello migliore: t2m - pbl00 

Dati backward:  2441.64006959464::t2m::pbl00 

Scelgo il modello N 

---------- START ---------- 

                                                               IT1183A
gam(log(value) ~ s(t2m) + s(jd) + s(pbl00), data = .)         1892.088
gam(log(value) ~ s(tmin2m) + s(jd) + s(pbl00), data = .)      1876.548
gam(log(value) ~ s(tmax2m) + s(jd) + s(pbl00), data = .)      1920.421
gam(log(value) ~ s(tp) + s(jd) + s(pbl00), data = .)          1980.251
gam(log(value) ~ s(ptp) + s(jd) + s(pbl00), data = .)         1876.950
gam(log(value) ~ s(rh) + s(jd) + s(pbl00), data = .)          2023.942
gam(log(value) ~ s(u10m) + s(jd) + s(pbl00), data = .)        1979.304
gam(log(value) ~ s(v10m) + s(jd) + s(pbl00), data = .)        1931.583
gam(log(value) ~ s(sp) + s(jd) + s(pbl00), data = .)          1955.495
gam(log(value) ~ s(nirradiance) + s(jd) + s(pbl00), data = .) 1951.293
gam(log(value) ~ s(pbl12) + s(jd) + s(pbl00), data = .)       1858.811
gam(log(value) ~ s(pblmin) + s(jd) + s(pbl00), data = .)      1978.926
gam(log(value) ~ s(pblmax) + s(jd) + s(pbl00), data = .)      1914.803
gam(log(value) ~ s(wdir) + s(jd) + s(pbl00), data = .)        2018.771
gam(log(value) ~ s(wspeed) + s(jd) + s(pbl00), data = .)      1954.501
gam(log(value) ~ s(pwspeed) + s(jd) + s(pbl00), data = .)     2005.535

Modello migliore: pbl12 - jd - pbl00 

Variabile scelta pbl12 con AIC 1858.81066386435  

Modelli BACKWARD 

                                                               IT1183A
gam(log(value) ~ s(t2m) + s(jd) + s(pbl12), data = .)         2037.290
gam(log(value) ~ s(tmin2m) + s(jd) + s(pbl12), data = .)      1997.826
gam(log(value) ~ s(tmax2m) + s(jd) + s(pbl12), data = .)      2062.699
gam(log(value) ~ s(tp) + s(jd) + s(pbl12), data = .)          1936.252
gam(log(value) ~ s(ptp) + s(jd) + s(pbl12), data = .)         1853.653
gam(log(value) ~ s(rh) + s(jd) + s(pbl12), data = .)          2098.902
gam(log(value) ~ s(u10m) + s(jd) + s(pbl12), data = .)        2087.107
gam(log(value) ~ s(v10m) + s(jd) + s(pbl12), data = .)        2073.208
gam(log(value) ~ s(sp) + s(jd) + s(pbl12), data = .)          2001.120
gam(log(value) ~ s(nirradiance) + s(jd) + s(pbl12), data = .) 2066.307
gam(log(value) ~ s(pblmin) + s(jd) + s(pbl12), data = .)      1921.392
gam(log(value) ~ s(pblmax) + s(jd) + s(pbl12), data = .)      2197.453
gam(log(value) ~ s(wdir) + s(jd) + s(pbl12), data = .)        2170.077
gam(log(value) ~ s(wspeed) + s(jd) + s(pbl12), data = .)      2078.139
gam(log(value) ~ s(pwspeed) + s(jd) + s(pbl12), data = .)     2133.499

Modello migliore: ptp - jd - pbl12 

Dati backward:  1853.65342733708::ptp::jd::pbl12 

Scelgo il modello N 

---------- START ---------- 

                                                                          IT1183A
gam(log(value) ~ s(t2m) + s(jd) + s(pbl00) + s(pbl12), data = .)         1728.350
gam(log(value) ~ s(tmin2m) + s(jd) + s(pbl00) + s(pbl12), data = .)      1703.995
gam(log(value) ~ s(tmax2m) + s(jd) + s(pbl00) + s(pbl12), data = .)      1756.832
gam(log(value) ~ s(tp) + s(jd) + s(pbl00) + s(pbl12), data = .)          1737.926
gam(log(value) ~ s(ptp) + s(jd) + s(pbl00) + s(pbl12), data = .)         1695.619
gam(log(value) ~ s(rh) + s(jd) + s(pbl00) + s(pbl12), data = .)          1800.674
gam(log(value) ~ s(u10m) + s(jd) + s(pbl00) + s(pbl12), data = .)        1795.117
gam(log(value) ~ s(v10m) + s(jd) + s(pbl00) + s(pbl12), data = .)        1786.324
gam(log(value) ~ s(sp) + s(jd) + s(pbl00) + s(pbl12), data = .)          1784.881
gam(log(value) ~ s(nirradiance) + s(jd) + s(pbl00) + s(pbl12), data = .) 1804.424
gam(log(value) ~ s(pblmin) + s(jd) + s(pbl00) + s(pbl12), data = .)      1808.278
gam(log(value) ~ s(pblmax) + s(jd) + s(pbl00) + s(pbl12), data = .)      1860.353
gam(log(value) ~ s(wdir) + s(jd) + s(pbl00) + s(pbl12), data = .)        1835.854
gam(log(value) ~ s(wspeed) + s(jd) + s(pbl00) + s(pbl12), data = .)      1802.633
gam(log(value) ~ s(pwspeed) + s(jd) + s(pbl00) + s(pbl12), data = .)     1844.782

Modello migliore: ptp - jd - pbl00 - pbl12 

Variabile scelta ptp con AIC 1695.61861709797  

Modelli BACKWARD 

                                                                        IT1183A
gam(log(value) ~ s(t2m) + s(jd) + s(pbl00) + s(ptp), data = .)         1752.373
gam(log(value) ~ s(tmin2m) + s(jd) + s(pbl00) + s(ptp), data = .)      1756.991
gam(log(value) ~ s(tmax2m) + s(jd) + s(pbl00) + s(ptp), data = .)      1757.810
gam(log(value) ~ s(tp) + s(jd) + s(pbl00) + s(ptp), data = .)          1872.447
gam(log(value) ~ s(rh) + s(jd) + s(pbl00) + s(ptp), data = .)          1870.433
gam(log(value) ~ s(u10m) + s(jd) + s(pbl00) + s(ptp), data = .)        1827.024
gam(log(value) ~ s(v10m) + s(jd) + s(pbl00) + s(ptp), data = .)        1782.087
gam(log(value) ~ s(sp) + s(jd) + s(pbl00) + s(ptp), data = .)          1852.903
gam(log(value) ~ s(nirradiance) + s(jd) + s(pbl00) + s(ptp), data = .) 1789.873
gam(log(value) ~ s(pblmin) + s(jd) + s(pbl00) + s(ptp), data = .)      1829.925
gam(log(value) ~ s(pblmax) + s(jd) + s(pbl00) + s(ptp), data = .)      1764.406
gam(log(value) ~ s(wdir) + s(jd) + s(pbl00) + s(ptp), data = .)        1876.609
gam(log(value) ~ s(wspeed) + s(jd) + s(pbl00) + s(ptp), data = .)      1800.475
gam(log(value) ~ s(pwspeed) + s(jd) + s(pbl00) + s(ptp), data = .)     1844.002

Modello migliore: t2m - jd - pbl00 - ptp 

Dati backward:  1752.37337846291::t2m::jd::pbl00::ptp 

Scelgo il modello N 

---------- START ---------- 

                                                                                   IT1183A
gam(log(value) ~ s(t2m) + s(jd) + s(pbl00) + s(pbl12) + s(ptp), data = .)         1579.064
gam(log(value) ~ s(tmin2m) + s(jd) + s(pbl00) + s(pbl12) + s(ptp), data = .)      1568.128
gam(log(value) ~ s(tmax2m) + s(jd) + s(pbl00) + s(pbl12) + s(ptp), data = .)      1595.681
gam(log(value) ~ s(tp) + s(jd) + s(pbl00) + s(pbl12) + s(ptp), data = .)          1645.204
gam(log(value) ~ s(rh) + s(jd) + s(pbl00) + s(pbl12) + s(ptp), data = .)          1687.123
gam(log(value) ~ s(u10m) + s(jd) + s(pbl00) + s(pbl12) + s(ptp), data = .)        1623.250
gam(log(value) ~ s(v10m) + s(jd) + s(pbl00) + s(pbl12) + s(ptp), data = .)        1621.114
gam(log(value) ~ s(sp) + s(jd) + s(pbl00) + s(pbl12) + s(ptp), data = .)          1676.002
gam(log(value) ~ s(nirradiance) + s(jd) + s(pbl00) + s(pbl12) + s(ptp), data = .) 1663.392
gam(log(value) ~ s(pblmin) + s(jd) + s(pbl00) + s(pbl12) + s(ptp), data = .)      1642.145
gam(log(value) ~ s(pblmax) + s(jd) + s(pbl00) + s(pbl12) + s(ptp), data = .)      1697.221
gam(log(value) ~ s(wdir) + s(jd) + s(pbl00) + s(pbl12) + s(ptp), data = .)        1677.482
gam(log(value) ~ s(wspeed) + s(jd) + s(pbl00) + s(pbl12) + s(ptp), data = .)      1634.858
gam(log(value) ~ s(pwspeed) + s(jd) + s(pbl00) + s(pbl12) + s(ptp), data = .)     1663.714

Modello migliore: tmin2m - jd - pbl00 - pbl12 - ptp 

Variabile scelta tmin2m con AIC 1568.12813388168  

Modelli BACKWARD 

                                                                                      IT1183A
gam(log(value) ~ s(t2m) + s(jd) + s(pbl00) + s(pbl12) + s(tmin2m), data = .)         1643.670
gam(log(value) ~ s(tmax2m) + s(jd) + s(pbl00) + s(pbl12) + s(tmin2m), data = .)      1611.741
gam(log(value) ~ s(tp) + s(jd) + s(pbl00) + s(pbl12) + s(tmin2m), data = .)          1630.435
gam(log(value) ~ s(rh) + s(jd) + s(pbl00) + s(pbl12) + s(tmin2m), data = .)          1697.255
gam(log(value) ~ s(u10m) + s(jd) + s(pbl00) + s(pbl12) + s(tmin2m), data = .)        1643.119
gam(log(value) ~ s(v10m) + s(jd) + s(pbl00) + s(pbl12) + s(tmin2m), data = .)        1614.696
gam(log(value) ~ s(sp) + s(jd) + s(pbl00) + s(pbl12) + s(tmin2m), data = .)          1652.993
gam(log(value) ~ s(nirradiance) + s(jd) + s(pbl00) + s(pbl12) + s(tmin2m), data = .) 1690.204
gam(log(value) ~ s(pblmin) + s(jd) + s(pbl00) + s(pbl12) + s(tmin2m), data = .)      1654.669
gam(log(value) ~ s(pblmax) + s(jd) + s(pbl00) + s(pbl12) + s(tmin2m), data = .)      1702.019
gam(log(value) ~ s(wdir) + s(jd) + s(pbl00) + s(pbl12) + s(tmin2m), data = .)        1703.272
gam(log(value) ~ s(wspeed) + s(jd) + s(pbl00) + s(pbl12) + s(tmin2m), data = .)      1643.679
gam(log(value) ~ s(pwspeed) + s(jd) + s(pbl00) + s(pbl12) + s(tmin2m), data = .)     1684.356

Modello migliore: tmax2m - jd - pbl00 - pbl12 - tmin2m 

Dati backward:  1611.74127407458::tmax2m::jd::pbl00::pbl12::tmin2m 

Scelgo il modello N 

---------- START ---------- 

                                                                                               IT1183A
gam(log(value) ~ s(t2m) + s(jd) + s(pbl00) + s(pbl12) + s(ptp) + s(tmin2m), data = .)         1515.573
gam(log(value) ~ s(tmax2m) + s(jd) + s(pbl00) + s(pbl12) + s(ptp) + s(tmin2m), data = .)      1494.286
gam(log(value) ~ s(tp) + s(jd) + s(pbl00) + s(pbl12) + s(ptp) + s(tmin2m), data = .)          1543.449
gam(log(value) ~ s(rh) + s(jd) + s(pbl00) + s(pbl12) + s(ptp) + s(tmin2m), data = .)          1568.984
gam(log(value) ~ s(u10m) + s(jd) + s(pbl00) + s(pbl12) + s(ptp) + s(tmin2m), data = .)        1498.878
gam(log(value) ~ s(v10m) + s(jd) + s(pbl00) + s(pbl12) + s(ptp) + s(tmin2m), data = .)        1470.913
gam(log(value) ~ s(sp) + s(jd) + s(pbl00) + s(pbl12) + s(ptp) + s(tmin2m), data = .)          1560.182
gam(log(value) ~ s(nirradiance) + s(jd) + s(pbl00) + s(pbl12) + s(ptp) + s(tmin2m), data = .) 1557.705
gam(log(value) ~ s(pblmin) + s(jd) + s(pbl00) + s(pbl12) + s(ptp) + s(tmin2m), data = .)      1516.084
gam(log(value) ~ s(pblmax) + s(jd) + s(pbl00) + s(pbl12) + s(ptp) + s(tmin2m), data = .)      1569.049
gam(log(value) ~ s(wdir) + s(jd) + s(pbl00) + s(pbl12) + s(ptp) + s(tmin2m), data = .)        1567.388
gam(log(value) ~ s(wspeed) + s(jd) + s(pbl00) + s(pbl12) + s(ptp) + s(tmin2m), data = .)      1502.627
gam(log(value) ~ s(pwspeed) + s(jd) + s(pbl00) + s(pbl12) + s(ptp) + s(tmin2m), data = .)     1526.047

Modello migliore: v10m - jd - pbl00 - pbl12 - ptp - tmin2m 

Variabile scelta v10m con AIC 1470.91341751237  

Modelli BACKWARD 

                                                                                             IT1183A
gam(log(value) ~ s(t2m) + s(jd) + s(pbl00) + s(pbl12) + s(ptp) + s(v10m), data = .)         1471.699
gam(log(value) ~ s(tmax2m) + s(jd) + s(pbl00) + s(pbl12) + s(ptp) + s(v10m), data = .)      1513.121
gam(log(value) ~ s(tp) + s(jd) + s(pbl00) + s(pbl12) + s(ptp) + s(v10m), data = .)          1540.572
gam(log(value) ~ s(rh) + s(jd) + s(pbl00) + s(pbl12) + s(ptp) + s(v10m), data = .)          1607.259
gam(log(value) ~ s(u10m) + s(jd) + s(pbl00) + s(pbl12) + s(ptp) + s(v10m), data = .)        1565.567
gam(log(value) ~ s(sp) + s(jd) + s(pbl00) + s(pbl12) + s(ptp) + s(v10m), data = .)          1603.607
gam(log(value) ~ s(nirradiance) + s(jd) + s(pbl00) + s(pbl12) + s(ptp) + s(v10m), data = .) 1586.166
gam(log(value) ~ s(pblmin) + s(jd) + s(pbl00) + s(pbl12) + s(ptp) + s(v10m), data = .)      1583.802
gam(log(value) ~ s(pblmax) + s(jd) + s(pbl00) + s(pbl12) + s(ptp) + s(v10m), data = .)      1623.099
gam(log(value) ~ s(wdir) + s(jd) + s(pbl00) + s(pbl12) + s(ptp) + s(v10m), data = .)        1592.515
gam(log(value) ~ s(wspeed) + s(jd) + s(pbl00) + s(pbl12) + s(ptp) + s(v10m), data = .)      1602.162
gam(log(value) ~ s(pwspeed) + s(jd) + s(pbl00) + s(pbl12) + s(ptp) + s(v10m), data = .)     1608.721

Modello migliore: t2m - jd - pbl00 - pbl12 - ptp - v10m 

Dati backward:  1471.69901590018::t2m::jd::pbl00::pbl12::ptp::v10m 

Scelgo il modello N 

---------- START ---------- 

                                                                                                         IT1183A
gam(log(value) ~ s(t2m) + s(jd) + s(pbl00) + s(pbl12) + s(ptp) + s(tmin2m) + s(v10m), data = .)         1436.993
gam(log(value) ~ s(tmax2m) + s(jd) + s(pbl00) + s(pbl12) + s(ptp) + s(tmin2m) + s(v10m), data = .)      1421.590
gam(log(value) ~ s(tp) + s(jd) + s(pbl00) + s(pbl12) + s(ptp) + s(tmin2m) + s(v10m), data = .)          1419.136
gam(log(value) ~ s(rh) + s(jd) + s(pbl00) + s(pbl12) + s(ptp) + s(tmin2m) + s(v10m), data = .)          1472.911
gam(log(value) ~ s(u10m) + s(jd) + s(pbl00) + s(pbl12) + s(ptp) + s(tmin2m) + s(v10m), data = .)        1432.515
gam(log(value) ~ s(sp) + s(jd) + s(pbl00) + s(pbl12) + s(ptp) + s(tmin2m) + s(v10m), data = .)          1461.114
gam(log(value) ~ s(nirradiance) + s(jd) + s(pbl00) + s(pbl12) + s(ptp) + s(tmin2m) + s(v10m), data = .) 1456.954
gam(log(value) ~ s(pblmin) + s(jd) + s(pbl00) + s(pbl12) + s(ptp) + s(tmin2m) + s(v10m), data = .)      1445.520
gam(log(value) ~ s(pblmax) + s(jd) + s(pbl00) + s(pbl12) + s(ptp) + s(tmin2m) + s(v10m), data = .)      1470.416
gam(log(value) ~ s(wdir) + s(jd) + s(pbl00) + s(pbl12) + s(ptp) + s(tmin2m) + s(v10m), data = .)        1457.567
gam(log(value) ~ s(wspeed) + s(jd) + s(pbl00) + s(pbl12) + s(ptp) + s(tmin2m) + s(v10m), data = .)      1458.550
gam(log(value) ~ s(pwspeed) + s(jd) + s(pbl00) + s(pbl12) + s(ptp) + s(tmin2m) + s(v10m), data = .)     1452.633

Modello migliore: tp - jd - pbl00 - pbl12 - ptp - tmin2m - v10m 

Variabile scelta tp con AIC 1419.13575921634  

Modelli BACKWARD 

                                                                                                       IT1183A
gam(log(value) ~ s(t2m) + s(jd) + s(pbl00) + s(pbl12) + s(ptp) + s(tmin2m) + s(tp), data = .)         1498.337
gam(log(value) ~ s(tmax2m) + s(jd) + s(pbl00) + s(pbl12) + s(ptp) + s(tmin2m) + s(tp), data = .)      1483.810
gam(log(value) ~ s(rh) + s(jd) + s(pbl00) + s(pbl12) + s(ptp) + s(tmin2m) + s(tp), data = .)          1517.548
gam(log(value) ~ s(u10m) + s(jd) + s(pbl00) + s(pbl12) + s(ptp) + s(tmin2m) + s(tp), data = .)        1474.403
gam(log(value) ~ s(sp) + s(jd) + s(pbl00) + s(pbl12) + s(ptp) + s(tmin2m) + s(tp), data = .)          1544.498
gam(log(value) ~ s(nirradiance) + s(jd) + s(pbl00) + s(pbl12) + s(ptp) + s(tmin2m) + s(tp), data = .) 1524.049
gam(log(value) ~ s(pblmin) + s(jd) + s(pbl00) + s(pbl12) + s(ptp) + s(tmin2m) + s(tp), data = .)      1501.381
gam(log(value) ~ s(pblmax) + s(jd) + s(pbl00) + s(pbl12) + s(ptp) + s(tmin2m) + s(tp), data = .)      1544.582
gam(log(value) ~ s(wdir) + s(jd) + s(pbl00) + s(pbl12) + s(ptp) + s(tmin2m) + s(tp), data = .)        1544.417
gam(log(value) ~ s(wspeed) + s(jd) + s(pbl00) + s(pbl12) + s(ptp) + s(tmin2m) + s(tp), data = .)      1472.745
gam(log(value) ~ s(pwspeed) + s(jd) + s(pbl00) + s(pbl12) + s(ptp) + s(tmin2m) + s(tp), data = .)     1495.620

Modello migliore: wspeed - jd - pbl00 - pbl12 - ptp - tmin2m - tp 

Dati backward:  1472.74501338278::wspeed::jd::pbl00::pbl12::ptp::tmin2m::tp 

Scelgo il modello N 

---------- START ---------- 

                                                                                                                 IT1183A
gam(log(value) ~ s(t2m) + s(jd) + s(pbl00) + s(pbl12) + s(ptp) + s(tmin2m) + s(v10m) + s(tp), data = .)         1392.493
gam(log(value) ~ s(tmax2m) + s(jd) + s(pbl00) + s(pbl12) + s(ptp) + s(tmin2m) + s(v10m) + s(tp), data = .)      1384.044
gam(log(value) ~ s(rh) + s(jd) + s(pbl00) + s(pbl12) + s(ptp) + s(tmin2m) + s(v10m) + s(tp), data = .)          1399.146
gam(log(value) ~ s(u10m) + s(jd) + s(pbl00) + s(pbl12) + s(ptp) + s(tmin2m) + s(v10m) + s(tp), data = .)        1391.149
gam(log(value) ~ s(sp) + s(jd) + s(pbl00) + s(pbl12) + s(ptp) + s(tmin2m) + s(v10m) + s(tp), data = .)          1420.044
gam(log(value) ~ s(nirradiance) + s(jd) + s(pbl00) + s(pbl12) + s(ptp) + s(tmin2m) + s(v10m) + s(tp), data = .) 1382.789
gam(log(value) ~ s(pblmin) + s(jd) + s(pbl00) + s(pbl12) + s(ptp) + s(tmin2m) + s(v10m) + s(tp), data = .)      1409.062
gam(log(value) ~ s(pblmax) + s(jd) + s(pbl00) + s(pbl12) + s(ptp) + s(tmin2m) + s(v10m) + s(tp), data = .)      1419.798
gam(log(value) ~ s(wdir) + s(jd) + s(pbl00) + s(pbl12) + s(ptp) + s(tmin2m) + s(v10m) + s(tp), data = .)        1404.722
gam(log(value) ~ s(wspeed) + s(jd) + s(pbl00) + s(pbl12) + s(ptp) + s(tmin2m) + s(v10m) + s(tp), data = .)      1405.416
gam(log(value) ~ s(pwspeed) + s(jd) + s(pbl00) + s(pbl12) + s(ptp) + s(tmin2m) + s(v10m) + s(tp), data = .)     1398.337

Modello migliore: nirradiance - jd - pbl00 - pbl12 - ptp - tmin2m - v10m - tp 

Variabile scelta nirradiance con AIC 1382.78893065654  

Modelli BACKWARD 

                                                                                                                      IT1183A
gam(log(value) ~ s(t2m) + s(jd) + s(pbl00) + s(pbl12) + s(ptp) + s(tmin2m) + s(v10m) + s(nirradiance), data = .)     1412.981
gam(log(value) ~ s(tmax2m) + s(jd) + s(pbl00) + s(pbl12) + s(ptp) + s(tmin2m) + s(v10m) + s(nirradiance), data = .)  1384.456
gam(log(value) ~ s(rh) + s(jd) + s(pbl00) + s(pbl12) + s(ptp) + s(tmin2m) + s(v10m) + s(nirradiance), data = .)      1458.888
gam(log(value) ~ s(u10m) + s(jd) + s(pbl00) + s(pbl12) + s(ptp) + s(tmin2m) + s(v10m) + s(nirradiance), data = .)    1418.302
gam(log(value) ~ s(sp) + s(jd) + s(pbl00) + s(pbl12) + s(ptp) + s(tmin2m) + s(v10m) + s(nirradiance), data = .)      1442.111
gam(log(value) ~ s(pblmin) + s(jd) + s(pbl00) + s(pbl12) + s(ptp) + s(tmin2m) + s(v10m) + s(nirradiance), data = .)  1430.022
gam(log(value) ~ s(pblmax) + s(jd) + s(pbl00) + s(pbl12) + s(ptp) + s(tmin2m) + s(v10m) + s(nirradiance), data = .)  1457.029
gam(log(value) ~ s(wdir) + s(jd) + s(pbl00) + s(pbl12) + s(ptp) + s(tmin2m) + s(v10m) + s(nirradiance), data = .)    1443.623
gam(log(value) ~ s(wspeed) + s(jd) + s(pbl00) + s(pbl12) + s(ptp) + s(tmin2m) + s(v10m) + s(nirradiance), data = .)  1447.507
gam(log(value) ~ s(pwspeed) + s(jd) + s(pbl00) + s(pbl12) + s(ptp) + s(tmin2m) + s(v10m) + s(nirradiance), data = .) 1438.446

Modello migliore: tmax2m - jd - pbl00 - pbl12 - ptp - tmin2m - v10m - nirradiance 

Dati backward:  1384.45643500536::tmax2m::jd::pbl00::pbl12::ptp::tmin2m::v10m::nirradiance 

Scelgo il modello N 

---------- START ---------- 

                                                                                                                              IT1183A
gam(log(value) ~ s(t2m) + s(jd) + s(pbl00) + s(pbl12) + s(ptp) + s(tmin2m) + s(v10m) + s(tp) + s(nirradiance), data = .)     1339.047
gam(log(value) ~ s(tmax2m) + s(jd) + s(pbl00) + s(pbl12) + s(ptp) + s(tmin2m) + s(v10m) + s(tp) + s(nirradiance), data = .)  1307.800
gam(log(value) ~ s(rh) + s(jd) + s(pbl00) + s(pbl12) + s(ptp) + s(tmin2m) + s(v10m) + s(tp) + s(nirradiance), data = .)      1380.331
gam(log(value) ~ s(u10m) + s(jd) + s(pbl00) + s(pbl12) + s(ptp) + s(tmin2m) + s(v10m) + s(tp) + s(nirradiance), data = .)    1347.854
gam(log(value) ~ s(sp) + s(jd) + s(pbl00) + s(pbl12) + s(ptp) + s(tmin2m) + s(v10m) + s(tp) + s(nirradiance), data = .)      1380.163
gam(log(value) ~ s(pblmin) + s(jd) + s(pbl00) + s(pbl12) + s(ptp) + s(tmin2m) + s(v10m) + s(tp) + s(nirradiance), data = .)  1367.838
gam(log(value) ~ s(pblmax) + s(jd) + s(pbl00) + s(pbl12) + s(ptp) + s(tmin2m) + s(v10m) + s(tp) + s(nirradiance), data = .)  1384.644
gam(log(value) ~ s(wdir) + s(jd) + s(pbl00) + s(pbl12) + s(ptp) + s(tmin2m) + s(v10m) + s(tp) + s(nirradiance), data = .)    1363.769
gam(log(value) ~ s(wspeed) + s(jd) + s(pbl00) + s(pbl12) + s(ptp) + s(tmin2m) + s(v10m) + s(tp) + s(nirradiance), data = .)  1375.023
gam(log(value) ~ s(pwspeed) + s(jd) + s(pbl00) + s(pbl12) + s(ptp) + s(tmin2m) + s(v10m) + s(tp) + s(nirradiance), data = .) 1366.130

Modello migliore: tmax2m - jd - pbl00 - pbl12 - ptp - tmin2m - v10m - tp - nirradiance 

Variabile scelta tmax2m con AIC 1307.80004413183  

Modelli BACKWARD 

                                                                                                                         IT1183A
gam(log(value) ~ s(t2m) + s(jd) + s(pbl00) + s(pbl12) + s(ptp) + s(tmin2m) + s(v10m) + s(tp) + s(tmax2m), data = .)     1365.494
gam(log(value) ~ s(rh) + s(jd) + s(pbl00) + s(pbl12) + s(ptp) + s(tmin2m) + s(v10m) + s(tp) + s(tmax2m), data = .)      1353.137
gam(log(value) ~ s(u10m) + s(jd) + s(pbl00) + s(pbl12) + s(ptp) + s(tmin2m) + s(v10m) + s(tp) + s(tmax2m), data = .)    1349.341
gam(log(value) ~ s(sp) + s(jd) + s(pbl00) + s(pbl12) + s(ptp) + s(tmin2m) + s(v10m) + s(tp) + s(tmax2m), data = .)      1383.821
gam(log(value) ~ s(pblmin) + s(jd) + s(pbl00) + s(pbl12) + s(ptp) + s(tmin2m) + s(v10m) + s(tp) + s(tmax2m), data = .)  1375.878
gam(log(value) ~ s(pblmax) + s(jd) + s(pbl00) + s(pbl12) + s(ptp) + s(tmin2m) + s(v10m) + s(tp) + s(tmax2m), data = .)  1383.649
gam(log(value) ~ s(wdir) + s(jd) + s(pbl00) + s(pbl12) + s(ptp) + s(tmin2m) + s(v10m) + s(tp) + s(tmax2m), data = .)    1371.568
gam(log(value) ~ s(wspeed) + s(jd) + s(pbl00) + s(pbl12) + s(ptp) + s(tmin2m) + s(v10m) + s(tp) + s(tmax2m), data = .)  1361.826
gam(log(value) ~ s(pwspeed) + s(jd) + s(pbl00) + s(pbl12) + s(ptp) + s(tmin2m) + s(v10m) + s(tp) + s(tmax2m), data = .) 1365.549

Modello migliore: u10m - jd - pbl00 - pbl12 - ptp - tmin2m - v10m - tp - tmax2m 

Dati backward:  1349.3411887322::u10m::jd::pbl00::pbl12::ptp::tmin2m::v10m::tp::tmax2m 

Scelgo il modello N-1 

---------- START ---------- 

                                                                                                                              IT1183A
gam(log(value) ~ s(t2m) + s(jd) + s(pbl00) + s(pbl12) + s(ptp) + s(tmin2m) + s(v10m) + s(tp) + s(nirradiance), data = .)     1339.047
gam(log(value) ~ s(rh) + s(jd) + s(pbl00) + s(pbl12) + s(ptp) + s(tmin2m) + s(v10m) + s(tp) + s(nirradiance), data = .)      1380.331
gam(log(value) ~ s(u10m) + s(jd) + s(pbl00) + s(pbl12) + s(ptp) + s(tmin2m) + s(v10m) + s(tp) + s(nirradiance), data = .)    1347.854
gam(log(value) ~ s(sp) + s(jd) + s(pbl00) + s(pbl12) + s(ptp) + s(tmin2m) + s(v10m) + s(tp) + s(nirradiance), data = .)      1380.163
gam(log(value) ~ s(pblmin) + s(jd) + s(pbl00) + s(pbl12) + s(ptp) + s(tmin2m) + s(v10m) + s(tp) + s(nirradiance), data = .)  1367.838
gam(log(value) ~ s(pblmax) + s(jd) + s(pbl00) + s(pbl12) + s(ptp) + s(tmin2m) + s(v10m) + s(tp) + s(nirradiance), data = .)  1384.644
gam(log(value) ~ s(wdir) + s(jd) + s(pbl00) + s(pbl12) + s(ptp) + s(tmin2m) + s(v10m) + s(tp) + s(nirradiance), data = .)    1363.769
gam(log(value) ~ s(wspeed) + s(jd) + s(pbl00) + s(pbl12) + s(ptp) + s(tmin2m) + s(v10m) + s(tp) + s(nirradiance), data = .)  1375.023
gam(log(value) ~ s(pwspeed) + s(jd) + s(pbl00) + s(pbl12) + s(ptp) + s(tmin2m) + s(v10m) + s(tp) + s(nirradiance), data = .) 1366.130

Modello migliore: t2m - jd - pbl00 - pbl12 - ptp - tmin2m - v10m - tp - nirradiance 

Variabile scelta t2m con AIC 1339.04652638695  

Fine per scelta MODELLO 

jd + pbl00 + pbl12 + ptp + tmin2m + v10m + tp + nirradiance 

---------------------- 

NOTE: Log Print Time:  2021-05-11 12:00:20 
NOTE: Elapsed Time in seconds: 1.86538393497467 

Fine per scelta MODELLO 

jd + pbl00 + pbl12 + ptp + tmin2m + v10m + tp + nirradiance 

---------------------- 

NOTE: Log Print Time:  2021-05-11 12:00:20 
NOTE: Elapsed Time in seconds: 0.00112032890319824 

Fine per scelta MODELLO 

jd + pbl00 + pbl12 + ptp + tmin2m + v10m + tp + nirradiance 

---------------------- 

NOTE: Log Print Time:  2021-05-11 12:00:20 
NOTE: Elapsed Time in seconds: 0.00100064277648926 

Fine per scelta MODELLO 

jd + pbl00 + pbl12 + ptp + tmin2m + v10m + tp + nirradiance 

---------------------- 

NOTE: Log Print Time:  2021-05-11 12:00:20 
NOTE: Elapsed Time in seconds: 0.000993728637695312 

Fine per scelta MODELLO 

jd + pbl00 + pbl12 + ptp + tmin2m + v10m + tp + nirradiance 

---------------------- 

NOTE: Log Print Time:  2021-05-11 12:00:20 
NOTE: Elapsed Time in seconds: 0.000985383987426758 

Fine per scelta MODELLO 

jd + pbl00 + pbl12 + ptp + tmin2m + v10m + tp + nirradiance 

---------------------- 

NOTE: Log Print Time:  2021-05-11 12:00:20 
NOTE: Elapsed Time in seconds: 0.00100827217102051 

Fine per scelta MODELLO 

jd + pbl00 + pbl12 + ptp + tmin2m + v10m + tp + nirradiance 

---------------------- 

NOTE: Log Print Time:  2021-05-11 12:00:20 
NOTE: Elapsed Time in seconds: 0.000991106033325195 

Fine per scelta MODELLO 

jd + pbl00 + pbl12 + ptp + tmin2m + v10m + tp + nirradiance 

---------------------- 

NOTE: Log Print Time:  2021-05-11 12:00:20 
NOTE: Elapsed Time in seconds: 0.000985145568847656 

Fine per scelta MODELLO 

jd + pbl00 + pbl12 + ptp + tmin2m + v10m + tp + nirradiance 

---------------------- 

NOTE: Log Print Time:  2021-05-11 12:00:20 
NOTE: Elapsed Time in seconds: 0.000995635986328125 

========================================================================= 
Log End Time: 2021-05-11 12:00:20 
Log Elapsed Time: 0 00:00:01 
========================================================================= 
