========================================================================= 
Log Path: output/12/pm10/log/pulvirus_pm10_12_IT0863A.log 
Working Directory: /home/rmorelli/R/pulvirus/analisi/GAM/scelta 
User Name: rmorelli 
R Version: 4.0.5 (2021-03-31) 
Machine: pasqualino x86_64 
Operating System: Linux 4.19.0-13-amd64 #1 SMP Debian 4.19.160-2 (2020-11-28) 
Log Start Time: 2021-05-11 12:11:19 
========================================================================= 

Stazione: IT0863A 

---------- START ---------- 

                                            IT0863A
gam(log(value) ~ s(t2m), data = .)         1643.735
gam(log(value) ~ s(tmin2m), data = .)      1625.468
gam(log(value) ~ s(tmax2m), data = .)      1617.615
gam(log(value) ~ s(tp), data = .)          1654.762
gam(log(value) ~ s(ptp), data = .)         1569.813
gam(log(value) ~ s(rh), data = .)          1639.954
gam(log(value) ~ s(u10m), data = .)        1569.609
gam(log(value) ~ s(v10m), data = .)        1384.491
gam(log(value) ~ s(sp), data = .)          1637.699
gam(log(value) ~ s(nirradiance), data = .) 1667.713
gam(log(value) ~ s(pbl00), data = .)       1595.319
gam(log(value) ~ s(pbl12), data = .)       1570.815
gam(log(value) ~ s(pblmin), data = .)      1549.742
gam(log(value) ~ s(pblmax), data = .)      1592.292
gam(log(value) ~ s(wdir), data = .)        1557.273
gam(log(value) ~ s(wspeed), data = .)      1530.353
gam(log(value) ~ s(pwspeed), data = .)     1664.225
gam(log(value) ~ s(jd), data = .)          1603.109

Modello migliore: v10m 

Variabile scelta v10m con AIC 1384.49149174068  

---------- START ---------- 

                                                      IT0863A
gam(log(value) ~ s(t2m) + s(v10m), data = .)         1230.714
gam(log(value) ~ s(tmin2m) + s(v10m), data = .)      1196.988
gam(log(value) ~ s(tmax2m) + s(v10m), data = .)      1279.533
gam(log(value) ~ s(tp) + s(v10m), data = .)          1247.180
gam(log(value) ~ s(ptp) + s(v10m), data = .)         1246.980
gam(log(value) ~ s(rh) + s(v10m), data = .)          1368.281
gam(log(value) ~ s(u10m) + s(v10m), data = .)        1353.673
gam(log(value) ~ s(v10m) + s(v10m), data = .)        1384.491
gam(log(value) ~ s(sp) + s(v10m), data = .)          1257.761
gam(log(value) ~ s(nirradiance) + s(v10m), data = .) 1317.445
gam(log(value) ~ s(pbl00) + s(v10m), data = .)       1367.447
gam(log(value) ~ s(pbl12) + s(v10m), data = .)       1253.734
gam(log(value) ~ s(pblmin) + s(v10m), data = .)      1354.780
gam(log(value) ~ s(pblmax) + s(v10m), data = .)      1281.695
gam(log(value) ~ s(wdir) + s(v10m), data = .)        1375.098
gam(log(value) ~ s(wspeed) + s(v10m), data = .)      1383.857
gam(log(value) ~ s(pwspeed) + s(v10m), data = .)     1383.654
gam(log(value) ~ s(jd) + s(v10m), data = .)          1189.979

Modello migliore: jd - v10m 

Variabile scelta jd con AIC 1189.97864331204  

Modelli BACKWARD 

                                                    IT0863A
gam(log(value) ~ s(t2m) + s(jd), data = .)         1479.807
gam(log(value) ~ s(tmin2m) + s(jd), data = .)      1504.122
gam(log(value) ~ s(tmax2m) + s(jd), data = .)      1412.734
gam(log(value) ~ s(tp) + s(jd), data = .)          1537.921
gam(log(value) ~ s(ptp) + s(jd), data = .)         1430.543
gam(log(value) ~ s(rh) + s(jd), data = .)          1577.009
gam(log(value) ~ s(u10m) + s(jd), data = .)        1412.393
gam(log(value) ~ s(sp) + s(jd), data = .)          1522.152
gam(log(value) ~ s(nirradiance) + s(jd), data = .) 1590.878
gam(log(value) ~ s(pbl00) + s(jd), data = .)       1437.779
gam(log(value) ~ s(pbl12) + s(jd), data = .)       1532.903
gam(log(value) ~ s(pblmin) + s(jd), data = .)      1389.722
gam(log(value) ~ s(pblmax) + s(jd), data = .)      1550.907
gam(log(value) ~ s(wdir) + s(jd), data = .)        1397.892
gam(log(value) ~ s(wspeed) + s(jd), data = .)      1362.100
gam(log(value) ~ s(pwspeed) + s(jd), data = .)     1540.497

Modello migliore: wspeed - jd 

Dati backward:  1362.09972407524::wspeed::jd 

Scelgo il modello N 

---------- START ---------- 

                                                               IT0863A
gam(log(value) ~ s(t2m) + s(v10m) + s(jd), data = .)         1077.6552
gam(log(value) ~ s(tmin2m) + s(v10m) + s(jd), data = .)      1064.5003
gam(log(value) ~ s(tmax2m) + s(v10m) + s(jd), data = .)      1066.3502
gam(log(value) ~ s(tp) + s(v10m) + s(jd), data = .)           988.2234
gam(log(value) ~ s(ptp) + s(v10m) + s(jd), data = .)         1000.2438
gam(log(value) ~ s(rh) + s(v10m) + s(jd), data = .)          1093.6538
gam(log(value) ~ s(u10m) + s(v10m) + s(jd), data = .)        1175.6032
gam(log(value) ~ s(sp) + s(v10m) + s(jd), data = .)          1058.9113
gam(log(value) ~ s(nirradiance) + s(v10m) + s(jd), data = .) 1117.3937
gam(log(value) ~ s(pbl00) + s(v10m) + s(jd), data = .)       1152.0846
gam(log(value) ~ s(pbl12) + s(v10m) + s(jd), data = .)       1205.7694
gam(log(value) ~ s(pblmin) + s(v10m) + s(jd), data = .)      1142.8607
gam(log(value) ~ s(pblmax) + s(v10m) + s(jd), data = .)      1175.6630
gam(log(value) ~ s(wdir) + s(v10m) + s(jd), data = .)        1182.5533
gam(log(value) ~ s(wspeed) + s(v10m) + s(jd), data = .)      1176.1009
gam(log(value) ~ s(pwspeed) + s(v10m) + s(jd), data = .)     1186.1389

Modello migliore: tp - v10m - jd 

Variabile scelta tp con AIC 988.223430590006  

Modelli BACKWARD 

                                                              IT0863A
gam(log(value) ~ s(t2m) + s(v10m) + s(tp), data = .)         1078.266
gam(log(value) ~ s(tmin2m) + s(v10m) + s(tp), data = .)      1063.910
gam(log(value) ~ s(tmax2m) + s(v10m) + s(tp), data = .)      1103.986
gam(log(value) ~ s(ptp) + s(v10m) + s(tp), data = .)         1192.030
gam(log(value) ~ s(rh) + s(v10m) + s(tp), data = .)          1161.944
gam(log(value) ~ s(u10m) + s(v10m) + s(tp), data = .)        1199.087
gam(log(value) ~ s(sp) + s(v10m) + s(tp), data = .)          1173.702
gam(log(value) ~ s(nirradiance) + s(v10m) + s(tp), data = .) 1088.540
gam(log(value) ~ s(pbl00) + s(v10m) + s(tp), data = .)       1243.381
gam(log(value) ~ s(pbl12) + s(v10m) + s(tp), data = .)       1030.046
gam(log(value) ~ s(pblmin) + s(v10m) + s(tp), data = .)      1243.594
gam(log(value) ~ s(pblmax) + s(v10m) + s(tp), data = .)      1084.883
gam(log(value) ~ s(wdir) + s(v10m) + s(tp), data = .)        1222.255
gam(log(value) ~ s(wspeed) + s(v10m) + s(tp), data = .)      1248.865
gam(log(value) ~ s(pwspeed) + s(v10m) + s(tp), data = .)     1245.499

Modello migliore: pbl12 - v10m - tp 

Dati backward:  1030.0458429353::pbl12::v10m::tp 

Scelgo il modello N 

---------- START ---------- 

                                                                      IT0863A
gam(log(value) ~ s(t2m) + s(v10m) + s(jd) + s(tp), data = .)         915.0058
gam(log(value) ~ s(tmin2m) + s(v10m) + s(jd) + s(tp), data = .)      887.9822
gam(log(value) ~ s(tmax2m) + s(v10m) + s(jd) + s(tp), data = .)      920.8128
gam(log(value) ~ s(ptp) + s(v10m) + s(jd) + s(tp), data = .)         910.9547
gam(log(value) ~ s(rh) + s(v10m) + s(jd) + s(tp), data = .)          988.2417
gam(log(value) ~ s(u10m) + s(v10m) + s(jd) + s(tp), data = .)        981.4298
gam(log(value) ~ s(sp) + s(v10m) + s(jd) + s(tp), data = .)          954.3525
gam(log(value) ~ s(nirradiance) + s(v10m) + s(jd) + s(tp), data = .) 989.5395
gam(log(value) ~ s(pbl00) + s(v10m) + s(jd) + s(tp), data = .)       978.2671
gam(log(value) ~ s(pbl12) + s(v10m) + s(jd) + s(tp), data = .)       930.3853
gam(log(value) ~ s(pblmin) + s(v10m) + s(jd) + s(tp), data = .)      978.2752
gam(log(value) ~ s(pblmax) + s(v10m) + s(jd) + s(tp), data = .)      958.1039
gam(log(value) ~ s(wdir) + s(v10m) + s(jd) + s(tp), data = .)        987.0845
gam(log(value) ~ s(wspeed) + s(v10m) + s(jd) + s(tp), data = .)      986.7361
gam(log(value) ~ s(pwspeed) + s(v10m) + s(jd) + s(tp), data = .)     987.1131

Modello migliore: tmin2m - v10m - jd - tp 

Variabile scelta tmin2m con AIC 887.982155221493  

Modelli BACKWARD 

                                                                           IT0863A
gam(log(value) ~ s(t2m) + s(v10m) + s(jd) + s(tmin2m), data = .)          992.7669
gam(log(value) ~ s(tmax2m) + s(v10m) + s(jd) + s(tmin2m), data = .)       920.3578
gam(log(value) ~ s(ptp) + s(v10m) + s(jd) + s(tmin2m), data = .)          916.2247
gam(log(value) ~ s(rh) + s(v10m) + s(jd) + s(tmin2m), data = .)          1007.6531
gam(log(value) ~ s(u10m) + s(v10m) + s(jd) + s(tmin2m), data = .)        1133.3420
gam(log(value) ~ s(sp) + s(v10m) + s(jd) + s(tmin2m), data = .)           938.8465
gam(log(value) ~ s(nirradiance) + s(v10m) + s(jd) + s(tmin2m), data = .) 1135.0174
gam(log(value) ~ s(pbl00) + s(v10m) + s(jd) + s(tmin2m), data = .)       1035.8201
gam(log(value) ~ s(pbl12) + s(v10m) + s(jd) + s(tmin2m), data = .)       1082.7164
gam(log(value) ~ s(pblmin) + s(v10m) + s(jd) + s(tmin2m), data = .)      1016.1898
gam(log(value) ~ s(pblmax) + s(v10m) + s(jd) + s(tmin2m), data = .)      1098.0812
gam(log(value) ~ s(wdir) + s(v10m) + s(jd) + s(tmin2m), data = .)        1151.3402
gam(log(value) ~ s(wspeed) + s(v10m) + s(jd) + s(tmin2m), data = .)      1050.2438
gam(log(value) ~ s(pwspeed) + s(v10m) + s(jd) + s(tmin2m), data = .)     1062.5361

Modello migliore: ptp - v10m - jd - tmin2m 

Dati backward:  916.224749852221::ptp::v10m::jd::tmin2m 

Scelgo il modello N 

---------- START ---------- 

                                                                                  IT0863A
gam(log(value) ~ s(t2m) + s(v10m) + s(jd) + s(tp) + s(tmin2m), data = .)         878.3111
gam(log(value) ~ s(tmax2m) + s(v10m) + s(jd) + s(tp) + s(tmin2m), data = .)      846.4517
gam(log(value) ~ s(ptp) + s(v10m) + s(jd) + s(tp) + s(tmin2m), data = .)         830.7175
gam(log(value) ~ s(rh) + s(v10m) + s(jd) + s(tp) + s(tmin2m), data = .)          883.5481
gam(log(value) ~ s(u10m) + s(v10m) + s(jd) + s(tp) + s(tmin2m), data = .)        875.0269
gam(log(value) ~ s(sp) + s(v10m) + s(jd) + s(tp) + s(tmin2m), data = .)          852.5326
gam(log(value) ~ s(nirradiance) + s(v10m) + s(jd) + s(tp) + s(tmin2m), data = .) 885.9187
gam(log(value) ~ s(pbl00) + s(v10m) + s(jd) + s(tp) + s(tmin2m), data = .)       880.2869
gam(log(value) ~ s(pbl12) + s(v10m) + s(jd) + s(tp) + s(tmin2m), data = .)       825.6556
gam(log(value) ~ s(pblmin) + s(v10m) + s(jd) + s(tp) + s(tmin2m), data = .)      875.0028
gam(log(value) ~ s(pblmax) + s(v10m) + s(jd) + s(tp) + s(tmin2m), data = .)      851.9427
gam(log(value) ~ s(wdir) + s(v10m) + s(jd) + s(tp) + s(tmin2m), data = .)        884.3526
gam(log(value) ~ s(wspeed) + s(v10m) + s(jd) + s(tp) + s(tmin2m), data = .)      885.0724
gam(log(value) ~ s(pwspeed) + s(v10m) + s(jd) + s(tp) + s(tmin2m), data = .)     888.0732

Modello migliore: pbl12 - v10m - jd - tp - tmin2m 

Variabile scelta pbl12 con AIC 825.655580373164  

Modelli BACKWARD 

                                                                                 IT0863A
gam(log(value) ~ s(t2m) + s(v10m) + s(jd) + s(tp) + s(pbl12), data = .)         844.3067
gam(log(value) ~ s(tmax2m) + s(v10m) + s(jd) + s(tp) + s(pbl12), data = .)      837.4045
gam(log(value) ~ s(ptp) + s(v10m) + s(jd) + s(tp) + s(pbl12), data = .)         866.1375
gam(log(value) ~ s(rh) + s(v10m) + s(jd) + s(tp) + s(pbl12), data = .)          908.9645
gam(log(value) ~ s(u10m) + s(v10m) + s(jd) + s(tp) + s(pbl12), data = .)        921.7603
gam(log(value) ~ s(sp) + s(v10m) + s(jd) + s(tp) + s(pbl12), data = .)          910.7200
gam(log(value) ~ s(nirradiance) + s(v10m) + s(jd) + s(tp) + s(pbl12), data = .) 917.8533
gam(log(value) ~ s(pbl00) + s(v10m) + s(jd) + s(tp) + s(pbl12), data = .)       917.9504
gam(log(value) ~ s(pblmin) + s(v10m) + s(jd) + s(tp) + s(pbl12), data = .)      921.7408
gam(log(value) ~ s(pblmax) + s(v10m) + s(jd) + s(tp) + s(pbl12), data = .)      918.7337
gam(log(value) ~ s(wdir) + s(v10m) + s(jd) + s(tp) + s(pbl12), data = .)        932.3604
gam(log(value) ~ s(wspeed) + s(v10m) + s(jd) + s(tp) + s(pbl12), data = .)      930.6862
gam(log(value) ~ s(pwspeed) + s(v10m) + s(jd) + s(tp) + s(pbl12), data = .)     927.5243

Modello migliore: tmax2m - v10m - jd - tp - pbl12 

Dati backward:  837.404531867117::tmax2m::v10m::jd::tp::pbl12 

Scelgo il modello N 

---------- START ---------- 

                                                                                             IT0863A
gam(log(value) ~ s(t2m) + s(v10m) + s(jd) + s(tp) + s(tmin2m) + s(pbl12), data = .)         798.9331
gam(log(value) ~ s(tmax2m) + s(v10m) + s(jd) + s(tp) + s(tmin2m) + s(pbl12), data = .)      768.9288
gam(log(value) ~ s(ptp) + s(v10m) + s(jd) + s(tp) + s(tmin2m) + s(pbl12), data = .)         778.1249
gam(log(value) ~ s(rh) + s(v10m) + s(jd) + s(tp) + s(tmin2m) + s(pbl12), data = .)          823.8480
gam(log(value) ~ s(u10m) + s(v10m) + s(jd) + s(tp) + s(tmin2m) + s(pbl12), data = .)        812.7844
gam(log(value) ~ s(sp) + s(v10m) + s(jd) + s(tp) + s(tmin2m) + s(pbl12), data = .)          803.3152
gam(log(value) ~ s(nirradiance) + s(v10m) + s(jd) + s(tp) + s(tmin2m) + s(pbl12), data = .) 814.0674
gam(log(value) ~ s(pbl00) + s(v10m) + s(jd) + s(tp) + s(tmin2m) + s(pbl12), data = .)       814.9958
gam(log(value) ~ s(pblmin) + s(v10m) + s(jd) + s(tp) + s(tmin2m) + s(pbl12), data = .)      813.6902
gam(log(value) ~ s(pblmax) + s(v10m) + s(jd) + s(tp) + s(tmin2m) + s(pbl12), data = .)      822.7311
gam(log(value) ~ s(wdir) + s(v10m) + s(jd) + s(tp) + s(tmin2m) + s(pbl12), data = .)        827.5686
gam(log(value) ~ s(wspeed) + s(v10m) + s(jd) + s(tp) + s(tmin2m) + s(pbl12), data = .)      825.0353
gam(log(value) ~ s(pwspeed) + s(v10m) + s(jd) + s(tp) + s(tmin2m) + s(pbl12), data = .)     823.8987

Modello migliore: tmax2m - v10m - jd - tp - tmin2m - pbl12 

Variabile scelta tmax2m con AIC 768.928765738256  

Modelli BACKWARD 

                                                                                              IT0863A
gam(log(value) ~ s(t2m) + s(v10m) + s(jd) + s(tp) + s(tmin2m) + s(tmax2m), data = .)         822.7048
gam(log(value) ~ s(ptp) + s(v10m) + s(jd) + s(tp) + s(tmin2m) + s(tmax2m), data = .)         799.3731
gam(log(value) ~ s(rh) + s(v10m) + s(jd) + s(tp) + s(tmin2m) + s(tmax2m), data = .)          824.8515
gam(log(value) ~ s(u10m) + s(v10m) + s(jd) + s(tp) + s(tmin2m) + s(tmax2m), data = .)        833.1249
gam(log(value) ~ s(sp) + s(v10m) + s(jd) + s(tp) + s(tmin2m) + s(tmax2m), data = .)          828.9072
gam(log(value) ~ s(nirradiance) + s(v10m) + s(jd) + s(tp) + s(tmin2m) + s(tmax2m), data = .) 822.5264
gam(log(value) ~ s(pbl00) + s(v10m) + s(jd) + s(tp) + s(tmin2m) + s(tmax2m), data = .)       843.9751
gam(log(value) ~ s(pblmin) + s(v10m) + s(jd) + s(tp) + s(tmin2m) + s(tmax2m), data = .)      840.3590
gam(log(value) ~ s(pblmax) + s(v10m) + s(jd) + s(tp) + s(tmin2m) + s(tmax2m), data = .)      792.4923
gam(log(value) ~ s(wdir) + s(v10m) + s(jd) + s(tp) + s(tmin2m) + s(tmax2m), data = .)        842.0283
gam(log(value) ~ s(wspeed) + s(v10m) + s(jd) + s(tp) + s(tmin2m) + s(tmax2m), data = .)      846.4352
gam(log(value) ~ s(pwspeed) + s(v10m) + s(jd) + s(tp) + s(tmin2m) + s(tmax2m), data = .)     846.9880

Modello migliore: pblmax - v10m - jd - tp - tmin2m - tmax2m 

Dati backward:  792.492311825049::pblmax::v10m::jd::tp::tmin2m::tmax2m 

Scelgo il modello N-1 

---------- START ---------- 

                                                                                             IT0863A
gam(log(value) ~ s(t2m) + s(v10m) + s(jd) + s(tp) + s(tmin2m) + s(pbl12), data = .)         798.9331
gam(log(value) ~ s(ptp) + s(v10m) + s(jd) + s(tp) + s(tmin2m) + s(pbl12), data = .)         778.1249
gam(log(value) ~ s(rh) + s(v10m) + s(jd) + s(tp) + s(tmin2m) + s(pbl12), data = .)          823.8480
gam(log(value) ~ s(u10m) + s(v10m) + s(jd) + s(tp) + s(tmin2m) + s(pbl12), data = .)        812.7844
gam(log(value) ~ s(sp) + s(v10m) + s(jd) + s(tp) + s(tmin2m) + s(pbl12), data = .)          803.3152
gam(log(value) ~ s(nirradiance) + s(v10m) + s(jd) + s(tp) + s(tmin2m) + s(pbl12), data = .) 814.0674
gam(log(value) ~ s(pbl00) + s(v10m) + s(jd) + s(tp) + s(tmin2m) + s(pbl12), data = .)       814.9958
gam(log(value) ~ s(pblmin) + s(v10m) + s(jd) + s(tp) + s(tmin2m) + s(pbl12), data = .)      813.6902
gam(log(value) ~ s(pblmax) + s(v10m) + s(jd) + s(tp) + s(tmin2m) + s(pbl12), data = .)      822.7311
gam(log(value) ~ s(wdir) + s(v10m) + s(jd) + s(tp) + s(tmin2m) + s(pbl12), data = .)        827.5686
gam(log(value) ~ s(wspeed) + s(v10m) + s(jd) + s(tp) + s(tmin2m) + s(pbl12), data = .)      825.0353
gam(log(value) ~ s(pwspeed) + s(v10m) + s(jd) + s(tp) + s(tmin2m) + s(pbl12), data = .)     823.8987

Modello migliore: ptp - v10m - jd - tp - tmin2m - pbl12 

Variabile scelta ptp con AIC 778.12487667919  

Fine per scelta MODELLO 

v10m + jd + tp + tmin2m + pbl12 

---------------------- 

NOTE: Log Print Time:  2021-05-11 12:12:21 
NOTE: Elapsed Time in seconds: 1.03065942128499 

Fine per scelta MODELLO 

v10m + jd + tp + tmin2m + pbl12 

---------------------- 

NOTE: Log Print Time:  2021-05-11 12:12:21 
NOTE: Elapsed Time in seconds: 0.00105929374694824 

Fine per scelta MODELLO 

v10m + jd + tp + tmin2m + pbl12 

---------------------- 

NOTE: Log Print Time:  2021-05-11 12:12:21 
NOTE: Elapsed Time in seconds: 0.000965595245361328 

Fine per scelta MODELLO 

v10m + jd + tp + tmin2m + pbl12 

---------------------- 

NOTE: Log Print Time:  2021-05-11 12:12:21 
NOTE: Elapsed Time in seconds: 0.00096583366394043 

Fine per scelta MODELLO 

v10m + jd + tp + tmin2m + pbl12 

---------------------- 

NOTE: Log Print Time:  2021-05-11 12:12:21 
NOTE: Elapsed Time in seconds: 0.000974178314208984 

Fine per scelta MODELLO 

v10m + jd + tp + tmin2m + pbl12 

---------------------- 

NOTE: Log Print Time:  2021-05-11 12:12:21 
NOTE: Elapsed Time in seconds: 0.0009613037109375 

========================================================================= 
Log End Time: 2021-05-11 12:12:21 
Log Elapsed Time: 0 00:00:01 
========================================================================= 
