========================================================================= 
Log Path: output/12/pm10/log/pulvirus_pm10_12_IT1837A.log 
Working Directory: /home/rmorelli/R/pulvirus/analisi/GAM/scelta 
User Name: rmorelli 
R Version: 4.0.5 (2021-03-31) 
Machine: pasqualino x86_64 
Operating System: Linux 4.19.0-13-amd64 #1 SMP Debian 4.19.160-2 (2020-11-28) 
Log Start Time: 2021-05-11 12:26:11 
========================================================================= 

Stazione: IT1837A 

---------- START ---------- 

                                            IT1837A
gam(log(value) ~ s(t2m), data = .)         1729.713
gam(log(value) ~ s(tmin2m), data = .)      1726.397
gam(log(value) ~ s(tmax2m), data = .)      1692.654
gam(log(value) ~ s(tp), data = .)          1778.053
gam(log(value) ~ s(ptp), data = .)         1755.152
gam(log(value) ~ s(rh), data = .)          1670.535
gam(log(value) ~ s(u10m), data = .)        1725.905
gam(log(value) ~ s(v10m), data = .)        1612.470
gam(log(value) ~ s(sp), data = .)          1654.325
gam(log(value) ~ s(nirradiance), data = .) 1670.290
gam(log(value) ~ s(pbl00), data = .)       1735.907
gam(log(value) ~ s(pbl12), data = .)       1586.078
gam(log(value) ~ s(pblmin), data = .)      1693.369
gam(log(value) ~ s(pblmax), data = .)      1609.369
gam(log(value) ~ s(wdir), data = .)        1625.954
gam(log(value) ~ s(wspeed), data = .)      1782.769
gam(log(value) ~ s(pwspeed), data = .)     1812.875
gam(log(value) ~ s(jd), data = .)          1589.247

Modello migliore: pbl12 

Variabile scelta pbl12 con AIC 1586.07786059031  

---------- START ---------- 

                                                       IT1837A
gam(log(value) ~ s(t2m) + s(pbl12), data = .)         1543.108
gam(log(value) ~ s(tmin2m) + s(pbl12), data = .)      1555.241
gam(log(value) ~ s(tmax2m) + s(pbl12), data = .)      1494.314
gam(log(value) ~ s(tp) + s(pbl12), data = .)          1546.379
gam(log(value) ~ s(ptp) + s(pbl12), data = .)         1548.910
gam(log(value) ~ s(rh) + s(pbl12), data = .)          1518.830
gam(log(value) ~ s(u10m) + s(pbl12), data = .)        1526.434
gam(log(value) ~ s(v10m) + s(pbl12), data = .)        1368.266
gam(log(value) ~ s(sp) + s(pbl12), data = .)          1509.407
gam(log(value) ~ s(nirradiance) + s(pbl12), data = .) 1509.525
gam(log(value) ~ s(pbl00) + s(pbl12), data = .)       1549.712
gam(log(value) ~ s(pbl12) + s(pbl12), data = .)       1586.078
gam(log(value) ~ s(pblmin) + s(pbl12), data = .)      1514.334
gam(log(value) ~ s(pblmax) + s(pbl12), data = .)      1575.266
gam(log(value) ~ s(wdir) + s(pbl12), data = .)        1431.453
gam(log(value) ~ s(wspeed) + s(pbl12), data = .)      1586.310
gam(log(value) ~ s(pwspeed) + s(pbl12), data = .)     1584.458
gam(log(value) ~ s(jd) + s(pbl12), data = .)          1428.539

Modello migliore: v10m - pbl12 

Variabile scelta v10m con AIC 1368.26565111421  

Modelli BACKWARD 

                                                      IT1837A
gam(log(value) ~ s(t2m) + s(v10m), data = .)         1387.691
gam(log(value) ~ s(tmin2m) + s(v10m), data = .)      1359.419
gam(log(value) ~ s(tmax2m) + s(v10m), data = .)      1442.201
gam(log(value) ~ s(tp) + s(v10m), data = .)          1506.797
gam(log(value) ~ s(ptp) + s(v10m), data = .)         1564.967
gam(log(value) ~ s(rh) + s(v10m), data = .)          1540.969
gam(log(value) ~ s(u10m) + s(v10m), data = .)        1493.784
gam(log(value) ~ s(sp) + s(v10m), data = .)          1355.725
gam(log(value) ~ s(nirradiance) + s(v10m), data = .) 1381.252
gam(log(value) ~ s(pbl00) + s(v10m), data = .)       1555.238
gam(log(value) ~ s(pblmin) + s(v10m), data = .)      1521.330
gam(log(value) ~ s(pblmax) + s(v10m), data = .)      1447.800
gam(log(value) ~ s(wdir) + s(v10m), data = .)        1483.321
gam(log(value) ~ s(wspeed) + s(v10m), data = .)      1613.524
gam(log(value) ~ s(pwspeed) + s(v10m), data = .)     1614.309
gam(log(value) ~ s(jd) + s(v10m), data = .)          1261.370

Modello migliore: jd - v10m 

Dati backward:  1261.37006454088::jd::v10m 

Scelgo il modello N 

---------- START ---------- 

                                                                 IT1837A
gam(log(value) ~ s(t2m) + s(pbl12) + s(v10m), data = .)         1268.531
gam(log(value) ~ s(tmin2m) + s(pbl12) + s(v10m), data = .)      1241.570
gam(log(value) ~ s(tmax2m) + s(pbl12) + s(v10m), data = .)      1290.272
gam(log(value) ~ s(tp) + s(pbl12) + s(v10m), data = .)          1215.577
gam(log(value) ~ s(ptp) + s(pbl12) + s(v10m), data = .)         1336.676
gam(log(value) ~ s(rh) + s(pbl12) + s(v10m), data = .)          1334.477
gam(log(value) ~ s(u10m) + s(pbl12) + s(v10m), data = .)        1324.504
gam(log(value) ~ s(sp) + s(pbl12) + s(v10m), data = .)          1221.580
gam(log(value) ~ s(nirradiance) + s(pbl12) + s(v10m), data = .) 1241.680
gam(log(value) ~ s(pbl00) + s(pbl12) + s(v10m), data = .)       1334.543
gam(log(value) ~ s(pblmin) + s(pbl12) + s(v10m), data = .)      1312.734
gam(log(value) ~ s(pblmax) + s(pbl12) + s(v10m), data = .)      1367.779
gam(log(value) ~ s(wdir) + s(pbl12) + s(v10m), data = .)        1306.297
gam(log(value) ~ s(wspeed) + s(pbl12) + s(v10m), data = .)      1368.022
gam(log(value) ~ s(pwspeed) + s(pbl12) + s(v10m), data = .)     1368.992
gam(log(value) ~ s(jd) + s(pbl12) + s(v10m), data = .)          1141.126

Modello migliore: jd - pbl12 - v10m 

Variabile scelta jd con AIC 1141.12585196849  

Modelli BACKWARD 

                                                               IT1837A
gam(log(value) ~ s(t2m) + s(pbl12) + s(jd), data = .)         1401.943
gam(log(value) ~ s(tmin2m) + s(pbl12) + s(jd), data = .)      1425.655
gam(log(value) ~ s(tmax2m) + s(pbl12) + s(jd), data = .)      1330.220
gam(log(value) ~ s(tp) + s(pbl12) + s(jd), data = .)          1362.851
gam(log(value) ~ s(ptp) + s(pbl12) + s(jd), data = .)         1351.287
gam(log(value) ~ s(rh) + s(pbl12) + s(jd), data = .)          1391.497
gam(log(value) ~ s(u10m) + s(pbl12) + s(jd), data = .)        1410.725
gam(log(value) ~ s(sp) + s(pbl12) + s(jd), data = .)          1372.033
gam(log(value) ~ s(nirradiance) + s(pbl12) + s(jd), data = .) 1403.511
gam(log(value) ~ s(pbl00) + s(pbl12) + s(jd), data = .)       1356.177
gam(log(value) ~ s(pblmin) + s(pbl12) + s(jd), data = .)      1321.825
gam(log(value) ~ s(pblmax) + s(pbl12) + s(jd), data = .)      1383.376
gam(log(value) ~ s(wdir) + s(pbl12) + s(jd), data = .)        1277.738
gam(log(value) ~ s(wspeed) + s(pbl12) + s(jd), data = .)      1411.343
gam(log(value) ~ s(pwspeed) + s(pbl12) + s(jd), data = .)     1421.645

Modello migliore: wdir - pbl12 - jd 

Dati backward:  1277.73775893762::wdir::pbl12::jd 

Scelgo il modello N 

---------- START ---------- 

                                                                          IT1837A
gam(log(value) ~ s(t2m) + s(pbl12) + s(v10m) + s(jd), data = .)         1125.0091
gam(log(value) ~ s(tmin2m) + s(pbl12) + s(v10m) + s(jd), data = .)      1100.7193
gam(log(value) ~ s(tmax2m) + s(pbl12) + s(v10m) + s(jd), data = .)      1105.1737
gam(log(value) ~ s(tp) + s(pbl12) + s(v10m) + s(jd), data = .)           895.9119
gam(log(value) ~ s(ptp) + s(pbl12) + s(v10m) + s(jd), data = .)         1064.5817
gam(log(value) ~ s(rh) + s(pbl12) + s(v10m) + s(jd), data = .)          1068.9519
gam(log(value) ~ s(u10m) + s(pbl12) + s(v10m) + s(jd), data = .)        1134.2740
gam(log(value) ~ s(sp) + s(pbl12) + s(v10m) + s(jd), data = .)          1033.5543
gam(log(value) ~ s(nirradiance) + s(pbl12) + s(v10m) + s(jd), data = .) 1044.3698
gam(log(value) ~ s(pbl00) + s(pbl12) + s(v10m) + s(jd), data = .)       1057.7743
gam(log(value) ~ s(pblmin) + s(pbl12) + s(v10m) + s(jd), data = .)      1030.0086
gam(log(value) ~ s(pblmax) + s(pbl12) + s(v10m) + s(jd), data = .)      1122.4167
gam(log(value) ~ s(wdir) + s(pbl12) + s(v10m) + s(jd), data = .)        1130.2835
gam(log(value) ~ s(wspeed) + s(pbl12) + s(v10m) + s(jd), data = .)      1138.5534
gam(log(value) ~ s(pwspeed) + s(pbl12) + s(v10m) + s(jd), data = .)     1138.8447

Modello migliore: tp - pbl12 - v10m - jd 

Variabile scelta tp con AIC 895.911927813966  

Modelli BACKWARD 

                                                                          IT1837A
gam(log(value) ~ s(t2m) + s(pbl12) + s(v10m) + s(tp), data = .)         1091.3156
gam(log(value) ~ s(tmin2m) + s(pbl12) + s(v10m) + s(tp), data = .)      1092.0961
gam(log(value) ~ s(tmax2m) + s(pbl12) + s(v10m) + s(tp), data = .)      1096.1799
gam(log(value) ~ s(ptp) + s(pbl12) + s(v10m) + s(tp), data = .)         1216.9777
gam(log(value) ~ s(rh) + s(pbl12) + s(v10m) + s(tp), data = .)          1142.7229
gam(log(value) ~ s(u10m) + s(pbl12) + s(v10m) + s(tp), data = .)        1150.1805
gam(log(value) ~ s(sp) + s(pbl12) + s(v10m) + s(tp), data = .)          1105.4619
gam(log(value) ~ s(nirradiance) + s(pbl12) + s(v10m) + s(tp), data = .)  989.2992
gam(log(value) ~ s(pbl00) + s(pbl12) + s(v10m) + s(tp), data = .)       1186.0467
gam(log(value) ~ s(pblmin) + s(pbl12) + s(v10m) + s(tp), data = .)      1181.5218
gam(log(value) ~ s(pblmax) + s(pbl12) + s(v10m) + s(tp), data = .)      1206.0622
gam(log(value) ~ s(wdir) + s(pbl12) + s(v10m) + s(tp), data = .)        1128.9574
gam(log(value) ~ s(wspeed) + s(pbl12) + s(v10m) + s(tp), data = .)      1200.2829
gam(log(value) ~ s(pwspeed) + s(pbl12) + s(v10m) + s(tp), data = .)     1207.8239

Modello migliore: nirradiance - pbl12 - v10m - tp 

Dati backward:  989.29924160428::nirradiance::pbl12::v10m::tp 

Scelgo il modello N 

---------- START ---------- 

                                                                                 IT1837A
gam(log(value) ~ s(t2m) + s(pbl12) + s(v10m) + s(jd) + s(tp), data = .)         889.3113
gam(log(value) ~ s(tmin2m) + s(pbl12) + s(v10m) + s(jd) + s(tp), data = .)      880.2440
gam(log(value) ~ s(tmax2m) + s(pbl12) + s(v10m) + s(jd) + s(tp), data = .)      882.1921
gam(log(value) ~ s(ptp) + s(pbl12) + s(v10m) + s(jd) + s(tp), data = .)         890.8899
gam(log(value) ~ s(rh) + s(pbl12) + s(v10m) + s(jd) + s(tp), data = .)          884.7563
gam(log(value) ~ s(u10m) + s(pbl12) + s(v10m) + s(jd) + s(tp), data = .)        891.4260
gam(log(value) ~ s(sp) + s(pbl12) + s(v10m) + s(jd) + s(tp), data = .)          860.1838
gam(log(value) ~ s(nirradiance) + s(pbl12) + s(v10m) + s(jd) + s(tp), data = .) 873.5864
gam(log(value) ~ s(pbl00) + s(pbl12) + s(v10m) + s(jd) + s(tp), data = .)       849.0825
gam(log(value) ~ s(pblmin) + s(pbl12) + s(v10m) + s(jd) + s(tp), data = .)      844.2372
gam(log(value) ~ s(pblmax) + s(pbl12) + s(v10m) + s(jd) + s(tp), data = .)      887.8351
gam(log(value) ~ s(wdir) + s(pbl12) + s(v10m) + s(jd) + s(tp), data = .)        881.1683
gam(log(value) ~ s(wspeed) + s(pbl12) + s(v10m) + s(jd) + s(tp), data = .)      895.9327
gam(log(value) ~ s(pwspeed) + s(pbl12) + s(v10m) + s(jd) + s(tp), data = .)     895.0677

Modello migliore: pblmin - pbl12 - v10m - jd - tp 

Variabile scelta pblmin con AIC 844.237202182543  

Modelli BACKWARD 

                                                                                      IT1837A
gam(log(value) ~ s(t2m) + s(pbl12) + s(v10m) + s(jd) + s(pblmin), data = .)         1014.9781
gam(log(value) ~ s(tmin2m) + s(pbl12) + s(v10m) + s(jd) + s(pblmin), data = .)      1005.2583
gam(log(value) ~ s(tmax2m) + s(pbl12) + s(v10m) + s(jd) + s(pblmin), data = .)      1002.1964
gam(log(value) ~ s(ptp) + s(pbl12) + s(v10m) + s(jd) + s(pblmin), data = .)          978.4703
gam(log(value) ~ s(rh) + s(pbl12) + s(v10m) + s(jd) + s(pblmin), data = .)           984.3890
gam(log(value) ~ s(u10m) + s(pbl12) + s(v10m) + s(jd) + s(pblmin), data = .)        1025.5028
gam(log(value) ~ s(sp) + s(pbl12) + s(v10m) + s(jd) + s(pblmin), data = .)           965.4680
gam(log(value) ~ s(nirradiance) + s(pbl12) + s(v10m) + s(jd) + s(pblmin), data = .)  972.8652
gam(log(value) ~ s(pbl00) + s(pbl12) + s(v10m) + s(jd) + s(pblmin), data = .)       1021.2279
gam(log(value) ~ s(pblmax) + s(pbl12) + s(v10m) + s(jd) + s(pblmin), data = .)      1019.8585
gam(log(value) ~ s(wdir) + s(pbl12) + s(v10m) + s(jd) + s(pblmin), data = .)        1021.2882
gam(log(value) ~ s(wspeed) + s(pbl12) + s(v10m) + s(jd) + s(pblmin), data = .)      1027.6745
gam(log(value) ~ s(pwspeed) + s(pbl12) + s(v10m) + s(jd) + s(pblmin), data = .)     1031.4795

Modello migliore: sp - pbl12 - v10m - jd - pblmin 

Dati backward:  965.468015366617::sp::pbl12::v10m::jd::pblmin 

Scelgo il modello N 

---------- START ---------- 

                                                                                             IT1837A
gam(log(value) ~ s(t2m) + s(pbl12) + s(v10m) + s(jd) + s(tp) + s(pblmin), data = .)         837.5748
gam(log(value) ~ s(tmin2m) + s(pbl12) + s(v10m) + s(jd) + s(tp) + s(pblmin), data = .)      831.4222
gam(log(value) ~ s(tmax2m) + s(pbl12) + s(v10m) + s(jd) + s(tp) + s(pblmin), data = .)      831.0274
gam(log(value) ~ s(ptp) + s(pbl12) + s(v10m) + s(jd) + s(tp) + s(pblmin), data = .)         840.3586
gam(log(value) ~ s(rh) + s(pbl12) + s(v10m) + s(jd) + s(tp) + s(pblmin), data = .)          838.3239
gam(log(value) ~ s(u10m) + s(pbl12) + s(v10m) + s(jd) + s(tp) + s(pblmin), data = .)        837.8610
gam(log(value) ~ s(sp) + s(pbl12) + s(v10m) + s(jd) + s(tp) + s(pblmin), data = .)          816.5258
gam(log(value) ~ s(nirradiance) + s(pbl12) + s(v10m) + s(jd) + s(tp) + s(pblmin), data = .) 820.0496
gam(log(value) ~ s(pbl00) + s(pbl12) + s(v10m) + s(jd) + s(tp) + s(pblmin), data = .)       835.1675
gam(log(value) ~ s(pblmax) + s(pbl12) + s(v10m) + s(jd) + s(tp) + s(pblmin), data = .)      837.6112
gam(log(value) ~ s(wdir) + s(pbl12) + s(v10m) + s(jd) + s(tp) + s(pblmin), data = .)        828.0577
gam(log(value) ~ s(wspeed) + s(pbl12) + s(v10m) + s(jd) + s(tp) + s(pblmin), data = .)      838.5982
gam(log(value) ~ s(pwspeed) + s(pbl12) + s(v10m) + s(jd) + s(tp) + s(pblmin), data = .)     841.6815

Modello migliore: sp - pbl12 - v10m - jd - tp - pblmin 

Variabile scelta sp con AIC 816.525794520691  

Modelli BACKWARD 

                                                                                         IT1837A
gam(log(value) ~ s(t2m) + s(pbl12) + s(v10m) + s(jd) + s(tp) + s(sp), data = .)         853.7330
gam(log(value) ~ s(tmin2m) + s(pbl12) + s(v10m) + s(jd) + s(tp) + s(sp), data = .)      850.6157
gam(log(value) ~ s(tmax2m) + s(pbl12) + s(v10m) + s(jd) + s(tp) + s(sp), data = .)      845.0527
gam(log(value) ~ s(ptp) + s(pbl12) + s(v10m) + s(jd) + s(tp) + s(sp), data = .)         859.7757
gam(log(value) ~ s(rh) + s(pbl12) + s(v10m) + s(jd) + s(tp) + s(sp), data = .)          852.5248
gam(log(value) ~ s(u10m) + s(pbl12) + s(v10m) + s(jd) + s(tp) + s(sp), data = .)        855.9086
gam(log(value) ~ s(nirradiance) + s(pbl12) + s(v10m) + s(jd) + s(tp) + s(sp), data = .) 843.1513
gam(log(value) ~ s(pbl00) + s(pbl12) + s(v10m) + s(jd) + s(tp) + s(sp), data = .)       823.4982
gam(log(value) ~ s(pblmax) + s(pbl12) + s(v10m) + s(jd) + s(tp) + s(sp), data = .)      852.8362
gam(log(value) ~ s(wdir) + s(pbl12) + s(v10m) + s(jd) + s(tp) + s(sp), data = .)        847.3440
gam(log(value) ~ s(wspeed) + s(pbl12) + s(v10m) + s(jd) + s(tp) + s(sp), data = .)      859.1905
gam(log(value) ~ s(pwspeed) + s(pbl12) + s(v10m) + s(jd) + s(tp) + s(sp), data = .)     858.9201

Modello migliore: pbl00 - pbl12 - v10m - jd - tp - sp 

Dati backward:  823.498199949851::pbl00::pbl12::v10m::jd::tp::sp 

Scelgo il modello N 

---------- START ---------- 

                                                                                                     IT1837A
gam(log(value) ~ s(t2m) + s(pbl12) + s(v10m) + s(jd) + s(tp) + s(pblmin) + s(sp), data = .)         809.9521
gam(log(value) ~ s(tmin2m) + s(pbl12) + s(v10m) + s(jd) + s(tp) + s(pblmin) + s(sp), data = .)      808.0296
gam(log(value) ~ s(tmax2m) + s(pbl12) + s(v10m) + s(jd) + s(tp) + s(pblmin) + s(sp), data = .)      802.1004
gam(log(value) ~ s(ptp) + s(pbl12) + s(v10m) + s(jd) + s(tp) + s(pblmin) + s(sp), data = .)         816.4675
gam(log(value) ~ s(rh) + s(pbl12) + s(v10m) + s(jd) + s(tp) + s(pblmin) + s(sp), data = .)          812.3315
gam(log(value) ~ s(u10m) + s(pbl12) + s(v10m) + s(jd) + s(tp) + s(pblmin) + s(sp), data = .)        808.6982
gam(log(value) ~ s(nirradiance) + s(pbl12) + s(v10m) + s(jd) + s(tp) + s(pblmin) + s(sp), data = .) 796.6757
gam(log(value) ~ s(pbl00) + s(pbl12) + s(v10m) + s(jd) + s(tp) + s(pblmin) + s(sp), data = .)       809.9258
gam(log(value) ~ s(pblmax) + s(pbl12) + s(v10m) + s(jd) + s(tp) + s(pblmin) + s(sp), data = .)      810.4943
gam(log(value) ~ s(wdir) + s(pbl12) + s(v10m) + s(jd) + s(tp) + s(pblmin) + s(sp), data = .)        800.5303
gam(log(value) ~ s(wspeed) + s(pbl12) + s(v10m) + s(jd) + s(tp) + s(pblmin) + s(sp), data = .)      809.2179
gam(log(value) ~ s(pwspeed) + s(pbl12) + s(v10m) + s(jd) + s(tp) + s(pblmin) + s(sp), data = .)     812.2608

Modello migliore: nirradiance - pbl12 - v10m - jd - tp - pblmin - sp 

Variabile scelta nirradiance con AIC 796.675745290082  

Modelli BACKWARD 

                                                                                                          IT1837A
gam(log(value) ~ s(t2m) + s(pbl12) + s(v10m) + s(jd) + s(tp) + s(pblmin) + s(nirradiance), data = .)     810.9457
gam(log(value) ~ s(tmin2m) + s(pbl12) + s(v10m) + s(jd) + s(tp) + s(pblmin) + s(nirradiance), data = .)  804.6807
gam(log(value) ~ s(tmax2m) + s(pbl12) + s(v10m) + s(jd) + s(tp) + s(pblmin) + s(nirradiance), data = .)  805.0867
gam(log(value) ~ s(ptp) + s(pbl12) + s(v10m) + s(jd) + s(tp) + s(pblmin) + s(nirradiance), data = .)     816.0258
gam(log(value) ~ s(rh) + s(pbl12) + s(v10m) + s(jd) + s(tp) + s(pblmin) + s(nirradiance), data = .)      821.0632
gam(log(value) ~ s(u10m) + s(pbl12) + s(v10m) + s(jd) + s(tp) + s(pblmin) + s(nirradiance), data = .)    816.6081
gam(log(value) ~ s(pbl00) + s(pbl12) + s(v10m) + s(jd) + s(tp) + s(pblmin) + s(nirradiance), data = .)   810.4089
gam(log(value) ~ s(pblmax) + s(pbl12) + s(v10m) + s(jd) + s(tp) + s(pblmin) + s(nirradiance), data = .)  810.5348
gam(log(value) ~ s(wdir) + s(pbl12) + s(v10m) + s(jd) + s(tp) + s(pblmin) + s(nirradiance), data = .)    810.5177
gam(log(value) ~ s(wspeed) + s(pbl12) + s(v10m) + s(jd) + s(tp) + s(pblmin) + s(nirradiance), data = .)  814.5032
gam(log(value) ~ s(pwspeed) + s(pbl12) + s(v10m) + s(jd) + s(tp) + s(pblmin) + s(nirradiance), data = .) 818.1280

Modello migliore: tmin2m - pbl12 - v10m - jd - tp - pblmin - nirradiance 

Dati backward:  804.680705824963::tmin2m::pbl12::v10m::jd::tp::pblmin::nirradiance 

Scelgo il modello N 

---------- START ---------- 

                                                                                                                  IT1837A
gam(log(value) ~ s(t2m) + s(pbl12) + s(v10m) + s(jd) + s(tp) + s(pblmin) + s(sp) + s(nirradiance), data = .)     786.4381
gam(log(value) ~ s(tmin2m) + s(pbl12) + s(v10m) + s(jd) + s(tp) + s(pblmin) + s(sp) + s(nirradiance), data = .)  785.1729
gam(log(value) ~ s(tmax2m) + s(pbl12) + s(v10m) + s(jd) + s(tp) + s(pblmin) + s(sp) + s(nirradiance), data = .)  779.5377
gam(log(value) ~ s(ptp) + s(pbl12) + s(v10m) + s(jd) + s(tp) + s(pblmin) + s(sp) + s(nirradiance), data = .)     796.0116
gam(log(value) ~ s(rh) + s(pbl12) + s(v10m) + s(jd) + s(tp) + s(pblmin) + s(sp) + s(nirradiance), data = .)      798.3781
gam(log(value) ~ s(u10m) + s(pbl12) + s(v10m) + s(jd) + s(tp) + s(pblmin) + s(sp) + s(nirradiance), data = .)    791.4532
gam(log(value) ~ s(pbl00) + s(pbl12) + s(v10m) + s(jd) + s(tp) + s(pblmin) + s(sp) + s(nirradiance), data = .)   789.6008
gam(log(value) ~ s(pblmax) + s(pbl12) + s(v10m) + s(jd) + s(tp) + s(pblmin) + s(sp) + s(nirradiance), data = .)  787.8838
gam(log(value) ~ s(wdir) + s(pbl12) + s(v10m) + s(jd) + s(tp) + s(pblmin) + s(sp) + s(nirradiance), data = .)    786.1944
gam(log(value) ~ s(wspeed) + s(pbl12) + s(v10m) + s(jd) + s(tp) + s(pblmin) + s(sp) + s(nirradiance), data = .)  790.1664
gam(log(value) ~ s(pwspeed) + s(pbl12) + s(v10m) + s(jd) + s(tp) + s(pblmin) + s(sp) + s(nirradiance), data = .) 793.7500

Modello migliore: tmax2m - pbl12 - v10m - jd - tp - pblmin - sp - nirradiance 

Variabile scelta tmax2m con AIC 779.537674180183  

Modelli BACKWARD 

                                                                                                             IT1837A
gam(log(value) ~ s(t2m) + s(pbl12) + s(v10m) + s(jd) + s(tp) + s(pblmin) + s(sp) + s(tmax2m), data = .)     758.7868
gam(log(value) ~ s(tmin2m) + s(pbl12) + s(v10m) + s(jd) + s(tp) + s(pblmin) + s(sp) + s(tmax2m), data = .)  771.1367
gam(log(value) ~ s(ptp) + s(pbl12) + s(v10m) + s(jd) + s(tp) + s(pblmin) + s(sp) + s(tmax2m), data = .)     801.8671
gam(log(value) ~ s(rh) + s(pbl12) + s(v10m) + s(jd) + s(tp) + s(pblmin) + s(sp) + s(tmax2m), data = .)      793.2980
gam(log(value) ~ s(u10m) + s(pbl12) + s(v10m) + s(jd) + s(tp) + s(pblmin) + s(sp) + s(tmax2m), data = .)    791.5560
gam(log(value) ~ s(pbl00) + s(pbl12) + s(v10m) + s(jd) + s(tp) + s(pblmin) + s(sp) + s(tmax2m), data = .)   796.7544
gam(log(value) ~ s(pblmax) + s(pbl12) + s(v10m) + s(jd) + s(tp) + s(pblmin) + s(sp) + s(tmax2m), data = .)  798.7303
gam(log(value) ~ s(wdir) + s(pbl12) + s(v10m) + s(jd) + s(tp) + s(pblmin) + s(sp) + s(tmax2m), data = .)    783.6546
gam(log(value) ~ s(wspeed) + s(pbl12) + s(v10m) + s(jd) + s(tp) + s(pblmin) + s(sp) + s(tmax2m), data = .)  795.5372
gam(log(value) ~ s(pwspeed) + s(pbl12) + s(v10m) + s(jd) + s(tp) + s(pblmin) + s(sp) + s(tmax2m), data = .) 796.4237

Modello migliore: t2m - pbl12 - v10m - jd - tp - pblmin - sp - tmax2m 

Dati backward:  758.786766989695::t2m::pbl12::v10m::jd::tp::pblmin::sp::tmax2m 

Scelgo il modello N-1 

---------- START ---------- 

                                                                                                                  IT1837A
gam(log(value) ~ s(t2m) + s(pbl12) + s(v10m) + s(jd) + s(tp) + s(pblmin) + s(sp) + s(nirradiance), data = .)     786.4381
gam(log(value) ~ s(tmin2m) + s(pbl12) + s(v10m) + s(jd) + s(tp) + s(pblmin) + s(sp) + s(nirradiance), data = .)  785.1729
gam(log(value) ~ s(ptp) + s(pbl12) + s(v10m) + s(jd) + s(tp) + s(pblmin) + s(sp) + s(nirradiance), data = .)     796.0116
gam(log(value) ~ s(rh) + s(pbl12) + s(v10m) + s(jd) + s(tp) + s(pblmin) + s(sp) + s(nirradiance), data = .)      798.3781
gam(log(value) ~ s(u10m) + s(pbl12) + s(v10m) + s(jd) + s(tp) + s(pblmin) + s(sp) + s(nirradiance), data = .)    791.4532
gam(log(value) ~ s(pbl00) + s(pbl12) + s(v10m) + s(jd) + s(tp) + s(pblmin) + s(sp) + s(nirradiance), data = .)   789.6008
gam(log(value) ~ s(pblmax) + s(pbl12) + s(v10m) + s(jd) + s(tp) + s(pblmin) + s(sp) + s(nirradiance), data = .)  787.8838
gam(log(value) ~ s(wdir) + s(pbl12) + s(v10m) + s(jd) + s(tp) + s(pblmin) + s(sp) + s(nirradiance), data = .)    786.1944
gam(log(value) ~ s(wspeed) + s(pbl12) + s(v10m) + s(jd) + s(tp) + s(pblmin) + s(sp) + s(nirradiance), data = .)  790.1664
gam(log(value) ~ s(pwspeed) + s(pbl12) + s(v10m) + s(jd) + s(tp) + s(pblmin) + s(sp) + s(nirradiance), data = .) 793.7500

Modello migliore: tmin2m - pbl12 - v10m - jd - tp - pblmin - sp - nirradiance 

Variabile scelta tmin2m con AIC 785.172864597048  

Fine per scelta MODELLO 

pbl12 + v10m + jd + tp + pblmin + sp + nirradiance 

---------------------- 

NOTE: Log Print Time:  2021-05-11 12:27:34 
NOTE: Elapsed Time in seconds: 1.37799532016118 

Fine per scelta MODELLO 

pbl12 + v10m + jd + tp + pblmin + sp + nirradiance 

---------------------- 

NOTE: Log Print Time:  2021-05-11 12:27:34 
NOTE: Elapsed Time in seconds: 0.00108170509338379 

Fine per scelta MODELLO 

pbl12 + v10m + jd + tp + pblmin + sp + nirradiance 

---------------------- 

NOTE: Log Print Time:  2021-05-11 12:27:34 
NOTE: Elapsed Time in seconds: 0.000966310501098633 

Fine per scelta MODELLO 

pbl12 + v10m + jd + tp + pblmin + sp + nirradiance 

---------------------- 

NOTE: Log Print Time:  2021-05-11 12:27:34 
NOTE: Elapsed Time in seconds: 0.000964164733886719 

Fine per scelta MODELLO 

pbl12 + v10m + jd + tp + pblmin + sp + nirradiance 

---------------------- 

NOTE: Log Print Time:  2021-05-11 12:27:34 
NOTE: Elapsed Time in seconds: 0.000965356826782227 

Fine per scelta MODELLO 

pbl12 + v10m + jd + tp + pblmin + sp + nirradiance 

---------------------- 

NOTE: Log Print Time:  2021-05-11 12:27:34 
NOTE: Elapsed Time in seconds: 0.00100111961364746 

Fine per scelta MODELLO 

pbl12 + v10m + jd + tp + pblmin + sp + nirradiance 

---------------------- 

NOTE: Log Print Time:  2021-05-11 12:27:34 
NOTE: Elapsed Time in seconds: 0.000970363616943359 

Fine per scelta MODELLO 

pbl12 + v10m + jd + tp + pblmin + sp + nirradiance 

---------------------- 

NOTE: Log Print Time:  2021-05-11 12:27:34 
NOTE: Elapsed Time in seconds: 0.00099945068359375 

========================================================================= 
Log End Time: 2021-05-11 12:27:34 
Log Elapsed Time: 0 00:00:01 
========================================================================= 
