========================================================================= 
Log Path: output/12/pm10/log/pulvirus_pm10_12_IT0991A.log 
Working Directory: /home/rmorelli/R/pulvirus/analisi/GAM/scelta 
User Name: rmorelli 
R Version: 4.0.5 (2021-03-31) 
Machine: pasqualino x86_64 
Operating System: Linux 4.19.0-13-amd64 #1 SMP Debian 4.19.160-2 (2020-11-28) 
Log Start Time: 2021-05-11 12:32:06 
========================================================================= 

Stazione: IT0991A 

---------- START ---------- 

                                            IT0991A
gam(log(value) ~ s(t2m), data = .)         2273.558
gam(log(value) ~ s(tmin2m), data = .)      2313.823
gam(log(value) ~ s(tmax2m), data = .)      2377.029
gam(log(value) ~ s(tp), data = .)          2829.445
gam(log(value) ~ s(ptp), data = .)         2736.231
gam(log(value) ~ s(rh), data = .)          2758.012
gam(log(value) ~ s(u10m), data = .)        2755.299
gam(log(value) ~ s(v10m), data = .)        2726.559
gam(log(value) ~ s(sp), data = .)          2604.138
gam(log(value) ~ s(nirradiance), data = .) 2436.002
gam(log(value) ~ s(pbl00), data = .)       2809.394
gam(log(value) ~ s(pbl12), data = .)       2290.160
gam(log(value) ~ s(pblmin), data = .)      2802.699
gam(log(value) ~ s(pblmax), data = .)      2331.404
gam(log(value) ~ s(wdir), data = .)        2748.985
gam(log(value) ~ s(wspeed), data = .)      2785.216
gam(log(value) ~ s(pwspeed), data = .)     2819.067
gam(log(value) ~ s(jd), data = .)          2184.790

Modello migliore: jd 

Variabile scelta jd con AIC 2184.78959135093  

---------- START ---------- 

                                                    IT0991A
gam(log(value) ~ s(t2m) + s(jd), data = .)         2051.070
gam(log(value) ~ s(tmin2m) + s(jd), data = .)      2041.411
gam(log(value) ~ s(tmax2m) + s(jd), data = .)      2088.413
gam(log(value) ~ s(tp) + s(jd), data = .)          2096.919
gam(log(value) ~ s(ptp) + s(jd), data = .)         1925.152
gam(log(value) ~ s(rh) + s(jd), data = .)          2168.522
gam(log(value) ~ s(u10m) + s(jd), data = .)        2157.804
gam(log(value) ~ s(v10m) + s(jd), data = .)        1954.633
gam(log(value) ~ s(sp) + s(jd), data = .)          2066.333
gam(log(value) ~ s(nirradiance) + s(jd), data = .) 2137.306
gam(log(value) ~ s(pbl00) + s(jd), data = .)       1986.488
gam(log(value) ~ s(pbl12) + s(jd), data = .)       2042.757
gam(log(value) ~ s(pblmin) + s(jd), data = .)      1995.485
gam(log(value) ~ s(pblmax) + s(jd), data = .)      2051.893
gam(log(value) ~ s(wdir) + s(jd), data = .)        2170.825
gam(log(value) ~ s(wspeed) + s(jd), data = .)      2008.195
gam(log(value) ~ s(pwspeed) + s(jd), data = .)     2163.269
gam(log(value) ~ s(jd) + s(jd), data = .)          2184.790

Modello migliore: ptp - jd 

Variabile scelta ptp con AIC 1925.15180835479  

Modelli BACKWARD 

                                                     IT0991A
gam(log(value) ~ s(t2m) + s(ptp), data = .)         2037.731
gam(log(value) ~ s(tmin2m) + s(ptp), data = .)      2156.851
gam(log(value) ~ s(tmax2m) + s(ptp), data = .)      2085.167
gam(log(value) ~ s(tp) + s(ptp), data = .)          2736.772
gam(log(value) ~ s(rh) + s(ptp), data = .)          2464.065
gam(log(value) ~ s(u10m) + s(ptp), data = .)        2622.976
gam(log(value) ~ s(v10m) + s(ptp), data = .)        2606.525
gam(log(value) ~ s(sp) + s(ptp), data = .)          2546.389
gam(log(value) ~ s(nirradiance) + s(ptp), data = .) 2159.656
gam(log(value) ~ s(pbl00) + s(ptp), data = .)       2724.832
gam(log(value) ~ s(pbl12) + s(ptp), data = .)       2071.514
gam(log(value) ~ s(pblmin) + s(ptp), data = .)      2716.471
gam(log(value) ~ s(pblmax) + s(ptp), data = .)      2136.868
gam(log(value) ~ s(wdir) + s(ptp), data = .)        2612.014
gam(log(value) ~ s(wspeed) + s(ptp), data = .)      2672.679
gam(log(value) ~ s(pwspeed) + s(ptp), data = .)     2686.529

Modello migliore: t2m - ptp 

Dati backward:  2037.73114089999::t2m::ptp 

Scelgo il modello N 

---------- START ---------- 

                                                             IT0991A
gam(log(value) ~ s(t2m) + s(jd) + s(ptp), data = .)         1811.426
gam(log(value) ~ s(tmin2m) + s(jd) + s(ptp), data = .)      1829.284
gam(log(value) ~ s(tmax2m) + s(jd) + s(ptp), data = .)      1835.302
gam(log(value) ~ s(tp) + s(jd) + s(ptp), data = .)          1915.838
gam(log(value) ~ s(rh) + s(jd) + s(ptp), data = .)          1903.095
gam(log(value) ~ s(u10m) + s(jd) + s(ptp), data = .)        1906.440
gam(log(value) ~ s(v10m) + s(jd) + s(ptp), data = .)        1702.942
gam(log(value) ~ s(sp) + s(jd) + s(ptp), data = .)          1908.787
gam(log(value) ~ s(nirradiance) + s(jd) + s(ptp), data = .) 1897.746
gam(log(value) ~ s(pbl00) + s(jd) + s(ptp), data = .)       1836.301
gam(log(value) ~ s(pbl12) + s(jd) + s(ptp), data = .)       1753.159
gam(log(value) ~ s(pblmin) + s(jd) + s(ptp), data = .)      1815.808
gam(log(value) ~ s(pblmax) + s(jd) + s(ptp), data = .)      1778.058
gam(log(value) ~ s(wdir) + s(jd) + s(ptp), data = .)        1909.476
gam(log(value) ~ s(wspeed) + s(jd) + s(ptp), data = .)      1783.922
gam(log(value) ~ s(pwspeed) + s(jd) + s(ptp), data = .)     1903.245

Modello migliore: v10m - jd - ptp 

Variabile scelta v10m con AIC 1702.9416552516  

Modelli BACKWARD 

                                                              IT0991A
gam(log(value) ~ s(t2m) + s(jd) + s(v10m), data = .)         1745.920
gam(log(value) ~ s(tmin2m) + s(jd) + s(v10m), data = .)      1721.607
gam(log(value) ~ s(tmax2m) + s(jd) + s(v10m), data = .)      1844.881
gam(log(value) ~ s(tp) + s(jd) + s(v10m), data = .)          1813.589
gam(log(value) ~ s(rh) + s(jd) + s(v10m), data = .)          1898.656
gam(log(value) ~ s(u10m) + s(jd) + s(v10m), data = .)        1918.895
gam(log(value) ~ s(sp) + s(jd) + s(v10m), data = .)          1826.507
gam(log(value) ~ s(nirradiance) + s(jd) + s(v10m), data = .) 1882.525
gam(log(value) ~ s(pbl00) + s(jd) + s(v10m), data = .)       1822.552
gam(log(value) ~ s(pbl12) + s(jd) + s(v10m), data = .)       1849.309
gam(log(value) ~ s(pblmin) + s(jd) + s(v10m), data = .)      1844.470
gam(log(value) ~ s(pblmax) + s(jd) + s(v10m), data = .)      1863.143
gam(log(value) ~ s(wdir) + s(jd) + s(v10m), data = .)        1934.383
gam(log(value) ~ s(wspeed) + s(jd) + s(v10m), data = .)      1941.038
gam(log(value) ~ s(pwspeed) + s(jd) + s(v10m), data = .)     1946.344

Modello migliore: tmin2m - jd - v10m 

Dati backward:  1721.60741961721::tmin2m::jd::v10m 

Scelgo il modello N 

---------- START ---------- 

                                                                       IT0991A
gam(log(value) ~ s(t2m) + s(jd) + s(ptp) + s(v10m), data = .)         1512.411
gam(log(value) ~ s(tmin2m) + s(jd) + s(ptp) + s(v10m), data = .)      1520.834
gam(log(value) ~ s(tmax2m) + s(jd) + s(ptp) + s(v10m), data = .)      1588.697
gam(log(value) ~ s(tp) + s(jd) + s(ptp) + s(v10m), data = .)          1670.771
gam(log(value) ~ s(rh) + s(jd) + s(ptp) + s(v10m), data = .)          1697.081
gam(log(value) ~ s(u10m) + s(jd) + s(ptp) + s(v10m), data = .)        1676.660
gam(log(value) ~ s(sp) + s(jd) + s(ptp) + s(v10m), data = .)          1674.706
gam(log(value) ~ s(nirradiance) + s(jd) + s(ptp) + s(v10m), data = .) 1663.050
gam(log(value) ~ s(pbl00) + s(jd) + s(ptp) + s(v10m), data = .)       1662.904
gam(log(value) ~ s(pbl12) + s(jd) + s(ptp) + s(v10m), data = .)       1578.020
gam(log(value) ~ s(pblmin) + s(jd) + s(ptp) + s(v10m), data = .)      1647.323
gam(log(value) ~ s(pblmax) + s(jd) + s(ptp) + s(v10m), data = .)      1602.560
gam(log(value) ~ s(wdir) + s(jd) + s(ptp) + s(v10m), data = .)        1682.930
gam(log(value) ~ s(wspeed) + s(jd) + s(ptp) + s(v10m), data = .)      1693.862
gam(log(value) ~ s(pwspeed) + s(jd) + s(ptp) + s(v10m), data = .)     1691.934

Modello migliore: t2m - jd - ptp - v10m 

Variabile scelta t2m con AIC 1512.41113373225  

Modelli BACKWARD 

                                                                      IT0991A
gam(log(value) ~ s(tmin2m) + s(jd) + s(ptp) + s(t2m), data = .)      1785.179
gam(log(value) ~ s(tmax2m) + s(jd) + s(ptp) + s(t2m), data = .)      1779.530
gam(log(value) ~ s(tp) + s(jd) + s(ptp) + s(t2m), data = .)          1805.478
gam(log(value) ~ s(rh) + s(jd) + s(ptp) + s(t2m), data = .)          1765.216
gam(log(value) ~ s(u10m) + s(jd) + s(ptp) + s(t2m), data = .)        1775.501
gam(log(value) ~ s(sp) + s(jd) + s(ptp) + s(t2m), data = .)          1790.655
gam(log(value) ~ s(nirradiance) + s(jd) + s(ptp) + s(t2m), data = .) 1799.725
gam(log(value) ~ s(pbl00) + s(jd) + s(ptp) + s(t2m), data = .)       1718.549
gam(log(value) ~ s(pbl12) + s(jd) + s(ptp) + s(t2m), data = .)       1616.836
gam(log(value) ~ s(pblmin) + s(jd) + s(ptp) + s(t2m), data = .)      1705.952
gam(log(value) ~ s(pblmax) + s(jd) + s(ptp) + s(t2m), data = .)      1626.873
gam(log(value) ~ s(wdir) + s(jd) + s(ptp) + s(t2m), data = .)        1771.634
gam(log(value) ~ s(wspeed) + s(jd) + s(ptp) + s(t2m), data = .)      1660.837
gam(log(value) ~ s(pwspeed) + s(jd) + s(ptp) + s(t2m), data = .)     1793.722

Modello migliore: pbl12 - jd - ptp - t2m 

Dati backward:  1616.83641981155::pbl12::jd::ptp::t2m 

Scelgo il modello N 

---------- START ---------- 

                                                                                IT0991A
gam(log(value) ~ s(tmin2m) + s(jd) + s(ptp) + s(v10m) + s(t2m), data = .)      1500.939
gam(log(value) ~ s(tmax2m) + s(jd) + s(ptp) + s(v10m) + s(t2m), data = .)      1462.069
gam(log(value) ~ s(tp) + s(jd) + s(ptp) + s(v10m) + s(t2m), data = .)          1476.175
gam(log(value) ~ s(rh) + s(jd) + s(ptp) + s(v10m) + s(t2m), data = .)          1513.099
gam(log(value) ~ s(u10m) + s(jd) + s(ptp) + s(v10m) + s(t2m), data = .)        1459.904
gam(log(value) ~ s(sp) + s(jd) + s(ptp) + s(v10m) + s(t2m), data = .)          1470.565
gam(log(value) ~ s(nirradiance) + s(jd) + s(ptp) + s(v10m) + s(t2m), data = .) 1504.622
gam(log(value) ~ s(pbl00) + s(jd) + s(ptp) + s(v10m) + s(t2m), data = .)       1478.029
gam(log(value) ~ s(pbl12) + s(jd) + s(ptp) + s(v10m) + s(t2m), data = .)       1411.922
gam(log(value) ~ s(pblmin) + s(jd) + s(ptp) + s(v10m) + s(t2m), data = .)      1470.424
gam(log(value) ~ s(pblmax) + s(jd) + s(ptp) + s(v10m) + s(t2m), data = .)      1417.625
gam(log(value) ~ s(wdir) + s(jd) + s(ptp) + s(v10m) + s(t2m), data = .)        1467.497
gam(log(value) ~ s(wspeed) + s(jd) + s(ptp) + s(v10m) + s(t2m), data = .)      1514.190
gam(log(value) ~ s(pwspeed) + s(jd) + s(ptp) + s(v10m) + s(t2m), data = .)     1508.968

Modello migliore: pbl12 - jd - ptp - v10m - t2m 

Variabile scelta pbl12 con AIC 1411.9223200579  

Modelli BACKWARD 

                                                                                  IT0991A
gam(log(value) ~ s(tmin2m) + s(jd) + s(ptp) + s(v10m) + s(pbl12), data = .)      1398.154
gam(log(value) ~ s(tmax2m) + s(jd) + s(ptp) + s(v10m) + s(pbl12), data = .)      1482.300
gam(log(value) ~ s(tp) + s(jd) + s(ptp) + s(v10m) + s(pbl12), data = .)          1468.473
gam(log(value) ~ s(rh) + s(jd) + s(ptp) + s(v10m) + s(pbl12), data = .)          1522.889
gam(log(value) ~ s(u10m) + s(jd) + s(ptp) + s(v10m) + s(pbl12), data = .)        1566.667
gam(log(value) ~ s(sp) + s(jd) + s(ptp) + s(v10m) + s(pbl12), data = .)          1552.663
gam(log(value) ~ s(nirradiance) + s(jd) + s(ptp) + s(v10m) + s(pbl12), data = .) 1532.566
gam(log(value) ~ s(pbl00) + s(jd) + s(ptp) + s(v10m) + s(pbl12), data = .)       1535.508
gam(log(value) ~ s(pblmin) + s(jd) + s(ptp) + s(v10m) + s(pbl12), data = .)      1516.162
gam(log(value) ~ s(pblmax) + s(jd) + s(ptp) + s(v10m) + s(pbl12), data = .)      1577.996
gam(log(value) ~ s(wdir) + s(jd) + s(ptp) + s(v10m) + s(pbl12), data = .)        1570.469
gam(log(value) ~ s(wspeed) + s(jd) + s(ptp) + s(v10m) + s(pbl12), data = .)      1573.132
gam(log(value) ~ s(pwspeed) + s(jd) + s(ptp) + s(v10m) + s(pbl12), data = .)     1573.816

Modello migliore: tmin2m - jd - ptp - v10m - pbl12 

Dati backward:  1398.1536238381::tmin2m::jd::ptp::v10m::pbl12 

Scelgo il modello N 

---------- START ---------- 

                                                                                           IT0991A
gam(log(value) ~ s(tmin2m) + s(jd) + s(ptp) + s(v10m) + s(t2m) + s(pbl12), data = .)      1365.981
gam(log(value) ~ s(tmax2m) + s(jd) + s(ptp) + s(v10m) + s(t2m) + s(pbl12), data = .)      1321.065
gam(log(value) ~ s(tp) + s(jd) + s(ptp) + s(v10m) + s(t2m) + s(pbl12), data = .)          1311.127
gam(log(value) ~ s(rh) + s(jd) + s(ptp) + s(v10m) + s(t2m) + s(pbl12), data = .)          1377.865
gam(log(value) ~ s(u10m) + s(jd) + s(ptp) + s(v10m) + s(t2m) + s(pbl12), data = .)        1464.420
gam(log(value) ~ s(sp) + s(jd) + s(ptp) + s(v10m) + s(t2m) + s(pbl12), data = .)          1372.778
gam(log(value) ~ s(nirradiance) + s(jd) + s(ptp) + s(v10m) + s(t2m) + s(pbl12), data = .) 1378.287
gam(log(value) ~ s(pbl00) + s(jd) + s(ptp) + s(v10m) + s(t2m) + s(pbl12), data = .)       1374.764
gam(log(value) ~ s(pblmin) + s(jd) + s(ptp) + s(v10m) + s(t2m) + s(pbl12), data = .)      1363.113
gam(log(value) ~ s(pblmax) + s(jd) + s(ptp) + s(v10m) + s(t2m) + s(pbl12), data = .)      1407.624
gam(log(value) ~ s(wdir) + s(jd) + s(ptp) + s(v10m) + s(t2m) + s(pbl12), data = .)        1465.409
gam(log(value) ~ s(wspeed) + s(jd) + s(ptp) + s(v10m) + s(t2m) + s(pbl12), data = .)      1413.252
gam(log(value) ~ s(pwspeed) + s(jd) + s(ptp) + s(v10m) + s(t2m) + s(pbl12), data = .)     1411.274

Modello migliore: tp - jd - ptp - v10m - t2m - pbl12 

Variabile scelta tp con AIC 1311.12665758206  

Modelli BACKWARD 

                                                                                        IT0991A
gam(log(value) ~ s(tmin2m) + s(jd) + s(ptp) + s(v10m) + s(t2m) + s(tp), data = .)      1473.090
gam(log(value) ~ s(tmax2m) + s(jd) + s(ptp) + s(v10m) + s(t2m) + s(tp), data = .)      1452.732
gam(log(value) ~ s(rh) + s(jd) + s(ptp) + s(v10m) + s(t2m) + s(tp), data = .)          1457.677
gam(log(value) ~ s(u10m) + s(jd) + s(ptp) + s(v10m) + s(t2m) + s(tp), data = .)        1417.415
gam(log(value) ~ s(sp) + s(jd) + s(ptp) + s(v10m) + s(t2m) + s(tp), data = .)          1455.717
gam(log(value) ~ s(nirradiance) + s(jd) + s(ptp) + s(v10m) + s(t2m) + s(tp), data = .) 1434.919
gam(log(value) ~ s(pbl00) + s(jd) + s(ptp) + s(v10m) + s(t2m) + s(tp), data = .)       1454.672
gam(log(value) ~ s(pblmin) + s(jd) + s(ptp) + s(v10m) + s(t2m) + s(tp), data = .)      1450.658
gam(log(value) ~ s(pblmax) + s(jd) + s(ptp) + s(v10m) + s(t2m) + s(tp), data = .)      1337.239
gam(log(value) ~ s(wdir) + s(jd) + s(ptp) + s(v10m) + s(t2m) + s(tp), data = .)        1423.546
gam(log(value) ~ s(wspeed) + s(jd) + s(ptp) + s(v10m) + s(t2m) + s(tp), data = .)      1478.013
gam(log(value) ~ s(pwspeed) + s(jd) + s(ptp) + s(v10m) + s(t2m) + s(tp), data = .)     1472.040

Modello migliore: pblmax - jd - ptp - v10m - t2m - tp 

Dati backward:  1337.23900462192::pblmax::jd::ptp::v10m::t2m::tp 

Scelgo il modello N 

---------- START ---------- 

                                                                                                   IT0991A
gam(log(value) ~ s(tmin2m) + s(jd) + s(ptp) + s(v10m) + s(t2m) + s(pbl12) + s(tp), data = .)      1297.337
gam(log(value) ~ s(tmax2m) + s(jd) + s(ptp) + s(v10m) + s(t2m) + s(pbl12) + s(tp), data = .)      1276.962
gam(log(value) ~ s(rh) + s(jd) + s(ptp) + s(v10m) + s(t2m) + s(pbl12) + s(tp), data = .)          1312.663
gam(log(value) ~ s(u10m) + s(jd) + s(ptp) + s(v10m) + s(t2m) + s(pbl12) + s(tp), data = .)        1276.982
gam(log(value) ~ s(sp) + s(jd) + s(ptp) + s(v10m) + s(t2m) + s(pbl12) + s(tp), data = .)          1302.094
gam(log(value) ~ s(nirradiance) + s(jd) + s(ptp) + s(v10m) + s(t2m) + s(pbl12) + s(tp), data = .) 1312.440
gam(log(value) ~ s(pbl00) + s(jd) + s(ptp) + s(v10m) + s(t2m) + s(pbl12) + s(tp), data = .)       1294.970
gam(log(value) ~ s(pblmin) + s(jd) + s(ptp) + s(v10m) + s(t2m) + s(pbl12) + s(tp), data = .)      1289.077
gam(log(value) ~ s(pblmax) + s(jd) + s(ptp) + s(v10m) + s(t2m) + s(pbl12) + s(tp), data = .)      1306.903
gam(log(value) ~ s(wdir) + s(jd) + s(ptp) + s(v10m) + s(t2m) + s(pbl12) + s(tp), data = .)        1279.292
gam(log(value) ~ s(wspeed) + s(jd) + s(ptp) + s(v10m) + s(t2m) + s(pbl12) + s(tp), data = .)      1311.739
gam(log(value) ~ s(pwspeed) + s(jd) + s(ptp) + s(v10m) + s(t2m) + s(pbl12) + s(tp), data = .)     1310.852

Modello migliore: tmax2m - jd - ptp - v10m - t2m - pbl12 - tp 

Variabile scelta tmax2m con AIC 1276.96152548679  

Modelli BACKWARD 

                                                                                                       IT0991A
gam(log(value) ~ s(tmin2m) + s(jd) + s(ptp) + s(v10m) + s(t2m) + s(pbl12) + s(tmax2m), data = .)      1322.799
gam(log(value) ~ s(rh) + s(jd) + s(ptp) + s(v10m) + s(t2m) + s(pbl12) + s(tmax2m), data = .)          1322.575
gam(log(value) ~ s(u10m) + s(jd) + s(ptp) + s(v10m) + s(t2m) + s(pbl12) + s(tmax2m), data = .)        1295.999
gam(log(value) ~ s(sp) + s(jd) + s(ptp) + s(v10m) + s(t2m) + s(pbl12) + s(tmax2m), data = .)          1303.412
gam(log(value) ~ s(nirradiance) + s(jd) + s(ptp) + s(v10m) + s(t2m) + s(pbl12) + s(tmax2m), data = .) 1320.527
gam(log(value) ~ s(pbl00) + s(jd) + s(ptp) + s(v10m) + s(t2m) + s(pbl12) + s(tmax2m), data = .)       1314.583
gam(log(value) ~ s(pblmin) + s(jd) + s(ptp) + s(v10m) + s(t2m) + s(pbl12) + s(tmax2m), data = .)      1307.927
gam(log(value) ~ s(pblmax) + s(jd) + s(ptp) + s(v10m) + s(t2m) + s(pbl12) + s(tmax2m), data = .)      1308.525
gam(log(value) ~ s(wdir) + s(jd) + s(ptp) + s(v10m) + s(t2m) + s(pbl12) + s(tmax2m), data = .)        1299.281
gam(log(value) ~ s(wspeed) + s(jd) + s(ptp) + s(v10m) + s(t2m) + s(pbl12) + s(tmax2m), data = .)      1320.793
gam(log(value) ~ s(pwspeed) + s(jd) + s(ptp) + s(v10m) + s(t2m) + s(pbl12) + s(tmax2m), data = .)     1321.611

Modello migliore: u10m - jd - ptp - v10m - t2m - pbl12 - tmax2m 

Dati backward:  1295.99919686799::u10m::jd::ptp::v10m::t2m::pbl12::tmax2m 

Scelgo il modello N-1 

---------- START ---------- 

                                                                                                   IT0991A
gam(log(value) ~ s(tmin2m) + s(jd) + s(ptp) + s(v10m) + s(t2m) + s(pbl12) + s(tp), data = .)      1297.337
gam(log(value) ~ s(rh) + s(jd) + s(ptp) + s(v10m) + s(t2m) + s(pbl12) + s(tp), data = .)          1312.663
gam(log(value) ~ s(u10m) + s(jd) + s(ptp) + s(v10m) + s(t2m) + s(pbl12) + s(tp), data = .)        1276.982
gam(log(value) ~ s(sp) + s(jd) + s(ptp) + s(v10m) + s(t2m) + s(pbl12) + s(tp), data = .)          1302.094
gam(log(value) ~ s(nirradiance) + s(jd) + s(ptp) + s(v10m) + s(t2m) + s(pbl12) + s(tp), data = .) 1312.440
gam(log(value) ~ s(pbl00) + s(jd) + s(ptp) + s(v10m) + s(t2m) + s(pbl12) + s(tp), data = .)       1294.970
gam(log(value) ~ s(pblmin) + s(jd) + s(ptp) + s(v10m) + s(t2m) + s(pbl12) + s(tp), data = .)      1289.077
gam(log(value) ~ s(pblmax) + s(jd) + s(ptp) + s(v10m) + s(t2m) + s(pbl12) + s(tp), data = .)      1306.903
gam(log(value) ~ s(wdir) + s(jd) + s(ptp) + s(v10m) + s(t2m) + s(pbl12) + s(tp), data = .)        1279.292
gam(log(value) ~ s(wspeed) + s(jd) + s(ptp) + s(v10m) + s(t2m) + s(pbl12) + s(tp), data = .)      1311.739
gam(log(value) ~ s(pwspeed) + s(jd) + s(ptp) + s(v10m) + s(t2m) + s(pbl12) + s(tp), data = .)     1310.852

Modello migliore: u10m - jd - ptp - v10m - t2m - pbl12 - tp 

Variabile scelta u10m con AIC 1276.98198214074  

Fine per scelta MODELLO 

jd + ptp + v10m + t2m + pbl12 + tp 

---------------------- 

NOTE: Log Print Time:  2021-05-11 12:33:29 
NOTE: Elapsed Time in seconds: 1.38509208361308 

Fine per scelta MODELLO 

jd + ptp + v10m + t2m + pbl12 + tp 

---------------------- 

NOTE: Log Print Time:  2021-05-11 12:33:29 
NOTE: Elapsed Time in seconds: 0.00107955932617188 

Fine per scelta MODELLO 

jd + ptp + v10m + t2m + pbl12 + tp 

---------------------- 

NOTE: Log Print Time:  2021-05-11 12:33:29 
NOTE: Elapsed Time in seconds: 0.000998735427856445 

Fine per scelta MODELLO 

jd + ptp + v10m + t2m + pbl12 + tp 

---------------------- 

NOTE: Log Print Time:  2021-05-11 12:33:29 
NOTE: Elapsed Time in seconds: 0.000977039337158203 

Fine per scelta MODELLO 

jd + ptp + v10m + t2m + pbl12 + tp 

---------------------- 

NOTE: Log Print Time:  2021-05-11 12:33:29 
NOTE: Elapsed Time in seconds: 0.000977277755737305 

Fine per scelta MODELLO 

jd + ptp + v10m + t2m + pbl12 + tp 

---------------------- 

NOTE: Log Print Time:  2021-05-11 12:33:29 
NOTE: Elapsed Time in seconds: 0.00100302696228027 

Fine per scelta MODELLO 

jd + ptp + v10m + t2m + pbl12 + tp 

---------------------- 

NOTE: Log Print Time:  2021-05-11 12:33:29 
NOTE: Elapsed Time in seconds: 0.00100016593933105 

========================================================================= 
Log End Time: 2021-05-11 12:33:29 
Log Elapsed Time: 0 00:00:01 
========================================================================= 
