========================================================================= 
Log Path: output/12/pm10/log/pulvirus_pm10_12_IT0825A.log 
Working Directory: /home/rmorelli/R/pulvirus/analisi/GAM/scelta 
User Name: rmorelli 
R Version: 4.0.5 (2021-03-31) 
Machine: pasqualino x86_64 
Operating System: Linux 4.19.0-13-amd64 #1 SMP Debian 4.19.160-2 (2020-11-28) 
Log Start Time: 2021-05-11 12:17:40 
========================================================================= 

Stazione: IT0825A 

---------- START ---------- 

                                            IT0825A
gam(log(value) ~ s(t2m), data = .)         1360.390
gam(log(value) ~ s(tmin2m), data = .)      1335.008
gam(log(value) ~ s(tmax2m), data = .)      1391.710
gam(log(value) ~ s(tp), data = .)          1440.483
gam(log(value) ~ s(ptp), data = .)         1356.186
gam(log(value) ~ s(rh), data = .)          1375.443
gam(log(value) ~ s(u10m), data = .)        1441.711
gam(log(value) ~ s(v10m), data = .)        1346.373
gam(log(value) ~ s(sp), data = .)          1166.927
gam(log(value) ~ s(nirradiance), data = .) 1347.993
gam(log(value) ~ s(pbl00), data = .)       1306.609
gam(log(value) ~ s(pbl12), data = .)       1139.371
gam(log(value) ~ s(pblmin), data = .)      1316.777
gam(log(value) ~ s(pblmax), data = .)      1110.460
gam(log(value) ~ s(wdir), data = .)        1345.091
gam(log(value) ~ s(wspeed), data = .)      1428.466
gam(log(value) ~ s(pwspeed), data = .)     1479.099
gam(log(value) ~ s(jd), data = .)          1251.277

Modello migliore: pblmax 

Variabile scelta pblmax con AIC 1110.46040999032  

---------- START ---------- 

                                                         IT0825A
gam(log(value) ~ s(t2m) + s(pblmax), data = .)         1004.8984
gam(log(value) ~ s(tmin2m) + s(pblmax), data = .)       987.9719
gam(log(value) ~ s(tmax2m) + s(pblmax), data = .)      1012.4970
gam(log(value) ~ s(tp) + s(pblmax), data = .)           935.1096
gam(log(value) ~ s(ptp) + s(pblmax), data = .)          877.1213
gam(log(value) ~ s(rh) + s(pblmax), data = .)          1063.0184
gam(log(value) ~ s(u10m) + s(pblmax), data = .)        1109.8392
gam(log(value) ~ s(v10m) + s(pblmax), data = .)         971.9312
gam(log(value) ~ s(sp) + s(pblmax), data = .)           884.9454
gam(log(value) ~ s(nirradiance) + s(pblmax), data = .) 1069.0039
gam(log(value) ~ s(pbl00) + s(pblmax), data = .)        886.6768
gam(log(value) ~ s(pbl12) + s(pblmax), data = .)       1103.6146
gam(log(value) ~ s(pblmin) + s(pblmax), data = .)       916.7231
gam(log(value) ~ s(pblmax) + s(pblmax), data = .)      1110.4604
gam(log(value) ~ s(wdir) + s(pblmax), data = .)        1055.7363
gam(log(value) ~ s(wspeed) + s(pblmax), data = .)      1040.6299
gam(log(value) ~ s(pwspeed) + s(pblmax), data = .)     1045.3438
gam(log(value) ~ s(jd) + s(pblmax), data = .)          1028.7610

Modello migliore: ptp - pblmax 

Variabile scelta ptp con AIC 877.121259409915  

Modelli BACKWARD 

                                                      IT0825A
gam(log(value) ~ s(t2m) + s(ptp), data = .)         1155.8848
gam(log(value) ~ s(tmin2m) + s(ptp), data = .)      1169.3636
gam(log(value) ~ s(tmax2m) + s(ptp), data = .)      1152.2324
gam(log(value) ~ s(tp) + s(ptp), data = .)          1339.1833
gam(log(value) ~ s(rh) + s(ptp), data = .)          1050.5245
gam(log(value) ~ s(u10m) + s(ptp), data = .)        1276.4137
gam(log(value) ~ s(v10m) + s(ptp), data = .)        1221.1651
gam(log(value) ~ s(sp) + s(ptp), data = .)          1114.0825
gam(log(value) ~ s(nirradiance) + s(ptp), data = .) 1064.8583
gam(log(value) ~ s(pbl00) + s(ptp), data = .)       1245.8893
gam(log(value) ~ s(pbl12) + s(ptp), data = .)        889.0061
gam(log(value) ~ s(pblmin) + s(ptp), data = .)      1234.5202
gam(log(value) ~ s(wdir) + s(ptp), data = .)        1185.2055
gam(log(value) ~ s(wspeed) + s(ptp), data = .)      1303.7779
gam(log(value) ~ s(pwspeed) + s(ptp), data = .)     1351.0840
gam(log(value) ~ s(jd) + s(ptp), data = .)           957.0543

Modello migliore: pbl12 - ptp 

Dati backward:  889.006087854539::pbl12::ptp 

Scelgo il modello N 

---------- START ---------- 

                                                                 IT0825A
gam(log(value) ~ s(t2m) + s(pblmax) + s(ptp), data = .)         800.9829
gam(log(value) ~ s(tmin2m) + s(pblmax) + s(ptp), data = .)      797.8094
gam(log(value) ~ s(tmax2m) + s(pblmax) + s(ptp), data = .)      802.9038
gam(log(value) ~ s(tp) + s(pblmax) + s(ptp), data = .)          809.8644
gam(log(value) ~ s(rh) + s(pblmax) + s(ptp), data = .)          835.1070
gam(log(value) ~ s(u10m) + s(pblmax) + s(ptp), data = .)        876.2004
gam(log(value) ~ s(v10m) + s(pblmax) + s(ptp), data = .)        783.3414
gam(log(value) ~ s(sp) + s(pblmax) + s(ptp), data = .)          775.8294
gam(log(value) ~ s(nirradiance) + s(pblmax) + s(ptp), data = .) 834.1232
gam(log(value) ~ s(pbl00) + s(pblmax) + s(ptp), data = .)       774.7372
gam(log(value) ~ s(pbl12) + s(pblmax) + s(ptp), data = .)       863.0224
gam(log(value) ~ s(pblmin) + s(pblmax) + s(ptp), data = .)      774.7661
gam(log(value) ~ s(wdir) + s(pblmax) + s(ptp), data = .)        837.7563
gam(log(value) ~ s(wspeed) + s(pblmax) + s(ptp), data = .)      846.5500
gam(log(value) ~ s(pwspeed) + s(pblmax) + s(ptp), data = .)     862.1482
gam(log(value) ~ s(jd) + s(pblmax) + s(ptp), data = .)          727.0189

Modello migliore: jd - pblmax - ptp 

Variabile scelta jd con AIC 727.01890816487  

Modelli BACKWARD 

                                                                 IT0825A
gam(log(value) ~ s(t2m) + s(pblmax) + s(jd), data = .)          891.1174
gam(log(value) ~ s(tmin2m) + s(pblmax) + s(jd), data = .)       896.8151
gam(log(value) ~ s(tmax2m) + s(pblmax) + s(jd), data = .)       848.9035
gam(log(value) ~ s(tp) + s(pblmax) + s(jd), data = .)           826.1057
gam(log(value) ~ s(rh) + s(pblmax) + s(jd), data = .)           962.4673
gam(log(value) ~ s(u10m) + s(pblmax) + s(jd), data = .)        1025.6610
gam(log(value) ~ s(v10m) + s(pblmax) + s(jd), data = .)         825.9934
gam(log(value) ~ s(sp) + s(pblmax) + s(jd), data = .)           783.5179
gam(log(value) ~ s(nirradiance) + s(pblmax) + s(jd), data = .)  932.6788
gam(log(value) ~ s(pbl00) + s(pblmax) + s(jd), data = .)        719.4377
gam(log(value) ~ s(pbl12) + s(pblmax) + s(jd), data = .)       1023.7553
gam(log(value) ~ s(pblmin) + s(pblmax) + s(jd), data = .)       745.2097
gam(log(value) ~ s(wdir) + s(pblmax) + s(jd), data = .)         967.4372
gam(log(value) ~ s(wspeed) + s(pblmax) + s(jd), data = .)       909.6769
gam(log(value) ~ s(pwspeed) + s(pblmax) + s(jd), data = .)      933.3606

Modello migliore: pbl00 - pblmax - jd 

Dati backward:  719.437689428826::pbl00::pblmax::jd 

Scelgo il modello N 

---------- START ---------- 

                                                                         IT0825A
gam(log(value) ~ s(t2m) + s(pblmax) + s(ptp) + s(jd), data = .)         647.0126
gam(log(value) ~ s(tmin2m) + s(pblmax) + s(ptp) + s(jd), data = .)      652.9711
gam(log(value) ~ s(tmax2m) + s(pblmax) + s(ptp) + s(jd), data = .)      624.1402
gam(log(value) ~ s(tp) + s(pblmax) + s(ptp) + s(jd), data = .)          651.4041
gam(log(value) ~ s(rh) + s(pblmax) + s(ptp) + s(jd), data = .)          688.9886
gam(log(value) ~ s(u10m) + s(pblmax) + s(ptp) + s(jd), data = .)        728.4626
gam(log(value) ~ s(v10m) + s(pblmax) + s(ptp) + s(jd), data = .)        565.5613
gam(log(value) ~ s(sp) + s(pblmax) + s(ptp) + s(jd), data = .)          635.7665
gam(log(value) ~ s(nirradiance) + s(pblmax) + s(ptp) + s(jd), data = .) 694.5731
gam(log(value) ~ s(pbl00) + s(pblmax) + s(ptp) + s(jd), data = .)       565.8608
gam(log(value) ~ s(pbl12) + s(pblmax) + s(ptp) + s(jd), data = .)       722.6589
gam(log(value) ~ s(pblmin) + s(pblmax) + s(ptp) + s(jd), data = .)      546.8499
gam(log(value) ~ s(wdir) + s(pblmax) + s(ptp) + s(jd), data = .)        678.4216
gam(log(value) ~ s(wspeed) + s(pblmax) + s(ptp) + s(jd), data = .)      649.1676
gam(log(value) ~ s(pwspeed) + s(pblmax) + s(ptp) + s(jd), data = .)     696.2426

Modello migliore: pblmin - pblmax - ptp - jd 

Variabile scelta pblmin con AIC 546.849907081032  

Modelli BACKWARD 

                                                                             IT0825A
gam(log(value) ~ s(t2m) + s(pblmax) + s(ptp) + s(pblmin), data = .)         690.1664
gam(log(value) ~ s(tmin2m) + s(pblmax) + s(ptp) + s(pblmin), data = .)      690.6827
gam(log(value) ~ s(tmax2m) + s(pblmax) + s(ptp) + s(pblmin), data = .)      684.9194
gam(log(value) ~ s(tp) + s(pblmax) + s(ptp) + s(pblmin), data = .)          739.6957
gam(log(value) ~ s(rh) + s(pblmax) + s(ptp) + s(pblmin), data = .)          741.0511
gam(log(value) ~ s(u10m) + s(pblmax) + s(ptp) + s(pblmin), data = .)        734.8722
gam(log(value) ~ s(v10m) + s(pblmax) + s(ptp) + s(pblmin), data = .)        720.0160
gam(log(value) ~ s(sp) + s(pblmax) + s(ptp) + s(pblmin), data = .)          694.8514
gam(log(value) ~ s(nirradiance) + s(pblmax) + s(ptp) + s(pblmin), data = .) 673.2835
gam(log(value) ~ s(pbl00) + s(pblmax) + s(ptp) + s(pblmin), data = .)       752.6640
gam(log(value) ~ s(pbl12) + s(pblmax) + s(ptp) + s(pblmin), data = .)       750.7246
gam(log(value) ~ s(wdir) + s(pblmax) + s(ptp) + s(pblmin), data = .)        744.0271
gam(log(value) ~ s(wspeed) + s(pblmax) + s(ptp) + s(pblmin), data = .)      775.3021
gam(log(value) ~ s(pwspeed) + s(pblmax) + s(ptp) + s(pblmin), data = .)     770.8280

Modello migliore: nirradiance - pblmax - ptp - pblmin 

Dati backward:  673.283503974044::nirradiance::pblmax::ptp::pblmin 

Scelgo il modello N 

---------- START ---------- 

                                                                                     IT0825A
gam(log(value) ~ s(t2m) + s(pblmax) + s(ptp) + s(jd) + s(pblmin), data = .)         476.0133
gam(log(value) ~ s(tmin2m) + s(pblmax) + s(ptp) + s(jd) + s(pblmin), data = .)      452.3293
gam(log(value) ~ s(tmax2m) + s(pblmax) + s(ptp) + s(jd) + s(pblmin), data = .)      470.2949
gam(log(value) ~ s(tp) + s(pblmax) + s(ptp) + s(jd) + s(pblmin), data = .)          522.1549
gam(log(value) ~ s(rh) + s(pblmax) + s(ptp) + s(jd) + s(pblmin), data = .)          525.7072
gam(log(value) ~ s(u10m) + s(pblmax) + s(ptp) + s(jd) + s(pblmin), data = .)        528.0249
gam(log(value) ~ s(v10m) + s(pblmax) + s(ptp) + s(jd) + s(pblmin), data = .)        445.3080
gam(log(value) ~ s(sp) + s(pblmax) + s(ptp) + s(jd) + s(pblmin), data = .)          503.3746
gam(log(value) ~ s(nirradiance) + s(pblmax) + s(ptp) + s(jd) + s(pblmin), data = .) 536.5538
gam(log(value) ~ s(pbl00) + s(pblmax) + s(ptp) + s(jd) + s(pblmin), data = .)       521.6458
gam(log(value) ~ s(pbl12) + s(pblmax) + s(ptp) + s(jd) + s(pblmin), data = .)       544.0033
gam(log(value) ~ s(wdir) + s(pblmax) + s(ptp) + s(jd) + s(pblmin), data = .)        503.4572
gam(log(value) ~ s(wspeed) + s(pblmax) + s(ptp) + s(jd) + s(pblmin), data = .)      547.8830
gam(log(value) ~ s(pwspeed) + s(pblmax) + s(ptp) + s(jd) + s(pblmin), data = .)     545.7369

Modello migliore: v10m - pblmax - ptp - jd - pblmin 

Variabile scelta v10m con AIC 445.307964269034  

Modelli BACKWARD 

                                                                                   IT0825A
gam(log(value) ~ s(t2m) + s(pblmax) + s(ptp) + s(jd) + s(v10m), data = .)         480.2051
gam(log(value) ~ s(tmin2m) + s(pblmax) + s(ptp) + s(jd) + s(v10m), data = .)      460.9487
gam(log(value) ~ s(tmax2m) + s(pblmax) + s(ptp) + s(jd) + s(v10m), data = .)      507.2596
gam(log(value) ~ s(tp) + s(pblmax) + s(ptp) + s(jd) + s(v10m), data = .)          436.2194
gam(log(value) ~ s(rh) + s(pblmax) + s(ptp) + s(jd) + s(v10m), data = .)          527.0631
gam(log(value) ~ s(u10m) + s(pblmax) + s(ptp) + s(jd) + s(v10m), data = .)        567.2190
gam(log(value) ~ s(sp) + s(pblmax) + s(ptp) + s(jd) + s(v10m), data = .)          459.0218
gam(log(value) ~ s(nirradiance) + s(pblmax) + s(ptp) + s(jd) + s(v10m), data = .) 507.8527
gam(log(value) ~ s(pbl00) + s(pblmax) + s(ptp) + s(jd) + s(v10m), data = .)       459.4602
gam(log(value) ~ s(pbl12) + s(pblmax) + s(ptp) + s(jd) + s(v10m), data = .)       554.0356
gam(log(value) ~ s(wdir) + s(pblmax) + s(ptp) + s(jd) + s(v10m), data = .)        565.5233
gam(log(value) ~ s(wspeed) + s(pblmax) + s(ptp) + s(jd) + s(v10m), data = .)      563.8354
gam(log(value) ~ s(pwspeed) + s(pblmax) + s(ptp) + s(jd) + s(v10m), data = .)     552.8237

Modello migliore: tp - pblmax - ptp - jd - v10m 

Dati backward:  436.219365893076::tp::pblmax::ptp::jd::v10m 

Scelgo il modello N 

---------- START ---------- 

                                                                                               IT0825A
gam(log(value) ~ s(t2m) + s(pblmax) + s(ptp) + s(jd) + s(pblmin) + s(v10m), data = .)         356.6351
gam(log(value) ~ s(tmin2m) + s(pblmax) + s(ptp) + s(jd) + s(pblmin) + s(v10m), data = .)      332.8100
gam(log(value) ~ s(tmax2m) + s(pblmax) + s(ptp) + s(jd) + s(pblmin) + s(v10m), data = .)      383.0265
gam(log(value) ~ s(tp) + s(pblmax) + s(ptp) + s(jd) + s(pblmin) + s(v10m), data = .)          357.0108
gam(log(value) ~ s(rh) + s(pblmax) + s(ptp) + s(jd) + s(pblmin) + s(v10m), data = .)          413.2944
gam(log(value) ~ s(u10m) + s(pblmax) + s(ptp) + s(jd) + s(pblmin) + s(v10m), data = .)        445.5350
gam(log(value) ~ s(sp) + s(pblmax) + s(ptp) + s(jd) + s(pblmin) + s(v10m), data = .)          370.0514
gam(log(value) ~ s(nirradiance) + s(pblmax) + s(ptp) + s(jd) + s(pblmin) + s(v10m), data = .) 418.1254
gam(log(value) ~ s(pbl00) + s(pblmax) + s(ptp) + s(jd) + s(pblmin) + s(v10m), data = .)       420.7421
gam(log(value) ~ s(pbl12) + s(pblmax) + s(ptp) + s(jd) + s(pblmin) + s(v10m), data = .)       431.7010
gam(log(value) ~ s(wdir) + s(pblmax) + s(ptp) + s(jd) + s(pblmin) + s(v10m), data = .)        441.7718
gam(log(value) ~ s(wspeed) + s(pblmax) + s(ptp) + s(jd) + s(pblmin) + s(v10m), data = .)      444.8709
gam(log(value) ~ s(pwspeed) + s(pblmax) + s(ptp) + s(jd) + s(pblmin) + s(v10m), data = .)     443.8969

Modello migliore: tmin2m - pblmax - ptp - jd - pblmin - v10m 

Variabile scelta tmin2m con AIC 332.810024631513  

Modelli BACKWARD 

                                                                                                 IT0825A
gam(log(value) ~ s(t2m) + s(pblmax) + s(ptp) + s(jd) + s(pblmin) + s(tmin2m), data = .)         419.6323
gam(log(value) ~ s(tmax2m) + s(pblmax) + s(ptp) + s(jd) + s(pblmin) + s(tmin2m), data = .)      376.7876
gam(log(value) ~ s(tp) + s(pblmax) + s(ptp) + s(jd) + s(pblmin) + s(tmin2m), data = .)          426.0035
gam(log(value) ~ s(rh) + s(pblmax) + s(ptp) + s(jd) + s(pblmin) + s(tmin2m), data = .)          396.5882
gam(log(value) ~ s(u10m) + s(pblmax) + s(ptp) + s(jd) + s(pblmin) + s(tmin2m), data = .)        424.8094
gam(log(value) ~ s(sp) + s(pblmax) + s(ptp) + s(jd) + s(pblmin) + s(tmin2m), data = .)          401.4350
gam(log(value) ~ s(nirradiance) + s(pblmax) + s(ptp) + s(jd) + s(pblmin) + s(tmin2m), data = .) 437.7099
gam(log(value) ~ s(pbl00) + s(pblmax) + s(ptp) + s(jd) + s(pblmin) + s(tmin2m), data = .)       425.3636
gam(log(value) ~ s(pbl12) + s(pblmax) + s(ptp) + s(jd) + s(pblmin) + s(tmin2m), data = .)       446.6376
gam(log(value) ~ s(wdir) + s(pblmax) + s(ptp) + s(jd) + s(pblmin) + s(tmin2m), data = .)        402.1076
gam(log(value) ~ s(wspeed) + s(pblmax) + s(ptp) + s(jd) + s(pblmin) + s(tmin2m), data = .)      454.2901
gam(log(value) ~ s(pwspeed) + s(pblmax) + s(ptp) + s(jd) + s(pblmin) + s(tmin2m), data = .)     447.8740

Modello migliore: tmax2m - pblmax - ptp - jd - pblmin - tmin2m 

Dati backward:  376.787558931702::tmax2m::pblmax::ptp::jd::pblmin::tmin2m 

Scelgo il modello N 

---------- START ---------- 

                                                                                                           IT0825A
gam(log(value) ~ s(t2m) + s(pblmax) + s(ptp) + s(jd) + s(pblmin) + s(v10m) + s(tmin2m), data = .)         324.0258
gam(log(value) ~ s(tmax2m) + s(pblmax) + s(ptp) + s(jd) + s(pblmin) + s(v10m) + s(tmin2m), data = .)      267.7340
gam(log(value) ~ s(tp) + s(pblmax) + s(ptp) + s(jd) + s(pblmin) + s(v10m) + s(tmin2m), data = .)          243.7267
gam(log(value) ~ s(rh) + s(pblmax) + s(ptp) + s(jd) + s(pblmin) + s(v10m) + s(tmin2m), data = .)          304.1224
gam(log(value) ~ s(u10m) + s(pblmax) + s(ptp) + s(jd) + s(pblmin) + s(v10m) + s(tmin2m), data = .)        329.8656
gam(log(value) ~ s(sp) + s(pblmax) + s(ptp) + s(jd) + s(pblmin) + s(v10m) + s(tmin2m), data = .)          258.8652
gam(log(value) ~ s(nirradiance) + s(pblmax) + s(ptp) + s(jd) + s(pblmin) + s(v10m) + s(tmin2m), data = .) 309.8455
gam(log(value) ~ s(pbl00) + s(pblmax) + s(ptp) + s(jd) + s(pblmin) + s(v10m) + s(tmin2m), data = .)       307.6552
gam(log(value) ~ s(pbl12) + s(pblmax) + s(ptp) + s(jd) + s(pblmin) + s(v10m) + s(tmin2m), data = .)       326.0342
gam(log(value) ~ s(wdir) + s(pblmax) + s(ptp) + s(jd) + s(pblmin) + s(v10m) + s(tmin2m), data = .)        327.8935
gam(log(value) ~ s(wspeed) + s(pblmax) + s(ptp) + s(jd) + s(pblmin) + s(v10m) + s(tmin2m), data = .)      331.5045
gam(log(value) ~ s(pwspeed) + s(pblmax) + s(ptp) + s(jd) + s(pblmin) + s(v10m) + s(tmin2m), data = .)     328.7470

Modello migliore: tp - pblmax - ptp - jd - pblmin - v10m - tmin2m 

Variabile scelta tp con AIC 243.726662068501  

Modelli BACKWARD 

                                                                                                       IT0825A
gam(log(value) ~ s(t2m) + s(pblmax) + s(ptp) + s(jd) + s(pblmin) + s(v10m) + s(tp), data = .)         271.8263
gam(log(value) ~ s(tmax2m) + s(pblmax) + s(ptp) + s(jd) + s(pblmin) + s(v10m) + s(tp), data = .)      304.9816
gam(log(value) ~ s(rh) + s(pblmax) + s(ptp) + s(jd) + s(pblmin) + s(v10m) + s(tp), data = .)          351.3289
gam(log(value) ~ s(u10m) + s(pblmax) + s(ptp) + s(jd) + s(pblmin) + s(v10m) + s(tp), data = .)        355.8141
gam(log(value) ~ s(sp) + s(pblmax) + s(ptp) + s(jd) + s(pblmin) + s(v10m) + s(tp), data = .)          297.8180
gam(log(value) ~ s(nirradiance) + s(pblmax) + s(ptp) + s(jd) + s(pblmin) + s(v10m) + s(tp), data = .) 338.4577
gam(log(value) ~ s(pbl00) + s(pblmax) + s(ptp) + s(jd) + s(pblmin) + s(v10m) + s(tp), data = .)       320.2813
gam(log(value) ~ s(pbl12) + s(pblmax) + s(ptp) + s(jd) + s(pblmin) + s(v10m) + s(tp), data = .)       322.1958
gam(log(value) ~ s(wdir) + s(pblmax) + s(ptp) + s(jd) + s(pblmin) + s(v10m) + s(tp), data = .)        347.1680
gam(log(value) ~ s(wspeed) + s(pblmax) + s(ptp) + s(jd) + s(pblmin) + s(v10m) + s(tp), data = .)      354.8959
gam(log(value) ~ s(pwspeed) + s(pblmax) + s(ptp) + s(jd) + s(pblmin) + s(v10m) + s(tp), data = .)     354.3090

Modello migliore: t2m - pblmax - ptp - jd - pblmin - v10m - tp 

Dati backward:  271.826338675989::t2m::pblmax::ptp::jd::pblmin::v10m::tp 

Scelgo il modello N 

---------- START ---------- 

                                                                                                                   IT0825A
gam(log(value) ~ s(t2m) + s(pblmax) + s(ptp) + s(jd) + s(pblmin) + s(v10m) + s(tmin2m) + s(tp), data = .)         241.8598
gam(log(value) ~ s(tmax2m) + s(pblmax) + s(ptp) + s(jd) + s(pblmin) + s(v10m) + s(tmin2m) + s(tp), data = .)      208.6326
gam(log(value) ~ s(rh) + s(pblmax) + s(ptp) + s(jd) + s(pblmin) + s(v10m) + s(tmin2m) + s(tp), data = .)          220.5498
gam(log(value) ~ s(u10m) + s(pblmax) + s(ptp) + s(jd) + s(pblmin) + s(v10m) + s(tmin2m) + s(tp), data = .)        238.9549
gam(log(value) ~ s(sp) + s(pblmax) + s(ptp) + s(jd) + s(pblmin) + s(v10m) + s(tmin2m) + s(tp), data = .)          187.4190
gam(log(value) ~ s(nirradiance) + s(pblmax) + s(ptp) + s(jd) + s(pblmin) + s(v10m) + s(tmin2m) + s(tp), data = .) 220.8176
gam(log(value) ~ s(pbl00) + s(pblmax) + s(ptp) + s(jd) + s(pblmin) + s(v10m) + s(tmin2m) + s(tp), data = .)       206.5831
gam(log(value) ~ s(pbl12) + s(pblmax) + s(ptp) + s(jd) + s(pblmin) + s(v10m) + s(tmin2m) + s(tp), data = .)       219.2627
gam(log(value) ~ s(wdir) + s(pblmax) + s(ptp) + s(jd) + s(pblmin) + s(v10m) + s(tmin2m) + s(tp), data = .)        232.7279
gam(log(value) ~ s(wspeed) + s(pblmax) + s(ptp) + s(jd) + s(pblmin) + s(v10m) + s(tmin2m) + s(tp), data = .)      239.6640
gam(log(value) ~ s(pwspeed) + s(pblmax) + s(ptp) + s(jd) + s(pblmin) + s(v10m) + s(tmin2m) + s(tp), data = .)     239.0707

Modello migliore: sp - pblmax - ptp - jd - pblmin - v10m - tmin2m - tp 

Variabile scelta sp con AIC 187.418978286361  

Modelli BACKWARD 

                                                                                                                   IT0825A
gam(log(value) ~ s(t2m) + s(pblmax) + s(ptp) + s(jd) + s(pblmin) + s(v10m) + s(tmin2m) + s(sp), data = .)         254.7036
gam(log(value) ~ s(tmax2m) + s(pblmax) + s(ptp) + s(jd) + s(pblmin) + s(v10m) + s(tmin2m) + s(sp), data = .)      219.0584
gam(log(value) ~ s(rh) + s(pblmax) + s(ptp) + s(jd) + s(pblmin) + s(v10m) + s(tmin2m) + s(sp), data = .)          229.5632
gam(log(value) ~ s(u10m) + s(pblmax) + s(ptp) + s(jd) + s(pblmin) + s(v10m) + s(tmin2m) + s(sp), data = .)        251.3446
gam(log(value) ~ s(nirradiance) + s(pblmax) + s(ptp) + s(jd) + s(pblmin) + s(v10m) + s(tmin2m) + s(sp), data = .) 242.9616
gam(log(value) ~ s(pbl00) + s(pblmax) + s(ptp) + s(jd) + s(pblmin) + s(v10m) + s(tmin2m) + s(sp), data = .)       237.9234
gam(log(value) ~ s(pbl12) + s(pblmax) + s(ptp) + s(jd) + s(pblmin) + s(v10m) + s(tmin2m) + s(sp), data = .)       250.6677
gam(log(value) ~ s(wdir) + s(pblmax) + s(ptp) + s(jd) + s(pblmin) + s(v10m) + s(tmin2m) + s(sp), data = .)        256.8143
gam(log(value) ~ s(wspeed) + s(pblmax) + s(ptp) + s(jd) + s(pblmin) + s(v10m) + s(tmin2m) + s(sp), data = .)      253.3152
gam(log(value) ~ s(pwspeed) + s(pblmax) + s(ptp) + s(jd) + s(pblmin) + s(v10m) + s(tmin2m) + s(sp), data = .)     257.8713

Modello migliore: tmax2m - pblmax - ptp - jd - pblmin - v10m - tmin2m - sp 

Dati backward:  219.058410292162::tmax2m::pblmax::ptp::jd::pblmin::v10m::tmin2m::sp 

Scelgo il modello N 

---------- START ---------- 

                                                                                                                           IT0825A
gam(log(value) ~ s(t2m) + s(pblmax) + s(ptp) + s(jd) + s(pblmin) + s(v10m) + s(tmin2m) + s(tp) + s(sp), data = .)         186.6436
gam(log(value) ~ s(tmax2m) + s(pblmax) + s(ptp) + s(jd) + s(pblmin) + s(v10m) + s(tmin2m) + s(tp) + s(sp), data = .)      162.3468
gam(log(value) ~ s(rh) + s(pblmax) + s(ptp) + s(jd) + s(pblmin) + s(v10m) + s(tmin2m) + s(tp) + s(sp), data = .)          160.2688
gam(log(value) ~ s(u10m) + s(pblmax) + s(ptp) + s(jd) + s(pblmin) + s(v10m) + s(tmin2m) + s(tp) + s(sp), data = .)        178.3020
gam(log(value) ~ s(nirradiance) + s(pblmax) + s(ptp) + s(jd) + s(pblmin) + s(v10m) + s(tmin2m) + s(tp) + s(sp), data = .) 165.0331
gam(log(value) ~ s(pbl00) + s(pblmax) + s(ptp) + s(jd) + s(pblmin) + s(v10m) + s(tmin2m) + s(tp) + s(sp), data = .)       157.2483
gam(log(value) ~ s(pbl12) + s(pblmax) + s(ptp) + s(jd) + s(pblmin) + s(v10m) + s(tmin2m) + s(tp) + s(sp), data = .)       164.6747
gam(log(value) ~ s(wdir) + s(pblmax) + s(ptp) + s(jd) + s(pblmin) + s(v10m) + s(tmin2m) + s(tp) + s(sp), data = .)        180.0851
gam(log(value) ~ s(wspeed) + s(pblmax) + s(ptp) + s(jd) + s(pblmin) + s(v10m) + s(tmin2m) + s(tp) + s(sp), data = .)      180.3575
gam(log(value) ~ s(pwspeed) + s(pblmax) + s(ptp) + s(jd) + s(pblmin) + s(v10m) + s(tmin2m) + s(tp) + s(sp), data = .)     185.5439

Modello migliore: pbl00 - pblmax - ptp - jd - pblmin - v10m - tmin2m - tp - sp 

Variabile scelta pbl00 con AIC 157.24827374681  

Modelli BACKWARD 

                                                                                                                              IT0825A
gam(log(value) ~ s(t2m) + s(pblmax) + s(ptp) + s(jd) + s(pblmin) + s(v10m) + s(tmin2m) + s(tp) + s(pbl00), data = .)         204.2229
gam(log(value) ~ s(tmax2m) + s(pblmax) + s(ptp) + s(jd) + s(pblmin) + s(v10m) + s(tmin2m) + s(tp) + s(pbl00), data = .)      176.7603
gam(log(value) ~ s(rh) + s(pblmax) + s(ptp) + s(jd) + s(pblmin) + s(v10m) + s(tmin2m) + s(tp) + s(pbl00), data = .)          188.0727
gam(log(value) ~ s(u10m) + s(pblmax) + s(ptp) + s(jd) + s(pblmin) + s(v10m) + s(tmin2m) + s(tp) + s(pbl00), data = .)        202.0066
gam(log(value) ~ s(nirradiance) + s(pblmax) + s(ptp) + s(jd) + s(pblmin) + s(v10m) + s(tmin2m) + s(tp) + s(pbl00), data = .) 181.5507
gam(log(value) ~ s(pbl12) + s(pblmax) + s(ptp) + s(jd) + s(pblmin) + s(v10m) + s(tmin2m) + s(tp) + s(pbl00), data = .)       182.7548
gam(log(value) ~ s(wdir) + s(pblmax) + s(ptp) + s(jd) + s(pblmin) + s(v10m) + s(tmin2m) + s(tp) + s(pbl00), data = .)        195.9509
gam(log(value) ~ s(wspeed) + s(pblmax) + s(ptp) + s(jd) + s(pblmin) + s(v10m) + s(tmin2m) + s(tp) + s(pbl00), data = .)      203.3206
gam(log(value) ~ s(pwspeed) + s(pblmax) + s(ptp) + s(jd) + s(pblmin) + s(v10m) + s(tmin2m) + s(tp) + s(pbl00), data = .)     207.3728

Modello migliore: tmax2m - pblmax - ptp - jd - pblmin - v10m - tmin2m - tp - pbl00 

Dati backward:  176.760318583546::tmax2m::pblmax::ptp::jd::pblmin::v10m::tmin2m::tp::pbl00 

Scelgo il modello N 

---------- START ---------- 

                                                                                                                                      IT0825A
gam(log(value) ~ s(t2m) + s(pblmax) + s(ptp) + s(jd) + s(pblmin) + s(v10m) + s(tmin2m) + s(tp) + s(sp) + s(pbl00), data = .)         156.7314
gam(log(value) ~ s(tmax2m) + s(pblmax) + s(ptp) + s(jd) + s(pblmin) + s(v10m) + s(tmin2m) + s(tp) + s(sp) + s(pbl00), data = .)      135.8390
gam(log(value) ~ s(rh) + s(pblmax) + s(ptp) + s(jd) + s(pblmin) + s(v10m) + s(tmin2m) + s(tp) + s(sp) + s(pbl00), data = .)          134.9448
gam(log(value) ~ s(u10m) + s(pblmax) + s(ptp) + s(jd) + s(pblmin) + s(v10m) + s(tmin2m) + s(tp) + s(sp) + s(pbl00), data = .)        149.1323
gam(log(value) ~ s(nirradiance) + s(pblmax) + s(ptp) + s(jd) + s(pblmin) + s(v10m) + s(tmin2m) + s(tp) + s(sp) + s(pbl00), data = .) 133.9186
gam(log(value) ~ s(pbl12) + s(pblmax) + s(ptp) + s(jd) + s(pblmin) + s(v10m) + s(tmin2m) + s(tp) + s(sp) + s(pbl00), data = .)       134.4588
gam(log(value) ~ s(wdir) + s(pblmax) + s(ptp) + s(jd) + s(pblmin) + s(v10m) + s(tmin2m) + s(tp) + s(sp) + s(pbl00), data = .)        150.3403
gam(log(value) ~ s(wspeed) + s(pblmax) + s(ptp) + s(jd) + s(pblmin) + s(v10m) + s(tmin2m) + s(tp) + s(sp) + s(pbl00), data = .)      151.1060
gam(log(value) ~ s(pwspeed) + s(pblmax) + s(ptp) + s(jd) + s(pblmin) + s(v10m) + s(tmin2m) + s(tp) + s(sp) + s(pbl00), data = .)     156.8058

Modello migliore: nirradiance - pblmax - ptp - jd - pblmin - v10m - tmin2m - tp - sp - pbl00 

Variabile scelta nirradiance con AIC 133.918645612916  

Modelli BACKWARD 

                                                                                                                                        IT0825A
gam(log(value) ~ s(t2m) + s(pblmax) + s(ptp) + s(jd) + s(pblmin) + s(v10m) + s(tmin2m) + s(tp) + s(sp) + s(nirradiance), data = .)     152.6525
gam(log(value) ~ s(tmax2m) + s(pblmax) + s(ptp) + s(jd) + s(pblmin) + s(v10m) + s(tmin2m) + s(tp) + s(sp) + s(nirradiance), data = .)  117.4725
gam(log(value) ~ s(rh) + s(pblmax) + s(ptp) + s(jd) + s(pblmin) + s(v10m) + s(tmin2m) + s(tp) + s(sp) + s(nirradiance), data = .)      149.0570
gam(log(value) ~ s(u10m) + s(pblmax) + s(ptp) + s(jd) + s(pblmin) + s(v10m) + s(tmin2m) + s(tp) + s(sp) + s(nirradiance), data = .)    156.3038
gam(log(value) ~ s(pbl12) + s(pblmax) + s(ptp) + s(jd) + s(pblmin) + s(v10m) + s(tmin2m) + s(tp) + s(sp) + s(nirradiance), data = .)   150.6391
gam(log(value) ~ s(wdir) + s(pblmax) + s(ptp) + s(jd) + s(pblmin) + s(v10m) + s(tmin2m) + s(tp) + s(sp) + s(nirradiance), data = .)    162.1327
gam(log(value) ~ s(wspeed) + s(pblmax) + s(ptp) + s(jd) + s(pblmin) + s(v10m) + s(tmin2m) + s(tp) + s(sp) + s(nirradiance), data = .)  158.9170
gam(log(value) ~ s(pwspeed) + s(pblmax) + s(ptp) + s(jd) + s(pblmin) + s(v10m) + s(tmin2m) + s(tp) + s(sp) + s(nirradiance), data = .) 162.1560

Modello migliore: tmax2m - pblmax - ptp - jd - pblmin - v10m - tmin2m - tp - sp - nirradiance 

[1] "Dati backward:  117.472545516292::tmax2m::pblmax::ptp::jd::pblmin::v10m::tmin2m::tp::sp::nirradiance"

Scelgo il modello N 

---------- START ---------- 

                                                                                                                                                    IT0825A
gam(log(value) ~ s(t2m) + s(pblmax) + s(ptp) + s(jd) + s(pblmin) + s(v10m) + s(tmin2m) + s(tp) + s(sp) + s(pbl00) + s(nirradiance), data = .)     129.17112
gam(log(value) ~ s(tmax2m) + s(pblmax) + s(ptp) + s(jd) + s(pblmin) + s(v10m) + s(tmin2m) + s(tp) + s(sp) + s(pbl00) + s(nirradiance), data = .)   96.00134
gam(log(value) ~ s(rh) + s(pblmax) + s(ptp) + s(jd) + s(pblmin) + s(v10m) + s(tmin2m) + s(tp) + s(sp) + s(pbl00) + s(nirradiance), data = .)      123.09341
gam(log(value) ~ s(u10m) + s(pblmax) + s(ptp) + s(jd) + s(pblmin) + s(v10m) + s(tmin2m) + s(tp) + s(sp) + s(pbl00) + s(nirradiance), data = .)    126.07924
gam(log(value) ~ s(pbl12) + s(pblmax) + s(ptp) + s(jd) + s(pblmin) + s(v10m) + s(tmin2m) + s(tp) + s(sp) + s(pbl00) + s(nirradiance), data = .)   119.95800
gam(log(value) ~ s(wdir) + s(pblmax) + s(ptp) + s(jd) + s(pblmin) + s(v10m) + s(tmin2m) + s(tp) + s(sp) + s(pbl00) + s(nirradiance), data = .)    132.13401
gam(log(value) ~ s(wspeed) + s(pblmax) + s(ptp) + s(jd) + s(pblmin) + s(v10m) + s(tmin2m) + s(tp) + s(sp) + s(pbl00) + s(nirradiance), data = .)  128.18436
gam(log(value) ~ s(pwspeed) + s(pblmax) + s(ptp) + s(jd) + s(pblmin) + s(v10m) + s(tmin2m) + s(tp) + s(sp) + s(pbl00) + s(nirradiance), data = .) 133.11026

[1] "Modello migliore: tmax2m - pblmax - ptp - jd - pblmin - v10m - tmin2m - tp - sp - pbl00 - nirradiance"

Variabile scelta tmax2m con AIC 96.0013371692527  

Modelli BACKWARD 

                                                                                                                                              IT0825A
gam(log(value) ~ s(t2m) + s(pblmax) + s(ptp) + s(jd) + s(pblmin) + s(v10m) + s(tmin2m) + s(tp) + s(sp) + s(pbl00) + s(tmax2m), data = .)     104.5882
gam(log(value) ~ s(rh) + s(pblmax) + s(ptp) + s(jd) + s(pblmin) + s(v10m) + s(tmin2m) + s(tp) + s(sp) + s(pbl00) + s(tmax2m), data = .)      106.9450
gam(log(value) ~ s(u10m) + s(pblmax) + s(ptp) + s(jd) + s(pblmin) + s(v10m) + s(tmin2m) + s(tp) + s(sp) + s(pbl00) + s(tmax2m), data = .)    126.0119
gam(log(value) ~ s(pbl12) + s(pblmax) + s(ptp) + s(jd) + s(pblmin) + s(v10m) + s(tmin2m) + s(tp) + s(sp) + s(pbl00) + s(tmax2m), data = .)   116.6910
gam(log(value) ~ s(wdir) + s(pblmax) + s(ptp) + s(jd) + s(pblmin) + s(v10m) + s(tmin2m) + s(tp) + s(sp) + s(pbl00) + s(tmax2m), data = .)    131.5028
gam(log(value) ~ s(wspeed) + s(pblmax) + s(ptp) + s(jd) + s(pblmin) + s(v10m) + s(tmin2m) + s(tp) + s(sp) + s(pbl00) + s(tmax2m), data = .)  129.1264
gam(log(value) ~ s(pwspeed) + s(pblmax) + s(ptp) + s(jd) + s(pblmin) + s(v10m) + s(tmin2m) + s(tp) + s(sp) + s(pbl00) + s(tmax2m), data = .) 134.6130

Modello migliore: t2m - pblmax - ptp - jd - pblmin - v10m - tmin2m - tp - sp - pbl00 - tmax2m 

Dati backward:  104.588172716178::t2m::pblmax::ptp::jd::pblmin::v10m::tmin2m::tp::sp::pbl00::tmax2m 

Scelgo il modello N-1 

---------- START ---------- 

                                                                                                                                                   IT0825A
gam(log(value) ~ s(t2m) + s(pblmax) + s(ptp) + s(jd) + s(pblmin) + s(v10m) + s(tmin2m) + s(tp) + s(sp) + s(pbl00) + s(nirradiance), data = .)     129.1711
gam(log(value) ~ s(rh) + s(pblmax) + s(ptp) + s(jd) + s(pblmin) + s(v10m) + s(tmin2m) + s(tp) + s(sp) + s(pbl00) + s(nirradiance), data = .)      123.0934
gam(log(value) ~ s(u10m) + s(pblmax) + s(ptp) + s(jd) + s(pblmin) + s(v10m) + s(tmin2m) + s(tp) + s(sp) + s(pbl00) + s(nirradiance), data = .)    126.0792
gam(log(value) ~ s(pbl12) + s(pblmax) + s(ptp) + s(jd) + s(pblmin) + s(v10m) + s(tmin2m) + s(tp) + s(sp) + s(pbl00) + s(nirradiance), data = .)   119.9580
gam(log(value) ~ s(wdir) + s(pblmax) + s(ptp) + s(jd) + s(pblmin) + s(v10m) + s(tmin2m) + s(tp) + s(sp) + s(pbl00) + s(nirradiance), data = .)    132.1340
gam(log(value) ~ s(wspeed) + s(pblmax) + s(ptp) + s(jd) + s(pblmin) + s(v10m) + s(tmin2m) + s(tp) + s(sp) + s(pbl00) + s(nirradiance), data = .)  128.1844
gam(log(value) ~ s(pwspeed) + s(pblmax) + s(ptp) + s(jd) + s(pblmin) + s(v10m) + s(tmin2m) + s(tp) + s(sp) + s(pbl00) + s(nirradiance), data = .) 133.1103

[1] "Modello migliore: pbl12 - pblmax - ptp - jd - pblmin - v10m - tmin2m - tp - sp - pbl00 - nirradiance"

Variabile scelta pbl12 con AIC 119.957999927534  

Fine per scelta MODELLO 

pblmax + ptp + jd + pblmin + v10m + tmin2m + tp + sp + pbl00 + nirradiance 

---------------------- 

NOTE: Log Print Time:  2021-05-11 12:19:51 
NOTE: Elapsed Time in seconds: 2.17643801768621 

Fine per scelta MODELLO 

pblmax + ptp + jd + pblmin + v10m + tmin2m + tp + sp + pbl00 + nirradiance 

---------------------- 

NOTE: Log Print Time:  2021-05-11 12:19:51 
NOTE: Elapsed Time in seconds: 0.00108838081359863 

Fine per scelta MODELLO 

pblmax + ptp + jd + pblmin + v10m + tmin2m + tp + sp + pbl00 + nirradiance 

---------------------- 

NOTE: Log Print Time:  2021-05-11 12:19:51 
NOTE: Elapsed Time in seconds: 0.000986099243164062 

Fine per scelta MODELLO 

pblmax + ptp + jd + pblmin + v10m + tmin2m + tp + sp + pbl00 + nirradiance 

---------------------- 

NOTE: Log Print Time:  2021-05-11 12:19:51 
NOTE: Elapsed Time in seconds: 0.000975131988525391 

Fine per scelta MODELLO 

pblmax + ptp + jd + pblmin + v10m + tmin2m + tp + sp + pbl00 + nirradiance 

---------------------- 

NOTE: Log Print Time:  2021-05-11 12:19:51 
NOTE: Elapsed Time in seconds: 0.000970125198364258 

Fine per scelta MODELLO 

pblmax + ptp + jd + pblmin + v10m + tmin2m + tp + sp + pbl00 + nirradiance 

---------------------- 

NOTE: Log Print Time:  2021-05-11 12:19:51 
NOTE: Elapsed Time in seconds: 0.000973939895629883 

Fine per scelta MODELLO 

pblmax + ptp + jd + pblmin + v10m + tmin2m + tp + sp + pbl00 + nirradiance 

---------------------- 

NOTE: Log Print Time:  2021-05-11 12:19:51 
NOTE: Elapsed Time in seconds: 0.00101351737976074 

Fine per scelta MODELLO 

pblmax + ptp + jd + pblmin + v10m + tmin2m + tp + sp + pbl00 + nirradiance 

---------------------- 

NOTE: Log Print Time:  2021-05-11 12:19:51 
NOTE: Elapsed Time in seconds: 0.000974655151367188 

Fine per scelta MODELLO 

pblmax + ptp + jd + pblmin + v10m + tmin2m + tp + sp + pbl00 + nirradiance 

---------------------- 

NOTE: Log Print Time:  2021-05-11 12:19:51 
NOTE: Elapsed Time in seconds: 0.000970363616943359 

Fine per scelta MODELLO 

pblmax + ptp + jd + pblmin + v10m + tmin2m + tp + sp + pbl00 + nirradiance 

---------------------- 

NOTE: Log Print Time:  2021-05-11 12:19:51 
NOTE: Elapsed Time in seconds: 0.000967979431152344 

Fine per scelta MODELLO 

pblmax + ptp + jd + pblmin + v10m + tmin2m + tp + sp + pbl00 + nirradiance 

---------------------- 

NOTE: Log Print Time:  2021-05-11 12:19:51 
NOTE: Elapsed Time in seconds: 0.000988006591796875 

========================================================================= 
Log End Time: 2021-05-11 12:19:51 
Log Elapsed Time: 0 00:00:02 
========================================================================= 
