========================================================================= 
Log Path: output/12/pm10/log/pulvirus_pm10_12_IT0887A.log 
Working Directory: /home/rmorelli/R/pulvirus/analisi/GAM/scelta 
User Name: rmorelli 
R Version: 4.0.5 (2021-03-31) 
Machine: pasqualino x86_64 
Operating System: Linux 4.19.0-13-amd64 #1 SMP Debian 4.19.160-2 (2020-11-28) 
Log Start Time: 2021-05-11 11:56:27 
========================================================================= 

Stazione: IT0887A 

---------- START ---------- 

                                            IT0887A
gam(log(value) ~ s(t2m), data = .)         1589.112
gam(log(value) ~ s(tmin2m), data = .)      1577.908
gam(log(value) ~ s(tmax2m), data = .)      1643.684
gam(log(value) ~ s(tp), data = .)          1719.227
gam(log(value) ~ s(ptp), data = .)         1647.957
gam(log(value) ~ s(rh), data = .)          1756.364
gam(log(value) ~ s(u10m), data = .)        1714.619
gam(log(value) ~ s(v10m), data = .)        1601.162
gam(log(value) ~ s(sp), data = .)          1493.347
gam(log(value) ~ s(nirradiance), data = .) 1665.977
gam(log(value) ~ s(pbl00), data = .)       1681.078
gam(log(value) ~ s(pbl12), data = .)       1457.838
gam(log(value) ~ s(pblmin), data = .)      1635.339
gam(log(value) ~ s(pblmax), data = .)      1465.249
gam(log(value) ~ s(wdir), data = .)        1533.034
gam(log(value) ~ s(wspeed), data = .)      1704.028
gam(log(value) ~ s(pwspeed), data = .)     1778.112
gam(log(value) ~ s(jd), data = .)          1548.414

Modello migliore: pbl12 

Variabile scelta pbl12 con AIC 1457.83839065074  

---------- START ---------- 

                                                       IT0887A
gam(log(value) ~ s(t2m) + s(pbl12), data = .)         1321.102
gam(log(value) ~ s(tmin2m) + s(pbl12), data = .)      1336.739
gam(log(value) ~ s(tmax2m) + s(pbl12), data = .)      1319.409
gam(log(value) ~ s(tp) + s(pbl12), data = .)          1231.580
gam(log(value) ~ s(ptp) + s(pbl12), data = .)         1224.968
gam(log(value) ~ s(rh) + s(pbl12), data = .)          1367.381
gam(log(value) ~ s(u10m) + s(pbl12), data = .)        1459.317
gam(log(value) ~ s(v10m) + s(pbl12), data = .)        1274.141
gam(log(value) ~ s(sp) + s(pbl12), data = .)          1268.760
gam(log(value) ~ s(nirradiance) + s(pbl12), data = .) 1404.332
gam(log(value) ~ s(pbl00) + s(pbl12), data = .)       1284.732
gam(log(value) ~ s(pbl12) + s(pbl12), data = .)       1457.838
gam(log(value) ~ s(pblmin) + s(pbl12), data = .)      1234.443
gam(log(value) ~ s(pblmax) + s(pbl12), data = .)      1435.772
gam(log(value) ~ s(wdir) + s(pbl12), data = .)        1314.490
gam(log(value) ~ s(wspeed) + s(pbl12), data = .)      1365.418
gam(log(value) ~ s(pwspeed) + s(pbl12), data = .)     1408.630
gam(log(value) ~ s(jd) + s(pbl12), data = .)          1401.734

Modello migliore: ptp - pbl12 

Variabile scelta ptp con AIC 1224.96758177974  

Modelli BACKWARD 

                                                     IT0887A
gam(log(value) ~ s(t2m) + s(ptp), data = .)         1393.094
gam(log(value) ~ s(tmin2m) + s(ptp), data = .)      1404.144
gam(log(value) ~ s(tmax2m) + s(ptp), data = .)      1419.672
gam(log(value) ~ s(tp) + s(ptp), data = .)          1627.850
gam(log(value) ~ s(rh) + s(ptp), data = .)          1477.855
gam(log(value) ~ s(u10m) + s(ptp), data = .)        1530.424
gam(log(value) ~ s(v10m) + s(ptp), data = .)        1450.234
gam(log(value) ~ s(sp) + s(ptp), data = .)          1423.962
gam(log(value) ~ s(nirradiance) + s(ptp), data = .) 1423.171
gam(log(value) ~ s(pbl00) + s(ptp), data = .)       1585.933
gam(log(value) ~ s(pblmin) + s(ptp), data = .)      1527.985
gam(log(value) ~ s(pblmax) + s(ptp), data = .)      1245.122
gam(log(value) ~ s(wdir) + s(ptp), data = .)        1383.193
gam(log(value) ~ s(wspeed) + s(ptp), data = .)      1549.687
gam(log(value) ~ s(pwspeed) + s(ptp), data = .)     1617.246
gam(log(value) ~ s(jd) + s(ptp), data = .)          1280.853

Modello migliore: pblmax - ptp 

Dati backward:  1245.12162786927::pblmax::ptp 

Scelgo il modello N 

---------- START ---------- 

                                                                IT0887A
gam(log(value) ~ s(t2m) + s(pbl12) + s(ptp), data = .)         1117.642
gam(log(value) ~ s(tmin2m) + s(pbl12) + s(ptp), data = .)      1128.056
gam(log(value) ~ s(tmax2m) + s(pbl12) + s(ptp), data = .)      1122.010
gam(log(value) ~ s(tp) + s(pbl12) + s(ptp), data = .)          1131.265
gam(log(value) ~ s(rh) + s(pbl12) + s(ptp), data = .)          1195.249
gam(log(value) ~ s(u10m) + s(pbl12) + s(ptp), data = .)        1221.581
gam(log(value) ~ s(v10m) + s(pbl12) + s(ptp), data = .)        1072.948
gam(log(value) ~ s(sp) + s(pbl12) + s(ptp), data = .)          1154.346
gam(log(value) ~ s(nirradiance) + s(pbl12) + s(ptp), data = .) 1207.762
gam(log(value) ~ s(pbl00) + s(pbl12) + s(ptp), data = .)       1142.894
gam(log(value) ~ s(pblmin) + s(pbl12) + s(ptp), data = .)      1079.325
gam(log(value) ~ s(pblmax) + s(pbl12) + s(ptp), data = .)      1207.534
gam(log(value) ~ s(wdir) + s(pbl12) + s(ptp), data = .)        1120.300
gam(log(value) ~ s(wspeed) + s(pbl12) + s(ptp), data = .)      1159.742
gam(log(value) ~ s(pwspeed) + s(pbl12) + s(ptp), data = .)     1211.242
gam(log(value) ~ s(jd) + s(pbl12) + s(ptp), data = .)          1131.123

Modello migliore: v10m - pbl12 - ptp 

Variabile scelta v10m con AIC 1072.94834812605  

Modelli BACKWARD 

                                                                  IT0887A
gam(log(value) ~ s(t2m) + s(pbl12) + s(v10m), data = .)         1109.0287
gam(log(value) ~ s(tmin2m) + s(pbl12) + s(v10m), data = .)      1103.1094
gam(log(value) ~ s(tmax2m) + s(pbl12) + s(v10m), data = .)      1169.3222
gam(log(value) ~ s(tp) + s(pbl12) + s(v10m), data = .)           961.7934
gam(log(value) ~ s(rh) + s(pbl12) + s(v10m), data = .)          1145.2330
gam(log(value) ~ s(u10m) + s(pbl12) + s(v10m), data = .)        1266.8384
gam(log(value) ~ s(sp) + s(pbl12) + s(v10m), data = .)          1087.5462
gam(log(value) ~ s(nirradiance) + s(pbl12) + s(v10m), data = .) 1222.5953
gam(log(value) ~ s(pbl00) + s(pbl12) + s(v10m), data = .)       1188.7516
gam(log(value) ~ s(pblmin) + s(pbl12) + s(v10m), data = .)      1166.1877
gam(log(value) ~ s(pblmax) + s(pbl12) + s(v10m), data = .)      1255.3154
gam(log(value) ~ s(wdir) + s(pbl12) + s(v10m), data = .)        1242.3243
gam(log(value) ~ s(wspeed) + s(pbl12) + s(v10m), data = .)      1267.1887
gam(log(value) ~ s(pwspeed) + s(pbl12) + s(v10m), data = .)     1261.0153
gam(log(value) ~ s(jd) + s(pbl12) + s(v10m), data = .)          1154.2803

Modello migliore: tp - pbl12 - v10m 

Dati backward:  961.793401978657::tp::pbl12::v10m 

Scelgo il modello N 

---------- START ---------- 

                                                                           IT0887A
gam(log(value) ~ s(t2m) + s(pbl12) + s(ptp) + s(v10m), data = .)          922.1052
gam(log(value) ~ s(tmin2m) + s(pbl12) + s(ptp) + s(v10m), data = .)       918.3478
gam(log(value) ~ s(tmax2m) + s(pbl12) + s(ptp) + s(v10m), data = .)       972.1153
gam(log(value) ~ s(tp) + s(pbl12) + s(ptp) + s(v10m), data = .)           904.2051
gam(log(value) ~ s(rh) + s(pbl12) + s(ptp) + s(v10m), data = .)          1034.8507
gam(log(value) ~ s(u10m) + s(pbl12) + s(ptp) + s(v10m), data = .)        1064.3842
gam(log(value) ~ s(sp) + s(pbl12) + s(ptp) + s(v10m), data = .)           988.8678
gam(log(value) ~ s(nirradiance) + s(pbl12) + s(ptp) + s(v10m), data = .) 1039.1421
gam(log(value) ~ s(pbl00) + s(pbl12) + s(ptp) + s(v10m), data = .)       1039.3514
gam(log(value) ~ s(pblmin) + s(pbl12) + s(ptp) + s(v10m), data = .)      1005.8405
gam(log(value) ~ s(pblmax) + s(pbl12) + s(ptp) + s(v10m), data = .)      1058.0665
gam(log(value) ~ s(wdir) + s(pbl12) + s(ptp) + s(v10m), data = .)        1052.1204
gam(log(value) ~ s(wspeed) + s(pbl12) + s(ptp) + s(v10m), data = .)      1064.4304
gam(log(value) ~ s(pwspeed) + s(pbl12) + s(ptp) + s(v10m), data = .)     1065.2833
gam(log(value) ~ s(jd) + s(pbl12) + s(ptp) + s(v10m), data = .)           918.1898

Modello migliore: tp - pbl12 - ptp - v10m 

Variabile scelta tp con AIC 904.205067876286  

Modelli BACKWARD 

                                                                         IT0887A
gam(log(value) ~ s(t2m) + s(pbl12) + s(ptp) + s(tp), data = .)         1034.1663
gam(log(value) ~ s(tmin2m) + s(pbl12) + s(ptp) + s(tp), data = .)      1051.7908
gam(log(value) ~ s(tmax2m) + s(pbl12) + s(ptp) + s(tp), data = .)      1026.3684
gam(log(value) ~ s(rh) + s(pbl12) + s(ptp) + s(tp), data = .)          1102.3400
gam(log(value) ~ s(u10m) + s(pbl12) + s(ptp) + s(tp), data = .)        1114.7925
gam(log(value) ~ s(sp) + s(pbl12) + s(ptp) + s(tp), data = .)          1099.0323
gam(log(value) ~ s(nirradiance) + s(pbl12) + s(ptp) + s(tp), data = .) 1126.7258
gam(log(value) ~ s(pbl00) + s(pbl12) + s(ptp) + s(tp), data = .)       1070.3415
gam(log(value) ~ s(pblmin) + s(pbl12) + s(ptp) + s(tp), data = .)      1030.9133
gam(log(value) ~ s(pblmax) + s(pbl12) + s(ptp) + s(tp), data = .)      1112.7147
gam(log(value) ~ s(wdir) + s(pbl12) + s(ptp) + s(tp), data = .)         998.2204
gam(log(value) ~ s(wspeed) + s(pbl12) + s(ptp) + s(tp), data = .)      1095.6550
gam(log(value) ~ s(pwspeed) + s(pbl12) + s(ptp) + s(tp), data = .)     1117.7061
gam(log(value) ~ s(jd) + s(pbl12) + s(ptp) + s(tp), data = .)          1039.1028

Modello migliore: wdir - pbl12 - ptp - tp 

Dati backward:  998.22035713666::wdir::pbl12::ptp::tp 

Scelgo il modello N 

---------- START ---------- 

                                                                                  IT0887A
gam(log(value) ~ s(t2m) + s(pbl12) + s(ptp) + s(v10m) + s(tp), data = .)         775.0729
gam(log(value) ~ s(tmin2m) + s(pbl12) + s(ptp) + s(v10m) + s(tp), data = .)      777.5801
gam(log(value) ~ s(tmax2m) + s(pbl12) + s(ptp) + s(v10m) + s(tp), data = .)      808.1709
gam(log(value) ~ s(rh) + s(pbl12) + s(ptp) + s(v10m) + s(tp), data = .)          897.5801
gam(log(value) ~ s(u10m) + s(pbl12) + s(ptp) + s(v10m) + s(tp), data = .)        882.6594
gam(log(value) ~ s(sp) + s(pbl12) + s(ptp) + s(v10m) + s(tp), data = .)          857.6650
gam(log(value) ~ s(nirradiance) + s(pbl12) + s(ptp) + s(v10m) + s(tp), data = .) 876.6305
gam(log(value) ~ s(pbl00) + s(pbl12) + s(ptp) + s(v10m) + s(tp), data = .)       877.0783
gam(log(value) ~ s(pblmin) + s(pbl12) + s(ptp) + s(v10m) + s(tp), data = .)      877.4390
gam(log(value) ~ s(pblmax) + s(pbl12) + s(ptp) + s(v10m) + s(tp), data = .)      881.7069
gam(log(value) ~ s(wdir) + s(pbl12) + s(ptp) + s(v10m) + s(tp), data = .)        878.9376
gam(log(value) ~ s(wspeed) + s(pbl12) + s(ptp) + s(v10m) + s(tp), data = .)      885.6174
gam(log(value) ~ s(pwspeed) + s(pbl12) + s(ptp) + s(v10m) + s(tp), data = .)     894.4471
gam(log(value) ~ s(jd) + s(pbl12) + s(ptp) + s(v10m) + s(tp), data = .)          757.1765

Modello migliore: jd - pbl12 - ptp - v10m - tp 

Variabile scelta jd con AIC 757.176529904941  

Modelli BACKWARD 

                                                                                  IT0887A
gam(log(value) ~ s(t2m) + s(pbl12) + s(ptp) + s(v10m) + s(jd), data = .)         791.3472
gam(log(value) ~ s(tmin2m) + s(pbl12) + s(ptp) + s(v10m) + s(jd), data = .)      803.9138
gam(log(value) ~ s(tmax2m) + s(pbl12) + s(ptp) + s(v10m) + s(jd), data = .)      787.9399
gam(log(value) ~ s(rh) + s(pbl12) + s(ptp) + s(v10m) + s(jd), data = .)          803.1434
gam(log(value) ~ s(u10m) + s(pbl12) + s(ptp) + s(v10m) + s(jd), data = .)        919.3350
gam(log(value) ~ s(sp) + s(pbl12) + s(ptp) + s(v10m) + s(jd), data = .)          864.6218
gam(log(value) ~ s(nirradiance) + s(pbl12) + s(ptp) + s(v10m) + s(jd), data = .) 807.3997
gam(log(value) ~ s(pbl00) + s(pbl12) + s(ptp) + s(v10m) + s(jd), data = .)       875.8598
gam(log(value) ~ s(pblmin) + s(pbl12) + s(ptp) + s(v10m) + s(jd), data = .)      831.3071
gam(log(value) ~ s(pblmax) + s(pbl12) + s(ptp) + s(v10m) + s(jd), data = .)      916.0004
gam(log(value) ~ s(wdir) + s(pbl12) + s(ptp) + s(v10m) + s(jd), data = .)        895.0889
gam(log(value) ~ s(wspeed) + s(pbl12) + s(ptp) + s(v10m) + s(jd), data = .)      912.9781
gam(log(value) ~ s(pwspeed) + s(pbl12) + s(ptp) + s(v10m) + s(jd), data = .)     911.6941

Modello migliore: tmax2m - pbl12 - ptp - v10m - jd 

Dati backward:  787.93987307219::tmax2m::pbl12::ptp::v10m::jd 

Scelgo il modello N 

---------- START ---------- 

                                                                                          IT0887A
gam(log(value) ~ s(t2m) + s(pbl12) + s(ptp) + s(v10m) + s(tp) + s(jd), data = .)         645.2710
gam(log(value) ~ s(tmin2m) + s(pbl12) + s(ptp) + s(v10m) + s(tp) + s(jd), data = .)      648.3750
gam(log(value) ~ s(tmax2m) + s(pbl12) + s(ptp) + s(v10m) + s(tp) + s(jd), data = .)      648.9408
gam(log(value) ~ s(rh) + s(pbl12) + s(ptp) + s(v10m) + s(tp) + s(jd), data = .)          721.7695
gam(log(value) ~ s(u10m) + s(pbl12) + s(ptp) + s(v10m) + s(tp) + s(jd), data = .)        754.7629
gam(log(value) ~ s(sp) + s(pbl12) + s(ptp) + s(v10m) + s(tp) + s(jd), data = .)          739.4413
gam(log(value) ~ s(nirradiance) + s(pbl12) + s(ptp) + s(v10m) + s(tp) + s(jd), data = .) 735.0581
gam(log(value) ~ s(pbl00) + s(pbl12) + s(ptp) + s(v10m) + s(tp) + s(jd), data = .)       729.2097
gam(log(value) ~ s(pblmin) + s(pbl12) + s(ptp) + s(v10m) + s(tp) + s(jd), data = .)      717.8173
gam(log(value) ~ s(pblmax) + s(pbl12) + s(ptp) + s(v10m) + s(tp) + s(jd), data = .)      746.9772
gam(log(value) ~ s(wdir) + s(pbl12) + s(ptp) + s(v10m) + s(tp) + s(jd), data = .)        734.8593
gam(log(value) ~ s(wspeed) + s(pbl12) + s(ptp) + s(v10m) + s(tp) + s(jd), data = .)      751.9808
gam(log(value) ~ s(pwspeed) + s(pbl12) + s(ptp) + s(v10m) + s(tp) + s(jd), data = .)     751.7336

Modello migliore: t2m - pbl12 - ptp - v10m - tp - jd 

Variabile scelta t2m con AIC 645.270965657249  

Modelli BACKWARD 

                                                                                           IT0887A
gam(log(value) ~ s(tmin2m) + s(pbl12) + s(ptp) + s(v10m) + s(tp) + s(t2m), data = .)      766.9871
gam(log(value) ~ s(tmax2m) + s(pbl12) + s(ptp) + s(v10m) + s(tp) + s(t2m), data = .)      699.6169
gam(log(value) ~ s(rh) + s(pbl12) + s(ptp) + s(v10m) + s(tp) + s(t2m), data = .)          767.1745
gam(log(value) ~ s(u10m) + s(pbl12) + s(ptp) + s(v10m) + s(tp) + s(t2m), data = .)        750.9548
gam(log(value) ~ s(sp) + s(pbl12) + s(ptp) + s(v10m) + s(tp) + s(t2m), data = .)          735.8752
gam(log(value) ~ s(nirradiance) + s(pbl12) + s(ptp) + s(v10m) + s(tp) + s(t2m), data = .) 759.6081
gam(log(value) ~ s(pbl00) + s(pbl12) + s(ptp) + s(v10m) + s(tp) + s(t2m), data = .)       750.5996
gam(log(value) ~ s(pblmin) + s(pbl12) + s(ptp) + s(v10m) + s(tp) + s(t2m), data = .)      745.9682
gam(log(value) ~ s(pblmax) + s(pbl12) + s(ptp) + s(v10m) + s(tp) + s(t2m), data = .)      750.6936
gam(log(value) ~ s(wdir) + s(pbl12) + s(ptp) + s(v10m) + s(tp) + s(t2m), data = .)        746.2086
gam(log(value) ~ s(wspeed) + s(pbl12) + s(ptp) + s(v10m) + s(tp) + s(t2m), data = .)      765.7143
gam(log(value) ~ s(pwspeed) + s(pbl12) + s(ptp) + s(v10m) + s(tp) + s(t2m), data = .)     769.6625

Modello migliore: tmax2m - pbl12 - ptp - v10m - tp - t2m 

Dati backward:  699.616888137834::tmax2m::pbl12::ptp::v10m::tp::t2m 

Scelgo il modello N 

---------- START ---------- 

                                                                                                   IT0887A
gam(log(value) ~ s(tmin2m) + s(pbl12) + s(ptp) + s(v10m) + s(tp) + s(jd) + s(t2m), data = .)      604.6320
gam(log(value) ~ s(tmax2m) + s(pbl12) + s(ptp) + s(v10m) + s(tp) + s(jd) + s(t2m), data = .)      521.5735
gam(log(value) ~ s(rh) + s(pbl12) + s(ptp) + s(v10m) + s(tp) + s(jd) + s(t2m), data = .)          623.9466
gam(log(value) ~ s(u10m) + s(pbl12) + s(ptp) + s(v10m) + s(tp) + s(jd) + s(t2m), data = .)        636.4326
gam(log(value) ~ s(sp) + s(pbl12) + s(ptp) + s(v10m) + s(tp) + s(jd) + s(t2m), data = .)          620.1951
gam(log(value) ~ s(nirradiance) + s(pbl12) + s(ptp) + s(v10m) + s(tp) + s(jd) + s(t2m), data = .) 628.1385
gam(log(value) ~ s(pbl00) + s(pbl12) + s(ptp) + s(v10m) + s(tp) + s(jd) + s(t2m), data = .)       618.7549
gam(log(value) ~ s(pblmin) + s(pbl12) + s(ptp) + s(v10m) + s(tp) + s(jd) + s(t2m), data = .)      600.5172
gam(log(value) ~ s(pblmax) + s(pbl12) + s(ptp) + s(v10m) + s(tp) + s(jd) + s(t2m), data = .)      630.7309
gam(log(value) ~ s(wdir) + s(pbl12) + s(ptp) + s(v10m) + s(tp) + s(jd) + s(t2m), data = .)        618.6945
gam(log(value) ~ s(wspeed) + s(pbl12) + s(ptp) + s(v10m) + s(tp) + s(jd) + s(t2m), data = .)      641.7925
gam(log(value) ~ s(pwspeed) + s(pbl12) + s(ptp) + s(v10m) + s(tp) + s(jd) + s(t2m), data = .)     643.3031

Modello migliore: tmax2m - pbl12 - ptp - v10m - tp - jd - t2m 

Variabile scelta tmax2m con AIC 521.573523248358  

Modelli BACKWARD 

                                                                                                      IT0887A
gam(log(value) ~ s(tmin2m) + s(pbl12) + s(ptp) + s(v10m) + s(tp) + s(jd) + s(tmax2m), data = .)      558.9308
gam(log(value) ~ s(rh) + s(pbl12) + s(ptp) + s(v10m) + s(tp) + s(jd) + s(tmax2m), data = .)          619.0045
gam(log(value) ~ s(u10m) + s(pbl12) + s(ptp) + s(v10m) + s(tp) + s(jd) + s(tmax2m), data = .)        642.7343
gam(log(value) ~ s(sp) + s(pbl12) + s(ptp) + s(v10m) + s(tp) + s(jd) + s(tmax2m), data = .)          622.7468
gam(log(value) ~ s(nirradiance) + s(pbl12) + s(ptp) + s(v10m) + s(tp) + s(jd) + s(tmax2m), data = .) 631.3496
gam(log(value) ~ s(pbl00) + s(pbl12) + s(ptp) + s(v10m) + s(tp) + s(jd) + s(tmax2m), data = .)       622.8777
gam(log(value) ~ s(pblmin) + s(pbl12) + s(ptp) + s(v10m) + s(tp) + s(jd) + s(tmax2m), data = .)      603.5297
gam(log(value) ~ s(pblmax) + s(pbl12) + s(ptp) + s(v10m) + s(tp) + s(jd) + s(tmax2m), data = .)      636.3320
gam(log(value) ~ s(wdir) + s(pbl12) + s(ptp) + s(v10m) + s(tp) + s(jd) + s(tmax2m), data = .)        620.8982
gam(log(value) ~ s(wspeed) + s(pbl12) + s(ptp) + s(v10m) + s(tp) + s(jd) + s(tmax2m), data = .)      644.4700
gam(log(value) ~ s(pwspeed) + s(pbl12) + s(ptp) + s(v10m) + s(tp) + s(jd) + s(tmax2m), data = .)     647.6904

Modello migliore: tmin2m - pbl12 - ptp - v10m - tp - jd - tmax2m 

Dati backward:  558.930835951523::tmin2m::pbl12::ptp::v10m::tp::jd::tmax2m 

Scelgo il modello N-1 

---------- START ---------- 

                                                                                                   IT0887A
gam(log(value) ~ s(tmin2m) + s(pbl12) + s(ptp) + s(v10m) + s(tp) + s(jd) + s(t2m), data = .)      604.6320
gam(log(value) ~ s(rh) + s(pbl12) + s(ptp) + s(v10m) + s(tp) + s(jd) + s(t2m), data = .)          623.9466
gam(log(value) ~ s(u10m) + s(pbl12) + s(ptp) + s(v10m) + s(tp) + s(jd) + s(t2m), data = .)        636.4326
gam(log(value) ~ s(sp) + s(pbl12) + s(ptp) + s(v10m) + s(tp) + s(jd) + s(t2m), data = .)          620.1951
gam(log(value) ~ s(nirradiance) + s(pbl12) + s(ptp) + s(v10m) + s(tp) + s(jd) + s(t2m), data = .) 628.1385
gam(log(value) ~ s(pbl00) + s(pbl12) + s(ptp) + s(v10m) + s(tp) + s(jd) + s(t2m), data = .)       618.7549
gam(log(value) ~ s(pblmin) + s(pbl12) + s(ptp) + s(v10m) + s(tp) + s(jd) + s(t2m), data = .)      600.5172
gam(log(value) ~ s(pblmax) + s(pbl12) + s(ptp) + s(v10m) + s(tp) + s(jd) + s(t2m), data = .)      630.7309
gam(log(value) ~ s(wdir) + s(pbl12) + s(ptp) + s(v10m) + s(tp) + s(jd) + s(t2m), data = .)        618.6945
gam(log(value) ~ s(wspeed) + s(pbl12) + s(ptp) + s(v10m) + s(tp) + s(jd) + s(t2m), data = .)      641.7925
gam(log(value) ~ s(pwspeed) + s(pbl12) + s(ptp) + s(v10m) + s(tp) + s(jd) + s(t2m), data = .)     643.3031

Modello migliore: pblmin - pbl12 - ptp - v10m - tp - jd - t2m 

Variabile scelta pblmin con AIC 600.517207300129  

Fine per scelta MODELLO 

pbl12 + ptp + v10m + tp + jd + t2m 

---------------------- 

NOTE: Log Print Time:  2021-05-11 11:57:15 
NOTE: Elapsed Time in seconds: 47.596066236496 

Fine per scelta MODELLO 

pbl12 + ptp + v10m + tp + jd + t2m 

---------------------- 

NOTE: Log Print Time:  2021-05-11 11:57:15 
NOTE: Elapsed Time in seconds: 0.00111508369445801 

Fine per scelta MODELLO 

pbl12 + ptp + v10m + tp + jd + t2m 

---------------------- 

NOTE: Log Print Time:  2021-05-11 11:57:15 
NOTE: Elapsed Time in seconds: 0.00100946426391602 

Fine per scelta MODELLO 

pbl12 + ptp + v10m + tp + jd + t2m 

---------------------- 

NOTE: Log Print Time:  2021-05-11 11:57:15 
NOTE: Elapsed Time in seconds: 0.00105762481689453 

Fine per scelta MODELLO 

pbl12 + ptp + v10m + tp + jd + t2m 

---------------------- 

NOTE: Log Print Time:  2021-05-11 11:57:15 
NOTE: Elapsed Time in seconds: 0.00100350379943848 

Fine per scelta MODELLO 

pbl12 + ptp + v10m + tp + jd + t2m 

---------------------- 

NOTE: Log Print Time:  2021-05-11 11:57:15 
NOTE: Elapsed Time in seconds: 0.00100612640380859 

Fine per scelta MODELLO 

pbl12 + ptp + v10m + tp + jd + t2m 

---------------------- 

NOTE: Log Print Time:  2021-05-11 11:57:15 
NOTE: Elapsed Time in seconds: 0.000994443893432617 

========================================================================= 
Log End Time: 2021-05-11 11:57:15 
Log Elapsed Time: 0 00:00:47 
========================================================================= 
