========================================================================= 
Log Path: output/12/pm10/log/pulvirus_pm10_12_IT0952A.log 
Working Directory: /home/rmorelli/R/pulvirus/analisi/GAM/scelta 
User Name: rmorelli 
R Version: 4.0.5 (2021-03-31) 
Machine: pasqualino x86_64 
Operating System: Linux 4.19.0-13-amd64 #1 SMP Debian 4.19.160-2 (2020-11-28) 
Log Start Time: 2021-05-11 12:20:05 
========================================================================= 

Stazione: IT0952A 

---------- START ---------- 

                                            IT0952A
gam(log(value) ~ s(t2m), data = .)         1585.130
gam(log(value) ~ s(tmin2m), data = .)      1605.131
gam(log(value) ~ s(tmax2m), data = .)      1541.113
gam(log(value) ~ s(tp), data = .)          1553.012
gam(log(value) ~ s(ptp), data = .)         1390.739
gam(log(value) ~ s(rh), data = .)          1645.241
gam(log(value) ~ s(u10m), data = .)        1665.168
gam(log(value) ~ s(v10m), data = .)        1388.075
gam(log(value) ~ s(sp), data = .)          1543.203
gam(log(value) ~ s(nirradiance), data = .) 1650.446
gam(log(value) ~ s(pbl00), data = .)       1370.954
gam(log(value) ~ s(pbl12), data = .)       1578.995
gam(log(value) ~ s(pblmin), data = .)      1369.880
gam(log(value) ~ s(pblmax), data = .)      1525.478
gam(log(value) ~ s(wdir), data = .)        1561.050
gam(log(value) ~ s(wspeed), data = .)      1514.471
gam(log(value) ~ s(pwspeed), data = .)     1552.240
gam(log(value) ~ s(jd), data = .)          1646.244

Modello migliore: pblmin 

Variabile scelta pblmin con AIC 1369.88022149121  

---------- START ---------- 

                                                        IT0952A
gam(log(value) ~ s(t2m) + s(pblmin), data = .)         1326.930
gam(log(value) ~ s(tmin2m) + s(pblmin), data = .)      1313.510
gam(log(value) ~ s(tmax2m) + s(pblmin), data = .)      1304.078
gam(log(value) ~ s(tp) + s(pblmin), data = .)          1330.548
gam(log(value) ~ s(ptp) + s(pblmin), data = .)         1171.567
gam(log(value) ~ s(rh) + s(pblmin), data = .)          1366.870
gam(log(value) ~ s(u10m) + s(pblmin), data = .)        1345.461
gam(log(value) ~ s(v10m) + s(pblmin), data = .)        1263.682
gam(log(value) ~ s(sp) + s(pblmin), data = .)          1302.608
gam(log(value) ~ s(nirradiance) + s(pblmin), data = .) 1369.541
gam(log(value) ~ s(pbl00) + s(pblmin), data = .)       1313.307
gam(log(value) ~ s(pbl12) + s(pblmin), data = .)       1315.752
gam(log(value) ~ s(pblmin) + s(pblmin), data = .)      1369.880
gam(log(value) ~ s(pblmax) + s(pblmin), data = .)      1300.187
gam(log(value) ~ s(wdir) + s(pblmin), data = .)        1305.664
gam(log(value) ~ s(wspeed) + s(pblmin), data = .)      1366.044
gam(log(value) ~ s(pwspeed) + s(pblmin), data = .)     1336.193
gam(log(value) ~ s(jd) + s(pblmin), data = .)          1337.766

Modello migliore: ptp - pblmin 

Variabile scelta ptp con AIC 1171.56715544088  

Modelli BACKWARD 

                                                     IT0952A
gam(log(value) ~ s(t2m) + s(ptp), data = .)         1340.498
gam(log(value) ~ s(tmin2m) + s(ptp), data = .)      1369.468
gam(log(value) ~ s(tmax2m) + s(ptp), data = .)      1308.605
gam(log(value) ~ s(tp) + s(ptp), data = .)          1373.569
gam(log(value) ~ s(rh) + s(ptp), data = .)          1312.033
gam(log(value) ~ s(u10m) + s(ptp), data = .)        1385.539
gam(log(value) ~ s(v10m) + s(ptp), data = .)        1129.189
gam(log(value) ~ s(sp) + s(ptp), data = .)          1364.551
gam(log(value) ~ s(nirradiance) + s(ptp), data = .) 1392.713
gam(log(value) ~ s(pbl00) + s(ptp), data = .)       1217.112
gam(log(value) ~ s(pbl12) + s(ptp), data = .)       1301.822
gam(log(value) ~ s(pblmax) + s(ptp), data = .)      1284.814
gam(log(value) ~ s(wdir) + s(ptp), data = .)        1275.149
gam(log(value) ~ s(wspeed) + s(ptp), data = .)      1301.550
gam(log(value) ~ s(pwspeed) + s(ptp), data = .)     1347.175
gam(log(value) ~ s(jd) + s(ptp), data = .)          1344.147

Modello migliore: v10m - ptp 

Dati backward:  1129.18945815322::v10m::ptp 

Scelgo il modello N 

---------- START ---------- 

                                                                 IT0952A
gam(log(value) ~ s(t2m) + s(pblmin) + s(ptp), data = .)         1147.874
gam(log(value) ~ s(tmin2m) + s(pblmin) + s(ptp), data = .)      1148.095
gam(log(value) ~ s(tmax2m) + s(pblmin) + s(ptp), data = .)      1124.473
gam(log(value) ~ s(tp) + s(pblmin) + s(ptp), data = .)          1169.018
gam(log(value) ~ s(rh) + s(pblmin) + s(ptp), data = .)          1133.530
gam(log(value) ~ s(u10m) + s(pblmin) + s(ptp), data = .)        1136.214
gam(log(value) ~ s(v10m) + s(pblmin) + s(ptp), data = .)        1047.175
gam(log(value) ~ s(sp) + s(pblmin) + s(ptp), data = .)          1156.141
gam(log(value) ~ s(nirradiance) + s(pblmin) + s(ptp), data = .) 1160.961
gam(log(value) ~ s(pbl00) + s(pblmin) + s(ptp), data = .)       1144.449
gam(log(value) ~ s(pbl12) + s(pblmin) + s(ptp), data = .)       1118.809
gam(log(value) ~ s(pblmax) + s(pblmin) + s(ptp), data = .)      1118.006
gam(log(value) ~ s(wdir) + s(pblmin) + s(ptp), data = .)        1100.445
gam(log(value) ~ s(wspeed) + s(pblmin) + s(ptp), data = .)      1171.266
gam(log(value) ~ s(pwspeed) + s(pblmin) + s(ptp), data = .)     1164.581
gam(log(value) ~ s(jd) + s(pblmin) + s(ptp), data = .)          1109.773

Modello migliore: v10m - pblmin - ptp 

Variabile scelta v10m con AIC 1047.17516520055  

Modelli BACKWARD 

                                                                  IT0952A
gam(log(value) ~ s(t2m) + s(pblmin) + s(v10m), data = .)         1196.021
gam(log(value) ~ s(tmin2m) + s(pblmin) + s(v10m), data = .)      1175.864
gam(log(value) ~ s(tmax2m) + s(pblmin) + s(v10m), data = .)      1204.310
gam(log(value) ~ s(tp) + s(pblmin) + s(v10m), data = .)          1119.181
gam(log(value) ~ s(rh) + s(pblmin) + s(v10m), data = .)          1239.066
gam(log(value) ~ s(u10m) + s(pblmin) + s(v10m), data = .)        1249.453
gam(log(value) ~ s(sp) + s(pblmin) + s(v10m), data = .)          1144.379
gam(log(value) ~ s(nirradiance) + s(pblmin) + s(v10m), data = .) 1257.799
gam(log(value) ~ s(pbl00) + s(pblmin) + s(v10m), data = .)       1208.431
gam(log(value) ~ s(pbl12) + s(pblmin) + s(v10m), data = .)       1183.054
gam(log(value) ~ s(pblmax) + s(pblmin) + s(v10m), data = .)      1166.643
gam(log(value) ~ s(wdir) + s(pblmin) + s(v10m), data = .)        1250.976
gam(log(value) ~ s(wspeed) + s(pblmin) + s(v10m), data = .)      1264.574
gam(log(value) ~ s(pwspeed) + s(pblmin) + s(v10m), data = .)     1237.046
gam(log(value) ~ s(jd) + s(pblmin) + s(v10m), data = .)          1238.252

Modello migliore: tp - pblmin - v10m 

Dati backward:  1119.18132603056::tp::pblmin::v10m 

Scelgo il modello N 

---------- START ---------- 

                                                                            IT0952A
gam(log(value) ~ s(t2m) + s(pblmin) + s(ptp) + s(v10m), data = .)         1011.4881
gam(log(value) ~ s(tmin2m) + s(pblmin) + s(ptp) + s(v10m), data = .)       999.5879
gam(log(value) ~ s(tmax2m) + s(pblmin) + s(ptp) + s(v10m), data = .)      1012.3158
gam(log(value) ~ s(tp) + s(pblmin) + s(ptp) + s(v10m), data = .)          1001.7912
gam(log(value) ~ s(rh) + s(pblmin) + s(ptp) + s(v10m), data = .)          1034.5589
gam(log(value) ~ s(u10m) + s(pblmin) + s(ptp) + s(v10m), data = .)        1027.4418
gam(log(value) ~ s(sp) + s(pblmin) + s(ptp) + s(v10m), data = .)           998.7868
gam(log(value) ~ s(nirradiance) + s(pblmin) + s(ptp) + s(v10m), data = .) 1040.1508
gam(log(value) ~ s(pbl00) + s(pblmin) + s(ptp) + s(v10m), data = .)       1022.2598
gam(log(value) ~ s(pbl12) + s(pblmin) + s(ptp) + s(v10m), data = .)        973.2268
gam(log(value) ~ s(pblmax) + s(pblmin) + s(ptp) + s(v10m), data = .)       974.3493
gam(log(value) ~ s(wdir) + s(pblmin) + s(ptp) + s(v10m), data = .)        1031.1889
gam(log(value) ~ s(wspeed) + s(pblmin) + s(ptp) + s(v10m), data = .)      1043.1455
gam(log(value) ~ s(pwspeed) + s(pblmin) + s(ptp) + s(v10m), data = .)     1041.7838
gam(log(value) ~ s(jd) + s(pblmin) + s(ptp) + s(v10m), data = .)           988.9921

Modello migliore: pbl12 - pblmin - ptp - v10m 

Variabile scelta pbl12 con AIC 973.226831090347  

Modelli BACKWARD 

                                                                            IT0952A
gam(log(value) ~ s(t2m) + s(pblmin) + s(ptp) + s(pbl12), data = .)         1054.131
gam(log(value) ~ s(tmin2m) + s(pblmin) + s(ptp) + s(pbl12), data = .)      1068.393
gam(log(value) ~ s(tmax2m) + s(pblmin) + s(ptp) + s(pbl12), data = .)      1033.828
gam(log(value) ~ s(tp) + s(pblmin) + s(ptp) + s(pbl12), data = .)          1108.783
gam(log(value) ~ s(rh) + s(pblmin) + s(ptp) + s(pbl12), data = .)          1109.488
gam(log(value) ~ s(u10m) + s(pblmin) + s(ptp) + s(pbl12), data = .)        1084.633
gam(log(value) ~ s(sp) + s(pblmin) + s(ptp) + s(pbl12), data = .)          1117.931
gam(log(value) ~ s(nirradiance) + s(pblmin) + s(ptp) + s(pbl12), data = .) 1120.272
gam(log(value) ~ s(pbl00) + s(pblmin) + s(ptp) + s(pbl12), data = .)       1091.944
gam(log(value) ~ s(pblmax) + s(pblmin) + s(ptp) + s(pbl12), data = .)      1114.720
gam(log(value) ~ s(wdir) + s(pblmin) + s(ptp) + s(pbl12), data = .)        1037.254
gam(log(value) ~ s(wspeed) + s(pblmin) + s(ptp) + s(pbl12), data = .)      1119.474
gam(log(value) ~ s(pwspeed) + s(pblmin) + s(ptp) + s(pbl12), data = .)     1107.951
gam(log(value) ~ s(jd) + s(pblmin) + s(ptp) + s(pbl12), data = .)          1063.211

Modello migliore: tmax2m - pblmin - ptp - pbl12 

Dati backward:  1033.82830801537::tmax2m::pblmin::ptp::pbl12 

Scelgo il modello N 

---------- START ---------- 

                                                                                      IT0952A
gam(log(value) ~ s(t2m) + s(pblmin) + s(ptp) + s(v10m) + s(pbl12), data = .)         932.3041
gam(log(value) ~ s(tmin2m) + s(pblmin) + s(ptp) + s(v10m) + s(pbl12), data = .)      928.1770
gam(log(value) ~ s(tmax2m) + s(pblmin) + s(ptp) + s(v10m) + s(pbl12), data = .)      922.5184
gam(log(value) ~ s(tp) + s(pblmin) + s(ptp) + s(v10m) + s(pbl12), data = .)          894.4982
gam(log(value) ~ s(rh) + s(pblmin) + s(ptp) + s(v10m) + s(pbl12), data = .)          961.0887
gam(log(value) ~ s(u10m) + s(pblmin) + s(ptp) + s(v10m) + s(pbl12), data = .)        963.1424
gam(log(value) ~ s(sp) + s(pblmin) + s(ptp) + s(v10m) + s(pbl12), data = .)          954.6722
gam(log(value) ~ s(nirradiance) + s(pblmin) + s(ptp) + s(v10m) + s(pbl12), data = .) 967.5059
gam(log(value) ~ s(pbl00) + s(pblmin) + s(ptp) + s(v10m) + s(pbl12), data = .)       947.1391
gam(log(value) ~ s(pblmax) + s(pblmin) + s(ptp) + s(v10m) + s(pbl12), data = .)      965.1963
gam(log(value) ~ s(wdir) + s(pblmin) + s(ptp) + s(v10m) + s(pbl12), data = .)        969.1450
gam(log(value) ~ s(wspeed) + s(pblmin) + s(ptp) + s(v10m) + s(pbl12), data = .)      966.0924
gam(log(value) ~ s(pwspeed) + s(pblmin) + s(ptp) + s(v10m) + s(pbl12), data = .)     961.7463
gam(log(value) ~ s(jd) + s(pblmin) + s(ptp) + s(v10m) + s(pbl12), data = .)          929.6689

Modello migliore: tp - pblmin - ptp - v10m - pbl12 

Variabile scelta tp con AIC 894.498163426049  

Modelli BACKWARD 

                                                                                   IT0952A
gam(log(value) ~ s(t2m) + s(pblmin) + s(ptp) + s(v10m) + s(tp), data = .)         964.2225
gam(log(value) ~ s(tmin2m) + s(pblmin) + s(ptp) + s(v10m) + s(tp), data = .)      951.4260
gam(log(value) ~ s(tmax2m) + s(pblmin) + s(ptp) + s(v10m) + s(tp), data = .)      967.8929
gam(log(value) ~ s(rh) + s(pblmin) + s(ptp) + s(v10m) + s(tp), data = .)          969.7153
gam(log(value) ~ s(u10m) + s(pblmin) + s(ptp) + s(v10m) + s(tp), data = .)        977.0933
gam(log(value) ~ s(sp) + s(pblmin) + s(ptp) + s(v10m) + s(tp), data = .)          953.1338
gam(log(value) ~ s(nirradiance) + s(pblmin) + s(ptp) + s(v10m) + s(tp), data = .) 972.3976
gam(log(value) ~ s(pbl00) + s(pblmin) + s(ptp) + s(v10m) + s(tp), data = .)       971.8513
gam(log(value) ~ s(pblmax) + s(pblmin) + s(ptp) + s(v10m) + s(tp), data = .)      912.8915
gam(log(value) ~ s(wdir) + s(pblmin) + s(ptp) + s(v10m) + s(tp), data = .)        978.2904
gam(log(value) ~ s(wspeed) + s(pblmin) + s(ptp) + s(v10m) + s(tp), data = .)      994.4579
gam(log(value) ~ s(pwspeed) + s(pblmin) + s(ptp) + s(v10m) + s(tp), data = .)     995.5587
gam(log(value) ~ s(jd) + s(pblmin) + s(ptp) + s(v10m) + s(tp), data = .)          932.8828

Modello migliore: pblmax - pblmin - ptp - v10m - tp 

Dati backward:  912.891538022449::pblmax::pblmin::ptp::v10m::tp 

Scelgo il modello N 

---------- START ---------- 

                                                                                              IT0952A
gam(log(value) ~ s(t2m) + s(pblmin) + s(ptp) + s(v10m) + s(pbl12) + s(tp), data = .)         854.3739
gam(log(value) ~ s(tmin2m) + s(pblmin) + s(ptp) + s(v10m) + s(pbl12) + s(tp), data = .)      846.3202
gam(log(value) ~ s(tmax2m) + s(pblmin) + s(ptp) + s(v10m) + s(pbl12) + s(tp), data = .)      849.7373
gam(log(value) ~ s(rh) + s(pblmin) + s(ptp) + s(v10m) + s(pbl12) + s(tp), data = .)          887.5193
gam(log(value) ~ s(u10m) + s(pblmin) + s(ptp) + s(v10m) + s(pbl12) + s(tp), data = .)        879.7653
gam(log(value) ~ s(sp) + s(pblmin) + s(ptp) + s(v10m) + s(pbl12) + s(tp), data = .)          882.6598
gam(log(value) ~ s(nirradiance) + s(pblmin) + s(ptp) + s(v10m) + s(pbl12) + s(tp), data = .) 895.9143
gam(log(value) ~ s(pbl00) + s(pblmin) + s(ptp) + s(v10m) + s(pbl12) + s(tp), data = .)       862.1842
gam(log(value) ~ s(pblmax) + s(pblmin) + s(ptp) + s(v10m) + s(pbl12) + s(tp), data = .)      886.9354
gam(log(value) ~ s(wdir) + s(pblmin) + s(ptp) + s(v10m) + s(pbl12) + s(tp), data = .)        885.0402
gam(log(value) ~ s(wspeed) + s(pblmin) + s(ptp) + s(v10m) + s(pbl12) + s(tp), data = .)      880.9783
gam(log(value) ~ s(pwspeed) + s(pblmin) + s(ptp) + s(v10m) + s(pbl12) + s(tp), data = .)     879.7955
gam(log(value) ~ s(jd) + s(pblmin) + s(ptp) + s(v10m) + s(pbl12) + s(tp), data = .)          846.8178

Modello migliore: tmin2m - pblmin - ptp - v10m - pbl12 - tp 

Variabile scelta tmin2m con AIC 846.320201453912  

Modelli BACKWARD 

                                                                                                  IT0952A
gam(log(value) ~ s(t2m) + s(pblmin) + s(ptp) + s(v10m) + s(pbl12) + s(tmin2m), data = .)         892.4631
gam(log(value) ~ s(tmax2m) + s(pblmin) + s(ptp) + s(v10m) + s(pbl12) + s(tmin2m), data = .)      866.1781
gam(log(value) ~ s(rh) + s(pblmin) + s(ptp) + s(v10m) + s(pbl12) + s(tmin2m), data = .)          916.9652
gam(log(value) ~ s(u10m) + s(pblmin) + s(ptp) + s(v10m) + s(pbl12) + s(tmin2m), data = .)        905.4016
gam(log(value) ~ s(sp) + s(pblmin) + s(ptp) + s(v10m) + s(pbl12) + s(tmin2m), data = .)          893.3943
gam(log(value) ~ s(nirradiance) + s(pblmin) + s(ptp) + s(v10m) + s(pbl12) + s(tmin2m), data = .) 917.5373
gam(log(value) ~ s(pbl00) + s(pblmin) + s(ptp) + s(v10m) + s(pbl12) + s(tmin2m), data = .)       901.2506
gam(log(value) ~ s(pblmax) + s(pblmin) + s(ptp) + s(v10m) + s(pbl12) + s(tmin2m), data = .)      916.6772
gam(log(value) ~ s(wdir) + s(pblmin) + s(ptp) + s(v10m) + s(pbl12) + s(tmin2m), data = .)        914.7236
gam(log(value) ~ s(wspeed) + s(pblmin) + s(ptp) + s(v10m) + s(pbl12) + s(tmin2m), data = .)      913.8149
gam(log(value) ~ s(pwspeed) + s(pblmin) + s(ptp) + s(v10m) + s(pbl12) + s(tmin2m), data = .)     917.0605
gam(log(value) ~ s(jd) + s(pblmin) + s(ptp) + s(v10m) + s(pbl12) + s(tmin2m), data = .)          857.1925

Modello migliore: jd - pblmin - ptp - v10m - pbl12 - tmin2m 

Dati backward:  857.192549144388::jd::pblmin::ptp::v10m::pbl12::tmin2m 

Scelgo il modello N 

---------- START ---------- 

                                                                                                          IT0952A
gam(log(value) ~ s(t2m) + s(pblmin) + s(ptp) + s(v10m) + s(pbl12) + s(tp) + s(tmin2m), data = .)         822.9455
gam(log(value) ~ s(tmax2m) + s(pblmin) + s(ptp) + s(v10m) + s(pbl12) + s(tp) + s(tmin2m), data = .)      810.2939
gam(log(value) ~ s(rh) + s(pblmin) + s(ptp) + s(v10m) + s(pbl12) + s(tp) + s(tmin2m), data = .)          826.2545
gam(log(value) ~ s(u10m) + s(pblmin) + s(ptp) + s(v10m) + s(pbl12) + s(tp) + s(tmin2m), data = .)        817.3609
gam(log(value) ~ s(sp) + s(pblmin) + s(ptp) + s(v10m) + s(pbl12) + s(tp) + s(tmin2m), data = .)          817.4172
gam(log(value) ~ s(nirradiance) + s(pblmin) + s(ptp) + s(v10m) + s(pbl12) + s(tp) + s(tmin2m), data = .) 830.1770
gam(log(value) ~ s(pbl00) + s(pblmin) + s(ptp) + s(v10m) + s(pbl12) + s(tp) + s(tmin2m), data = .)       810.1791
gam(log(value) ~ s(pblmax) + s(pblmin) + s(ptp) + s(v10m) + s(pbl12) + s(tp) + s(tmin2m), data = .)      836.0145
gam(log(value) ~ s(wdir) + s(pblmin) + s(ptp) + s(v10m) + s(pbl12) + s(tp) + s(tmin2m), data = .)        825.8670
gam(log(value) ~ s(wspeed) + s(pblmin) + s(ptp) + s(v10m) + s(pbl12) + s(tp) + s(tmin2m), data = .)      822.2937
gam(log(value) ~ s(pwspeed) + s(pblmin) + s(ptp) + s(v10m) + s(pbl12) + s(tp) + s(tmin2m), data = .)     831.9647
gam(log(value) ~ s(jd) + s(pblmin) + s(ptp) + s(v10m) + s(pbl12) + s(tp) + s(tmin2m), data = .)          772.0453

Modello migliore: jd - pblmin - ptp - v10m - pbl12 - tp - tmin2m 

Variabile scelta jd con AIC 772.045332671479  

Modelli BACKWARD 

                                                                                                      IT0952A
gam(log(value) ~ s(t2m) + s(pblmin) + s(ptp) + s(v10m) + s(pbl12) + s(tp) + s(jd), data = .)         771.4833
gam(log(value) ~ s(tmax2m) + s(pblmin) + s(ptp) + s(v10m) + s(pbl12) + s(tp) + s(jd), data = .)      764.0304
gam(log(value) ~ s(rh) + s(pblmin) + s(ptp) + s(v10m) + s(pbl12) + s(tp) + s(jd), data = .)          837.1322
gam(log(value) ~ s(u10m) + s(pblmin) + s(ptp) + s(v10m) + s(pbl12) + s(tp) + s(jd), data = .)        834.8307
gam(log(value) ~ s(sp) + s(pblmin) + s(ptp) + s(v10m) + s(pbl12) + s(tp) + s(jd), data = .)          839.2022
gam(log(value) ~ s(nirradiance) + s(pblmin) + s(ptp) + s(v10m) + s(pbl12) + s(tp) + s(jd), data = .) 845.7622
gam(log(value) ~ s(pbl00) + s(pblmin) + s(ptp) + s(v10m) + s(pbl12) + s(tp) + s(jd), data = .)       812.2998
gam(log(value) ~ s(pblmax) + s(pblmin) + s(ptp) + s(v10m) + s(pbl12) + s(tp) + s(jd), data = .)      840.0682
gam(log(value) ~ s(wdir) + s(pblmin) + s(ptp) + s(v10m) + s(pbl12) + s(tp) + s(jd), data = .)        836.7078
gam(log(value) ~ s(wspeed) + s(pblmin) + s(ptp) + s(v10m) + s(pbl12) + s(tp) + s(jd), data = .)      835.9738
gam(log(value) ~ s(pwspeed) + s(pblmin) + s(ptp) + s(v10m) + s(pbl12) + s(tp) + s(jd), data = .)     832.7270

Modello migliore: tmax2m - pblmin - ptp - v10m - pbl12 - tp - jd 

Dati backward:  764.030375541216::tmax2m::pblmin::ptp::v10m::pbl12::tp::jd 

Scelgo il modello N 

---------- START ---------- 

                                                                                                                  IT0952A
gam(log(value) ~ s(t2m) + s(pblmin) + s(ptp) + s(v10m) + s(pbl12) + s(tp) + s(tmin2m) + s(jd), data = .)         719.6849
gam(log(value) ~ s(tmax2m) + s(pblmin) + s(ptp) + s(v10m) + s(pbl12) + s(tp) + s(tmin2m) + s(jd), data = .)      702.0184
gam(log(value) ~ s(rh) + s(pblmin) + s(ptp) + s(v10m) + s(pbl12) + s(tp) + s(tmin2m) + s(jd), data = .)          759.8167
gam(log(value) ~ s(u10m) + s(pblmin) + s(ptp) + s(v10m) + s(pbl12) + s(tp) + s(tmin2m) + s(jd), data = .)        753.8376
gam(log(value) ~ s(sp) + s(pblmin) + s(ptp) + s(v10m) + s(pbl12) + s(tp) + s(tmin2m) + s(jd), data = .)          756.0660
gam(log(value) ~ s(nirradiance) + s(pblmin) + s(ptp) + s(v10m) + s(pbl12) + s(tp) + s(tmin2m) + s(jd), data = .) 763.5340
gam(log(value) ~ s(pbl00) + s(pblmin) + s(ptp) + s(v10m) + s(pbl12) + s(tp) + s(tmin2m) + s(jd), data = .)       731.7441
gam(log(value) ~ s(pblmax) + s(pblmin) + s(ptp) + s(v10m) + s(pbl12) + s(tp) + s(tmin2m) + s(jd), data = .)      762.4279
gam(log(value) ~ s(wdir) + s(pblmin) + s(ptp) + s(v10m) + s(pbl12) + s(tp) + s(tmin2m) + s(jd), data = .)        757.3824
gam(log(value) ~ s(wspeed) + s(pblmin) + s(ptp) + s(v10m) + s(pbl12) + s(tp) + s(tmin2m) + s(jd), data = .)      757.0490
gam(log(value) ~ s(pwspeed) + s(pblmin) + s(ptp) + s(v10m) + s(pbl12) + s(tp) + s(tmin2m) + s(jd), data = .)     759.7932

Modello migliore: tmax2m - pblmin - ptp - v10m - pbl12 - tp - tmin2m - jd 

Variabile scelta tmax2m con AIC 702.018406060917  

Modelli BACKWARD 

                                                                                                                      IT0952A
gam(log(value) ~ s(t2m) + s(pblmin) + s(ptp) + s(v10m) + s(pbl12) + s(tp) + s(tmin2m) + s(tmax2m), data = .)         796.0181
gam(log(value) ~ s(rh) + s(pblmin) + s(ptp) + s(v10m) + s(pbl12) + s(tp) + s(tmin2m) + s(tmax2m), data = .)          784.9841
gam(log(value) ~ s(u10m) + s(pblmin) + s(ptp) + s(v10m) + s(pbl12) + s(tp) + s(tmin2m) + s(tmax2m), data = .)        775.9873
gam(log(value) ~ s(sp) + s(pblmin) + s(ptp) + s(v10m) + s(pbl12) + s(tp) + s(tmin2m) + s(tmax2m), data = .)          786.7588
gam(log(value) ~ s(nirradiance) + s(pblmin) + s(ptp) + s(v10m) + s(pbl12) + s(tp) + s(tmin2m) + s(tmax2m), data = .) 772.2007
gam(log(value) ~ s(pbl00) + s(pblmin) + s(ptp) + s(v10m) + s(pbl12) + s(tp) + s(tmin2m) + s(tmax2m), data = .)       782.3754
gam(log(value) ~ s(pblmax) + s(pblmin) + s(ptp) + s(v10m) + s(pbl12) + s(tp) + s(tmin2m) + s(tmax2m), data = .)      803.6889
gam(log(value) ~ s(wdir) + s(pblmin) + s(ptp) + s(v10m) + s(pbl12) + s(tp) + s(tmin2m) + s(tmax2m), data = .)        792.7439
gam(log(value) ~ s(wspeed) + s(pblmin) + s(ptp) + s(v10m) + s(pbl12) + s(tp) + s(tmin2m) + s(tmax2m), data = .)      782.2515
gam(log(value) ~ s(pwspeed) + s(pblmin) + s(ptp) + s(v10m) + s(pbl12) + s(tp) + s(tmin2m) + s(tmax2m), data = .)     795.3787

Modello migliore: nirradiance - pblmin - ptp - v10m - pbl12 - tp - tmin2m - tmax2m 

Dati backward:  772.20067359353::nirradiance::pblmin::ptp::v10m::pbl12::tp::tmin2m::tmax2m 

Scelgo il modello N-1 

---------- START ---------- 

                                                                                                                  IT0952A
gam(log(value) ~ s(t2m) + s(pblmin) + s(ptp) + s(v10m) + s(pbl12) + s(tp) + s(tmin2m) + s(jd), data = .)         719.6849
gam(log(value) ~ s(rh) + s(pblmin) + s(ptp) + s(v10m) + s(pbl12) + s(tp) + s(tmin2m) + s(jd), data = .)          759.8167
gam(log(value) ~ s(u10m) + s(pblmin) + s(ptp) + s(v10m) + s(pbl12) + s(tp) + s(tmin2m) + s(jd), data = .)        753.8376
gam(log(value) ~ s(sp) + s(pblmin) + s(ptp) + s(v10m) + s(pbl12) + s(tp) + s(tmin2m) + s(jd), data = .)          756.0660
gam(log(value) ~ s(nirradiance) + s(pblmin) + s(ptp) + s(v10m) + s(pbl12) + s(tp) + s(tmin2m) + s(jd), data = .) 763.5340
gam(log(value) ~ s(pbl00) + s(pblmin) + s(ptp) + s(v10m) + s(pbl12) + s(tp) + s(tmin2m) + s(jd), data = .)       731.7441
gam(log(value) ~ s(pblmax) + s(pblmin) + s(ptp) + s(v10m) + s(pbl12) + s(tp) + s(tmin2m) + s(jd), data = .)      762.4279
gam(log(value) ~ s(wdir) + s(pblmin) + s(ptp) + s(v10m) + s(pbl12) + s(tp) + s(tmin2m) + s(jd), data = .)        757.3824
gam(log(value) ~ s(wspeed) + s(pblmin) + s(ptp) + s(v10m) + s(pbl12) + s(tp) + s(tmin2m) + s(jd), data = .)      757.0490
gam(log(value) ~ s(pwspeed) + s(pblmin) + s(ptp) + s(v10m) + s(pbl12) + s(tp) + s(tmin2m) + s(jd), data = .)     759.7932

Modello migliore: t2m - pblmin - ptp - v10m - pbl12 - tp - tmin2m - jd 

Variabile scelta t2m con AIC 719.684918080329  

Fine per scelta MODELLO 

pblmin + ptp + v10m + pbl12 + tp + tmin2m + jd 

---------------------- 

NOTE: Log Print Time:  2021-05-11 12:20:50 
NOTE: Elapsed Time in seconds: 45.7088284492493 

Fine per scelta MODELLO 

pblmin + ptp + v10m + pbl12 + tp + tmin2m + jd 

---------------------- 

NOTE: Log Print Time:  2021-05-11 12:20:50 
NOTE: Elapsed Time in seconds: 0.00108170509338379 

Fine per scelta MODELLO 

pblmin + ptp + v10m + pbl12 + tp + tmin2m + jd 

---------------------- 

NOTE: Log Print Time:  2021-05-11 12:20:50 
NOTE: Elapsed Time in seconds: 0.000967025756835938 

Fine per scelta MODELLO 

pblmin + ptp + v10m + pbl12 + tp + tmin2m + jd 

---------------------- 

NOTE: Log Print Time:  2021-05-11 12:20:50 
NOTE: Elapsed Time in seconds: 0.000959396362304688 

Fine per scelta MODELLO 

pblmin + ptp + v10m + pbl12 + tp + tmin2m + jd 

---------------------- 

NOTE: Log Print Time:  2021-05-11 12:20:50 
NOTE: Elapsed Time in seconds: 0.000962018966674805 

Fine per scelta MODELLO 

pblmin + ptp + v10m + pbl12 + tp + tmin2m + jd 

---------------------- 

NOTE: Log Print Time:  2021-05-11 12:20:50 
NOTE: Elapsed Time in seconds: 0.00101065635681152 

Fine per scelta MODELLO 

pblmin + ptp + v10m + pbl12 + tp + tmin2m + jd 

---------------------- 

NOTE: Log Print Time:  2021-05-11 12:20:50 
NOTE: Elapsed Time in seconds: 0.000967502593994141 

Fine per scelta MODELLO 

pblmin + ptp + v10m + pbl12 + tp + tmin2m + jd 

---------------------- 

NOTE: Log Print Time:  2021-05-11 12:20:50 
NOTE: Elapsed Time in seconds: 0.00096893310546875 

========================================================================= 
Log End Time: 2021-05-11 12:20:50 
Log Elapsed Time: 0 00:00:45 
========================================================================= 
