========================================================================= 
Log Path: output/12/pm10/log/pulvirus_pm10_12_IT2264A.log 
Working Directory: /home/rmorelli/R/pulvirus/analisi/GAM/scelta 
User Name: rmorelli 
R Version: 4.0.5 (2021-03-31) 
Machine: pasqualino x86_64 
Operating System: Linux 4.19.0-13-amd64 #1 SMP Debian 4.19.160-2 (2020-11-28) 
Log Start Time: 2021-05-11 12:52:45 
========================================================================= 

Stazione: IT2264A 

---------- START ---------- 

                                            IT2264A
gam(log(value) ~ s(t2m), data = .)         1747.227
gam(log(value) ~ s(tmin2m), data = .)      1763.014
gam(log(value) ~ s(tmax2m), data = .)      1716.905
gam(log(value) ~ s(tp), data = .)          1807.109
gam(log(value) ~ s(ptp), data = .)         1815.447
gam(log(value) ~ s(rh), data = .)          1811.371
gam(log(value) ~ s(u10m), data = .)        1772.351
gam(log(value) ~ s(v10m), data = .)        1618.580
gam(log(value) ~ s(sp), data = .)          1852.583
gam(log(value) ~ s(nirradiance), data = .) 1843.002
gam(log(value) ~ s(pbl00), data = .)       1749.184
gam(log(value) ~ s(pbl12), data = .)       1713.798
gam(log(value) ~ s(pblmin), data = .)      1676.327
gam(log(value) ~ s(pblmax), data = .)      1694.219
gam(log(value) ~ s(wdir), data = .)        1763.421
gam(log(value) ~ s(wspeed), data = .)      1765.662
gam(log(value) ~ s(pwspeed), data = .)     1842.973
gam(log(value) ~ s(jd), data = .)          1672.395

Modello migliore: v10m 

Variabile scelta v10m con AIC 1618.58028318356  

---------- START ---------- 

                                                      IT2264A
gam(log(value) ~ s(t2m) + s(v10m), data = .)         1547.270
gam(log(value) ~ s(tmin2m) + s(v10m), data = .)      1544.468
gam(log(value) ~ s(tmax2m) + s(v10m), data = .)      1533.682
gam(log(value) ~ s(tp) + s(v10m), data = .)          1509.102
gam(log(value) ~ s(ptp) + s(v10m), data = .)         1577.938
gam(log(value) ~ s(rh) + s(v10m), data = .)          1619.581
gam(log(value) ~ s(u10m) + s(v10m), data = .)        1601.376
gam(log(value) ~ s(v10m) + s(v10m), data = .)        1618.580
gam(log(value) ~ s(sp) + s(v10m), data = .)          1600.667
gam(log(value) ~ s(nirradiance) + s(v10m), data = .) 1580.756
gam(log(value) ~ s(pbl00) + s(v10m), data = .)       1564.651
gam(log(value) ~ s(pbl12) + s(v10m), data = .)       1517.919
gam(log(value) ~ s(pblmin) + s(v10m), data = .)      1512.131
gam(log(value) ~ s(pblmax) + s(v10m), data = .)      1517.313
gam(log(value) ~ s(wdir) + s(v10m), data = .)        1613.098
gam(log(value) ~ s(wspeed) + s(v10m), data = .)      1614.897
gam(log(value) ~ s(pwspeed) + s(v10m), data = .)     1618.883
gam(log(value) ~ s(jd) + s(v10m), data = .)          1416.586

Modello migliore: jd - v10m 

Variabile scelta jd con AIC 1416.58572021418  

Modelli BACKWARD 

                                                    IT2264A
gam(log(value) ~ s(t2m) + s(jd), data = .)         1538.150
gam(log(value) ~ s(tmin2m) + s(jd), data = .)      1578.395
gam(log(value) ~ s(tmax2m) + s(jd), data = .)      1496.186
gam(log(value) ~ s(tp) + s(jd), data = .)          1604.582
gam(log(value) ~ s(ptp) + s(jd), data = .)         1606.500
gam(log(value) ~ s(rh) + s(jd), data = .)          1610.603
gam(log(value) ~ s(u10m) + s(jd), data = .)        1583.309
gam(log(value) ~ s(sp) + s(jd), data = .)          1637.833
gam(log(value) ~ s(nirradiance) + s(jd), data = .) 1650.093
gam(log(value) ~ s(pbl00) + s(jd), data = .)       1533.599
gam(log(value) ~ s(pbl12) + s(jd), data = .)       1489.036
gam(log(value) ~ s(pblmin) + s(jd), data = .)      1446.025
gam(log(value) ~ s(pblmax) + s(jd), data = .)      1474.337
gam(log(value) ~ s(wdir) + s(jd), data = .)        1587.213
gam(log(value) ~ s(wspeed) + s(jd), data = .)      1565.658
gam(log(value) ~ s(pwspeed) + s(jd), data = .)     1654.075

Modello migliore: pblmin - jd 

Dati backward:  1446.02482006776::pblmin::jd 

Scelgo il modello N 

---------- START ---------- 

                                                              IT2264A
gam(log(value) ~ s(t2m) + s(v10m) + s(jd), data = .)         1339.855
gam(log(value) ~ s(tmin2m) + s(v10m) + s(jd), data = .)      1345.592
gam(log(value) ~ s(tmax2m) + s(v10m) + s(jd), data = .)      1309.796
gam(log(value) ~ s(tp) + s(v10m) + s(jd), data = .)          1271.049
gam(log(value) ~ s(ptp) + s(v10m) + s(jd), data = .)         1354.288
gam(log(value) ~ s(rh) + s(v10m) + s(jd), data = .)          1418.646
gam(log(value) ~ s(u10m) + s(v10m) + s(jd), data = .)        1397.246
gam(log(value) ~ s(sp) + s(v10m) + s(jd), data = .)          1368.296
gam(log(value) ~ s(nirradiance) + s(v10m) + s(jd), data = .) 1346.499
gam(log(value) ~ s(pbl00) + s(v10m) + s(jd), data = .)       1334.735
gam(log(value) ~ s(pbl12) + s(v10m) + s(jd), data = .)       1270.209
gam(log(value) ~ s(pblmin) + s(v10m) + s(jd), data = .)      1258.944
gam(log(value) ~ s(pblmax) + s(v10m) + s(jd), data = .)      1277.403
gam(log(value) ~ s(wdir) + s(v10m) + s(jd), data = .)        1413.976
gam(log(value) ~ s(wspeed) + s(v10m) + s(jd), data = .)      1406.474
gam(log(value) ~ s(pwspeed) + s(v10m) + s(jd), data = .)     1415.428

Modello migliore: pblmin - v10m - jd 

Variabile scelta pblmin con AIC 1258.94365320714  

Modelli BACKWARD 

                                                                  IT2264A
gam(log(value) ~ s(t2m) + s(v10m) + s(pblmin), data = .)         1463.256
gam(log(value) ~ s(tmin2m) + s(v10m) + s(pblmin), data = .)      1455.321
gam(log(value) ~ s(tmax2m) + s(v10m) + s(pblmin), data = .)      1455.491
gam(log(value) ~ s(tp) + s(v10m) + s(pblmin), data = .)          1441.874
gam(log(value) ~ s(ptp) + s(v10m) + s(pblmin), data = .)         1494.972
gam(log(value) ~ s(rh) + s(v10m) + s(pblmin), data = .)          1512.373
gam(log(value) ~ s(u10m) + s(v10m) + s(pblmin), data = .)        1485.099
gam(log(value) ~ s(sp) + s(v10m) + s(pblmin), data = .)          1499.689
gam(log(value) ~ s(nirradiance) + s(v10m) + s(pblmin), data = .) 1486.634
gam(log(value) ~ s(pbl00) + s(v10m) + s(pblmin), data = .)       1514.126
gam(log(value) ~ s(pbl12) + s(v10m) + s(pblmin), data = .)       1492.585
gam(log(value) ~ s(pblmax) + s(v10m) + s(pblmin), data = .)      1487.416
gam(log(value) ~ s(wdir) + s(v10m) + s(pblmin), data = .)        1508.542
gam(log(value) ~ s(wspeed) + s(v10m) + s(pblmin), data = .)      1510.485
gam(log(value) ~ s(pwspeed) + s(v10m) + s(pblmin), data = .)     1504.398

Modello migliore: tp - v10m - pblmin 

Dati backward:  1441.87431000452::tp::v10m::pblmin 

Scelgo il modello N 

---------- START ---------- 

                                                                          IT2264A
gam(log(value) ~ s(t2m) + s(v10m) + s(jd) + s(pblmin), data = .)         1195.731
gam(log(value) ~ s(tmin2m) + s(v10m) + s(jd) + s(pblmin), data = .)      1185.600
gam(log(value) ~ s(tmax2m) + s(v10m) + s(jd) + s(pblmin), data = .)      1184.408
gam(log(value) ~ s(tp) + s(v10m) + s(jd) + s(pblmin), data = .)          1164.924
gam(log(value) ~ s(ptp) + s(v10m) + s(jd) + s(pblmin), data = .)         1229.971
gam(log(value) ~ s(rh) + s(v10m) + s(jd) + s(pblmin), data = .)          1257.647
gam(log(value) ~ s(u10m) + s(v10m) + s(jd) + s(pblmin), data = .)        1226.800
gam(log(value) ~ s(sp) + s(v10m) + s(jd) + s(pblmin), data = .)          1231.355
gam(log(value) ~ s(nirradiance) + s(v10m) + s(jd) + s(pblmin), data = .) 1224.153
gam(log(value) ~ s(pbl00) + s(v10m) + s(jd) + s(pblmin), data = .)       1260.840
gam(log(value) ~ s(pbl12) + s(v10m) + s(jd) + s(pblmin), data = .)       1226.088
gam(log(value) ~ s(pblmax) + s(v10m) + s(jd) + s(pblmin), data = .)      1223.241
gam(log(value) ~ s(wdir) + s(v10m) + s(jd) + s(pblmin), data = .)        1254.789
gam(log(value) ~ s(wspeed) + s(v10m) + s(jd) + s(pblmin), data = .)      1258.877
gam(log(value) ~ s(pwspeed) + s(v10m) + s(jd) + s(pblmin), data = .)     1252.294

Modello migliore: tp - v10m - jd - pblmin 

Variabile scelta tp con AIC 1164.92424262006  

Modelli BACKWARD 

                                                                      IT2264A
gam(log(value) ~ s(t2m) + s(v10m) + s(jd) + s(tp), data = .)         1213.990
gam(log(value) ~ s(tmin2m) + s(v10m) + s(jd) + s(tp), data = .)      1213.611
gam(log(value) ~ s(tmax2m) + s(v10m) + s(jd) + s(tp), data = .)      1196.556
gam(log(value) ~ s(ptp) + s(v10m) + s(jd) + s(tp), data = .)         1262.812
gam(log(value) ~ s(rh) + s(v10m) + s(jd) + s(tp), data = .)          1261.855
gam(log(value) ~ s(u10m) + s(v10m) + s(jd) + s(tp), data = .)        1255.804
gam(log(value) ~ s(sp) + s(v10m) + s(jd) + s(tp), data = .)          1261.224
gam(log(value) ~ s(nirradiance) + s(v10m) + s(jd) + s(tp), data = .) 1263.180
gam(log(value) ~ s(pbl00) + s(v10m) + s(jd) + s(tp), data = .)       1227.739
gam(log(value) ~ s(pbl12) + s(v10m) + s(jd) + s(tp), data = .)       1165.099
gam(log(value) ~ s(pblmax) + s(v10m) + s(jd) + s(tp), data = .)      1194.836
gam(log(value) ~ s(wdir) + s(v10m) + s(jd) + s(tp), data = .)        1269.169
gam(log(value) ~ s(wspeed) + s(v10m) + s(jd) + s(tp), data = .)      1271.516
gam(log(value) ~ s(pwspeed) + s(v10m) + s(jd) + s(tp), data = .)     1270.028

Modello migliore: pbl12 - v10m - jd - tp 

Dati backward:  1165.0993457892::pbl12::v10m::jd::tp 

Scelgo il modello N 

---------- START ---------- 

                                                                                  IT2264A
gam(log(value) ~ s(t2m) + s(v10m) + s(jd) + s(pblmin) + s(tp), data = .)         1114.635
gam(log(value) ~ s(tmin2m) + s(v10m) + s(jd) + s(pblmin) + s(tp), data = .)      1101.410
gam(log(value) ~ s(tmax2m) + s(v10m) + s(jd) + s(pblmin) + s(tp), data = .)      1108.697
gam(log(value) ~ s(ptp) + s(v10m) + s(jd) + s(pblmin) + s(tp), data = .)         1161.235
gam(log(value) ~ s(rh) + s(v10m) + s(jd) + s(pblmin) + s(tp), data = .)          1162.492
gam(log(value) ~ s(u10m) + s(v10m) + s(jd) + s(pblmin) + s(tp), data = .)        1126.143
gam(log(value) ~ s(sp) + s(v10m) + s(jd) + s(pblmin) + s(tp), data = .)          1149.097
gam(log(value) ~ s(nirradiance) + s(v10m) + s(jd) + s(pblmin) + s(tp), data = .) 1154.194
gam(log(value) ~ s(pbl00) + s(v10m) + s(jd) + s(pblmin) + s(tp), data = .)       1166.248
gam(log(value) ~ s(pbl12) + s(v10m) + s(jd) + s(pblmin) + s(tp), data = .)       1137.122
gam(log(value) ~ s(pblmax) + s(v10m) + s(jd) + s(pblmin) + s(tp), data = .)      1148.938
gam(log(value) ~ s(wdir) + s(v10m) + s(jd) + s(pblmin) + s(tp), data = .)        1160.704
gam(log(value) ~ s(wspeed) + s(v10m) + s(jd) + s(pblmin) + s(tp), data = .)      1159.018
gam(log(value) ~ s(pwspeed) + s(v10m) + s(jd) + s(pblmin) + s(tp), data = .)     1155.026

Modello migliore: tmin2m - v10m - jd - pblmin - tp 

Variabile scelta tmin2m con AIC 1101.40972754587  

Modelli BACKWARD 

                                                                                      IT2264A
gam(log(value) ~ s(t2m) + s(v10m) + s(jd) + s(pblmin) + s(tmin2m), data = .)         1178.946
gam(log(value) ~ s(tmax2m) + s(v10m) + s(jd) + s(pblmin) + s(tmin2m), data = .)      1146.402
gam(log(value) ~ s(ptp) + s(v10m) + s(jd) + s(pblmin) + s(tmin2m), data = .)         1166.103
gam(log(value) ~ s(rh) + s(v10m) + s(jd) + s(pblmin) + s(tmin2m), data = .)          1185.787
gam(log(value) ~ s(u10m) + s(v10m) + s(jd) + s(pblmin) + s(tmin2m), data = .)        1152.383
gam(log(value) ~ s(sp) + s(v10m) + s(jd) + s(pblmin) + s(tmin2m), data = .)          1159.960
gam(log(value) ~ s(nirradiance) + s(v10m) + s(jd) + s(pblmin) + s(tmin2m), data = .) 1143.996
gam(log(value) ~ s(pbl00) + s(v10m) + s(jd) + s(pblmin) + s(tmin2m), data = .)       1187.589
gam(log(value) ~ s(pbl12) + s(v10m) + s(jd) + s(pblmin) + s(tmin2m), data = .)       1166.204
gam(log(value) ~ s(pblmax) + s(v10m) + s(jd) + s(pblmin) + s(tmin2m), data = .)      1159.325
gam(log(value) ~ s(wdir) + s(v10m) + s(jd) + s(pblmin) + s(tmin2m), data = .)        1185.950
gam(log(value) ~ s(wspeed) + s(v10m) + s(jd) + s(pblmin) + s(tmin2m), data = .)      1184.893
gam(log(value) ~ s(pwspeed) + s(v10m) + s(jd) + s(pblmin) + s(tmin2m), data = .)     1175.465

Modello migliore: nirradiance - v10m - jd - pblmin - tmin2m 

Dati backward:  1143.99608044357::nirradiance::v10m::jd::pblmin::tmin2m 

Scelgo il modello N 

---------- START ---------- 

                                                                                              IT2264A
gam(log(value) ~ s(t2m) + s(v10m) + s(jd) + s(pblmin) + s(tp) + s(tmin2m), data = .)         1095.429
gam(log(value) ~ s(tmax2m) + s(v10m) + s(jd) + s(pblmin) + s(tp) + s(tmin2m), data = .)      1075.546
gam(log(value) ~ s(ptp) + s(v10m) + s(jd) + s(pblmin) + s(tp) + s(tmin2m), data = .)         1100.195
gam(log(value) ~ s(rh) + s(v10m) + s(jd) + s(pblmin) + s(tp) + s(tmin2m), data = .)          1083.947
gam(log(value) ~ s(u10m) + s(v10m) + s(jd) + s(pblmin) + s(tp) + s(tmin2m), data = .)        1062.230
gam(log(value) ~ s(sp) + s(v10m) + s(jd) + s(pblmin) + s(tp) + s(tmin2m), data = .)          1080.285
gam(log(value) ~ s(nirradiance) + s(v10m) + s(jd) + s(pblmin) + s(tp) + s(tmin2m), data = .) 1079.831
gam(log(value) ~ s(pbl00) + s(v10m) + s(jd) + s(pblmin) + s(tp) + s(tmin2m), data = .)       1102.130
gam(log(value) ~ s(pbl12) + s(v10m) + s(jd) + s(pblmin) + s(tp) + s(tmin2m), data = .)       1085.081
gam(log(value) ~ s(pblmax) + s(v10m) + s(jd) + s(pblmin) + s(tp) + s(tmin2m), data = .)      1090.321
gam(log(value) ~ s(wdir) + s(v10m) + s(jd) + s(pblmin) + s(tp) + s(tmin2m), data = .)        1102.252
gam(log(value) ~ s(wspeed) + s(v10m) + s(jd) + s(pblmin) + s(tp) + s(tmin2m), data = .)      1095.294
gam(log(value) ~ s(pwspeed) + s(v10m) + s(jd) + s(pblmin) + s(tp) + s(tmin2m), data = .)     1087.087

Modello migliore: u10m - v10m - jd - pblmin - tp - tmin2m 

Variabile scelta u10m con AIC 1062.23022360497  

Modelli BACKWARD 

                                                                                            IT2264A
gam(log(value) ~ s(t2m) + s(v10m) + s(jd) + s(pblmin) + s(tp) + s(u10m), data = .)         1077.765
gam(log(value) ~ s(tmax2m) + s(v10m) + s(jd) + s(pblmin) + s(tp) + s(u10m), data = .)      1077.851
gam(log(value) ~ s(ptp) + s(v10m) + s(jd) + s(pblmin) + s(tp) + s(u10m), data = .)         1116.393
gam(log(value) ~ s(rh) + s(v10m) + s(jd) + s(pblmin) + s(tp) + s(u10m), data = .)          1121.137
gam(log(value) ~ s(sp) + s(v10m) + s(jd) + s(pblmin) + s(tp) + s(u10m), data = .)          1111.733
gam(log(value) ~ s(nirradiance) + s(v10m) + s(jd) + s(pblmin) + s(tp) + s(u10m), data = .) 1110.542
gam(log(value) ~ s(pbl00) + s(v10m) + s(jd) + s(pblmin) + s(tp) + s(u10m), data = .)       1128.124
gam(log(value) ~ s(pbl12) + s(v10m) + s(jd) + s(pblmin) + s(tp) + s(u10m), data = .)       1092.456
gam(log(value) ~ s(pblmax) + s(v10m) + s(jd) + s(pblmin) + s(tp) + s(u10m), data = .)      1109.440
gam(log(value) ~ s(wdir) + s(v10m) + s(jd) + s(pblmin) + s(tp) + s(u10m), data = .)        1126.625
gam(log(value) ~ s(wspeed) + s(v10m) + s(jd) + s(pblmin) + s(tp) + s(u10m), data = .)      1127.863
gam(log(value) ~ s(pwspeed) + s(v10m) + s(jd) + s(pblmin) + s(tp) + s(u10m), data = .)     1117.959

Modello migliore: t2m - v10m - jd - pblmin - tp - u10m 

Dati backward:  1077.76455722416::t2m::v10m::jd::pblmin::tp::u10m 

Scelgo il modello N 

---------- START ---------- 

                                                                                                        IT2264A
gam(log(value) ~ s(t2m) + s(v10m) + s(jd) + s(pblmin) + s(tp) + s(tmin2m) + s(u10m), data = .)         1057.981
gam(log(value) ~ s(tmax2m) + s(v10m) + s(jd) + s(pblmin) + s(tp) + s(tmin2m) + s(u10m), data = .)      1040.481
gam(log(value) ~ s(ptp) + s(v10m) + s(jd) + s(pblmin) + s(tp) + s(tmin2m) + s(u10m), data = .)         1056.913
gam(log(value) ~ s(rh) + s(v10m) + s(jd) + s(pblmin) + s(tp) + s(tmin2m) + s(u10m), data = .)          1036.888
gam(log(value) ~ s(sp) + s(v10m) + s(jd) + s(pblmin) + s(tp) + s(tmin2m) + s(u10m), data = .)          1045.845
gam(log(value) ~ s(nirradiance) + s(v10m) + s(jd) + s(pblmin) + s(tp) + s(tmin2m) + s(u10m), data = .) 1034.383
gam(log(value) ~ s(pbl00) + s(v10m) + s(jd) + s(pblmin) + s(tp) + s(tmin2m) + s(u10m), data = .)       1064.144
gam(log(value) ~ s(pbl12) + s(v10m) + s(jd) + s(pblmin) + s(tp) + s(tmin2m) + s(u10m), data = .)       1041.190
gam(log(value) ~ s(pblmax) + s(v10m) + s(jd) + s(pblmin) + s(tp) + s(tmin2m) + s(u10m), data = .)      1051.081
gam(log(value) ~ s(wdir) + s(v10m) + s(jd) + s(pblmin) + s(tp) + s(tmin2m) + s(u10m), data = .)        1060.420
gam(log(value) ~ s(wspeed) + s(v10m) + s(jd) + s(pblmin) + s(tp) + s(tmin2m) + s(u10m), data = .)      1063.242
gam(log(value) ~ s(pwspeed) + s(v10m) + s(jd) + s(pblmin) + s(tp) + s(tmin2m) + s(u10m), data = .)     1051.166

Modello migliore: nirradiance - v10m - jd - pblmin - tp - tmin2m - u10m 

Variabile scelta nirradiance con AIC 1034.38285383981  

Modelli BACKWARD 

                                                                                                           IT2264A
gam(log(value) ~ s(t2m) + s(v10m) + s(jd) + s(pblmin) + s(tp) + s(tmin2m) + s(nirradiance), data = .)     1077.959
gam(log(value) ~ s(tmax2m) + s(v10m) + s(jd) + s(pblmin) + s(tp) + s(tmin2m) + s(nirradiance), data = .)  1061.982
gam(log(value) ~ s(ptp) + s(v10m) + s(jd) + s(pblmin) + s(tp) + s(tmin2m) + s(nirradiance), data = .)     1077.802
gam(log(value) ~ s(rh) + s(v10m) + s(jd) + s(pblmin) + s(tp) + s(tmin2m) + s(nirradiance), data = .)      1063.948
gam(log(value) ~ s(sp) + s(v10m) + s(jd) + s(pblmin) + s(tp) + s(tmin2m) + s(nirradiance), data = .)      1061.773
gam(log(value) ~ s(pbl00) + s(v10m) + s(jd) + s(pblmin) + s(tp) + s(tmin2m) + s(nirradiance), data = .)   1080.713
gam(log(value) ~ s(pbl12) + s(v10m) + s(jd) + s(pblmin) + s(tp) + s(tmin2m) + s(nirradiance), data = .)   1050.645
gam(log(value) ~ s(pblmax) + s(v10m) + s(jd) + s(pblmin) + s(tp) + s(tmin2m) + s(nirradiance), data = .)  1062.595
gam(log(value) ~ s(wdir) + s(v10m) + s(jd) + s(pblmin) + s(tp) + s(tmin2m) + s(nirradiance), data = .)    1078.101
gam(log(value) ~ s(wspeed) + s(v10m) + s(jd) + s(pblmin) + s(tp) + s(tmin2m) + s(nirradiance), data = .)  1070.401
gam(log(value) ~ s(pwspeed) + s(v10m) + s(jd) + s(pblmin) + s(tp) + s(tmin2m) + s(nirradiance), data = .) 1066.514

Modello migliore: pbl12 - v10m - jd - pblmin - tp - tmin2m - nirradiance 

Dati backward:  1050.644891389::pbl12::v10m::jd::pblmin::tp::tmin2m::nirradiance 

Scelgo il modello N 

---------- START ---------- 

                                                                                                                      IT2264A
gam(log(value) ~ s(t2m) + s(v10m) + s(jd) + s(pblmin) + s(tp) + s(tmin2m) + s(u10m) + s(nirradiance), data = .)     1034.7850
gam(log(value) ~ s(tmax2m) + s(v10m) + s(jd) + s(pblmin) + s(tp) + s(tmin2m) + s(u10m) + s(nirradiance), data = .)  1019.0734
gam(log(value) ~ s(ptp) + s(v10m) + s(jd) + s(pblmin) + s(tp) + s(tmin2m) + s(u10m) + s(nirradiance), data = .)     1027.6043
gam(log(value) ~ s(rh) + s(v10m) + s(jd) + s(pblmin) + s(tp) + s(tmin2m) + s(u10m) + s(nirradiance), data = .)      1013.6934
gam(log(value) ~ s(sp) + s(v10m) + s(jd) + s(pblmin) + s(tp) + s(tmin2m) + s(u10m) + s(nirradiance), data = .)      1020.8579
gam(log(value) ~ s(pbl00) + s(v10m) + s(jd) + s(pblmin) + s(tp) + s(tmin2m) + s(u10m) + s(nirradiance), data = .)   1036.3682
gam(log(value) ~ s(pbl12) + s(v10m) + s(jd) + s(pblmin) + s(tp) + s(tmin2m) + s(u10m) + s(nirradiance), data = .)    996.6065
gam(log(value) ~ s(pblmax) + s(v10m) + s(jd) + s(pblmin) + s(tp) + s(tmin2m) + s(u10m) + s(nirradiance), data = .)  1013.8430
gam(log(value) ~ s(wdir) + s(v10m) + s(jd) + s(pblmin) + s(tp) + s(tmin2m) + s(u10m) + s(nirradiance), data = .)    1033.9491
gam(log(value) ~ s(wspeed) + s(v10m) + s(jd) + s(pblmin) + s(tp) + s(tmin2m) + s(u10m) + s(nirradiance), data = .)  1035.4960
gam(log(value) ~ s(pwspeed) + s(v10m) + s(jd) + s(pblmin) + s(tp) + s(tmin2m) + s(u10m) + s(nirradiance), data = .) 1024.1129

Modello migliore: pbl12 - v10m - jd - pblmin - tp - tmin2m - u10m - nirradiance 

Variabile scelta pbl12 con AIC 996.606533282116  

Modelli BACKWARD 

                                                                                                               IT2264A
gam(log(value) ~ s(t2m) + s(v10m) + s(jd) + s(pblmin) + s(tp) + s(tmin2m) + s(u10m) + s(pbl12), data = .)     1028.891
gam(log(value) ~ s(tmax2m) + s(v10m) + s(jd) + s(pblmin) + s(tp) + s(tmin2m) + s(u10m) + s(pbl12), data = .)  1012.668
gam(log(value) ~ s(ptp) + s(v10m) + s(jd) + s(pblmin) + s(tp) + s(tmin2m) + s(u10m) + s(pbl12), data = .)     1037.704
gam(log(value) ~ s(rh) + s(v10m) + s(jd) + s(pblmin) + s(tp) + s(tmin2m) + s(u10m) + s(pbl12), data = .)      1016.723
gam(log(value) ~ s(sp) + s(v10m) + s(jd) + s(pblmin) + s(tp) + s(tmin2m) + s(u10m) + s(pbl12), data = .)      1026.214
gam(log(value) ~ s(pbl00) + s(v10m) + s(jd) + s(pblmin) + s(tp) + s(tmin2m) + s(u10m) + s(pbl12), data = .)   1042.849
gam(log(value) ~ s(pblmax) + s(v10m) + s(jd) + s(pblmin) + s(tp) + s(tmin2m) + s(u10m) + s(pbl12), data = .)  1042.282
gam(log(value) ~ s(wdir) + s(v10m) + s(jd) + s(pblmin) + s(tp) + s(tmin2m) + s(u10m) + s(pbl12), data = .)    1038.670
gam(log(value) ~ s(wspeed) + s(v10m) + s(jd) + s(pblmin) + s(tp) + s(tmin2m) + s(u10m) + s(pbl12), data = .)  1042.153
gam(log(value) ~ s(pwspeed) + s(v10m) + s(jd) + s(pblmin) + s(tp) + s(tmin2m) + s(u10m) + s(pbl12), data = .) 1032.375

Modello migliore: tmax2m - v10m - jd - pblmin - tp - tmin2m - u10m - pbl12 

Dati backward:  1012.66812119322::tmax2m::v10m::jd::pblmin::tp::tmin2m::u10m::pbl12 

Scelgo il modello N-1 

---------- START ---------- 

                                                                                                                     IT2264A
gam(log(value) ~ s(t2m) + s(v10m) + s(jd) + s(pblmin) + s(tp) + s(tmin2m) + s(u10m) + s(nirradiance), data = .)     1034.785
gam(log(value) ~ s(tmax2m) + s(v10m) + s(jd) + s(pblmin) + s(tp) + s(tmin2m) + s(u10m) + s(nirradiance), data = .)  1019.073
gam(log(value) ~ s(ptp) + s(v10m) + s(jd) + s(pblmin) + s(tp) + s(tmin2m) + s(u10m) + s(nirradiance), data = .)     1027.604
gam(log(value) ~ s(rh) + s(v10m) + s(jd) + s(pblmin) + s(tp) + s(tmin2m) + s(u10m) + s(nirradiance), data = .)      1013.693
gam(log(value) ~ s(sp) + s(v10m) + s(jd) + s(pblmin) + s(tp) + s(tmin2m) + s(u10m) + s(nirradiance), data = .)      1020.858
gam(log(value) ~ s(pbl00) + s(v10m) + s(jd) + s(pblmin) + s(tp) + s(tmin2m) + s(u10m) + s(nirradiance), data = .)   1036.368
gam(log(value) ~ s(pblmax) + s(v10m) + s(jd) + s(pblmin) + s(tp) + s(tmin2m) + s(u10m) + s(nirradiance), data = .)  1013.843
gam(log(value) ~ s(wdir) + s(v10m) + s(jd) + s(pblmin) + s(tp) + s(tmin2m) + s(u10m) + s(nirradiance), data = .)    1033.949
gam(log(value) ~ s(wspeed) + s(v10m) + s(jd) + s(pblmin) + s(tp) + s(tmin2m) + s(u10m) + s(nirradiance), data = .)  1035.496
gam(log(value) ~ s(pwspeed) + s(v10m) + s(jd) + s(pblmin) + s(tp) + s(tmin2m) + s(u10m) + s(nirradiance), data = .) 1024.113

Modello migliore: rh - v10m - jd - pblmin - tp - tmin2m - u10m - nirradiance 

Variabile scelta rh con AIC 1013.69341385879  

Fine per scelta MODELLO 

v10m + jd + pblmin + tp + tmin2m + u10m + nirradiance 

---------------------- 

NOTE: Log Print Time:  2021-05-11 12:54:18 
NOTE: Elapsed Time in seconds: 1.56082967917124 

Fine per scelta MODELLO 

v10m + jd + pblmin + tp + tmin2m + u10m + nirradiance 

---------------------- 

NOTE: Log Print Time:  2021-05-11 12:54:18 
NOTE: Elapsed Time in seconds: 0.00108766555786133 

Fine per scelta MODELLO 

v10m + jd + pblmin + tp + tmin2m + u10m + nirradiance 

---------------------- 

NOTE: Log Print Time:  2021-05-11 12:54:18 
NOTE: Elapsed Time in seconds: 0.000981330871582031 

Fine per scelta MODELLO 

v10m + jd + pblmin + tp + tmin2m + u10m + nirradiance 

---------------------- 

NOTE: Log Print Time:  2021-05-11 12:54:18 
NOTE: Elapsed Time in seconds: 0.00103521347045898 

Fine per scelta MODELLO 

v10m + jd + pblmin + tp + tmin2m + u10m + nirradiance 

---------------------- 

NOTE: Log Print Time:  2021-05-11 12:54:18 
NOTE: Elapsed Time in seconds: 0.000999212265014648 

Fine per scelta MODELLO 

v10m + jd + pblmin + tp + tmin2m + u10m + nirradiance 

---------------------- 

NOTE: Log Print Time:  2021-05-11 12:54:18 
NOTE: Elapsed Time in seconds: 0.000991582870483398 

Fine per scelta MODELLO 

v10m + jd + pblmin + tp + tmin2m + u10m + nirradiance 

---------------------- 

NOTE: Log Print Time:  2021-05-11 12:54:18 
NOTE: Elapsed Time in seconds: 0.00101804733276367 

Fine per scelta MODELLO 

v10m + jd + pblmin + tp + tmin2m + u10m + nirradiance 

---------------------- 

NOTE: Log Print Time:  2021-05-11 12:54:18 
NOTE: Elapsed Time in seconds: 0.00100612640380859 

========================================================================= 
Log End Time: 2021-05-11 12:54:18 
Log Elapsed Time: 0 00:00:01 
========================================================================= 
