========================================================================= 
Log Path: output/12/pm10/log/pulvirus_pm10_12_IT0869A.log 
Working Directory: /home/rmorelli/R/pulvirus/analisi/GAM/scelta 
User Name: rmorelli 
R Version: 4.0.5 (2021-03-31) 
Machine: pasqualino x86_64 
Operating System: Linux 4.19.0-13-amd64 #1 SMP Debian 4.19.160-2 (2020-11-28) 
Log Start Time: 2021-05-11 12:36:04 
========================================================================= 

Stazione: IT0869A 

---------- START ---------- 

                                            IT0869A
gam(log(value) ~ s(t2m), data = .)         1740.742
gam(log(value) ~ s(tmin2m), data = .)      1677.687
gam(log(value) ~ s(tmax2m), data = .)      1822.153
gam(log(value) ~ s(tp), data = .)          1856.824
gam(log(value) ~ s(ptp), data = .)         1766.103
gam(log(value) ~ s(rh), data = .)          1903.636
gam(log(value) ~ s(u10m), data = .)        1887.966
gam(log(value) ~ s(v10m), data = .)        1852.350
gam(log(value) ~ s(sp), data = .)          1589.188
gam(log(value) ~ s(nirradiance), data = .) 1825.575
gam(log(value) ~ s(pbl00), data = .)       1779.015
gam(log(value) ~ s(pbl12), data = .)       1641.289
gam(log(value) ~ s(pblmin), data = .)      1789.996
gam(log(value) ~ s(pblmax), data = .)      1666.270
gam(log(value) ~ s(wdir), data = .)        1858.131
gam(log(value) ~ s(wspeed), data = .)      1919.729
gam(log(value) ~ s(pwspeed), data = .)     1953.277
gam(log(value) ~ s(jd), data = .)          1758.306

Modello migliore: sp 

Variabile scelta sp con AIC 1589.18780293106  

---------- START ---------- 

                                                    IT0869A
gam(log(value) ~ s(t2m) + s(sp), data = .)         1488.296
gam(log(value) ~ s(tmin2m) + s(sp), data = .)      1467.667
gam(log(value) ~ s(tmax2m) + s(sp), data = .)      1507.613
gam(log(value) ~ s(tp) + s(sp), data = .)          1547.131
gam(log(value) ~ s(ptp) + s(sp), data = .)         1469.972
gam(log(value) ~ s(rh) + s(sp), data = .)          1531.081
gam(log(value) ~ s(u10m) + s(sp), data = .)        1550.445
gam(log(value) ~ s(v10m) + s(sp), data = .)        1483.857
gam(log(value) ~ s(sp) + s(sp), data = .)          1589.188
gam(log(value) ~ s(nirradiance) + s(sp), data = .) 1536.861
gam(log(value) ~ s(pbl00) + s(sp), data = .)       1490.369
gam(log(value) ~ s(pbl12) + s(sp), data = .)       1371.777
gam(log(value) ~ s(pblmin) + s(sp), data = .)      1480.612
gam(log(value) ~ s(pblmax) + s(sp), data = .)      1394.921
gam(log(value) ~ s(wdir) + s(sp), data = .)        1564.767
gam(log(value) ~ s(wspeed) + s(sp), data = .)      1559.922
gam(log(value) ~ s(pwspeed) + s(sp), data = .)     1577.864
gam(log(value) ~ s(jd) + s(sp), data = .)          1495.910

Modello migliore: pbl12 - sp 

Variabile scelta pbl12 con AIC 1371.77691090671  

Modelli BACKWARD 

                                                       IT0869A
gam(log(value) ~ s(t2m) + s(pbl12), data = .)         1516.647
gam(log(value) ~ s(tmin2m) + s(pbl12), data = .)      1453.540
gam(log(value) ~ s(tmax2m) + s(pbl12), data = .)      1569.228
gam(log(value) ~ s(tp) + s(pbl12), data = .)          1390.611
gam(log(value) ~ s(ptp) + s(pbl12), data = .)         1379.982
gam(log(value) ~ s(rh) + s(pbl12), data = .)          1595.787
gam(log(value) ~ s(u10m) + s(pbl12), data = .)        1608.016
gam(log(value) ~ s(v10m) + s(pbl12), data = .)        1528.966
gam(log(value) ~ s(nirradiance) + s(pbl12), data = .) 1582.031
gam(log(value) ~ s(pbl00) + s(pbl12), data = .)       1460.991
gam(log(value) ~ s(pblmin) + s(pbl12), data = .)      1474.057
gam(log(value) ~ s(pblmax) + s(pbl12), data = .)      1630.575
gam(log(value) ~ s(wdir) + s(pbl12), data = .)        1591.448
gam(log(value) ~ s(wspeed) + s(pbl12), data = .)      1595.334
gam(log(value) ~ s(pwspeed) + s(pbl12), data = .)     1610.418
gam(log(value) ~ s(jd) + s(pbl12), data = .)          1581.625

Modello migliore: ptp - pbl12 

Dati backward:  1379.98168555386::ptp::pbl12 

Scelgo il modello N 

---------- START ---------- 

                                                               IT0869A
gam(log(value) ~ s(t2m) + s(sp) + s(pbl12), data = .)         1287.146
gam(log(value) ~ s(tmin2m) + s(sp) + s(pbl12), data = .)      1268.186
gam(log(value) ~ s(tmax2m) + s(sp) + s(pbl12), data = .)      1302.746
gam(log(value) ~ s(tp) + s(sp) + s(pbl12), data = .)          1251.257
gam(log(value) ~ s(ptp) + s(sp) + s(pbl12), data = .)         1221.543
gam(log(value) ~ s(rh) + s(sp) + s(pbl12), data = .)          1362.261
gam(log(value) ~ s(u10m) + s(sp) + s(pbl12), data = .)        1348.789
gam(log(value) ~ s(v10m) + s(sp) + s(pbl12), data = .)        1288.360
gam(log(value) ~ s(nirradiance) + s(sp) + s(pbl12), data = .) 1358.711
gam(log(value) ~ s(pbl00) + s(sp) + s(pbl12), data = .)       1278.789
gam(log(value) ~ s(pblmin) + s(sp) + s(pbl12), data = .)      1276.462
gam(log(value) ~ s(pblmax) + s(sp) + s(pbl12), data = .)      1370.240
gam(log(value) ~ s(wdir) + s(sp) + s(pbl12), data = .)        1372.317
gam(log(value) ~ s(wspeed) + s(sp) + s(pbl12), data = .)      1347.181
gam(log(value) ~ s(pwspeed) + s(sp) + s(pbl12), data = .)     1360.651
gam(log(value) ~ s(jd) + s(sp) + s(pbl12), data = .)          1341.539

Modello migliore: ptp - sp - pbl12 

Variabile scelta ptp con AIC 1221.54276412951  

Modelli BACKWARD 

                                                             IT0869A
gam(log(value) ~ s(t2m) + s(sp) + s(ptp), data = .)         1335.786
gam(log(value) ~ s(tmin2m) + s(sp) + s(ptp), data = .)      1326.233
gam(log(value) ~ s(tmax2m) + s(sp) + s(ptp), data = .)      1341.341
gam(log(value) ~ s(tp) + s(sp) + s(ptp), data = .)          1456.723
gam(log(value) ~ s(rh) + s(sp) + s(ptp), data = .)          1343.285
gam(log(value) ~ s(u10m) + s(sp) + s(ptp), data = .)        1415.838
gam(log(value) ~ s(v10m) + s(sp) + s(ptp), data = .)        1367.684
gam(log(value) ~ s(nirradiance) + s(sp) + s(ptp), data = .) 1349.669
gam(log(value) ~ s(pbl00) + s(sp) + s(ptp), data = .)       1413.857
gam(log(value) ~ s(pblmin) + s(sp) + s(ptp), data = .)      1379.294
gam(log(value) ~ s(pblmax) + s(sp) + s(ptp), data = .)      1269.136
gam(log(value) ~ s(wdir) + s(sp) + s(ptp), data = .)        1435.863
gam(log(value) ~ s(wspeed) + s(sp) + s(ptp), data = .)      1446.493
gam(log(value) ~ s(pwspeed) + s(sp) + s(ptp), data = .)     1461.352
gam(log(value) ~ s(jd) + s(sp) + s(ptp), data = .)          1284.286

Modello migliore: pblmax - sp - ptp 

Dati backward:  1269.13560070312::pblmax::sp::ptp 

Scelgo il modello N 

---------- START ---------- 

                                                                        IT0869A
gam(log(value) ~ s(t2m) + s(sp) + s(pbl12) + s(ptp), data = .)         1140.267
gam(log(value) ~ s(tmin2m) + s(sp) + s(pbl12) + s(ptp), data = .)      1123.686
gam(log(value) ~ s(tmax2m) + s(sp) + s(pbl12) + s(ptp), data = .)      1148.645
gam(log(value) ~ s(tp) + s(sp) + s(pbl12) + s(ptp), data = .)          1155.435
gam(log(value) ~ s(rh) + s(sp) + s(pbl12) + s(ptp), data = .)          1210.178
gam(log(value) ~ s(u10m) + s(sp) + s(pbl12) + s(ptp), data = .)        1181.731
gam(log(value) ~ s(v10m) + s(sp) + s(pbl12) + s(ptp), data = .)        1134.315
gam(log(value) ~ s(nirradiance) + s(sp) + s(pbl12) + s(ptp), data = .) 1193.833
gam(log(value) ~ s(pbl00) + s(sp) + s(pbl12) + s(ptp), data = .)       1164.101
gam(log(value) ~ s(pblmin) + s(sp) + s(pbl12) + s(ptp), data = .)      1139.946
gam(log(value) ~ s(pblmax) + s(sp) + s(pbl12) + s(ptp), data = .)      1223.112
gam(log(value) ~ s(wdir) + s(sp) + s(pbl12) + s(ptp), data = .)        1214.853
gam(log(value) ~ s(wspeed) + s(sp) + s(pbl12) + s(ptp), data = .)      1200.044
gam(log(value) ~ s(pwspeed) + s(sp) + s(pbl12) + s(ptp), data = .)     1214.082
gam(log(value) ~ s(jd) + s(sp) + s(pbl12) + s(ptp), data = .)          1141.360

Modello migliore: tmin2m - sp - pbl12 - ptp 

Variabile scelta tmin2m con AIC 1123.6859216785  

Modelli BACKWARD 

                                                                           IT0869A
gam(log(value) ~ s(t2m) + s(sp) + s(pbl12) + s(tmin2m), data = .)         1199.012
gam(log(value) ~ s(tmax2m) + s(sp) + s(pbl12) + s(tmin2m), data = .)      1165.347
gam(log(value) ~ s(tp) + s(sp) + s(pbl12) + s(tmin2m), data = .)          1186.003
gam(log(value) ~ s(rh) + s(sp) + s(pbl12) + s(tmin2m), data = .)          1257.442
gam(log(value) ~ s(u10m) + s(sp) + s(pbl12) + s(tmin2m), data = .)        1245.854
gam(log(value) ~ s(v10m) + s(sp) + s(pbl12) + s(tmin2m), data = .)        1150.011
gam(log(value) ~ s(nirradiance) + s(sp) + s(pbl12) + s(tmin2m), data = .) 1258.944
gam(log(value) ~ s(pbl00) + s(sp) + s(pbl12) + s(tmin2m), data = .)       1187.375
gam(log(value) ~ s(pblmin) + s(sp) + s(pbl12) + s(tmin2m), data = .)      1184.588
gam(log(value) ~ s(pblmax) + s(sp) + s(pbl12) + s(tmin2m), data = .)      1257.814
gam(log(value) ~ s(wdir) + s(sp) + s(pbl12) + s(tmin2m), data = .)        1269.411
gam(log(value) ~ s(wspeed) + s(sp) + s(pbl12) + s(tmin2m), data = .)      1246.521
gam(log(value) ~ s(pwspeed) + s(sp) + s(pbl12) + s(tmin2m), data = .)     1260.817
gam(log(value) ~ s(jd) + s(sp) + s(pbl12) + s(tmin2m), data = .)          1255.133

Modello migliore: v10m - sp - pbl12 - tmin2m 

Dati backward:  1150.011233276::v10m::sp::pbl12::tmin2m 

Scelgo il modello N 

---------- START ---------- 

                                                                                    IT0869A
gam(log(value) ~ s(t2m) + s(sp) + s(pbl12) + s(ptp) + s(tmin2m), data = .)         1073.858
gam(log(value) ~ s(tmax2m) + s(sp) + s(pbl12) + s(ptp) + s(tmin2m), data = .)      1044.140
gam(log(value) ~ s(tp) + s(sp) + s(pbl12) + s(ptp) + s(tmin2m), data = .)          1084.390
gam(log(value) ~ s(rh) + s(sp) + s(pbl12) + s(ptp) + s(tmin2m), data = .)          1097.742
gam(log(value) ~ s(u10m) + s(sp) + s(pbl12) + s(ptp) + s(tmin2m), data = .)        1090.678
gam(log(value) ~ s(v10m) + s(sp) + s(pbl12) + s(ptp) + s(tmin2m), data = .)        1005.016
gam(log(value) ~ s(nirradiance) + s(sp) + s(pbl12) + s(ptp) + s(tmin2m), data = .) 1110.806
gam(log(value) ~ s(pbl00) + s(sp) + s(pbl12) + s(ptp) + s(tmin2m), data = .)       1072.348
gam(log(value) ~ s(pblmin) + s(sp) + s(pbl12) + s(ptp) + s(tmin2m), data = .)      1052.711
gam(log(value) ~ s(pblmax) + s(sp) + s(pbl12) + s(ptp) + s(tmin2m), data = .)      1121.608
gam(log(value) ~ s(wdir) + s(sp) + s(pbl12) + s(ptp) + s(tmin2m), data = .)        1125.379
gam(log(value) ~ s(wspeed) + s(sp) + s(pbl12) + s(ptp) + s(tmin2m), data = .)      1101.375
gam(log(value) ~ s(pwspeed) + s(sp) + s(pbl12) + s(ptp) + s(tmin2m), data = .)     1118.573
gam(log(value) ~ s(jd) + s(sp) + s(pbl12) + s(ptp) + s(tmin2m), data = .)          1089.561

Modello migliore: v10m - sp - pbl12 - ptp - tmin2m 

Variabile scelta v10m con AIC 1005.0163534141  

Modelli BACKWARD 

                                                                                  IT0869A
gam(log(value) ~ s(t2m) + s(sp) + s(pbl12) + s(ptp) + s(v10m), data = .)         1030.620
gam(log(value) ~ s(tmax2m) + s(sp) + s(pbl12) + s(ptp) + s(v10m), data = .)      1057.441
gam(log(value) ~ s(tp) + s(sp) + s(pbl12) + s(ptp) + s(v10m), data = .)          1015.168
gam(log(value) ~ s(rh) + s(sp) + s(pbl12) + s(ptp) + s(v10m), data = .)          1124.973
gam(log(value) ~ s(u10m) + s(sp) + s(pbl12) + s(ptp) + s(v10m), data = .)        1089.491
gam(log(value) ~ s(nirradiance) + s(sp) + s(pbl12) + s(ptp) + s(v10m), data = .) 1085.910
gam(log(value) ~ s(pbl00) + s(sp) + s(pbl12) + s(ptp) + s(v10m), data = .)       1068.220
gam(log(value) ~ s(pblmin) + s(sp) + s(pbl12) + s(ptp) + s(v10m), data = .)      1062.875
gam(log(value) ~ s(pblmax) + s(sp) + s(pbl12) + s(ptp) + s(v10m), data = .)      1135.016
gam(log(value) ~ s(wdir) + s(sp) + s(pbl12) + s(ptp) + s(v10m), data = .)        1130.443
gam(log(value) ~ s(wspeed) + s(sp) + s(pbl12) + s(ptp) + s(v10m), data = .)      1117.999
gam(log(value) ~ s(pwspeed) + s(sp) + s(pbl12) + s(ptp) + s(v10m), data = .)     1126.285
gam(log(value) ~ s(jd) + s(sp) + s(pbl12) + s(ptp) + s(v10m), data = .)          1038.560

Modello migliore: tp - sp - pbl12 - ptp - v10m 

Dati backward:  1015.16843365214::tp::sp::pbl12::ptp::v10m 

Scelgo il modello N 

---------- START ---------- 

                                                                                               IT0869A
gam(log(value) ~ s(t2m) + s(sp) + s(pbl12) + s(ptp) + s(tmin2m) + s(v10m), data = .)          985.3098
gam(log(value) ~ s(tmax2m) + s(sp) + s(pbl12) + s(ptp) + s(tmin2m) + s(v10m), data = .)       952.7929
gam(log(value) ~ s(tp) + s(sp) + s(pbl12) + s(ptp) + s(tmin2m) + s(v10m), data = .)           909.9635
gam(log(value) ~ s(rh) + s(sp) + s(pbl12) + s(ptp) + s(tmin2m) + s(v10m), data = .)           995.3712
gam(log(value) ~ s(u10m) + s(sp) + s(pbl12) + s(ptp) + s(tmin2m) + s(v10m), data = .)         965.2556
gam(log(value) ~ s(nirradiance) + s(sp) + s(pbl12) + s(ptp) + s(tmin2m) + s(v10m), data = .)  975.9640
gam(log(value) ~ s(pbl00) + s(sp) + s(pbl12) + s(ptp) + s(tmin2m) + s(v10m), data = .)        944.3480
gam(log(value) ~ s(pblmin) + s(sp) + s(pbl12) + s(ptp) + s(tmin2m) + s(v10m), data = .)       949.2301
gam(log(value) ~ s(pblmax) + s(sp) + s(pbl12) + s(ptp) + s(tmin2m) + s(v10m), data = .)      1001.4481
gam(log(value) ~ s(wdir) + s(sp) + s(pbl12) + s(ptp) + s(tmin2m) + s(v10m), data = .)        1004.4433
gam(log(value) ~ s(wspeed) + s(sp) + s(pbl12) + s(ptp) + s(tmin2m) + s(v10m), data = .)       989.2680
gam(log(value) ~ s(pwspeed) + s(sp) + s(pbl12) + s(ptp) + s(tmin2m) + s(v10m), data = .)     1000.0049
gam(log(value) ~ s(jd) + s(sp) + s(pbl12) + s(ptp) + s(tmin2m) + s(v10m), data = .)           969.0436

Modello migliore: tp - sp - pbl12 - ptp - tmin2m - v10m 

Variabile scelta tp con AIC 909.963496674922  

Modelli BACKWARD 

                                                                                            IT0869A
gam(log(value) ~ s(t2m) + s(sp) + s(pbl12) + s(ptp) + s(tmin2m) + s(tp), data = .)         1042.463
gam(log(value) ~ s(tmax2m) + s(sp) + s(pbl12) + s(ptp) + s(tmin2m) + s(tp), data = .)      1020.197
gam(log(value) ~ s(rh) + s(sp) + s(pbl12) + s(ptp) + s(tmin2m) + s(tp), data = .)          1019.649
gam(log(value) ~ s(u10m) + s(sp) + s(pbl12) + s(ptp) + s(tmin2m) + s(tp), data = .)        1048.820
gam(log(value) ~ s(nirradiance) + s(sp) + s(pbl12) + s(ptp) + s(tmin2m) + s(tp), data = .) 1061.799
gam(log(value) ~ s(pbl00) + s(sp) + s(pbl12) + s(ptp) + s(tmin2m) + s(tp), data = .)       1038.936
gam(log(value) ~ s(pblmin) + s(sp) + s(pbl12) + s(ptp) + s(tmin2m) + s(tp), data = .)      1025.871
gam(log(value) ~ s(pblmax) + s(sp) + s(pbl12) + s(ptp) + s(tmin2m) + s(tp), data = .)      1084.524
gam(log(value) ~ s(wdir) + s(sp) + s(pbl12) + s(ptp) + s(tmin2m) + s(tp), data = .)        1084.932
gam(log(value) ~ s(wspeed) + s(sp) + s(pbl12) + s(ptp) + s(tmin2m) + s(tp), data = .)      1066.649
gam(log(value) ~ s(pwspeed) + s(sp) + s(pbl12) + s(ptp) + s(tmin2m) + s(tp), data = .)     1079.583
gam(log(value) ~ s(jd) + s(sp) + s(pbl12) + s(ptp) + s(tmin2m) + s(tp), data = .)          1032.541

Modello migliore: rh - sp - pbl12 - ptp - tmin2m - tp 

Dati backward:  1019.64860138255::rh::sp::pbl12::ptp::tmin2m::tp 

Scelgo il modello N 

---------- START ---------- 

                                                                                                      IT0869A
gam(log(value) ~ s(t2m) + s(sp) + s(pbl12) + s(ptp) + s(tmin2m) + s(v10m) + s(tp), data = .)         897.6931
gam(log(value) ~ s(tmax2m) + s(sp) + s(pbl12) + s(ptp) + s(tmin2m) + s(v10m) + s(tp), data = .)      878.6807
gam(log(value) ~ s(rh) + s(sp) + s(pbl12) + s(ptp) + s(tmin2m) + s(v10m) + s(tp), data = .)          872.7713
gam(log(value) ~ s(u10m) + s(sp) + s(pbl12) + s(ptp) + s(tmin2m) + s(v10m) + s(tp), data = .)        866.8391
gam(log(value) ~ s(nirradiance) + s(sp) + s(pbl12) + s(ptp) + s(tmin2m) + s(v10m) + s(tp), data = .) 873.9041
gam(log(value) ~ s(pbl00) + s(sp) + s(pbl12) + s(ptp) + s(tmin2m) + s(v10m) + s(tp), data = .)       855.9338
gam(log(value) ~ s(pblmin) + s(sp) + s(pbl12) + s(ptp) + s(tmin2m) + s(v10m) + s(tp), data = .)      872.0306
gam(log(value) ~ s(pblmax) + s(sp) + s(pbl12) + s(ptp) + s(tmin2m) + s(v10m) + s(tp), data = .)      910.5559
gam(log(value) ~ s(wdir) + s(sp) + s(pbl12) + s(ptp) + s(tmin2m) + s(v10m) + s(tp), data = .)        908.3831
gam(log(value) ~ s(wspeed) + s(sp) + s(pbl12) + s(ptp) + s(tmin2m) + s(v10m) + s(tp), data = .)      897.4068
gam(log(value) ~ s(pwspeed) + s(sp) + s(pbl12) + s(ptp) + s(tmin2m) + s(v10m) + s(tp), data = .)     906.3451
gam(log(value) ~ s(jd) + s(sp) + s(pbl12) + s(ptp) + s(tmin2m) + s(v10m) + s(tp), data = .)          852.0850

Modello migliore: jd - sp - pbl12 - ptp - tmin2m - v10m - tp 

Variabile scelta jd con AIC 852.084990831207  

Modelli BACKWARD 

                                                                                                      IT0869A
gam(log(value) ~ s(t2m) + s(sp) + s(pbl12) + s(ptp) + s(tmin2m) + s(v10m) + s(jd), data = .)         917.8292
gam(log(value) ~ s(tmax2m) + s(sp) + s(pbl12) + s(ptp) + s(tmin2m) + s(v10m) + s(jd), data = .)      875.3083
gam(log(value) ~ s(rh) + s(sp) + s(pbl12) + s(ptp) + s(tmin2m) + s(v10m) + s(jd), data = .)          961.5984
gam(log(value) ~ s(u10m) + s(sp) + s(pbl12) + s(ptp) + s(tmin2m) + s(v10m) + s(jd), data = .)        931.8027
gam(log(value) ~ s(nirradiance) + s(sp) + s(pbl12) + s(ptp) + s(tmin2m) + s(v10m) + s(jd), data = .) 920.3865
gam(log(value) ~ s(pbl00) + s(sp) + s(pbl12) + s(ptp) + s(tmin2m) + s(v10m) + s(jd), data = .)       898.2142
gam(log(value) ~ s(pblmin) + s(sp) + s(pbl12) + s(ptp) + s(tmin2m) + s(v10m) + s(jd), data = .)      899.2083
gam(log(value) ~ s(pblmax) + s(sp) + s(pbl12) + s(ptp) + s(tmin2m) + s(v10m) + s(jd), data = .)      964.8156
gam(log(value) ~ s(wdir) + s(sp) + s(pbl12) + s(ptp) + s(tmin2m) + s(v10m) + s(jd), data = .)        968.9749
gam(log(value) ~ s(wspeed) + s(sp) + s(pbl12) + s(ptp) + s(tmin2m) + s(v10m) + s(jd), data = .)      952.0926
gam(log(value) ~ s(pwspeed) + s(sp) + s(pbl12) + s(ptp) + s(tmin2m) + s(v10m) + s(jd), data = .)     963.9303

Modello migliore: tmax2m - sp - pbl12 - ptp - tmin2m - v10m - jd 

Dati backward:  875.30828599392::tmax2m::sp::pbl12::ptp::tmin2m::v10m::jd 

Scelgo il modello N 

---------- START ---------- 

                                                                                                              IT0869A
gam(log(value) ~ s(t2m) + s(sp) + s(pbl12) + s(ptp) + s(tmin2m) + s(v10m) + s(tp) + s(jd), data = .)         830.6753
gam(log(value) ~ s(tmax2m) + s(sp) + s(pbl12) + s(ptp) + s(tmin2m) + s(v10m) + s(tp) + s(jd), data = .)      805.3557
gam(log(value) ~ s(rh) + s(sp) + s(pbl12) + s(ptp) + s(tmin2m) + s(v10m) + s(tp) + s(jd), data = .)          831.6505
gam(log(value) ~ s(u10m) + s(sp) + s(pbl12) + s(ptp) + s(tmin2m) + s(v10m) + s(tp) + s(jd), data = .)        809.6563
gam(log(value) ~ s(nirradiance) + s(sp) + s(pbl12) + s(ptp) + s(tmin2m) + s(v10m) + s(tp) + s(jd), data = .) 847.0317
gam(log(value) ~ s(pbl00) + s(sp) + s(pbl12) + s(ptp) + s(tmin2m) + s(v10m) + s(tp) + s(jd), data = .)       790.3998
gam(log(value) ~ s(pblmin) + s(sp) + s(pbl12) + s(ptp) + s(tmin2m) + s(v10m) + s(tp) + s(jd), data = .)      805.8230
gam(log(value) ~ s(pblmax) + s(sp) + s(pbl12) + s(ptp) + s(tmin2m) + s(v10m) + s(tp) + s(jd), data = .)      852.1061
gam(log(value) ~ s(wdir) + s(sp) + s(pbl12) + s(ptp) + s(tmin2m) + s(v10m) + s(tp) + s(jd), data = .)        850.3058
gam(log(value) ~ s(wspeed) + s(sp) + s(pbl12) + s(ptp) + s(tmin2m) + s(v10m) + s(tp) + s(jd), data = .)      841.6775
gam(log(value) ~ s(pwspeed) + s(sp) + s(pbl12) + s(ptp) + s(tmin2m) + s(v10m) + s(tp) + s(jd), data = .)     848.8743

Modello migliore: pbl00 - sp - pbl12 - ptp - tmin2m - v10m - tp - jd 

Variabile scelta pbl00 con AIC 790.399827136804  

Modelli BACKWARD 

                                                                                                                 IT0869A
gam(log(value) ~ s(t2m) + s(sp) + s(pbl12) + s(ptp) + s(tmin2m) + s(v10m) + s(tp) + s(pbl00), data = .)         843.5585
gam(log(value) ~ s(tmax2m) + s(sp) + s(pbl12) + s(ptp) + s(tmin2m) + s(v10m) + s(tp) + s(pbl00), data = .)      828.3183
gam(log(value) ~ s(rh) + s(sp) + s(pbl12) + s(ptp) + s(tmin2m) + s(v10m) + s(tp) + s(pbl00), data = .)          820.9309
gam(log(value) ~ s(u10m) + s(sp) + s(pbl12) + s(ptp) + s(tmin2m) + s(v10m) + s(tp) + s(pbl00), data = .)        827.4866
gam(log(value) ~ s(nirradiance) + s(sp) + s(pbl12) + s(ptp) + s(tmin2m) + s(v10m) + s(tp) + s(pbl00), data = .) 815.7031
gam(log(value) ~ s(pblmin) + s(sp) + s(pbl12) + s(ptp) + s(tmin2m) + s(v10m) + s(tp) + s(pbl00), data = .)      845.8395
gam(log(value) ~ s(pblmax) + s(sp) + s(pbl12) + s(ptp) + s(tmin2m) + s(v10m) + s(tp) + s(pbl00), data = .)      856.7520
gam(log(value) ~ s(wdir) + s(sp) + s(pbl12) + s(ptp) + s(tmin2m) + s(v10m) + s(tp) + s(pbl00), data = .)        855.6385
gam(log(value) ~ s(wspeed) + s(sp) + s(pbl12) + s(ptp) + s(tmin2m) + s(v10m) + s(tp) + s(pbl00), data = .)      850.0878
gam(log(value) ~ s(pwspeed) + s(sp) + s(pbl12) + s(ptp) + s(tmin2m) + s(v10m) + s(tp) + s(pbl00), data = .)     852.6563

Modello migliore: nirradiance - sp - pbl12 - ptp - tmin2m - v10m - tp - pbl00 

Dati backward:  815.703065076253::nirradiance::sp::pbl12::ptp::tmin2m::v10m::tp::pbl00 

Scelgo il modello N 

---------- START ---------- 

                                                                                                                         IT0869A
gam(log(value) ~ s(t2m) + s(sp) + s(pbl12) + s(ptp) + s(tmin2m) + s(v10m) + s(tp) + s(jd) + s(pbl00), data = .)         775.1027
gam(log(value) ~ s(tmax2m) + s(sp) + s(pbl12) + s(ptp) + s(tmin2m) + s(v10m) + s(tp) + s(jd) + s(pbl00), data = .)      751.8679
gam(log(value) ~ s(rh) + s(sp) + s(pbl12) + s(ptp) + s(tmin2m) + s(v10m) + s(tp) + s(jd) + s(pbl00), data = .)          775.1142
gam(log(value) ~ s(u10m) + s(sp) + s(pbl12) + s(ptp) + s(tmin2m) + s(v10m) + s(tp) + s(jd) + s(pbl00), data = .)        760.9163
gam(log(value) ~ s(nirradiance) + s(sp) + s(pbl12) + s(ptp) + s(tmin2m) + s(v10m) + s(tp) + s(jd) + s(pbl00), data = .) 786.2787
gam(log(value) ~ s(pblmin) + s(sp) + s(pbl12) + s(ptp) + s(tmin2m) + s(v10m) + s(tp) + s(jd) + s(pbl00), data = .)      777.8747
gam(log(value) ~ s(pblmax) + s(sp) + s(pbl12) + s(ptp) + s(tmin2m) + s(v10m) + s(tp) + s(jd) + s(pbl00), data = .)      790.8364
gam(log(value) ~ s(wdir) + s(sp) + s(pbl12) + s(ptp) + s(tmin2m) + s(v10m) + s(tp) + s(jd) + s(pbl00), data = .)        790.6769
gam(log(value) ~ s(wspeed) + s(sp) + s(pbl12) + s(ptp) + s(tmin2m) + s(v10m) + s(tp) + s(jd) + s(pbl00), data = .)      786.7419
gam(log(value) ~ s(pwspeed) + s(sp) + s(pbl12) + s(ptp) + s(tmin2m) + s(v10m) + s(tp) + s(jd) + s(pbl00), data = .)     786.3602

Modello migliore: tmax2m - sp - pbl12 - ptp - tmin2m - v10m - tp - jd - pbl00 

Variabile scelta tmax2m con AIC 751.867909050491  

Modelli BACKWARD 

                                                                                                                          IT0869A
gam(log(value) ~ s(t2m) + s(sp) + s(pbl12) + s(ptp) + s(tmin2m) + s(v10m) + s(tp) + s(jd) + s(tmax2m), data = .)         802.6317
gam(log(value) ~ s(rh) + s(sp) + s(pbl12) + s(ptp) + s(tmin2m) + s(v10m) + s(tp) + s(jd) + s(tmax2m), data = .)          778.6119
gam(log(value) ~ s(u10m) + s(sp) + s(pbl12) + s(ptp) + s(tmin2m) + s(v10m) + s(tp) + s(jd) + s(tmax2m), data = .)        762.2539
gam(log(value) ~ s(nirradiance) + s(sp) + s(pbl12) + s(ptp) + s(tmin2m) + s(v10m) + s(tp) + s(jd) + s(tmax2m), data = .) 804.2895
gam(log(value) ~ s(pblmin) + s(sp) + s(pbl12) + s(ptp) + s(tmin2m) + s(v10m) + s(tp) + s(jd) + s(tmax2m), data = .)      767.0451
gam(log(value) ~ s(pblmax) + s(sp) + s(pbl12) + s(ptp) + s(tmin2m) + s(v10m) + s(tp) + s(jd) + s(tmax2m), data = .)      806.1610
gam(log(value) ~ s(wdir) + s(sp) + s(pbl12) + s(ptp) + s(tmin2m) + s(v10m) + s(tp) + s(jd) + s(tmax2m), data = .)        805.4384
gam(log(value) ~ s(wspeed) + s(sp) + s(pbl12) + s(ptp) + s(tmin2m) + s(v10m) + s(tp) + s(jd) + s(tmax2m), data = .)      798.8866
gam(log(value) ~ s(pwspeed) + s(sp) + s(pbl12) + s(ptp) + s(tmin2m) + s(v10m) + s(tp) + s(jd) + s(tmax2m), data = .)     803.4697

Modello migliore: u10m - sp - pbl12 - ptp - tmin2m - v10m - tp - jd - tmax2m 

Dati backward:  762.253909664015::u10m::sp::pbl12::ptp::tmin2m::v10m::tp::jd::tmax2m 

Scelgo il modello N-1 

---------- START ---------- 

                                                                                                                         IT0869A
gam(log(value) ~ s(t2m) + s(sp) + s(pbl12) + s(ptp) + s(tmin2m) + s(v10m) + s(tp) + s(jd) + s(pbl00), data = .)         775.1027
gam(log(value) ~ s(rh) + s(sp) + s(pbl12) + s(ptp) + s(tmin2m) + s(v10m) + s(tp) + s(jd) + s(pbl00), data = .)          775.1142
gam(log(value) ~ s(u10m) + s(sp) + s(pbl12) + s(ptp) + s(tmin2m) + s(v10m) + s(tp) + s(jd) + s(pbl00), data = .)        760.9163
gam(log(value) ~ s(nirradiance) + s(sp) + s(pbl12) + s(ptp) + s(tmin2m) + s(v10m) + s(tp) + s(jd) + s(pbl00), data = .) 786.2787
gam(log(value) ~ s(pblmin) + s(sp) + s(pbl12) + s(ptp) + s(tmin2m) + s(v10m) + s(tp) + s(jd) + s(pbl00), data = .)      777.8747
gam(log(value) ~ s(pblmax) + s(sp) + s(pbl12) + s(ptp) + s(tmin2m) + s(v10m) + s(tp) + s(jd) + s(pbl00), data = .)      790.8364
gam(log(value) ~ s(wdir) + s(sp) + s(pbl12) + s(ptp) + s(tmin2m) + s(v10m) + s(tp) + s(jd) + s(pbl00), data = .)        790.6769
gam(log(value) ~ s(wspeed) + s(sp) + s(pbl12) + s(ptp) + s(tmin2m) + s(v10m) + s(tp) + s(jd) + s(pbl00), data = .)      786.7419
gam(log(value) ~ s(pwspeed) + s(sp) + s(pbl12) + s(ptp) + s(tmin2m) + s(v10m) + s(tp) + s(jd) + s(pbl00), data = .)     786.3602

Modello migliore: u10m - sp - pbl12 - ptp - tmin2m - v10m - tp - jd - pbl00 

Variabile scelta u10m con AIC 760.916337313798  

Fine per scelta MODELLO 

sp + pbl12 + ptp + tmin2m + v10m + tp + jd + pbl00 

---------------------- 

NOTE: Log Print Time:  2021-05-11 12:37:08 
NOTE: Elapsed Time in seconds: 1.06091014941533 

Fine per scelta MODELLO 

sp + pbl12 + ptp + tmin2m + v10m + tp + jd + pbl00 

---------------------- 

NOTE: Log Print Time:  2021-05-11 12:37:08 
NOTE: Elapsed Time in seconds: 0.00106287002563477 

Fine per scelta MODELLO 

sp + pbl12 + ptp + tmin2m + v10m + tp + jd + pbl00 

---------------------- 

NOTE: Log Print Time:  2021-05-11 12:37:08 
NOTE: Elapsed Time in seconds: 0.000982046127319336 

Fine per scelta MODELLO 

sp + pbl12 + ptp + tmin2m + v10m + tp + jd + pbl00 

---------------------- 

NOTE: Log Print Time:  2021-05-11 12:37:08 
NOTE: Elapsed Time in seconds: 0.000993728637695312 

Fine per scelta MODELLO 

sp + pbl12 + ptp + tmin2m + v10m + tp + jd + pbl00 

---------------------- 

NOTE: Log Print Time:  2021-05-11 12:37:08 
NOTE: Elapsed Time in seconds: 0.000974178314208984 

Fine per scelta MODELLO 

sp + pbl12 + ptp + tmin2m + v10m + tp + jd + pbl00 

---------------------- 

NOTE: Log Print Time:  2021-05-11 12:37:08 
NOTE: Elapsed Time in seconds: 0.000974416732788086 

Fine per scelta MODELLO 

sp + pbl12 + ptp + tmin2m + v10m + tp + jd + pbl00 

---------------------- 

NOTE: Log Print Time:  2021-05-11 12:37:08 
NOTE: Elapsed Time in seconds: 0.000975847244262695 

Fine per scelta MODELLO 

sp + pbl12 + ptp + tmin2m + v10m + tp + jd + pbl00 

---------------------- 

NOTE: Log Print Time:  2021-05-11 12:37:08 
NOTE: Elapsed Time in seconds: 0.0010535717010498 

Fine per scelta MODELLO 

sp + pbl12 + ptp + tmin2m + v10m + tp + jd + pbl00 

---------------------- 

NOTE: Log Print Time:  2021-05-11 12:37:08 
NOTE: Elapsed Time in seconds: 0.000975608825683594 

========================================================================= 
Log End Time: 2021-05-11 12:37:08 
Log Elapsed Time: 0 00:00:01 
========================================================================= 
