========================================================================= 
Log Path: output/12/pm10/log/pulvirus_pm10_12_IT0865A.log 
Working Directory: /home/rmorelli/R/pulvirus/analisi/GAM/scelta 
User Name: rmorelli 
R Version: 4.0.5 (2021-03-31) 
Machine: pasqualino x86_64 
Operating System: Linux 4.19.0-13-amd64 #1 SMP Debian 4.19.160-2 (2020-11-28) 
Log Start Time: 2021-05-11 12:20:55 
========================================================================= 

Stazione: IT0865A 

---------- START ---------- 

                                            IT0865A
gam(log(value) ~ s(t2m), data = .)         1635.995
gam(log(value) ~ s(tmin2m), data = .)      1616.397
gam(log(value) ~ s(tmax2m), data = .)      1659.667
gam(log(value) ~ s(tp), data = .)          1776.678
gam(log(value) ~ s(ptp), data = .)         1713.206
gam(log(value) ~ s(rh), data = .)          1692.505
gam(log(value) ~ s(u10m), data = .)        1732.387
gam(log(value) ~ s(v10m), data = .)        1716.278
gam(log(value) ~ s(sp), data = .)          1681.537
gam(log(value) ~ s(nirradiance), data = .) 1702.203
gam(log(value) ~ s(pbl00), data = .)       1714.896
gam(log(value) ~ s(pbl12), data = .)       1577.097
gam(log(value) ~ s(pblmin), data = .)      1640.259
gam(log(value) ~ s(pblmax), data = .)      1628.934
gam(log(value) ~ s(wdir), data = .)        1739.910
gam(log(value) ~ s(wspeed), data = .)      1786.583
gam(log(value) ~ s(pwspeed), data = .)     1796.680
gam(log(value) ~ s(jd), data = .)          1531.469

Modello migliore: jd 

Variabile scelta jd con AIC 1531.46914345176  

---------- START ---------- 

                                                    IT0865A
gam(log(value) ~ s(t2m) + s(jd), data = .)         1465.984
gam(log(value) ~ s(tmin2m) + s(jd), data = .)      1446.391
gam(log(value) ~ s(tmax2m) + s(jd), data = .)      1472.832
gam(log(value) ~ s(tp) + s(jd), data = .)          1443.697
gam(log(value) ~ s(ptp) + s(jd), data = .)         1323.442
gam(log(value) ~ s(rh) + s(jd), data = .)          1479.791
gam(log(value) ~ s(u10m) + s(jd), data = .)        1519.466
gam(log(value) ~ s(v10m) + s(jd), data = .)        1395.936
gam(log(value) ~ s(sp) + s(jd), data = .)          1457.128
gam(log(value) ~ s(nirradiance) + s(jd), data = .) 1515.888
gam(log(value) ~ s(pbl00) + s(jd), data = .)       1373.525
gam(log(value) ~ s(pbl12) + s(jd), data = .)       1343.023
gam(log(value) ~ s(pblmin) + s(jd), data = .)      1311.277
gam(log(value) ~ s(pblmax) + s(jd), data = .)      1309.326
gam(log(value) ~ s(wdir) + s(jd), data = .)        1509.512
gam(log(value) ~ s(wspeed) + s(jd), data = .)      1477.972
gam(log(value) ~ s(pwspeed) + s(jd), data = .)     1516.352
gam(log(value) ~ s(jd) + s(jd), data = .)          1531.469

Modello migliore: pblmax - jd 

Variabile scelta pblmax con AIC 1309.32625033854  

Modelli BACKWARD 

                                                        IT0865A
gam(log(value) ~ s(t2m) + s(pblmax), data = .)         1418.838
gam(log(value) ~ s(tmin2m) + s(pblmax), data = .)      1411.020
gam(log(value) ~ s(tmax2m) + s(pblmax), data = .)      1433.040
gam(log(value) ~ s(tp) + s(pblmax), data = .)          1627.641
gam(log(value) ~ s(ptp) + s(pblmax), data = .)         1586.497
gam(log(value) ~ s(rh) + s(pblmax), data = .)          1579.638
gam(log(value) ~ s(u10m) + s(pblmax), data = .)        1562.801
gam(log(value) ~ s(v10m) + s(pblmax), data = .)        1579.658
gam(log(value) ~ s(sp) + s(pblmax), data = .)          1536.551
gam(log(value) ~ s(nirradiance) + s(pblmax), data = .) 1492.729
gam(log(value) ~ s(pbl00) + s(pblmax), data = .)       1597.054
gam(log(value) ~ s(pbl12) + s(pblmax), data = .)       1576.871
gam(log(value) ~ s(pblmin) + s(pblmax), data = .)      1551.674
gam(log(value) ~ s(wdir) + s(pblmax), data = .)        1579.946
gam(log(value) ~ s(wspeed) + s(pblmax), data = .)      1626.391
gam(log(value) ~ s(pwspeed) + s(pblmax), data = .)     1621.734

Modello migliore: tmin2m - pblmax 

Dati backward:  1411.02025084328::tmin2m::pblmax 

Scelgo il modello N 

---------- START ---------- 

                                                                IT0865A
gam(log(value) ~ s(t2m) + s(jd) + s(pblmax), data = .)         1239.619
gam(log(value) ~ s(tmin2m) + s(jd) + s(pblmax), data = .)      1217.467
gam(log(value) ~ s(tmax2m) + s(jd) + s(pblmax), data = .)      1251.341
gam(log(value) ~ s(tp) + s(jd) + s(pblmax), data = .)          1270.518
gam(log(value) ~ s(ptp) + s(jd) + s(pblmax), data = .)         1179.459
gam(log(value) ~ s(rh) + s(jd) + s(pblmax), data = .)          1289.022
gam(log(value) ~ s(u10m) + s(jd) + s(pblmax), data = .)        1301.417
gam(log(value) ~ s(v10m) + s(jd) + s(pblmax), data = .)        1237.812
gam(log(value) ~ s(sp) + s(jd) + s(pblmax), data = .)          1279.771
gam(log(value) ~ s(nirradiance) + s(jd) + s(pblmax), data = .) 1307.056
gam(log(value) ~ s(pbl00) + s(jd) + s(pblmax), data = .)       1253.154
gam(log(value) ~ s(pbl12) + s(jd) + s(pblmax), data = .)       1301.853
gam(log(value) ~ s(pblmin) + s(jd) + s(pblmax), data = .)      1207.536
gam(log(value) ~ s(wdir) + s(jd) + s(pblmax), data = .)        1299.659
gam(log(value) ~ s(wspeed) + s(jd) + s(pblmax), data = .)      1311.118
gam(log(value) ~ s(pwspeed) + s(jd) + s(pblmax), data = .)     1307.318

Modello migliore: ptp - jd - pblmax 

Variabile scelta ptp con AIC 1179.45944006645  

Modelli BACKWARD 

                                                             IT0865A
gam(log(value) ~ s(t2m) + s(jd) + s(ptp), data = .)         1281.760
gam(log(value) ~ s(tmin2m) + s(jd) + s(ptp), data = .)      1274.188
gam(log(value) ~ s(tmax2m) + s(jd) + s(ptp), data = .)      1282.967
gam(log(value) ~ s(tp) + s(jd) + s(ptp), data = .)          1309.924
gam(log(value) ~ s(rh) + s(jd) + s(ptp), data = .)          1251.658
gam(log(value) ~ s(u10m) + s(jd) + s(ptp), data = .)        1315.601
gam(log(value) ~ s(v10m) + s(jd) + s(ptp), data = .)        1201.252
gam(log(value) ~ s(sp) + s(jd) + s(ptp), data = .)          1300.316
gam(log(value) ~ s(nirradiance) + s(jd) + s(ptp), data = .) 1323.901
gam(log(value) ~ s(pbl00) + s(jd) + s(ptp), data = .)       1257.897
gam(log(value) ~ s(pbl12) + s(jd) + s(ptp), data = .)       1182.367
gam(log(value) ~ s(pblmin) + s(jd) + s(ptp), data = .)      1165.323
gam(log(value) ~ s(wdir) + s(jd) + s(ptp), data = .)        1305.463
gam(log(value) ~ s(wspeed) + s(jd) + s(ptp), data = .)      1296.338
gam(log(value) ~ s(pwspeed) + s(jd) + s(ptp), data = .)     1324.415

Modello migliore: pblmin - jd - ptp 

Dati backward:  1165.32268920567::pblmin::jd::ptp 

Scelgo il modello N 

---------- START ---------- 

                                                                         IT0865A
gam(log(value) ~ s(t2m) + s(jd) + s(pblmax) + s(ptp), data = .)         1124.393
gam(log(value) ~ s(tmin2m) + s(jd) + s(pblmax) + s(ptp), data = .)      1115.890
gam(log(value) ~ s(tmax2m) + s(jd) + s(pblmax) + s(ptp), data = .)      1127.579
gam(log(value) ~ s(tp) + s(jd) + s(pblmax) + s(ptp), data = .)          1174.702
gam(log(value) ~ s(rh) + s(jd) + s(pblmax) + s(ptp), data = .)          1161.837
gam(log(value) ~ s(u10m) + s(jd) + s(pblmax) + s(ptp), data = .)        1161.936
gam(log(value) ~ s(v10m) + s(jd) + s(pblmax) + s(ptp), data = .)        1105.559
gam(log(value) ~ s(sp) + s(jd) + s(pblmax) + s(ptp), data = .)          1153.287
gam(log(value) ~ s(nirradiance) + s(jd) + s(pblmax) + s(ptp), data = .) 1181.235
gam(log(value) ~ s(pbl00) + s(jd) + s(pblmax) + s(ptp), data = .)       1149.215
gam(log(value) ~ s(pbl12) + s(jd) + s(pblmax) + s(ptp), data = .)       1165.184
gam(log(value) ~ s(pblmin) + s(jd) + s(pblmax) + s(ptp), data = .)      1090.596
gam(log(value) ~ s(wdir) + s(jd) + s(pblmax) + s(ptp), data = .)        1166.753
gam(log(value) ~ s(wspeed) + s(jd) + s(pblmax) + s(ptp), data = .)      1179.921
gam(log(value) ~ s(pwspeed) + s(jd) + s(pblmax) + s(ptp), data = .)     1172.743

Modello migliore: pblmin - jd - pblmax - ptp 

Variabile scelta pblmin con AIC 1090.59603461695  

Modelli BACKWARD 

                                                                            IT0865A
gam(log(value) ~ s(t2m) + s(jd) + s(pblmax) + s(pblmin), data = .)         1131.315
gam(log(value) ~ s(tmin2m) + s(jd) + s(pblmax) + s(pblmin), data = .)      1112.067
gam(log(value) ~ s(tmax2m) + s(jd) + s(pblmax) + s(pblmin), data = .)      1143.627
gam(log(value) ~ s(tp) + s(jd) + s(pblmax) + s(pblmin), data = .)          1183.199
gam(log(value) ~ s(rh) + s(jd) + s(pblmax) + s(pblmin), data = .)          1196.483
gam(log(value) ~ s(u10m) + s(jd) + s(pblmax) + s(pblmin), data = .)        1189.743
gam(log(value) ~ s(v10m) + s(jd) + s(pblmax) + s(pblmin), data = .)        1158.060
gam(log(value) ~ s(sp) + s(jd) + s(pblmax) + s(pblmin), data = .)          1188.213
gam(log(value) ~ s(nirradiance) + s(jd) + s(pblmax) + s(pblmin), data = .) 1208.825
gam(log(value) ~ s(pbl00) + s(jd) + s(pblmax) + s(pblmin), data = .)       1186.876
gam(log(value) ~ s(pbl12) + s(jd) + s(pblmax) + s(pblmin), data = .)       1205.932
gam(log(value) ~ s(wdir) + s(jd) + s(pblmax) + s(pblmin), data = .)        1201.051
gam(log(value) ~ s(wspeed) + s(jd) + s(pblmax) + s(pblmin), data = .)      1193.950
gam(log(value) ~ s(pwspeed) + s(jd) + s(pblmax) + s(pblmin), data = .)     1203.484

Modello migliore: tmin2m - jd - pblmax - pblmin 

Dati backward:  1112.06662354287::tmin2m::jd::pblmax::pblmin 

Scelgo il modello N 

---------- START ---------- 

                                                                                     IT0865A
gam(log(value) ~ s(t2m) + s(jd) + s(pblmax) + s(ptp) + s(pblmin), data = .)         1029.523
gam(log(value) ~ s(tmin2m) + s(jd) + s(pblmax) + s(ptp) + s(pblmin), data = .)      1023.210
gam(log(value) ~ s(tmax2m) + s(jd) + s(pblmax) + s(ptp) + s(pblmin), data = .)      1033.200
gam(log(value) ~ s(tp) + s(jd) + s(pblmax) + s(ptp) + s(pblmin), data = .)          1089.954
gam(log(value) ~ s(rh) + s(jd) + s(pblmax) + s(ptp) + s(pblmin), data = .)          1083.238
gam(log(value) ~ s(u10m) + s(jd) + s(pblmax) + s(ptp) + s(pblmin), data = .)        1075.130
gam(log(value) ~ s(v10m) + s(jd) + s(pblmax) + s(ptp) + s(pblmin), data = .)        1047.950
gam(log(value) ~ s(sp) + s(jd) + s(pblmax) + s(ptp) + s(pblmin), data = .)          1066.420
gam(log(value) ~ s(nirradiance) + s(jd) + s(pblmax) + s(ptp) + s(pblmin), data = .) 1089.833
gam(log(value) ~ s(pbl00) + s(jd) + s(pblmax) + s(ptp) + s(pblmin), data = .)       1077.715
gam(log(value) ~ s(pbl12) + s(jd) + s(pblmax) + s(ptp) + s(pblmin), data = .)       1088.187
gam(log(value) ~ s(wdir) + s(jd) + s(pblmax) + s(ptp) + s(pblmin), data = .)        1089.181
gam(log(value) ~ s(wspeed) + s(jd) + s(pblmax) + s(ptp) + s(pblmin), data = .)      1080.596
gam(log(value) ~ s(pwspeed) + s(jd) + s(pblmax) + s(ptp) + s(pblmin), data = .)     1078.366

Modello migliore: tmin2m - jd - pblmax - ptp - pblmin 

Variabile scelta tmin2m con AIC 1023.20954347076  

Modelli BACKWARD 

                                                                                      IT0865A
gam(log(value) ~ s(t2m) + s(jd) + s(pblmax) + s(ptp) + s(tmin2m), data = .)         1084.0720
gam(log(value) ~ s(tmax2m) + s(jd) + s(pblmax) + s(ptp) + s(tmin2m), data = .)      1082.4039
gam(log(value) ~ s(tp) + s(jd) + s(pblmax) + s(ptp) + s(tmin2m), data = .)          1116.9781
gam(log(value) ~ s(rh) + s(jd) + s(pblmax) + s(ptp) + s(tmin2m), data = .)          1075.6145
gam(log(value) ~ s(u10m) + s(jd) + s(pblmax) + s(ptp) + s(tmin2m), data = .)        1090.0807
gam(log(value) ~ s(v10m) + s(jd) + s(pblmax) + s(ptp) + s(tmin2m), data = .)         991.7469
gam(log(value) ~ s(sp) + s(jd) + s(pblmax) + s(ptp) + s(tmin2m), data = .)          1103.1328
gam(log(value) ~ s(nirradiance) + s(jd) + s(pblmax) + s(ptp) + s(tmin2m), data = .) 1113.8208
gam(log(value) ~ s(pbl00) + s(jd) + s(pblmax) + s(ptp) + s(tmin2m), data = .)       1090.6926
gam(log(value) ~ s(pbl12) + s(jd) + s(pblmax) + s(ptp) + s(tmin2m), data = .)       1102.8971
gam(log(value) ~ s(wdir) + s(jd) + s(pblmax) + s(ptp) + s(tmin2m), data = .)        1089.8443
gam(log(value) ~ s(wspeed) + s(jd) + s(pblmax) + s(ptp) + s(tmin2m), data = .)      1117.1363
gam(log(value) ~ s(pwspeed) + s(jd) + s(pblmax) + s(ptp) + s(tmin2m), data = .)     1108.1909

Modello migliore: v10m - jd - pblmax - ptp - tmin2m 

Dati backward:  991.746938234291::v10m::jd::pblmax::ptp::tmin2m 

Scelgo il modello N 

---------- START ---------- 

                                                                                                  IT0865A
gam(log(value) ~ s(t2m) + s(jd) + s(pblmax) + s(ptp) + s(pblmin) + s(tmin2m), data = .)          996.0887
gam(log(value) ~ s(tmax2m) + s(jd) + s(pblmax) + s(ptp) + s(pblmin) + s(tmin2m), data = .)       994.5448
gam(log(value) ~ s(tp) + s(jd) + s(pblmax) + s(ptp) + s(pblmin) + s(tmin2m), data = .)          1025.1718
gam(log(value) ~ s(rh) + s(jd) + s(pblmax) + s(ptp) + s(pblmin) + s(tmin2m), data = .)           987.1908
gam(log(value) ~ s(u10m) + s(jd) + s(pblmax) + s(ptp) + s(pblmin) + s(tmin2m), data = .)         997.0916
gam(log(value) ~ s(v10m) + s(jd) + s(pblmax) + s(ptp) + s(pblmin) + s(tmin2m), data = .)         946.4891
gam(log(value) ~ s(sp) + s(jd) + s(pblmax) + s(ptp) + s(pblmin) + s(tmin2m), data = .)          1011.2096
gam(log(value) ~ s(nirradiance) + s(jd) + s(pblmax) + s(ptp) + s(pblmin) + s(tmin2m), data = .) 1016.0495
gam(log(value) ~ s(pbl00) + s(jd) + s(pblmax) + s(ptp) + s(pblmin) + s(tmin2m), data = .)       1010.5837
gam(log(value) ~ s(pbl12) + s(jd) + s(pblmax) + s(ptp) + s(pblmin) + s(tmin2m), data = .)       1022.3781
gam(log(value) ~ s(wdir) + s(jd) + s(pblmax) + s(ptp) + s(pblmin) + s(tmin2m), data = .)        1000.4578
gam(log(value) ~ s(wspeed) + s(jd) + s(pblmax) + s(ptp) + s(pblmin) + s(tmin2m), data = .)      1013.9861
gam(log(value) ~ s(pwspeed) + s(jd) + s(pblmax) + s(ptp) + s(pblmin) + s(tmin2m), data = .)     1013.9766

Modello migliore: v10m - jd - pblmax - ptp - pblmin - tmin2m 

Variabile scelta v10m con AIC 946.48910168729  

Modelli BACKWARD 

                                                                                                IT0865A
gam(log(value) ~ s(t2m) + s(jd) + s(pblmax) + s(ptp) + s(pblmin) + s(v10m), data = .)          952.0919
gam(log(value) ~ s(tmax2m) + s(jd) + s(pblmax) + s(ptp) + s(pblmin) + s(v10m), data = .)       970.2603
gam(log(value) ~ s(tp) + s(jd) + s(pblmax) + s(ptp) + s(pblmin) + s(v10m), data = .)          1028.4556
gam(log(value) ~ s(rh) + s(jd) + s(pblmax) + s(ptp) + s(pblmin) + s(v10m), data = .)          1036.2598
gam(log(value) ~ s(u10m) + s(jd) + s(pblmax) + s(ptp) + s(pblmin) + s(v10m), data = .)        1019.0535
gam(log(value) ~ s(sp) + s(jd) + s(pblmax) + s(ptp) + s(pblmin) + s(v10m), data = .)          1029.1255
gam(log(value) ~ s(nirradiance) + s(jd) + s(pblmax) + s(ptp) + s(pblmin) + s(v10m), data = .) 1049.6058
gam(log(value) ~ s(pbl00) + s(jd) + s(pblmax) + s(ptp) + s(pblmin) + s(v10m), data = .)       1027.7797
gam(log(value) ~ s(pbl12) + s(jd) + s(pblmax) + s(ptp) + s(pblmin) + s(v10m), data = .)       1043.2368
gam(log(value) ~ s(wdir) + s(jd) + s(pblmax) + s(ptp) + s(pblmin) + s(v10m), data = .)        1031.8406
gam(log(value) ~ s(wspeed) + s(jd) + s(pblmax) + s(ptp) + s(pblmin) + s(v10m), data = .)      1036.6410
gam(log(value) ~ s(pwspeed) + s(jd) + s(pblmax) + s(ptp) + s(pblmin) + s(v10m), data = .)     1034.9671

Modello migliore: t2m - jd - pblmax - ptp - pblmin - v10m 

Dati backward:  952.091945399208::t2m::jd::pblmax::ptp::pblmin::v10m 

Scelgo il modello N 

---------- START ---------- 

                                                                                                           IT0865A
gam(log(value) ~ s(t2m) + s(jd) + s(pblmax) + s(ptp) + s(pblmin) + s(tmin2m) + s(v10m), data = .)         935.3424
gam(log(value) ~ s(tmax2m) + s(jd) + s(pblmax) + s(ptp) + s(pblmin) + s(tmin2m) + s(v10m), data = .)      931.2609
gam(log(value) ~ s(tp) + s(jd) + s(pblmax) + s(ptp) + s(pblmin) + s(tmin2m) + s(v10m), data = .)          932.1094
gam(log(value) ~ s(rh) + s(jd) + s(pblmax) + s(ptp) + s(pblmin) + s(tmin2m) + s(v10m), data = .)          934.2729
gam(log(value) ~ s(u10m) + s(jd) + s(pblmax) + s(ptp) + s(pblmin) + s(tmin2m) + s(v10m), data = .)        910.4773
gam(log(value) ~ s(sp) + s(jd) + s(pblmax) + s(ptp) + s(pblmin) + s(tmin2m) + s(v10m), data = .)          943.6412
gam(log(value) ~ s(nirradiance) + s(jd) + s(pblmax) + s(ptp) + s(pblmin) + s(tmin2m) + s(v10m), data = .) 946.4563
gam(log(value) ~ s(pbl00) + s(jd) + s(pblmax) + s(ptp) + s(pblmin) + s(tmin2m) + s(v10m), data = .)       929.7491
gam(log(value) ~ s(pbl12) + s(jd) + s(pblmax) + s(ptp) + s(pblmin) + s(tmin2m) + s(v10m), data = .)       944.8382
gam(log(value) ~ s(wdir) + s(jd) + s(pblmax) + s(ptp) + s(pblmin) + s(tmin2m) + s(v10m), data = .)        933.7036
gam(log(value) ~ s(wspeed) + s(jd) + s(pblmax) + s(ptp) + s(pblmin) + s(tmin2m) + s(v10m), data = .)      933.3180
gam(log(value) ~ s(pwspeed) + s(jd) + s(pblmax) + s(ptp) + s(pblmin) + s(tmin2m) + s(v10m), data = .)     938.1892

Modello migliore: u10m - jd - pblmax - ptp - pblmin - tmin2m - v10m 

Variabile scelta u10m con AIC 910.47725598893  

Modelli BACKWARD 

                                                                                                           IT0865A
gam(log(value) ~ s(t2m) + s(jd) + s(pblmax) + s(ptp) + s(pblmin) + s(tmin2m) + s(u10m), data = .)         975.2847
gam(log(value) ~ s(tmax2m) + s(jd) + s(pblmax) + s(ptp) + s(pblmin) + s(tmin2m) + s(u10m), data = .)      972.8951
gam(log(value) ~ s(tp) + s(jd) + s(pblmax) + s(ptp) + s(pblmin) + s(tmin2m) + s(u10m), data = .)          998.4955
gam(log(value) ~ s(rh) + s(jd) + s(pblmax) + s(ptp) + s(pblmin) + s(tmin2m) + s(u10m), data = .)          965.3919
gam(log(value) ~ s(sp) + s(jd) + s(pblmax) + s(ptp) + s(pblmin) + s(tmin2m) + s(u10m), data = .)          988.3484
gam(log(value) ~ s(nirradiance) + s(jd) + s(pblmax) + s(ptp) + s(pblmin) + s(tmin2m) + s(u10m), data = .) 993.1649
gam(log(value) ~ s(pbl00) + s(jd) + s(pblmax) + s(ptp) + s(pblmin) + s(tmin2m) + s(u10m), data = .)       986.5202
gam(log(value) ~ s(pbl12) + s(jd) + s(pblmax) + s(ptp) + s(pblmin) + s(tmin2m) + s(u10m), data = .)       993.4658
gam(log(value) ~ s(wdir) + s(jd) + s(pblmax) + s(ptp) + s(pblmin) + s(tmin2m) + s(u10m), data = .)        986.4150
gam(log(value) ~ s(wspeed) + s(jd) + s(pblmax) + s(ptp) + s(pblmin) + s(tmin2m) + s(u10m), data = .)      998.2477
gam(log(value) ~ s(pwspeed) + s(jd) + s(pblmax) + s(ptp) + s(pblmin) + s(tmin2m) + s(u10m), data = .)     992.2980

Modello migliore: rh - jd - pblmax - ptp - pblmin - tmin2m - u10m 

Dati backward:  965.391938924319::rh::jd::pblmax::ptp::pblmin::tmin2m::u10m 

Scelgo il modello N 

---------- START ---------- 

                                                                                                                     IT0865A
gam(log(value) ~ s(t2m) + s(jd) + s(pblmax) + s(ptp) + s(pblmin) + s(tmin2m) + s(v10m) + s(u10m), data = .)         904.5863
gam(log(value) ~ s(tmax2m) + s(jd) + s(pblmax) + s(ptp) + s(pblmin) + s(tmin2m) + s(v10m) + s(u10m), data = .)      898.9783
gam(log(value) ~ s(tp) + s(jd) + s(pblmax) + s(ptp) + s(pblmin) + s(tmin2m) + s(v10m) + s(u10m), data = .)          892.6291
gam(log(value) ~ s(rh) + s(jd) + s(pblmax) + s(ptp) + s(pblmin) + s(tmin2m) + s(v10m) + s(u10m), data = .)          902.5861
gam(log(value) ~ s(sp) + s(jd) + s(pblmax) + s(ptp) + s(pblmin) + s(tmin2m) + s(v10m) + s(u10m), data = .)          908.4718
gam(log(value) ~ s(nirradiance) + s(jd) + s(pblmax) + s(ptp) + s(pblmin) + s(tmin2m) + s(v10m) + s(u10m), data = .) 907.5369
gam(log(value) ~ s(pbl00) + s(jd) + s(pblmax) + s(ptp) + s(pblmin) + s(tmin2m) + s(v10m) + s(u10m), data = .)       897.3266
gam(log(value) ~ s(pbl12) + s(jd) + s(pblmax) + s(ptp) + s(pblmin) + s(tmin2m) + s(v10m) + s(u10m), data = .)       908.3479
gam(log(value) ~ s(wdir) + s(jd) + s(pblmax) + s(ptp) + s(pblmin) + s(tmin2m) + s(v10m) + s(u10m), data = .)        898.9444
gam(log(value) ~ s(wspeed) + s(jd) + s(pblmax) + s(ptp) + s(pblmin) + s(tmin2m) + s(v10m) + s(u10m), data = .)      910.1846
gam(log(value) ~ s(pwspeed) + s(jd) + s(pblmax) + s(ptp) + s(pblmin) + s(tmin2m) + s(v10m) + s(u10m), data = .)     903.2767

Modello migliore: tp - jd - pblmax - ptp - pblmin - tmin2m - v10m - u10m 

Variabile scelta tp con AIC 892.629137478197  

Modelli BACKWARD 

                                                                                                                   IT0865A
gam(log(value) ~ s(t2m) + s(jd) + s(pblmax) + s(ptp) + s(pblmin) + s(tmin2m) + s(v10m) + s(tp), data = .)         912.5811
gam(log(value) ~ s(tmax2m) + s(jd) + s(pblmax) + s(ptp) + s(pblmin) + s(tmin2m) + s(v10m) + s(tp), data = .)      911.5257
gam(log(value) ~ s(rh) + s(jd) + s(pblmax) + s(ptp) + s(pblmin) + s(tmin2m) + s(v10m) + s(tp), data = .)          914.3320
gam(log(value) ~ s(sp) + s(jd) + s(pblmax) + s(ptp) + s(pblmin) + s(tmin2m) + s(v10m) + s(tp), data = .)          921.4649
gam(log(value) ~ s(nirradiance) + s(jd) + s(pblmax) + s(ptp) + s(pblmin) + s(tmin2m) + s(v10m) + s(tp), data = .) 915.9699
gam(log(value) ~ s(pbl00) + s(jd) + s(pblmax) + s(ptp) + s(pblmin) + s(tmin2m) + s(v10m) + s(tp), data = .)       915.9450
gam(log(value) ~ s(pbl12) + s(jd) + s(pblmax) + s(ptp) + s(pblmin) + s(tmin2m) + s(v10m) + s(tp), data = .)       925.9196
gam(log(value) ~ s(wdir) + s(jd) + s(pblmax) + s(ptp) + s(pblmin) + s(tmin2m) + s(v10m) + s(tp), data = .)        917.5096
gam(log(value) ~ s(wspeed) + s(jd) + s(pblmax) + s(ptp) + s(pblmin) + s(tmin2m) + s(v10m) + s(tp), data = .)      916.5813
gam(log(value) ~ s(pwspeed) + s(jd) + s(pblmax) + s(ptp) + s(pblmin) + s(tmin2m) + s(v10m) + s(tp), data = .)     920.7912

Modello migliore: tmax2m - jd - pblmax - ptp - pblmin - tmin2m - v10m - tp 

Dati backward:  911.525695382603::tmax2m::jd::pblmax::ptp::pblmin::tmin2m::v10m::tp 

Scelgo il modello N 

---------- START ---------- 

                                                                                                                             IT0865A
gam(log(value) ~ s(t2m) + s(jd) + s(pblmax) + s(ptp) + s(pblmin) + s(tmin2m) + s(v10m) + s(u10m) + s(tp), data = .)         878.7332
gam(log(value) ~ s(tmax2m) + s(jd) + s(pblmax) + s(ptp) + s(pblmin) + s(tmin2m) + s(v10m) + s(u10m) + s(tp), data = .)      878.3094
gam(log(value) ~ s(rh) + s(jd) + s(pblmax) + s(ptp) + s(pblmin) + s(tmin2m) + s(v10m) + s(u10m) + s(tp), data = .)          879.1883
gam(log(value) ~ s(sp) + s(jd) + s(pblmax) + s(ptp) + s(pblmin) + s(tmin2m) + s(v10m) + s(u10m) + s(tp), data = .)          885.9045
gam(log(value) ~ s(nirradiance) + s(jd) + s(pblmax) + s(ptp) + s(pblmin) + s(tmin2m) + s(v10m) + s(u10m) + s(tp), data = .) 862.4808
gam(log(value) ~ s(pbl00) + s(jd) + s(pblmax) + s(ptp) + s(pblmin) + s(tmin2m) + s(v10m) + s(u10m) + s(tp), data = .)       880.0672
gam(log(value) ~ s(pbl12) + s(jd) + s(pblmax) + s(ptp) + s(pblmin) + s(tmin2m) + s(v10m) + s(u10m) + s(tp), data = .)       881.0079
gam(log(value) ~ s(wdir) + s(jd) + s(pblmax) + s(ptp) + s(pblmin) + s(tmin2m) + s(v10m) + s(u10m) + s(tp), data = .)        879.5733
gam(log(value) ~ s(wspeed) + s(jd) + s(pblmax) + s(ptp) + s(pblmin) + s(tmin2m) + s(v10m) + s(u10m) + s(tp), data = .)      892.1245
gam(log(value) ~ s(pwspeed) + s(jd) + s(pblmax) + s(ptp) + s(pblmin) + s(tmin2m) + s(v10m) + s(u10m) + s(tp), data = .)     883.6252

Modello migliore: nirradiance - jd - pblmax - ptp - pblmin - tmin2m - v10m - u10m - tp 

Variabile scelta nirradiance con AIC 862.480802699685  

Modelli BACKWARD 

                                                                                                                                  IT0865A
gam(log(value) ~ s(t2m) + s(jd) + s(pblmax) + s(ptp) + s(pblmin) + s(tmin2m) + s(v10m) + s(u10m) + s(nirradiance), data = .)     903.4470
gam(log(value) ~ s(tmax2m) + s(jd) + s(pblmax) + s(ptp) + s(pblmin) + s(tmin2m) + s(v10m) + s(u10m) + s(nirradiance), data = .)  896.5774
gam(log(value) ~ s(rh) + s(jd) + s(pblmax) + s(ptp) + s(pblmin) + s(tmin2m) + s(v10m) + s(u10m) + s(nirradiance), data = .)      901.2509
gam(log(value) ~ s(sp) + s(jd) + s(pblmax) + s(ptp) + s(pblmin) + s(tmin2m) + s(v10m) + s(u10m) + s(nirradiance), data = .)      906.5803
gam(log(value) ~ s(pbl00) + s(jd) + s(pblmax) + s(ptp) + s(pblmin) + s(tmin2m) + s(v10m) + s(u10m) + s(nirradiance), data = .)   894.2370
gam(log(value) ~ s(pbl12) + s(jd) + s(pblmax) + s(ptp) + s(pblmin) + s(tmin2m) + s(v10m) + s(u10m) + s(nirradiance), data = .)   906.4462
gam(log(value) ~ s(wdir) + s(jd) + s(pblmax) + s(ptp) + s(pblmin) + s(tmin2m) + s(v10m) + s(u10m) + s(nirradiance), data = .)    898.5487
gam(log(value) ~ s(wspeed) + s(jd) + s(pblmax) + s(ptp) + s(pblmin) + s(tmin2m) + s(v10m) + s(u10m) + s(nirradiance), data = .)  906.4585
gam(log(value) ~ s(pwspeed) + s(jd) + s(pblmax) + s(ptp) + s(pblmin) + s(tmin2m) + s(v10m) + s(u10m) + s(nirradiance), data = .) 900.2807

Modello migliore: pbl00 - jd - pblmax - ptp - pblmin - tmin2m - v10m - u10m - nirradiance 

Dati backward:  894.236987893299::pbl00::jd::pblmax::ptp::pblmin::tmin2m::v10m::u10m::nirradiance 

Scelgo il modello N 

---------- START ---------- 

                                                                                                                                          IT0865A
gam(log(value) ~ s(t2m) + s(jd) + s(pblmax) + s(ptp) + s(pblmin) + s(tmin2m) + s(v10m) + s(u10m) + s(tp) + s(nirradiance), data = .)     863.0421
gam(log(value) ~ s(tmax2m) + s(jd) + s(pblmax) + s(ptp) + s(pblmin) + s(tmin2m) + s(v10m) + s(u10m) + s(tp) + s(nirradiance), data = .)  858.5768
gam(log(value) ~ s(rh) + s(jd) + s(pblmax) + s(ptp) + s(pblmin) + s(tmin2m) + s(v10m) + s(u10m) + s(tp) + s(nirradiance), data = .)      856.6310
gam(log(value) ~ s(sp) + s(jd) + s(pblmax) + s(ptp) + s(pblmin) + s(tmin2m) + s(v10m) + s(u10m) + s(tp) + s(nirradiance), data = .)      858.0738
gam(log(value) ~ s(pbl00) + s(jd) + s(pblmax) + s(ptp) + s(pblmin) + s(tmin2m) + s(v10m) + s(u10m) + s(tp) + s(nirradiance), data = .)   850.4636
gam(log(value) ~ s(pbl12) + s(jd) + s(pblmax) + s(ptp) + s(pblmin) + s(tmin2m) + s(v10m) + s(u10m) + s(tp) + s(nirradiance), data = .)   855.0242
gam(log(value) ~ s(wdir) + s(jd) + s(pblmax) + s(ptp) + s(pblmin) + s(tmin2m) + s(v10m) + s(u10m) + s(tp) + s(nirradiance), data = .)    852.9049
gam(log(value) ~ s(wspeed) + s(jd) + s(pblmax) + s(ptp) + s(pblmin) + s(tmin2m) + s(v10m) + s(u10m) + s(tp) + s(nirradiance), data = .)  861.7644
gam(log(value) ~ s(pwspeed) + s(jd) + s(pblmax) + s(ptp) + s(pblmin) + s(tmin2m) + s(v10m) + s(u10m) + s(tp) + s(nirradiance), data = .) 853.2358

Modello migliore: pbl00 - jd - pblmax - ptp - pblmin - tmin2m - v10m - u10m - tp - nirradiance 

Variabile scelta pbl00 con AIC 850.463590128017  

Modelli BACKWARD 

                                                                                                                                    IT0865A
gam(log(value) ~ s(t2m) + s(jd) + s(pblmax) + s(ptp) + s(pblmin) + s(tmin2m) + s(v10m) + s(u10m) + s(tp) + s(pbl00), data = .)     863.4841
gam(log(value) ~ s(tmax2m) + s(jd) + s(pblmax) + s(ptp) + s(pblmin) + s(tmin2m) + s(v10m) + s(u10m) + s(tp) + s(pbl00), data = .)  864.0241
gam(log(value) ~ s(rh) + s(jd) + s(pblmax) + s(ptp) + s(pblmin) + s(tmin2m) + s(v10m) + s(u10m) + s(tp) + s(pbl00), data = .)      861.4728
gam(log(value) ~ s(sp) + s(jd) + s(pblmax) + s(ptp) + s(pblmin) + s(tmin2m) + s(v10m) + s(u10m) + s(tp) + s(pbl00), data = .)      871.6658
gam(log(value) ~ s(pbl12) + s(jd) + s(pblmax) + s(ptp) + s(pblmin) + s(tmin2m) + s(v10m) + s(u10m) + s(tp) + s(pbl00), data = .)   868.6795
gam(log(value) ~ s(wdir) + s(jd) + s(pblmax) + s(ptp) + s(pblmin) + s(tmin2m) + s(v10m) + s(u10m) + s(tp) + s(pbl00), data = .)    865.6331
gam(log(value) ~ s(wspeed) + s(jd) + s(pblmax) + s(ptp) + s(pblmin) + s(tmin2m) + s(v10m) + s(u10m) + s(tp) + s(pbl00), data = .)  877.7254
gam(log(value) ~ s(pwspeed) + s(jd) + s(pblmax) + s(ptp) + s(pblmin) + s(tmin2m) + s(v10m) + s(u10m) + s(tp) + s(pbl00), data = .) 873.5887

Modello migliore: rh - jd - pblmax - ptp - pblmin - tmin2m - v10m - u10m - tp - pbl00 

Dati backward:  861.47275681985::rh::jd::pblmax::ptp::pblmin::tmin2m::v10m::u10m::tp::pbl00 

Scelgo il modello N 

---------- START ---------- 

                                                                                                                                                     IT0865A
gam(log(value) ~ s(t2m) + s(jd) + s(pblmax) + s(ptp) + s(pblmin) + s(tmin2m) + s(v10m) + s(u10m) + s(tp) + s(nirradiance) + s(pbl00), data = .)     850.5421
gam(log(value) ~ s(tmax2m) + s(jd) + s(pblmax) + s(ptp) + s(pblmin) + s(tmin2m) + s(v10m) + s(u10m) + s(tp) + s(nirradiance) + s(pbl00), data = .)  845.5857
gam(log(value) ~ s(rh) + s(jd) + s(pblmax) + s(ptp) + s(pblmin) + s(tmin2m) + s(v10m) + s(u10m) + s(tp) + s(nirradiance) + s(pbl00), data = .)      841.6653
gam(log(value) ~ s(sp) + s(jd) + s(pblmax) + s(ptp) + s(pblmin) + s(tmin2m) + s(v10m) + s(u10m) + s(tp) + s(nirradiance) + s(pbl00), data = .)      845.1760
gam(log(value) ~ s(pbl12) + s(jd) + s(pblmax) + s(ptp) + s(pblmin) + s(tmin2m) + s(v10m) + s(u10m) + s(tp) + s(nirradiance) + s(pbl00), data = .)   843.0543
gam(log(value) ~ s(wdir) + s(jd) + s(pblmax) + s(ptp) + s(pblmin) + s(tmin2m) + s(v10m) + s(u10m) + s(tp) + s(nirradiance) + s(pbl00), data = .)    840.8471
gam(log(value) ~ s(wspeed) + s(jd) + s(pblmax) + s(ptp) + s(pblmin) + s(tmin2m) + s(v10m) + s(u10m) + s(tp) + s(nirradiance) + s(pbl00), data = .)  848.4121
gam(log(value) ~ s(pwspeed) + s(jd) + s(pblmax) + s(ptp) + s(pblmin) + s(tmin2m) + s(v10m) + s(u10m) + s(tp) + s(nirradiance) + s(pbl00), data = .) 844.2458

[1] "Modello migliore: wdir - jd - pblmax - ptp - pblmin - tmin2m - v10m - u10m - tp - nirradiance - pbl00"

Variabile scelta wdir con AIC 840.847089948954  

Modelli BACKWARD 

                                                                                                                                                    IT0865A
gam(log(value) ~ s(t2m) + s(jd) + s(pblmax) + s(ptp) + s(pblmin) + s(tmin2m) + s(v10m) + s(u10m) + s(tp) + s(nirradiance) + s(wdir), data = .)     852.2186
gam(log(value) ~ s(tmax2m) + s(jd) + s(pblmax) + s(ptp) + s(pblmin) + s(tmin2m) + s(v10m) + s(u10m) + s(tp) + s(nirradiance) + s(wdir), data = .)  849.1802
gam(log(value) ~ s(rh) + s(jd) + s(pblmax) + s(ptp) + s(pblmin) + s(tmin2m) + s(v10m) + s(u10m) + s(tp) + s(nirradiance) + s(wdir), data = .)      846.5812
gam(log(value) ~ s(sp) + s(jd) + s(pblmax) + s(ptp) + s(pblmin) + s(tmin2m) + s(v10m) + s(u10m) + s(tp) + s(nirradiance) + s(wdir), data = .)      850.2467
gam(log(value) ~ s(pbl12) + s(jd) + s(pblmax) + s(ptp) + s(pblmin) + s(tmin2m) + s(v10m) + s(u10m) + s(tp) + s(nirradiance) + s(wdir), data = .)   845.3334
gam(log(value) ~ s(wspeed) + s(jd) + s(pblmax) + s(ptp) + s(pblmin) + s(tmin2m) + s(v10m) + s(u10m) + s(tp) + s(nirradiance) + s(wdir), data = .)  851.9211
gam(log(value) ~ s(pwspeed) + s(jd) + s(pblmax) + s(ptp) + s(pblmin) + s(tmin2m) + s(v10m) + s(u10m) + s(tp) + s(nirradiance) + s(wdir), data = .) 842.6612

[1] "Modello migliore: pwspeed - jd - pblmax - ptp - pblmin - tmin2m - v10m - u10m - tp - nirradiance - wdir"

[1] "Dati backward:  842.661180299355::pwspeed::jd::pblmax::ptp::pblmin::tmin2m::v10m::u10m::tp::nirradiance::wdir"

Scelgo il modello N 

---------- START ---------- 

                                                                                                                                                               IT0865A
gam(log(value) ~ s(t2m) + s(jd) + s(pblmax) + s(ptp) + s(pblmin) + s(tmin2m) + s(v10m) + s(u10m) + s(tp) + s(nirradiance) + s(pbl00) + s(wdir), data = .)     839.8709
gam(log(value) ~ s(tmax2m) + s(jd) + s(pblmax) + s(ptp) + s(pblmin) + s(tmin2m) + s(v10m) + s(u10m) + s(tp) + s(nirradiance) + s(pbl00) + s(wdir), data = .)  836.4490
gam(log(value) ~ s(rh) + s(jd) + s(pblmax) + s(ptp) + s(pblmin) + s(tmin2m) + s(v10m) + s(u10m) + s(tp) + s(nirradiance) + s(pbl00) + s(wdir), data = .)      830.9756
gam(log(value) ~ s(sp) + s(jd) + s(pblmax) + s(ptp) + s(pblmin) + s(tmin2m) + s(v10m) + s(u10m) + s(tp) + s(nirradiance) + s(pbl00) + s(wdir), data = .)      837.6599
gam(log(value) ~ s(pbl12) + s(jd) + s(pblmax) + s(ptp) + s(pblmin) + s(tmin2m) + s(v10m) + s(u10m) + s(tp) + s(nirradiance) + s(pbl00) + s(wdir), data = .)   833.5035
gam(log(value) ~ s(wspeed) + s(jd) + s(pblmax) + s(ptp) + s(pblmin) + s(tmin2m) + s(v10m) + s(u10m) + s(tp) + s(nirradiance) + s(pbl00) + s(wdir), data = .)  838.5853
gam(log(value) ~ s(pwspeed) + s(jd) + s(pblmax) + s(ptp) + s(pblmin) + s(tmin2m) + s(v10m) + s(u10m) + s(tp) + s(nirradiance) + s(pbl00) + s(wdir), data = .) 834.7694

[1] "Modello migliore: rh - jd - pblmax - ptp - pblmin - tmin2m - v10m - u10m - tp - nirradiance - pbl00 - wdir"

Variabile scelta rh con AIC 830.975583715901  

Modelli BACKWARD 

                                                                                                                                                             IT0865A
gam(log(value) ~ s(t2m) + s(jd) + s(pblmax) + s(ptp) + s(pblmin) + s(tmin2m) + s(v10m) + s(u10m) + s(tp) + s(nirradiance) + s(pbl00) + s(rh), data = .)     838.7413
gam(log(value) ~ s(tmax2m) + s(jd) + s(pblmax) + s(ptp) + s(pblmin) + s(tmin2m) + s(v10m) + s(u10m) + s(tp) + s(nirradiance) + s(pbl00) + s(rh), data = .)  838.8405
gam(log(value) ~ s(sp) + s(jd) + s(pblmax) + s(ptp) + s(pblmin) + s(tmin2m) + s(v10m) + s(u10m) + s(tp) + s(nirradiance) + s(pbl00) + s(rh), data = .)      837.5627
gam(log(value) ~ s(pbl12) + s(jd) + s(pblmax) + s(ptp) + s(pblmin) + s(tmin2m) + s(v10m) + s(u10m) + s(tp) + s(nirradiance) + s(pbl00) + s(rh), data = .)   835.2889
gam(log(value) ~ s(wspeed) + s(jd) + s(pblmax) + s(ptp) + s(pblmin) + s(tmin2m) + s(v10m) + s(u10m) + s(tp) + s(nirradiance) + s(pbl00) + s(rh), data = .)  839.3079
gam(log(value) ~ s(pwspeed) + s(jd) + s(pblmax) + s(ptp) + s(pblmin) + s(tmin2m) + s(v10m) + s(u10m) + s(tp) + s(nirradiance) + s(pbl00) + s(rh), data = .) 831.8567

[1] "Modello migliore: pwspeed - jd - pblmax - ptp - pblmin - tmin2m - v10m - u10m - tp - nirradiance - pbl00 - rh"

[1] "Dati backward:  831.856727233999::pwspeed::jd::pblmax::ptp::pblmin::tmin2m::v10m::u10m::tp::nirradiance::pbl00::rh"

Scelgo il modello N 

---------- START ---------- 

                                                                                                                                                                       IT0865A
gam(log(value) ~ s(t2m) + s(jd) + s(pblmax) + s(ptp) + s(pblmin) + s(tmin2m) + s(v10m) + s(u10m) + s(tp) + s(nirradiance) + s(pbl00) + s(wdir) + s(rh), data = .)     826.5932
gam(log(value) ~ s(tmax2m) + s(jd) + s(pblmax) + s(ptp) + s(pblmin) + s(tmin2m) + s(v10m) + s(u10m) + s(tp) + s(nirradiance) + s(pbl00) + s(wdir) + s(rh), data = .)  828.2697
gam(log(value) ~ s(sp) + s(jd) + s(pblmax) + s(ptp) + s(pblmin) + s(tmin2m) + s(v10m) + s(u10m) + s(tp) + s(nirradiance) + s(pbl00) + s(wdir) + s(rh), data = .)      829.0656
gam(log(value) ~ s(pbl12) + s(jd) + s(pblmax) + s(ptp) + s(pblmin) + s(tmin2m) + s(v10m) + s(u10m) + s(tp) + s(nirradiance) + s(pbl00) + s(wdir) + s(rh), data = .)   824.9594
gam(log(value) ~ s(wspeed) + s(jd) + s(pblmax) + s(ptp) + s(pblmin) + s(tmin2m) + s(v10m) + s(u10m) + s(tp) + s(nirradiance) + s(pbl00) + s(wdir) + s(rh), data = .)  828.4180
gam(log(value) ~ s(pwspeed) + s(jd) + s(pblmax) + s(ptp) + s(pblmin) + s(tmin2m) + s(v10m) + s(u10m) + s(tp) + s(nirradiance) + s(pbl00) + s(wdir) + s(rh), data = .) 821.0981

[1] "Modello migliore: pwspeed - jd - pblmax - ptp - pblmin - tmin2m - v10m - u10m - tp - nirradiance - pbl00 - wdir - rh"

Variabile scelta pwspeed con AIC 821.098101498026  

Modelli BACKWARD 

                                                                                                                                                                           IT0865A
gam(log(value) ~ s(t2m) + s(jd) + s(pblmax) + s(ptp) + s(pblmin) + s(tmin2m) + s(v10m) + s(u10m) + s(tp) + s(nirradiance) + s(pbl00) + s(wdir) + s(pwspeed), data = .)    834.6883
gam(log(value) ~ s(tmax2m) + s(jd) + s(pblmax) + s(ptp) + s(pblmin) + s(tmin2m) + s(v10m) + s(u10m) + s(tp) + s(nirradiance) + s(pbl00) + s(wdir) + s(pwspeed), data = .) 830.9929
gam(log(value) ~ s(sp) + s(jd) + s(pblmax) + s(ptp) + s(pblmin) + s(tmin2m) + s(v10m) + s(u10m) + s(tp) + s(nirradiance) + s(pbl00) + s(wdir) + s(pwspeed), data = .)     831.1711
gam(log(value) ~ s(pbl12) + s(jd) + s(pblmax) + s(ptp) + s(pblmin) + s(tmin2m) + s(v10m) + s(u10m) + s(tp) + s(nirradiance) + s(pbl00) + s(wdir) + s(pwspeed), data = .)  828.4462
gam(log(value) ~ s(wspeed) + s(jd) + s(pblmax) + s(ptp) + s(pblmin) + s(tmin2m) + s(v10m) + s(u10m) + s(tp) + s(nirradiance) + s(pbl00) + s(wdir) + s(pwspeed), data = .) 832.9995

[1] "Modello migliore: pbl12 - jd - pblmax - ptp - pblmin - tmin2m - v10m - u10m - tp - nirradiance - pbl00 - wdir - pwspeed"

[1] "Dati backward:  828.446241195658::pbl12::jd::pblmax::ptp::pblmin::tmin2m::v10m::u10m::tp::nirradiance::pbl00::wdir::pwspeed"

Scelgo il modello N 

---------- START ---------- 

                                                                                                                                                                                   IT0865A
gam(log(value) ~ s(t2m) + s(jd) + s(pblmax) + s(ptp) + s(pblmin) + s(tmin2m) + s(v10m) + s(u10m) + s(tp) + s(nirradiance) + s(pbl00) + s(wdir) + s(rh) + s(pwspeed), data = .)    818.7523
gam(log(value) ~ s(tmax2m) + s(jd) + s(pblmax) + s(ptp) + s(pblmin) + s(tmin2m) + s(v10m) + s(u10m) + s(tp) + s(nirradiance) + s(pbl00) + s(wdir) + s(rh) + s(pwspeed), data = .) 819.3243
gam(log(value) ~ s(sp) + s(jd) + s(pblmax) + s(ptp) + s(pblmin) + s(tmin2m) + s(v10m) + s(u10m) + s(tp) + s(nirradiance) + s(pbl00) + s(wdir) + s(rh) + s(pwspeed), data = .)     818.8086
gam(log(value) ~ s(pbl12) + s(jd) + s(pblmax) + s(ptp) + s(pblmin) + s(tmin2m) + s(v10m) + s(u10m) + s(tp) + s(nirradiance) + s(pbl00) + s(wdir) + s(rh) + s(pwspeed), data = .)  816.4144
gam(log(value) ~ s(wspeed) + s(jd) + s(pblmax) + s(ptp) + s(pblmin) + s(tmin2m) + s(v10m) + s(u10m) + s(tp) + s(nirradiance) + s(pbl00) + s(wdir) + s(rh) + s(pwspeed), data = .) 819.1866

[1] "Modello migliore: pbl12 - jd - pblmax - ptp - pblmin - tmin2m - v10m - u10m - tp - nirradiance - pbl00 - wdir - rh - pwspeed"

Variabile scelta pbl12 con AIC 816.41442662869  

Modelli BACKWARD 

                                                                                                                                                                                 IT0865A
gam(log(value) ~ s(t2m) + s(jd) + s(pblmax) + s(ptp) + s(pblmin) + s(tmin2m) + s(v10m) + s(u10m) + s(tp) + s(nirradiance) + s(pbl00) + s(wdir) + s(rh) + s(pbl12), data = .)    820.3304
gam(log(value) ~ s(tmax2m) + s(jd) + s(pblmax) + s(ptp) + s(pblmin) + s(tmin2m) + s(v10m) + s(u10m) + s(tp) + s(nirradiance) + s(pbl00) + s(wdir) + s(rh) + s(pbl12), data = .) 821.5687
gam(log(value) ~ s(sp) + s(jd) + s(pblmax) + s(ptp) + s(pblmin) + s(tmin2m) + s(v10m) + s(u10m) + s(tp) + s(nirradiance) + s(pbl00) + s(wdir) + s(rh) + s(pbl12), data = .)     824.2868
gam(log(value) ~ s(wspeed) + s(jd) + s(pblmax) + s(ptp) + s(pblmin) + s(tmin2m) + s(v10m) + s(u10m) + s(tp) + s(nirradiance) + s(pbl00) + s(wdir) + s(rh) + s(pbl12), data = .) 822.5390

[1] "Modello migliore: t2m - jd - pblmax - ptp - pblmin - tmin2m - v10m - u10m - tp - nirradiance - pbl00 - wdir - rh - pbl12"

[1] "Dati backward:  820.330438670309::t2m::jd::pblmax::ptp::pblmin::tmin2m::v10m::u10m::tp::nirradiance::pbl00::wdir::rh::pbl12"

Scelgo il modello N-1 

---------- START ---------- 

                                                                                                                                                                                   IT0865A
gam(log(value) ~ s(t2m) + s(jd) + s(pblmax) + s(ptp) + s(pblmin) + s(tmin2m) + s(v10m) + s(u10m) + s(tp) + s(nirradiance) + s(pbl00) + s(wdir) + s(rh) + s(pwspeed), data = .)    818.7523
gam(log(value) ~ s(tmax2m) + s(jd) + s(pblmax) + s(ptp) + s(pblmin) + s(tmin2m) + s(v10m) + s(u10m) + s(tp) + s(nirradiance) + s(pbl00) + s(wdir) + s(rh) + s(pwspeed), data = .) 819.3243
gam(log(value) ~ s(sp) + s(jd) + s(pblmax) + s(ptp) + s(pblmin) + s(tmin2m) + s(v10m) + s(u10m) + s(tp) + s(nirradiance) + s(pbl00) + s(wdir) + s(rh) + s(pwspeed), data = .)     818.8086
gam(log(value) ~ s(wspeed) + s(jd) + s(pblmax) + s(ptp) + s(pblmin) + s(tmin2m) + s(v10m) + s(u10m) + s(tp) + s(nirradiance) + s(pbl00) + s(wdir) + s(rh) + s(pwspeed), data = .) 819.1866

[1] "Modello migliore: t2m - jd - pblmax - ptp - pblmin - tmin2m - v10m - u10m - tp - nirradiance - pbl00 - wdir - rh - pwspeed"

Variabile scelta t2m con AIC 818.752307367741  

Fine per scelta MODELLO 

jd + pblmax + ptp + pblmin + tmin2m + v10m + u10m + tp + nirradiance + pbl00 + wdir + rh + pwspeed 

---------------------- 

NOTE: Log Print Time:  2021-05-11 12:24:24 
NOTE: Elapsed Time in seconds: 3.48354438940684 

Fine per scelta MODELLO 

jd + pblmax + ptp + pblmin + tmin2m + v10m + u10m + tp + nirradiance + pbl00 + wdir + rh + pwspeed 

---------------------- 

NOTE: Log Print Time:  2021-05-11 12:24:24 
NOTE: Elapsed Time in seconds: 0.00122356414794922 

Fine per scelta MODELLO 

jd + pblmax + ptp + pblmin + tmin2m + v10m + u10m + tp + nirradiance + pbl00 + wdir + rh + pwspeed 

---------------------- 

NOTE: Log Print Time:  2021-05-11 12:24:24 
NOTE: Elapsed Time in seconds: 0.0010993480682373 

Fine per scelta MODELLO 

jd + pblmax + ptp + pblmin + tmin2m + v10m + u10m + tp + nirradiance + pbl00 + wdir + rh + pwspeed 

---------------------- 

NOTE: Log Print Time:  2021-05-11 12:24:24 
NOTE: Elapsed Time in seconds: 0.00109291076660156 

Fine per scelta MODELLO 

jd + pblmax + ptp + pblmin + tmin2m + v10m + u10m + tp + nirradiance + pbl00 + wdir + rh + pwspeed 

---------------------- 

NOTE: Log Print Time:  2021-05-11 12:24:24 
NOTE: Elapsed Time in seconds: 0.00109291076660156 

Fine per scelta MODELLO 

jd + pblmax + ptp + pblmin + tmin2m + v10m + u10m + tp + nirradiance + pbl00 + wdir + rh + pwspeed 

---------------------- 

NOTE: Log Print Time:  2021-05-11 12:24:24 
NOTE: Elapsed Time in seconds: 0.00107049942016602 

Fine per scelta MODELLO 

jd + pblmax + ptp + pblmin + tmin2m + v10m + u10m + tp + nirradiance + pbl00 + wdir + rh + pwspeed 

---------------------- 

NOTE: Log Print Time:  2021-05-11 12:24:24 
NOTE: Elapsed Time in seconds: 0.00107097625732422 

Fine per scelta MODELLO 

jd + pblmax + ptp + pblmin + tmin2m + v10m + u10m + tp + nirradiance + pbl00 + wdir + rh + pwspeed 

---------------------- 

NOTE: Log Print Time:  2021-05-11 12:24:24 
NOTE: Elapsed Time in seconds: 0.00106215476989746 

Fine per scelta MODELLO 

jd + pblmax + ptp + pblmin + tmin2m + v10m + u10m + tp + nirradiance + pbl00 + wdir + rh + pwspeed 

---------------------- 

NOTE: Log Print Time:  2021-05-11 12:24:24 
NOTE: Elapsed Time in seconds: 0.00101995468139648 

Fine per scelta MODELLO 

jd + pblmax + ptp + pblmin + tmin2m + v10m + u10m + tp + nirradiance + pbl00 + wdir + rh + pwspeed 

---------------------- 

NOTE: Log Print Time:  2021-05-11 12:24:24 
NOTE: Elapsed Time in seconds: 0.0010063648223877 

Fine per scelta MODELLO 

jd + pblmax + ptp + pblmin + tmin2m + v10m + u10m + tp + nirradiance + pbl00 + wdir + rh + pwspeed 

---------------------- 

NOTE: Log Print Time:  2021-05-11 12:24:24 
NOTE: Elapsed Time in seconds: 0.00100827217102051 

Fine per scelta MODELLO 

jd + pblmax + ptp + pblmin + tmin2m + v10m + u10m + tp + nirradiance + pbl00 + wdir + rh + pwspeed 

---------------------- 

NOTE: Log Print Time:  2021-05-11 12:24:24 
NOTE: Elapsed Time in seconds: 0.001007080078125 

Fine per scelta MODELLO 

jd + pblmax + ptp + pblmin + tmin2m + v10m + u10m + tp + nirradiance + pbl00 + wdir + rh + pwspeed 

---------------------- 

NOTE: Log Print Time:  2021-05-11 12:24:24 
NOTE: Elapsed Time in seconds: 0.00105881690979004 

Fine per scelta MODELLO 

jd + pblmax + ptp + pblmin + tmin2m + v10m + u10m + tp + nirradiance + pbl00 + wdir + rh + pwspeed 

---------------------- 

NOTE: Log Print Time:  2021-05-11 12:24:24 
NOTE: Elapsed Time in seconds: 0.00101613998413086 

========================================================================= 
Log End Time: 2021-05-11 12:24:24 
Log Elapsed Time: 0 00:00:03 
========================================================================= 
