========================================================================= 
Log Path: output/12/pm10/log/pulvirus_pm10_12_IT0888A.log 
Working Directory: /home/rmorelli/R/pulvirus/analisi/GAM/scelta 
User Name: rmorelli 
R Version: 4.0.5 (2021-03-31) 
Machine: pasqualino x86_64 
Operating System: Linux 4.19.0-13-amd64 #1 SMP Debian 4.19.160-2 (2020-11-28) 
Log Start Time: 2021-05-11 12:34:12 
========================================================================= 

Stazione: IT0888A 

---------- START ---------- 

                                            IT0888A
gam(log(value) ~ s(t2m), data = .)         1711.330
gam(log(value) ~ s(tmin2m), data = .)      1707.360
gam(log(value) ~ s(tmax2m), data = .)      1772.982
gam(log(value) ~ s(tp), data = .)          1939.881
gam(log(value) ~ s(ptp), data = .)         1779.333
gam(log(value) ~ s(rh), data = .)          1921.076
gam(log(value) ~ s(u10m), data = .)        1841.386
gam(log(value) ~ s(v10m), data = .)        1900.968
gam(log(value) ~ s(sp), data = .)          1746.582
gam(log(value) ~ s(nirradiance), data = .) 1731.615
gam(log(value) ~ s(pbl00), data = .)       1898.476
gam(log(value) ~ s(pbl12), data = .)       1659.677
gam(log(value) ~ s(pblmin), data = .)      1923.638
gam(log(value) ~ s(pblmax), data = .)      1643.550
gam(log(value) ~ s(wdir), data = .)        1815.001
gam(log(value) ~ s(wspeed), data = .)      1930.997
gam(log(value) ~ s(pwspeed), data = .)     1924.645
gam(log(value) ~ s(jd), data = .)          1647.916

Modello migliore: pblmax 

Variabile scelta pblmax con AIC 1643.55000971579  

---------- START ---------- 

                                                        IT0888A
gam(log(value) ~ s(t2m) + s(pblmax), data = .)         1484.521
gam(log(value) ~ s(tmin2m) + s(pblmax), data = .)      1450.600
gam(log(value) ~ s(tmax2m) + s(pblmax), data = .)      1541.484
gam(log(value) ~ s(tp) + s(pblmax), data = .)          1529.685
gam(log(value) ~ s(ptp) + s(pblmax), data = .)         1397.607
gam(log(value) ~ s(rh) + s(pblmax), data = .)          1610.408
gam(log(value) ~ s(u10m) + s(pblmax), data = .)        1625.936
gam(log(value) ~ s(v10m) + s(pblmax), data = .)        1601.570
gam(log(value) ~ s(sp) + s(pblmax), data = .)          1494.210
gam(log(value) ~ s(nirradiance) + s(pblmax), data = .) 1590.948
gam(log(value) ~ s(pbl00) + s(pblmax), data = .)       1545.570
gam(log(value) ~ s(pbl12) + s(pblmax), data = .)       1633.537
gam(log(value) ~ s(pblmin) + s(pblmax), data = .)      1577.571
gam(log(value) ~ s(pblmax) + s(pblmax), data = .)      1643.550
gam(log(value) ~ s(wdir) + s(pblmax), data = .)        1605.730
gam(log(value) ~ s(wspeed) + s(pblmax), data = .)      1623.234
gam(log(value) ~ s(pwspeed) + s(pblmax), data = .)     1611.697
gam(log(value) ~ s(jd) + s(pblmax), data = .)          1537.521

Modello migliore: ptp - pblmax 

Variabile scelta ptp con AIC 1397.60738401985  

Modelli BACKWARD 

                                                     IT0888A
gam(log(value) ~ s(t2m) + s(ptp), data = .)         1455.219
gam(log(value) ~ s(tmin2m) + s(ptp), data = .)      1503.522
gam(log(value) ~ s(tmax2m) + s(ptp), data = .)      1469.817
gam(log(value) ~ s(tp) + s(ptp), data = .)          1780.927
gam(log(value) ~ s(rh) + s(ptp), data = .)          1563.106
gam(log(value) ~ s(u10m) + s(ptp), data = .)        1607.970
gam(log(value) ~ s(v10m) + s(ptp), data = .)        1708.948
gam(log(value) ~ s(sp) + s(ptp), data = .)          1637.189
gam(log(value) ~ s(nirradiance) + s(ptp), data = .) 1403.014
gam(log(value) ~ s(pbl00) + s(ptp), data = .)       1758.370
gam(log(value) ~ s(pbl12) + s(ptp), data = .)       1388.986
gam(log(value) ~ s(pblmin) + s(ptp), data = .)      1762.707
gam(log(value) ~ s(wdir) + s(ptp), data = .)        1588.380
gam(log(value) ~ s(wspeed) + s(ptp), data = .)      1731.444
gam(log(value) ~ s(pwspeed) + s(ptp), data = .)     1724.101
gam(log(value) ~ s(jd) + s(ptp), data = .)          1339.025

Modello migliore: jd - ptp 

Dati backward:  1339.02471618527::jd::ptp 

Scelgo il modello N 

---------- START ---------- 

                                                                 IT0888A
gam(log(value) ~ s(t2m) + s(pblmax) + s(ptp), data = .)         1239.677
gam(log(value) ~ s(tmin2m) + s(pblmax) + s(ptp), data = .)      1231.342
gam(log(value) ~ s(tmax2m) + s(pblmax) + s(ptp), data = .)      1278.174
gam(log(value) ~ s(tp) + s(pblmax) + s(ptp), data = .)          1376.243
gam(log(value) ~ s(rh) + s(pblmax) + s(ptp), data = .)          1383.973
gam(log(value) ~ s(u10m) + s(pblmax) + s(ptp), data = .)        1363.783
gam(log(value) ~ s(v10m) + s(pblmax) + s(ptp), data = .)        1361.891
gam(log(value) ~ s(sp) + s(pblmax) + s(ptp), data = .)          1344.993
gam(log(value) ~ s(nirradiance) + s(pblmax) + s(ptp), data = .) 1319.199
gam(log(value) ~ s(pbl00) + s(pblmax) + s(ptp), data = .)       1365.324
gam(log(value) ~ s(pbl12) + s(pblmax) + s(ptp), data = .)       1375.419
gam(log(value) ~ s(pblmin) + s(pblmax) + s(ptp), data = .)      1373.184
gam(log(value) ~ s(wdir) + s(pblmax) + s(ptp), data = .)        1355.254
gam(log(value) ~ s(wspeed) + s(pblmax) + s(ptp), data = .)      1379.595
gam(log(value) ~ s(pwspeed) + s(pblmax) + s(ptp), data = .)     1375.090
gam(log(value) ~ s(jd) + s(pblmax) + s(ptp), data = .)          1231.939

Modello migliore: tmin2m - pblmax - ptp 

Variabile scelta tmin2m con AIC 1231.34221590912  

Modelli BACKWARD 

                                                                    IT0888A
gam(log(value) ~ s(t2m) + s(pblmax) + s(tmin2m), data = .)         1419.893
gam(log(value) ~ s(tmax2m) + s(pblmax) + s(tmin2m), data = .)      1389.280
gam(log(value) ~ s(tp) + s(pblmax) + s(tmin2m), data = .)          1385.544
gam(log(value) ~ s(rh) + s(pblmax) + s(tmin2m), data = .)          1448.651
gam(log(value) ~ s(u10m) + s(pblmax) + s(tmin2m), data = .)        1424.477
gam(log(value) ~ s(v10m) + s(pblmax) + s(tmin2m), data = .)        1370.233
gam(log(value) ~ s(sp) + s(pblmax) + s(tmin2m), data = .)          1333.201
gam(log(value) ~ s(nirradiance) + s(pblmax) + s(tmin2m), data = .) 1427.739
gam(log(value) ~ s(pbl00) + s(pblmax) + s(tmin2m), data = .)       1371.652
gam(log(value) ~ s(pbl12) + s(pblmax) + s(tmin2m), data = .)       1451.382
gam(log(value) ~ s(pblmin) + s(pblmax) + s(tmin2m), data = .)      1397.201
gam(log(value) ~ s(wdir) + s(pblmax) + s(tmin2m), data = .)        1412.006
gam(log(value) ~ s(wspeed) + s(pblmax) + s(tmin2m), data = .)      1434.339
gam(log(value) ~ s(pwspeed) + s(pblmax) + s(tmin2m), data = .)     1425.145
gam(log(value) ~ s(jd) + s(pblmax) + s(tmin2m), data = .)          1379.857

Modello migliore: sp - pblmax - tmin2m 

Dati backward:  1333.20118153961::sp::pblmax::tmin2m 

Scelgo il modello N 

---------- START ---------- 

                                                                             IT0888A
gam(log(value) ~ s(t2m) + s(pblmax) + s(ptp) + s(tmin2m), data = .)         1220.140
gam(log(value) ~ s(tmax2m) + s(pblmax) + s(ptp) + s(tmin2m), data = .)      1208.031
gam(log(value) ~ s(tp) + s(pblmax) + s(ptp) + s(tmin2m), data = .)          1226.287
gam(log(value) ~ s(rh) + s(pblmax) + s(ptp) + s(tmin2m), data = .)          1208.480
gam(log(value) ~ s(u10m) + s(pblmax) + s(ptp) + s(tmin2m), data = .)        1195.129
gam(log(value) ~ s(v10m) + s(pblmax) + s(ptp) + s(tmin2m), data = .)        1163.428
gam(log(value) ~ s(sp) + s(pblmax) + s(ptp) + s(tmin2m), data = .)          1200.722
gam(log(value) ~ s(nirradiance) + s(pblmax) + s(ptp) + s(tmin2m), data = .) 1187.788
gam(log(value) ~ s(pbl00) + s(pblmax) + s(ptp) + s(tmin2m), data = .)       1202.844
gam(log(value) ~ s(pbl12) + s(pblmax) + s(ptp) + s(tmin2m), data = .)       1230.267
gam(log(value) ~ s(pblmin) + s(pblmax) + s(ptp) + s(tmin2m), data = .)      1210.434
gam(log(value) ~ s(wdir) + s(pblmax) + s(ptp) + s(tmin2m), data = .)        1194.053
gam(log(value) ~ s(wspeed) + s(pblmax) + s(ptp) + s(tmin2m), data = .)      1216.743
gam(log(value) ~ s(pwspeed) + s(pblmax) + s(ptp) + s(tmin2m), data = .)     1215.202
gam(log(value) ~ s(jd) + s(pblmax) + s(ptp) + s(tmin2m), data = .)          1125.562

Modello migliore: jd - pblmax - ptp - tmin2m 

Variabile scelta jd con AIC 1125.56237903286  

Modelli BACKWARD 

                                                                         IT0888A
gam(log(value) ~ s(t2m) + s(pblmax) + s(ptp) + s(jd), data = .)         1133.424
gam(log(value) ~ s(tmax2m) + s(pblmax) + s(ptp) + s(jd), data = .)      1142.488
gam(log(value) ~ s(tp) + s(pblmax) + s(ptp) + s(jd), data = .)          1212.034
gam(log(value) ~ s(rh) + s(pblmax) + s(ptp) + s(jd), data = .)          1225.017
gam(log(value) ~ s(u10m) + s(pblmax) + s(ptp) + s(jd), data = .)        1225.915
gam(log(value) ~ s(v10m) + s(pblmax) + s(ptp) + s(jd), data = .)        1168.964
gam(log(value) ~ s(sp) + s(pblmax) + s(ptp) + s(jd), data = .)          1201.073
gam(log(value) ~ s(nirradiance) + s(pblmax) + s(ptp) + s(jd), data = .) 1219.094
gam(log(value) ~ s(pbl00) + s(pblmax) + s(ptp) + s(jd), data = .)       1175.766
gam(log(value) ~ s(pbl12) + s(pblmax) + s(ptp) + s(jd), data = .)       1224.001
gam(log(value) ~ s(pblmin) + s(pblmax) + s(ptp) + s(jd), data = .)      1192.295
gam(log(value) ~ s(wdir) + s(pblmax) + s(ptp) + s(jd), data = .)        1219.680
gam(log(value) ~ s(wspeed) + s(pblmax) + s(ptp) + s(jd), data = .)      1208.451
gam(log(value) ~ s(pwspeed) + s(pblmax) + s(ptp) + s(jd), data = .)     1209.069

Modello migliore: t2m - pblmax - ptp - jd 

Dati backward:  1133.42429505592::t2m::pblmax::ptp::jd 

Scelgo il modello N 

---------- START ---------- 

                                                                                     IT0888A
gam(log(value) ~ s(t2m) + s(pblmax) + s(ptp) + s(tmin2m) + s(jd), data = .)         1099.691
gam(log(value) ~ s(tmax2m) + s(pblmax) + s(ptp) + s(tmin2m) + s(jd), data = .)      1083.668
gam(log(value) ~ s(tp) + s(pblmax) + s(ptp) + s(tmin2m) + s(jd), data = .)          1113.863
gam(log(value) ~ s(rh) + s(pblmax) + s(ptp) + s(tmin2m) + s(jd), data = .)          1115.825
gam(log(value) ~ s(u10m) + s(pblmax) + s(ptp) + s(tmin2m) + s(jd), data = .)        1104.736
gam(log(value) ~ s(v10m) + s(pblmax) + s(ptp) + s(tmin2m) + s(jd), data = .)        1050.904
gam(log(value) ~ s(sp) + s(pblmax) + s(ptp) + s(tmin2m) + s(jd), data = .)          1094.978
gam(log(value) ~ s(nirradiance) + s(pblmax) + s(ptp) + s(tmin2m) + s(jd), data = .) 1123.703
gam(log(value) ~ s(pbl00) + s(pblmax) + s(ptp) + s(tmin2m) + s(jd), data = .)       1079.461
gam(log(value) ~ s(pbl12) + s(pblmax) + s(ptp) + s(tmin2m) + s(jd), data = .)       1126.472
gam(log(value) ~ s(pblmin) + s(pblmax) + s(ptp) + s(tmin2m) + s(jd), data = .)      1093.695
gam(log(value) ~ s(wdir) + s(pblmax) + s(ptp) + s(tmin2m) + s(jd), data = .)        1097.432
gam(log(value) ~ s(wspeed) + s(pblmax) + s(ptp) + s(tmin2m) + s(jd), data = .)      1109.760
gam(log(value) ~ s(pwspeed) + s(pblmax) + s(ptp) + s(tmin2m) + s(jd), data = .)     1108.896

Modello migliore: v10m - pblmax - ptp - tmin2m - jd 

Variabile scelta v10m con AIC 1050.90419987736  

Modelli BACKWARD 

                                                                                       IT0888A
gam(log(value) ~ s(t2m) + s(pblmax) + s(ptp) + s(tmin2m) + s(v10m), data = .)         1157.963
gam(log(value) ~ s(tmax2m) + s(pblmax) + s(ptp) + s(tmin2m) + s(v10m), data = .)      1147.103
gam(log(value) ~ s(tp) + s(pblmax) + s(ptp) + s(tmin2m) + s(v10m), data = .)          1142.725
gam(log(value) ~ s(rh) + s(pblmax) + s(ptp) + s(tmin2m) + s(v10m), data = .)          1153.623
gam(log(value) ~ s(u10m) + s(pblmax) + s(ptp) + s(tmin2m) + s(v10m), data = .)        1131.141
gam(log(value) ~ s(sp) + s(pblmax) + s(ptp) + s(tmin2m) + s(v10m), data = .)          1128.155
gam(log(value) ~ s(nirradiance) + s(pblmax) + s(ptp) + s(tmin2m) + s(v10m), data = .) 1101.398
gam(log(value) ~ s(pbl00) + s(pblmax) + s(ptp) + s(tmin2m) + s(v10m), data = .)       1144.388
gam(log(value) ~ s(pbl12) + s(pblmax) + s(ptp) + s(tmin2m) + s(v10m), data = .)       1161.409
gam(log(value) ~ s(pblmin) + s(pblmax) + s(ptp) + s(tmin2m) + s(v10m), data = .)      1154.290
gam(log(value) ~ s(wdir) + s(pblmax) + s(ptp) + s(tmin2m) + s(v10m), data = .)        1126.047
gam(log(value) ~ s(wspeed) + s(pblmax) + s(ptp) + s(tmin2m) + s(v10m), data = .)      1149.619
gam(log(value) ~ s(pwspeed) + s(pblmax) + s(ptp) + s(tmin2m) + s(v10m), data = .)     1148.730

Modello migliore: nirradiance - pblmax - ptp - tmin2m - v10m 

Dati backward:  1101.39778822387::nirradiance::pblmax::ptp::tmin2m::v10m 

Scelgo il modello N 

---------- START ---------- 

                                                                                               IT0888A
gam(log(value) ~ s(t2m) + s(pblmax) + s(ptp) + s(tmin2m) + s(jd) + s(v10m), data = .)         1039.966
gam(log(value) ~ s(tmax2m) + s(pblmax) + s(ptp) + s(tmin2m) + s(jd) + s(v10m), data = .)      1015.843
gam(log(value) ~ s(tp) + s(pblmax) + s(ptp) + s(tmin2m) + s(jd) + s(v10m), data = .)          1021.941
gam(log(value) ~ s(rh) + s(pblmax) + s(ptp) + s(tmin2m) + s(jd) + s(v10m), data = .)          1048.509
gam(log(value) ~ s(u10m) + s(pblmax) + s(ptp) + s(tmin2m) + s(jd) + s(v10m), data = .)        1033.259
gam(log(value) ~ s(sp) + s(pblmax) + s(ptp) + s(tmin2m) + s(jd) + s(v10m), data = .)          1014.770
gam(log(value) ~ s(nirradiance) + s(pblmax) + s(ptp) + s(tmin2m) + s(jd) + s(v10m), data = .) 1034.219
gam(log(value) ~ s(pbl00) + s(pblmax) + s(ptp) + s(tmin2m) + s(jd) + s(v10m), data = .)       1016.362
gam(log(value) ~ s(pbl12) + s(pblmax) + s(ptp) + s(tmin2m) + s(jd) + s(v10m), data = .)       1051.659
gam(log(value) ~ s(pblmin) + s(pblmax) + s(ptp) + s(tmin2m) + s(jd) + s(v10m), data = .)      1031.017
gam(log(value) ~ s(wdir) + s(pblmax) + s(ptp) + s(tmin2m) + s(jd) + s(v10m), data = .)        1029.517
gam(log(value) ~ s(wspeed) + s(pblmax) + s(ptp) + s(tmin2m) + s(jd) + s(v10m), data = .)      1045.769
gam(log(value) ~ s(pwspeed) + s(pblmax) + s(ptp) + s(tmin2m) + s(jd) + s(v10m), data = .)     1035.107

Modello migliore: sp - pblmax - ptp - tmin2m - jd - v10m 

Variabile scelta sp con AIC 1014.77016963104  

Modelli BACKWARD 

                                                                                             IT0888A
gam(log(value) ~ s(t2m) + s(pblmax) + s(ptp) + s(tmin2m) + s(jd) + s(sp), data = .)         1079.869
gam(log(value) ~ s(tmax2m) + s(pblmax) + s(ptp) + s(tmin2m) + s(jd) + s(sp), data = .)      1070.937
gam(log(value) ~ s(tp) + s(pblmax) + s(ptp) + s(tmin2m) + s(jd) + s(sp), data = .)          1091.302
gam(log(value) ~ s(rh) + s(pblmax) + s(ptp) + s(tmin2m) + s(jd) + s(sp), data = .)          1077.695
gam(log(value) ~ s(u10m) + s(pblmax) + s(ptp) + s(tmin2m) + s(jd) + s(sp), data = .)        1062.455
gam(log(value) ~ s(nirradiance) + s(pblmax) + s(ptp) + s(tmin2m) + s(jd) + s(sp), data = .) 1086.994
gam(log(value) ~ s(pbl00) + s(pblmax) + s(ptp) + s(tmin2m) + s(jd) + s(sp), data = .)       1066.530
gam(log(value) ~ s(pbl12) + s(pblmax) + s(ptp) + s(tmin2m) + s(jd) + s(sp), data = .)       1095.397
gam(log(value) ~ s(pblmin) + s(pblmax) + s(ptp) + s(tmin2m) + s(jd) + s(sp), data = .)      1077.724
gam(log(value) ~ s(wdir) + s(pblmax) + s(ptp) + s(tmin2m) + s(jd) + s(sp), data = .)        1056.149
gam(log(value) ~ s(wspeed) + s(pblmax) + s(ptp) + s(tmin2m) + s(jd) + s(sp), data = .)      1083.522
gam(log(value) ~ s(pwspeed) + s(pblmax) + s(ptp) + s(tmin2m) + s(jd) + s(sp), data = .)     1080.000

Modello migliore: wdir - pblmax - ptp - tmin2m - jd - sp 

Dati backward:  1056.14887459329::wdir::pblmax::ptp::tmin2m::jd::sp 

Scelgo il modello N 

---------- START ---------- 

                                                                                                        IT0888A
gam(log(value) ~ s(t2m) + s(pblmax) + s(ptp) + s(tmin2m) + s(jd) + s(v10m) + s(sp), data = .)         1011.7994
gam(log(value) ~ s(tmax2m) + s(pblmax) + s(ptp) + s(tmin2m) + s(jd) + s(v10m) + s(sp), data = .)       999.1534
gam(log(value) ~ s(tp) + s(pblmax) + s(ptp) + s(tmin2m) + s(jd) + s(v10m) + s(sp), data = .)           998.2044
gam(log(value) ~ s(rh) + s(pblmax) + s(ptp) + s(tmin2m) + s(jd) + s(v10m) + s(sp), data = .)          1011.0964
gam(log(value) ~ s(u10m) + s(pblmax) + s(ptp) + s(tmin2m) + s(jd) + s(v10m) + s(sp), data = .)         993.9266
gam(log(value) ~ s(nirradiance) + s(pblmax) + s(ptp) + s(tmin2m) + s(jd) + s(v10m) + s(sp), data = .)  994.6986
gam(log(value) ~ s(pbl00) + s(pblmax) + s(ptp) + s(tmin2m) + s(jd) + s(v10m) + s(sp), data = .)        993.9850
gam(log(value) ~ s(pbl12) + s(pblmax) + s(ptp) + s(tmin2m) + s(jd) + s(v10m) + s(sp), data = .)       1015.6177
gam(log(value) ~ s(pblmin) + s(pblmax) + s(ptp) + s(tmin2m) + s(jd) + s(v10m) + s(sp), data = .)      1005.5899
gam(log(value) ~ s(wdir) + s(pblmax) + s(ptp) + s(tmin2m) + s(jd) + s(v10m) + s(sp), data = .)         995.3885
gam(log(value) ~ s(wspeed) + s(pblmax) + s(ptp) + s(tmin2m) + s(jd) + s(v10m) + s(sp), data = .)      1005.3009
gam(log(value) ~ s(pwspeed) + s(pblmax) + s(ptp) + s(tmin2m) + s(jd) + s(v10m) + s(sp), data = .)     1001.1386

Modello migliore: u10m - pblmax - ptp - tmin2m - jd - v10m - sp 

Variabile scelta u10m con AIC 993.92655329756  

Modelli BACKWARD 

                                                                                                          IT0888A
gam(log(value) ~ s(t2m) + s(pblmax) + s(ptp) + s(tmin2m) + s(jd) + s(v10m) + s(u10m), data = .)         1018.8298
gam(log(value) ~ s(tmax2m) + s(pblmax) + s(ptp) + s(tmin2m) + s(jd) + s(v10m) + s(u10m), data = .)       996.3032
gam(log(value) ~ s(tp) + s(pblmax) + s(ptp) + s(tmin2m) + s(jd) + s(v10m) + s(u10m), data = .)          1003.1318
gam(log(value) ~ s(rh) + s(pblmax) + s(ptp) + s(tmin2m) + s(jd) + s(v10m) + s(u10m), data = .)          1032.6118
gam(log(value) ~ s(nirradiance) + s(pblmax) + s(ptp) + s(tmin2m) + s(jd) + s(v10m) + s(u10m), data = .) 1020.4369
gam(log(value) ~ s(pbl00) + s(pblmax) + s(ptp) + s(tmin2m) + s(jd) + s(v10m) + s(u10m), data = .)        991.5272
gam(log(value) ~ s(pbl12) + s(pblmax) + s(ptp) + s(tmin2m) + s(jd) + s(v10m) + s(u10m), data = .)       1034.4995
gam(log(value) ~ s(pblmin) + s(pblmax) + s(ptp) + s(tmin2m) + s(jd) + s(v10m) + s(u10m), data = .)       995.1613
gam(log(value) ~ s(wdir) + s(pblmax) + s(ptp) + s(tmin2m) + s(jd) + s(v10m) + s(u10m), data = .)        1031.0465
gam(log(value) ~ s(wspeed) + s(pblmax) + s(ptp) + s(tmin2m) + s(jd) + s(v10m) + s(u10m), data = .)      1027.3318
gam(log(value) ~ s(pwspeed) + s(pblmax) + s(ptp) + s(tmin2m) + s(jd) + s(v10m) + s(u10m), data = .)     1014.8380

Modello migliore: pbl00 - pblmax - ptp - tmin2m - jd - v10m - u10m 

Dati backward:  991.527178888144::pbl00::pblmax::ptp::tmin2m::jd::v10m::u10m 

Scelgo il modello N 

---------- START ---------- 

                                                                                                                 IT0888A
gam(log(value) ~ s(t2m) + s(pblmax) + s(ptp) + s(tmin2m) + s(jd) + s(v10m) + s(sp) + s(u10m), data = .)         986.0331
gam(log(value) ~ s(tmax2m) + s(pblmax) + s(ptp) + s(tmin2m) + s(jd) + s(v10m) + s(sp) + s(u10m), data = .)      974.7610
gam(log(value) ~ s(tp) + s(pblmax) + s(ptp) + s(tmin2m) + s(jd) + s(v10m) + s(sp) + s(u10m), data = .)          975.6415
gam(log(value) ~ s(rh) + s(pblmax) + s(ptp) + s(tmin2m) + s(jd) + s(v10m) + s(sp) + s(u10m), data = .)          989.0208
gam(log(value) ~ s(nirradiance) + s(pblmax) + s(ptp) + s(tmin2m) + s(jd) + s(v10m) + s(sp) + s(u10m), data = .) 980.9579
gam(log(value) ~ s(pbl00) + s(pblmax) + s(ptp) + s(tmin2m) + s(jd) + s(v10m) + s(sp) + s(u10m), data = .)       965.8756
gam(log(value) ~ s(pbl12) + s(pblmax) + s(ptp) + s(tmin2m) + s(jd) + s(v10m) + s(sp) + s(u10m), data = .)       993.6748
gam(log(value) ~ s(pblmin) + s(pblmax) + s(ptp) + s(tmin2m) + s(jd) + s(v10m) + s(sp) + s(u10m), data = .)      967.8411
gam(log(value) ~ s(wdir) + s(pblmax) + s(ptp) + s(tmin2m) + s(jd) + s(v10m) + s(sp) + s(u10m), data = .)        992.0030
gam(log(value) ~ s(wspeed) + s(pblmax) + s(ptp) + s(tmin2m) + s(jd) + s(v10m) + s(sp) + s(u10m), data = .)      988.9609
gam(log(value) ~ s(pwspeed) + s(pblmax) + s(ptp) + s(tmin2m) + s(jd) + s(v10m) + s(sp) + s(u10m), data = .)     976.7251

Modello migliore: pbl00 - pblmax - ptp - tmin2m - jd - v10m - sp - u10m 

Variabile scelta pbl00 con AIC 965.875599939346  

Modelli BACKWARD 

                                                                                                                  IT0888A
gam(log(value) ~ s(t2m) + s(pblmax) + s(ptp) + s(tmin2m) + s(jd) + s(v10m) + s(sp) + s(pbl00), data = .)         992.4876
gam(log(value) ~ s(tmax2m) + s(pblmax) + s(ptp) + s(tmin2m) + s(jd) + s(v10m) + s(sp) + s(pbl00), data = .)      982.4022
gam(log(value) ~ s(tp) + s(pblmax) + s(ptp) + s(tmin2m) + s(jd) + s(v10m) + s(sp) + s(pbl00), data = .)          981.2526
gam(log(value) ~ s(rh) + s(pblmax) + s(ptp) + s(tmin2m) + s(jd) + s(v10m) + s(sp) + s(pbl00), data = .)          991.5316
gam(log(value) ~ s(nirradiance) + s(pblmax) + s(ptp) + s(tmin2m) + s(jd) + s(v10m) + s(sp) + s(pbl00), data = .) 969.1817
gam(log(value) ~ s(pbl12) + s(pblmax) + s(ptp) + s(tmin2m) + s(jd) + s(v10m) + s(sp) + s(pbl00), data = .)       992.9759
gam(log(value) ~ s(pblmin) + s(pblmax) + s(ptp) + s(tmin2m) + s(jd) + s(v10m) + s(sp) + s(pbl00), data = .)      996.0642
gam(log(value) ~ s(wdir) + s(pblmax) + s(ptp) + s(tmin2m) + s(jd) + s(v10m) + s(sp) + s(pbl00), data = .)        971.2814
gam(log(value) ~ s(wspeed) + s(pblmax) + s(ptp) + s(tmin2m) + s(jd) + s(v10m) + s(sp) + s(pbl00), data = .)      977.9141
gam(log(value) ~ s(pwspeed) + s(pblmax) + s(ptp) + s(tmin2m) + s(jd) + s(v10m) + s(sp) + s(pbl00), data = .)     979.2143

Modello migliore: nirradiance - pblmax - ptp - tmin2m - jd - v10m - sp - pbl00 

Dati backward:  969.181694749749::nirradiance::pblmax::ptp::tmin2m::jd::v10m::sp::pbl00 

Scelgo il modello N 

---------- START ---------- 

                                                                                                                            IT0888A
gam(log(value) ~ s(t2m) + s(pblmax) + s(ptp) + s(tmin2m) + s(jd) + s(v10m) + s(sp) + s(u10m) + s(pbl00), data = .)         960.1677
gam(log(value) ~ s(tmax2m) + s(pblmax) + s(ptp) + s(tmin2m) + s(jd) + s(v10m) + s(sp) + s(u10m) + s(pbl00), data = .)      952.9377
gam(log(value) ~ s(tp) + s(pblmax) + s(ptp) + s(tmin2m) + s(jd) + s(v10m) + s(sp) + s(u10m) + s(pbl00), data = .)          952.0650
gam(log(value) ~ s(rh) + s(pblmax) + s(ptp) + s(tmin2m) + s(jd) + s(v10m) + s(sp) + s(u10m) + s(pbl00), data = .)          960.9743
gam(log(value) ~ s(nirradiance) + s(pblmax) + s(ptp) + s(tmin2m) + s(jd) + s(v10m) + s(sp) + s(u10m) + s(pbl00), data = .) 951.5697
gam(log(value) ~ s(pbl12) + s(pblmax) + s(ptp) + s(tmin2m) + s(jd) + s(v10m) + s(sp) + s(u10m) + s(pbl00), data = .)       963.5262
gam(log(value) ~ s(pblmin) + s(pblmax) + s(ptp) + s(tmin2m) + s(jd) + s(v10m) + s(sp) + s(u10m) + s(pbl00), data = .)      960.6078
gam(log(value) ~ s(wdir) + s(pblmax) + s(ptp) + s(tmin2m) + s(jd) + s(v10m) + s(sp) + s(u10m) + s(pbl00), data = .)        963.7230
gam(log(value) ~ s(wspeed) + s(pblmax) + s(ptp) + s(tmin2m) + s(jd) + s(v10m) + s(sp) + s(u10m) + s(pbl00), data = .)      963.7426
gam(log(value) ~ s(pwspeed) + s(pblmax) + s(ptp) + s(tmin2m) + s(jd) + s(v10m) + s(sp) + s(u10m) + s(pbl00), data = .)     949.8879

Modello migliore: pwspeed - pblmax - ptp - tmin2m - jd - v10m - sp - u10m - pbl00 

Variabile scelta pwspeed con AIC 949.887876917575  

Modelli BACKWARD 

                                                                                                                              IT0888A
gam(log(value) ~ s(t2m) + s(pblmax) + s(ptp) + s(tmin2m) + s(jd) + s(v10m) + s(sp) + s(u10m) + s(pwspeed), data = .)         967.9175
gam(log(value) ~ s(tmax2m) + s(pblmax) + s(ptp) + s(tmin2m) + s(jd) + s(v10m) + s(sp) + s(u10m) + s(pwspeed), data = .)      955.8848
gam(log(value) ~ s(tp) + s(pblmax) + s(ptp) + s(tmin2m) + s(jd) + s(v10m) + s(sp) + s(u10m) + s(pwspeed), data = .)          961.3527
gam(log(value) ~ s(rh) + s(pblmax) + s(ptp) + s(tmin2m) + s(jd) + s(v10m) + s(sp) + s(u10m) + s(pwspeed), data = .)          972.5297
gam(log(value) ~ s(nirradiance) + s(pblmax) + s(ptp) + s(tmin2m) + s(jd) + s(v10m) + s(sp) + s(u10m) + s(pwspeed), data = .) 969.5906
gam(log(value) ~ s(pbl12) + s(pblmax) + s(ptp) + s(tmin2m) + s(jd) + s(v10m) + s(sp) + s(u10m) + s(pwspeed), data = .)       977.2037
gam(log(value) ~ s(pblmin) + s(pblmax) + s(ptp) + s(tmin2m) + s(jd) + s(v10m) + s(sp) + s(u10m) + s(pwspeed), data = .)      952.3502
gam(log(value) ~ s(wdir) + s(pblmax) + s(ptp) + s(tmin2m) + s(jd) + s(v10m) + s(sp) + s(u10m) + s(pwspeed), data = .)        975.2794
gam(log(value) ~ s(wspeed) + s(pblmax) + s(ptp) + s(tmin2m) + s(jd) + s(v10m) + s(sp) + s(u10m) + s(pwspeed), data = .)      974.0730

Modello migliore: pblmin - pblmax - ptp - tmin2m - jd - v10m - sp - u10m - pwspeed 

Dati backward:  952.350171266497::pblmin::pblmax::ptp::tmin2m::jd::v10m::sp::u10m::pwspeed 

Scelgo il modello N 

---------- START ---------- 

                                                                                                                                         IT0888A
gam(log(value) ~ s(t2m) + s(pblmax) + s(ptp) + s(tmin2m) + s(jd) + s(v10m) + s(sp) + s(u10m) + s(pbl00) + s(pwspeed), data = .)         943.7011
gam(log(value) ~ s(tmax2m) + s(pblmax) + s(ptp) + s(tmin2m) + s(jd) + s(v10m) + s(sp) + s(u10m) + s(pbl00) + s(pwspeed), data = .)      935.9819
gam(log(value) ~ s(tp) + s(pblmax) + s(ptp) + s(tmin2m) + s(jd) + s(v10m) + s(sp) + s(u10m) + s(pbl00) + s(pwspeed), data = .)          938.1247
gam(log(value) ~ s(rh) + s(pblmax) + s(ptp) + s(tmin2m) + s(jd) + s(v10m) + s(sp) + s(u10m) + s(pbl00) + s(pwspeed), data = .)          944.2988
gam(log(value) ~ s(nirradiance) + s(pblmax) + s(ptp) + s(tmin2m) + s(jd) + s(v10m) + s(sp) + s(u10m) + s(pbl00) + s(pwspeed), data = .) 939.8975
gam(log(value) ~ s(pbl12) + s(pblmax) + s(ptp) + s(tmin2m) + s(jd) + s(v10m) + s(sp) + s(u10m) + s(pbl00) + s(pwspeed), data = .)       948.8519
gam(log(value) ~ s(pblmin) + s(pblmax) + s(ptp) + s(tmin2m) + s(jd) + s(v10m) + s(sp) + s(u10m) + s(pbl00) + s(pwspeed), data = .)      944.8971
gam(log(value) ~ s(wdir) + s(pblmax) + s(ptp) + s(tmin2m) + s(jd) + s(v10m) + s(sp) + s(u10m) + s(pbl00) + s(pwspeed), data = .)        947.8916
gam(log(value) ~ s(wspeed) + s(pblmax) + s(ptp) + s(tmin2m) + s(jd) + s(v10m) + s(sp) + s(u10m) + s(pbl00) + s(pwspeed), data = .)      949.4073

Modello migliore: tmax2m - pblmax - ptp - tmin2m - jd - v10m - sp - u10m - pbl00 - pwspeed 

Variabile scelta tmax2m con AIC 935.981857293946  

Modelli BACKWARD 

                                                                                                                                        IT0888A
gam(log(value) ~ s(t2m) + s(pblmax) + s(ptp) + s(tmin2m) + s(jd) + s(v10m) + s(sp) + s(u10m) + s(pbl00) + s(tmax2m), data = .)         936.6995
gam(log(value) ~ s(tp) + s(pblmax) + s(ptp) + s(tmin2m) + s(jd) + s(v10m) + s(sp) + s(u10m) + s(pbl00) + s(tmax2m), data = .)          940.8402
gam(log(value) ~ s(rh) + s(pblmax) + s(ptp) + s(tmin2m) + s(jd) + s(v10m) + s(sp) + s(u10m) + s(pbl00) + s(tmax2m), data = .)          938.7073
gam(log(value) ~ s(nirradiance) + s(pblmax) + s(ptp) + s(tmin2m) + s(jd) + s(v10m) + s(sp) + s(u10m) + s(pbl00) + s(tmax2m), data = .) 934.6807
gam(log(value) ~ s(pbl12) + s(pblmax) + s(ptp) + s(tmin2m) + s(jd) + s(v10m) + s(sp) + s(u10m) + s(pbl00) + s(tmax2m), data = .)       950.5579
gam(log(value) ~ s(pblmin) + s(pblmax) + s(ptp) + s(tmin2m) + s(jd) + s(v10m) + s(sp) + s(u10m) + s(pbl00) + s(tmax2m), data = .)      949.1940
gam(log(value) ~ s(wdir) + s(pblmax) + s(ptp) + s(tmin2m) + s(jd) + s(v10m) + s(sp) + s(u10m) + s(pbl00) + s(tmax2m), data = .)        950.3639
gam(log(value) ~ s(wspeed) + s(pblmax) + s(ptp) + s(tmin2m) + s(jd) + s(v10m) + s(sp) + s(u10m) + s(pbl00) + s(tmax2m), data = .)      951.2540

Modello migliore: nirradiance - pblmax - ptp - tmin2m - jd - v10m - sp - u10m - pbl00 - tmax2m 

[1] "Dati backward:  934.680668017913::nirradiance::pblmax::ptp::tmin2m::jd::v10m::sp::u10m::pbl00::tmax2m"

Scelgo il modello N-1 

---------- START ---------- 

                                                                                                                                         IT0888A
gam(log(value) ~ s(t2m) + s(pblmax) + s(ptp) + s(tmin2m) + s(jd) + s(v10m) + s(sp) + s(u10m) + s(pbl00) + s(pwspeed), data = .)         943.7011
gam(log(value) ~ s(tp) + s(pblmax) + s(ptp) + s(tmin2m) + s(jd) + s(v10m) + s(sp) + s(u10m) + s(pbl00) + s(pwspeed), data = .)          938.1247
gam(log(value) ~ s(rh) + s(pblmax) + s(ptp) + s(tmin2m) + s(jd) + s(v10m) + s(sp) + s(u10m) + s(pbl00) + s(pwspeed), data = .)          944.2988
gam(log(value) ~ s(nirradiance) + s(pblmax) + s(ptp) + s(tmin2m) + s(jd) + s(v10m) + s(sp) + s(u10m) + s(pbl00) + s(pwspeed), data = .) 939.8975
gam(log(value) ~ s(pbl12) + s(pblmax) + s(ptp) + s(tmin2m) + s(jd) + s(v10m) + s(sp) + s(u10m) + s(pbl00) + s(pwspeed), data = .)       948.8519
gam(log(value) ~ s(pblmin) + s(pblmax) + s(ptp) + s(tmin2m) + s(jd) + s(v10m) + s(sp) + s(u10m) + s(pbl00) + s(pwspeed), data = .)      944.8971
gam(log(value) ~ s(wdir) + s(pblmax) + s(ptp) + s(tmin2m) + s(jd) + s(v10m) + s(sp) + s(u10m) + s(pbl00) + s(pwspeed), data = .)        947.8916
gam(log(value) ~ s(wspeed) + s(pblmax) + s(ptp) + s(tmin2m) + s(jd) + s(v10m) + s(sp) + s(u10m) + s(pbl00) + s(pwspeed), data = .)      949.4073

Modello migliore: tp - pblmax - ptp - tmin2m - jd - v10m - sp - u10m - pbl00 - pwspeed 

Variabile scelta tp con AIC 938.124701346955  

Fine per scelta MODELLO 

pblmax + ptp + tmin2m + jd + v10m + sp + u10m + pbl00 + pwspeed 

---------------------- 

NOTE: Log Print Time:  2021-05-11 12:35:56 
NOTE: Elapsed Time in seconds: 1.73797872861226 

Fine per scelta MODELLO 

pblmax + ptp + tmin2m + jd + v10m + sp + u10m + pbl00 + pwspeed 

---------------------- 

NOTE: Log Print Time:  2021-05-11 12:35:56 
NOTE: Elapsed Time in seconds: 0.00109529495239258 

Fine per scelta MODELLO 

pblmax + ptp + tmin2m + jd + v10m + sp + u10m + pbl00 + pwspeed 

---------------------- 

NOTE: Log Print Time:  2021-05-11 12:35:56 
NOTE: Elapsed Time in seconds: 0.000980377197265625 

Fine per scelta MODELLO 

pblmax + ptp + tmin2m + jd + v10m + sp + u10m + pbl00 + pwspeed 

---------------------- 

NOTE: Log Print Time:  2021-05-11 12:35:56 
NOTE: Elapsed Time in seconds: 0.000971078872680664 

Fine per scelta MODELLO 

pblmax + ptp + tmin2m + jd + v10m + sp + u10m + pbl00 + pwspeed 

---------------------- 

NOTE: Log Print Time:  2021-05-11 12:35:56 
NOTE: Elapsed Time in seconds: 0.000972270965576172 

Fine per scelta MODELLO 

pblmax + ptp + tmin2m + jd + v10m + sp + u10m + pbl00 + pwspeed 

---------------------- 

NOTE: Log Print Time:  2021-05-11 12:35:56 
NOTE: Elapsed Time in seconds: 0.00101566314697266 

Fine per scelta MODELLO 

pblmax + ptp + tmin2m + jd + v10m + sp + u10m + pbl00 + pwspeed 

---------------------- 

NOTE: Log Print Time:  2021-05-11 12:35:56 
NOTE: Elapsed Time in seconds: 0.000974655151367188 

Fine per scelta MODELLO 

pblmax + ptp + tmin2m + jd + v10m + sp + u10m + pbl00 + pwspeed 

---------------------- 

NOTE: Log Print Time:  2021-05-11 12:35:56 
NOTE: Elapsed Time in seconds: 0.000968456268310547 

Fine per scelta MODELLO 

pblmax + ptp + tmin2m + jd + v10m + sp + u10m + pbl00 + pwspeed 

---------------------- 

NOTE: Log Print Time:  2021-05-11 12:35:56 
NOTE: Elapsed Time in seconds: 0.000968456268310547 

Fine per scelta MODELLO 

pblmax + ptp + tmin2m + jd + v10m + sp + u10m + pbl00 + pwspeed 

---------------------- 

NOTE: Log Print Time:  2021-05-11 12:35:56 
NOTE: Elapsed Time in seconds: 0.000984430313110352 

========================================================================= 
Log End Time: 2021-05-11 12:35:56 
Log Elapsed Time: 0 00:00:01 
========================================================================= 
