========================================================================= 
Log Path: output/12/pm10/log/pulvirus_pm10_12_IT0871A.log 
Working Directory: /home/rmorelli/R/pulvirus/analisi/GAM/scelta 
User Name: rmorelli 
R Version: 4.0.5 (2021-03-31) 
Machine: pasqualino x86_64 
Operating System: Linux 4.19.0-13-amd64 #1 SMP Debian 4.19.160-2 (2020-11-28) 
Log Start Time: 2021-05-11 12:13:46 
========================================================================= 

Stazione: IT0871A 

---------- START ---------- 

                                            IT0871A
gam(log(value) ~ s(t2m), data = .)         1975.966
gam(log(value) ~ s(tmin2m), data = .)      2002.887
gam(log(value) ~ s(tmax2m), data = .)      2088.134
gam(log(value) ~ s(tp), data = .)          2420.033
gam(log(value) ~ s(ptp), data = .)         2269.701
gam(log(value) ~ s(rh), data = .)          2419.459
gam(log(value) ~ s(u10m), data = .)        2389.072
gam(log(value) ~ s(v10m), data = .)        2376.822
gam(log(value) ~ s(sp), data = .)          2163.698
gam(log(value) ~ s(nirradiance), data = .) 2139.261
gam(log(value) ~ s(pbl00), data = .)       2371.705
gam(log(value) ~ s(pbl12), data = .)       1983.797
gam(log(value) ~ s(pblmin), data = .)      2407.519
gam(log(value) ~ s(pblmax), data = .)      2021.220
gam(log(value) ~ s(wdir), data = .)        2365.228
gam(log(value) ~ s(wspeed), data = .)      2441.168
gam(log(value) ~ s(pwspeed), data = .)     2465.476
gam(log(value) ~ s(jd), data = .)          1898.068

Modello migliore: jd 

Variabile scelta jd con AIC 1898.06771371158  

---------- START ---------- 

                                                    IT0871A
gam(log(value) ~ s(t2m) + s(jd), data = .)         1735.457
gam(log(value) ~ s(tmin2m) + s(jd), data = .)      1748.487
gam(log(value) ~ s(tmax2m) + s(jd), data = .)      1777.606
gam(log(value) ~ s(tp) + s(jd), data = .)          1754.795
gam(log(value) ~ s(ptp) + s(jd), data = .)         1509.928
gam(log(value) ~ s(rh) + s(jd), data = .)          1873.432
gam(log(value) ~ s(u10m) + s(jd), data = .)        1882.604
gam(log(value) ~ s(v10m) + s(jd), data = .)        1718.969
gam(log(value) ~ s(sp) + s(jd), data = .)          1691.055
gam(log(value) ~ s(nirradiance) + s(jd), data = .) 1822.776
gam(log(value) ~ s(pbl00) + s(jd), data = .)       1586.119
gam(log(value) ~ s(pbl12) + s(jd), data = .)       1770.905
gam(log(value) ~ s(pblmin) + s(jd), data = .)      1681.620
gam(log(value) ~ s(pblmax) + s(jd), data = .)      1781.200
gam(log(value) ~ s(wdir) + s(jd), data = .)        1882.731
gam(log(value) ~ s(wspeed) + s(jd), data = .)      1757.612
gam(log(value) ~ s(pwspeed) + s(jd), data = .)     1859.541
gam(log(value) ~ s(jd) + s(jd), data = .)          1898.068

Modello migliore: ptp - jd 

Variabile scelta ptp con AIC 1509.92782346371  

Modelli BACKWARD 

                                                     IT0871A
gam(log(value) ~ s(t2m) + s(ptp), data = .)         1616.965
gam(log(value) ~ s(tmin2m) + s(ptp), data = .)      1744.008
gam(log(value) ~ s(tmax2m) + s(ptp), data = .)      1661.483
gam(log(value) ~ s(tp) + s(ptp), data = .)          2268.036
gam(log(value) ~ s(rh) + s(ptp), data = .)          2002.997
gam(log(value) ~ s(u10m) + s(ptp), data = .)        2157.833
gam(log(value) ~ s(v10m) + s(ptp), data = .)        2173.038
gam(log(value) ~ s(sp) + s(ptp), data = .)          2064.509
gam(log(value) ~ s(nirradiance) + s(ptp), data = .) 1713.677
gam(log(value) ~ s(pbl00) + s(ptp), data = .)       2239.016
gam(log(value) ~ s(pbl12) + s(ptp), data = .)       1631.532
gam(log(value) ~ s(pblmin) + s(ptp), data = .)      2246.608
gam(log(value) ~ s(pblmax) + s(ptp), data = .)      1700.525
gam(log(value) ~ s(wdir) + s(ptp), data = .)        2135.524
gam(log(value) ~ s(wspeed) + s(ptp), data = .)      2238.806
gam(log(value) ~ s(pwspeed) + s(ptp), data = .)     2243.974

Modello migliore: t2m - ptp 

Dati backward:  1616.9649851791::t2m::ptp 

Scelgo il modello N 

---------- START ---------- 

                                                             IT0871A
gam(log(value) ~ s(t2m) + s(jd) + s(ptp), data = .)         1389.163
gam(log(value) ~ s(tmin2m) + s(jd) + s(ptp), data = .)      1421.583
gam(log(value) ~ s(tmax2m) + s(jd) + s(ptp), data = .)      1419.037
gam(log(value) ~ s(tp) + s(jd) + s(ptp), data = .)          1489.417
gam(log(value) ~ s(rh) + s(jd) + s(ptp), data = .)          1489.648
gam(log(value) ~ s(u10m) + s(jd) + s(ptp), data = .)        1502.292
gam(log(value) ~ s(v10m) + s(jd) + s(ptp), data = .)        1350.128
gam(log(value) ~ s(sp) + s(jd) + s(ptp), data = .)          1474.490
gam(log(value) ~ s(nirradiance) + s(jd) + s(ptp), data = .) 1455.531
gam(log(value) ~ s(pbl00) + s(jd) + s(ptp), data = .)       1364.716
gam(log(value) ~ s(pbl12) + s(jd) + s(ptp), data = .)       1341.029
gam(log(value) ~ s(pblmin) + s(jd) + s(ptp), data = .)      1392.268
gam(log(value) ~ s(pblmax) + s(jd) + s(ptp), data = .)      1372.572
gam(log(value) ~ s(wdir) + s(jd) + s(ptp), data = .)        1505.400
gam(log(value) ~ s(wspeed) + s(jd) + s(ptp), data = .)      1405.573
gam(log(value) ~ s(pwspeed) + s(jd) + s(ptp), data = .)     1482.789

Modello migliore: pbl12 - jd - ptp 

Variabile scelta pbl12 con AIC 1341.0291842271  

Modelli BACKWARD 

                                                               IT0871A
gam(log(value) ~ s(t2m) + s(jd) + s(pbl12), data = .)         1595.670
gam(log(value) ~ s(tmin2m) + s(jd) + s(pbl12), data = .)      1618.973
gam(log(value) ~ s(tmax2m) + s(jd) + s(pbl12), data = .)      1610.766
gam(log(value) ~ s(tp) + s(jd) + s(pbl12), data = .)          1515.583
gam(log(value) ~ s(rh) + s(jd) + s(pbl12), data = .)          1657.099
gam(log(value) ~ s(u10m) + s(jd) + s(pbl12), data = .)        1757.107
gam(log(value) ~ s(v10m) + s(jd) + s(pbl12), data = .)        1616.613
gam(log(value) ~ s(sp) + s(jd) + s(pbl12), data = .)          1545.388
gam(log(value) ~ s(nirradiance) + s(jd) + s(pbl12), data = .) 1628.492
gam(log(value) ~ s(pbl00) + s(jd) + s(pbl12), data = .)       1455.311
gam(log(value) ~ s(pblmin) + s(jd) + s(pbl12), data = .)      1551.941
gam(log(value) ~ s(pblmax) + s(jd) + s(pbl12), data = .)      1762.989
gam(log(value) ~ s(wdir) + s(jd) + s(pbl12), data = .)        1756.415
gam(log(value) ~ s(wspeed) + s(jd) + s(pbl12), data = .)      1654.567
gam(log(value) ~ s(pwspeed) + s(jd) + s(pbl12), data = .)     1730.877

Modello migliore: pbl00 - jd - pbl12 

Dati backward:  1455.31105502722::pbl00::jd::pbl12 

Scelgo il modello N 

---------- START ---------- 

                                                                        IT0871A
gam(log(value) ~ s(t2m) + s(jd) + s(ptp) + s(pbl12), data = .)         1211.358
gam(log(value) ~ s(tmin2m) + s(jd) + s(ptp) + s(pbl12), data = .)      1244.036
gam(log(value) ~ s(tmax2m) + s(jd) + s(ptp) + s(pbl12), data = .)      1240.114
gam(log(value) ~ s(tp) + s(jd) + s(ptp) + s(pbl12), data = .)          1266.365
gam(log(value) ~ s(rh) + s(jd) + s(ptp) + s(pbl12), data = .)          1331.157
gam(log(value) ~ s(u10m) + s(jd) + s(ptp) + s(pbl12), data = .)        1336.064
gam(log(value) ~ s(v10m) + s(jd) + s(ptp) + s(pbl12), data = .)        1213.794
gam(log(value) ~ s(sp) + s(jd) + s(ptp) + s(pbl12), data = .)          1301.134
gam(log(value) ~ s(nirradiance) + s(jd) + s(ptp) + s(pbl12), data = .) 1301.859
gam(log(value) ~ s(pbl00) + s(jd) + s(ptp) + s(pbl12), data = .)       1202.463
gam(log(value) ~ s(pblmin) + s(jd) + s(ptp) + s(pbl12), data = .)      1224.929
gam(log(value) ~ s(pblmax) + s(jd) + s(ptp) + s(pbl12), data = .)      1339.652
gam(log(value) ~ s(wdir) + s(jd) + s(ptp) + s(pbl12), data = .)        1342.382
gam(log(value) ~ s(wspeed) + s(jd) + s(ptp) + s(pbl12), data = .)      1264.854
gam(log(value) ~ s(pwspeed) + s(jd) + s(ptp) + s(pbl12), data = .)     1315.046

Modello migliore: pbl00 - jd - ptp - pbl12 

Variabile scelta pbl00 con AIC 1202.46311145998  

Modelli BACKWARD 

                                                                        IT0871A
gam(log(value) ~ s(t2m) + s(jd) + s(ptp) + s(pbl00), data = .)         1244.966
gam(log(value) ~ s(tmin2m) + s(jd) + s(ptp) + s(pbl00), data = .)      1286.090
gam(log(value) ~ s(tmax2m) + s(jd) + s(ptp) + s(pbl00), data = .)      1253.498
gam(log(value) ~ s(tp) + s(jd) + s(ptp) + s(pbl00), data = .)          1363.680
gam(log(value) ~ s(rh) + s(jd) + s(ptp) + s(pbl00), data = .)          1331.436
gam(log(value) ~ s(u10m) + s(jd) + s(ptp) + s(pbl00), data = .)        1358.745
gam(log(value) ~ s(v10m) + s(jd) + s(ptp) + s(pbl00), data = .)        1269.556
gam(log(value) ~ s(sp) + s(jd) + s(ptp) + s(pbl00), data = .)          1354.961
gam(log(value) ~ s(nirradiance) + s(jd) + s(ptp) + s(pbl00), data = .) 1276.832
gam(log(value) ~ s(pblmin) + s(jd) + s(ptp) + s(pbl00), data = .)      1342.982
gam(log(value) ~ s(pblmax) + s(jd) + s(ptp) + s(pbl00), data = .)      1234.773
gam(log(value) ~ s(wdir) + s(jd) + s(ptp) + s(pbl00), data = .)        1350.799
gam(log(value) ~ s(wspeed) + s(jd) + s(ptp) + s(pbl00), data = .)      1323.548
gam(log(value) ~ s(pwspeed) + s(jd) + s(ptp) + s(pbl00), data = .)     1356.813

Modello migliore: pblmax - jd - ptp - pbl00 

Dati backward:  1234.77273897623::pblmax::jd::ptp::pbl00 

Scelgo il modello N 

---------- START ---------- 

                                                                                   IT0871A
gam(log(value) ~ s(t2m) + s(jd) + s(ptp) + s(pbl12) + s(pbl00), data = .)         1076.549
gam(log(value) ~ s(tmin2m) + s(jd) + s(ptp) + s(pbl12) + s(pbl00), data = .)      1119.334
gam(log(value) ~ s(tmax2m) + s(jd) + s(ptp) + s(pbl12) + s(pbl00), data = .)      1092.689
gam(log(value) ~ s(tp) + s(jd) + s(ptp) + s(pbl12) + s(pbl00), data = .)          1169.830
gam(log(value) ~ s(rh) + s(jd) + s(ptp) + s(pbl12) + s(pbl00), data = .)          1188.537
gam(log(value) ~ s(u10m) + s(jd) + s(ptp) + s(pbl12) + s(pbl00), data = .)        1201.844
gam(log(value) ~ s(v10m) + s(jd) + s(ptp) + s(pbl12) + s(pbl00), data = .)        1127.067
gam(log(value) ~ s(sp) + s(jd) + s(ptp) + s(pbl12) + s(pbl00), data = .)          1191.181
gam(log(value) ~ s(nirradiance) + s(jd) + s(ptp) + s(pbl12) + s(pbl00), data = .) 1174.132
gam(log(value) ~ s(pblmin) + s(jd) + s(ptp) + s(pbl12) + s(pbl00), data = .)      1177.281
gam(log(value) ~ s(pblmax) + s(jd) + s(ptp) + s(pbl12) + s(pbl00), data = .)      1202.425
gam(log(value) ~ s(wdir) + s(jd) + s(ptp) + s(pbl12) + s(pbl00), data = .)        1198.264
gam(log(value) ~ s(wspeed) + s(jd) + s(ptp) + s(pbl12) + s(pbl00), data = .)      1180.598
gam(log(value) ~ s(pwspeed) + s(jd) + s(ptp) + s(pbl12) + s(pbl00), data = .)     1196.161

Modello migliore: t2m - jd - ptp - pbl12 - pbl00 

Variabile scelta t2m con AIC 1076.54870850976  

Modelli BACKWARD 

                                                                                 IT0871A
gam(log(value) ~ s(tmin2m) + s(jd) + s(ptp) + s(pbl12) + s(t2m), data = .)      1181.544
gam(log(value) ~ s(tmax2m) + s(jd) + s(ptp) + s(pbl12) + s(t2m), data = .)      1165.769
gam(log(value) ~ s(tp) + s(jd) + s(ptp) + s(pbl12) + s(t2m), data = .)          1145.992
gam(log(value) ~ s(rh) + s(jd) + s(ptp) + s(pbl12) + s(t2m), data = .)          1207.308
gam(log(value) ~ s(u10m) + s(jd) + s(ptp) + s(pbl12) + s(t2m), data = .)        1196.061
gam(log(value) ~ s(v10m) + s(jd) + s(ptp) + s(pbl12) + s(t2m), data = .)        1051.943
gam(log(value) ~ s(sp) + s(jd) + s(ptp) + s(pbl12) + s(t2m), data = .)          1154.475
gam(log(value) ~ s(nirradiance) + s(jd) + s(ptp) + s(pbl12) + s(t2m), data = .) 1195.746
gam(log(value) ~ s(pblmin) + s(jd) + s(ptp) + s(pbl12) + s(t2m), data = .)      1105.489
gam(log(value) ~ s(pblmax) + s(jd) + s(ptp) + s(pbl12) + s(t2m), data = .)      1202.760
gam(log(value) ~ s(wdir) + s(jd) + s(ptp) + s(pbl12) + s(t2m), data = .)        1205.349
gam(log(value) ~ s(wspeed) + s(jd) + s(ptp) + s(pbl12) + s(t2m), data = .)      1137.458
gam(log(value) ~ s(pwspeed) + s(jd) + s(ptp) + s(pbl12) + s(t2m), data = .)     1190.162

Modello migliore: v10m - jd - ptp - pbl12 - t2m 

Dati backward:  1051.94315652635::v10m::jd::ptp::pbl12::t2m 

Scelgo il modello N 

---------- START ---------- 

                                                                                            IT0871A
gam(log(value) ~ s(tmin2m) + s(jd) + s(ptp) + s(pbl12) + s(pbl00) + s(t2m), data = .)      1074.232
gam(log(value) ~ s(tmax2m) + s(jd) + s(ptp) + s(pbl12) + s(pbl00) + s(t2m), data = .)      1061.600
gam(log(value) ~ s(tp) + s(jd) + s(ptp) + s(pbl12) + s(pbl00) + s(t2m), data = .)          1048.345
gam(log(value) ~ s(rh) + s(jd) + s(ptp) + s(pbl12) + s(pbl00) + s(t2m), data = .)          1081.788
gam(log(value) ~ s(u10m) + s(jd) + s(ptp) + s(pbl12) + s(pbl00) + s(t2m), data = .)        1063.180
gam(log(value) ~ s(v10m) + s(jd) + s(ptp) + s(pbl12) + s(pbl00) + s(t2m), data = .)         975.044
gam(log(value) ~ s(sp) + s(jd) + s(ptp) + s(pbl12) + s(pbl00) + s(t2m), data = .)          1051.102
gam(log(value) ~ s(nirradiance) + s(jd) + s(ptp) + s(pbl12) + s(pbl00) + s(t2m), data = .) 1070.257
gam(log(value) ~ s(pblmin) + s(jd) + s(ptp) + s(pbl12) + s(pbl00) + s(t2m), data = .)      1052.291
gam(log(value) ~ s(pblmax) + s(jd) + s(ptp) + s(pbl12) + s(pbl00) + s(t2m), data = .)      1070.476
gam(log(value) ~ s(wdir) + s(jd) + s(ptp) + s(pbl12) + s(pbl00) + s(t2m), data = .)        1065.433
gam(log(value) ~ s(wspeed) + s(jd) + s(ptp) + s(pbl12) + s(pbl00) + s(t2m), data = .)      1053.350
gam(log(value) ~ s(pwspeed) + s(jd) + s(ptp) + s(pbl12) + s(pbl00) + s(t2m), data = .)     1075.519

Modello migliore: v10m - jd - ptp - pbl12 - pbl00 - t2m 

Variabile scelta v10m con AIC 975.04399076884  

Modelli BACKWARD 

                                                                                             IT0871A
gam(log(value) ~ s(tmin2m) + s(jd) + s(ptp) + s(pbl12) + s(pbl00) + s(v10m), data = .)      1009.712
gam(log(value) ~ s(tmax2m) + s(jd) + s(ptp) + s(pbl12) + s(pbl00) + s(v10m), data = .)      1005.078
gam(log(value) ~ s(tp) + s(jd) + s(ptp) + s(pbl12) + s(pbl00) + s(v10m), data = .)          1052.691
gam(log(value) ~ s(rh) + s(jd) + s(ptp) + s(pbl12) + s(pbl00) + s(v10m), data = .)          1103.453
gam(log(value) ~ s(u10m) + s(jd) + s(ptp) + s(pbl12) + s(pbl00) + s(v10m), data = .)        1119.726
gam(log(value) ~ s(sp) + s(jd) + s(ptp) + s(pbl12) + s(pbl00) + s(v10m), data = .)          1108.142
gam(log(value) ~ s(nirradiance) + s(jd) + s(ptp) + s(pbl12) + s(pbl00) + s(v10m), data = .) 1092.567
gam(log(value) ~ s(pblmin) + s(jd) + s(ptp) + s(pbl12) + s(pbl00) + s(v10m), data = .)      1116.379
gam(log(value) ~ s(pblmax) + s(jd) + s(ptp) + s(pbl12) + s(pbl00) + s(v10m), data = .)      1127.916
gam(log(value) ~ s(wdir) + s(jd) + s(ptp) + s(pbl12) + s(pbl00) + s(v10m), data = .)        1118.737
gam(log(value) ~ s(wspeed) + s(jd) + s(ptp) + s(pbl12) + s(pbl00) + s(v10m), data = .)      1121.351
gam(log(value) ~ s(pwspeed) + s(jd) + s(ptp) + s(pbl12) + s(pbl00) + s(v10m), data = .)     1123.035

Modello migliore: tmax2m - jd - ptp - pbl12 - pbl00 - v10m 

Dati backward:  1005.07760287742::tmax2m::jd::ptp::pbl12::pbl00::v10m 

Scelgo il modello N 

---------- START ---------- 

                                                                                                      IT0871A
gam(log(value) ~ s(tmin2m) + s(jd) + s(ptp) + s(pbl12) + s(pbl00) + s(t2m) + s(v10m), data = .)      969.1915
gam(log(value) ~ s(tmax2m) + s(jd) + s(ptp) + s(pbl12) + s(pbl00) + s(t2m) + s(v10m), data = .)      923.9451
gam(log(value) ~ s(tp) + s(jd) + s(ptp) + s(pbl12) + s(pbl00) + s(t2m) + s(v10m), data = .)          909.2258
gam(log(value) ~ s(rh) + s(jd) + s(ptp) + s(pbl12) + s(pbl00) + s(t2m) + s(v10m), data = .)          974.3415
gam(log(value) ~ s(u10m) + s(jd) + s(ptp) + s(pbl12) + s(pbl00) + s(t2m) + s(v10m), data = .)        945.8604
gam(log(value) ~ s(sp) + s(jd) + s(ptp) + s(pbl12) + s(pbl00) + s(t2m) + s(v10m), data = .)          932.2773
gam(log(value) ~ s(nirradiance) + s(jd) + s(ptp) + s(pbl12) + s(pbl00) + s(t2m) + s(v10m), data = .) 966.5974
gam(log(value) ~ s(pblmin) + s(jd) + s(ptp) + s(pbl12) + s(pbl00) + s(t2m) + s(v10m), data = .)      970.7946
gam(log(value) ~ s(pblmax) + s(jd) + s(ptp) + s(pbl12) + s(pbl00) + s(t2m) + s(v10m), data = .)      971.2235
gam(log(value) ~ s(wdir) + s(jd) + s(ptp) + s(pbl12) + s(pbl00) + s(t2m) + s(v10m), data = .)        951.3285
gam(log(value) ~ s(wspeed) + s(jd) + s(ptp) + s(pbl12) + s(pbl00) + s(t2m) + s(v10m), data = .)      966.9157
gam(log(value) ~ s(pwspeed) + s(jd) + s(ptp) + s(pbl12) + s(pbl00) + s(t2m) + s(v10m), data = .)     975.8101

Modello migliore: tp - jd - ptp - pbl12 - pbl00 - t2m - v10m 

Variabile scelta tp con AIC 909.225759169278  

Modelli BACKWARD 

                                                                                                    IT0871A
gam(log(value) ~ s(tmin2m) + s(jd) + s(ptp) + s(pbl12) + s(pbl00) + s(t2m) + s(tp), data = .)      1050.351
gam(log(value) ~ s(tmax2m) + s(jd) + s(ptp) + s(pbl12) + s(pbl00) + s(t2m) + s(tp), data = .)      1038.102
gam(log(value) ~ s(rh) + s(jd) + s(ptp) + s(pbl12) + s(pbl00) + s(t2m) + s(tp), data = .)          1029.980
gam(log(value) ~ s(u10m) + s(jd) + s(ptp) + s(pbl12) + s(pbl00) + s(t2m) + s(tp), data = .)        1032.955
gam(log(value) ~ s(sp) + s(jd) + s(ptp) + s(pbl12) + s(pbl00) + s(t2m) + s(tp), data = .)          1038.243
gam(log(value) ~ s(nirradiance) + s(jd) + s(ptp) + s(pbl12) + s(pbl00) + s(t2m) + s(tp), data = .) 1032.451
gam(log(value) ~ s(pblmin) + s(jd) + s(ptp) + s(pbl12) + s(pbl00) + s(t2m) + s(tp), data = .)      1033.574
gam(log(value) ~ s(pblmax) + s(jd) + s(ptp) + s(pbl12) + s(pbl00) + s(t2m) + s(tp), data = .)      1041.152
gam(log(value) ~ s(wdir) + s(jd) + s(ptp) + s(pbl12) + s(pbl00) + s(t2m) + s(tp), data = .)        1023.453
gam(log(value) ~ s(wspeed) + s(jd) + s(ptp) + s(pbl12) + s(pbl00) + s(t2m) + s(tp), data = .)      1028.865
gam(log(value) ~ s(pwspeed) + s(jd) + s(ptp) + s(pbl12) + s(pbl00) + s(t2m) + s(tp), data = .)     1043.100

Modello migliore: wdir - jd - ptp - pbl12 - pbl00 - t2m - tp 

Dati backward:  1023.45293423233::wdir::jd::ptp::pbl12::pbl00::t2m::tp 

Scelgo il modello N 

---------- START ---------- 

                                                                                                              IT0871A
gam(log(value) ~ s(tmin2m) + s(jd) + s(ptp) + s(pbl12) + s(pbl00) + s(t2m) + s(v10m) + s(tp), data = .)      911.1454
gam(log(value) ~ s(tmax2m) + s(jd) + s(ptp) + s(pbl12) + s(pbl00) + s(t2m) + s(v10m) + s(tp), data = .)      883.3600
gam(log(value) ~ s(rh) + s(jd) + s(ptp) + s(pbl12) + s(pbl00) + s(t2m) + s(v10m) + s(tp), data = .)          907.9782
gam(log(value) ~ s(u10m) + s(jd) + s(ptp) + s(pbl12) + s(pbl00) + s(t2m) + s(v10m) + s(tp), data = .)        873.5528
gam(log(value) ~ s(sp) + s(jd) + s(ptp) + s(pbl12) + s(pbl00) + s(t2m) + s(v10m) + s(tp), data = .)          891.3477
gam(log(value) ~ s(nirradiance) + s(jd) + s(ptp) + s(pbl12) + s(pbl00) + s(t2m) + s(v10m) + s(tp), data = .) 900.0937
gam(log(value) ~ s(pblmin) + s(jd) + s(ptp) + s(pbl12) + s(pbl00) + s(t2m) + s(v10m) + s(tp), data = .)      910.3743
gam(log(value) ~ s(pblmax) + s(jd) + s(ptp) + s(pbl12) + s(pbl00) + s(t2m) + s(v10m) + s(tp), data = .)      906.7674
gam(log(value) ~ s(wdir) + s(jd) + s(ptp) + s(pbl12) + s(pbl00) + s(t2m) + s(v10m) + s(tp), data = .)        881.7213
gam(log(value) ~ s(wspeed) + s(jd) + s(ptp) + s(pbl12) + s(pbl00) + s(t2m) + s(v10m) + s(tp), data = .)      898.9236
gam(log(value) ~ s(pwspeed) + s(jd) + s(ptp) + s(pbl12) + s(pbl00) + s(t2m) + s(v10m) + s(tp), data = .)     909.6679

Modello migliore: u10m - jd - ptp - pbl12 - pbl00 - t2m - v10m - tp 

Variabile scelta u10m con AIC 873.55279676474  

Modelli BACKWARD 

                                                                                                                IT0871A
gam(log(value) ~ s(tmin2m) + s(jd) + s(ptp) + s(pbl12) + s(pbl00) + s(t2m) + s(v10m) + s(u10m), data = .)      940.6478
gam(log(value) ~ s(tmax2m) + s(jd) + s(ptp) + s(pbl12) + s(pbl00) + s(t2m) + s(v10m) + s(u10m), data = .)      893.0035
gam(log(value) ~ s(rh) + s(jd) + s(ptp) + s(pbl12) + s(pbl00) + s(t2m) + s(v10m) + s(u10m), data = .)          946.7360
gam(log(value) ~ s(sp) + s(jd) + s(ptp) + s(pbl12) + s(pbl00) + s(t2m) + s(v10m) + s(u10m), data = .)          900.7753
gam(log(value) ~ s(nirradiance) + s(jd) + s(ptp) + s(pbl12) + s(pbl00) + s(t2m) + s(v10m) + s(u10m), data = .) 933.0772
gam(log(value) ~ s(pblmin) + s(jd) + s(ptp) + s(pbl12) + s(pbl00) + s(t2m) + s(v10m) + s(u10m), data = .)      919.4834
gam(log(value) ~ s(pblmax) + s(jd) + s(ptp) + s(pbl12) + s(pbl00) + s(t2m) + s(v10m) + s(u10m), data = .)      943.5725
gam(log(value) ~ s(wdir) + s(jd) + s(ptp) + s(pbl12) + s(pbl00) + s(t2m) + s(v10m) + s(u10m), data = .)        943.7752
gam(log(value) ~ s(wspeed) + s(jd) + s(ptp) + s(pbl12) + s(pbl00) + s(t2m) + s(v10m) + s(u10m), data = .)      943.0542
gam(log(value) ~ s(pwspeed) + s(jd) + s(ptp) + s(pbl12) + s(pbl00) + s(t2m) + s(v10m) + s(u10m), data = .)     945.7364

Modello migliore: tmax2m - jd - ptp - pbl12 - pbl00 - t2m - v10m - u10m 

Dati backward:  893.003496461945::tmax2m::jd::ptp::pbl12::pbl00::t2m::v10m::u10m 

Scelgo il modello N 

---------- START ---------- 

                                                                                                                        IT0871A
gam(log(value) ~ s(tmin2m) + s(jd) + s(ptp) + s(pbl12) + s(pbl00) + s(t2m) + s(v10m) + s(tp) + s(u10m), data = .)      875.6878
gam(log(value) ~ s(tmax2m) + s(jd) + s(ptp) + s(pbl12) + s(pbl00) + s(t2m) + s(v10m) + s(tp) + s(u10m), data = .)      847.3023
gam(log(value) ~ s(rh) + s(jd) + s(ptp) + s(pbl12) + s(pbl00) + s(t2m) + s(v10m) + s(tp) + s(u10m), data = .)          868.0159
gam(log(value) ~ s(sp) + s(jd) + s(ptp) + s(pbl12) + s(pbl00) + s(t2m) + s(v10m) + s(tp) + s(u10m), data = .)          854.7619
gam(log(value) ~ s(nirradiance) + s(jd) + s(ptp) + s(pbl12) + s(pbl00) + s(t2m) + s(v10m) + s(tp) + s(u10m), data = .) 868.5562
gam(log(value) ~ s(pblmin) + s(jd) + s(ptp) + s(pbl12) + s(pbl00) + s(t2m) + s(v10m) + s(tp) + s(u10m), data = .)      864.1239
gam(log(value) ~ s(pblmax) + s(jd) + s(ptp) + s(pbl12) + s(pbl00) + s(t2m) + s(v10m) + s(tp) + s(u10m), data = .)      872.8949
gam(log(value) ~ s(wdir) + s(jd) + s(ptp) + s(pbl12) + s(pbl00) + s(t2m) + s(v10m) + s(tp) + s(u10m), data = .)        871.4230
gam(log(value) ~ s(wspeed) + s(jd) + s(ptp) + s(pbl12) + s(pbl00) + s(t2m) + s(v10m) + s(tp) + s(u10m), data = .)      872.8120
gam(log(value) ~ s(pwspeed) + s(jd) + s(ptp) + s(pbl12) + s(pbl00) + s(t2m) + s(v10m) + s(tp) + s(u10m), data = .)     873.1266

Modello migliore: tmax2m - jd - ptp - pbl12 - pbl00 - t2m - v10m - tp - u10m 

Variabile scelta tmax2m con AIC 847.30226377747  

Modelli BACKWARD 

                                                                                                                          IT0871A
gam(log(value) ~ s(tmin2m) + s(jd) + s(ptp) + s(pbl12) + s(pbl00) + s(t2m) + s(v10m) + s(tp) + s(tmax2m), data = .)      880.6757
gam(log(value) ~ s(rh) + s(jd) + s(ptp) + s(pbl12) + s(pbl00) + s(t2m) + s(v10m) + s(tp) + s(tmax2m), data = .)          868.7521
gam(log(value) ~ s(sp) + s(jd) + s(ptp) + s(pbl12) + s(pbl00) + s(t2m) + s(v10m) + s(tp) + s(tmax2m), data = .)          870.1092
gam(log(value) ~ s(nirradiance) + s(jd) + s(ptp) + s(pbl12) + s(pbl00) + s(t2m) + s(v10m) + s(tp) + s(tmax2m), data = .) 841.2450
gam(log(value) ~ s(pblmin) + s(jd) + s(ptp) + s(pbl12) + s(pbl00) + s(t2m) + s(v10m) + s(tp) + s(tmax2m), data = .)      885.1549
gam(log(value) ~ s(pblmax) + s(jd) + s(ptp) + s(pbl12) + s(pbl00) + s(t2m) + s(v10m) + s(tp) + s(tmax2m), data = .)      879.3022
gam(log(value) ~ s(wdir) + s(jd) + s(ptp) + s(pbl12) + s(pbl00) + s(t2m) + s(v10m) + s(tp) + s(tmax2m), data = .)        859.0864
gam(log(value) ~ s(wspeed) + s(jd) + s(ptp) + s(pbl12) + s(pbl00) + s(t2m) + s(v10m) + s(tp) + s(tmax2m), data = .)      869.4018
gam(log(value) ~ s(pwspeed) + s(jd) + s(ptp) + s(pbl12) + s(pbl00) + s(t2m) + s(v10m) + s(tp) + s(tmax2m), data = .)     882.7401

Modello migliore: nirradiance - jd - ptp - pbl12 - pbl00 - t2m - v10m - tp - tmax2m 

Dati backward:  841.244978296743::nirradiance::jd::ptp::pbl12::pbl00::t2m::v10m::tp::tmax2m 

Scelgo il modello N-1 

---------- START ---------- 

                                                                                                                        IT0871A
gam(log(value) ~ s(tmin2m) + s(jd) + s(ptp) + s(pbl12) + s(pbl00) + s(t2m) + s(v10m) + s(tp) + s(u10m), data = .)      875.6878
gam(log(value) ~ s(rh) + s(jd) + s(ptp) + s(pbl12) + s(pbl00) + s(t2m) + s(v10m) + s(tp) + s(u10m), data = .)          868.0159
gam(log(value) ~ s(sp) + s(jd) + s(ptp) + s(pbl12) + s(pbl00) + s(t2m) + s(v10m) + s(tp) + s(u10m), data = .)          854.7619
gam(log(value) ~ s(nirradiance) + s(jd) + s(ptp) + s(pbl12) + s(pbl00) + s(t2m) + s(v10m) + s(tp) + s(u10m), data = .) 868.5562
gam(log(value) ~ s(pblmin) + s(jd) + s(ptp) + s(pbl12) + s(pbl00) + s(t2m) + s(v10m) + s(tp) + s(u10m), data = .)      864.1239
gam(log(value) ~ s(pblmax) + s(jd) + s(ptp) + s(pbl12) + s(pbl00) + s(t2m) + s(v10m) + s(tp) + s(u10m), data = .)      872.8949
gam(log(value) ~ s(wdir) + s(jd) + s(ptp) + s(pbl12) + s(pbl00) + s(t2m) + s(v10m) + s(tp) + s(u10m), data = .)        871.4230
gam(log(value) ~ s(wspeed) + s(jd) + s(ptp) + s(pbl12) + s(pbl00) + s(t2m) + s(v10m) + s(tp) + s(u10m), data = .)      872.8120
gam(log(value) ~ s(pwspeed) + s(jd) + s(ptp) + s(pbl12) + s(pbl00) + s(t2m) + s(v10m) + s(tp) + s(u10m), data = .)     873.1266

Modello migliore: sp - jd - ptp - pbl12 - pbl00 - t2m - v10m - tp - u10m 

Variabile scelta sp con AIC 854.76190993263  

Fine per scelta MODELLO 

jd + ptp + pbl12 + pbl00 + t2m + v10m + tp + u10m 

---------------------- 

NOTE: Log Print Time:  2021-05-11 12:15:36 
NOTE: Elapsed Time in seconds: 1.82707334359487 

Fine per scelta MODELLO 

jd + ptp + pbl12 + pbl00 + t2m + v10m + tp + u10m 

---------------------- 

NOTE: Log Print Time:  2021-05-11 12:15:36 
NOTE: Elapsed Time in seconds: 0.00109314918518066 

Fine per scelta MODELLO 

jd + ptp + pbl12 + pbl00 + t2m + v10m + tp + u10m 

---------------------- 

NOTE: Log Print Time:  2021-05-11 12:15:36 
NOTE: Elapsed Time in seconds: 0.000993967056274414 

Fine per scelta MODELLO 

jd + ptp + pbl12 + pbl00 + t2m + v10m + tp + u10m 

---------------------- 

NOTE: Log Print Time:  2021-05-11 12:15:36 
NOTE: Elapsed Time in seconds: 0.000993013381958008 

Fine per scelta MODELLO 

jd + ptp + pbl12 + pbl00 + t2m + v10m + tp + u10m 

---------------------- 

NOTE: Log Print Time:  2021-05-11 12:15:36 
NOTE: Elapsed Time in seconds: 0.00101113319396973 

Fine per scelta MODELLO 

jd + ptp + pbl12 + pbl00 + t2m + v10m + tp + u10m 

---------------------- 

NOTE: Log Print Time:  2021-05-11 12:15:36 
NOTE: Elapsed Time in seconds: 0.000989913940429688 

Fine per scelta MODELLO 

jd + ptp + pbl12 + pbl00 + t2m + v10m + tp + u10m 

---------------------- 

NOTE: Log Print Time:  2021-05-11 12:15:36 
NOTE: Elapsed Time in seconds: 0.000992536544799805 

Fine per scelta MODELLO 

jd + ptp + pbl12 + pbl00 + t2m + v10m + tp + u10m 

---------------------- 

NOTE: Log Print Time:  2021-05-11 12:15:36 
NOTE: Elapsed Time in seconds: 0.000990629196166992 

Fine per scelta MODELLO 

jd + ptp + pbl12 + pbl00 + t2m + v10m + tp + u10m 

---------------------- 

NOTE: Log Print Time:  2021-05-11 12:15:36 
NOTE: Elapsed Time in seconds: 0.00103473663330078 

========================================================================= 
Log End Time: 2021-05-11 12:15:36 
Log Elapsed Time: 0 00:00:01 
========================================================================= 
